Не обработано: RocketRcon v2.4.8.0
RocketRcon v2.4.8.0

Client has executed command "players"

TimerTerminateCommand.Enabled with Players:
Players:
PlayerID: 76561198176817369 Name: ?. Character: GlodiS Ping: 62
PlayerID: 76561198390364391 Name: glowinski Character: kamil;] Ping: 195
PlayerID: 76561198366549870 Name: Expert13372284200 Character: Expert1337 Ping: 125
PlayerID: 76561198158686943 Name: Billy? Character: [NEO]Billy? Ping: 281
PlayerID: 76561198123982483 Name: Mr. Noizy Character: mslvn Ping: 62
PlayerID: 76561198327628144 Name: Planeset 25 Character: Planeset 25 Ping: 31
PlayerID: 76561198371041527 Name: ¦_s1mple_¦ Character: miguelhormat Ping: 31
PlayerID: 76561198295801599 Name: Lo[x] Character: Lo[x] Ping: 46
PlayerID: 76561198314638573 Name: UDODMEN Character: udodmen Ping: 62
PlayerID: 76561198129912569 Name: Hanzo Character: Wasted Ping: 39
PlayerID: 76561198157563744 Name: Jason Voorhees Character: Jason Voorhees Ping: 70
PlayerID: 76561198198481426 Name: JasonVH Character: JasonVH Ping: 62

TimerTerminateCommand.Enabled with Players:
Client has executed command "bans"

END with Players:
TimerTerminateCommand.Enabled with Bans:
Bans:
PlayerID: 123123
JudgeID: 0
Reason: unspecified Duration: 31536000 Remaining: 31362930
PlayerID: 123
JudgeID: 0
Reason: durila Duration: 4000 Remaining: 4294798724
PlayerID: 76561198274427357
JudgeID: 0
Reason: you were vote kicked Duration: 180 Remaining: 4294827097

END with Bans:
Client has executed command "players"

TimerTerminateCommand.Enabled with Players:
Players:
PlayerID: 76561198176817369 Name: ?. Character: GlodiS Ping: 62
PlayerID: 76561198390364391 Name: glowinski Character: kamil;] Ping: 195
PlayerID: 76561198366549870 Name: Expert13372284200 Character: Expert1337 Ping: 125
PlayerID: 76561198158686943 Name: Billy? Character: [NEO]Billy? Ping: 304
PlayerID: 76561198123982483 Name: Mr. Noizy Character: mslvn Ping: 54
PlayerID: 76561198327628144 Name: Planeset 25 Character: Planeset 25 Ping: 31
PlayerID: 76561198371041527 Name: ¦_s1mple_¦ Character: miguelhormat Ping: 39
PlayerID: 76561198295801599 Name: Lo[x] Character: Lo[x] Ping: 62
PlayerID: 76561198314638573 Name: UDODMEN Character: udodmen Ping: 78
PlayerID: 76561198129912569 Name: Hanzo Character: Wasted Ping: 39
PlayerID: 76561198157563744 Name: Jason Voorhees Character: Jason Voorhees Ping: 70
PlayerID: 76561198198481426 Name: JasonVH Character: JasonVH Ping: 109

TimerTerminateCommand.Enabled with Players:
[World] miguelhormat [¦_s1mple_¦]: "команда не найдена"

END with Players:
Client has executed command "players"

TimerTerminateCommand.Enabled with Players:
Players:
PlayerID: 76561198176817369 Name: ?. Character: GlodiS Ping: 70
PlayerID: 76561198390364391 Name: glowinski Character: kamil;] Ping: 140
PlayerID: 76561198366549870 Name: Expert13372284200 Character: Expert1337 Ping: 125
PlayerID: 76561198158686943 Name: Billy? Character: [NEO]Billy? Ping: 289
PlayerID: 76561198123982483 Name: Mr. Noizy Character: mslvn Ping: 46
PlayerID: 76561198327628144 Name: Planeset 25 Character: Planeset 25 Ping: 31
PlayerID: 76561198371041527 Name: ¦_s1mple_¦ Character: miguelhormat Ping: 31
PlayerID: 76561198295801599 Name: Lo[x] Character: Lo[x] Ping: 46
PlayerID: 76561198314638573 Name: UDODMEN Character: udodmen Ping: 70
PlayerID: 76561198129912569 Name: Hanzo Character: Wasted Ping: 31
PlayerID: 76561198157563744 Name: Jason Voorhees Character: Jason Voorhees Ping: 62
PlayerID: 76561198198481426 Name: JasonVH Character: JasonVH Ping: 85

END with Players:
[World] mslvn [Mr. Noizy]: "за что"

[World] miguelhormat [¦_s1mple_¦]: "у нас англичанин у дома бегает и ломает"

Client has executed command "players"

TimerTerminateCommand.Enabled with Players:
Players:
PlayerID: 76561198176817369 Name: ?. Character: GlodiS Ping: 62
PlayerID: 76561198390364391 Name: glowinski Character: kamil;] Ping: 187
PlayerID: 76561198366549870 Name: Expert13372284200 Character: Expert1337 Ping: 148
PlayerID: 76561198158686943 Name: Billy? Character: [NEO]Billy? Ping: 343
PlayerID: 76561198123982483 Name: Mr. Noizy Character: mslvn Ping: 31
PlayerID: 76561198327628144 Name: Planeset 25 Character: Planeset 25 Ping: 31
PlayerID: 76561198371041527 Name: ¦_s1mple_¦ Character: miguelhormat Ping: 31
PlayerID: 76561198295801599 Name: Lo[x] Character: Lo[x] Ping: 62
PlayerID: 76561198314638573 Name: UDODMEN Character: udodmen Ping: 70
PlayerID: 76561198129912569 Name: Hanzo Character: Wasted Ping: 31
PlayerID: 76561198157563744 Name: Jason Voorhees Character: Jason Voorhees Ping: 78
PlayerID: 76561198198481426 Name: JasonVH Character: JasonVH Ping: 78

END with Players:
[World] Expert1337 [Expert13372284200]: "vfibye ckjvfk"

[World] Expert1337 [Expert13372284200]: "машину сломал"

[World] mslvn [Mr. Noizy]: "репорт"

Client has executed command "players"

TimerTerminateCommand.Enabled with Players:
Players:
PlayerID: 76561198176817369 Name: ?. Character: GlodiS Ping: 62
PlayerID: 76561198390364391 Name: glowinski Character: kamil;] Ping: 148
PlayerID: 76561198366549870 Name: Expert13372284200 Character: Expert1337 Ping: 132
PlayerID: 76561198158686943 Name: Billy? Character: [NEO]Billy? Ping: 304
PlayerID: 76561198123982483 Name: Mr. Noizy Character: mslvn Ping: 62
PlayerID: 76561198327628144 Name: Planeset 25 Character: Planeset 25 Ping: 23
PlayerID: 76561198371041527 Name: ¦_s1mple_¦ Character: miguelhormat Ping: 31
PlayerID: 76561198295801599 Name: Lo[x] Character: Lo[x] Ping: 46
PlayerID: 76561198314638573 Name: UDODMEN Character: udodmen Ping: 70
PlayerID: 76561198129912569 Name: Hanzo Character: Wasted Ping: 31
PlayerID: 76561198157563744 Name: Jason Voorhees Character: Jason Voorhees Ping: 70
PlayerID: 76561198198481426 Name: JasonVH Character: JasonVH Ping: 93

TimerTerminateCommand.Enabled with Players:
[World] Expert1337 [Expert13372284200]: "как"

END with Players:
Не обработано: MessageAnnouncer >> Broadcast: Наберите /rules (/r) для просмотра правил
MessageAnnouncer >> Broadcast: Наберите /rules (/r) для просмотра правил

Не обработано: MessageAnnouncer >> Наберите /rules (/r) для просмотра правил
MessageAnnouncer >> Наберите /rules (/r) для просмотра правил

[World] Expert1337 [Expert13372284200]: "напиши на него"

[World] Expert1337 [Expert13372284200]: "2 машина уже"

TimerTerminateCommand.Enabled with Players:
Client has executed command "players"
Players:
PlayerID: 76561198176817369 Name: ?. Character: GlodiS Ping: 70
PlayerID: 76561198390364391 Name: glowinski Character: kamil;] Ping: 226
PlayerID: 76561198366549870 Name: Expert13372284200 Character: Expert1337 Ping: 148
PlayerID: 76561198158686943 Name: Billy? Character: [NEO]Billy? Ping: 296
PlayerID: 76561198123982483 Name: Mr. Noizy Character: mslvn Ping: 54
PlayerID: 76561198327628144 Name: Planeset 25 Character: Planeset 25 Ping: 31
PlayerID: 76561198371041527 Name: ¦_s1mple_¦ Character: miguelhormat Ping: 39
PlayerID: 76561198295801599 Name: Lo[x] Character: Lo[x] Ping: 62
PlayerID: 76561198314638573 Name: UDODMEN Character: udodmen Ping: 62
PlayerID: 76561198129912569 Name: Hanzo Character: Wasted Ping: 39
PlayerID: 76561198157563744 Name: Jason Voorhees Character: Jason Voorhees Ping: 70
PlayerID: 76561198198481426 Name: JasonVH Character: JasonVH Ping: 85
[World] miguelhormat [¦_s1mple_¦]: "/report kamil;]"

Не обработано: Saving server
TimerTerminateCommand.Enabled with Players:
[World] Expert1337 [Expert13372284200]: "я скрин сделал"
Saving server

TimerTerminateCommand.Enabled with Players:
Client has executed command "players"

END with Players:
TimerTerminateCommand.Enabled with Players:
Players:
PlayerID: 76561198176817369 Name: ?. Character: GlodiS Ping: 62
PlayerID: 76561198390364391 Name: glowinski Character: kamil;] Ping: 164
PlayerID: 76561198366549870 Name: Expert13372284200 Character: Expert1337 Ping: 140
PlayerID: 76561198158686943 Name: Billy? Character: [NEO]Billy? Ping: 312
PlayerID: 76561198123982483 Name: Mr. Noizy Character: mslvn Ping: 78
PlayerID: 76561198327628144 Name: Planeset 25 Character: Planeset 25 Ping: 23
PlayerID: 76561198371041527 Name: ¦_s1mple_¦ Character: miguelhormat Ping: 31
PlayerID: 76561198295801599 Name: Lo[x] Character: Lo[x] Ping: 62
PlayerID: 76561198314638573 Name: UDODMEN Character: udodmen Ping: 70
PlayerID: 76561198129912569 Name: Hanzo Character: Wasted Ping: 31
PlayerID: 76561198157563744 Name: Jason Voorhees Character: Jason Voorhees Ping: 62
PlayerID: 76561198198481426 Name: JasonVH Character: JasonVH Ping: 93

END with Players:
[World] [NEO]Billy? [Billy?]: "/buy"

[World] Expert1337 [Expert13372284200]: "лиш бы модер зашёл"

Client has executed command "players"

TimerTerminateCommand.Enabled with Players:
Players:
PlayerID: 76561198176817369 Name: ?. Character: GlodiS Ping: 62
PlayerID: 76561198390364391 Name: glowinski Character: kamil;] Ping: 187
PlayerID: 76561198366549870 Name: Expert13372284200 Character: Expert1337 Ping: 132
PlayerID: 76561198158686943 Name: Billy? Character: [NEO]Billy? Ping: 289
PlayerID: 76561198123982483 Name: Mr. Noizy Character: mslvn Ping: 62
PlayerID: 76561198327628144 Name: Planeset 25 Character: Planeset 25 Ping: 31
PlayerID: 76561198371041527 Name: ¦_s1mple_¦ Character: miguelhormat Ping: 39
PlayerID: 76561198295801599 Name: Lo[x] Character: Lo[x] Ping: 46
PlayerID: 76561198314638573 Name: UDODMEN Character: udodmen Ping: 70
PlayerID: 76561198129912569 Name: Hanzo Character: Wasted Ping: 31
PlayerID: 76561198157563744 Name: Jason Voorhees Character: Jason Voorhees Ping: 62
PlayerID: 76561198198481426 Name: JasonVH Character: JasonVH Ping: 78

