07.09.2017 16:30:04: ClientSocketLookup
07.09.2017 16:30:04: ClientSocketConnecting
07.09.2017 16:30:04: ClientSocketConnect
07.09.2017 16:30:04: ClientSocketWrite
08.09.2017 13:46:04: ClientSocketError Соединение прервано
08.09.2017 13:46:04: ClientSocketError eeSend
08.09.2017 13:46:04: ClientSocketDisconnect
08.09.2017 15:30:56: ClientSocketLookup
08.09.2017 15:30:56: ClientSocketConnecting
08.09.2017 15:30:56: ClientSocketConnect
08.09.2017 15:30:56: ClientSocketWrite
09.09.2017 11:35:13: ClientSocketError Соединение прервано
09.09.2017 11:35:14: ClientSocketError eeSend
09.09.2017 11:35:14: ClientSocketDisconnect
09.09.2017 11:36:08: ClientSocketLookup
09.09.2017 11:36:08: ClientSocketConnecting
09.09.2017 11:36:08: ClientSocketConnect
09.09.2017 11:36:08: ClientSocketWrite
10.09.2017 9:55:33: ClientSocketError Соединение прервано
10.09.2017 9:55:34: ClientSocketError eeSend
10.09.2017 9:55:34: ClientSocketDisconnect
10.09.2017 9:55:46: ClientSocketLookup
10.09.2017 9:55:46: ClientSocketConnecting
10.09.2017 9:55:46: ClientSocketConnect
10.09.2017 9:55:46: ClientSocketWrite
