Не обработано: RocketRcon v2.4.8.0
RocketRcon v2.4.8.0

Client has executed command "players"

TimerTerminateCommand.Enabled with Players:
Players:
PlayerID: 76561198123840535 Name: ?????? Character: top Ping: 136
PlayerID: 76561198280617288 Name: Незнаю какой придумать Character: Пипр Ping: 54
PlayerID: 76561198152563082 Name: Drakon Character: [MODER]Stanat Ping: 152
PlayerID: 76561198333857605 Name: domtroll228 Character: кирилл хатунцев  Ping: 93
PlayerID: 76561198278800086 Name: >>??<< Character: Антон Беляев Ping: 35

END with Players:
Client has executed command "bans"

TimerTerminateCommand.Enabled with Bans:
Bans:
PlayerID: 123123
JudgeID: 0
Reason: unspecified Duration: 31536000 Remaining: 31007200
PlayerID: 123
JudgeID: 0
Reason: durila Duration: 4000 Remaining: 4294442994
PlayerID: 76561198274427357
JudgeID: 0
Reason: you were vote kicked Duration: 180 Remaining: 4294471367

END with Bans:
