25.09.2017 16:01:20: KaC был съеден зомби! 
25.09.2017 16:40:55: VADIM был съеден зомби! 
25.09.2017 16:50:21: VADIM истёк кровью!
25.09.2017 16:57:13: VADIM был съеден зомби! 
25.09.2017 17:19:18: Normal gamer истёк кровью!
25.09.2017 17:19:35: Екатерина совершил суецид!
25.09.2017 17:30:18: Екатерина совершил суецид!
25.09.2017 17:30:19: WILSON died of holding his breath for too long!
25.09.2017 18:39:10: tymekx0 /~`""|" был съеден зомби! 
25.09.2017 18:48:45: RussianEvrei был съеден зомби! 
25.09.2017 18:51:10: RussianEvrei был съеден зомби! 
25.09.2017 18:51:40: Бешенный был съеден зомби! 
25.09.2017 19:01:27: RussianEvrei истёк кровью!
25.09.2017 19:07:46: RussianEvrei был съеден зомби! 
25.09.2017 19:07:57: RussianEvrei совершил суецид!
25.09.2017 19:10:40: sergejj-shestak был съеден зомби! 
25.09.2017 19:34:00: Бешенный утонул!
25.09.2017 19:35:51: Бешенный совершил суецид!
25.09.2017 20:05:09: nitavi истёк кровью!
25.09.2017 20:10:16: Joshua Graham был съеден зомби! 
25.09.2017 20:17:33: Astr4lis совершил суецид!
25.09.2017 20:19:48: TecnoKiller совершил суецид!
25.09.2017 20:20:41: Joshua Graham совершил суецид!
25.09.2017 20:22:00: Astr4lis был съеден зомби! 
25.09.2017 20:27:11: Astr4lis истёк кровью!
25.09.2017 20:29:32: Astr4lis был съеден зомби! 
25.09.2017 20:34:08: Joshua Graham истёк кровью!
25.09.2017 20:34:30: Astr4lis истёк кровью!
25.09.2017 20:34:59: Joshua Graham был съеден зомби! 
25.09.2017 20:40:22: Astr4lis истёк кровью!
25.09.2017 20:41:13: Astr4lis совершил суецид!
25.09.2017 20:42:34: Joshua Graham был убит плювальщиком!
25.09.2017 20:42:56: Astr4lis был съеден зомби! 
25.09.2017 20:43:08: Astr4lis совершил суецид!
25.09.2017 20:53:32: Joshua Graham был съеден зомби! 
25.09.2017 20:53:52: Joshua Graham совершил суецид!
25.09.2017 20:54:27: Astr4lis разбился насмерть!
25.09.2017 20:57:10: Astr4lis совершил суецид!
25.09.2017 20:58:53: Astr4lis совершил суецид!
25.09.2017 20:59:02: Astr4lis совершил суецид!
25.09.2017 20:59:08: Astr4lis совершил суецид!
25.09.2017 20:59:14: Astr4lis совершил суецид!
25.09.2017 20:59:21: Astr4lis совершил суецид!
25.09.2017 20:59:55: Astr4lis совершил суецид!
25.09.2017 21:00:01: Astr4lis совершил суецид!
25.09.2017 21:23:01: Joshua Graham был съеден зомби! 
25.09.2017 21:43:34: wolgagras истёк кровью!
25.09.2017 22:25:18: DeadMen был съеден зомби! 
25.09.2017 22:25:37: Artem совершил суецид!
25.09.2017 22:28:43: DeadMen совершил суецид!
25.09.2017 22:41:17: Wreazy сгорел!
25.09.2017 23:00:24: alexlord был съеден зомби! 
25.09.2017 23:30:13: Foxis совершил суецид!
25.09.2017 23:39:08: Foxis совершил суецид!
25.09.2017 23:40:02: Foxis совершил суецид!
25.09.2017 23:42:42: Foxis совершил суецид!
25.09.2017 23:43:01: Foxis совершил суецид!
25.09.2017 23:43:23: Foxis совершил суецид!
25.09.2017 23:45:12: Foxis совершил суецид!
25.09.2017 23:45:26: Foxis совершил суецид!
25.09.2017 23:45:39: Foxis совершил суецид!
25.09.2017 23:47:30: Darth Revan был съеден зомби! 
25.09.2017 23:57:56: Foxis совершил суецид!
26.09.2017 0:00:14: Wreazy был съеден зомби! 
26.09.2017 0:04:32: Darth Revan совершил суецид!
26.09.2017 0:29:12: Howt истёк кровью!
26.09.2017 4:36:58: Stabby McStabface был съеден зомби! 
