Не обработано: RocketRcon v2.4.8.0
RocketRcon v2.4.8.0

Client has executed command "players"

TimerTerminateCommand.Enabled with Players:
Players:
PlayerID: 76561198366549870 Name: Expert13372284200 Character: Expert1337 Ping: 140
PlayerID: 76561198322193999 Name: ™_Game®_™ Character: Карл Иванович Ping: 58
PlayerID: 76561198391121800 Name: Джеимс Вурхиз Character: Джеимс Вурхиз Ping: 62
PlayerID: 76561198314638573 Name: UDODMEN Character: udodmen Ping: 97
PlayerID: 76561198198481426 Name: JasonVH Character: JasonVH Ping: 85
PlayerID: 76561198371041527 Name: ¦_s1mple_¦ Character: miguelhormat Ping: 35
PlayerID: 76561198280617288 Name: Незнаю какой придумать Character: Пипр Ping: 50
PlayerID: 76561198056237987 Name: Calibrovshik Character: Calibrovshik Ping: 105
PlayerID: 76561198253525803 Name: [MEMES]Кристя)) Character: [MEMES]Кристя)) Ping: 27
PlayerID: 76561198341672556 Name: st.vladir Character: st.vladir Ping: 144
PlayerID: 76561198157563744 Name: Jason Voorhees Character: Jason Voorhees Ping: 70
PlayerID: 76561198203080154 Name: -_- Character: hero Ping: 74
PlayerID: 76561198292543416 Name: Mr_GiladKing Character: GamerYT Ping: 58

END with Players:
TimerTerminateCommand.Enabled with Bans:
Client has executed command "bans"
Bans:
PlayerID: 123123
JudgeID: 0
Reason: unspecified Duration: 31536000 Remaining: 31374441
PlayerID: 123

Не обработано: VehicleEvents >> Broadcast: Брошенный квадроцикл в Paradise Point! Найди его и он твой!
TimerTerminateCommand.Enabled with Bans:
JudgeID: 0
Reason: durila Duration: 4000 Remaining: 4294810235
PlayerID: 76561198274427357
JudgeID: 0
Reason: you were vote kicked Duration: 180 Remaining: 4294838608
VehicleEvents >> Broadcast: Брошенный квадроцикл в Paradise Point! Найди его и он твой!

TimerTerminateCommand.Enabled with Bans:
[World] Expert1337 [Expert13372284200]: "тп"

END with Bans:
[World] Expert1337 [Expert13372284200]: "лучше тут"

Client has executed command "players"

TimerTerminateCommand.Enabled with Players:
Players:
PlayerID: 76561198366549870 Name: Expert13372284200 Character: Expert1337 Ping: 144
PlayerID: 76561198322193999 Name: ™_Game®_™ Character: Карл Иванович Ping: 62
PlayerID: 76561198391121800 Name: Джеимс Вурхиз Character: Джеимс Вурхиз Ping: 70
PlayerID: 76561198314638573 Name: UDODMEN Character: udodmen Ping: 82
PlayerID: 76561198198481426 Name: JasonVH Character: JasonVH Ping: 82
PlayerID: 76561198371041527 Name: ¦_s1mple_¦ Character: miguelhormat Ping: 42
PlayerID: 76561198280617288 Name: Незнаю какой придумать Character: Пипр Ping: 66
PlayerID: 76561198056237987 Name: Calibrovshik Character: Calibrovshik Ping: 121
PlayerID: 76561198253525803 Name: [MEMES]Кристя)) Character: [MEMES]Кристя)) Ping: 27
PlayerID: 76561198341672556 Name: st.vladir Character: st.vladir Ping: 148
PlayerID: 76561198157563744 Name: Jason Voorhees Character: Jason Voorhees Ping: 74
PlayerID: 76561198203080154 Name: -_- Character: hero Ping: 85
PlayerID: 76561198292543416 Name: Mr_GiladKing Character: GamerYT Ping: 54

END with Players:
Client has executed command "players"

TimerTerminateCommand.Enabled with Players:
Players:
PlayerID: 76561198366549870 Name: Expert13372284200 Character: Expert1337 Ping: 136
PlayerID: 76561198322193999 Name: ™_Game®_™ Character: Карл Иванович Ping: 62
PlayerID: 76561198391121800 Name: Джеимс Вурхиз Character: Джеимс Вурхиз Ping: 70
PlayerID: 76561198314638573 Name: UDODMEN Character: udodmen Ping: 74
PlayerID: 76561198198481426 Name: JasonVH Character: JasonVH Ping: 85
PlayerID: 76561198371041527 Name: ¦_s1mple_¦ Character: miguelhormat Ping: 35
PlayerID: 76561198280617288 Name: Незнаю какой придумать Character: Пипр Ping: 58
PlayerID: 76561198056237987 Name: Calibrovshik Character: Calibrovshik Ping: 117
PlayerID: 76561198253525803 Name: [MEMES]Кристя)) Character: [MEMES]Кристя)) Ping: 27
PlayerID: 76561198341672556 Name: st.vladir Character: st.vladir Ping: 140
PlayerID: 76561198157563744 Name: Jason Voorhees Character: Jason Voorhees Ping: 70
PlayerID: 76561198203080154 Name: -_- Character: hero Ping: 78
PlayerID: 76561198292543416 Name: Mr_GiladKing Character: GamerYT Ping: 62

TimerTerminateCommand.Enabled with Players:
Connecting: PlayerID: 76561198184881105 Name: kit75nik Character: kit75nik

END with Players:
[World] Джеимс Вурхиз [Джеимс Вурхиз]: "/kit start"

Client has executed command "players"

TimerTerminateCommand.Enabled with Players:
Players:
PlayerID: 76561198366549870 Name: Expert13372284200 Character: Expert1337 Ping: 152
PlayerID: 76561198322193999 Name: ™_Game®_™ Character: Карл Иванович Ping: 46
PlayerID: 76561198391121800 Name: Джеимс Вурхиз Character: Джеимс Вурхиз Ping: 54
PlayerID: 76561198314638573 Name: UDODMEN Character: udodmen Ping: 82
PlayerID: 76561198198481426 Name: JasonVH Character: JasonVH Ping: 82
PlayerID: 76561198371041527 Name: ¦_s1mple_¦ Character: miguelhormat Ping: 39
PlayerID: 76561198280617288 Name: Незнаю какой придумать Character: Пипр Ping: 62
PlayerID: 76561198056237987 Name: Calibrovshik Character: Calibrovshik Ping: 113
PlayerID: 76561198253525803 Name: [MEMES]Кристя)) Character: [MEMES]Кристя)) Ping: 27
PlayerID: 76561198341672556 Name: st.vladir Character: st.vladir Ping: 156
PlayerID: 76561198157563744 Name: Jason Voorhees Character: Jason Voorhees Ping: 70
PlayerID: 76561198203080154 Name: -_- Character: hero Ping: 85
PlayerID: 76561198292543416 Name: Mr_GiladKing Character: GamerYT Ping: 58
PlayerID: 76561198184881105 Name: kit75nik Character: kit75nik Ping: 132

END with Players:
[World] kit75nik [kit75nik]: "/p"

Не обработано: MessageAnnouncer >> Broadcast: Внимание! PvP-режим по субботам! PvP-режим!!!
MessageAnnouncer >> Broadcast: Внимание! PvP-режим по субботам! PvP-режим!!!

Не обработано: MessageAnnouncer >> Внимание! PvP-режим по субботам! PvP-режим!!!
MessageAnnouncer >> Внимание! PvP-режим по субботам! PvP-режим!!!

[World] kit75nik [kit75nik]: "/kits"

[World] Пипр [Незнаю какой придумать]: "Кто за квадриком идет?"

Client has executed command "players"

TimerTerminateCommand.Enabled with Players:
Players:
PlayerID: 76561198366549870 Name: Expert13372284200 Character: Expert1337 Ping: 128
PlayerID: 76561198322193999 Name: ™_Game®_™ Character: Карл Иванович Ping: 54
PlayerID: 76561198391121800 Name: Джеимс Вурхиз Character: Джеимс Вурхиз Ping: 85
PlayerID: 76561198314638573 Name: UDODMEN Character: udodmen Ping: 70
PlayerID: 76561198198481426 Name: JasonVH Character: JasonVH Ping: 78
PlayerID: 76561198371041527 Name: ¦_s1mple_¦ Character: miguelhormat Ping: 39
PlayerID: 76561198280617288 Name: Незнаю какой придумать Character: Пипр Ping: 66
PlayerID: 76561198056237987 Name: Calibrovshik Character: Calibrovshik Ping: 117
PlayerID: 76561198253525803 Name: [MEMES]Кристя)) Character: [MEMES]Кристя)) Ping: 23
PlayerID: 76561198341672556 Name: st.vladir Character: st.vladir Ping: 152
PlayerID: 76561198157563744 Name: Jason Voorhees Character: Jason Voorhees Ping: 66
PlayerID: 76561198203080154 Name: -_- Character: hero Ping: 74
PlayerID: 76561198292543416 Name: Mr_GiladKing Character: GamerYT Ping: 54
PlayerID: 76561198184881105 Name: kit75nik Character: kit75nik Ping: 125

TimerTerminateCommand.Enabled with Players:
[World] JasonVH [JasonVH]: "нахуй иди"

END with Players:
[World] Expert1337 [Expert13372284200]: "bpb"

[World] Expert1337 [Expert13372284200]: "изи"

[World] Calibrovshik [Calibrovshik]: "я взял"

[World] Пипр [Незнаю какой придумать]: "Че такой аргресивный"

Client has executed command "players"

TimerTerminateCommand.Enabled with Players:
Players:
PlayerID: 76561198366549870 Name: Expert13372284200 Character: Expert1337 Ping: 136
PlayerID: 76561198322193999 Name: ™_Game®_™ Character: Карл Иванович Ping: 66
PlayerID: 76561198391121800 Name: Джеимс Вурхиз Character: Джеимс Вурхиз Ping: 74
PlayerID: 76561198314638573 Name: UDODMEN Character: udodmen Ping: 74
PlayerID: 76561198198481426 Name: JasonVH Character: JasonVH Ping: 82
PlayerID: 76561198371041527 Name: ¦_s1mple_¦ Character: miguelhormat Ping: 42
PlayerID: 76561198280617288 Name: Незнаю какой придумать Character: Пипр Ping: 54
PlayerID: 76561198056237987 Name: Calibrovshik Character: Calibrovshik Ping: 113
PlayerID: 76561198253525803 Name: [MEMES]Кристя)) Character: [MEMES]Кристя)) Ping: 31
PlayerID: 76561198341672556 Name: st.vladir Character: st.vladir Ping: 144
PlayerID: 76561198157563744 Name: Jason Voorhees Character: Jason Voorhees Ping: 70
PlayerID: 76561198203080154 Name: -_- Character: hero Ping: 70
PlayerID: 76561198292543416 Name: Mr_GiladKing Character: GamerYT Ping: 54
PlayerID: 76561198184881105 Name: kit75nik Character: kit75nik Ping: 128

TimerTerminateCommand.Enabled with Players:
[World] kit75nik [kit75nik]: "/kit start"

END with Players:
[World] Пипр [Незнаю какой придумать]: "агресивный*"

[World] JasonVH [JasonVH]: "я не вам"

[World] kit75nik [kit75nik]: "@give kit75nik/4/1"

Client has executed command "players"

TimerTerminateCommand.Enabled with Players:
Players:
PlayerID: 76561198366549870 Name: Expert13372284200 Character: Expert1337 Ping: 160
PlayerID: 76561198322193999 Name: ™_Game®_™ Character: Карл Иванович Ping: 54
PlayerID: 76561198391121800 Name: Джеимс Вурхиз Character: Джеимс Вурхиз Ping: 66
PlayerID: 76561198314638573 Name: UDODMEN Character: udodmen Ping: 78
PlayerID: 76561198198481426 Name: JasonVH Character: JasonVH Ping: 82
PlayerID: 76561198371041527 Name: ¦_s1mple_¦ Character: miguelhormat Ping: 35
PlayerID: 76561198280617288 Name: Незнаю какой придумать Character: Пипр Ping: 54
PlayerID: 76561198056237987 Name: Calibrovshik Character: Calibrovshik Ping: 117
PlayerID: 76561198253525803 Name: [MEMES]Кристя)) Character: [MEMES]Кристя)) Ping: 27
PlayerID: 76561198341672556 Name: st.vladir Character: st.vladir Ping: 152
PlayerID: 76561198157563744 Name: Jason Voorhees Character: Jason Voorhees Ping: 70
PlayerID: 76561198203080154 Name: -_- Character: hero Ping: 78
PlayerID: 76561198292543416 Name: Mr_GiladKing Character: GamerYT Ping: 46
PlayerID: 76561198184881105 Name: kit75nik Character: kit75nik Ping: 132

TimerTerminateCommand.Enabled with Players:
[World] JasonVH [JasonVH]: "ко мне негр лез"

END with Players:
[World] kit75nik [kit75nik]: "/i 4/2"

Client has executed command "players"

TimerTerminateCommand.Enabled with Players:
Players:
PlayerID: 76561198366549870 Name: Expert13372284200 Character: Expert1337 Ping: 136
PlayerID: 76561198322193999 Name: ™_Game®_™ Character: Карл Иванович Ping: 54
PlayerID: 76561198391121800 Name: Джеимс Вурхиз Character: Джеимс Вурхиз Ping: 78
PlayerID: 76561198314638573 Name: UDODMEN Character: udodmen Ping: 78
PlayerID: 76561198198481426 Name: JasonVH Character: JasonVH Ping: 85
PlayerID: 76561198371041527 Name: ¦_s1mple_¦ Character: miguelhormat Ping: 46
PlayerID: 76561198280617288 Name: Незнаю какой придумать Character: Пипр Ping: 54
PlayerID: 76561198056237987 Name: Calibrovshik Character: Calibrovshik Ping: 109
PlayerID: 76561198253525803 Name: [MEMES]Кристя)) Character: [MEMES]Кристя)) Ping: 23
PlayerID: 76561198341672556 Name: st.vladir Character: st.vladir Ping: 148
PlayerID: 76561198157563744 Name: Jason Voorhees Character: Jason Voorhees Ping: 74
PlayerID: 76561198203080154 Name: -_- Character: hero Ping: 74
PlayerID: 76561198292543416 Name: Mr_GiladKing Character: GamerYT Ping: 54
PlayerID: 76561198184881105 Name: kit75nik Character: kit75nik Ping: 132

END with Players:
Client has executed command "players"

TimerTerminateCommand.Enabled with Players:
Players:
PlayerID: 76561198366549870 Name: Expert13372284200 Character: Expert1337 Ping: 125
PlayerID: 76561198322193999 Name: ™_Game®_™ Character: Карл Иванович Ping: 54
PlayerID: 76561198391121800 Name: Джеимс Вурхиз Character: Джеимс Вурхиз Ping: 54
PlayerID: 76561198314638573 Name: UDODMEN Character: udodmen Ping: 70
PlayerID: 76561198198481426 Name: JasonVH Character: JasonVH Ping: 109
PlayerID: 76561198371041527 Name: ¦_s1mple_¦ Character: miguelhormat Ping: 31
PlayerID: 76561198280617288 Name: Незнаю какой придумать Character: Пипр Ping: 54
PlayerID: 76561198056237987 Name: Calibrovshik Character: Calibrovshik Ping: 109
PlayerID: 76561198253525803 Name: [MEMES]Кристя)) Character: [MEMES]Кристя)) Ping: 7
PlayerID: 76561198341672556 Name: st.vladir Character: st.vladir Ping: 132
PlayerID: 76561198157563744 Name: Jason Voorhees Character: Jason Voorhees Ping: 70
PlayerID: 76561198203080154 Name: -_- Character: hero Ping: 70
PlayerID: 76561198292543416 Name: Mr_GiladKing Character: GamerYT Ping: 46
PlayerID: 76561198184881105 Name: kit75nik Character: kit75nik Ping: 117

END with Players:
Не обработано: Calibrovshik moved x:617.6431 y:58.90173(+20.07771) z:-823.1504 in the last second (1)
Calibrovshik moved x:617.6431 y:58.90173(+20.07771) z:-823.1504 in the last second (1)

[World] Expert1337 [Expert13372284200]: "/home"

Не обработано: Expert1337 moved x:-686.4483 y:74.59423(+36.11691) z:-616.3519 in the last second (0.09999847)
Expert1337 moved x:-686.4483 y:74.59423(+36.11691) z:-616.3519 in the last second (0.09999847)

Client has executed command "players"

TimerTerminateCommand.Enabled with Players:
Players:
PlayerID: 76561198366549870 Name: Expert13372284200 Character: Expert1337 Ping: 125
PlayerID: 76561198322193999 Name: ™_Game®_™ Character: Карл Иванович Ping: 54
PlayerID: 76561198391121800 Name: Джеимс Вурхиз Character: Джеимс Вурхиз Ping: 78
PlayerID: 76561198314638573 Name: UDODMEN Character: udodmen Ping: 70
PlayerID: 76561198198481426 Name: JasonVH Character: JasonVH Ping: 78
PlayerID: 76561198371041527 Name: ¦_s1mple_¦ Character: miguelhormat Ping: 31
PlayerID: 76561198280617288 Name: Незнаю какой придумать Character: Пипр Ping: 54
PlayerID: 76561198056237987 Name: Calibrovshik Character: Calibrovshik Ping: 101
PlayerID: 76561198253525803 Name: [MEMES]Кристя)) Character: [MEMES]Кристя)) Ping: 15
PlayerID: 76561198341672556 Name: st.vladir Character: st.vladir Ping: 140
PlayerID: 76561198157563744 Name: Jason Voorhees Character: Jason Voorhees Ping: 62
PlayerID: 76561198203080154 Name: -_- Character: hero Ping: 70
PlayerID: 76561198292543416 Name: Mr_GiladKing Character: GamerYT Ping: 46
PlayerID: 76561198184881105 Name: kit75nik Character: kit75nik Ping: 109

END with Players:
Не обработано: MessageAnnouncer >> Broadcast: vk.com/unturned_hgm - группа сервера ВК, уникальный кит в записи!
MessageAnnouncer >> Broadcast: vk.com/unturned_hgm - группа сервера ВК, уникальный кит в записи!

Не обработано: MessageAnnouncer >> vk.com/unturned_hgm - группа сервера ВК, уникальный кит в записи!
MessageAnnouncer >> vk.com/unturned_hgm - группа сервера ВК, уникальный кит в записи!

[World] JasonVH [JasonVH]: "/tpa udod"

[World] udodmen [UDODMEN]: "/tpa a"

Client has executed command "players"

TimerTerminateCommand.Enabled with Players:
Players:
PlayerID: 76561198366549870 Name: Expert13372284200 Character: Expert1337 Ping: 140
PlayerID: 76561198322193999 Name: ™_Game®_™ Character: Карл Иванович Ping: 46
PlayerID: 76561198391121800 Name: Джеимс Вурхиз Character: Джеимс Вурхиз Ping: 78
PlayerID: 76561198314638573 Name: UDODMEN Character: udodmen Ping: 78
PlayerID: 76561198198481426 Name: JasonVH Character: JasonVH Ping: 93
PlayerID: 76561198371041527 Name: ¦_s1mple_¦ Character: miguelhormat Ping: 46
PlayerID: 76561198280617288 Name: Незнаю какой придумать Character: Пипр Ping: 46
PlayerID: 76561198056237987 Name: Calibrovshik Character: Calibrovshik Ping: 93
PlayerID: 76561198253525803 Name: [MEMES]Кристя)) Character: [MEMES]Кристя)) Ping: 23
PlayerID: 76561198341672556 Name: st.vladir Character: st.vladir Ping: 156
PlayerID: 76561198157563744 Name: Jason Voorhees Character: Jason Voorhees Ping: 62
PlayerID: 76561198203080154 Name: -_- Character: hero Ping: 54
PlayerID: 76561198292543416 Name: Mr_GiladKing Character: GamerYT Ping: 54
PlayerID: 76561198184881105 Name: kit75nik Character: kit75nik Ping: 117

END with Players:
Client has executed command "players"

TimerTerminateCommand.Enabled with Players:
Players:
PlayerID: 76561198366549870 Name: Expert13372284200 Character: Expert1337 Ping: 125
PlayerID: 76561198322193999 Name: ™_Game®_™ Character: Карл Иванович Ping: 46
PlayerID: 76561198391121800 Name: Джеимс Вурхиз Character: Джеимс Вурхиз Ping: 78
PlayerID: 76561198314638573 Name: UDODMEN Character: udodmen Ping: 78
PlayerID: 76561198198481426 Name: JasonVH Character: JasonVH Ping: 78
PlayerID: 76561198371041527 Name: ¦_s1mple_¦ Character: miguelhormat Ping: 31
PlayerID: 76561198280617288 Name: Незнаю какой придумать Character: Пипр Ping: 54
PlayerID: 76561198056237987 Name: Calibrovshik Character: Calibrovshik Ping: 109
PlayerID: 76561198253525803 Name: [MEMES]Кристя)) Character: [MEMES]Кристя)) Ping: 31
PlayerID: 76561198341672556 Name: st.vladir Character: st.vladir Ping: 140
PlayerID: 76561198157563744 Name: Jason Voorhees Character: Jason Voorhees Ping: 78
PlayerID: 76561198203080154 Name: -_- Character: hero Ping: 54
PlayerID: 76561198292543416 Name: Mr_GiladKing Character: GamerYT Ping: 54
PlayerID: 76561198184881105 Name: kit75nik Character: kit75nik Ping: 140

END with Players:
[Area] miguelhormat [¦_s1mple_¦]: "/home"

Client has executed command "players"

TimerTerminateCommand.Enabled with Players:
Players:
PlayerID: 76561198366549870 Name: Expert13372284200 Character: Expert1337 Ping: 125
PlayerID: 76561198322193999 Name: ™_Game®_™ Character: Карл Иванович Ping: 54
PlayerID: 76561198391121800 Name: Джеимс Вурхиз Character: Джеимс Вурхиз Ping: 78
PlayerID: 76561198314638573 Name: UDODMEN Character: udodmen Ping: 78
PlayerID: 76561198198481426 Name: JasonVH Character: JasonVH Ping: 93
PlayerID: 76561198371041527 Name: ¦_s1mple_¦ Character: miguelhormat Ping: 39
PlayerID: 76561198280617288 Name: Незнаю какой придумать Character: Пипр Ping: 54
PlayerID: 76561198056237987 Name: Calibrovshik Character: Calibrovshik Ping: 109
PlayerID: 76561198253525803 Name: [MEMES]Кристя)) Character: [MEMES]Кристя)) Ping: 23
PlayerID: 76561198341672556 Name: st.vladir Character: st.vladir Ping: 148
PlayerID: 76561198157563744 Name: Jason Voorhees Character: Jason Voorhees Ping: 62
PlayerID: 76561198203080154 Name: -_- Character: hero Ping: 62
PlayerID: 76561198292543416 Name: Mr_GiladKing Character: GamerYT Ping: 46
PlayerID: 76561198184881105 Name: kit75nik Character: kit75nik Ping: 125

END with Players:
Client has executed command "players"

TimerTerminateCommand.Enabled with Players:
Players:
PlayerID: 76561198366549870 Name: Expert13372284200 Character: Expert1337 Ping: 132
PlayerID: 76561198322193999 Name: ™_Game®_™ Character: Карл Иванович Ping: 46
PlayerID: 76561198391121800 Name: Джеимс Вурхиз Character: Джеимс Вурхиз Ping: 62
PlayerID: 76561198314638573 Name: UDODMEN Character: udodmen Ping: 70
PlayerID: 76561198198481426 Name: JasonVH Character: JasonVH Ping: 101
PlayerID: 76561198371041527 Name: ¦_s1mple_¦ Character: miguelhormat Ping: 31
PlayerID: 76561198280617288 Name: Незнаю какой придумать Character: Пипр Ping: 39
PlayerID: 76561198056237987 Name: Calibrovshik Character: Calibrovshik Ping: 101
PlayerID: 76561198253525803 Name: [MEMES]Кристя)) Character: [MEMES]Кристя)) Ping: 23
PlayerID: 76561198341672556 Name: st.vladir Character: st.vladir Ping: 148
PlayerID: 76561198157563744 Name: Jason Voorhees Character: Jason Voorhees Ping: 70
PlayerID: 76561198203080154 Name: -_- Character: hero Ping: 62
PlayerID: 76561198292543416 Name: Mr_GiladKing Character: GamerYT Ping: 46
PlayerID: 76561198184881105 Name: kit75nik Character: kit75nik Ping: 109

END with Players:
[World] Expert1337 [Expert13372284200]: "cltkfq зшту кфьзфе"

Не обработано: st.vladir [st.vladir] is calling a vote to kick GamerYT [Mr_GiladKing]
st.vladir [st.vladir] is calling a vote to kick GamerYT [Mr_GiladKing]

Client has executed command "players"

TimerTerminateCommand.Enabled with Players:
Players:
PlayerID: 76561198366549870 Name: Expert13372284200 Character: Expert1337 Ping: 132
PlayerID: 76561198322193999 Name: ™_Game®_™ Character: Карл Иванович Ping: 46
PlayerID: 76561198391121800 Name: Джеимс Вурхиз Character: Джеимс Вурхиз Ping: 62
PlayerID: 76561198314638573 Name: UDODMEN Character: udodmen Ping: 70
PlayerID: 76561198198481426 Name: JasonVH Character: JasonVH Ping: 93
PlayerID: 76561198371041527 Name: ¦_s1mple_¦ Character: miguelhormat Ping: 31
PlayerID: 76561198280617288 Name: Незнаю какой придумать Character: Пипр Ping: 62
PlayerID: 76561198056237987 Name: Calibrovshik Character: Calibrovshik Ping: 101
PlayerID: 76561198253525803 Name: [MEMES]Кристя)) Character: [MEMES]Кристя)) Ping: 31
PlayerID: 76561198341672556 Name: st.vladir Character: st.vladir Ping: 257
PlayerID: 76561198157563744 Name: Jason Voorhees Character: Jason Voorhees Ping: 62
PlayerID: 76561198203080154 Name: -_- Character: hero Ping: 78
PlayerID: 76561198292543416 Name: Mr_GiladKing Character: GamerYT Ping: 39
PlayerID: 76561198184881105 Name: kit75nik Character: kit75nik Ping: 125

Не обработано: Vote failed!
TimerTerminateCommand.Enabled with Players:
Vote failed!

END with Players:
[World] Карл Иванович [™_Game®_™]: "/home"

Client has executed command "players"

TimerTerminateCommand.Enabled with Players:
Players:
PlayerID: 76561198366549870 Name: Expert13372284200 Character: Expert1337 Ping: 125
PlayerID: 76561198322193999 Name: ™_Game®_™ Character: Карл Иванович Ping: 62
PlayerID: 76561198391121800 Name: Джеимс Вурхиз Character: Джеимс Вурхиз Ping: 70
PlayerID: 76561198314638573 Name: UDODMEN Character: udodmen Ping: 70
PlayerID: 76561198198481426 Name: JasonVH Character: JasonVH Ping: 78
PlayerID: 76561198371041527 Name: ¦_s1mple_¦ Character: miguelhormat Ping: 39
PlayerID: 76561198280617288 Name: Незнаю какой придумать Character: Пипр Ping: 54
PlayerID: 76561198056237987 Name: Calibrovshik Character: Calibrovshik Ping: 117
PlayerID: 76561198253525803 Name: [MEMES]Кристя)) Character: [MEMES]Кристя)) Ping: 31
PlayerID: 76561198341672556 Name: st.vladir Character: st.vladir Ping: 187
PlayerID: 76561198157563744 Name: Jason Voorhees Character: Jason Voorhees Ping: 70
PlayerID: 76561198203080154 Name: -_- Character: hero Ping: 93
PlayerID: 76561198292543416 Name: Mr_GiladKing Character: GamerYT Ping: 54
PlayerID: 76561198184881105 Name: kit75nik Character: kit75nik Ping: 132

END with Players:
Не обработано: MessageAnnouncer >> Broadcast: Наберите /kit help, чтобы получить первую мед. помощь (бинты, таблетки, еда)
MessageAnnouncer >> Broadcast: Наберите /kit help, чтобы получить первую мед. помощь (бинты, таблетки, еда)

Не обработано: MessageAnnouncer >> Наберите /kit help, чтобы получить первую мед. помощь (бинты, таблетки, еда)
MessageAnnouncer >> Наберите /kit help, чтобы получить первую мед. помощь (бинты, таблетки, еда)

Client has executed command "players"

TimerTerminateCommand.Enabled with Players:
Players:
PlayerID: 76561198366549870 Name: Expert13372284200 Character: Expert1337 Ping: 125
PlayerID: 76561198322193999 Name: ™_Game®_™ Character: Карл Иванович Ping: 70
PlayerID: 76561198391121800 Name: Джеимс Вурхиз Character: Джеимс Вурхиз Ping: 78
PlayerID: 76561198314638573 Name: UDODMEN Character: udodmen Ping: 78
PlayerID: 76561198198481426 Name: JasonVH Character: JasonVH Ping: 93
PlayerID: 76561198371041527 Name: ¦_s1mple_¦ Character: miguelhormat Ping: 54
PlayerID: 76561198280617288 Name: Незнаю какой придумать Character: Пипр Ping: 93
PlayerID: 76561198056237987 Name: Calibrovshik Character: Calibrovshik Ping: 109
PlayerID: 76561198253525803 Name: [MEMES]Кристя)) Character: [MEMES]Кристя)) Ping: 23
PlayerID: 76561198341672556 Name: st.vladir Character: st.vladir Ping: 140
PlayerID: 76561198157563744 Name: Jason Voorhees Character: Jason Voorhees Ping: 85
PlayerID: 76561198203080154 Name: -_- Character: hero Ping: 78
PlayerID: 76561198292543416 Name: Mr_GiladKing Character: GamerYT Ping: 70
PlayerID: 76561198184881105 Name: kit75nik Character: kit75nik Ping: 109

END with Players:
Client has executed command "players"

TimerTerminateCommand.Enabled with Players:
Players:
PlayerID: 76561198366549870 Name: Expert13372284200 Character: Expert1337 Ping: 140
PlayerID: 76561198322193999 Name: ™_Game®_™ Character: Карл Иванович Ping: 70
PlayerID: 76561198391121800 Name: Джеимс Вурхиз Character: Джеимс Вурхиз Ping: 39
PlayerID: 76561198314638573 Name: UDODMEN Character: udodmen Ping: 62
PlayerID: 76561198198481426 Name: JasonVH Character: JasonVH Ping: 85
PlayerID: 76561198371041527 Name: ¦_s1mple_¦ Character: miguelhormat Ping: 31
PlayerID: 76561198280617288 Name: Незнаю какой придумать Character: Пипр Ping: 54
PlayerID: 76561198056237987 Name: Calibrovshik Character: Calibrovshik Ping: 101
PlayerID: 76561198253525803 Name: [MEMES]Кристя)) Character: [MEMES]Кристя)) Ping: 23
PlayerID: 76561198341672556 Name: st.vladir Character: st.vladir Ping: 148
PlayerID: 76561198157563744 Name: Jason Voorhees Character: Jason Voorhees Ping: 54
PlayerID: 76561198203080154 Name: -_- Character: hero Ping: 54
PlayerID: 76561198292543416 Name: Mr_GiladKing Character: GamerYT Ping: 54
PlayerID: 76561198184881105 Name: kit75nik Character: kit75nik Ping: 125

END with Players:
[World] st.vladir [st.vladir]: "рр"

Client has executed command "players"

TimerTerminateCommand.Enabled with Players:
Players:
PlayerID: 76561198366549870 Name: Expert13372284200 Character: Expert1337 Ping: 125
PlayerID: 76561198322193999 Name: ™_Game®_™ Character: Карл Иванович Ping: 39
PlayerID: 76561198391121800 Name: Джеимс Вурхиз Character: Джеимс Вурхиз Ping: 62
PlayerID: 76561198314638573 Name: UDODMEN Character: udodmen Ping: 70
PlayerID: 76561198198481426 Name: JasonVH Character: JasonVH Ping: 85
PlayerID: 76561198371041527 Name: ¦_s1mple_¦ Character: miguelhormat Ping: 31
PlayerID: 76561198280617288 Name: Незнаю какой придумать Character: Пипр Ping: 46
PlayerID: 76561198056237987 Name: Calibrovshik Character: Calibrovshik Ping: 93
PlayerID: 76561198253525803 Name: [MEMES]Кристя)) Character: [MEMES]Кристя)) Ping: 31
PlayerID: 76561198341672556 Name: st.vladir Character: st.vladir Ping: 140
PlayerID: 76561198157563744 Name: Jason Voorhees Character: Jason Voorhees Ping: 62
PlayerID: 76561198203080154 Name: -_- Character: hero Ping: 54
PlayerID: 76561198292543416 Name: Mr_GiladKing Character: GamerYT Ping: 78
PlayerID: 76561198184881105 Name: kit75nik Character: kit75nik Ping: 117

END with Players:
[Group] hero [-_-]: "/kit help"

Client has executed command "say "kto tam agresivnii?""

[World] Expert1337 [Expert13372284200]: "не я"

Client has executed command "players"

TimerTerminateCommand.Enabled with Players:
Players:
PlayerID: 76561198366549870 Name: Expert13372284200 Character: Expert1337 Ping: 140
PlayerID: 76561198322193999 Name: ™_Game®_™ Character: Карл Иванович Ping: 46
PlayerID: 76561198391121800 Name: Джеимс Вурхиз Character: Джеимс Вурхиз Ping: 62
PlayerID: 76561198314638573 Name: UDODMEN Character: udodmen Ping: 70
PlayerID: 76561198198481426 Name: JasonVH Character: JasonVH Ping: 78
PlayerID: 76561198371041527 Name: ¦_s1mple_¦ Character: miguelhormat Ping: 39
PlayerID: 76561198280617288 Name: Незнаю какой придумать Character: Пипр Ping: 46
PlayerID: 76561198056237987 Name: Calibrovshik Character: Calibrovshik Ping: 117
PlayerID: 76561198253525803 Name: [MEMES]Кристя)) Character: [MEMES]Кристя)) Ping: 31
PlayerID: 76561198341672556 Name: st.vladir Character: st.vladir Ping: 148
PlayerID: 76561198157563744 Name: Jason Voorhees Character: Jason Voorhees Ping: 70
PlayerID: 76561198203080154 Name: -_- Character: hero Ping: 62
PlayerID: 76561198292543416 Name: Mr_GiladKing Character: GamerYT Ping: 54
PlayerID: 76561198184881105 Name: kit75nik Character: kit75nik Ping: 125

END with Players:
[World] Пипр [Незнаю какой придумать]: "Админ у меня вопрос"

Client has executed command "players"

TimerTerminateCommand.Enabled with Players:
Players:
PlayerID: 76561198366549870 Name: Expert13372284200 Character: Expert1337 Ping: 125
PlayerID: 76561198322193999 Name: ™_Game®_™ Character: Карл Иванович Ping: 46
PlayerID: 76561198391121800 Name: Джеимс Вурхиз Character: Джеимс Вурхиз Ping: 46
PlayerID: 76561198314638573 Name: UDODMEN Character: udodmen Ping: 70
PlayerID: 76561198198481426 Name: JasonVH Character: JasonVH Ping: 85
PlayerID: 76561198371041527 Name: ¦_s1mple_¦ Character: miguelhormat Ping: 39
PlayerID: 76561198280617288 Name: Незнаю какой придумать Character: Пипр Ping: 54
PlayerID: 76561198056237987 Name: Calibrovshik Character: Calibrovshik Ping: 109
PlayerID: 76561198253525803 Name: [MEMES]Кристя)) Character: [MEMES]Кристя)) Ping: 39
PlayerID: 76561198341672556 Name: st.vladir Character: st.vladir Ping: 164
PlayerID: 76561198157563744 Name: Jason Voorhees Character: Jason Voorhees Ping: 62
PlayerID: 76561198203080154 Name: -_- Character: hero Ping: 62
PlayerID: 76561198292543416 Name: Mr_GiladKing Character: GamerYT Ping: 39
PlayerID: 76561198184881105 Name: kit75nik Character: kit75nik Ping: 125

END with Players:
Client has executed command "say "Davai bistree""

Client has executed command "players"

TimerTerminateCommand.Enabled with Players:
Players:
PlayerID: 76561198366549870 Name: Expert13372284200 Character: Expert1337 Ping: 132
PlayerID: 76561198322193999 Name: ™_Game®_™ Character: Карл Иванович Ping: 54
PlayerID: 76561198391121800 Name: Джеимс Вурхиз Character: Джеимс Вурхиз Ping: 46
PlayerID: 76561198314638573 Name: UDODMEN Character: udodmen Ping: 70
PlayerID: 76561198198481426 Name: JasonVH Character: JasonVH Ping: 78
PlayerID: 76561198371041527 Name: ¦_s1mple_¦ Character: miguelhormat Ping: 31
PlayerID: 76561198280617288 Name: Незнаю какой придумать Character: Пипр Ping: 31
PlayerID: 76561198056237987 Name: Calibrovshik Character: Calibrovshik Ping: 101
PlayerID: 76561198253525803 Name: [MEMES]Кристя)) Character: [MEMES]Кристя)) Ping: 15
PlayerID: 76561198341672556 Name: st.vladir Character: st.vladir Ping: 132
PlayerID: 76561198157563744 Name: Jason Voorhees Character: Jason Voorhees Ping: 62
PlayerID: 76561198203080154 Name: -_- Character: hero Ping: 70
PlayerID: 76561198292543416 Name: Mr_GiladKing Character: GamerYT Ping: 39
PlayerID: 76561198184881105 Name: kit75nik Character: kit75nik Ping: 132

TimerTerminateCommand.Enabled with Players:
[World] Пипр [Незнаю какой придумать]: "Как тайминг при спавнетранспорта?"

END with Players:
Client has executed command "say "sha, sek...""

Не обработано: MessageAnnouncer >> Broadcast: vk.com/unturned_hgm - цены на премиум, VIP и другие услуги смотрите в группе!
MessageAnnouncer >> Broadcast: vk.com/unturned_hgm - цены на премиум, VIP и другие услуги смотрите в группе!

Не обработано: MessageAnnouncer >> vk.com/unturned_hgm - цены на премиум, VIP и другие услуги смотрите в группе!
MessageAnnouncer >> vk.com/unturned_hgm - цены на премиум, VIP и другие услуги смотрите в группе!

Client has executed command "players"

TimerTerminateCommand.Enabled with Players:
Players:
PlayerID: 76561198366549870 Name: Expert13372284200 Character: Expert1337 Ping: 132
PlayerID: 76561198322193999 Name: ™_Game®_™ Character: Карл Иванович Ping: 39
PlayerID: 76561198391121800 Name: Джеимс Вурхиз Character: Джеимс Вурхиз Ping: 46
PlayerID: 76561198314638573 Name: UDODMEN Character: udodmen Ping: 70
PlayerID: 76561198198481426 Name: JasonVH Character: JasonVH Ping: 62
PlayerID: 76561198371041527 Name: ¦_s1mple_¦ Character: miguelhormat Ping: 31
PlayerID: 76561198280617288 Name: Незнаю какой придумать Character: Пипр Ping: 62
PlayerID: 76561198056237987 Name: Calibrovshik Character: Calibrovshik Ping: 101
PlayerID: 76561198253525803 Name: [MEMES]Кристя)) Character: [MEMES]Кристя)) Ping: 23
PlayerID: 76561198341672556 Name: st.vladir Character: st.vladir Ping: 132
PlayerID: 76561198157563744 Name: Jason Voorhees Character: Jason Voorhees Ping: 62
PlayerID: 76561198203080154 Name: -_- Character: hero Ping: 46
PlayerID: 76561198292543416 Name: Mr_GiladKing Character: GamerYT Ping: 54
PlayerID: 76561198184881105 Name: kit75nik Character: kit75nik Ping: 125

END with Players:
Client has executed command "players"

TimerTerminateCommand.Enabled with Players:
Players:
PlayerID: 76561198366549870 Name: Expert13372284200 Character: Expert1337 Ping: 164
PlayerID: 76561198322193999 Name: ™_Game®_™ Character: Карл Иванович Ping: 54
PlayerID: 76561198391121800 Name: Джеимс Вурхиз Character: Джеимс Вурхиз Ping: 54
PlayerID: 76561198314638573 Name: UDODMEN Character: udodmen Ping: 85
PlayerID: 76561198198481426 Name: JasonVH Character: JasonVH Ping: 93
PlayerID: 76561198371041527 Name: ¦_s1mple_¦ Character: miguelhormat Ping: 31
PlayerID: 76561198280617288 Name: Незнаю какой придумать Character: Пипр Ping: 39
PlayerID: 76561198056237987 Name: Calibrovshik Character: Calibrovshik Ping: 101
PlayerID: 76561198253525803 Name: [MEMES]Кристя)) Character: [MEMES]Кристя)) Ping: 23
PlayerID: 76561198341672556 Name: st.vladir Character: st.vladir Ping: 164
PlayerID: 76561198157563744 Name: Jason Voorhees Character: Jason Voorhees Ping: 62
PlayerID: 76561198203080154 Name: -_- Character: hero Ping: 54
PlayerID: 76561198292543416 Name: Mr_GiladKing Character: GamerYT Ping: 31
PlayerID: 76561198184881105 Name: kit75nik Character: kit75nik Ping: 156

END with Players:
Client has executed command "players"

TimerTerminateCommand.Enabled with Players:
Players:
PlayerID: 76561198366549870 Name: Expert13372284200 Character: Expert1337 Ping: 125
PlayerID: 76561198322193999 Name: ™_Game®_™ Character: Карл Иванович Ping: 46
PlayerID: 76561198391121800 Name: Джеимс Вурхиз Character: Джеимс Вурхиз Ping: 70
PlayerID: 76561198314638573 Name: UDODMEN Character: udodmen Ping: 70
PlayerID: 76561198198481426 Name: JasonVH Character: JasonVH Ping: 70
PlayerID: 76561198371041527 Name: ¦_s1mple_¦ Character: miguelhormat Ping: 39
PlayerID: 76561198280617288 Name: Незнаю какой придумать Character: Пипр Ping: 46
PlayerID: 76561198056237987 Name: Calibrovshik Character: Calibrovshik Ping: 101
PlayerID: 76561198253525803 Name: [MEMES]Кристя)) Character: [MEMES]Кристя)) Ping: 15
PlayerID: 76561198341672556 Name: st.vladir Character: st.vladir Ping: 132
PlayerID: 76561198157563744 Name: Jason Voorhees Character: Jason Voorhees Ping: 70
PlayerID: 76561198203080154 Name: -_- Character: hero Ping: 93
PlayerID: 76561198292543416 Name: Mr_GiladKing Character: GamerYT Ping: 62
PlayerID: 76561198184881105 Name: kit75nik Character: kit75nik Ping: 125

END with Players:
Client has executed command "players"

TimerTerminateCommand.Enabled with Players:
Players:
PlayerID: 76561198366549870 Name: Expert13372284200 Character: Expert1337 Ping: 117
PlayerID: 76561198322193999 Name: ™_Game®_™ Character: Карл Иванович Ping: 39
PlayerID: 76561198391121800 Name: Джеимс Вурхиз Character: Джеимс Вурхиз Ping: 54
PlayerID: 76561198314638573 Name: UDODMEN Character: udodmen Ping: 70
PlayerID: 76561198198481426 Name: JasonVH Character: JasonVH Ping: 78
PlayerID: 76561198371041527 Name: ¦_s1mple_¦ Character: miguelhormat Ping: 31
PlayerID: 76561198280617288 Name: Незнаю какой придумать Character: Пипр Ping: 54
PlayerID: 76561198056237987 Name: Calibrovshik Character: Calibrovshik Ping: 101
PlayerID: 76561198253525803 Name: [MEMES]Кристя)) Character: [MEMES]Кристя)) Ping: 15
PlayerID: 76561198341672556 Name: st.vladir Character: st.vladir Ping: 140
PlayerID: 76561198157563744 Name: Jason Voorhees Character: Jason Voorhees Ping: 70
PlayerID: 76561198203080154 Name: -_- Character: hero Ping: 85
PlayerID: 76561198292543416 Name: Mr_GiladKing Character: GamerYT Ping: 39
PlayerID: 76561198184881105 Name: kit75nik Character: kit75nik Ping: 125

END with Players:
Client has executed command "players"

TimerTerminateCommand.Enabled with Players:
Players:
PlayerID: 76561198366549870 Name: Expert13372284200 Character: Expert1337 Ping: 132
PlayerID: 76561198322193999 Name: ™_Game®_™ Character: Карл Иванович Ping: 54
PlayerID: 76561198391121800 Name: Джеимс Вурхиз Character: Джеимс Вурхиз Ping: 54
PlayerID: 76561198314638573 Name: UDODMEN Character: udodmen Ping: 78
PlayerID: 76561198198481426 Name: JasonVH Character: JasonVH Ping: 101
PlayerID: 76561198371041527 Name: ¦_s1mple_¦ Character: miguelhormat Ping: 31
PlayerID: 76561198280617288 Name: Незнаю какой придумать Character: Пипр Ping: 62
PlayerID: 76561198056237987 Name: Calibrovshik Character: Calibrovshik Ping: 101
PlayerID: 76561198253525803 Name: [MEMES]Кристя)) Character: [MEMES]Кристя)) Ping: 7
PlayerID: 76561198341672556 Name: st.vladir Character: st.vladir Ping: 156
PlayerID: 76561198157563744 Name: Jason Voorhees Character: Jason Voorhees Ping: 70
PlayerID: 76561198203080154 Name: -_- Character: hero Ping: 62
PlayerID: 76561198292543416 Name: Mr_GiladKing Character: GamerYT Ping: 54
PlayerID: 76561198184881105 Name: kit75nik Character: kit75nik Ping: 109

TimerTerminateCommand.Enabled with Players:
Client has executed command "say "v intervale ot 20 min do 1 chasa""

TimerTerminateCommand.Enabled with Players:
[World] Пипр [Незнаю какой придумать]: "/home"

END with Players:
Client has executed command "say "sluchaino""

[World] udodmen [UDODMEN]: "rkfc"

Client has executed command "players"

TimerTerminateCommand.Enabled with Players:
Players:
PlayerID: 76561198366549870 Name: Expert13372284200 Character: Expert1337 Ping: 117
PlayerID: 76561198322193999 Name: ™_Game®_™ Character: Карл Иванович Ping: 54
PlayerID: 76561198391121800 Name: Джеимс Вурхиз Character: Джеимс Вурхиз Ping: 54
PlayerID: 76561198314638573 Name: UDODMEN Character: udodmen Ping: 70
PlayerID: 76561198198481426 Name: JasonVH Character: JasonVH Ping: 85
PlayerID: 76561198371041527 Name: ¦_s1mple_¦ Character: miguelhormat Ping: 31
PlayerID: 76561198280617288 Name: Незнаю какой придумать Character: Пипр Ping: 46
PlayerID: 76561198056237987 Name: Calibrovshik Character: Calibrovshik Ping: 109
PlayerID: 76561198253525803 Name: [MEMES]Кристя)) Character: [MEMES]Кристя)) Ping: 23
PlayerID: 76561198341672556 Name: st.vladir Character: st.vladir Ping: 140
PlayerID: 76561198157563744 Name: Jason Voorhees Character: Jason Voorhees Ping: 70
PlayerID: 76561198203080154 Name: -_- Character: hero Ping: 164
PlayerID: 76561198292543416 Name: Mr_GiladKing Character: GamerYT Ping: 54
PlayerID: 76561198184881105 Name: kit75nik Character: kit75nik Ping: 125

END with Players:
[World] Пипр [Незнаю какой придумать]: "Что случайно?"

[World] udodmen [UDODMEN]: "клас"

[World] udodmen [UDODMEN]: "тачки"

Не обработано: MessageAnnouncer >> Broadcast: Наберите /kit claim, чтобы получить Claim Flag
MessageAnnouncer >> Broadcast: Наберите /kit claim, чтобы получить Claim Flag

Не обработано: MessageAnnouncer >> Наберите /kit claim, чтобы получить Claim Flag
MessageAnnouncer >> Наберите /kit claim, чтобы получить Claim Flag

Client has executed command "players"

TimerTerminateCommand.Enabled with Players:
Players:
PlayerID: 76561198366549870 Name: Expert13372284200 Character: Expert1337 Ping: 132
PlayerID: 76561198322193999 Name: ™_Game®_™ Character: Карл Иванович Ping: 62
PlayerID: 76561198391121800 Name: Джеимс Вурхиз Character: Джеимс Вурхиз Ping: 62
PlayerID: 76561198314638573 Name: UDODMEN Character: udodmen Ping: 62
PlayerID: 76561198198481426 Name: JasonVH Character: JasonVH Ping: 85
PlayerID: 76561198371041527 Name: ¦_s1mple_¦ Character: miguelhormat Ping: 31
PlayerID: 76561198280617288 Name: Незнаю какой придумать Character: Пипр Ping: 54
PlayerID: 76561198056237987 Name: Calibrovshik Character: Calibrovshik Ping: 117
PlayerID: 76561198253525803 Name: [MEMES]Кристя)) Character: [MEMES]Кристя)) Ping: 15
PlayerID: 76561198341672556 Name: st.vladir Character: st.vladir Ping: 132
PlayerID: 76561198157563744 Name: Jason Voorhees Character: Jason Voorhees Ping: 62
PlayerID: 76561198203080154 Name: -_- Character: hero Ping: 70
PlayerID: 76561198292543416 Name: Mr_GiladKing Character: GamerYT Ping: 46
PlayerID: 76561198184881105 Name: kit75nik Character: kit75nik Ping: 117

END with Players:
Client has executed command "players"

TimerTerminateCommand.Enabled with Players:
Players:
PlayerID: 76561198366549870 Name: Expert13372284200 Character: Expert1337 Ping: 132
PlayerID: 76561198322193999 Name: ™_Game®_™ Character: Карл Иванович Ping: 46
PlayerID: 76561198391121800 Name: Джеимс Вурхиз Character: Джеимс Вурхиз Ping: 62
PlayerID: 76561198314638573 Name: UDODMEN Character: udodmen Ping: 70
PlayerID: 76561198198481426 Name: JasonVH Character: JasonVH Ping: 78
PlayerID: 76561198371041527 Name: ¦_s1mple_¦ Character: miguelhormat Ping: 31
PlayerID: 76561198280617288 Name: Незнаю какой придумать Character: Пипр Ping: 62
PlayerID: 76561198056237987 Name: Calibrovshik Character: Calibrovshik Ping: 101
PlayerID: 76561198253525803 Name: [MEMES]Кристя)) Character: [MEMES]Кристя)) Ping: 23
PlayerID: 76561198341672556 Name: st.vladir Character: st.vladir Ping: 132
PlayerID: 76561198157563744 Name: Jason Voorhees Character: Jason Voorhees Ping: 70
PlayerID: 76561198203080154 Name: -_- Character: hero Ping: 54
PlayerID: 76561198292543416 Name: Mr_GiladKing Character: GamerYT Ping: 39
PlayerID: 76561198184881105 Name: kit75nik Character: kit75nik Ping: 117

TimerTerminateCommand.Enabled with Players:
Client has executed command "say "sluchaino vibiraetsa vrema v predelah 20-60 min""

END with Players:
[Area] miguelhormat [¦_s1mple_¦]: "/home"

[World] Пипр [Незнаю какой придумать]: "Аа Спасибо за инфу"

Client has executed command "players"

TimerTerminateCommand.Enabled with Players:
Players:
PlayerID: 76561198366549870 Name: Expert13372284200 Character: Expert1337 Ping: 125
PlayerID: 76561198322193999 Name: ™_Game®_™ Character: Карл Иванович Ping: 62
PlayerID: 76561198391121800 Name: Джеимс Вурхиз Character: Джеимс Вурхиз Ping: 78
PlayerID: 76561198314638573 Name: UDODMEN Character: udodmen Ping: 70
PlayerID: 76561198198481426 Name: JasonVH Character: JasonVH Ping: 62
PlayerID: 76561198371041527 Name: ¦_s1mple_¦ Character: miguelhormat Ping: 31
PlayerID: 76561198280617288 Name: Незнаю какой придумать Character: Пипр Ping: 46
PlayerID: 76561198056237987 Name: Calibrovshik Character: Calibrovshik Ping: 109
PlayerID: 76561198253525803 Name: [MEMES]Кристя)) Character: [MEMES]Кристя)) Ping: 23
PlayerID: 76561198341672556 Name: st.vladir Character: st.vladir Ping: 148
PlayerID: 76561198157563744 Name: Jason Voorhees Character: Jason Voorhees Ping: 62
PlayerID: 76561198203080154 Name: -_- Character: hero Ping: 54
PlayerID: 76561198292543416 Name: Mr_GiladKing Character: GamerYT Ping: 39
PlayerID: 76561198184881105 Name: kit75nik Character: kit75nik Ping: 132

END with Players:
[World] Expert1337 [Expert13372284200]: "а ещё вопрос можна"

Client has executed command "say "aga""

Client has executed command "players"

TimerTerminateCommand.Enabled with Players:
Players:
PlayerID: 76561198366549870 Name: Expert13372284200 Character: Expert1337 Ping: 132
PlayerID: 76561198322193999 Name: ™_Game®_™ Character: Карл Иванович Ping: 54
PlayerID: 76561198391121800 Name: Джеимс Вурхиз Character: Джеимс Вурхиз Ping: 62
PlayerID: 76561198314638573 Name: UDODMEN Character: udodmen Ping: 78
PlayerID: 76561198198481426 Name: JasonVH Character: JasonVH Ping: 70
PlayerID: 76561198371041527 Name: ¦_s1mple_¦ Character: miguelhormat Ping: 31
PlayerID: 76561198280617288 Name: Незнаю какой придумать Character: Пипр Ping: 46
PlayerID: 76561198056237987 Name: Calibrovshik Character: Calibrovshik Ping: 101
PlayerID: 76561198253525803 Name: [MEMES]Кристя)) Character: [MEMES]Кристя)) Ping: 23
PlayerID: 76561198341672556 Name: st.vladir Character: st.vladir Ping: 140
PlayerID: 76561198157563744 Name: Jason Voorhees Character: Jason Voorhees Ping: 70
PlayerID: 76561198203080154 Name: -_- Character: hero Ping: 54
PlayerID: 76561198292543416 Name: Mr_GiladKing Character: GamerYT Ping: 39
PlayerID: 76561198184881105 Name: kit75nik Character: kit75nik Ping: 109

END with Players:
[World] Expert1337 [Expert13372284200]: "а какова вероятность что я найду миниган"

Client has executed command "say "=)""

Client has executed command "players"

TimerTerminateCommand.Enabled with Players:
Players:
PlayerID: 76561198366549870 Name: Expert13372284200 Character: Expert1337 Ping: 132
PlayerID: 76561198322193999 Name: ™_Game®_™ Character: Карл Иванович Ping: 54
PlayerID: 76561198391121800 Name: Джеимс Вурхиз Character: Джеимс Вурхиз Ping: 70
PlayerID: 76561198314638573 Name: UDODMEN Character: udodmen Ping: 78
PlayerID: 76561198198481426 Name: JasonVH Character: JasonVH Ping: 70
PlayerID: 76561198371041527 Name: ¦_s1mple_¦ Character: miguelhormat Ping: 31
PlayerID: 76561198280617288 Name: Незнаю какой придумать Character: Пипр Ping: 46
PlayerID: 76561198056237987 Name: Calibrovshik Character: Calibrovshik Ping: 93
PlayerID: 76561198253525803 Name: [MEMES]Кристя)) Character: [MEMES]Кристя)) Ping: 31
PlayerID: 76561198341672556 Name: st.vladir Character: st.vladir Ping: 140
PlayerID: 76561198157563744 Name: Jason Voorhees Character: Jason Voorhees Ping: 62
PlayerID: 76561198203080154 Name: -_- Character: hero Ping: 70
PlayerID: 76561198292543416 Name: Mr_GiladKing Character: GamerYT Ping: 62
PlayerID: 76561198184881105 Name: kit75nik Character: kit75nik Ping: 117

END with Players:
[World] Expert1337 [Expert13372284200]: "))))))))))))"

Disconnecting: PlayerID: 76561198184881105 Name: kit75nik Character: kit75nik

Client has executed command "say "veroyatnost' est'""

Client has executed command "players"

TimerTerminateCommand.Enabled with Players:
Players:
PlayerID: 76561198366549870 Name: Expert13372284200 Character: Expert1337 Ping: 125
PlayerID: 76561198322193999 Name: ™_Game®_™ Character: Карл Иванович Ping: 62
PlayerID: 76561198391121800 Name: Джеимс Вурхиз Character: Джеимс Вурхиз Ping: 62
PlayerID: 76561198314638573 Name: UDODMEN Character: udodmen Ping: 62
PlayerID: 76561198198481426 Name: JasonVH Character: JasonVH Ping: 70
PlayerID: 76561198371041527 Name: ¦_s1mple_¦ Character: miguelhormat Ping: 39
PlayerID: 76561198280617288 Name: Незнаю какой придумать Character: Пипр Ping: 70
PlayerID: 76561198056237987 Name: Calibrovshik Character: Calibrovshik Ping: 117
PlayerID: 76561198253525803 Name: [MEMES]Кристя)) Character: [MEMES]Кристя)) Ping: 31
PlayerID: 76561198341672556 Name: st.vladir Character: st.vladir Ping: 140
PlayerID: 76561198157563744 Name: Jason Voorhees Character: Jason Voorhees Ping: 70
PlayerID: 76561198203080154 Name: -_- Character: hero Ping: 70
PlayerID: 76561198292543416 Name: Mr_GiladKing Character: GamerYT Ping: 54

TimerTerminateCommand.Enabled with Players:
Client has executed command "say "))))""

END with Players:
Не обработано: PlayerInfoLib >> No expired player info records found for this batch.
PlayerInfoLib >> No expired player info records found for this batch.

Не обработано: MessageAnnouncer >> Broadcast: Если модератор ведёт себя неподобающе, пишите в группу или ЛС (vk.com/unturned_hgm, vk.com/hemulgm)
MessageAnnouncer >> Broadcast: Если модератор ведёт себя неподобающе, пишите в группу или ЛС (vk.com/unturned_hgm, vk.com/hemulgm)

Не обработано: MessageAnnouncer >> Если модератор ведёт себя неподобающе, пишите в группу или ЛС (vk.com/unturned_hgm, vk.com/hemulgm)
MessageAnnouncer >> Если модератор ведёт себя неподобающе, пишите в группу или ЛС (vk.com/unturned_hgm, vk.com/hemulgm)

Connecting: PlayerID: 76561198307943960 Name: Хохол Character: VVP

Client has executed command "players"

TimerTerminateCommand.Enabled with Players:
Players:
PlayerID: 76561198366549870 Name: Expert13372284200 Character: Expert1337 Ping: 125
PlayerID: 76561198322193999 Name: ™_Game®_™ Character: Карл Иванович Ping: 62
PlayerID: 76561198391121800 Name: Джеимс Вурхиз Character: Джеимс Вурхиз Ping: 54
PlayerID: 76561198314638573 Name: UDODMEN Character: udodmen Ping: 62
PlayerID: 76561198198481426 Name: JasonVH Character: JasonVH Ping: 70
PlayerID: 76561198371041527 Name: ¦_s1mple_¦ Character: miguelhormat Ping: 39
PlayerID: 76561198280617288 Name: Незнаю какой придумать Character: Пипр Ping: 62
PlayerID: 76561198056237987 Name: Calibrovshik Character: Calibrovshik Ping: 109
PlayerID: 76561198253525803 Name: [MEMES]Кристя)) Character: [MEMES]Кристя)) Ping: 15
PlayerID: 76561198341672556 Name: st.vladir Character: st.vladir Ping: 148
PlayerID: 76561198157563744 Name: Jason Voorhees Character: Jason Voorhees Ping: 62
PlayerID: 76561198203080154 Name: -_- Character: hero Ping: 101
PlayerID: 76561198292543416 Name: Mr_GiladKing Character: GamerYT Ping: 46
PlayerID: 76561198307943960 Name: Хохол Character: VVP Ping: 421

TimerTerminateCommand.Enabled with Players:
[World] udodmen [UDODMEN]: "на вашингтоно шанс спавна минигана вроде 0%"

TimerTerminateCommand.Enabled with Players:
Client has executed command "say "hotya, ya naverno ego zapretil""

END with Players:
Client has executed command "say "++""

[World] Expert1337 [Expert13372284200]: "ну да"

Client has executed command "players"

TimerTerminateCommand.Enabled with Players:
Players:
PlayerID: 76561198366549870 Name: Expert13372284200 Character: Expert1337 Ping: 125
PlayerID: 76561198322193999 Name: ™_Game®_™ Character: Карл Иванович Ping: 54
PlayerID: 76561198391121800 Name: Джеимс Вурхиз Character: Джеимс Вурхиз Ping: 62
PlayerID: 76561198314638573 Name: UDODMEN Character: udodmen Ping: 62
PlayerID: 76561198198481426 Name: JasonVH Character: JasonVH Ping: 78
PlayerID: 76561198371041527 Name: ¦_s1mple_¦ Character: miguelhormat Ping: 31
PlayerID: 76561198280617288 Name: Незнаю какой придумать Character: Пипр Ping: 70
PlayerID: 76561198056237987 Name: Calibrovshik Character: Calibrovshik Ping: 93
PlayerID: 76561198253525803 Name: [MEMES]Кристя)) Character: [MEMES]Кристя)) Ping: 23
PlayerID: 76561198341672556 Name: st.vladir Character: st.vladir Ping: 148
PlayerID: 76561198157563744 Name: Jason Voorhees Character: Jason Voorhees Ping: 70
PlayerID: 76561198203080154 Name: -_- Character: hero Ping: 62
PlayerID: 76561198292543416 Name: Mr_GiladKing Character: GamerYT Ping: 39
PlayerID: 76561198307943960 Name: Хохол Character: VVP Ping: 54

END with Players:
[World] Пипр [Незнаю какой придумать]: "Ну да а ну некоторыг он есть"

[World] VVP [Хохол]: "/kits"

Client has executed command "say "udodmen prav, i poluchaet heal""

Client has executed command "heal [6/1/2017 1:57:04 PM] [Info] PlayerID: 76561198200101595 Name: Deus vult Character: Nevalyasha4 Ping: 121"

Не обработано: Указанный игрок не найден
Указанный игрок не найден

Client has executed command "players"

TimerTerminateCommand.Enabled with Players:
Players:
PlayerID: 76561198366549870 Name: Expert13372284200 Character: Expert1337 Ping: 148
PlayerID: 76561198322193999 Name: ™_Game®_™ Character: Карл Иванович Ping: 46
PlayerID: 76561198391121800 Name: Джеимс Вурхиз Character: Джеимс Вурхиз Ping: 54
PlayerID: 76561198314638573 Name: UDODMEN Character: udodmen Ping: 70
PlayerID: 76561198198481426 Name: JasonVH Character: JasonVH Ping: 78
PlayerID: 76561198371041527 Name: ¦_s1mple_¦ Character: miguelhormat Ping: 39
PlayerID: 76561198280617288 Name: Незнаю какой придумать Character: Пипр Ping: 39
PlayerID: 76561198056237987 Name: Calibrovshik Character: Calibrovshik Ping: 93
PlayerID: 76561198253525803 Name: [MEMES]Кристя)) Character: [MEMES]Кристя)) Ping: 23
PlayerID: 76561198341672556 Name: st.vladir Character: st.vladir Ping: 140
PlayerID: 76561198157563744 Name: Jason Voorhees Character: Jason Voorhees Ping: 62
PlayerID: 76561198203080154 Name: -_- Character: hero Ping: 70
PlayerID: 76561198292543416 Name: Mr_GiladKing Character: GamerYT Ping: 62
PlayerID: 76561198307943960 Name: Хохол Character: VVP Ping: 39

TimerTerminateCommand.Enabled with Players:
[World] udodmen [UDODMEN]: ")))"

TimerTerminateCommand.Enabled with Players:
Client has executed command "heal 76561198314638573"

Не обработано: udodmen был исцелён
TimerTerminateCommand.Enabled with Players:
udodmen был исцелён

END with Players:
[World] Expert1337 [Expert13372284200]: "там у чувака он был но он слился с ним"

[World] udodmen [UDODMEN]: "спасибо"

Client has executed command "players"

TimerTerminateCommand.Enabled with Players:
Players:
PlayerID: 76561198366549870 Name: Expert13372284200 Character: Expert1337 Ping: 140
PlayerID: 76561198322193999 Name: ™_Game®_™ Character: Карл Иванович Ping: 54
PlayerID: 76561198391121800 Name: Джеимс Вурхиз Character: Джеимс Вурхиз Ping: 62
PlayerID: 76561198314638573 Name: UDODMEN Character: udodmen Ping: 70
PlayerID: 76561198198481426 Name: JasonVH Character: JasonVH Ping: 78
PlayerID: 76561198371041527 Name: ¦_s1mple_¦ Character: miguelhormat Ping: 31
PlayerID: 76561198280617288 Name: Незнаю какой придумать Character: Пипр Ping: 46
PlayerID: 76561198056237987 Name: Calibrovshik Character: Calibrovshik Ping: 109
PlayerID: 76561198253525803 Name: [MEMES]Кристя)) Character: [MEMES]Кристя)) Ping: 7
PlayerID: 76561198341672556 Name: st.vladir Character: st.vladir Ping: 140
PlayerID: 76561198157563744 Name: Jason Voorhees Character: Jason Voorhees Ping: 62
PlayerID: 76561198203080154 Name: -_- Character: hero Ping: 54
PlayerID: 76561198292543416 Name: Mr_GiladKing Character: GamerYT Ping: 54
PlayerID: 76561198307943960 Name: Хохол Character: VVP Ping: 125

END with Players:
Client has executed command "say "moder""

Client has executed command "players"

TimerTerminateCommand.Enabled with Players:
Players:
PlayerID: 76561198366549870 Name: Expert13372284200 Character: Expert1337 Ping: 140
PlayerID: 76561198322193999 Name: ™_Game®_™ Character: Карл Иванович Ping: 54
PlayerID: 76561198391121800 Name: Джеимс Вурхиз Character: Джеимс Вурхиз Ping: 62
PlayerID: 76561198314638573 Name: UDODMEN Character: udodmen Ping: 62
PlayerID: 76561198198481426 Name: JasonVH Character: JasonVH Ping: 62
PlayerID: 76561198371041527 Name: ¦_s1mple_¦ Character: miguelhormat Ping: 31
PlayerID: 76561198280617288 Name: Незнаю какой придумать Character: Пипр Ping: 109
PlayerID: 76561198056237987 Name: Calibrovshik Character: Calibrovshik Ping: 93
PlayerID: 76561198253525803 Name: [MEMES]Кристя)) Character: [MEMES]Кристя)) Ping: 23
PlayerID: 76561198341672556 Name: st.vladir Character: st.vladir Ping: 132
PlayerID: 76561198157563744 Name: Jason Voorhees Character: Jason Voorhees Ping: 54
PlayerID: 76561198203080154 Name: -_- Character: hero Ping: 62
PlayerID: 76561198292543416 Name: Mr_GiladKing Character: GamerYT Ping: 39
PlayerID: 76561198307943960 Name: Хохол Character: VVP Ping: 453

END with Players:
Client has executed command "say "naverno. Nick skin', esli uvidish""

Не обработано: DeathMessagesRemastered >> Broadcast: JasonVH has been mauled by a zombie! 
DeathMessagesRemastered >> Broadcast: JasonVH has been mauled by a zombie! 

Не обработано: JasonVH [JasonVH] was mauled by a zombie!
JasonVH [JasonVH] was mauled by a zombie!

Client has executed command "players"

TimerTerminateCommand.Enabled with Players:
Players:
PlayerID: 76561198366549870 Name: Expert13372284200 Character: Expert1337 Ping: 132
PlayerID: 76561198322193999 Name: ™_Game®_™ Character: Карл Иванович Ping: 62
PlayerID: 76561198391121800 Name: Джеимс Вурхиз Character: Джеимс Вурхиз Ping: 54
PlayerID: 76561198314638573 Name: UDODMEN Character: udodmen Ping: 70
PlayerID: 76561198198481426 Name: JasonVH Character: JasonVH Ping: 273
PlayerID: 76561198371041527 Name: ¦_s1mple_¦ Character: miguelhormat Ping: 39
PlayerID: 76561198280617288 Name: Незнаю какой придумать Character: Пипр Ping: 62
PlayerID: 76561198056237987 Name: Calibrovshik Character: Calibrovshik Ping: 93
PlayerID: 76561198253525803 Name: [MEMES]Кристя)) Character: [MEMES]Кристя)) Ping: 31
PlayerID: 76561198341672556 Name: st.vladir Character: st.vladir Ping: 132
PlayerID: 76561198157563744 Name: Jason Voorhees Character: Jason Voorhees Ping: 62
PlayerID: 76561198203080154 Name: -_- Character: hero Ping: 54
PlayerID: 76561198292543416 Name: Mr_GiladKing Character: GamerYT Ping: 132
PlayerID: 76561198307943960 Name: Хохол Character: VVP Ping: 85

END with Players:
[World] JasonVH [JasonVH]: "/tpa udod"

[World] udodmen [UDODMEN]: "/tpa a"

Не обработано: MessageAnnouncer >> Broadcast: vk.com/hemulgm - ЕДИНСТВЕННЫЙ администратор сервера
MessageAnnouncer >> Broadcast: vk.com/hemulgm - ЕДИНСТВЕННЫЙ администратор сервера

Не обработано: MessageAnnouncer >> vk.com/hemulgm - ЕДИНСТВЕННЫЙ администратор сервера
MessageAnnouncer >> vk.com/hemulgm - ЕДИНСТВЕННЫЙ администратор сервера

Client has executed command "players"

TimerTerminateCommand.Enabled with Players:
Players:
PlayerID: 76561198366549870 Name: Expert13372284200 Character: Expert1337 Ping: 140
PlayerID: 76561198322193999 Name: ™_Game®_™ Character: Карл Иванович Ping: 54
PlayerID: 76561198391121800 Name: Джеимс Вурхиз Character: Джеимс Вурхиз Ping: 62
PlayerID: 76561198314638573 Name: UDODMEN Character: udodmen Ping: 70
PlayerID: 76561198198481426 Name: JasonVH Character: JasonVH Ping: 62
PlayerID: 76561198371041527 Name: ¦_s1mple_¦ Character: miguelhormat Ping: 39
PlayerID: 76561198280617288 Name: Незнаю какой придумать Character: Пипр Ping: 46
PlayerID: 76561198056237987 Name: Calibrovshik Character: Calibrovshik Ping: 93
PlayerID: 76561198253525803 Name: [MEMES]Кристя)) Character: [MEMES]Кристя)) Ping: 15
PlayerID: 76561198341672556 Name: st.vladir Character: st.vladir Ping: 140
PlayerID: 76561198157563744 Name: Jason Voorhees Character: Jason Voorhees Ping: 62
PlayerID: 76561198203080154 Name: -_- Character: hero Ping: 62
PlayerID: 76561198292543416 Name: Mr_GiladKing Character: GamerYT Ping: 62
PlayerID: 76561198307943960 Name: Хохол Character: VVP Ping: 109

END with Players:
