Не обработано: RocketRcon v2.4.8.0
RocketRcon v2.4.8.0

Client has executed command "players"

TimerTerminateCommand.Enabled with Players:
Players:
PlayerID: 76561198369248070 Name: Ali Character: Ali Ping: 148
PlayerID: 76561198165822970 Name: Indigo Character: Indigo Ping: 42
PlayerID: 76561198114070067 Name: Super iGeroy Character: Samurai Ping: 50
PlayerID: 76561198351213164 Name: _АхМеД_ Character: Виндяй Вечеслав Ping: 117
PlayerID: 76561198363828451 Name: Ничоси Character: Кеша Ping: 39
PlayerID: 76561198334346242 Name: мареонетка Character: [Кровавые]хмурый Ping: 97
PlayerID: 76561198381173735 Name: ingener_spring Character: ingener_spring Ping: 156
PlayerID: 76561198193423317 Name: Bandit Character: Bandit Ping: 97
PlayerID: 76561198190614569 Name: ___Ru$$ian BaNDit___ Character: Argus Ping: 74
PlayerID: 76561198392163437 Name: Unlocker Character: Unlocker Ping: 117
PlayerID: 76561198368128006 Name: Aibek Character: Aibek [A.S.D] Ping: 97
PlayerID: 76561198346656228 Name: #Sanion# Character: Citrus Ping: 97

TimerTerminateCommand.Enabled with Players:
[World] [Кровавые]хмурый [мареонетка]: "/HOME"

END with Players:
Client has executed command "bans"

TimerTerminateCommand.Enabled with Bans:
Bans:
PlayerID: 123123
JudgeID: 0
Reason: unspecified Duration: 31536000 Remaining: 31021584
PlayerID: 123
JudgeID: 0
Reason: durila Duration: 4000 Remaining: 4294457378
PlayerID: 76561198274427357
JudgeID: 0
Reason: you were vote kicked Duration: 180 Remaining: 4294485751

