28.08.2017 12:43:52: TheBlueGamer был съеден зомби! 
28.08.2017 12:53:34: Александр Микитюк был убит взрывной волной от машины!
28.08.2017 12:57:52: dylan был съеден зомби! 
28.08.2017 13:09:53: FlipGet был съеден зомби! 
28.08.2017 13:14:21: ЖЁСТКИЙ ГЕНЕРАЛ истёк кровью!
28.08.2017 13:28:03: vintoc был съеден зомби! 
28.08.2017 14:11:09: belouetmaxime974 был съеден зомби! 
28.08.2017 14:31:05: nikgstores12 был съеден зомби! 
28.08.2017 14:46:08: mixon4k умер от голода!
28.08.2017 14:50:26: waw_pat был съеден зомби! 
28.08.2017 14:53:12: Skot_GG был убит плювальщиком!
28.08.2017 14:53:33: waw_pat был съеден зомби! 
28.08.2017 14:53:56: AntonZareg был съеден зомби! 
28.08.2017 14:54:27: alexejja был съеден зомби! 
28.08.2017 14:54:39: a.tetervin был съеден зомби! 
28.08.2017 15:03:13: AntonZareg был съеден зомби! 
28.08.2017 15:08:48: JAT LAME истёк кровью!
28.08.2017 15:11:16: AntonZareg был съеден зомби! 
28.08.2017 15:18:42: Ем гусей каждый д утонул!
28.08.2017 15:53:38: Briandit был съеден зомби! 
28.08.2017 15:56:02: Ем гусей каждый д был съеден зомби! 
