Не обработано: RocketRcon v2.4.8.0
RocketRcon v2.4.8.0

Client has executed command "players"

TimerTerminateCommand.Enabled with Players:
Players:
PlayerID: 76561198371041527 Name: ¦_s1mple_¦ Character: miguelhormat Ping: 39
PlayerID: 76561198366549870 Name: Expert13372284200 Character: Expert1337 Ping: 132
PlayerID: 76561198300812301 Name: KiLeR00707 Character: KiLeR00707 Ping: 23
PlayerID: 76561198309800376 Name: polinazamlinskaya Character: Полина Замлынская Ping: 54
PlayerID: 76561198280617288 Name: Незнаю какой придумать Character: Пипр Ping: 70
PlayerID: 76561198351213164 Name: _АхМеД_ Character: Виндяй Вечеслав Ping: 85
PlayerID: 76561198184777471 Name: -SkullMaker ?? ?? Character: sprokit1111 Ping: 0
PlayerID: 76561198295801599 Name: Lo[x] Character: Lo[x] Ping: 46
PlayerID: 76561198176817369 Name: ?. Character: GlodiS Ping: 46
PlayerID: 76561198336842294 Name: (Мафия) Character: Ind2 Ping: 46
PlayerID: 76561198341672556 Name: st.vladir Character: st.vladir Ping: 132

END with Players:
Не обработано: DeathMessagesRemastered >> Broadcast: Ind2 has been mauled by a zombie! 
DeathMessagesRemastered >> Broadcast: Ind2 has been mauled by a zombie! 

Не обработано: Ind2 [(Мафия)] was mauled by a zombie!
Ind2 [(Мафия)] was mauled by a zombie!

