Не обработано: RocketRcon v2.4.8.0
RocketRcon v2.4.8.0

Client has executed command "players"

TimerTerminateCommand.Enabled with Players:
Players:
PlayerID: 76561198178769943 Name: Agusha228 Character: Agusha228 Ping: 164
PlayerID: 76561198144832045 Name: (БРО228)Агуша228 Character: (БРО228)Агуша228 Ping: 101
PlayerID: 76561198389415200 Name: Andrew Lavrinets Character: Andrew Ping: 164
PlayerID: 76561198322193999 Name: ™_Game®_™ Character: Карл Иванович Ping: 54
PlayerID: 76561198280617288 Name: Незнаю какой придумать Character: Пипр Ping: 54
PlayerID: 76561198393528096 Name: BlahBlahBlah Character: BlahBlahBlah Ping: 445
PlayerID: 76561198366549870 Name: Expert13372284200 Character: Expert1337 Ping: 132
PlayerID: 76561198345092267 Name: demid3450 Character: [гл террористов] демид журавлёв Ping: 109
PlayerID: 76561198219246692 Name: 71M0qp3u* Character: 71M0qp3u* Ping: 70

END with Players:
Client has executed command "bans"

TimerTerminateCommand.Enabled with Bans:
Bans:
PlayerID: 76561198274427357
JudgeID: 0
Reason: you were vote kicked Duration: 180 Remaining: 4294322686
PlayerID: 76561198341672556
JudgeID: 0
Reason: you were vote kicked Duration: 180 Remaining: 4294887877

END with Bans:
TimerTerminateCommand.Enabled with Players:
Client has executed command "players"
Players:
PlayerID: 76561198178769943 Name: Agusha228 Character: Agusha228 Ping: 117
PlayerID: 76561198144832045 Name: (БРО228)Агуша228 Character: (БРО228)Агуша228 Ping: 117
PlayerID: 76561198389415200 Name: Andrew Lavrinets Character: Andrew Ping: 296
PlayerID: 76561198322193999 Name: ™_Game®_™ Character: Карл Иванович Ping: 62
PlayerID: 76561198280617288 Name: Незнаю какой придумать Character: Пипр Ping: 117
PlayerID: 76561198393528096 Name: BlahBlahBlah Character: BlahBlahBlah Ping: 445
PlayerID: 76561198366549870 Name: Expert13372284200 Character: Expert1337 Ping: 132
PlayerID: 76561198345092267 Name: demid3450 Character: [гл террористов] демид журавлёв Ping: 109
PlayerID: 76561198219246692 Name: 71M0qp3u* Character: 71M0qp3u* Ping: 70

