23.08.2017 9:57:46: Mr.Digir был съеден зомби! 
23.08.2017 10:03:54: Mr.Digir был съеден зомби! 
23.08.2017 10:14:19: Mr.Digir был съеден зомби! 
23.08.2017 10:46:30: halospartan538 истёк кровью!
23.08.2017 11:00:41: ofekhay10 совершил суецид!
23.08.2017 11:01:15: ofekhay10 совершил суецид!
23.08.2017 11:03:08: Normal gamer был съеден зомби! 
23.08.2017 11:24:22: митя 123 был съеден зомби! 
23.08.2017 11:27:25: митя 123 был съеден зомби! 
23.08.2017 12:30:06: ingener_spring истёк кровью!
23.08.2017 12:55:05: данил был съеден зомби! 
23.08.2017 12:59:13: ingener_spring был съеден зомби! 
23.08.2017 13:00:17: темный мечник был съеден зомби! 
23.08.2017 13:00:23: Fiko? был убит плювальщиком!
23.08.2017 13:22:05: темный мечник истёк кровью!
23.08.2017 14:28:49: Николай Петрушкин был съеден зомби! 
23.08.2017 14:32:41: Илья кот совершил суецид!
23.08.2017 14:33:26: Илья кот совершил суецид!
23.08.2017 14:37:40: deniska.egorov.2009 был съеден зомби! 
23.08.2017 14:43:50: Илья кот разбился насмерть!
23.08.2017 15:08:01: Onii-chan был съеден зомби! 
23.08.2017 15:08:21: 30STM был съеден зомби! 
23.08.2017 15:14:25: 30STM был съеден зомби! 
23.08.2017 15:18:57: 30STM был съеден зомби! 
23.08.2017 15:44:39: Maverick истёк кровью!
23.08.2017 15:46:47: Maverick был съеден зомби! 
23.08.2017 15:48:27: Джонн Уик истёк кровью!
23.08.2017 15:51:12: Maverick был съеден зомби! 
23.08.2017 15:51:25: Джонн Уик был съеден зомби! 
23.08.2017 15:51:40: egor.w12 истёк кровью!
23.08.2017 15:51:49: vano020206 был съеден зомби! 
23.08.2017 15:52:01: radoslavik2005 истёк кровью!
23.08.2017 15:53:51: vano020206 истёк кровью!
23.08.2017 16:00:43: vano020206 был съеден зомби! 
23.08.2017 16:00:53: radoslavik2005 истёк кровью!
23.08.2017 16:01:24: egor.w12 был съеден зомби! 
23.08.2017 16:01:29: vano020206 был съеден зомби! 
23.08.2017 16:01:40: radoslavik2005 истёк кровью!
23.08.2017 16:02:52: vano020206 был съеден зомби! 
23.08.2017 16:03:03: radoslavik2005 был съеден зомби! 
23.08.2017 16:03:38: Maverick был съеден зомби! 
23.08.2017 16:03:55: radoslavik2005 был съеден зомби! 
23.08.2017 16:04:28: vano020206 был съеден зомби! 
23.08.2017 16:05:21: Ifjutanker был съеден зомби! 
23.08.2017 16:06:44: vano020206 был съеден зомби! 
23.08.2017 16:07:08: eAgLe был съеден зомби! 
23.08.2017 16:08:27: eAgLe был съеден зомби! 
23.08.2017 16:11:21: Джонн Уик был съеден зомби! 
23.08.2017 16:11:54: Maverick был съеден зомби! 
23.08.2017 16:13:31: Джонн Уик был съеден зомби! 
23.08.2017 16:13:45: radoslavik2005 истёк кровью!
23.08.2017 16:13:50: Maverick истёк кровью!
23.08.2017 16:14:23: egor.w12 истёк кровью!
23.08.2017 16:17:11: Maverick был съеден зомби! 
23.08.2017 16:18:08: eAgLe был съеден зомби! 
23.08.2017 16:20:59: radoslavik2005 был съеден зомби! 
23.08.2017 16:21:23: данил был съеден зомби! 
23.08.2017 16:21:30: egor.w12 истёк кровью!
23.08.2017 16:24:45: vano020206 был убит взрывной волной от машины!
23.08.2017 16:26:27: Baker истёк кровью!
23.08.2017 16:27:13: vano020206 был съеден зомби! 
23.08.2017 16:29:08: radoslavik2005 был съеден зомби! 
23.08.2017 16:32:42: radoslavik2005 истёк кровью!
23.08.2017 16:32:58: eAgLe истёк кровью!
23.08.2017 16:38:09: eAgLe был съеден зомби! 
23.08.2017 16:38:21: radoslavik2005 был съеден зомби! 
23.08.2017 16:40:43: radoslavik2005 был съеден зомби! 
23.08.2017 16:42:59: egor.w12 был съеден зомби! 
23.08.2017 16:43:05: radoslavik2005 истёк кровью!
23.08.2017 16:43:08: vano020206 был съеден зомби! 
23.08.2017 16:44:07: radoslavik2005 был съеден зомби! 
23.08.2017 16:52:32: eAgLe был съеден зомби! 
23.08.2017 16:58:02: Kira истёк кровью!
23.08.2017 17:17:10: SHIZBO был съеден зомби! 
23.08.2017 17:25:56: Nevec645.ss был съеден зомби! 
23.08.2017 17:35:30: Zweruga истёк кровью!
23.08.2017 17:40:19: Nevec645.ss истёк кровью!
23.08.2017 17:40:44: Maverick был съеден зомби! 
23.08.2017 17:40:55: Джонн Уик был убит плювальщиком!
23.08.2017 17:41:34: GLEBUCH468 истёк кровью!
23.08.2017 17:43:52: Nevec645.ss истёк кровью!
23.08.2017 17:46:52: Nevec645.ss был съеден зомби! 
23.08.2017 17:52:28: кирилл был съеден зомби! 
23.08.2017 17:58:27: eAgLe был съеден зомби! 
23.08.2017 17:58:44: GLEBUCH468 истёк кровью!
23.08.2017 18:00:23: кирилл сгорел!
23.08.2017 18:01:35: eAgLe истёк кровью!
23.08.2017 18:05:06: heavy198 был убит плювальщиком!
23.08.2017 18:22:51: deniska.egorov.2009 был съеден зомби! 
23.08.2017 18:25:24: deniska.egorov.2009 был съеден зомби! 
23.08.2017 18:27:35: kalzockt истёк кровью!
23.08.2017 18:30:59: zaid был съеден зомби! 
23.08.2017 18:32:56: sKope был съеден зомби! 
23.08.2017 18:37:02: xXx404xXx был съеден зомби! 
23.08.2017 18:38:33: lolik.colic утонул!
23.08.2017 18:39:48: xXx404xXx истёк кровью!
23.08.2017 19:15:17: vova.makarov.2003 истёк кровью!
23.08.2017 19:18:31: xXx404xXx утонул!
23.08.2017 19:20:53: xXx404xXx совершил суецид!
23.08.2017 19:21:06: xXx404xXx совершил суецид!
23.08.2017 19:21:22: xXx404xXx совершил суецид!
23.08.2017 19:21:27: xXx404xXx совершил суецид!
23.08.2017 19:21:33: xXx404xXx совершил суецид!
23.08.2017 19:21:38: xXx404xXx совершил суецид!
23.08.2017 19:21:46: xXx404xXx совершил суецид!
23.08.2017 19:43:54: brponjan был съеден зомби! 
23.08.2017 19:49:40: ArmorFoxy был убит плювальщиком!
23.08.2017 19:59:41: Den был съеден зомби! 
23.08.2017 20:01:05: lolik.colic истёк кровью!
23.08.2017 20:47:25: TheNixY;3 отравился!
23.08.2017 20:49:04: Danya80106 died of holding his breath for too long!
23.08.2017 20:50:30: Danya80106 был съеден зомби! 
23.08.2017 20:54:06: Danya80106 был съеден зомби! 
23.08.2017 20:58:05: Danya80106 был съеден зомби! 
23.08.2017 21:10:01: Danya80106 истёк кровью!
23.08.2017 21:14:32: DJ Bro был съеден зомби! 
23.08.2017 21:17:00: Danya80106 был съеден зомби! 
23.08.2017 21:25:11: Scogy был съеден зомби! 
23.08.2017 21:30:36: Scogy был съеден зомби! 
23.08.2017 21:30:55: xXx404xXx был съеден зомби! 
23.08.2017 21:35:39: xXx404xXx был съеден зомби! 
23.08.2017 21:35:53: xXx404xXx совершил суецид!
23.08.2017 21:38:59: xXx404xXx был съеден зомби! 
23.08.2017 21:39:58: Scogy истёк кровью!
23.08.2017 21:44:42: TheNixY;3 был убит взрывной волной от машины!
23.08.2017 22:07:52: un был съеден зомби! 
23.08.2017 22:08:02: un совершил суецид!
23.08.2017 22:08:13: un совершил суецид!
23.08.2017 22:30:02: doortje истёк кровью!
23.08.2017 22:32:01: Nikita совершил суецид!
23.08.2017 22:43:24: Nikita был съеден зомби! 
23.08.2017 22:59:45: Diamond_person был съеден зомби! 
23.08.2017 23:00:35: Diamond_person был съеден зомби! 
23.08.2017 23:06:24: charles mcgee истёк кровью!
23.08.2017 23:18:18: tk84construction был съеден зомби! 
23.08.2017 23:18:40: KanePlay был убит плювальщиком!
23.08.2017 23:26:26: VladimirOst был съеден зомби! 
23.08.2017 23:34:04: KanePlay был убит плювальщиком!
23.08.2017 23:55:16: Koctia_Zhorov совершил суецид!
24.08.2017 0:04:23: Джонн Уик был съеден зомби! 
24.08.2017 0:07:53: KanePlay был съеден зомби! 
24.08.2017 0:14:02: VladimirOst был съеден зомби! 
24.08.2017 0:18:15: mata2002f был съеден зомби! 
24.08.2017 0:21:13: TheNixY;3 утонул!
24.08.2017 0:55:53: slyfox утонул!
24.08.2017 1:36:22: TheNixY;3 был съеден зомби! 
24.08.2017 1:43:43: nightcrawler123 был съеден зомби! 
24.08.2017 10:07:13: ingener_spring был съеден зомби! 
24.08.2017 10:57:10: ingener_spring был съеден зомби! 
24.08.2017 11:04:51: ATAMAN был съеден зомби! 
24.08.2017 11:24:46: костян2005 был съеден зомби! 
24.08.2017 11:26:19: tomos.2000 истёк кровью!
24.08.2017 11:29:06: tomos.2000 был убит камушком!
24.08.2017 11:29:57: omreker совершил суецид!
24.08.2017 11:50:45: romchik был съеден зомби! 
24.08.2017 12:00:41: DrinkMeerkat был съеден зомби! 
24.08.2017 12:04:11: omreker был убит плювальщиком!
24.08.2017 12:04:13: ingener_spring был съеден зомби! 
24.08.2017 12:04:25: Cаня Cтишков был убит плювальщиком!
24.08.2017 12:08:53: DrinkMeerkat был съеден зомби! 
24.08.2017 12:12:47: ingener_spring истёк кровью!
24.08.2017 12:13:40: DrinkMeerkat был съеден зомби! 
24.08.2017 12:13:51: I SEE YOU совершил суецид!
24.08.2017 12:15:25: ingener_spring совершил суецид!
24.08.2017 12:17:17: DrinkMeerkat был съеден зомби! 
24.08.2017 12:21:04: данил был съеден зомби! 
24.08.2017 12:22:17: omreker был съеден зомби! 
24.08.2017 12:22:22: данил был съеден зомби! 
24.08.2017 12:23:30: DrinkMeerkat истёк кровью!
24.08.2017 12:23:38: Cаня Cтишков был съеден зомби! 
24.08.2017 12:24:02: omreker был съеден зомби! 
24.08.2017 12:24:08: DrinkMeerkat совершил суецид!
24.08.2017 12:26:56: DrinkMeerkat был съеден зомби! 
24.08.2017 12:27:41: Cаня Cтишков был съеден зомби! 
24.08.2017 12:29:40: I SEE YOU был съеден зомби! 
24.08.2017 12:30:02: DrinkMeerkat совершил суецид!
24.08.2017 12:32:41: I SEE YOU был съеден зомби! 
24.08.2017 12:33:09: DrinkMeerkat совершил суецид!
24.08.2017 12:35:52: I SEE YOU был съеден зомби! 
24.08.2017 12:37:49: DrinkMeerkat был съеден зомби! 
24.08.2017 12:47:36: omreker сгорел!
24.08.2017 12:48:36: omreker совершил суецид!
24.08.2017 12:50:07: ingener_spring был съеден зомби! 
24.08.2017 12:50:11: DrinkMeerkat был съеден зомби! 
24.08.2017 12:50:23: I SEE YOU был съеден зомби! 
24.08.2017 12:52:10: DrinkMeerkat был съеден зомби! 
24.08.2017 13:15:27: DrinkMeerkat истёк кровью!
24.08.2017 13:19:48: DrinkMeerkat совершил суецид!
24.08.2017 13:30:08: Струна был съеден зомби! 
24.08.2017 13:30:09: Лев Шегинян был съеден зомби! 
24.08.2017 13:37:31: Gleb Beresnevich был съеден зомби! 
24.08.2017 13:39:10: Лев Шегинян был убит камушком!
24.08.2017 13:43:52: omreker был съеден зомби! 
24.08.2017 13:46:54: Струна истёк кровью!
24.08.2017 13:53:36: yellowSockGame был съеден зомби! 
24.08.2017 13:53:37: Струна был съеден зомби! 
24.08.2017 14:05:13: vladimir.karelin.04 был съеден зомби! 
24.08.2017 14:05:36: yellowSockGame был съеден зомби! 
24.08.2017 14:08:55: radoslavik2005 истёк кровью!
24.08.2017 14:08:55: Зеленый был съеден зомби! 
24.08.2017 14:09:09: желтый был съеден зомби! 
24.08.2017 14:13:36: radoslavik2005 был съеден зомби! 
24.08.2017 14:13:42: I SEE YOU утонул!
24.08.2017 14:15:48: omreker был съеден зомби! 
24.08.2017 14:38:59: DrinkMeerkat умер от голода!
24.08.2017 14:43:46: deniska.egorov.2009 был убит плювальщиком!
24.08.2017 14:51:49: DrinkMeerkat был убит плювальщиком!
24.08.2017 14:51:50: I SEE YOU утонул!
24.08.2017 14:58:00: nole32 истёк кровью!
24.08.2017 14:58:05: Thenoobguy истёк кровью!
24.08.2017 15:09:42: vadimstroenkov разбился насмерть!
24.08.2017 15:10:08: I SEE YOU был съеден зомби! 
24.08.2017 15:11:44: I SEE YOU был съеден зомби! 
24.08.2017 15:12:04: I SEE YOU совершил суецид!
24.08.2017 15:18:51: vadimstroenkov был съеден зомби! 
24.08.2017 15:24:04: Hamer_Simpson был съеден зомби! 
24.08.2017 15:30:23: demindanil510 совершил суецид!
24.08.2017 15:42:30: FoDDy был съеден зомби! 
24.08.2017 15:46:28: demindanil510 был съеден зомби! 
24.08.2017 15:50:47: nole32 был съеден зомби! 
24.08.2017 15:51:33: Thenoobguy истёк кровью!
24.08.2017 15:58:31: THE_VINNIE был съеден зомби! 
24.08.2017 16:05:16: demindanil510 был съеден зомби! 
24.08.2017 16:16:21: Dmitry истёк кровью!
24.08.2017 16:16:33: Алмаз истёк кровью!
24.08.2017 16:32:18: Джонн Уик был убит взрывной волной от машины!
24.08.2017 16:32:18: Maverick был убит взрывной волной от машины!
24.08.2017 16:36:37: Валерий Карпенко был съеден зомби! 
24.08.2017 16:45:53: le soldat allemands был съеден зомби! 
24.08.2017 16:47:08: Vampir4iK был съеден зомби! 
24.08.2017 16:48:08: Джонн Уик был съеден зомби! 
24.08.2017 16:48:09: le soldat allemands был съеден зомби! 
24.08.2017 16:51:01: le soldat allemands был съеден зомби! 
24.08.2017 16:55:42: Алмаз был съеден зомби! 
24.08.2017 16:55:58: Dmitry был съеден зомби! 
24.08.2017 16:57:33: Dmitry был съеден зомби! 
24.08.2017 16:59:33: Peruna1235 был съеден зомби! 
24.08.2017 17:02:13: Dmitry истёк кровью!
24.08.2017 17:09:50: NяShka :3 был съеден зомби! 
24.08.2017 17:15:40: NяShka :3 был съеден зомби! 
24.08.2017 17:20:32: hikmet истёк кровью!
24.08.2017 17:22:42: hikmet был съеден зомби! 
24.08.2017 17:24:34: Бандит был съеден зомби! 
24.08.2017 17:24:54: hikmet был съеден зомби! 
24.08.2017 17:42:23: NяShka :3 истёк кровью!
24.08.2017 17:46:08: он сказал: истёк кровью!
24.08.2017 17:49:42: .krendel разбился насмерть!
24.08.2017 17:53:08: .krendel был съеден зомби! 
24.08.2017 17:53:08: janka2283 был съеден зомби! 
24.08.2017 17:53:47: nikita_rachok.ok был съеден зомби! 
24.08.2017 17:54:29: J-Hope был съеден зомби! 
24.08.2017 17:54:39: Owl истёк кровью!
24.08.2017 17:55:43: .krendel сгорел!
24.08.2017 17:56:02: Vampir4iK истёк кровью!
24.08.2017 17:58:35: janka2283 разбился насмерть!
24.08.2017 18:04:33: janka2283 истёк кровью!
24.08.2017 18:09:29: Vampir4iK был съеден зомби! 
24.08.2017 18:09:35: janka2283 был съеден зомби! 
24.08.2017 18:12:21: janka2283 был съеден зомби! 
24.08.2017 18:23:17: он сказал: был съеден зомби! 
24.08.2017 18:28:14: Sugar был съеден зомби! 
24.08.2017 18:30:44: rav.c был съеден зомби! 
24.08.2017 18:33:23: rav.c истёк кровью!
24.08.2017 18:38:15: rav.c был съеден зомби! 
24.08.2017 18:41:25: belyaeff.prohor был съеден зомби! 
24.08.2017 18:43:44: rodion123 был съеден зомби! 
24.08.2017 18:52:30: belyaeff.prohor был съеден зомби! 
24.08.2017 18:54:33: belyaeff.prohor был съеден зомби! 
24.08.2017 18:55:33: NяShka :3 истёк кровью!
24.08.2017 18:56:03: danilkiredBox был съеден зомби! 
24.08.2017 18:59:43: belyaeff.prohor был съеден зомби! 
24.08.2017 19:02:38: Zeus был съеден зомби! 
24.08.2017 19:03:57: belyaeff.prohor истёк кровью!
24.08.2017 19:06:30: belyaeff.prohor был съеден зомби! 
24.08.2017 19:13:52: belyaeff.prohor истёк кровью!
24.08.2017 19:15:36: belyaeff.prohor был съеден зомби! 
24.08.2017 19:15:49: NяShka :3 совершил суецид!
24.08.2017 19:21:47: NяShka :3 был съеден зомби! 
24.08.2017 19:22:07: Zeus был съеден зомби! 
24.08.2017 19:35:26: SHIZBO сгорел!
24.08.2017 19:36:56: SHIZBO истёк кровью!
24.08.2017 19:37:40: nataliat78 был съеден зомби! 
24.08.2017 19:38:33: nataliat78 был съеден зомби! 
24.08.2017 19:42:28: LucasBE [FR] истёк кровью!
24.08.2017 19:42:37: rodion123 был съеден зомби! 
24.08.2017 19:42:42: nataliat78 был съеден зомби! 
24.08.2017 21:47:56: Vampir4iK истёк кровью!
24.08.2017 22:30:59: alesha.dvoryashin был съеден зомби! 
24.08.2017 22:31:35: Электрик был съеден зомби! 
24.08.2017 22:31:45: alesha.dvoryashin был съеден зомби! 
24.08.2017 22:41:15: serjiboy7 был съеден зомби! 
24.08.2017 23:20:12: VladimirOst был съеден зомби! 
25.08.2017 1:13:49: Legolas истёк кровью!
25.08.2017 1:14:33: Wei?er Mantel был съеден зомби! 
25.08.2017 1:15:47: [FBI]Дмитрий истёк кровью!
25.08.2017 1:18:40: [FBI]Дмитрий сгорел!
25.08.2017 1:30:32: mixon4k был съеден зомби! 
25.08.2017 1:30:32: Den_BcB истёк кровью!
25.08.2017 1:36:06: mixon4k был съеден зомби! 
25.08.2017 1:36:44: Den_BcB истёк кровью!
25.08.2017 1:42:50: Den_BcB был съеден зомби! 
25.08.2017 2:30:11: Den_BcB был съеден зомби! 
25.08.2017 2:44:07: Den_BcB был съеден зомби! 
25.08.2017 2:50:22: Den_BcB был съеден зомби! 
25.08.2017 2:50:36: mixon4k был убит плювальщиком!
25.08.2017 2:55:38: Den_BcB был убит плювальщиком!
25.08.2017 2:55:40: mixon4k истёк кровью!
25.08.2017 3:07:17: Den_BcB истёк кровью!
25.08.2017 3:19:45: mixon4k был съеден зомби! 
25.08.2017 3:20:18: Den_BcB истёк кровью!
25.08.2017 3:37:06: adoalage был съеден зомби! 
25.08.2017 3:38:31: mixon4k истёк кровью!
25.08.2017 9:42:48: Даниэль Фэльмэ совершил суецид!
25.08.2017 10:29:50: DemoKrat истёк кровью!
25.08.2017 11:02:04: Arsa сгорел!
25.08.2017 11:35:22: Arsa истёк кровью!
25.08.2017 12:37:13: [FBI] avatar был съеден зомби! 
25.08.2017 12:37:18: Son был съеден зомби! 
25.08.2017 12:38:07: ingener_spring был убит камушком!
25.08.2017 12:39:41: [FBI] avatar совершил суецид!
25.08.2017 12:39:49: [FBI] avatar совершил суецид!
25.08.2017 12:40:01: [FBI] avatar совершил суецид!
25.08.2017 12:43:03: Son был съеден зомби! 
25.08.2017 12:54:34: I SEE YOU был съеден зомби! 
25.08.2017 13:10:22: Lobzik был съеден зомби! 
25.08.2017 13:21:57: NofftyYT:HITMAN JoB был убит плювальщиком!
25.08.2017 13:25:53: Lobzik был съеден зомби! 
25.08.2017 13:26:39: [FM]KillMill истёк кровью!
25.08.2017 13:32:31: Lobzik был съеден зомби! 
25.08.2017 13:32:34: [FM]KillMill был съеден зомби! 
25.08.2017 13:32:41: Lobzik совершил суецид!
25.08.2017 13:52:54: Lobzik истёк кровью!
25.08.2017 13:53:53: Lobzik был убит плювальщиком!
25.08.2017 13:54:21: mixon4k утонул!
25.08.2017 13:54:58: vano020206 истёк кровью!
25.08.2017 13:57:55: Shoker был съеден зомби! 
25.08.2017 13:59:47: vano020206 был съеден зомби! 
25.08.2017 14:01:36: radoslavik2005 был съеден зомби! 
25.08.2017 14:01:39: egor.w12 был съеден зомби! 
25.08.2017 14:01:46: vano020206 был съеден зомби! 
25.08.2017 14:04:30: Александр был съеден зомби! 
25.08.2017 14:04:52: egor.w12 был съеден зомби! 
25.08.2017 14:05:04: vano020206 был съеден зомби! 
25.08.2017 14:05:13: пиписька :3 был съеден зомби! 
25.08.2017 14:05:51: [FM]KillMill истёк кровью!
25.08.2017 14:08:08: Лев Шегинян был съеден зомби! 
25.08.2017 14:12:41: Александр был съеден зомби! 
25.08.2017 14:22:21: Den_BcB истёк кровью!
25.08.2017 14:23:03: Александр был съеден зомби! 
25.08.2017 14:24:21: Heinrich von Below был съеден зомби! 
25.08.2017 14:27:33: Vampir4iK был съеден зомби! 
25.08.2017 14:36:23: janka2283 отравился!
25.08.2017 14:36:37: Vampir4iK истёк кровью!
25.08.2017 14:37:02: Vampir4iK был съеден зомби! 
25.08.2017 14:55:01: Son был убит взрывной волной от машины!
25.08.2017 14:56:04: Vampir4iK истёк кровью!
25.08.2017 15:01:03: Vampir4iK истёк кровью!
25.08.2017 15:02:16: NяShka :3 совершил суецид!
25.08.2017 15:21:04: B-Brow совершил суецид!
25.08.2017 15:29:59: B-Brow истёк кровью!
25.08.2017 15:37:02: janka2283 был съеден зомби! 
25.08.2017 15:40:06: B-Brow был съеден зомби! 
25.08.2017 15:40:26: dimani351 был съеден зомби! 
25.08.2017 15:40:57: janka2283 был съеден зомби! 
25.08.2017 15:42:43: Vampir4iK был убит плювальщиком!
25.08.2017 15:44:01: janka2283 совершил суецид!
25.08.2017 15:46:11: rodion123 истёк кровью!
25.08.2017 15:48:12: I SEE YOU истёк кровью!
25.08.2017 15:48:47: janka2283 был съеден зомби! 
25.08.2017 15:50:03: B-Brow был съеден зомби! 
25.08.2017 15:55:13: veenrok.amid был съеден зомби! 
25.08.2017 15:57:23: rodion123 истёк кровью!
25.08.2017 16:03:52: rodion123 был съеден зомби! 
25.08.2017 16:08:12: .krendel истёк кровью!
25.08.2017 16:08:32: Хан Соло CSgetto.com был съеден зомби! 
25.08.2017 16:10:08: .krendel истёк кровью!
25.08.2017 16:10:38: .krendel совершил суецид!
25.08.2017 16:14:21: .krendel был съеден зомби! 
25.08.2017 16:16:37: rodion123 был съеден зомби! 
25.08.2017 16:25:34: janka2283 был съеден зомби! 
25.08.2017 16:28:52: janka2283 был съеден зомби! 
25.08.2017 16:31:10: Hazy был съеден зомби! 
25.08.2017 16:31:44: dk совершил суецид!
25.08.2017 16:44:31: rodion123 был съеден зомби! 
25.08.2017 16:44:37: nataliat78 был съеден зомби! 
25.08.2017 16:55:06: rodion123 был съеден зомби! 
25.08.2017 16:57:27: mixon4k был съеден зомби! 
25.08.2017 17:00:24: nataliat78 был съеден зомби! 
25.08.2017 17:08:44: janka2283 истёк кровью!
25.08.2017 17:20:51: janka2283 был съеден зомби! 
25.08.2017 17:21:14: ChardyPlays истёк кровью!
25.08.2017 17:29:29: Vampir4iK был съеден зомби! 
25.08.2017 17:31:36: janka2283 был съеден зомби! 
25.08.2017 17:31:50: Vampir4iK был съеден зомби! 
25.08.2017 17:36:38: janka2283 был съеден зомби! 
25.08.2017 17:57:18: Owl истёк кровью!
25.08.2017 18:00:23: Smil3y истёк кровью!
25.08.2017 18:01:01: Igor истёк кровью!
25.08.2017 18:02:44: Kiok истёк кровью!
25.08.2017 18:05:51: Smil3y разбился насмерть!
25.08.2017 18:13:10: janka2283 был съеден зомби! 
25.08.2017 18:15:05: Normal gamer был съеден зомби! 
25.08.2017 18:15:40: Son был съеден зомби! 
25.08.2017 18:15:45: janka2283 был съеден зомби! 
25.08.2017 18:16:37: Normal gamer истёк кровью!
25.08.2017 18:19:52: Башкiрскiй Хлопiц был съеден зомби! 
25.08.2017 18:19:59: GLEBUCH468 был съеден зомби! 
25.08.2017 18:24:26: GLEBUCH468 был съеден зомби! 
25.08.2017 18:26:31: Smil3y был съеден зомби! 
25.08.2017 18:31:16: Aus;) был съеден зомби! 
25.08.2017 18:34:22: hunter был съеден зомби! 
25.08.2017 18:42:48: Vampir4iK был съеден зомби! 
25.08.2017 18:44:01: Just Do It  истёк кровью!
25.08.2017 18:46:17: kill_slender был съеден зомби! 
25.08.2017 18:48:43: kill_slender истёк кровью!
25.08.2017 18:49:08: KaSIWOR совершил суецид!
25.08.2017 18:49:17: I SEE YOU был съеден зомби! 
25.08.2017 18:56:38: Fox был съеден зомби! 
25.08.2017 18:59:53: kill_slender был съеден зомби! 
25.08.2017 19:03:43: Valera истёк кровью!
25.08.2017 19:06:05: Smil3y совершил суецид!
25.08.2017 19:10:49: Just Do It  отравился!
25.08.2017 19:11:03: Valera истёк кровью!
25.08.2017 19:13:06: Smil3y истёк кровью!
25.08.2017 19:13:26: Just Do It  совершил суецид!
25.08.2017 19:14:01: Just Do It  совершил суецид!
25.08.2017 19:14:11: Just Do It  совершил суецид!
25.08.2017 19:14:23: Just Do It  совершил суецид!
25.08.2017 19:14:26: NяShka :3 был съеден зомби! 
25.08.2017 19:16:16: Legend1973 утонул!
25.08.2017 19:18:46: Legend1973 был съеден зомби! 
25.08.2017 19:19:13: Legend1973 был съеден зомби! 
25.08.2017 19:21:06: I SEE YOU отравился!
25.08.2017 19:24:57: samenko1977 умер от голода!
25.08.2017 19:26:42: I SEE YOU был съеден зомби! 
25.08.2017 19:30:32: Valera был съеден зомби! 
25.08.2017 19:32:44: I SEE YOU совершил суецид!
25.08.2017 19:33:26: Legend1973 истёк кровью!
25.08.2017 19:33:30: Smil3y истёк кровью!
25.08.2017 19:34:54: Smil3y совершил суецид!
25.08.2017 19:36:42: KaSIWOR истёк кровью!
25.08.2017 19:37:30: Valera был съеден зомби! 
25.08.2017 19:40:24: Legend1973 был съеден зомби! 
25.08.2017 19:45:31: Valera был съеден зомби! 
25.08.2017 19:46:32: Valera был съеден зомби! 
25.08.2017 19:46:59: I SEE YOU был съеден зомби! 
25.08.2017 19:49:56: Legend1973 был съеден зомби! 
25.08.2017 20:16:56: papik_gamer был съеден зомби! 
25.08.2017 20:19:22: Smil3y истёк кровью!
25.08.2017 20:24:53: SMii7Y был убит плювальщиком!
25.08.2017 20:43:02: Cаня Cтишков был убит взрывной волной от машины!
25.08.2017 20:50:49: Legend1973 утонул!
25.08.2017 20:55:02: Dart был съеден зомби! 
25.08.2017 20:59:08: Cаня Cтишков был съеден зомби! 
25.08.2017 21:02:54: Valera совершил суецид!
25.08.2017 21:04:27: Hawk истёк кровью!
25.08.2017 21:09:47: Vampir4iK был съеден зомби! 
25.08.2017 21:18:56: Vampir4iK истёк кровью!
25.08.2017 21:29:19: Diamond_person died of holding his breath for too long!
25.08.2017 21:32:16: VladimirOst был убит взрывной волной от машины!
25.08.2017 21:46:22: dani_2007_iv был съеден зомби! 
25.08.2017 21:58:39: Bonk Faggot был съеден зомби! 
25.08.2017 22:00:51: Bonk Faggot был съеден зомби! 
25.08.2017 22:01:46: Lie Cake был убит плювальщиком!
25.08.2017 22:57:45: Owl совершил суецид!
25.08.2017 22:58:03: Dart утонул!
25.08.2017 22:59:39: dani_2007_iv утонул!
25.08.2017 23:05:16: Trump истёк кровью!
25.08.2017 23:11:59: the redone был съеден зомби! 
25.08.2017 23:21:56: LORD_SNOWdog истёк кровью!
25.08.2017 23:25:15: WHY ALWAYS ME? истёк кровью!
25.08.2017 23:33:54: WHY ALWAYS ME? был съеден зомби! 
25.08.2017 23:57:08: mixon4k утонул!
26.08.2017 0:09:24: Den_BcB был убит плювальщиком!
26.08.2017 0:09:35: mixon4k был съеден зомби! 
26.08.2017 0:22:42: LORD_SNOWdog умер от голода!
26.08.2017 0:30:43: mixon4k был съеден зомби! 
26.08.2017 0:36:30: Den_BcB был съеден зомби! 
26.08.2017 0:37:15: VladimirOst был съеден зомби! 
26.08.2017 0:47:52: Den_BcB истёк кровью!
26.08.2017 1:12:09: mixon4k утонул!
26.08.2017 1:48:35: Ашот истёк кровью!
26.08.2017 2:31:09: Maladoy Dendi истёк кровью!
26.08.2017 2:31:11: Ашот был съеден зомби! 
26.08.2017 2:34:51: Ашот истёк кровью!
26.08.2017 10:03:40: Ch-er-na-ya ko-sh-ka был съеден зомби! 
26.08.2017 11:31:58: Cаня Cтишков устал до смерти!
26.08.2017 12:00:10: Den_BcB был съеден зомби! 
26.08.2017 12:11:57: mixon4k истёк кровью!
26.08.2017 12:29:27: Rassol165 был съеден зомби! 
26.08.2017 13:08:02: максим иванов был съеден зомби! 
26.08.2017 13:14:09: ingener_spring died of holding his breath for too long!
26.08.2017 13:32:06: relax, HP: 90%, убит, Mzoa, используя Fusilaut !
26.08.2017 13:32:20: ingener_spring, убит в голову, Sans_super, HP: 100%, используя Camp Axe !
26.08.2017 13:33:53: patrick был съеден зомби! 
26.08.2017 13:37:11: kk был съеден зомби! 
26.08.2017 13:37:18: Hazoa был съеден зомби! 
26.08.2017 13:38:11: relax, HP: 100%, убит, Mzoa, используя Cobra !
26.08.2017 13:38:40: kk был съеден зомби! 
26.08.2017 13:38:55: Cаня Cтишков, HP: 100%, убит, relax, используя Dragonfang !
26.08.2017 13:41:52: kk истёк кровью!
26.08.2017 13:43:45: Hazoa, убит в голову, Cаня Cтишков, HP: 100%, используя Dragonfang !
26.08.2017 13:43:55: Mzoa, убит в голову, Cаня Cтишков, HP: 100%, используя Dragonfang !
26.08.2017 13:44:47: Mzoa был съеден зомби! 
26.08.2017 13:48:15: Son был убит взрывной волной от машины!
26.08.2017 14:05:18: Mzoa истёк кровью!
26.08.2017 14:05:51: a.fenuk, убит в голову, kk, HP: 90%, используя Fusilaut !
26.08.2017 14:06:19: play20122000 был съеден зомби! 
26.08.2017 14:08:36: Данил Луков, HP: 100%, убит, игорь петров, используя Grizzly !
26.08.2017 14:09:20: Son разбился насмерть!
26.08.2017 14:16:27: Hazoa истёк кровью!
26.08.2017 14:17:02: kk отравился!
26.08.2017 14:17:23: Mzoa, убит в голову, Данил Луков, HP: 100%, используя Cobra !
26.08.2017 14:17:34: Данил Луков, HP: 100%, убит, Hazoa, используя Grizzly !
26.08.2017 14:18:44: a.fenuk был съеден зомби! 
26.08.2017 14:21:18: a.fenuk истёк кровью!
26.08.2017 14:31:51: a.fenuk был съеден зомби! 
26.08.2017 14:33:53: a.fenuk died of holding his breath for too long!
26.08.2017 14:34:30: play20122000, убит в голову, Diamond_person, HP: 100%, используя Honeybadger !
26.08.2017 14:54:52: VladimirOst, HP: 100%, убит, Arsa, используя Heartbreaker !
26.08.2017 14:56:03: VladimirOst, HP: 59%, убит, Arsa, используя Heartbreaker !
26.08.2017 14:57:18: Arsa, убит в голову, VladimirOst, HP: 100%, используя Heartbreaker !
26.08.2017 14:59:36: Dok, HP: 100%, убит, mafia , используя Honeybadger !
26.08.2017 15:00:52: Dok, убит в голову, mafia , HP: 49%, используя Military Knife !
26.08.2017 15:00:53: mafia , убит в голову, Данил Луков, HP: 96%, используя Grizzly !
26.08.2017 15:02:32: mafia , убит в голову, Данил Луков, HP: 96%, используя Scalar !
26.08.2017 15:04:41: mafia , убит в голову, Donald Mekhen, HP: 100%, используя Honeybadger !
26.08.2017 15:19:45: mafia  истёк кровью!
26.08.2017 15:22:51: Данил Луков, HP: 91%, убит, mafia , используя Grizzly !
26.08.2017 15:24:51: mafia , убит в голову, Dok, HP: 90%, используя Honeybadger !
26.08.2017 15:59:26: Nikita истёк кровью!
26.08.2017 16:02:48: Nikita, убит в голову, Данил Луков, HP: 91%, используя Scalar !
26.08.2017 16:02:59: mafia , убит в голову, Данил Луков, HP: 91%, используя Scalar !
26.08.2017 16:04:16: Данил Луков, HP: 91%, убит, Dart, используя Grizzly !
26.08.2017 16:29:09: Данил Луков был убит взрывной волной от машины!
26.08.2017 16:29:09: mafia  был убит взрывной волной от машины!
26.08.2017 16:29:39: Donald Mekhen, HP: 100%, ran over mafia , используя Otter!
26.08.2017 16:32:06: mafia , убит в голову, Данил Луков, HP: 100%, используя Grizzly !
26.08.2017 16:34:46: Данил Луков был убит взрывной волной от машины!
26.08.2017 16:47:09: cpt_orphan был съеден зомби! 
26.08.2017 17:09:32: Heinrich von Below, убит в голову, Donald Mekhen, HP: 100%, используя Honeybadger !
26.08.2017 17:12:13: Джонн Уик истёк кровью!
26.08.2017 17:12:51: mafia , убит в голову, Donald Mekhen, HP: 100%, используя Honeybadger !
26.08.2017 17:13:04: Джонн Уик, убит в голову, Данил Луков, HP: 100%, используя Scalar !
26.08.2017 17:14:54: mafia , убит в голову, Donald Mekhen, HP: 100%, используя Honeybadger !
26.08.2017 17:17:32: mafia , убит в голову, Donald Mekhen, HP: 100%, используя Honeybadger !
26.08.2017 17:19:07: Данил Луков, HP: 100%, убит, mafia , используя Grizzly !
26.08.2017 17:26:25: Nevec645.ss был съеден зомби! 
26.08.2017 17:31:25: Nevec645.ss совершил суецид!
26.08.2017 17:37:03: KEKHYTblU был съеден зомби! 
26.08.2017 17:39:33: simon.sporrong06 был съеден зомби! 
26.08.2017 17:40:51: simon.sporrong06 совершил суецид!
26.08.2017 17:44:02: simon.sporrong06 истёк кровью!
26.08.2017 17:49:18: Nevec645.ss был съеден зомби! 
26.08.2017 18:16:04: Nevec645.ss истёк кровью!
26.08.2017 18:33:38: Nevec645.ss был съеден зомби! 
26.08.2017 18:49:07: alek был съеден зомби! 
26.08.2017 18:50:29: play20122000, убит в голову, Джек, HP: 86%, используя Cobra !
26.08.2017 19:00:18: /Analnyy Vantuz/AV/ отравился!
26.08.2017 19:08:18: Данил Луков, HP: 100%, убит, mafia , используя Scalar !
26.08.2017 19:08:26: Nikita, убит в голову, Данил Луков, HP: 100%, используя Scalar !
26.08.2017 19:09:21: Nikita истёк кровью!
26.08.2017 19:10:15: mafia , убит в голову, Данил Луков, HP: 77%, используя Scalar !
26.08.2017 19:11:31: mafia , убит в голову, Данил Луков, HP: 70%, используя Scalar !
26.08.2017 19:11:54: Nikita был съеден зомби! 
26.08.2017 19:12:15: Cаня Cтишков, HP: 100%, убит, PAK_B_DOTE2, используя Nykorev !
26.08.2017 19:12:19: /Analnyy Vantuz/AV/, убит в голову, Cаня Cтишков, HP: 100%, используя Nykorev !
26.08.2017 19:12:46: mafia , убит в голову, Данил Луков, HP: 51%, используя Scalar !
26.08.2017 19:13:56: mafia , убит в голову, Данил Луков, HP: 100%, используя Scalar !
26.08.2017 19:16:51: TheNikLev был съеден зомби! 
26.08.2017 19:17:32: TheNikLev был съеден зомби! 
26.08.2017 19:20:09: mafia , убит в голову, Данил Луков, HP: 100%, используя Honeybadger !
26.08.2017 19:20:13: Nikita, убит в голову, Данил Луков, HP: 100%, используя Honeybadger !
26.08.2017 19:22:13: Nikita был съеден зомби! 
26.08.2017 19:24:25: mafia , убит в голову, Cаня Cтишков, HP: 100%, используя Frying Pan !
26.08.2017 19:37:26: /Analnyy Vantuz/AV/ разбился насмерть!
26.08.2017 19:38:13: /Analnyy Vantuz/AV/ был съеден зомби! 
26.08.2017 19:38:45: /Analnyy Vantuz/AV/ был съеден зомби! 
26.08.2017 19:46:29: Godzz20 был съеден зомби! 
26.08.2017 19:47:39: relax, убит в голову, Джек, HP: 100%, используя Cobra !
26.08.2017 19:48:30: PAK_B_DOTE2 отравился!
26.08.2017 19:49:35: Саша истёк кровью!
26.08.2017 19:54:45: Godzz20 был съеден зомби! 
26.08.2017 19:59:17: simon.sporrong06 совершил суецид!
26.08.2017 19:59:55: simon.sporrong06 истёк кровью!
26.08.2017 20:00:29: relax, убит в голову, Cаня Cтишков, HP: 100%, используя Augewehr !
26.08.2017 20:01:13: Diamond_person, HP: 100%, убит, hogsby1, используя Honeybadger !
26.08.2017 20:05:07: relax, убит в голову, Diamond_person, HP: 100%, используя Honeybadger !
26.08.2017 20:05:55: hogsby1, убит в голову, Cаня Cтишков, HP: 100%, используя Grizzly !
26.08.2017 20:09:36: /Analnyy Vantuz/AV/ истёк кровью!
26.08.2017 20:12:24: simon.sporrong06 был съеден зомби! 
26.08.2017 20:13:11: hogsby1 совершил суецид!
26.08.2017 20:14:00: simon.sporrong06 истёк кровью!
26.08.2017 20:16:16: Nikita совершил суецид!
26.08.2017 20:29:46: Nikita убит в голову, Cаня Cтишков, HP: 100%!
26.08.2017 20:31:26: Данил Луков убит в голову, Nikita, HP: 64%!
26.08.2017 20:31:50: Nikita, убит в голову, Cаня Cтишков, HP: 100%, используя Paintball Gun !
26.08.2017 20:33:06: Nikita, убит в голову, Данил Луков, HP: 57%, используя Military Knife !
26.08.2017 20:33:24: Данил Луков, убит в голову, Cаня Cтишков, HP: 100%, используя Paintball Gun !
26.08.2017 20:34:26: Nikita, убит в голову, Cаня Cтишков, HP: 100%, используя Paintball Gun !
26.08.2017 20:35:46: Данил Луков, убит в голову, Nikita, HP: 48%, используя Paintball Gun !
26.08.2017 20:36:14: Nikita, убит в голову, Cаня Cтишков, HP: 100%, используя Paintball Gun !
26.08.2017 20:38:36: Cаня Cтишков, HP: 100%, убит, Nikita, используя Paintball Gun !
26.08.2017 20:59:29: Peace |TosolGaming| истёк кровью!
26.08.2017 21:00:09: PAK_B_DOTE2 был убит взрывной волной от машины!
26.08.2017 21:09:46: PAK_B_DOTE2 был съеден зомби! 
26.08.2017 21:12:31: Peace |TosolGaming| истёк кровью!
26.08.2017 21:14:35: Саша был съеден зомби! 
26.08.2017 21:14:42: Peace |TosolGaming| был съеден зомби! 
26.08.2017 21:17:31: PAK_B_DOTE2 был съеден зомби! 
26.08.2017 21:19:24: Peace |TosolGaming| был съеден зомби! 
26.08.2017 21:19:41: PAK_B_DOTE2 был съеден зомби! 
26.08.2017 21:22:04: Peace |TosolGaming| сгорел!
26.08.2017 21:23:03: Peace |TosolGaming| был съеден зомби! 
26.08.2017 21:24:03: PAK_B_DOTE2 совершил суецид!
26.08.2017 21:24:15: Peace |TosolGaming| совершил суецид!
26.08.2017 21:27:35: Nikita was shot down by a sentry
26.08.2017 21:27:48: PAK_B_DOTE2 был съеден зомби! 
26.08.2017 21:35:35: Peace |TosolGaming| был съеден зомби! 
26.08.2017 21:39:09: PAK_B_DOTE2 истёк кровью!
26.08.2017 21:50:22: DayS, убит в голову, Cаня Cтишков, HP: 100%, используя Frying Pan !
26.08.2017 21:50:56: ingener_spring, HP: 100%, был отравлен, DayS, и умер! используя Military Knife
26.08.2017 21:54:14: Nikita died of holding his breath for too long!
26.08.2017 21:55:38: PAK_B_DOTE2, убит в голову, Данил Луков, HP: 91%, используя Grizzly !
26.08.2017 21:56:19: Peace |TosolGaming|, убит в голову, Данил Луков, HP: 91%, используя Grizzly !
26.08.2017 22:42:58: gayboy advance истёк кровью!
26.08.2017 22:42:59: senor pane mua был съеден зомби! 
26.08.2017 22:43:13: gayboy advance совершил суецид!
26.08.2017 22:43:52: senor pane mua истёк кровью!
26.08.2017 22:45:38: gayboy advance истёк кровью!
26.08.2017 23:40:31: Diamond_person был убит взрывной волной от машины!
26.08.2017 23:40:36: Den_BcB истёк кровью!
26.08.2017 23:44:08: adtent совершил суецид!
26.08.2017 23:45:10: adtent died of holding his breath for too long!
26.08.2017 23:49:14: adtent истёк кровью!
26.08.2017 23:58:20: adtent истёк кровью!
27.08.2017 0:07:31: adtent был съеден зомби! 
27.08.2017 1:11:53: Den_BcB был съеден зомби! 
27.08.2017 1:14:36: Den_BcB был съеден зомби! 
27.08.2017 1:34:45: AS BABA GALA был съеден зомби! 
27.08.2017 2:24:18: The Roches:3 истёк кровью!
27.08.2017 2:26:47: TiSkaN4iK:З был съеден зомби! 
27.08.2017 2:27:48: The Roches:3 сгорел!
27.08.2017 2:29:41: ????? истёк кровью!
27.08.2017 2:29:41: TiSkaN4iK:З истёк кровью!
27.08.2017 2:44:55: TiSkaN4iK:З был съеден зомби! 
27.08.2017 6:40:23: Nevec645.ss был убит плювальщиком!
27.08.2017 6:40:26: kostikgrib был убит плювальщиком!
27.08.2017 6:55:52: Nevec645.ss был съеден зомби! 
27.08.2017 6:58:55: kostikgrib был съеден зомби! 
27.08.2017 6:59:30: Nevec645.ss был съеден зомби! 
27.08.2017 11:11:01: Glebkot228 был съеден зомби! 
27.08.2017 11:13:48: mafia утонул!
27.08.2017 12:10:29: Scogy истёк кровью!
27.08.2017 13:27:11: Cаня Cтишков был убит взрывной волной от машины!
27.08.2017 13:34:46: cool.propeler был съеден зомби! 
27.08.2017 13:37:21: cool.propeler был съеден зомби! 
27.08.2017 13:47:37: cool.propeler истёк кровью!
27.08.2017 13:50:01: Тень был съеден зомби! 
27.08.2017 14:15:41: Zweruga утонул!
27.08.2017 14:16:19: cool.propeler был съеден зомби! 
27.08.2017 14:16:45:  vadyha777 истёк кровью!
27.08.2017 14:20:49: Den_BcB был съеден зомби! 
27.08.2017 14:21:24: mixon4k истёк кровью!
27.08.2017 14:33:21: Киря Голубь был съеден зомби! 
27.08.2017 14:34:16: Apelsin4ik сгорел!
27.08.2017 14:40:35: Den_BcB был съеден зомби! 
27.08.2017 14:41:17: Киря Голубь был съеден зомби! 
27.08.2017 15:17:29: Nikita был съеден зомби! 
27.08.2017 15:27:12: lavrik228 был съеден зомби! 
27.08.2017 15:31:04: janka2283 был съеден зомби! 
27.08.2017 15:56:25: Just Do It  отравился!
27.08.2017 15:59:15: Just Do It  был съеден зомби! 
27.08.2017 15:59:40: mafia был съеден зомби! 
27.08.2017 17:09:39: VADIM был съеден зомби! 
27.08.2017 17:22:09: AntonZareg был съеден зомби! 
27.08.2017 17:27:27: AntonZareg был съеден зомби! 
27.08.2017 18:03:04: ПЛОХОЙ ПЁС был съеден зомби! 
27.08.2017 18:09:24: Filin был съеден зомби! 
27.08.2017 18:09:36: ander был съеден зомби! 
27.08.2017 18:09:57: "_Drofd_" истёк кровью!
27.08.2017 18:17:28: doortje был съеден зомби! 
27.08.2017 18:20:29: Filin был съеден зомби! 
27.08.2017 18:26:47: musjathecat был съеден зомби! 
27.08.2017 18:31:47: Filin истёк кровью!
27.08.2017 18:33:16: "_Drofd_" был съеден зомби! 
27.08.2017 18:33:31: vicshan123 совершил суецид!
27.08.2017 18:36:10: vicshan123 совершил суецид!
27.08.2017 18:40:51: Filin был съеден зомби! 
27.08.2017 18:55:38: VADIM был съеден зомби! 
27.08.2017 18:58:36: artem_zaporozhec совершил суецид!
27.08.2017 18:59:38: VADIM был съеден зомби! 
27.08.2017 19:12:13: Sans_super истёк кровью!
27.08.2017 19:52:14: MetehanREIZ был съеден зомби! 
27.08.2017 20:03:00: ridder1985 истёк кровью!
27.08.2017 20:42:12: mixon4k утонул!
27.08.2017 20:45:33: MrPlaskam(IceMix) сгорел!
27.08.2017 20:47:46: MrPlaskam(IceMix) был съеден зомби! 
27.08.2017 20:48:42: PowerZ истёк кровью!
27.08.2017 20:52:59: MrPlaskam(IceMix) истёк кровью!
27.08.2017 20:53:21: PowerZ истёк кровью!
27.08.2017 21:43:39: rowanmartens6 истёк кровью!
27.08.2017 21:46:30: play20122000 был съеден зомби! 
27.08.2017 21:52:00: Valera истёк кровью!
27.08.2017 21:54:57: rowanmartens6 был съеден зомби! 
27.08.2017 21:59:48: plukky.zwaal был съеден зомби! 
27.08.2017 22:01:54: janka2283 был съеден зомби! 
27.08.2017 22:05:56: Ajnur111 совершил суецид!
27.08.2017 22:06:54: plukky.zwaal был съеден зомби! 
27.08.2017 22:08:07: rowanmartens6 истёк кровью!
27.08.2017 22:09:11: plukky.zwaal был съеден зомби! 
27.08.2017 22:09:52: rowanmartens6 истёк кровью!
27.08.2017 22:12:27: rowanmartens6 истёк кровью!
27.08.2017 22:16:07: rowanmartens6 был съеден зомби! 
27.08.2017 22:20:28: dani_2007_iv совершил суецид!
27.08.2017 22:20:54: Dart совершил суецид!
27.08.2017 22:28:42: rowanmartens6 был съеден зомби! 
27.08.2017 22:40:35: rowanmartens6 был съеден зомби! 
27.08.2017 22:42:26: Trolling GUN был съеден зомби! 
27.08.2017 22:44:52: Александр Микитюк был съеден зомби! 
27.08.2017 22:57:50: dani_2007_iv совершил суецид!
27.08.2017 22:59:54: Marcoz CMG совершил суецид!
27.08.2017 23:05:03: Marcoz CMG совершил суецид!
27.08.2017 23:05:13: plukky.zwaal был съеден зомби! 
27.08.2017 23:05:39: Den_BcB был съеден зомби! 
27.08.2017 23:05:58: Dart совершил суецид!
27.08.2017 23:06:11: АЦКЕРИ Дядя петя совершил суецид!
27.08.2017 23:07:39: rowanmartens6 был съеден зомби! 
27.08.2017 23:08:06: plukky.zwaal был съеден зомби! 
27.08.2017 23:10:20: rowanmartens6 был съеден зомби! 
27.08.2017 23:12:15: санс died of holding his breath for too long!
27.08.2017 23:13:06: rowanmartens6 был съеден зомби! 
27.08.2017 23:13:28: rowanmartens6 совершил суецид!
27.08.2017 23:13:29: plukky.zwaal был съеден зомби! 
27.08.2017 23:13:42: rowanmartens6 совершил суецид!
27.08.2017 23:13:58: санс совершил суецид!
27.08.2017 23:14:19: исус был съеден зомби! 
27.08.2017 23:15:52: plukky.zwaal был съеден зомби! 
27.08.2017 23:20:08: rowanmartens6 отравился!
27.08.2017 23:20:21: rowanmartens6 совершил суецид!
27.08.2017 23:20:24: plukky.zwaal был съеден зомби! 
27.08.2017 23:21:03: plukky.zwaal был съеден зомби! 
27.08.2017 23:21:43: rowanmartens6 был съеден зомби! 
27.08.2017 23:22:49: rowanmartens6 был съеден зомби! 
27.08.2017 23:23:57: plukky.zwaal отравился!
27.08.2017 23:24:58: rowanmartens6 был съеден зомби! 
27.08.2017 23:25:16: plukky.zwaal был съеден зомби! 
27.08.2017 23:35:59: Трамплиан_Рукапопский был съеден зомби! 
27.08.2017 23:41:55: Mr_Geilomatiko совершил суецид!
27.08.2017 23:44:43: Den_BcB утонул!
27.08.2017 23:49:30: byDxniel был съеден зомби! 
27.08.2017 23:55:19: TheSpikeOne был съеден зомби! 
27.08.2017 23:55:53: Aziz был съеден зомби! 
28.08.2017 0:01:56: un совершил суецид!
28.08.2017 0:11:14: Legend1973 был убит взрывной волной от машины!
28.08.2017 0:11:14: samenko1977 был убит взрывной волной от машины!
28.08.2017 0:11:14: Valera был убит взрывной волной от машины!
28.08.2017 0:40:46: VladimirOst был убит взрывной волной от машины!
28.08.2017 0:47:44: belouetmaxime974 был съеден зомби! 
28.08.2017 0:50:50: Emilio Delgado совершил суецид!
28.08.2017 0:52:56: jeanlucschneider68 истёк кровью!
28.08.2017 0:54:47: v.chapoy13 был съеден зомби! 
28.08.2017 0:58:41: belouetmaxime974 истёк кровью!
28.08.2017 1:00:33: belouetmaxime974 был съеден зомби! 
28.08.2017 1:02:27: Roman Gavrikchenkov был съеден зомби! 
28.08.2017 1:10:06: Valera умер от голода!
28.08.2017 1:15:42: jack истёк кровью!
28.08.2017 8:30:33: FALLIN_TEMPER был съеден зомби! 
28.08.2017 9:03:21: Trash истёк кровью!
28.08.2017 9:03:32: Xovi russ был съеден зомби! 
28.08.2017 9:07:15: Xovi russ был съеден зомби! 
28.08.2017 9:16:03: Trash был съеден зомби! 
28.08.2017 9:28:46: MiguelCarreira был съеден зомби! 
28.08.2017 11:57:12: Gaurena был убит взрывной волной от машины!
28.08.2017 12:09:56: elena.chukova был съеден зомби! 
