15.08.2017 11:23:23: Вызван Airdrop
15.08.2017 11:23:23: Successfully set airdrop!
15.08.2017 11:23:23: Вызван Airdrop
15.08.2017 11:23:23: Successfully set airdrop!
15.08.2017 12:23:45: Полное лечение 76561198245870076
15.08.2017 12:23:45: Полное лечение 76561198393905405
15.08.2017 12:23:45: Полное лечение 76561198310890097
15.08.2017 12:23:45: Полное лечение 76561198410431399
15.08.2017 12:23:45: Полное лечение 76561198328489368
15.08.2017 14:24:21: Вызван массовый Airdrop (x10)
15.08.2017 14:24:21: Successfully set airdrop!
15.08.2017 14:24:21: Successfully set airdrop!
15.08.2017 14:24:21: Successfully set airdrop!
15.08.2017 14:24:22: Successfully set airdrop!
15.08.2017 14:24:22: Successfully set airdrop!
15.08.2017 14:24:22: Successfully set airdrop!
15.08.2017 14:24:22: Successfully set airdrop!
15.08.2017 14:24:22: Successfully set airdrop!
15.08.2017 14:24:22: Successfully set airdrop!
15.08.2017 14:24:22: Successfully set airdrop!
15.08.2017 14:24:51: Вызван Airdrop
15.08.2017 14:24:51: Successfully set airdrop!
15.08.2017 14:24:51: Вызван Airdrop
15.08.2017 14:24:51: Successfully set airdrop!
15.08.2017 14:24:51: Вызван Airdrop
15.08.2017 14:24:51: Successfully set airdrop!
15.08.2017 14:24:51: Вызван Airdrop
15.08.2017 14:24:51: Successfully set airdrop!
15.08.2017 14:24:52: Вызван Airdrop
15.08.2017 14:24:52: Successfully set airdrop!
15.08.2017 15:24:26: Полное лечение 76561198245870076
15.08.2017 15:24:26: Полное лечение 76561198080763088
15.08.2017 15:24:26: Полное лечение 76561198136007269
15.08.2017 15:24:26: Полное лечение 76561198026338074
15.08.2017 15:24:26: Полное лечение 76561198361146653
15.08.2017 15:24:26: Полное лечение 76561198363080354
15.08.2017 15:24:26: Полное лечение 76561198329679199
15.08.2017 17:10:50: Вызван Airdrop
15.08.2017 17:10:50: Successfully set airdrop!
15.08.2017 17:10:50: Вызван Airdrop
15.08.2017 17:10:50: Successfully set airdrop!
15.08.2017 17:10:50: Вызван Airdrop
15.08.2017 17:10:50: Successfully set airdrop!
15.08.2017 17:10:50: Вызван Airdrop
15.08.2017 17:10:50: Successfully set airdrop!
15.08.2017 18:26:11: Полное лечение 76561198325875722
15.08.2017 18:26:11: Полное лечение 76561198055442333
15.08.2017 18:26:11: Полное лечение 76561198402420151
15.08.2017 18:26:11: Полное лечение 76561198273147483
15.08.2017 18:26:11: Полное лечение 76561198409541869
15.08.2017 18:26:11: Полное лечение 76561198368700217
15.08.2017 18:26:11: Полное лечение 76561198025528071
15.08.2017 18:26:11: Полное лечение 76561198394735675
15.08.2017 19:26:11: Вызван массовый Airdrop (x10)
15.08.2017 19:26:11: Successfully set airdrop!
15.08.2017 19:26:11: Successfully set airdrop!
15.08.2017 19:26:11: Successfully set airdrop!
15.08.2017 19:26:11: Successfully set airdrop!
15.08.2017 19:26:11: Successfully set airdrop!
15.08.2017 19:26:11: Successfully set airdrop!
15.08.2017 19:26:11: Successfully set airdrop!
15.08.2017 19:26:11: Successfully set airdrop!
15.08.2017 19:26:12: Successfully set airdrop!
15.08.2017 19:26:12: Successfully set airdrop!
15.08.2017 21:26:20: Полное лечение 76561198015811226
15.08.2017 21:26:20: Полное лечение 76561198329170489
15.08.2017 21:26:20: Полное лечение 76561198405863067
15.08.2017 21:26:20: Полное лечение 76561198399331232
15.08.2017 21:26:20: Полное лечение 76561198048222050
15.08.2017 21:26:20: Полное лечение 76561198256677976
15.08.2017 21:26:20: Полное лечение 76561198296821721
15.08.2017 21:26:20: Полное лечение 76561198142199972
15.08.2017 21:26:20: Полное лечение 76561198273147483
15.08.2017 21:26:20: Полное лечение 76561198363080354
16.08.2017 5:00:00: Вызван массовый Airdrop (x10)
16.08.2017 5:00:00: Successfully set airdrop!
16.08.2017 5:00:00: Successfully set airdrop!
16.08.2017 5:00:00: Successfully set airdrop!
16.08.2017 5:00:00: Successfully set airdrop!
16.08.2017 5:00:00: Successfully set airdrop!
16.08.2017 5:00:00: Successfully set airdrop!
16.08.2017 5:00:00: Successfully set airdrop!
16.08.2017 5:00:00: Successfully set airdrop!
16.08.2017 5:00:01: Successfully set airdrop!
16.08.2017 5:00:01: Successfully set airdrop!
16.08.2017 9:00:09: Полное лечение 76561198337502467
16.08.2017 9:00:09: Полное лечение 76561198026338074
16.08.2017 10:00:19: Вызван массовый Airdrop (x10)
16.08.2017 10:00:19: Successfully set airdrop!
16.08.2017 10:00:19: Successfully set airdrop!
16.08.2017 10:00:19: Successfully set airdrop!
16.08.2017 10:00:19: Successfully set airdrop!
16.08.2017 10:00:19: Successfully set airdrop!
16.08.2017 10:00:19: Successfully set airdrop!
16.08.2017 10:00:19: Successfully set airdrop!
16.08.2017 10:00:19: Successfully set airdrop!
16.08.2017 10:00:20: Successfully set airdrop!
16.08.2017 10:00:20: Successfully set airdrop!
16.08.2017 12:01:03: Полное лечение 76561198281215435
16.08.2017 12:01:03: Полное лечение 76561198336207759
16.08.2017 12:01:03: Полное лечение 76561198080763088
16.08.2017 12:01:03: Полное лечение 76561198374053214
16.08.2017 12:01:03: Полное лечение 76561198293061755
16.08.2017 15:01:50: Вызван массовый Airdrop (x10)
16.08.2017 15:01:50: Полное лечение 76561198401128694
16.08.2017 15:01:50: Полное лечение 76561198309040134
16.08.2017 15:01:50: Полное лечение 76561198328489368
16.08.2017 15:01:50: Полное лечение 76561198310890097
16.08.2017 15:01:50: Successfully set airdrop!
16.08.2017 15:01:50: Successfully set airdrop!
16.08.2017 15:01:50: Successfully set airdrop!
16.08.2017 15:01:50: Successfully set airdrop!
16.08.2017 15:01:50: Successfully set airdrop!
16.08.2017 15:01:50: Successfully set airdrop!
16.08.2017 15:01:50: Successfully set airdrop!
16.08.2017 15:01:50: Successfully set airdrop!
16.08.2017 15:01:51: Successfully set airdrop!
16.08.2017 15:01:51: Successfully set airdrop!
16.08.2017 18:02:22: Полное лечение 76561198401128694
16.08.2017 18:02:22: Полное лечение 76561198200665649
16.08.2017 18:02:22: Полное лечение 76561198055442333
16.08.2017 18:02:22: Полное лечение 76561198087215427
16.08.2017 18:02:22: Полное лечение 76561198410621011
16.08.2017 18:02:22: Полное лечение 76561198136007269
16.08.2017 18:02:22: Полное лечение 76561198245870076
16.08.2017 18:02:22: Полное лечение 76561198367881217
16.08.2017 18:02:22: Полное лечение 76561198385183827
16.08.2017 20:03:13: Вызван массовый Airdrop (x10)
16.08.2017 20:03:13: Successfully set airdrop!
16.08.2017 20:03:13: Successfully set airdrop!
16.08.2017 20:03:13: Successfully set airdrop!
16.08.2017 20:03:14: Successfully set airdrop!
16.08.2017 20:03:14: Successfully set airdrop!
16.08.2017 20:03:14: Successfully set airdrop!
16.08.2017 20:03:14: Successfully set airdrop!
16.08.2017 20:03:14: Successfully set airdrop!
16.08.2017 20:03:14: Successfully set airdrop!
16.08.2017 20:03:14: Successfully set airdrop!
16.08.2017 21:03:15: Полное лечение 76561198055442333
16.08.2017 21:03:15: Полное лечение 76561198256677976
16.08.2017 21:03:15: Полное лечение 76561198329170489
16.08.2017 21:03:15: Полное лечение 76561198279715775
16.08.2017 21:03:15: Полное лечение 76561198302135147
16.08.2017 21:03:15: Полное лечение 76561198087215427
16.08.2017 21:03:15: Полное лечение 76561198402843805
17.08.2017 5:00:09: Вызван массовый Airdrop (x10)
17.08.2017 5:00:09: Successfully set airdrop!
17.08.2017 5:00:09: Successfully set airdrop!
17.08.2017 5:00:09: Successfully set airdrop!
17.08.2017 5:00:09: Successfully set airdrop!
17.08.2017 5:00:10: Successfully set airdrop!
17.08.2017 5:00:10: Successfully set airdrop!
17.08.2017 5:00:10: Successfully set airdrop!
17.08.2017 5:00:10: Successfully set airdrop!
17.08.2017 5:00:10: Successfully set airdrop!
17.08.2017 5:00:10: Successfully set airdrop!
17.08.2017 10:00:16: Вызван массовый Airdrop (x10)
17.08.2017 10:00:16: Successfully set airdrop!
17.08.2017 10:00:16: Successfully set airdrop!
17.08.2017 10:00:16: Successfully set airdrop!
17.08.2017 10:00:17: Successfully set airdrop!
17.08.2017 10:00:17: Successfully set airdrop!
17.08.2017 10:00:17: Successfully set airdrop!
17.08.2017 10:00:17: Successfully set airdrop!
17.08.2017 10:00:17: Successfully set airdrop!
17.08.2017 10:00:17: Successfully set airdrop!
17.08.2017 10:00:17: Successfully set airdrop!
17.08.2017 12:00:50: Полное лечение 76561198055442333
17.08.2017 12:00:50: Полное лечение 76561198401128694
17.08.2017 12:00:50: Полное лечение 76561198279715775
17.08.2017 12:00:50: Полное лечение 76561198087215427
17.08.2017 12:00:50: Полное лечение 76561198140053978
17.08.2017 12:00:50: Полное лечение 76561198084574218
17.08.2017 12:00:50: Полное лечение 76561198315091386
17.08.2017 12:00:50: Полное лечение 76561198297629847
17.08.2017 12:00:50: Полное лечение 76561198328489368
17.08.2017 12:00:50: Полное лечение 76561198405863067
17.08.2017 12:00:50: Полное лечение 76561198150915388
17.08.2017 15:01:28: Вызван массовый Airdrop (x10)
17.08.2017 15:01:28: Полное лечение 76561198352627786
17.08.2017 15:01:28: Полное лечение 76561198368198939
17.08.2017 15:01:28: Полное лечение 76561198273347208
17.08.2017 15:01:28: Полное лечение 76561198273083158
17.08.2017 15:01:28: Полное лечение 76561198309040134
17.08.2017 15:01:28: Полное лечение 76561198392812098
17.08.2017 15:01:28: Полное лечение 76561198393763173
17.08.2017 15:01:28: Successfully set airdrop!
17.08.2017 15:01:28: Successfully set airdrop!
17.08.2017 15:01:28: Successfully set airdrop!
17.08.2017 15:01:28: Successfully set airdrop!
17.08.2017 15:01:28: Successfully set airdrop!
17.08.2017 15:01:29: Successfully set airdrop!
17.08.2017 15:01:29: Successfully set airdrop!
17.08.2017 15:01:29: Successfully set airdrop!
17.08.2017 15:01:29: Successfully set airdrop!
17.08.2017 15:01:29: Successfully set airdrop!
17.08.2017 16:36:03: Вызван Airdrop
17.08.2017 16:36:04: Successfully set airdrop!
17.08.2017 16:36:04: Вызван Airdrop
17.08.2017 16:36:04: Successfully set airdrop!
17.08.2017 16:36:04: Вызван Airdrop
17.08.2017 16:36:04: Successfully set airdrop!
17.08.2017 16:36:04: Вызван Airdrop
17.08.2017 16:36:04: Successfully set airdrop!
17.08.2017 16:36:04: Вызван Airdrop
17.08.2017 16:36:04: Successfully set airdrop!
17.08.2017 16:36:04: Вызван Airdrop
17.08.2017 16:36:04: Successfully set airdrop!
17.08.2017 16:36:04: Вызван Airdrop
17.08.2017 16:36:05: Successfully set airdrop!
17.08.2017 16:36:05: Вызван Airdrop
17.08.2017 16:36:05: Successfully set airdrop!
17.08.2017 16:36:05: Вызван Airdrop
17.08.2017 16:36:05: Successfully set airdrop!
17.08.2017 16:36:05: Вызван Airdrop
17.08.2017 16:36:05: Successfully set airdrop!
17.08.2017 16:36:05: Вызван Airdrop
17.08.2017 16:36:05: Successfully set airdrop!
17.08.2017 16:36:05: Вызван Airdrop
17.08.2017 16:36:05: Successfully set airdrop!
17.08.2017 16:36:05: Вызван Airdrop
17.08.2017 16:36:05: Successfully set airdrop!
17.08.2017 16:37:09: Установлена/убрана пасмурная погода
17.08.2017 18:06:07: Полное лечение 76561198302135147
17.08.2017 18:06:07: Полное лечение 76561198087215427
17.08.2017 18:06:07: Полное лечение 76561198382007056
17.08.2017 18:06:07: Полное лечение 76561198309040134
17.08.2017 18:06:07: Полное лечение 76561198217222364
17.08.2017 18:06:07: Полное лечение 76561198279715775
17.08.2017 18:06:07: Полное лечение 76561198325875722
17.08.2017 18:06:07: Полное лечение 76561198065759817
17.08.2017 18:06:07: Полное лечение 76561198366795075
17.08.2017 18:06:07: Полное лечение 76561198412450700
17.08.2017 18:06:07: Полное лечение 76561198394735675
17.08.2017 18:06:07: Полное лечение 76561198305943005
17.08.2017 18:06:07: Полное лечение 76561198367223994
17.08.2017 20:06:44: Вызван массовый Airdrop (x10)
17.08.2017 20:06:44: Successfully set airdrop!
17.08.2017 20:06:44: Successfully set airdrop!
17.08.2017 20:06:44: Successfully set airdrop!
17.08.2017 20:06:44: Successfully set airdrop!
17.08.2017 20:06:44: Successfully set airdrop!
17.08.2017 20:06:44: Successfully set airdrop!
17.08.2017 20:06:44: Successfully set airdrop!
17.08.2017 20:06:44: Successfully set airdrop!
17.08.2017 20:06:44: Successfully set airdrop!
17.08.2017 20:06:45: Successfully set airdrop!
17.08.2017 21:06:52: Полное лечение 76561198302135147
17.08.2017 21:06:52: Полное лечение 76561198055442333
17.08.2017 21:06:52: Полное лечение 76561198087215427
17.08.2017 21:06:52: Полное лечение 76561198310890097
17.08.2017 21:06:52: Полное лечение 76561198142199972
17.08.2017 21:06:52: Полное лечение 76561198368700217
17.08.2017 21:06:52: Полное лечение 76561198273083158
17.08.2017 21:06:52: Полное лечение 76561198405863067
17.08.2017 21:06:52: Полное лечение 76561198380537932
17.08.2017 21:06:52: Полное лечение 76561198393763173
17.08.2017 21:06:52: Полное лечение 76561198267390908
17.08.2017 21:06:52: Полное лечение 76561198352627786
17.08.2017 21:06:52: Полное лечение 76561198015811226
17.08.2017 21:06:52: Полное лечение 76561198300547291
18.08.2017 5:00:10: Вызван массовый Airdrop (x10)
18.08.2017 5:00:10: Successfully set airdrop!
18.08.2017 5:00:10: Successfully set airdrop!
18.08.2017 5:00:10: Successfully set airdrop!
18.08.2017 5:00:10: Successfully set airdrop!
18.08.2017 5:00:10: Successfully set airdrop!
18.08.2017 5:00:10: Successfully set airdrop!
18.08.2017 5:00:10: Successfully set airdrop!
18.08.2017 5:00:11: Successfully set airdrop!
18.08.2017 5:00:11: Successfully set airdrop!
18.08.2017 5:00:11: Successfully set airdrop!
18.08.2017 9:00:21: Полное лечение 76561198380537932
18.08.2017 9:00:21: Полное лечение 76561198267390908
18.08.2017 9:00:21: Полное лечение 76561198262878051
18.08.2017 9:03:58: Отправлена команда: p add 76561198297629847 MODERATORS
18.08.2017 9:04:06: Отправлена команда: perm 
18.08.2017 9:04:07: Отправлена команда: 
18.08.2017 9:04:25: Отправлена команда: p
18.08.2017 9:04:32: Отправлена команда: p 76561198297629847 moderators
18.08.2017 9:04:40: Отправлена команда: p add 76561198297629847 moderators
18.08.2017 9:04:59: Отправлена команда: perms
18.08.2017 10:00:24: Вызван массовый Airdrop (x10)
18.08.2017 10:00:24: Successfully set airdrop!
18.08.2017 10:00:24: Successfully set airdrop!
18.08.2017 10:00:24: Successfully set airdrop!
18.08.2017 10:00:24: Successfully set airdrop!
18.08.2017 10:00:24: Successfully set airdrop!
18.08.2017 10:00:24: Successfully set airdrop!
18.08.2017 10:00:25: Successfully set airdrop!
18.08.2017 10:00:25: Successfully set airdrop!
18.08.2017 10:00:25: Successfully set airdrop!
18.08.2017 10:00:25: Successfully set airdrop!
18.08.2017 11:29:41: Successfully gave FuN GuY 1270 x1!
18.08.2017 12:01:03: Полное лечение 76561198405863067
18.08.2017 12:01:03: Полное лечение 76561198307645553
18.08.2017 12:01:03: Полное лечение 76561198362811674
18.08.2017 12:01:03: Полное лечение 76561198297629847
18.08.2017 12:01:03: Полное лечение 76561198412792469
18.08.2017 12:01:03: Полное лечение 76561198387986296
18.08.2017 12:01:03: Полное лечение 76561198414651645
18.08.2017 12:01:03: Полное лечение 76561198413623392
18.08.2017 12:01:03: Полное лечение 76561198367881217
18.08.2017 12:16:13: Successfully set time to day!
18.08.2017 12:16:23: Successfully set time to night!
18.08.2017 12:25:21: Successfully set time to day!
18.08.2017 12:57:32: Successfully set time to day!
18.08.2017 13:27:33: Successfully set time to day!
18.08.2017 13:51:30: Successfully set time to night!
18.08.2017 13:52:39: Successfully set time to day!
18.08.2017 15:01:54: Вызван массовый Airdrop (x10)
18.08.2017 15:01:54: Полное лечение 76561198352627786
18.08.2017 15:01:54: Полное лечение 76561198087215427
18.08.2017 15:01:54: Полное лечение 76561198279715775
18.08.2017 15:01:54: Полное лечение 76561198267390908
18.08.2017 15:01:54: Полное лечение 76561198202455418
18.08.2017 15:01:54: Полное лечение 76561198213099011
18.08.2017 15:01:54: Полное лечение 76561198273083158
18.08.2017 15:01:54: Полное лечение 76561198368700217
18.08.2017 15:01:54: Полное лечение 76561198140053978
18.08.2017 15:01:54: Полное лечение 76561198297629847
18.08.2017 15:01:54: Полное лечение 76561198366795075
18.08.2017 15:01:55: Successfully set airdrop!
18.08.2017 15:01:55: Successfully set airdrop!
18.08.2017 15:01:55: Successfully set airdrop!
18.08.2017 15:01:55: Successfully set airdrop!
18.08.2017 15:01:55: Successfully set airdrop!
18.08.2017 15:01:55: Successfully set airdrop!
18.08.2017 15:01:55: Successfully set airdrop!
18.08.2017 15:01:55: Successfully set airdrop!
18.08.2017 15:01:55: Successfully set airdrop!
18.08.2017 15:01:55: Successfully set airdrop!
18.08.2017 15:24:08: Successfully set time to day!
18.08.2017 15:56:16: Successfully set time to day!
18.08.2017 16:37:33: Successfully set time to day!
18.08.2017 17:10:10: Successfully set time to day!
18.08.2017 17:17:46: Successfully set time to day!
18.08.2017 17:50:07: Successfully set time to day!
18.08.2017 18:07:10: Полное лечение 76561198297629847
18.08.2017 18:07:10: Полное лечение 76561198271210462
18.08.2017 18:07:10: Полное лечение 76561198213724989
18.08.2017 18:07:10: Полное лечение 76561198245870076
18.08.2017 18:07:10: Полное лечение 76561198405863067
18.08.2017 18:07:10: Полное лечение 76561198136007269
18.08.2017 18:07:10: Полное лечение 76561198352627786
18.08.2017 18:07:10: Полное лечение 76561198084574218
18.08.2017 18:07:10: Полное лечение 76561198368700217
18.08.2017 18:07:10: Полное лечение 76561198317611584
18.08.2017 18:07:10: Полное лечение 76561198373963929
18.08.2017 18:23:32: Successfully set time to day!
18.08.2017 18:58:04: Successfully set time to day!
18.08.2017 19:09:29: Successfully set time to night!
18.08.2017 20:06:25: Successfully set time to day!
18.08.2017 20:07:29: Вызван массовый Airdrop (x10)
18.08.2017 20:07:29: Successfully set airdrop!
18.08.2017 20:07:29: Successfully set airdrop!
18.08.2017 20:07:29: Successfully set airdrop!
18.08.2017 20:07:29: Successfully set airdrop!
18.08.2017 20:07:29: Successfully set airdrop!
18.08.2017 20:07:29: Successfully set airdrop!
18.08.2017 20:07:29: Successfully set airdrop!
18.08.2017 20:07:29: Successfully set airdrop!
18.08.2017 20:07:29: Successfully set airdrop!
18.08.2017 20:07:30: Successfully set airdrop!
18.08.2017 20:07:38: Successfully set time to night!
18.08.2017 20:11:32: Successfully set time to day!
18.08.2017 21:00:44: Successfully set time to day!
18.08.2017 21:07:31: Полное лечение 76561198267390908
18.08.2017 21:07:31: Полное лечение 76561198297629847
18.08.2017 21:07:31: Полное лечение 76561198368700217
18.08.2017 21:07:31: Полное лечение 76561198405863067
18.08.2017 21:07:31: Полное лечение 76561198273083158
18.08.2017 21:07:31: Полное лечение 76561198273147483
18.08.2017 21:07:31: Полное лечение 76561198376385731
18.08.2017 21:07:31: Полное лечение 76561198413984260
18.08.2017 21:07:31: Полное лечение 76561198380537932
18.08.2017 21:07:31: Полное лечение 76561198317611584
18.08.2017 21:07:31: Полное лечение 76561198377095804
18.08.2017 21:07:31: Полное лечение 76561198276694340
18.08.2017 21:07:31: Полное лечение 76561198412201453
18.08.2017 21:07:31: Полное лечение 76561198302135147
18.08.2017 21:37:39: Successfully set time to day!
18.08.2017 21:38:04: Successfully set time to night!
18.08.2017 22:47:15: Successfully set time to day!
18.08.2017 23:19:36: Successfully set time to day!
19.08.2017 4:00:28: Вызван массовый Airdrop (x10)
19.08.2017 4:00:28: Successfully set airdrop!
19.08.2017 4:00:28: Successfully set airdrop!
19.08.2017 4:00:28: Successfully set airdrop!
19.08.2017 4:00:28: Successfully set airdrop!
19.08.2017 4:00:28: Successfully set airdrop!
19.08.2017 4:00:28: Successfully set airdrop!
19.08.2017 4:00:28: Successfully set airdrop!
19.08.2017 4:00:28: Successfully set airdrop!
19.08.2017 4:00:28: Successfully set airdrop!
19.08.2017 4:00:28: Successfully set airdrop!
19.08.2017 8:00:29: Вызван массовый Airdrop (x10)
19.08.2017 8:00:30: Successfully set airdrop!
19.08.2017 8:00:30: Successfully set airdrop!
19.08.2017 8:00:30: Successfully set airdrop!
19.08.2017 8:00:30: Successfully set airdrop!
19.08.2017 8:00:30: Successfully set airdrop!
19.08.2017 8:00:30: Successfully set airdrop!
19.08.2017 8:00:30: Successfully set airdrop!
19.08.2017 8:00:30: Successfully set airdrop!
19.08.2017 8:00:30: Successfully set airdrop!
19.08.2017 8:00:30: Successfully set airdrop!
19.08.2017 8:52:13: Successfully set time to day!
19.08.2017 10:00:23: Successfully saved the game.
19.08.2017 10:32:22: Successfully set time to day!
19.08.2017 12:09:13: Вызван массовый Airdrop (x10)
19.08.2017 16:10:47: Вызван массовый Airdrop (x10)
19.08.2017 16:45:41: Вызван массовый Airdrop (x10)
19.08.2017 16:45:41: Successfully set airdrop!
19.08.2017 16:45:41: Successfully set airdrop!
19.08.2017 16:45:41: Successfully set airdrop!
19.08.2017 16:45:41: Successfully set airdrop!
19.08.2017 16:45:41: Successfully set airdrop!
19.08.2017 16:45:41: Successfully set airdrop!
19.08.2017 16:45:41: Successfully set airdrop!
19.08.2017 16:45:41: Successfully set airdrop!
19.08.2017 16:45:41: Successfully set airdrop!
19.08.2017 16:45:41: Successfully set airdrop!
19.08.2017 16:45:45: Полное лечение 76561198056174221
19.08.2017 16:45:45: Полное лечение 76561198302135147
19.08.2017 16:45:45: Полное лечение 76561198297629847
19.08.2017 16:45:45: Полное лечение 76561198267390908
19.08.2017 16:45:45: Полное лечение 76561198273147483
19.08.2017 16:45:45: Полное лечение 76561198276694340
19.08.2017 16:45:45: Полное лечение 76561198273083158
19.08.2017 16:45:45: Полное лечение 76561198287300025
19.08.2017 16:45:45: Полное лечение 76561198212335095
19.08.2017 16:45:45: Полное лечение 76561198240697934
19.08.2017 16:45:45: Полное лечение 76561198216795583
19.08.2017 16:45:46: Полное лечение 76561198140053978
19.08.2017 16:45:46: Полное лечение 76561198208256735
19.08.2017 16:45:46: Полное лечение 76561198225662964
19.08.2017 16:45:46: Полное лечение 76561198329170489
19.08.2017 16:45:46: Полное лечение 76561198256677976
19.08.2017 16:45:46: Полное лечение 76561198015811226
19.08.2017 16:45:46: Полное лечение 76561198317611584
19.08.2017 16:45:46: Полное лечение 76561198310890097
19.08.2017 16:45:46: Полное лечение 76561198368700217
19.08.2017 16:45:46: Полное лечение 76561198412450700
19.08.2017 16:47:12: Выгнан с сервера 76561198317611584
19.08.2017 16:47:12: Successfully kicked DA ETO JOSKA!
19.08.2017 16:51:40: Вызван Airdrop
19.08.2017 16:51:40: Вызван Airdrop
19.08.2017 16:51:40: Successfully set airdrop!
19.08.2017 16:51:40: Successfully set airdrop!
19.08.2017 16:52:12: Вызван Airdrop
19.08.2017 16:52:12: Вызван Airdrop
19.08.2017 16:52:12: Successfully set airdrop!
19.08.2017 16:52:12: Successfully set airdrop!
19.08.2017 16:52:37: Вызван Airdrop
19.08.2017 16:52:37: Вызван Airdrop
19.08.2017 16:52:37: Successfully set airdrop!
19.08.2017 16:52:37: Successfully set airdrop!
19.08.2017 17:08:54: Successfully set time to day!
19.08.2017 17:41:22: Successfully set time to day!
19.08.2017 18:24:23: Successfully set time to day!
19.08.2017 20:13:03: Вызван массовый Airdrop (x10)
19.08.2017 20:13:03: Successfully set airdrop!
19.08.2017 20:13:03: Successfully set airdrop!
19.08.2017 20:13:03: Successfully set airdrop!
19.08.2017 20:13:03: Successfully set airdrop!
19.08.2017 20:13:04: Successfully set airdrop!
19.08.2017 20:13:04: Successfully set airdrop!
19.08.2017 20:13:04: Successfully set airdrop!
19.08.2017 20:13:04: Successfully set airdrop!
19.08.2017 20:13:04: Successfully set airdrop!
19.08.2017 20:13:04: Successfully set airdrop!
19.08.2017 20:58:50: Successfully set time to day!
20.08.2017 3:00:27: Полное лечение 76561198056174221
20.08.2017 3:00:27: Полное лечение 76561198108280104
20.08.2017 3:00:27: Полное лечение 76561198339187211
20.08.2017 5:00:27: Вызван массовый Airdrop (x10)
20.08.2017 5:00:27: Successfully set airdrop!
20.08.2017 5:00:27: Successfully set airdrop!
20.08.2017 5:00:27: Successfully set airdrop!
20.08.2017 5:00:27: Successfully set airdrop!
20.08.2017 5:00:27: Successfully set airdrop!
20.08.2017 5:00:28: Successfully set airdrop!
20.08.2017 5:00:28: Successfully set airdrop!
20.08.2017 5:00:28: Successfully set airdrop!
20.08.2017 5:00:28: Successfully set airdrop!
20.08.2017 5:00:28: Successfully set airdrop!
20.08.2017 9:17:40: Successfully saved the game.
20.08.2017 9:31:05: Successfully saved the game.
20.08.2017 10:00:47: Вызван массовый Airdrop (x10)
20.08.2017 10:00:47: Successfully set airdrop!
20.08.2017 10:00:47: Successfully set airdrop!
20.08.2017 10:00:47: Successfully set airdrop!
20.08.2017 10:00:47: Successfully set airdrop!
20.08.2017 10:00:47: Successfully set airdrop!
20.08.2017 10:00:48: Successfully set airdrop!
20.08.2017 10:00:48: Successfully set airdrop!
20.08.2017 10:00:48: Successfully set airdrop!
20.08.2017 10:00:48: Successfully set airdrop!
20.08.2017 10:00:48: Successfully set airdrop!
20.08.2017 11:47:24: Successfully set time to day!
20.08.2017 12:06:03: Полное лечение 76561198297629847
20.08.2017 12:06:03: Полное лечение 76561198140053978
20.08.2017 12:06:03: Полное лечение 76561198276694340
20.08.2017 15:06:16: Вызван массовый Airdrop (x10)
20.08.2017 15:06:16: Полное лечение 76561198140053978
20.08.2017 15:06:16: Полное лечение 76561198392750097
20.08.2017 15:06:16: Полное лечение 76561198342334866
20.08.2017 15:06:16: Полное лечение 76561198276694340
20.08.2017 15:06:16: Полное лечение 76561198405863067
20.08.2017 15:06:16: Полное лечение 76561198042427169
20.08.2017 15:06:16: Полное лечение 76561198337606428
20.08.2017 15:06:16: Полное лечение 76561198412450700
20.08.2017 15:06:16: Successfully set airdrop!
20.08.2017 15:06:16: Successfully set airdrop!
20.08.2017 15:06:16: Successfully set airdrop!
20.08.2017 15:06:16: Successfully set airdrop!
20.08.2017 15:06:16: Successfully set airdrop!
20.08.2017 15:06:17: Successfully set airdrop!
20.08.2017 15:06:17: Successfully set airdrop!
20.08.2017 15:06:17: Successfully set airdrop!
20.08.2017 15:06:17: Successfully set airdrop!
20.08.2017 15:06:17: Successfully set airdrop!
20.08.2017 16:27:38: Successfully set time to day!
20.08.2017 18:07:40: Полное лечение 76561198317611584
20.08.2017 18:07:40: Полное лечение 76561198384107308
20.08.2017 18:07:40: Полное лечение 76561198145168468
20.08.2017 18:07:40: Полное лечение 76561198040193590
20.08.2017 18:07:40: Полное лечение 76561198297629847
20.08.2017 19:00:12: Successfully set time to day!
20.08.2017 19:38:27: Successfully set time to day!
20.08.2017 20:07:52: Вызван массовый Airdrop (x10)
20.08.2017 20:07:52: Successfully set airdrop!
20.08.2017 20:07:52: Successfully set airdrop!
20.08.2017 20:07:52: Successfully set airdrop!
20.08.2017 20:07:52: Successfully set airdrop!
20.08.2017 20:07:52: Successfully set airdrop!
20.08.2017 20:07:52: Successfully set airdrop!
20.08.2017 20:07:53: Successfully set airdrop!
20.08.2017 20:07:53: Successfully set airdrop!
20.08.2017 20:07:53: Successfully set airdrop!
20.08.2017 20:07:53: Successfully set airdrop!
20.08.2017 20:14:42: Successfully set time to day!
20.08.2017 21:07:56: Полное лечение 76561198297629847
20.08.2017 21:07:56: Полное лечение 76561198368700217
20.08.2017 21:07:56: Полное лечение 76561198405863067
20.08.2017 21:07:56: Полное лечение 76561198352627786
20.08.2017 21:07:56: Полное лечение 76561198160258950
20.08.2017 21:07:56: Полное лечение 76561198276694340
20.08.2017 21:07:56: Полное лечение 76561198273147483
20.08.2017 21:07:56: Полное лечение 76561198140053978
20.08.2017 21:07:56: Полное лечение 76561198273083158
21.08.2017 5:00:19: Вызван массовый Airdrop (x10)
21.08.2017 5:00:19: Successfully set airdrop!
21.08.2017 5:00:19: Successfully set airdrop!
21.08.2017 5:00:19: Successfully set airdrop!
21.08.2017 5:00:19: Successfully set airdrop!
21.08.2017 5:00:19: Successfully set airdrop!
21.08.2017 5:00:19: Successfully set airdrop!
21.08.2017 5:00:19: Successfully set airdrop!
21.08.2017 5:00:20: Successfully set airdrop!
21.08.2017 5:00:20: Successfully set airdrop!
21.08.2017 5:00:20: Successfully set airdrop!
21.08.2017 8:46:54: Successfully set time to day!
21.08.2017 9:00:21: Полное лечение 76561198297629847
21.08.2017 9:00:21: Полное лечение 76561198140053978
21.08.2017 9:00:21: Полное лечение 76561198308675624
21.08.2017 9:00:21: Полное лечение 76561198027292728
