07.09.2017 16:39:11: Successfully set time to day!
07.09.2017 19:30:55: Полное лечение 76561198328874836
07.09.2017 19:30:55: Полное лечение 76561198143311986
07.09.2017 19:30:55: Полное лечение 76561198113017858
07.09.2017 19:30:55: Полное лечение 76561198343188017
07.09.2017 21:30:59: Вызван массовый Airdrop (x10)
07.09.2017 21:30:59: Successfully set airdrop!
07.09.2017 21:30:59: Successfully set airdrop!
07.09.2017 21:30:59: Successfully set airdrop!
07.09.2017 21:30:59: Successfully set airdrop!
07.09.2017 21:30:59: Successfully set airdrop!
07.09.2017 21:31:00: Successfully set airdrop!
07.09.2017 21:31:00: Successfully set airdrop!
07.09.2017 21:31:00: Successfully set airdrop!
07.09.2017 21:31:00: Successfully set airdrop!
07.09.2017 21:31:00: Successfully set airdrop!
07.09.2017 21:55:11: Failed to find parameters in format [Text]/[R]/[G]/[B].
08.09.2017 10:51:08: Вызван массовый Airdrop (x10)
08.09.2017 10:51:08: Successfully set airdrop!
08.09.2017 10:51:09: Successfully set airdrop!
08.09.2017 10:51:09: Successfully set airdrop!
08.09.2017 10:51:09: Successfully set airdrop!
08.09.2017 10:51:09: Successfully set airdrop!
08.09.2017 10:51:09: Successfully set airdrop!
08.09.2017 10:51:09: Successfully set airdrop!
08.09.2017 10:51:09: Successfully set airdrop!
08.09.2017 10:51:09: Successfully set airdrop!
08.09.2017 10:51:09: Successfully set airdrop!
08.09.2017 14:54:05: Полное лечение 76561198326443621
08.09.2017 15:54:12: Вызван массовый Airdrop (x10)
08.09.2017 15:54:12: Successfully set airdrop!
08.09.2017 15:54:12: Successfully set airdrop!
08.09.2017 15:54:12: Successfully set airdrop!
08.09.2017 15:54:12: Successfully set airdrop!
08.09.2017 15:54:12: Successfully set airdrop!
08.09.2017 15:54:13: Successfully set airdrop!
08.09.2017 15:54:13: Successfully set airdrop!
08.09.2017 15:54:13: Successfully set airdrop!
08.09.2017 15:54:13: Successfully set airdrop!
08.09.2017 15:54:13: Successfully set airdrop!
08.09.2017 17:54:19: Полное лечение 76561198397192477
08.09.2017 17:54:19: Полное лечение 76561198273147483
08.09.2017 20:54:52: Вызван массовый Airdrop (x10)
08.09.2017 20:54:52: Полное лечение 76561198242677624
08.09.2017 20:54:52: Полное лечение 76561198325672415
08.09.2017 20:54:52: Successfully set airdrop!
08.09.2017 20:54:53: Successfully set airdrop!
08.09.2017 20:54:53: Successfully set airdrop!
08.09.2017 20:54:53: Successfully set airdrop!
08.09.2017 20:54:53: Successfully set airdrop!
08.09.2017 20:54:53: Successfully set airdrop!
08.09.2017 20:54:53: Successfully set airdrop!
08.09.2017 20:54:53: Successfully set airdrop!
08.09.2017 20:54:53: Successfully set airdrop!
08.09.2017 20:54:53: Successfully set airdrop!
09.09.2017 4:00:37: Вызван массовый Airdrop (x10)
09.09.2017 4:00:37: Successfully set airdrop!
09.09.2017 4:00:37: Successfully set airdrop!
09.09.2017 4:00:37: Successfully set airdrop!
09.09.2017 4:00:37: Successfully set airdrop!
09.09.2017 4:00:37: Successfully set airdrop!
09.09.2017 4:00:37: Successfully set airdrop!
09.09.2017 4:00:37: Successfully set airdrop!
09.09.2017 4:00:37: Successfully set airdrop!
09.09.2017 4:00:37: Successfully set airdrop!
09.09.2017 4:00:38: Successfully set airdrop!
09.09.2017 8:00:37: Вызван массовый Airdrop (x10)
09.09.2017 8:00:37: Successfully set airdrop!
09.09.2017 8:00:37: Successfully set airdrop!
09.09.2017 8:00:37: Successfully set airdrop!
09.09.2017 8:00:37: Successfully set airdrop!
09.09.2017 8:00:37: Successfully set airdrop!
09.09.2017 8:00:37: Successfully set airdrop!
09.09.2017 8:00:37: Successfully set airdrop!
09.09.2017 8:00:37: Successfully set airdrop!
09.09.2017 8:00:37: Successfully set airdrop!
09.09.2017 8:00:37: Successfully set airdrop!
09.09.2017 11:34:08: Successfully saved the game.
09.09.2017 11:34:37: Successfully saved the game.
09.09.2017 12:00:53: Вызван массовый Airdrop (x10)
09.09.2017 12:00:53: Successfully set airdrop!
09.09.2017 12:00:53: Successfully set airdrop!
09.09.2017 12:00:53: Successfully set airdrop!
09.09.2017 12:00:53: Successfully set airdrop!
09.09.2017 12:00:53: Successfully set airdrop!
09.09.2017 12:00:54: Successfully set airdrop!
09.09.2017 12:00:54: Successfully set airdrop!
09.09.2017 12:00:54: Successfully set airdrop!
09.09.2017 12:00:54: Successfully set airdrop!
09.09.2017 12:00:54: Successfully set airdrop!
09.09.2017 16:01:06: Вызван массовый Airdrop (x10)
09.09.2017 16:01:06: Successfully set airdrop!
09.09.2017 16:01:06: Successfully set airdrop!
09.09.2017 16:01:06: Successfully set airdrop!
09.09.2017 16:01:06: Successfully set airdrop!
09.09.2017 16:01:06: Successfully set airdrop!
09.09.2017 16:01:06: Successfully set airdrop!
09.09.2017 16:01:06: Successfully set airdrop!
09.09.2017 16:01:06: Successfully set airdrop!
09.09.2017 16:01:06: Successfully set airdrop!
09.09.2017 16:01:07: Successfully set airdrop!
09.09.2017 20:01:12: Вызван массовый Airdrop (x10)
09.09.2017 20:01:12: Successfully set airdrop!
09.09.2017 20:01:12: Successfully set airdrop!
09.09.2017 20:01:12: Successfully set airdrop!
09.09.2017 20:01:12: Successfully set airdrop!
09.09.2017 20:01:12: Successfully set airdrop!
09.09.2017 20:01:12: Successfully set airdrop!
09.09.2017 20:01:12: Successfully set airdrop!
09.09.2017 20:01:12: Successfully set airdrop!
09.09.2017 20:01:12: Successfully set airdrop!
09.09.2017 20:01:13: Successfully set airdrop!
10.09.2017 3:00:28: Полное лечение 76561198300547291
10.09.2017 5:00:48: Вызван массовый Airdrop (x10)
10.09.2017 5:00:48: Successfully set airdrop!
10.09.2017 5:00:48: Successfully set airdrop!
10.09.2017 5:00:48: Successfully set airdrop!
10.09.2017 5:00:48: Successfully set airdrop!
10.09.2017 5:00:48: Successfully set airdrop!
10.09.2017 5:00:48: Successfully set airdrop!
10.09.2017 5:00:48: Successfully set airdrop!
10.09.2017 5:00:48: Successfully set airdrop!
10.09.2017 5:00:48: Successfully set airdrop!
10.09.2017 5:00:49: Successfully set airdrop!
10.09.2017 9:54:19: Successfully saved the game.
10.09.2017 9:54:53: Successfully saved the game.
10.09.2017 10:00:52: Вызван массовый Airdrop (x10)
10.09.2017 10:00:52: Successfully set airdrop!
10.09.2017 10:00:52: Successfully set airdrop!
10.09.2017 10:00:52: Successfully set airdrop!
10.09.2017 10:00:52: Successfully set airdrop!
10.09.2017 10:00:52: Successfully set airdrop!
10.09.2017 10:00:52: Successfully set airdrop!
10.09.2017 10:00:52: Successfully set airdrop!
10.09.2017 10:00:52: Successfully set airdrop!
10.09.2017 10:00:52: Successfully set airdrop!
10.09.2017 10:00:52: Successfully set airdrop!
10.09.2017 12:00:54: Полное лечение 76561198261080597
10.09.2017 12:00:54: Полное лечение 76561198267492803
10.09.2017 12:00:54: Полное лечение 76561198371717239
10.09.2017 12:00:54: Полное лечение 76561198413344647
10.09.2017 12:00:54: Полное лечение 76561198018413328
10.09.2017 12:00:54: Полное лечение 76561198253326488
10.09.2017 12:00:54: Полное лечение 76561198400822553
10.09.2017 13:04:18: Successfully gave Expert13372284200 1176 x1!
10.09.2017 13:04:53: Successfully gave Expert13372284200 1441 x1!
10.09.2017 13:05:27: Successfully gave Expert13372284200 256 x2!
10.09.2017 13:05:48: Successfully gave Expert13372284200 1!
10.09.2017 13:07:04: Successfully gave Expert13372284200 1002 x1!
10.09.2017 13:07:41: Successfully gave Expert13372284200 1365 x10!
10.09.2017 13:08:18: Successfully gave Expert13372284200 1364 x10!
10.09.2017 13:09:46: Successfully gave Expert13372284200 1000 x1!
10.09.2017 13:10:21: Successfully set time to day!
10.09.2017 13:11:12: Successfully gave Expert13372284200 15 x10!
10.09.2017 13:13:38: Successfully gave Expert13372284200 253 x1!
10.09.2017 13:15:35: Successfully gave Expert13372284200 1!
10.09.2017 13:18:15: Successfully gave Expert13372284200 1005 x20!
10.09.2017 13:23:13: Successfully gave Expert13372284200 1492 x1!
10.09.2017 13:23:45: Successfully gave Expert13372284200 1493 x2!
10.09.2017 13:24:17: Successfully gave Expert13372284200 1494 x1!
10.09.2017 13:25:17: Failed to find parameters in format [SteamID | Player]/[ItemID]/[Amount].
10.09.2017 13:25:48: Successfully gave Expert13372284200 334 x1!
10.09.2017 13:26:20: Successfully gave Expert13372284200 1495 x1!
10.09.2017 13:34:07: Successfully gave Expert13372284200 253 x1!
10.09.2017 13:35:01: Successfully gave Expert13372284200 1394 x1!
10.09.2017 13:36:29: Successfully gave Expert13372284200 1395 x10!
10.09.2017 13:37:04: Successfully gave Expert13372284200 334 x2!
10.09.2017 13:37:45: Successfully gave Expert13372284200 17 x5!
10.09.2017 13:39:47: Successfully gave Expert13372284200 1201 x2!
10.09.2017 13:41:19: Successfully gave Expert13372284200 809!
10.09.2017 13:41:42: Successfully gave Expert13372284200 1269 x1!
10.09.2017 13:42:29: Successfully gave Expert13372284200 1270 x3!
10.09.2017 13:43:51: Successfully gave Expert13372284200 141!
10.09.2017 13:46:27: Successfully gave Expert13372284200 142!
10.09.2017 13:49:27: Successfully gave Expert13372284200 141!
10.09.2017 13:57:00: Successfully gave Expert13372284200 135!
10.09.2017 14:04:18: Successfully gave Expert13372284200 41 x250!
10.09.2017 14:05:55: Successfully gave Expert13372284200 326 x1!
10.09.2017 14:06:27: Successfully gave Expert13372284200 1472 x1!
10.09.2017 14:06:59: Successfully gave Expert13372284200 1473 x1!
10.09.2017 14:08:15: Successfully gave Expert13372284200 1474 x1!
10.09.2017 14:11:04: Successfully gave Expert13372284200 123!
10.09.2017 14:12:28: Successfully gave Expert13372284200 41 x250!
10.09.2017 14:13:57: Successfully gave Expert13372284200 327 x100!
10.09.2017 14:17:30: Successfully gave СанСаныч 41 x250!
10.09.2017 14:18:58: Successfully gave Expert13372284200 328 x10!
10.09.2017 14:22:49: Successfully gave Expert13372284200 41 x30!
10.09.2017 15:01:24: Вызван массовый Airdrop (x10)
10.09.2017 15:01:24: Successfully set airdrop!
10.09.2017 15:01:25: Successfully set airdrop!
10.09.2017 15:01:25: Successfully set airdrop!
10.09.2017 15:01:25: Successfully set airdrop!
10.09.2017 15:01:25: Successfully set airdrop!
10.09.2017 15:01:25: Successfully set airdrop!
10.09.2017 15:01:25: Successfully set airdrop!
10.09.2017 15:01:25: Successfully set airdrop!
10.09.2017 15:01:25: Successfully set airdrop!
10.09.2017 15:01:25: Successfully set airdrop!
10.09.2017 15:53:53: Successfully set time to day!
10.09.2017 15:58:49: Successfully gave Expert13372284200 327 x100!
10.09.2017 18:01:43: Полное лечение 76561198415675598
10.09.2017 18:01:43: Полное лечение 76561198353319755
10.09.2017 20:01:46: Вызван массовый Airdrop (x10)
10.09.2017 20:01:46: Successfully set airdrop!
10.09.2017 20:01:47: Successfully set airdrop!
10.09.2017 20:01:47: Successfully set airdrop!
10.09.2017 20:01:47: Successfully set airdrop!
10.09.2017 20:01:47: Successfully set airdrop!
10.09.2017 20:01:47: Successfully set airdrop!
10.09.2017 20:01:47: Successfully set airdrop!
10.09.2017 20:01:47: Successfully set airdrop!
10.09.2017 20:01:47: Successfully set airdrop!
10.09.2017 20:01:47: Successfully set airdrop!
10.09.2017 20:26:40: Successfully set time to day!
10.09.2017 21:01:46: Полное лечение 76561198297629847
10.09.2017 21:01:46: Полное лечение 76561198353319755
11.09.2017 5:00:01: Вызван массовый Airdrop (x10)
11.09.2017 5:00:01: Successfully set airdrop!
11.09.2017 5:00:01: Successfully set airdrop!
11.09.2017 5:00:02: Successfully set airdrop!
11.09.2017 5:00:02: Successfully set airdrop!
11.09.2017 5:00:02: Successfully set airdrop!
11.09.2017 5:00:02: Successfully set airdrop!
11.09.2017 5:00:02: Successfully set airdrop!
11.09.2017 5:00:02: Successfully set airdrop!
11.09.2017 5:00:02: Successfully set airdrop!
11.09.2017 5:00:02: Successfully set airdrop!
