Не обработано: RocketRcon v2.4.8.0
RocketRcon v2.4.8.0

Client has executed command "players"

TimerTerminateCommand.Enabled with Players:
Players:
PlayerID: 76561198309008539 Name: NOOO-SENPAI... Character: Сенпай Ping: 31
PlayerID: 76561198151655003 Name: HemulGM Character: HemulGM Ping: 15
PlayerID: 76561198147477828 Name: galbatsovmikail Character: galbatsovmikail Ping: 39
PlayerID: 76561198140053978 Name: 7_AleX_3 Character: 7_AleX_3 Ping: 46
PlayerID: 76561198299808809 Name: Enderm0n Character: Enderm0nTV Ping: 93
PlayerID: 76561198149838969 Name: No Name Character: махраджабик Ping: 62
PlayerID: 76561198268161521 Name: Домосед Character: Listiger_wolf2 Ping: 39

END with Players:
Client has executed command "bans"

TimerTerminateCommand.Enabled with Bans:
Bans:
PlayerID: 76561198274427357
JudgeID: 0
Reason: you were vote kicked Duration: 180 Remaining: 4294308173

END with Bans:
Client has executed command "say "Test??aa""

[World] Listiger_wolf2 [Домосед]: "спасибо"

[World] Listiger_wolf2 [Домосед]: "возьми"

[World] galbatsovmikail [galbatsovmikail]: "незя"

Client has executed command "players"

TimerTerminateCommand.Enabled with Players:
Players:
PlayerID: 76561198309008539 Name: NOOO-SENPAI... Character: Сенпай Ping: 31
PlayerID: 76561198151655003 Name: HemulGM Character: HemulGM Ping: 15
PlayerID: 76561198147477828 Name: galbatsovmikail Character: galbatsovmikail Ping: 39
PlayerID: 76561198140053978 Name: 7_AleX_3 Character: 7_AleX_3 Ping: 31
PlayerID: 76561198299808809 Name: Enderm0n Character: Enderm0nTV Ping: 117
PlayerID: 76561198149838969 Name: No Name Character: махраджабик Ping: 171
PlayerID: 76561198268161521 Name: Домосед Character: Listiger_wolf2 Ping: 39

END with Players:
Client has executed command "bans"

TimerTerminateCommand.Enabled with Bans:
Bans:
PlayerID: 76561198274427357
JudgeID: 0
Reason: you were vote kicked Duration: 180 Remaining: 4294308153

END with Bans:
[World] galbatsovmikail [galbatsovmikail]: "ненадо"

Client has executed command "players"

TimerTerminateCommand.Enabled with Players:
Players:
PlayerID: 76561198309008539 Name: NOOO-SENPAI... Character: Сенпай Ping: 31
PlayerID: 76561198151655003 Name: HemulGM Character: HemulGM Ping: 7
PlayerID: 76561198147477828 Name: galbatsovmikail Character: galbatsovmikail Ping: 62
PlayerID: 76561198140053978 Name: 7_AleX_3 Character: 7_AleX_3 Ping: 54
PlayerID: 76561198299808809 Name: Enderm0n Character: Enderm0nTV Ping: 125
PlayerID: 76561198149838969 Name: No Name Character: махраджабик Ping: 93
PlayerID: 76561198268161521 Name: Домосед Character: Listiger_wolf2 Ping: 46

END with Players:
Client has executed command "bans"

TimerTerminateCommand.Enabled with Bans:
Bans:
PlayerID: 76561198274427357
JudgeID: 0
Reason: you were vote kicked Duration: 180 Remaining: 4294308132

END with Bans:
[World] Сенпай [NOOO-SENPAI...]: "/home"

TimerTerminateCommand.Enabled with Players:
Client has executed command "players"
Players:
PlayerID: 76561198309008539 Name: NOOO-SENPAI... Character: Сенпай Ping: 23
PlayerID: 76561198151655003 Name: HemulGM Character: HemulGM Ping: 7
PlayerID: 76561198147477828 Name: galbatsovmikail Character: galbatsovmikail Ping: 46
PlayerID: 76561198140053978 Name: 7_AleX_3 Character: 7_AleX_3 Ping: 31
PlayerID: 76561198299808809 Name: Enderm0n Character: Enderm0nTV Ping: 109
PlayerID: 76561198149838969 Name: No Name Character: махраджабик Ping: 109
PlayerID: 76561198268161521 Name: Домосед Character: Listiger_wolf2 Ping: 31

END with Players:
Client has executed command "bans"

TimerTerminateCommand.Enabled with Bans:
Bans:
PlayerID: 76561198274427357
JudgeID: 0
Reason: you were vote kicked Duration: 180 Remaining: 4294308111

END with Bans:
Не обработано: MessageAnnouncer >> Broadcast: vk.com/hemulgm - ЕДИНСТВЕННЫЙ администратор сервера
MessageAnnouncer >> Broadcast: vk.com/hemulgm - ЕДИНСТВЕННЫЙ администратор сервера

Не обработано: MessageAnnouncer >> vk.com/hemulgm - ЕДИНСТВЕННЫЙ администратор сервера
MessageAnnouncer >> vk.com/hemulgm - ЕДИНСТВЕННЫЙ администратор сервера

[World] galbatsovmikail [galbatsovmikail]: "идем"

Client has executed command "players"

TimerTerminateCommand.Enabled with Players:
Players:
PlayerID: 76561198309008539 Name: NOOO-SENPAI... Character: Сенпай Ping: 31
PlayerID: 76561198151655003 Name: HemulGM Character: HemulGM Ping: 0
PlayerID: 76561198147477828 Name: galbatsovmikail Character: galbatsovmikail Ping: 46
PlayerID: 76561198140053978 Name: 7_AleX_3 Character: 7_AleX_3 Ping: 31
PlayerID: 76561198299808809 Name: Enderm0n Character: Enderm0nTV Ping: 109
PlayerID: 76561198149838969 Name: No Name Character: махраджабик Ping: 62
PlayerID: 76561198268161521 Name: Домосед Character: Listiger_wolf2 Ping: 39

END with Players:
Client has executed command "bans"

TimerTerminateCommand.Enabled with Bans:
Bans:
PlayerID: 76561198274427357
JudgeID: 0
Reason: you were vote kicked Duration: 180 Remaining: 4294308092

END with Bans:
[World] Listiger_wolf2 [Домосед]: "у тебя есть бинокль?"

Client has executed command "players"

TimerTerminateCommand.Enabled with Players:
Players:
PlayerID: 76561198309008539 Name: NOOO-SENPAI... Character: Сенпай Ping: 23
PlayerID: 76561198151655003 Name: HemulGM Character: HemulGM Ping: 15
PlayerID: 76561198147477828 Name: galbatsovmikail Character: galbatsovmikail Ping: 39
PlayerID: 76561198140053978 Name: 7_AleX_3 Character: 7_AleX_3 Ping: 23
PlayerID: 76561198299808809 Name: Enderm0n Character: Enderm0nTV Ping: 101
PlayerID: 76561198149838969 Name: No Name Character: махраджабик Ping: 140
PlayerID: 76561198268161521 Name: Домосед Character: Listiger_wolf2 Ping: 31

END with Players:
TimerTerminateCommand.Enabled with Bans:
Client has executed command "bans"
Bans:
PlayerID: 76561198274427357
JudgeID: 0
Reason: you were vote kicked Duration: 180 Remaining: 4294308070

TimerTerminateCommand.Enabled with Bans:
[World] Listiger_wolf2 [Домосед]: "не нужный"

END with Bans:
[World] galbatsovmikail [galbatsovmikail]: "нет"

[World] Listiger_wolf2 [Домосед]: "блин"

Client has executed command "players"

TimerTerminateCommand.Enabled with Players:
Players:
PlayerID: 76561198309008539 Name: NOOO-SENPAI... Character: Сенпай Ping: 31
PlayerID: 76561198151655003 Name: HemulGM Character: HemulGM Ping: 23
PlayerID: 76561198147477828 Name: galbatsovmikail Character: galbatsovmikail Ping: 46
PlayerID: 76561198140053978 Name: 7_AleX_3 Character: 7_AleX_3 Ping: 39
PlayerID: 76561198299808809 Name: Enderm0n Character: Enderm0nTV Ping: 101
PlayerID: 76561198149838969 Name: No Name Character: махраджабик Ping: 93
PlayerID: 76561198268161521 Name: Домосед Character: Listiger_wolf2 Ping: 46

END with Players:
Client has executed command "bans"

TimerTerminateCommand.Enabled with Bans:
Bans:
PlayerID: 76561198274427357
JudgeID: 0
Reason: you were vote kicked Duration: 180 Remaining: 4294308052

TimerTerminateCommand.Enabled with Bans:
[World] Listiger_wolf2 [Домосед]: "ну тогда постараюсь найти"

END with Bans:
[World] Listiger_wolf2 [Домосед]: "из бинокля прицел можно сделать"

