11.09.2017 11:06:38: MihaNeff magicdrop.ru был съеден зомби! 
11.09.2017 11:12:09: MihaNeff magicdrop.ru совершил суецид!
11.09.2017 12:50:09: ластер был съеден зомби! 
11.09.2017 13:26:31: nikitaman42 был съеден зомби! 
11.09.2017 13:26:36: cashback был съеден зомби! 
11.09.2017 13:32:12: nikitaman42 был съеден зомби! 
11.09.2017 13:32:17: cashback истЄк кровью!
11.09.2017 13:33:37: cashback был съеден зомби! 
11.09.2017 13:33:53: nikitaman42 истЄк кровью!
11.09.2017 13:36:26: cashback был съеден зомби! 
11.09.2017 13:36:29: nikitaman42 был съеден зомби! 
11.09.2017 14:05:22: cashback был съеден зомби! 
11.09.2017 14:06:22: nikitaman42 был съеден зомби! 
11.09.2017 14:08:52: cashback истЄк кровью!
11.09.2017 14:12:37: nikitaman42 был съеден зомби! 
11.09.2017 16:22:43: DaWinter был съеден зомби! 
11.09.2017 16:56:36: vlad был съеден зомби! 
11.09.2017 17:04:50: DaWinter был съеден зомби! 
11.09.2017 17:07:52: sparklequeen совершил суецид!
11.09.2017 17:18:06: Levi & Oti был съеден зомби! 
11.09.2017 17:18:24: balintka88 истЄк кровью!
11.09.2017 17:19:54: Mr. Sugar умер от голода!
11.09.2017 17:24:49: Mr. Sugar был съеден зомби! 
11.09.2017 17:31:44: DaWinter истЄк кровью!
11.09.2017 17:32:16: STRANNIK был съеден зомби! 
11.09.2017 17:42:53: sparklequeen совершил суецид!
11.09.2017 17:44:52: DaWinter был съеден зомби! 
11.09.2017 18:12:42: another совершил суецид!
11.09.2017 18:52:37: Smoko-Smoko был убит плювальщиком!
11.09.2017 21:22:36:  ир ¬атсон был съеден зомби! 
11.09.2017 21:55:09: ѕапин ƒробаш был съеден зомби! 
11.09.2017 21:58:40: ѕапин ƒробаш истЄк кровью!
11.09.2017 21:58:53: ѕапин ƒробаш совершил суецид!
11.09.2017 22:21:14: maks.madman.95 отравилс€!
11.09.2017 22:21:36: ѕапин ƒробаш истЄк кровью!
11.09.2017 22:33:33: ѕапин ƒробаш истЄк кровью!
11.09.2017 22:37:31: ѕапин ƒробаш был съеден зомби! 
11.09.2017 22:40:56: Mr.Beat совершил суецид!
11.09.2017 22:42:24: Mr.Beat был съеден зомби! 
11.09.2017 22:43:10: Mr.Beat был убит плювальщиком!
11.09.2017 22:44:56: Mr.Beat совершил суецид!
11.09.2017 22:47:54: maks.madman.95 был съеден зомби! 
11.09.2017 22:48:51: ѕапин ƒробаш истЄк кровью!
11.09.2017 22:49:58: maks.madman.95 был съеден зомби! 
11.09.2017 22:50:39: ѕапин ƒробаш был съеден зомби! 
11.09.2017 22:51:11: maks.madman.95 был съеден зомби! 
11.09.2017 22:52:15: maks.madman.95 был съеден зомби! 
11.09.2017 22:54:08: maks.madman.95 был съеден зомби! 
11.09.2017 22:55:59: ѕапин ƒробаш был съеден зомби! 
11.09.2017 23:28:44: maks.madman.95 был съеден зомби! 
11.09.2017 23:50:52: ѕапин ƒробаш истЄк кровью!
12.09.2017 11:10:38: Sasha2004SWAG истЄк кровью!
12.09.2017 11:37:09: димон был съеден зомби! 
12.09.2017 11:49:50: Sasha2004SWAG был съеден зомби! 
12.09.2017 11:54:40: Sasha2004SWAG был съеден зомби! 
12.09.2017 12:39:28: Sasha2004SWAG истЄк кровью!
12.09.2017 14:20:47: Sasha2004SWAG был съеден зомби! 
12.09.2017 15:44:08: доги истЄк кровью!
12.09.2017 15:46:47: доги истЄк кровью!
12.09.2017 16:03:18: –осси€ был съеден зомби! 
12.09.2017 16:06:21: –осси€ был съеден зомби! 
12.09.2017 16:15:07: –осси€ истЄк кровью!
12.09.2017 16:30:56: –осси€ был съеден зомби! 
12.09.2017 17:12:13: ќрдан истЄк кровью!
12.09.2017 17:14:52: AZAZA был съеден зомби! 
12.09.2017 17:16:42: AZAZA был съеден зомби! 
12.09.2017 17:17:51: –осси€ истЄк кровью!
12.09.2017 17:31:36: ќрдан был съеден зомби! 
12.09.2017 17:36:50: AZAZA истЄк кровью!
12.09.2017 17:45:28: AZAZA был съеден зомби! 
12.09.2017 17:58:18: ќрдан был убит взрывной волной от машины!
12.09.2017 17:58:52: ќрдан был съеден зомби! 
12.09.2017 18:10:21: никита ефимов был съеден зомби! 
12.09.2017 18:13:23: rjfefe сгорел!
12.09.2017 18:48:32: steven1palacios был съеден зомби! 
12.09.2017 19:00:45: steven1palacios был съеден зомби! 
12.09.2017 19:01:52: steven1palacios был съеден зомби! 
12.09.2017 19:07:04: steven1palacios был съеден зомби! 
12.09.2017 19:17:02: Bar32feed был съеден зомби! 
12.09.2017 19:22:35: raxa2209 был съеден зомби! 
12.09.2017 19:24:42: raxa2209 был съеден зомби! 
12.09.2017 19:31:57: raxa2209 был съеден зомби! 
12.09.2017 19:39:51: Bar32feed был съеден зомби! 
12.09.2017 20:54:08: White был съеден зомби! 
12.09.2017 21:58:51: Shyther был съеден зомби! 
12.09.2017 22:18:13: kibernetika777 был съеден зомби! 
12.09.2017 22:24:09: kibernetika777 сгорел!
12.09.2017 22:26:02: kibernetika777 истЄк кровью!
12.09.2017 22:29:28: kibernetika777 был съеден зомби! 
12.09.2017 22:55:26: xNero13 истЄк кровью!
12.09.2017 22:59:39: Neo. [CCL] утонул!
13.09.2017 0:51:42:  ир ¬атсон истЄк кровью!
13.09.2017 0:54:58:  ир ¬атсон был съеден зомби! 
13.09.2017 1:04:29: —аша »глов был съеден зомби! 
13.09.2017 1:04:49:  ир ¬атсон был съеден зомби! 
13.09.2017 8:29:30: The Freak Friday был съеден зомби! 
13.09.2017 11:58:33: ’анк совершил суецид!
13.09.2017 13:43:21: ƒима был съеден зомби! 
13.09.2017 13:51:14: ƒима был съеден зомби! 
13.09.2017 14:29:09: –осси€ был убит камушком!
13.09.2017 15:16:25: Ќики“а  алашников был съеден зомби! 
13.09.2017 17:06:51: ??? совершил суецид!
13.09.2017 17:21:41: ??? был съеден зомби! 
13.09.2017 17:23:04: ??? совершил суецид!
13.09.2017 17:23:22: ??? совершил суецид!
13.09.2017 17:24:18: ??? совершил суецид!
13.09.2017 18:01:53: MeLLo был съеден зомби! 
13.09.2017 18:07:42: MeLLo был съеден зомби! 
13.09.2017 18:15:40: 0=0=0=0=0 был съеден зомби! 
13.09.2017 18:26:13: ћискам  был съеден зомби! 
13.09.2017 18:26:31: Bluecreper был съеден зомби! 
13.09.2017 18:31:13: lemon был съеден зомби! 
13.09.2017 18:38:32: Shawhoon разбилс€ насмерть!
13.09.2017 18:53:34: shayan_a1 был съеден зомби! 
13.09.2017 18:54:17: SPARTA истЄк кровью!
13.09.2017 18:59:52: shayan_a1 был съеден зомби! 
13.09.2017 19:05:43: StarPants был съеден зомби! 
13.09.2017 19:07:13: shayan_a1 истЄк кровью!
13.09.2017 19:08:50: Shawhoon совершил суецид!
13.09.2017 19:31:56: –осси€ был съеден зомби! 
13.09.2017 20:07:23: –осси€ был убит взрывной волной от машины!
13.09.2017 21:21:12: Big_Russian_Boss был съеден зомби! 
13.09.2017 21:29:14: Big_Russian_Boss истЄк кровью!
13.09.2017 21:30:02: xNero13 был съеден зомби! 
13.09.2017 21:30:25: Neo. [CCL] истЄк кровью!
13.09.2017 21:31:53: Neo. [CCL] был съеден зомби! 
13.09.2017 21:32:40: Big_Russian_Boss был съеден зомби! 
13.09.2017 21:37:53: xNero13 был съеден зомби! 
13.09.2017 21:39:09: Neo. [CCL] был съеден зомби! 
13.09.2017 21:40:27: Big_Russian_Boss был съеден зомби! 
13.09.2017 21:44:31: xNero13 был съеден зомби! 
13.09.2017 21:49:42: Big_Russian_Boss истЄк кровью!
13.09.2017 22:08:19: Hunt истЄк кровью!
13.09.2017 22:10:15: BlackDark истЄк кровью!
13.09.2017 22:29:49: BlackDark был убит плювальщиком!
13.09.2017 22:33:39: Mukacevo Kokotov был съеден зомби! 
13.09.2017 22:34:14: derpei был съеден зомби! 
13.09.2017 22:38:51: Mukacevo Kokotov был съеден зомби! 
13.09.2017 22:41:02: BlackDark был съеден зомби! 
13.09.2017 23:19:44: jacobicorpuz совершил суецид!
13.09.2017 23:59:05: ReisTahaGeldi был съеден зомби! 
13.09.2017 23:59:27: (ASKER) BERK (BINBASI) истЄк кровью!
14.09.2017 4:15:09: Mr. Sugar утонул!
14.09.2017 4:25:04: Mr. Sugar был съеден зомби! 
14.09.2017 4:32:20: Mr. Sugar был съеден зомби! 
14.09.2017 5:14:33: Mr. Sugar был съеден зомби! 
14.09.2017 5:16:19: Mr. Sugar истЄк кровью!
14.09.2017 5:19:53: Mr. Sugar был съеден зомби! 
14.09.2017 5:25:43: Mr. Sugar совершил суецид!
14.09.2017 13:40:16: andreiscout был съеден зомби! 
14.09.2017 13:47:54: dov-dov-dov был съеден зомби! 
14.09.2017 13:49:44: dov-dov-dov был съеден зомби! 
14.09.2017 14:04:20: Surrender был съеден зомби! 
14.09.2017 14:09:33: Surrender был съеден зомби! 
14.09.2017 14:26:36: DANEK был съеден зомби! 
14.09.2017 14:29:24: Surrender был съеден зомби! 
14.09.2017 14:29:38: dov-dov-dov истЄк кровью!
14.09.2017 14:41:16: andreiscout был съеден зомби! 
14.09.2017 15:42:03: –осси€ истЄк кровью!
14.09.2017 15:52:56: pupok1 совершил суецид!
14.09.2017 16:08:32: pupok1 совершил суецид!
14.09.2017 16:12:09: vektor416 совершил суецид!
14.09.2017 16:15:17: PalaNium был съеден зомби! 
14.09.2017 16:22:55: –осси€ совершил суецид!
14.09.2017 17:06:26: boby2014 был съеден зомби! 
14.09.2017 17:08:20: ege.znc был съеден зомби! 
14.09.2017 17:17:19: boby2014 был съеден зомби! 
14.09.2017 17:36:19: SPARTA истЄк кровью!
14.09.2017 17:47:54: –осси€ был съеден зомби! 
14.09.2017 17:48:12: Recedevist(морпех) совершил суецид!
14.09.2017 17:52:32: gaevoymihail был съеден зомби! 
14.09.2017 17:54:17: Ћесник был съеден зомби! 
14.09.2017 17:55:56: –осси€ истЄк кровью!
14.09.2017 17:56:18: Ћесник был убит плювальщиком!
14.09.2017 17:59:45: Ћесник был съеден зомби! 
14.09.2017 18:04:09: –осси€ был съеден зомби! 
14.09.2017 18:05:53: –осси€ был съеден зомби! 
14.09.2017 18:08:31: gaevoymihail был съеден зомби! 
14.09.2017 20:11:45: Scriptix:3 был убит плювальщиком!
14.09.2017 20:22:27: vilkel2007 был убит камушком!
14.09.2017 20:22:32: andreiscout истЄк кровью!
14.09.2017 20:24:16: vilkel2007 истЄк кровью!
14.09.2017 20:27:52: vilkel2007 был съеден зомби! 
14.09.2017 20:28:15: vilkel2007 совершил суецид!
14.09.2017 20:36:24: Scriptix:3 был съеден зомби! 
14.09.2017 20:38:16: Scriptix:3 был съеден зомби! 
14.09.2017 20:43:14: Scriptix:3 был съеден зомби! 
14.09.2017 20:46:24: Scriptix:3 был съеден зомби! 
14.09.2017 20:55:04: soby.oby был съеден зомби! 
14.09.2017 20:57:25: soby.oby был съеден зомби! 
14.09.2017 21:01:21: Zolka-Kun был съеден зомби! 
14.09.2017 21:16:31: Zolka-Kun истЄк кровью!
14.09.2017 21:16:51: –осси€ был съеден зомби! 
14.09.2017 21:51:15: Sladkoeshka совершил суецид!
14.09.2017 21:58:31:  ирилл совершил суецид!
14.09.2017 22:02:09:  ирилл совершил суецид!
14.09.2017 22:05:26: ƒикий был съеден зомби! 
14.09.2017 22:20:50: Sladkoeshka был съеден зомби! 
14.09.2017 22:21:10: ƒикий был съеден зомби! 
14.09.2017 22:30:47: Sladkoeshka истЄк кровью!
14.09.2017 22:57:37: Mr.Beat был съеден зомби! 
15.09.2017 15:29:35: VALERIAnonono. истЄк кровью!
15.09.2017 15:32:16: janka2283 истЄк кровью!
15.09.2017 15:43:06: [јдмин]sashka208 был съеден зомби! 
15.09.2017 15:52:43: adomas истЄк кровью!
15.09.2017 15:59:29: bezrukov_83 совершил суецид!
15.09.2017 16:15:10: –осси€ утонул!
15.09.2017 23:28:18: im awsome был съеден зомби! 
15.09.2017 23:40:52: daudor был съеден зомби! 
15.09.2017 23:44:44: Azms_Gaming был съеден зомби! 
15.09.2017 23:45:05: ai.bogdan был съеден зомби! 
15.09.2017 23:46:44: Azms_Gaming истЄк кровью!
15.09.2017 23:55:13: Sarnavskiy.v, HP: 100%, убит, Azms_Gaming, использу€ Shadowstalker !
15.09.2017 23:56:35: _¬е—еЋь„а _ш”р»к_ был съеден зомби! 
16.09.2017 0:00:41: Sarnavskiy.v, HP: 100%, убит, Flicker, использу€ Determinator !
16.09.2017 0:05:08: parlak.ruya истЄк кровью!
16.09.2017 0:06:09: parlak.ruya был съеден зомби! 
16.09.2017 0:10:45: Flicker был съеден зомби! 
16.09.2017 0:14:09: Ќј ј„≈Ќџ… √”—№, убит в голову, [SGT] WhiteSkorpion, HP: 100%, использу€ Cobra !
16.09.2017 0:14:10: Flicker истЄк кровью!
16.09.2017 0:15:22: [SGT] WhiteSkorpion, HP: 100%, убит, Skeis, использу€ Cobra !
16.09.2017 0:15:26: _¬е—еЋь„а _ш”р»к_, убит в голову, [SGT] WhiteSkorpion, HP: 100%, использу€ Cobra !
16.09.2017 0:18:31: parlak.ruya был съеден зомби! 
16.09.2017 0:21:41: Adam Chulisto, убит в голову, [SGT] WhiteSkorpion, HP: 100%, использу€ Cobra !
16.09.2017 0:21:42: [SGT] WhiteSkorpion, HP: 100%, убит, DareDragon, использу€ Cobra !
16.09.2017 0:25:21: DareDragon истЄк кровью!
16.09.2017 0:29:04: Adam Chulisto, убит в голову, [SGT] WhiteSkorpion, HP: 90%, использу€ Cobra !
16.09.2017 0:29:41: [SGT] WhiteSkorpion, HP: 76%, убит, DareDragon, использу€ Heartbreaker !
16.09.2017 0:30:48: Adam Chulisto был съеден зомби! 
16.09.2017 0:52:59: bezrukov_83 был съеден зомби! 
16.09.2017 10:49:11: јлекс ЅомбЄв был съеден зомби! 
16.09.2017 11:09:51: ingener_spring был съеден зомби! 
16.09.2017 11:10:31: betrek99 был съеден зомби! 
16.09.2017 11:11:47: ingener_spring истЄк кровью!
16.09.2017 11:12:59: ZeDoT был съеден зомби! 
16.09.2017 11:13:03: betrek99 истЄк кровью!
16.09.2017 11:14:38: ingener_spring был съеден зомби! 
16.09.2017 11:20:48: betrek99 истЄк кровью!
16.09.2017 11:25:51: јлекс ЅомбЄв был съеден зомби! 
16.09.2017 11:36:06: 7_AleX_3 was shot down by a sentry
16.09.2017 11:36:50: 7_AleX_3 was shot down by a sentry
16.09.2017 11:36:58: betrek99 истЄк кровью!
16.09.2017 11:44:32: _¬е—еЋь„а _ш”р»к_ совершил суецид!
16.09.2017 12:50:43: Nikita был убит взрывной волной от машины!
16.09.2017 13:16:52: Nikita был съеден зомби! 
16.09.2017 13:19:25: Nikita истЄк кровью!
16.09.2017 14:16:46: patrik6355, убит в голову, федр, HP: 99%, использу€ Military Knife !
16.09.2017 14:19:14: patrik6355 был съеден зомби! 
16.09.2017 14:23:26: patrik6355 был съеден зомби! 
16.09.2017 14:25:02: Spike, убит в голову, mslvn, HP: 90%, использу€ Military Knife !
16.09.2017 14:46:01: фрост, убит в голову, Zlo, HP: 100%, использу€ Butterfly Knife !
16.09.2017 14:48:55: фрост, убит в голову, федр, HP: 75%, использу€ Eaglefire !
16.09.2017 14:50:40: фрост был съеден зомби! 
16.09.2017 15:07:04: piter1337 был убит плювальщиком!
16.09.2017 15:17:40: Zlo, HP: 88%, убит, mafia, использу€ Heartbreaker !
16.09.2017 15:22:42: Zlo, HP: 88%, убит, Nikita, использу€ Heartbreaker !
16.09.2017 15:33:14: ¬ладислав ÷ыпленков, убит в голову, Pnegm, HP: 69%, использу€ Camp Axe !
16.09.2017 15:48:12: 7_AleX_3, HP: 68%, убит, Pnegm, использу€ Vonya !
16.09.2017 15:50:20: 7_AleX_3, убит в голову, Pnegm, HP: 100%, использу€ Bluntforce !
16.09.2017 15:50:23: ¬ладислав ÷ыпленков, убит в голову, Pnegm, HP: 100%, использу€ Bluntforce !
16.09.2017 15:51:53: 7_AleX_3, убит в голову, Kirigaya, HP: 100%, использу€ Heartbreaker !
16.09.2017 15:52:40: ¬ладислав ÷ыпленков был съеден зомби! 
16.09.2017 15:53:17: Zlo, HP: 100%, убит, VALERIAnonono., использу€ Heartbreaker !
16.09.2017 15:55:19: piter1337, убит в голову, Kirigaya, HP: 100%, использу€ Heartbreaker !
16.09.2017 15:56:31: 7_AleX_3, HP: 100%, убит, VALERIAnonono., использу€ Nykorev !
16.09.2017 15:57:13: 7_AleX_3, убит в голову, Kirigaya, HP: 60%, использу€ Masterkey !
16.09.2017 16:03:47: Zlo, HP: 85%, убит, 7_AleX_3, использу€ Heartbreaker !
16.09.2017 16:04:24: Kirigaya, HP: 100%, убит, GoldShot, использу€ Maschinengewehr !
16.09.2017 16:06:12: YazzyLazy, убит в голову, Kirigaya, HP: 100%, использу€ Maschinengewehr !
16.09.2017 16:07:46: Zlo, HP: 85%, убит, Kirigaya, использу€ Augewehr !
16.09.2017 16:13:06: 7_AleX_3, убит в голову, Zlo, HP: 85%, использу€ Augewehr !
16.09.2017 16:13:34: Zlo, HP: 85%, ran over Ћесник, использу€ Black Hatchback!
16.09.2017 16:16:39: 7_AleX_3 был съеден зомби! 
16.09.2017 16:17:14: Marty, убит в голову, Zlo, HP: 85%, использу€ Augewehr !
16.09.2017 16:21:27: 7_AleX_3 истЄк кровью!
16.09.2017 16:29:23: PAVEL20082004 устал до смерти!
16.09.2017 16:35:17: 7_AleX_3, HP: 100%, убит, Ћесник, использу€ Yuri !
16.09.2017 16:37:56: 7_AleX_3, HP: 100%, убит, Ћесник, использу€ Honeybadger !
16.09.2017 16:38:35: Ћесник истЄк кровью!
16.09.2017 16:56:10: 7_AleX_3, убит в голову, Zlo, HP: 90%, использу€ Augewehr !
16.09.2017 17:20:11: Zlo, HP: 100%, убит, bezrukov_83, использу€ Augewehr !
16.09.2017 17:20:15: Zlo, HP: 100%, убит, –осси€, использу€ Augewehr !
16.09.2017 17:32:48: 7_AleX_3, убит в голову, Zlo, HP: 84%, использу€ Augewehr !
16.09.2017 17:45:29: bezrukov_83, убит в голову, Zlo, HP: 88%, использу€ Augewehr !
16.09.2017 17:46:37: 7_AleX_3, убит в голову, Zlo, HP: 30%, использу€ Augewehr !
16.09.2017 17:50:48: 7_AleX_3, убит в голову, Zlo, HP: 79%, использу€ Augewehr !
16.09.2017 17:51:57: 7_AleX_3 был убит взрывной волной от машины!
16.09.2017 17:52:53: Zlo, HP: 50%, убит, 7_AleX_3, использу€ Augewehr !
16.09.2017 17:54:54: 7_AleX_3, убит в голову, Roma_Chaos, HP: 100%, использу€ Scalar !
16.09.2017 17:55:57: danus96, убит в голову, Zlo, HP: 100%, использу€ Augewehr !
16.09.2017 17:57:15: mafia был съеден зомби! 
16.09.2017 17:58:47: luckyshot227, HP: 100%, убит, 7_AleX_3, использу€ Nightraider !
16.09.2017 17:58:55: luckyshot227, HP: 100%, убит, Roma_Chaos, использу€ Nightraider !
16.09.2017 17:59:45: –осси€ совершил суецид!
16.09.2017 18:10:58: mafia сгорел!
16.09.2017 18:11:34: mafia сгорел!
16.09.2017 18:12:59: mafia сгорел!
16.09.2017 18:14:06: mafia сгорел!
16.09.2017 18:15:01: mafia сгорел!
16.09.2017 18:17:09: mafia сгорел!
16.09.2017 18:18:22: mafia сгорел!
16.09.2017 18:20:14: –осси€, убит в голову, ¬ит€ ћет€ев, HP: 51%, использу€ Military Knife !
16.09.2017 18:23:39: mafia сгорел!
16.09.2017 18:24:49: mafia сгорел!
16.09.2017 18:29:43: mafia совершил суецид!
16.09.2017 18:35:12: luckyshot227, HP: 89%, убит, mafia, использу€ Scalar !
16.09.2017 18:38:46: shalaeva-02 был съеден зомби! 
16.09.2017 18:45:57: shalaeva-02 был съеден зомби! 
16.09.2017 19:16:35: Nailkarakaya, убит в голову, luckyshot227, HP: 78%, использу€ Nightraider !
16.09.2017 20:06:36: mafia был съеден зомби! 
16.09.2017 20:22:54: Jkar11 был съеден зомби! 
16.09.2017 20:27:14: Jkar11 был съеден зомби! 
16.09.2017 20:29:20: Jkar11 был съеден зомби! 
16.09.2017 20:46:25: Nikita утонул!
16.09.2017 20:48:11: Jkar11 отравилс€!
16.09.2017 20:53:32: Jkar11 был съеден зомби! 
16.09.2017 20:54:22: Jkar11 был съеден зомби! 
16.09.2017 21:02:27: Jkar11 был съеден зомби! 
16.09.2017 21:03:06: Jkar11 был съеден зомби! 
16.09.2017 21:03:11: 7_AleX_3 был убит взрывной волной от машины!
16.09.2017 21:04:02: Jkar11 был съеден зомби! 
16.09.2017 21:05:59: Jkar11 сгорел!
16.09.2017 21:08:22: 7_AleX_3 совершил суецид!
16.09.2017 21:08:31: 7_AleX_3 совершил суецид!
16.09.2017 21:08:34: 7_AleX_3 совершил суецид!
16.09.2017 21:08:42: 7_AleX_3 совершил суецид!
16.09.2017 21:08:47: 7_AleX_3 совершил суецид!
16.09.2017 21:08:57: 7_AleX_3 совершил суецид!
16.09.2017 21:09:00: 7_AleX_3 совершил суецид!
16.09.2017 21:09:06: 7_AleX_3 совершил суецид!
16.09.2017 21:11:08: 7_AleX_3 совершил суецид!
16.09.2017 21:11:18: 7_AleX_3 совершил суецид!
16.09.2017 21:13:46: 7_AleX_3 был съеден зомби! 
16.09.2017 21:18:31: 7_AleX_3 was shot down by a sentry
16.09.2017 21:18:57: 7_AleX_3 совершил суецид!
16.09.2017 21:22:21: 7_AleX_3 was shot down by a sentry
16.09.2017 21:27:31: TheMasterOvFFS был съеден зомби! 
16.09.2017 21:37:33: –адмир јкбашев был съеден зомби! 
16.09.2017 21:38:17: Alen был съеден зомби! 
16.09.2017 21:40:15: Alen истЄк кровью!
16.09.2017 21:41:39: Alen был съеден зомби! 
16.09.2017 21:45:38: Alen истЄк кровью!
16.09.2017 21:49:49: america4life был съеден зомби! 
16.09.2017 21:51:49: america4life был съеден зомби! 
16.09.2017 21:53:26: Alen был съеден зомби! 
16.09.2017 22:50:43: david222profi совершил суецид!
16.09.2017 22:52:41: david222profi был съеден зомби! 
16.09.2017 22:55:22: david222profi был убит плювальщиком!
16.09.2017 22:57:08: david222profi был съеден зомби! 
16.09.2017 23:14:22: david222profi был съеден зомби! 
16.09.2017 23:16:49: jaradostal88 был съеден зомби! 
17.09.2017 0:12:26: dimabuychco, убит в голову, Coot, HP: 100%, использу€ Flashlight !
17.09.2017 5:44:47: Evil Joniverse был съеден зомби! 
17.09.2017 7:57:25: 7_AleX_3 совершил суецид!
17.09.2017 8:58:12: crgadget1234 был съеден зомби! 
17.09.2017 11:17:52: 7_AleX_3 был съеден зомби! 
17.09.2017 13:05:32: luckyshot227 died of holding his breath for too long!
17.09.2017 13:09:58: luckyshot227 died of holding his breath for too long!
17.09.2017 13:10:07: GgKeK died of holding his breath for too long!
17.09.2017 13:14:55: luckyshot227 died of holding his breath for too long!
17.09.2017 13:15:48: luckyshot227 died of holding his breath for too long!
17.09.2017 13:23:29: luckyshot227 died of holding his breath for too long!
17.09.2017 13:23:37: GgKeK died of holding his breath for too long!
17.09.2017 13:24:34: luckyshot227 died of holding his breath for too long!
17.09.2017 13:25:07: GgKeK был съеден зомби! 
17.09.2017 13:25:52: luckyshot227 died of holding his breath for too long!
17.09.2017 13:28:23: luckyshot227 died of holding his breath for too long!
17.09.2017 13:43:31: luckyshot227 died of holding his breath for too long!
17.09.2017 13:47:32: luckyshot227 died of holding his breath for too long!
17.09.2017 14:01:13: fik.war был съеден зомби! 
17.09.2017 14:12:20: fik.war отравилс€!
17.09.2017 14:17:46: fik.war был съеден зомби! 
17.09.2017 14:24:04: fik.war истЄк кровью!
17.09.2017 14:35:43: fik.war истЄк кровью!
17.09.2017 14:46:58: fik.war истЄк кровью!
17.09.2017 14:48:55: Esdek был съеден зомби! 
17.09.2017 14:50:59: arturos1111 был съеден зомби! 
17.09.2017 14:52:47: Esdek был съеден зомби! 
17.09.2017 14:53:20: arturos1111 истЄк кровью!
17.09.2017 15:52:15: ? K1r1lL ? был съеден зомби! 
17.09.2017 16:07:28: –осси€ совершил суецид!
17.09.2017 17:08:42: –осси€ совершил суецид!
17.09.2017 17:08:57: mafia совершил суецид!
17.09.2017 17:35:17: th3tac0mas1r был съеден зомби! 
17.09.2017 17:48:41: mafia совершил суецид!
17.09.2017 18:24:13: Recedevist(морпех) был съеден зомби! 
17.09.2017 18:32:37: Sarnavskiy.v умер от голода!
17.09.2017 18:34:21: SPARTA был съеден зомби! 
17.09.2017 18:40:28: Rufiscraft33 был съеден зомби! 
17.09.2017 18:54:44: fik.war был съеден зомби! 
17.09.2017 18:55:04: fik.war совершил суецид!
17.09.2017 18:55:42: fik.war был съеден зомби! 
17.09.2017 19:00:31: fik.war был съеден зомби! 
17.09.2017 19:01:59: Raven_devil был съеден зомби! 
17.09.2017 19:03:23: BIGBOSS был убит плювальщиком!
17.09.2017 19:05:43: Rufiscraft33 был съеден зомби! 
17.09.2017 19:06:15: BIGBOSS истЄк кровью!
17.09.2017 19:06:33: BIGBOSS совершил суецид!
17.09.2017 19:07:23: Steylerdennis истЄк кровью!
17.09.2017 19:11:24: Rufiscraft33 истЄк кровью!
17.09.2017 19:11:31: Steylerdennis истЄк кровью!
17.09.2017 19:15:14: MC.JUGGER.NUGGETS[OWNER] истЄк кровью!
17.09.2017 19:16:49: mario.mitov75 был съеден зомби! 
17.09.2017 19:16:52: DeltaKevin истЄк кровью!
17.09.2017 19:17:18: Rudy был съеден зомби! 
17.09.2017 19:17:47: Rudy был съеден зомби! 
17.09.2017 19:17:50: platynowy2007 был съеден зомби! 
17.09.2017 19:21:52: MC.JUGGER.NUGGETS[OWNER] был съеден зомби! 
17.09.2017 19:22:44: platynowy2007 был съеден зомби! 
17.09.2017 19:41:16: lucasmccauley7 был съеден зомби! 
17.09.2017 19:43:20: VALERIAnonono. died of holding his breath for too long!
17.09.2017 19:43:33: lucasmccauley7 был съеден зомби! 
17.09.2017 19:58:10: никита совершил суецид!
17.09.2017 20:26:18: MooNFEE был съеден зомби! 
17.09.2017 20:28:54: MooNFEE был съеден зомби! 
17.09.2017 20:30:50: Ўейкер-шейкер был съеден зомби! 
17.09.2017 20:39:12: Bob Ross совершил суецид!
17.09.2017 20:40:15: Ўейкер-шейкер был съеден зомби! 
17.09.2017 20:40:15: nicolas calero был съеден зомби! 
17.09.2017 20:41:32: MooNFEE истЄк кровью!
17.09.2017 20:43:46: Bob Ross отравилс€!
17.09.2017 20:57:02: Ўейкер-шейкер отравилс€!
17.09.2017 21:24:21: fik.war совершил суецид!
17.09.2017 21:38:29: fik.war был убит плювальщиком!
17.09.2017 21:39:38: fik.war был съеден зомби! 
17.09.2017 21:45:08: fik.war был съеден зомби! 
17.09.2017 21:49:13: NeTu был съеден зомби! 
17.09.2017 22:03:51: ? K1r1lL ? был съеден зомби! 
17.09.2017 22:05:41: ? K1r1lL ? совершил суецид!
17.09.2017 22:05:47: ? K1r1lL ? совершил суецид!
17.09.2017 23:09:06: Esdek был съеден зомби! 
17.09.2017 23:14:20: arturos1111 был съеден зомби! 
17.09.2017 23:17:05: arturos1111 был съеден зомби! 
17.09.2017 23:21:44: arturos1111 был съеден зомби! 
18.09.2017 0:15:55: georg.frigaard был съеден зомби! 
18.09.2017 9:48:53: snake 3270 был съеден зомби! 
18.09.2017 16:23:08: denchir1996 был съеден зомби! 
18.09.2017 16:24:25: Ameranir был съеден зомби! 
18.09.2017 16:25:13: denchir1996 истЄк кровью!
18.09.2017 16:32:08: ? K1r1lL ? утонул!
18.09.2017 17:44:40: KotQ died of holding his breath for too long!
18.09.2017 17:46:59: KotQ был убит взрывной волной от машины!
18.09.2017 18:06:15: konstantin161214 был съеден зомби! 
18.09.2017 18:06:48: 05eugene05 сгорел!
18.09.2017 18:43:09: |TheKinggergame| был съеден зомби! 
18.09.2017 18:44:16: Ћесник отравилс€!
18.09.2017 18:45:05: |\/| Bloodthirsty |\/|  истЄк кровью!
18.09.2017 18:48:57: Ћесник совершил суецид!
18.09.2017 18:51:42: ? K1r1lL ? был съеден зомби! 
18.09.2017 18:56:44: Ћесник совершил суецид!
18.09.2017 19:01:35: DarkRaveN истЄк кровью!
18.09.2017 19:04:29: kikstar  был съеден зомби! 
18.09.2017 19:05:59: мах рыжий истЄк кровью!
18.09.2017 19:20:05: полици€ ƒан€ —алтыков был съеден зомби! 
18.09.2017 19:20:24: полици€ ƒан€ —алтыков совершил суецид!
18.09.2017 19:20:30: полици€ ƒан€ —алтыков совершил суецид!
18.09.2017 19:21:14: полици€ ƒан€ —алтыков совершил суецид!
18.09.2017 19:46:12: kir290503 был съеден зомби! 
18.09.2017 19:47:50: kir290503 был съеден зомби! 
18.09.2017 19:54:57:  —ергей Ћомов был съеден зомби! 
18.09.2017 20:19:12: Neromenchik был съеден зомби! 
18.09.2017 20:20:42: bghmfffjfjfj был съеден зомби! 
18.09.2017 20:29:41: Gudron был съеден зомби! 
18.09.2017 20:29:47: –осси€ истЄк кровью!
18.09.2017 20:32:41: Gudron был съеден зомби! 
18.09.2017 20:36:32: bghmfffjfjfj разбилс€ насмерть!
18.09.2017 20:37:09: Gudron совершил суецид!
18.09.2017 20:37:22: Gudron совершил суецид!
18.09.2017 20:37:44: DGamerBoy истЄк кровью!
18.09.2017 20:38:21: DGamerBoy совершил суецид!
18.09.2017 20:38:29: DGamerBoy совершил суецид!
18.09.2017 20:38:34: DGamerBoy совершил суецид!
18.09.2017 20:38:49: DGamerBoy совершил суецид!
18.09.2017 20:38:59: DGamerBoy совершил суецид!
18.09.2017 20:39:04: DGamerBoy совершил суецид!
18.09.2017 20:39:19: DGamerBoy совершил суецид!
18.09.2017 20:39:23: DGamerBoy совершил суецид!
18.09.2017 20:59:58: _¬е—еЋь„а _ш”р»к_ истЄк кровью!
18.09.2017 21:02:58: betrek99 был съеден зомби! 
18.09.2017 21:08:09: _¬е—еЋь„а _ш”р»к_ был съеден зомби! 
18.09.2017 21:08:11: Skeis был убит плювальщиком!
18.09.2017 21:09:13: DoragonAi был съеден зомби! 
18.09.2017 21:10:17: _¬е—еЋь„а _ш”р»к_ совершил суецид!
18.09.2017 21:23:59: DoragonAi истЄк кровью!
18.09.2017 21:33:56: чЄрный лис был съеден зомби! 
18.09.2017 21:38:45: bghmfffjfjfj был съеден зомби! 
18.09.2017 21:42:30: betrek99 был съеден зомби! 
18.09.2017 21:43:47: "....." был съеден зомби! 
18.09.2017 21:47:14: bghmfffjfjfj был съеден зомби! 
18.09.2017 22:21:56: bghmfffjfjfj был съеден зомби! 
18.09.2017 22:23:36: it3abag01 был съеден зомби! 
18.09.2017 22:32:03: „Єтенько был убит камушком!
18.09.2017 22:35:04: „Єтенько был съеден зомби! 
18.09.2017 22:37:22: bghmfffjfjfj был съеден зомби! 
18.09.2017 22:38:31: it3abag01 был съеден зомби! 
18.09.2017 22:39:00: „Єтенько истЄк кровью!
18.09.2017 22:42:13: bghmfffjfjfj был съеден зомби! 
18.09.2017 22:52:39: „Єтенько был убит взрывной волной от машины!
18.09.2017 23:03:35: [Holy]Vanilla был съеден зомби! 
19.09.2017 9:39:37: bghmfffjfjfj был съеден зомби! 
19.09.2017 10:02:11: bghmfffjfjfj был съеден зомби! 
19.09.2017 10:36:39: bghmfffjfjfj истЄк кровью!
19.09.2017 10:36:54: bghmfffjfjfj совершил суецид!
19.09.2017 10:44:58: bghmfffjfjfj был съеден зомби! 
19.09.2017 10:55:53: bghmfffjfjfj был съеден зомби! 
19.09.2017 10:59:48: bghmfffjfjfj истЄк кровью!
19.09.2017 11:59:00: bghmfffjfjfj был убит плювальщиком!
19.09.2017 12:21:50: mafia был съеден зомби! 
19.09.2017 12:25:30: bghmfffjfjfj был съеден зомби! 
19.09.2017 13:01:31: IceSnowHunterRo был съеден зомби! 
19.09.2017 13:09:01: IceSnowHunterRo был съеден зомби! 
19.09.2017 13:36:47: sashashalaev2005 истЄк кровью!
19.09.2017 13:43:00: sashashalaev2005 был съеден зомби! 
19.09.2017 16:28:47: bghmfffjfjfj был съеден зомби! 
19.09.2017 17:55:26: ZeroStreak истЄк кровью!
19.09.2017 18:26:19: ZeroStreak был съеден зомби! 
19.09.2017 18:28:52: kamil136 hellcase.com был съеден зомби! 
19.09.2017 18:37:49: =PisosPro=PPAP истЄк кровью!
19.09.2017 18:54:16: Maris был съеден зомби! 
19.09.2017 20:27:14: warrior истЄк кровью!
19.09.2017 20:32:33: warrior сгорел!
19.09.2017 20:42:41: ZeroStreak был съеден зомби! 
19.09.2017 20:48:34: mr.Eagle был съеден зомби! 
19.09.2017 20:51:56: golikovd02 совершил суецид!
19.09.2017 20:57:45: Survived истЄк кровью!
19.09.2017 20:58:33: Survived был съеден зомби! 
19.09.2017 21:16:17: danila.burtsev.06 истЄк кровью!
19.09.2017 21:16:36: „Єтенько истЄк кровью!
19.09.2017 21:29:37: Ghost был съеден зомби! 
19.09.2017 22:07:25: Skeis был убит плювальщиком!
19.09.2017 22:09:27: SOSOK METKINA истЄк кровью!
19.09.2017 22:34:39: Umar Isaacovich был съеден зомби! 
19.09.2017 22:55:21: betrek99 утонул!
19.09.2017 22:58:01: _¬е—еЋь„а _ш”р»к_ был съеден зомби! 
19.09.2017 23:08:32: Danicool совершил суецид!
19.09.2017 23:39:08: Skeis совершил суецид!
19.09.2017 23:49:27: Skeis был съеден зомби! 
20.09.2017 0:25:15: Skeis совершил суецид!
20.09.2017 3:41:47: warrior истЄк кровью!
20.09.2017 3:42:07: sparklequeen совершил суецид!
20.09.2017 3:42:53: warrior совершил суецид!
20.09.2017 4:17:35: sparklequeen совершил суецид!
20.09.2017 4:32:32: sparklequeen был съеден зомби! 
20.09.2017 4:34:24: Mr. Sugar был съеден зомби! 
20.09.2017 4:34:29: sparklequeen был съеден зомби! 
20.09.2017 10:58:28: Alen был съеден зомби! 
20.09.2017 11:04:18: Col3man был съеден зомби! 
20.09.2017 11:14:04: Col3man был съеден зомби! 
20.09.2017 11:14:24: Alen отравилс€!
20.09.2017 11:14:30: Col3man был съеден зомби! 
20.09.2017 11:14:39: {PTS} RockingRacoon был съеден зомби! 
20.09.2017 11:24:16: Col3man был съеден зомби! 
20.09.2017 11:33:50: Alen был съеден зомби! 
20.09.2017 11:35:11: {PTS} RockingRacoon был съеден зомби! 
20.09.2017 11:36:01: IceSnowHunterRo был съеден зомби! 
20.09.2017 11:36:02: Alen был съеден зомби! 
20.09.2017 11:40:46: mauricemeijer2001 истЄк кровью!
20.09.2017 11:51:35: Alen совершил суецид!
20.09.2017 12:57:31: Traker был убит плювальщиком!
20.09.2017 12:58:11: Traker был съеден зомби! 
20.09.2017 13:02:14: Traker был съеден зомби! 
20.09.2017 13:03:58: Traker сгорел!
20.09.2017 13:05:25: Traker был съеден зомби! 
20.09.2017 13:21:42: jekamix3344 был съеден зомби! 
20.09.2017 13:24:49: jekamix3344 был съеден зомби! 
20.09.2017 13:29:25: андрей был съеден зомби! 
20.09.2017 14:41:47: No More Room In Hell был съеден зомби! 
20.09.2017 15:03:09: No More Room In Hell был убит плювальщиком!
20.09.2017 15:03:10: ZeroStreak был убит плювальщиком!
20.09.2017 15:08:13: ZeroStreak был съеден зомби! 
20.09.2017 15:44:43: pyuha был съеден зомби! 
20.09.2017 15:51:12: glem был съеден зомби! 
20.09.2017 16:01:20: glem был съеден зомби! 
20.09.2017 16:17:06: ZeroStreak был съеден зомби! 
20.09.2017 16:41:40: GELIS истЄк кровью!
20.09.2017 16:44:16: GELIS был съеден зомби! 
20.09.2017 18:04:05: Alex отравилс€!
20.09.2017 19:20:03: mauricemeijer2001 был убит взрывной волной от машины!
20.09.2017 20:32:58: Skeis совершил суецид!
20.09.2017 21:17:09: —ан€Rus истЄк кровью!
20.09.2017 21:19:25: —ан€Rus был съеден зомби! 
20.09.2017 23:18:49: Macdonald был съеден зомби! 
20.09.2017 23:22:39: Macdonald был съеден зомби! 
20.09.2017 23:51:42: T-Sneaky был съеден зомби! 
21.09.2017 8:56:37: FRENLyHeRO:^3 был съеден зомби! 
21.09.2017 11:31:02: Gangster был съеден зомби! 
21.09.2017 11:49:29: Gangster был съеден зомби! 
21.09.2017 11:57:52: јнзор4ик был съеден зомби! 
21.09.2017 12:18:18: јнзор4ик истЄк кровью!
21.09.2017 12:33:52: Gangster был съеден зомби! 
22.09.2017 11:06:12: golikovd02 утонул!
22.09.2017 11:10:37: golikovd02 истЄк кровью!
