17.06.2017 22:35:31: Не обработано: RocketRcon v2.4.8.0
17.06.2017 22:35:44: Не обработано: DropManager >> 3
17.06.2017 22:35:44: Не обработано: Fresh [koldin1925] killed themself.
17.06.2017 22:37:01: Не обработано: MessageAnnouncer >> Broadcast: vk.com/hemulgm - ЕДИНСТВЕННЫЙ администратор сервера
17.06.2017 22:37:01: Не обработано: MessageAnnouncer >> vk.com/hemulgm - ЕДИНСТВЕННЫЙ администратор сервера
17.06.2017 22:37:06: Successfully set airdrop!
17.06.2017 22:37:06: Successfully set airdrop!
17.06.2017 22:37:06: Successfully set airdrop!
17.06.2017 22:37:06: Successfully set airdrop!
17.06.2017 22:37:06: Successfully set airdrop!
17.06.2017 22:37:06: Successfully set airdrop!
17.06.2017 22:37:06: Successfully set airdrop!
17.06.2017 22:37:07: Successfully set airdrop!
17.06.2017 22:37:07: Successfully set airdrop!
17.06.2017 22:37:07: Successfully set airdrop!
17.06.2017 22:39:01: Не обработано: MessageAnnouncer >> Broadcast: Используйте /report [ник], чтобы отправить жалобу на игрока
17.06.2017 22:39:01: Не обработано: MessageAnnouncer >> Используйте /report [ник], чтобы отправить жалобу на игрока
17.06.2017 22:40:06: Successfully set airdrop!
17.06.2017 22:40:06: Successfully set airdrop!
17.06.2017 22:40:06: Successfully set airdrop!
17.06.2017 22:40:06: Successfully set airdrop!
17.06.2017 22:40:07: Successfully set airdrop!
17.06.2017 22:40:07: Successfully set airdrop!
17.06.2017 22:40:07: Successfully set airdrop!
17.06.2017 22:40:07: Successfully set airdrop!
17.06.2017 22:40:07: Successfully set airdrop!
17.06.2017 22:40:07: Successfully set airdrop!
17.06.2017 22:40:17: Successfully set storm!
17.06.2017 22:40:57: Не обработано: Zlo отключен Godmode
17.06.2017 22:41:01: Не обработано: MessageAnnouncer >> Broadcast: Наберите /rules (/r) для просмотра правил
17.06.2017 22:41:01: Не обработано: MessageAnnouncer >> Наберите /rules (/r) для просмотра правил
17.06.2017 22:41:12: Не обработано: DropManager >> 3
17.06.2017 22:41:12: Не обработано: Пипр [НеЗнаюКакой] was chopped in the head by Zlo [Мама Ама Криминал]!
17.06.2017 22:41:45: Не обработано: Zlo телепортирован к Mr. Pozitiv
17.06.2017 22:41:45: Не обработано: Zlo moved x:-85.49707 y:53.38841(+24.00526) z:569.2282 in the last second (0.658432)
17.06.2017 22:41:59: Не обработано: Пипр был телепортирован к Zlo
17.06.2017 22:41:59: Не обработано: Пипр moved x:-86.85773 y:52.61336(+28.29133) z:570.5029 in the last second (0.6258125)
17.06.2017 22:42:22: Не обработано: Zlo включен Godmode
17.06.2017 22:42:41: Не обработано: Zlo отключен Godmode
17.06.2017 22:42:50: Не обработано: DropManager >> 3
17.06.2017 22:42:50: Не обработано: Пипр [НеЗнаюКакой] was chopped in the head by Zlo [Мама Ама Криминал]!
17.06.2017 22:43:01: Не обработано: DropManager >> 3
17.06.2017 22:43:01: Не обработано: Пипр [НеЗнаюКакой] killed themself.
17.06.2017 22:43:01: Не обработано: MessageAnnouncer >> Broadcast: Добро пожаловать на HEMULGM.RU. Тут рады вам больше, чем на любом другом сервере!
17.06.2017 22:43:01: Не обработано: MessageAnnouncer >> Добро пожаловать на HEMULGM.RU. Тут рады вам больше, чем на любом другом сервере!
17.06.2017 22:43:21: Successfully gave Мама Ама Криминал 106!
17.06.2017 22:43:24: Не обработано: Пипр был телепортирован к Zlo
17.06.2017 22:43:26: Не обработано: DropManager >> 3
17.06.2017 22:43:26: Не обработано: akzhol_2004_2 [akzhol_2004_2] bled to death!
17.06.2017 22:43:30: Не обработано: DropManager >> 3
17.06.2017 22:43:30: Не обработано: Пипр [НеЗнаюКакой] killed themself.
17.06.2017 22:43:43: Не обработано: ayan2005 был исцелён
17.06.2017 22:43:47: Не обработано: Zlo включен Godmode
17.06.2017 22:43:54: Не обработано: Пипр был телепортирован к Zlo
