18.07.2017 16:37:58: henk de steen истёк кровью!
18.07.2017 16:38:53: eriklord2006 был съеден зомби! 
18.07.2017 16:39:05: Geryy был съеден зомби! 
18.07.2017 16:39:27: henk de steen был съеден зомби! 
18.07.2017 16:39:31: orlovvado истёк кровью!
18.07.2017 16:39:44: tiger  утонул!
18.07.2017 16:41:31: Dimango был съеден зомби! 
18.07.2017 16:42:10: Gendalf был съеден зомби! 
18.07.2017 16:45:13: belevtsov.kirill был съеден зомби! 
18.07.2017 16:53:18: Gendalf истёк кровью!
18.07.2017 16:53:22: orlovvado сгорел!
18.07.2017 16:57:25: Maciek истёк кровью!
18.07.2017 16:58:16: LEXA был убит взрывной волной от машины!
18.07.2017 16:59:37: Maciek был съеден зомби! 
18.07.2017 17:01:36: Geryy был убит плювальщиком!
18.07.2017 17:04:38: LEXA совершил суецид!
18.07.2017 17:11:49: Dimango был съеден зомби! 
18.07.2017 17:12:59: Finlandia истёк кровью!
18.07.2017 17:18:31: Finlandia был съеден зомби! 
18.07.2017 17:19:18: Geryy был убит взрывной волной от машины!
18.07.2017 17:23:48: belevtsov.kirill был съеден зомби! 
18.07.2017 17:25:09: belevtsov.kirill был съеден зомби! 
18.07.2017 17:26:58: денте был съеден зомби! 
18.07.2017 17:33:30: тим был съеден зомби! 
18.07.2017 17:34:17: belevtsov.kirill был съеден зомби! 
18.07.2017 17:35:48: belevtsov.kirill истёк кровью!
18.07.2017 17:36:31: Dimango был съеден зомби! 
18.07.2017 17:36:40: денте был съеден зомби! 
18.07.2017 17:37:30: тим истёк кровью!
18.07.2017 17:39:23: Dimango был съеден зомби! 
18.07.2017 17:39:26: Евгений Дюжиков совершил суецид!
18.07.2017 17:40:27: тим был убит плювальщиком!
18.07.2017 17:40:36: Dimango был съеден зомби! 
18.07.2017 17:44:01: Vadim133 был съеден зомби! 
18.07.2017 17:52:57: belevtsov.kirill был съеден зомби! 
18.07.2017 17:53:00: Vadim133 был убит плювальщиком!
18.07.2017 18:04:40: Матвей истёк кровью!
18.07.2017 18:06:29: belevtsov.kirill был съеден зомби! 
18.07.2017 18:07:21: Dimango был съеден зомби! 
18.07.2017 18:10:28: Dimango был съеден зомби! 
18.07.2017 18:13:08: Vadim133 был убит плювальщиком!
18.07.2017 18:19:08: abdoiiii был убит плювальщиком!
18.07.2017 18:21:48: Fondeche died of holding his breath for too long!
18.07.2017 18:23:42: Fondeche истёк кровью!
18.07.2017 18:29:51: LlazivRUS был съеден зомби! 
18.07.2017 18:30:47: golos совершил суецид!
18.07.2017 18:33:42: golos был съеден зомби! 
18.07.2017 18:35:17: LlazivRUS был съеден зомби! 
18.07.2017 18:38:08: LlazivRUS был съеден зомби! 
18.07.2017 18:39:36: LlazivRUS был съеден зомби! 
18.07.2017 18:42:33: Marc32R был съеден зомби! 
18.07.2017 18:43:15: LlazivRUS истёк кровью!
18.07.2017 18:46:17: Егор Тётушкин был съеден зомби! 
18.07.2017 18:50:41: LlazivRUS был съеден зомби! 
18.07.2017 19:01:51: LlazivRUS истёк кровью!
18.07.2017 19:34:43: 1979chernenko был съеден зомби! 
18.07.2017 19:40:48: Ivan :З был съеден зомби! 
18.07.2017 19:41:04: Cha77er был съеден зомби! 
18.07.2017 19:42:51: лёня был съеден зомби! 
18.07.2017 19:43:46: Cha77er истёк кровью!
18.07.2017 19:48:01: Cha77er был съеден зомби! 
18.07.2017 19:48:27: (bot)Baileys был съеден зомби! 
18.07.2017 19:52:22: лёня был съеден зомби! 
18.07.2017 19:52:24: Wiles Attack был съеден зомби! 
18.07.2017 19:52:29: солдат украинец был съеден зомби! 
18.07.2017 20:01:34: лёня был съеден зомби! 
18.07.2017 20:05:53: gavrik был съеден зомби! 
18.07.2017 20:06:00: солдат украинец был съеден зомби! 
18.07.2017 20:06:48: лёня был съеден зомби! 
18.07.2017 20:06:59: солдат украинец был съеден зомби! 
18.07.2017 20:12:46: mitsum был съеден зомби! 
18.07.2017 20:13:56: mitsum истёк кровью!
18.07.2017 20:26:22: [KGB]Kekos был съеден зомби! 
18.07.2017 20:26:40: ExC!uT был съеден зомби! 
18.07.2017 20:28:29: misha2005 истёк кровью!
18.07.2017 20:40:08: ExC!uT был съеден зомби! 
18.07.2017 21:55:01: ExC!uT утонул!
18.07.2017 21:58:03: ExC!uT истёк кровью!
18.07.2017 22:12:09: Рома Буришин был съеден зомби! 
18.07.2017 22:13:01: 1goodguy2005 истёк кровью!
18.07.2017 22:15:21: Рома Буришин истёк кровью!
18.07.2017 22:27:00: ExC!uT был съеден зомби! 
18.07.2017 22:44:30: Jake был съеден зомби! 
18.07.2017 22:57:17: ExC!uT был съеден зомби! 
18.07.2017 23:04:26: tomos.2000 был съеден зомби! 
18.07.2017 23:05:31: olejikv777 был съеден зомби! 
18.07.2017 23:08:54: olejikv777 был съеден зомби! 
18.07.2017 23:09:49: (рядовой) Глеб истёк кровью!
18.07.2017 23:10:30: (рядовой) Глеб был съеден зомби! 
18.07.2017 23:17:09: Legend был съеден зомби! 
18.07.2017 23:45:09: pagarefff2006 был съеден зомби! 
18.07.2017 23:53:14: Nolic был съеден зомби! 
18.07.2017 23:55:48: Legend был убит плювальщиком!
19.07.2017 0:00:46: Legend был съеден зомби! 
19.07.2017 0:00:59: Nolic истёк кровью!
19.07.2017 0:02:03: Legend был съеден зомби! 
19.07.2017 0:03:47: Nolic был съеден зомби! 
19.07.2017 0:05:10: Nolic истёк кровью!
19.07.2017 0:05:32: Legend был съеден зомби! 
19.07.2017 0:05:44: Nolic совершил суецид!
19.07.2017 0:08:18: Nolic был съеден зомби! 
19.07.2017 0:08:43: Nolic был съеден зомби! 
19.07.2017 0:10:29: Legend был съеден зомби! 
19.07.2017 0:10:44: Legend совершил суецид!
19.07.2017 0:11:00: Legend совершил суецид!
19.07.2017 0:11:10: Legend совершил суецид!
19.07.2017 0:11:17: Legend совершил суецид!
19.07.2017 0:11:22: Legend совершил суецид!
19.07.2017 0:11:33: Legend совершил суецид!
19.07.2017 0:16:38: Legend совершил суецид!
19.07.2017 0:16:50: Nolic совершил суецид!
19.07.2017 0:17:09: Legend совершил суецид!
19.07.2017 0:17:27: Nolic был съеден зомби! 
19.07.2017 0:17:35: Legend совершил суецид!
19.07.2017 0:18:23: BambinoIngwa был съеден зомби! 
19.07.2017 0:23:49: Legend совершил суецид!
19.07.2017 0:23:53: Nolic совершил суецид!
19.07.2017 0:25:17: Nolic был съеден зомби! 
19.07.2017 0:25:29: Nolic совершил суецид!
19.07.2017 0:25:40: Nolic совершил суецид!
19.07.2017 0:25:49: Nolic совершил суецид!
19.07.2017 0:30:13: Legend совершил суецид!
19.07.2017 0:36:47: Nolic был съеден зомби! 
19.07.2017 0:37:16: Nolic совершил суецид!
19.07.2017 0:37:51: Nolic died of holding his breath for too long!
19.07.2017 0:41:26: Legend истёк кровью!
19.07.2017 0:42:50: Legend истёк кровью!
19.07.2017 0:43:57: Nolic был убит плювальщиком!
19.07.2017 0:46:11: Legend был съеден зомби! 
19.07.2017 0:46:53: Nolic был съеден зомби! 
19.07.2017 0:48:44: Nolic был съеден зомби! 
19.07.2017 0:56:32: Nolic был съеден зомби! 
19.07.2017 1:02:16: Nolic истёк кровью!
19.07.2017 1:17:15: amazon7657 был съеден зомби! 
19.07.2017 1:37:45: Timsait был съеден зомби! 
19.07.2017 1:38:24: Timsait был съеден зомби! 
19.07.2017 1:43:31: Legend совершил суецид!
19.07.2017 1:44:34: Nolic совершил суецид!
19.07.2017 1:53:12: Legend совершил суецид!
19.07.2017 1:58:17: Nolic истёк кровью!
19.07.2017 2:01:12: Legend был съеден зомби! 
19.07.2017 2:02:09: Nolic истёк кровью!
19.07.2017 2:06:04: Legend совершил суецид!
19.07.2017 2:07:05: Nolic совершил суецид!
19.07.2017 2:07:57: Legend совершил суецид!
19.07.2017 2:13:38: Nolic совершил суецид!
19.07.2017 2:17:11: Nolic совершил суецид!
19.07.2017 2:21:13: Legend совершил суецид!
19.07.2017 2:23:08: Nolic совершил суецид!
19.07.2017 2:32:42: Legend был съеден зомби! 
19.07.2017 2:33:43: Legend истёк кровью!
19.07.2017 2:35:48: Nolic истёк кровью!
19.07.2017 2:40:49: Legend был съеден зомби! 
19.07.2017 2:41:01: Nolic был съеден зомби! 
19.07.2017 2:41:24: Legend совершил суецид!
19.07.2017 2:46:19: the killer был съеден зомби! 
19.07.2017 2:47:51: the killer был съеден зомби! 
19.07.2017 2:49:18: Legend сгорел!
19.07.2017 3:35:14: Nolic совершил суецид!
19.07.2017 3:58:45: Nolic истёк кровью!
19.07.2017 4:00:44: Tom (Ven) Thompson был съеден зомби! 
19.07.2017 4:00:57: Dr.W.D.Gaster PHD был съеден зомби! 
19.07.2017 4:04:18: Nolic был съеден зомби! 
19.07.2017 4:27:33: Legend истёк кровью!
19.07.2017 4:29:28: Nolic истёк кровью!
19.07.2017 4:46:33: Legend истёк кровью!
19.07.2017 4:48:28: Nolic истёк кровью!
19.07.2017 4:49:09: Legend был съеден зомби! 
19.07.2017 4:50:45: Nolic был съеден зомби! 
19.07.2017 4:53:24: Nolic был убит плювальщиком!
19.07.2017 4:53:59: Legend был съеден зомби! 
19.07.2017 4:54:05: Nolic совершил суецид!
19.07.2017 4:54:12: Legend совершил суецид!
19.07.2017 4:54:13: Nolic совершил суецид!
19.07.2017 5:01:14: Nolic истёк кровью!
19.07.2017 5:01:29: Legend истёк кровью!
19.07.2017 5:01:45: Legend совершил суецид!
19.07.2017 5:01:52: Legend совершил суецид!
19.07.2017 5:01:56: Legend совершил суецид!
19.07.2017 5:02:03: Legend совершил суецид!
19.07.2017 5:02:07: Legend совершил суецид!
19.07.2017 5:02:14: Legend совершил суецид!
19.07.2017 5:02:19: Legend совершил суецид!
19.07.2017 5:02:34: Legend совершил суецид!
19.07.2017 5:02:41: Legend совершил суецид!
19.07.2017 5:02:48: Nolic совершил суецид!
19.07.2017 5:02:48: Legend совершил суецид!
19.07.2017 5:02:53: Legend совершил суецид!
19.07.2017 5:04:00: Legend совершил суецид!
19.07.2017 5:06:01: Nolic истёк кровью!
19.07.2017 5:09:45: Nolic был съеден зомби! 
19.07.2017 5:11:23: Nolic был съеден зомби! 
19.07.2017 5:12:23: Legend был съеден зомби! 
19.07.2017 5:12:40: Legend совершил суецид!
19.07.2017 5:12:44: Legend совершил суецид!
19.07.2017 5:12:50: Legend совершил суецид!
19.07.2017 5:12:57: Legend совершил суецид!
19.07.2017 5:13:04: Legend совершил суецид!
19.07.2017 5:13:12: Legend совершил суецид!
19.07.2017 5:13:17: Legend совершил суецид!
19.07.2017 5:49:07: Nolic совершил суецид!
19.07.2017 7:12:01: theclaner17 был съеден зомби! 
19.07.2017 7:12:58: theclaner17 был съеден зомби! 
19.07.2017 7:26:34: godwin истёк кровью!
19.07.2017 9:11:06: дед с тапором был съеден зомби! 
19.07.2017 9:12:38: дед с тапором истёк кровью!
19.07.2017 9:37:21: никита был съеден зомби! 
19.07.2017 9:37:25: daniil12360 был съеден зомби! 
