Не обработано: RocketRcon v2.4.8.0
RocketRcon v2.4.8.0

Client has executed command "players"

TimerTerminateCommand.Enabled with Players:
Players:
PlayerID: 76561198366549870 Name: Expert13372284200 Character: Expert1337 Ping: 132
PlayerID: 76561198157563744 Name: Jason Voorhees Character: Jason Voorhees Ping: 70
PlayerID: 76561198200101595 Name: Deus vult Character: Nevalyasha4 Ping: 109
PlayerID: 76561198119414469 Name: Postman Pat Character: Postman Pat Ping: 54
PlayerID: 76561198391626023 Name: roman.sagitov.2017 Character: Roma Sagitow Ping: 31
PlayerID: 76561198295801599 Name: Lo[x] Character: Lo[x] Ping: 39
PlayerID: 76561198371041527 Name: ¦_s1mple_¦ Character: miguelhormat Ping: 31
PlayerID: 76561198176817369 Name: ?. Character: GlodiS Ping: 78
PlayerID: 76561198263636845 Name: matic Character: matic Ping: 85
PlayerID: 76561198339493373 Name: Good_4el Character: LORD Ping: 101
PlayerID: 76561198292543416 Name: Mr_GiladKing Character: GamerYT Ping: 62
PlayerID: 76561198371125723 Name: MrSan4oS Character: shakhnazarov2011 Ping: 62
PlayerID: 76561198280617288 Name: Незнаю какой придумать Character: Пипр Ping: 54
PlayerID: 76561198330586818 Name: pasha2005.lobachevt Character: malashelter Ping: 156

END with Players:
TimerTerminateCommand.Enabled with Bans:
Client has executed command "bans"
Bans:
PlayerID: 123123
JudgeID: 0
Reason: unspecified Duration: 31536000 Remaining: 31370154
PlayerID: 123
JudgeID: 0
Reason: durila Duration: 4000 Remaining: 4294805948
PlayerID: 76561198274427357
JudgeID: 0
Reason: you were vote kicked Duration: 180 Remaining: 4294834321

END with Bans:
Client has executed command "players"

TimerTerminateCommand.Enabled with Players:
Players:
PlayerID: 76561198366549870 Name: Expert13372284200 Character: Expert1337 Ping: 132
PlayerID: 76561198157563744 Name: Jason Voorhees Character: Jason Voorhees Ping: 78
PlayerID: 76561198200101595 Name: Deus vult Character: Nevalyasha4 Ping: 125
PlayerID: 76561198119414469 Name: Postman Pat Character: Postman Pat Ping: 70
PlayerID: 76561198391626023 Name: roman.sagitov.2017 Character: Roma Sagitow Ping: 31
PlayerID: 76561198295801599 Name: Lo[x] Character: Lo[x] Ping: 54
PlayerID: 76561198371041527 Name: ¦_s1mple_¦ Character: miguelhormat Ping: 31
PlayerID: 76561198176817369 Name: ?. Character: GlodiS Ping: 62
PlayerID: 76561198263636845 Name: matic Character: matic Ping: 93
PlayerID: 76561198339493373 Name: Good_4el Character: LORD Ping: 78
PlayerID: 76561198292543416 Name: Mr_GiladKing Character: GamerYT Ping: 78
PlayerID: 76561198371125723 Name: MrSan4oS Character: shakhnazarov2011 Ping: 78
PlayerID: 76561198280617288 Name: Незнаю какой придумать Character: Пипр Ping: 62
PlayerID: 76561198330586818 Name: pasha2005.lobachevt Character: malashelter Ping: 39

END with Players:
[World] malashelter [pasha2005.lobachevt]: "кто по скайпу"

[World] matic [matic]: "/kit help"

[World] Пипр [Незнаю какой придумать]: "Ахаха"

Client has executed command "players"

TimerTerminateCommand.Enabled with Players:
Players:
PlayerID: 76561198366549870 Name: Expert13372284200 Character: Expert1337 Ping: 117
PlayerID: 76561198157563744 Name: Jason Voorhees Character: Jason Voorhees Ping: 62
PlayerID: 76561198200101595 Name: Deus vult Character: Nevalyasha4 Ping: 101
PlayerID: 76561198119414469 Name: Postman Pat Character: Postman Pat Ping: 62
PlayerID: 76561198391626023 Name: roman.sagitov.2017 Character: Roma Sagitow Ping: 39
PlayerID: 76561198295801599 Name: Lo[x] Character: Lo[x] Ping: 46
PlayerID: 76561198371041527 Name: ¦_s1mple_¦ Character: miguelhormat Ping: 31
PlayerID: 76561198176817369 Name: ?. Character: GlodiS Ping: 62
PlayerID: 76561198263636845 Name: matic Character: matic Ping: 85
PlayerID: 76561198339493373 Name: Good_4el Character: LORD Ping: 70
PlayerID: 76561198292543416 Name: Mr_GiladKing Character: GamerYT Ping: 31
PlayerID: 76561198371125723 Name: MrSan4oS Character: shakhnazarov2011 Ping: 70
PlayerID: 76561198280617288 Name: Незнаю какой придумать Character: Пипр Ping: 39
PlayerID: 76561198330586818 Name: pasha2005.lobachevt Character: malashelter Ping: 31

END with Players:
[World] malashelter [pasha2005.lobachevt]: "/p"

[World] miguelhormat [¦_s1mple_¦]: "/kit help"

[World] Expert1337 [Expert13372284200]: "/home"

Client has executed command "players"

TimerTerminateCommand.Enabled with Players:
Players:
PlayerID: 76561198366549870 Name: Expert13372284200 Character: Expert1337 Ping: 156
PlayerID: 76561198157563744 Name: Jason Voorhees Character: Jason Voorhees Ping: 62
PlayerID: 76561198200101595 Name: Deus vult Character: Nevalyasha4 Ping: 125
PlayerID: 76561198119414469 Name: Postman Pat Character: Postman Pat Ping: 54
PlayerID: 76561198391626023 Name: roman.sagitov.2017 Character: Roma Sagitow Ping: 39
PlayerID: 76561198295801599 Name: Lo[x] Character: Lo[x] Ping: 54
PlayerID: 76561198371041527 Name: ¦_s1mple_¦ Character: miguelhormat Ping: 31
PlayerID: 76561198176817369 Name: ?. Character: GlodiS Ping: 70
PlayerID: 76561198263636845 Name: matic Character: matic Ping: 85
PlayerID: 76561198339493373 Name: Good_4el Character: LORD Ping: 93
PlayerID: 76561198292543416 Name: Mr_GiladKing Character: GamerYT Ping: 54
PlayerID: 76561198371125723 Name: MrSan4oS Character: shakhnazarov2011 Ping: 93
PlayerID: 76561198280617288 Name: Незнаю какой придумать Character: Пипр Ping: 54
PlayerID: 76561198330586818 Name: pasha2005.lobachevt Character: malashelter Ping: 39

Не обработано: Expert1337 moved x:-686.4483 y:74.59423(+35.83944) z:-616.3519 in the last second (0.09999847)
TimerTerminateCommand.Enabled with Players:
Expert1337 moved x:-686.4483 y:74.59423(+35.83944) z:-616.3519 in the last second (0.09999847)

END with Players:
[World] malashelter [pasha2005.lobachevt]: "/kit hqm1"

Не обработано: DeathMessagesRemastered >> Broadcast: LORD has been mauled by a zombie! 
DeathMessagesRemastered >> Broadcast: LORD has been mauled by a zombie! 

Не обработано: LORD [Good_4el] was mauled by a zombie!
LORD [Good_4el] was mauled by a zombie!

Client has executed command "players"

TimerTerminateCommand.Enabled with Players:
Players:
PlayerID: 76561198366549870 Name: Expert13372284200 Character: Expert1337 Ping: 132
PlayerID: 76561198157563744 Name: Jason Voorhees Character: Jason Voorhees Ping: 70
PlayerID: 76561198200101595 Name: Deus vult Character: Nevalyasha4 Ping: 117
PlayerID: 76561198119414469 Name: Postman Pat Character: Postman Pat Ping: 62
PlayerID: 76561198391626023 Name: roman.sagitov.2017 Character: Roma Sagitow Ping: 39
PlayerID: 76561198295801599 Name: Lo[x] Character: Lo[x] Ping: 54
PlayerID: 76561198371041527 Name: ¦_s1mple_¦ Character: miguelhormat Ping: 39
PlayerID: 76561198176817369 Name: ?. Character: GlodiS Ping: 54
PlayerID: 76561198263636845 Name: matic Character: matic Ping: 93
PlayerID: 76561198339493373 Name: Good_4el Character: LORD Ping: 70
PlayerID: 76561198292543416 Name: Mr_GiladKing Character: GamerYT Ping: 54
PlayerID: 76561198371125723 Name: MrSan4oS Character: shakhnazarov2011 Ping: 85
PlayerID: 76561198280617288 Name: Незнаю какой придумать Character: Пипр Ping: 70
PlayerID: 76561198330586818 Name: pasha2005.lobachevt Character: malashelter Ping: 31

TimerTerminateCommand.Enabled with Players:
[World] miguelhormat [¦_s1mple_¦]: "/home"

Не обработано: miguelhormat moved x:-695.4576 y:74.59409(+33.49738) z:-626.6902 in the last second (0.09985352)
TimerTerminateCommand.Enabled with Players:
miguelhormat moved x:-695.4576 y:74.59409(+33.49738) z:-626.6902 in the last second (0.09985352)

TimerTerminateCommand.Enabled with Players:
[World] malashelter [pasha2005.lobachevt]: "/kit claim"

END with Players:
Client has executed command "players"

TimerTerminateCommand.Enabled with Players:
Players:
PlayerID: 76561198366549870 Name: Expert13372284200 Character: Expert1337 Ping: 125
PlayerID: 76561198157563744 Name: Jason Voorhees Character: Jason Voorhees Ping: 54
PlayerID: 76561198200101595 Name: Deus vult Character: Nevalyasha4 Ping: 109
PlayerID: 76561198119414469 Name: Postman Pat Character: Postman Pat Ping: 62
PlayerID: 76561198391626023 Name: roman.sagitov.2017 Character: Roma Sagitow Ping: 31
PlayerID: 76561198295801599 Name: Lo[x] Character: Lo[x] Ping: 39
PlayerID: 76561198371041527 Name: ¦_s1mple_¦ Character: miguelhormat Ping: 31
PlayerID: 76561198176817369 Name: ?. Character: GlodiS Ping: 62
PlayerID: 76561198263636845 Name: matic Character: matic Ping: 93
PlayerID: 76561198339493373 Name: Good_4el Character: LORD Ping: 62
PlayerID: 76561198292543416 Name: Mr_GiladKing Character: GamerYT Ping: 46
PlayerID: 76561198371125723 Name: MrSan4oS Character: shakhnazarov2011 Ping: 62
PlayerID: 76561198280617288 Name: Незнаю какой придумать Character: Пипр Ping: 39
PlayerID: 76561198330586818 Name: pasha2005.lobachevt Character: malashelter Ping: 31

END with Players:
Не обработано: MessageAnnouncer >> Broadcast: vk.com/unturned_hgm - цены на премиум, VIP и другие услуги смотрите в группе!
MessageAnnouncer >> Broadcast: vk.com/unturned_hgm - цены на премиум, VIP и другие услуги смотрите в группе!

Не обработано: MessageAnnouncer >> vk.com/unturned_hgm - цены на премиум, VIP и другие услуги смотрите в группе!
MessageAnnouncer >> vk.com/unturned_hgm - цены на премиум, VIP и другие услуги смотрите в группе!

[World] Nevalyasha4 [Deus vult]: "/TPA пипр"

Не обработано: VehicleEvents >> Broadcast: Брошенный оранжевый грузовик в Scorpion-7! Найди его и он твой!
VehicleEvents >> Broadcast: Брошенный оранжевый грузовик в Scorpion-7! Найди его и он твой!

Client has executed command "players"

TimerTerminateCommand.Enabled with Players:
Players:
PlayerID: 76561198366549870 Name: Expert13372284200 Character: Expert1337 Ping: 140
PlayerID: 76561198157563744 Name: Jason Voorhees Character: Jason Voorhees Ping: 62
PlayerID: 76561198200101595 Name: Deus vult Character: Nevalyasha4 Ping: 109
PlayerID: 76561198119414469 Name: Postman Pat Character: Postman Pat Ping: 46
PlayerID: 76561198391626023 Name: roman.sagitov.2017 Character: Roma Sagitow Ping: 31
PlayerID: 76561198295801599 Name: Lo[x] Character: Lo[x] Ping: 54
PlayerID: 76561198371041527 Name: ¦_s1mple_¦ Character: miguelhormat Ping: 39
PlayerID: 76561198176817369 Name: ?. Character: GlodiS Ping: 62
PlayerID: 76561198263636845 Name: matic Character: matic Ping: 85
PlayerID: 76561198339493373 Name: Good_4el Character: LORD Ping: 70
PlayerID: 76561198292543416 Name: Mr_GiladKing Character: GamerYT Ping: 46
PlayerID: 76561198371125723 Name: MrSan4oS Character: shakhnazarov2011 Ping: 70
PlayerID: 76561198280617288 Name: Незнаю какой придумать Character: Пипр Ping: 54
PlayerID: 76561198330586818 Name: pasha2005.lobachevt Character: malashelter Ping: 46

END with Players:
[Area] Nevalyasha4 [Deus vult]: "Я же возле гольфа живу"

Client has executed command "players"

TimerTerminateCommand.Enabled with Players:
Players:
PlayerID: 76561198366549870 Name: Expert13372284200 Character: Expert1337 Ping: 132
PlayerID: 76561198157563744 Name: Jason Voorhees Character: Jason Voorhees Ping: 70
PlayerID: 76561198200101595 Name: Deus vult Character: Nevalyasha4 Ping: 101
PlayerID: 76561198119414469 Name: Postman Pat Character: Postman Pat Ping: 70
PlayerID: 76561198391626023 Name: roman.sagitov.2017 Character: Roma Sagitow Ping: 46
PlayerID: 76561198295801599 Name: Lo[x] Character: Lo[x] Ping: 46
PlayerID: 76561198371041527 Name: ¦_s1mple_¦ Character: miguelhormat Ping: 31
PlayerID: 76561198176817369 Name: ?. Character: GlodiS Ping: 70
PlayerID: 76561198263636845 Name: matic Character: matic Ping: 85
PlayerID: 76561198339493373 Name: Good_4el Character: LORD Ping: 54
PlayerID: 76561198292543416 Name: Mr_GiladKing Character: GamerYT Ping: 62
PlayerID: 76561198371125723 Name: MrSan4oS Character: shakhnazarov2011 Ping: 85
PlayerID: 76561198280617288 Name: Незнаю какой придумать Character: Пипр Ping: 39
PlayerID: 76561198330586818 Name: pasha2005.lobachevt Character: malashelter Ping: 54

Не обработано: Saving server
TimerTerminateCommand.Enabled with Players:
Saving server

END with Players:
[World] Lo[x] [Lo[x]]: "/tpa GLodis"

[Area] Nevalyasha4 [Deus vult]: "ахах"

[Area] GlodiS [?.]: "/tpa accept"

Client has executed command "players"

TimerTerminateCommand.Enabled with Players:
Players:
PlayerID: 76561198366549870 Name: Expert13372284200 Character: Expert1337 Ping: 156
PlayerID: 76561198157563744 Name: Jason Voorhees Character: Jason Voorhees Ping: 78
PlayerID: 76561198200101595 Name: Deus vult Character: Nevalyasha4 Ping: 117
PlayerID: 76561198119414469 Name: Postman Pat Character: Postman Pat Ping: 70
PlayerID: 76561198391626023 Name: roman.sagitov.2017 Character: Roma Sagitow Ping: 39
PlayerID: 76561198295801599 Name: Lo[x] Character: Lo[x] Ping: 62
PlayerID: 76561198371041527 Name: ¦_s1mple_¦ Character: miguelhormat Ping: 31
PlayerID: 76561198176817369 Name: ?. Character: GlodiS Ping: 70
PlayerID: 76561198263636845 Name: matic Character: matic Ping: 85
PlayerID: 76561198339493373 Name: Good_4el Character: LORD Ping: 54
PlayerID: 76561198292543416 Name: Mr_GiladKing Character: GamerYT Ping: 46
PlayerID: 76561198371125723 Name: MrSan4oS Character: shakhnazarov2011 Ping: 78
PlayerID: 76561198280617288 Name: Незнаю какой придумать Character: Пипр Ping: 46
PlayerID: 76561198330586818 Name: pasha2005.lobachevt Character: malashelter Ping: 39

TimerTerminateCommand.Enabled with Players:
[Area] Nevalyasha4 [Deus vult]: "ток пришли"

TimerTerminateCommand.Enabled with Players:
[Area] Nevalyasha4 [Deus vult]: "а тут пикап"

END with Players:
Client has executed command "players"

TimerTerminateCommand.Enabled with Players:
Players:
PlayerID: 76561198366549870 Name: Expert13372284200 Character: Expert1337 Ping: 132
PlayerID: 76561198157563744 Name: Jason Voorhees Character: Jason Voorhees Ping: 78
PlayerID: 76561198200101595 Name: Deus vult Character: Nevalyasha4 Ping: 125
PlayerID: 76561198119414469 Name: Postman Pat Character: Postman Pat Ping: 78
PlayerID: 76561198391626023 Name: roman.sagitov.2017 Character: Roma Sagitow Ping: 39
PlayerID: 76561198295801599 Name: Lo[x] Character: Lo[x] Ping: 62
PlayerID: 76561198371041527 Name: ¦_s1mple_¦ Character: miguelhormat Ping: 39
PlayerID: 76561198176817369 Name: ?. Character: GlodiS Ping: 70
PlayerID: 76561198263636845 Name: matic Character: matic Ping: 85
PlayerID: 76561198339493373 Name: Good_4el Character: LORD Ping: 62
PlayerID: 76561198292543416 Name: Mr_GiladKing Character: GamerYT Ping: 70
PlayerID: 76561198371125723 Name: MrSan4oS Character: shakhnazarov2011 Ping: 62
PlayerID: 76561198280617288 Name: Незнаю какой придумать Character: Пипр Ping: 54
PlayerID: 76561198330586818 Name: pasha2005.lobachevt Character: malashelter Ping: 31

END with Players:
Client has executed command "players"

TimerTerminateCommand.Enabled with Players:
Players:
PlayerID: 76561198366549870 Name: Expert13372284200 Character: Expert1337 Ping: 109
PlayerID: 76561198157563744 Name: Jason Voorhees Character: Jason Voorhees Ping: 62
PlayerID: 76561198200101595 Name: Deus vult Character: Nevalyasha4 Ping: 109
PlayerID: 76561198119414469 Name: Postman Pat Character: Postman Pat Ping: 46
PlayerID: 76561198391626023 Name: roman.sagitov.2017 Character: Roma Sagitow Ping: 31
PlayerID: 76561198295801599 Name: Lo[x] Character: Lo[x] Ping: 46
PlayerID: 76561198371041527 Name: ¦_s1mple_¦ Character: miguelhormat Ping: 31
PlayerID: 76561198176817369 Name: ?. Character: GlodiS Ping: 54
PlayerID: 76561198263636845 Name: matic Character: matic Ping: 85
PlayerID: 76561198339493373 Name: Good_4el Character: LORD Ping: 62
PlayerID: 76561198292543416 Name: Mr_GiladKing Character: GamerYT Ping: 54
PlayerID: 76561198371125723 Name: MrSan4oS Character: shakhnazarov2011 Ping: 85
PlayerID: 76561198280617288 Name: Незнаю какой придумать Character: Пипр Ping: 46
PlayerID: 76561198330586818 Name: pasha2005.lobachevt Character: malashelter Ping: 31

END with Players:
[World] Пипр [Незнаю какой придумать]: "анушку"

[Area] Пипр [Незнаю какой придумать]: "Аннушку забрать надо*"

Client has executed command "players"

TimerTerminateCommand.Enabled with Players:
Players:
PlayerID: 76561198366549870 Name: Expert13372284200 Character: Expert1337 Ping: 125
PlayerID: 76561198157563744 Name: Jason Voorhees Character: Jason Voorhees Ping: 54
PlayerID: 76561198200101595 Name: Deus vult Character: Nevalyasha4 Ping: 117
PlayerID: 76561198119414469 Name: Postman Pat Character: Postman Pat Ping: 62
PlayerID: 76561198391626023 Name: roman.sagitov.2017 Character: Roma Sagitow Ping: 39
PlayerID: 76561198295801599 Name: Lo[x] Character: Lo[x] Ping: 39
PlayerID: 76561198371041527 Name: ¦_s1mple_¦ Character: miguelhormat Ping: 39
PlayerID: 76561198176817369 Name: ?. Character: GlodiS Ping: 54
PlayerID: 76561198263636845 Name: matic Character: matic Ping: 85
PlayerID: 76561198339493373 Name: Good_4el Character: LORD Ping: 70
PlayerID: 76561198292543416 Name: Mr_GiladKing Character: GamerYT Ping: 62
PlayerID: 76561198371125723 Name: MrSan4oS Character: shakhnazarov2011 Ping: 78
PlayerID: 76561198280617288 Name: Незнаю какой придумать Character: Пипр Ping: 62
PlayerID: 76561198330586818 Name: pasha2005.lobachevt Character: malashelter Ping: 46

END with Players:
Не обработано: MessageAnnouncer >> Broadcast: Наберите /kit claim, чтобы получить Claim Flag
MessageAnnouncer >> Broadcast: Наберите /kit claim, чтобы получить Claim Flag

Не обработано: MessageAnnouncer >> Наберите /kit claim, чтобы получить Claim Flag
MessageAnnouncer >> Наберите /kit claim, чтобы получить Claim Flag

Client has executed command "players"

TimerTerminateCommand.Enabled with Players:
Players:
PlayerID: 76561198366549870 Name: Expert13372284200 Character: Expert1337 Ping: 156
PlayerID: 76561198157563744 Name: Jason Voorhees Character: Jason Voorhees Ping: 78
PlayerID: 76561198200101595 Name: Deus vult Character: Nevalyasha4 Ping: 109
PlayerID: 76561198119414469 Name: Postman Pat Character: Postman Pat Ping: 70
PlayerID: 76561198391626023 Name: roman.sagitov.2017 Character: Roma Sagitow Ping: 39
PlayerID: 76561198295801599 Name: Lo[x] Character: Lo[x] Ping: 62
PlayerID: 76561198371041527 Name: ¦_s1mple_¦ Character: miguelhormat Ping: 31
PlayerID: 76561198176817369 Name: ?. Character: GlodiS Ping: 70
PlayerID: 76561198263636845 Name: matic Character: matic Ping: 85
PlayerID: 76561198339493373 Name: Good_4el Character: LORD Ping: 62
PlayerID: 76561198292543416 Name: Mr_GiladKing Character: GamerYT Ping: 93
PlayerID: 76561198371125723 Name: MrSan4oS Character: shakhnazarov2011 Ping: 117
PlayerID: 76561198280617288 Name: Незнаю какой придумать Character: Пипр Ping: 46
PlayerID: 76561198330586818 Name: pasha2005.lobachevt Character: malashelter Ping: 31

END with Players:
Client has executed command "players"

TimerTerminateCommand.Enabled with Players:
Players:
PlayerID: 76561198366549870 Name: Expert13372284200 Character: Expert1337 Ping: 140
PlayerID: 76561198157563744 Name: Jason Voorhees Character: Jason Voorhees Ping: 62
PlayerID: 76561198200101595 Name: Deus vult Character: Nevalyasha4 Ping: 117
PlayerID: 76561198119414469 Name: Postman Pat Character: Postman Pat Ping: 70
PlayerID: 76561198391626023 Name: roman.sagitov.2017 Character: Roma Sagitow Ping: 31
PlayerID: 76561198295801599 Name: Lo[x] Character: Lo[x] Ping: 39
PlayerID: 76561198371041527 Name: ¦_s1mple_¦ Character: miguelhormat Ping: 39
PlayerID: 76561198176817369 Name: ?. Character: GlodiS Ping: 70
PlayerID: 76561198263636845 Name: matic Character: matic Ping: 93
PlayerID: 76561198339493373 Name: Good_4el Character: LORD Ping: 62
PlayerID: 76561198292543416 Name: Mr_GiladKing Character: GamerYT Ping: 54
PlayerID: 76561198371125723 Name: MrSan4oS Character: shakhnazarov2011 Ping: 101
PlayerID: 76561198280617288 Name: Незнаю какой придумать Character: Пипр Ping: 46
PlayerID: 76561198330586818 Name: pasha2005.lobachevt Character: malashelter Ping: 39

END with Players:
Client has executed command "players"

TimerTerminateCommand.Enabled with Players:
Players:
PlayerID: 76561198366549870 Name: Expert13372284200 Character: Expert1337 Ping: 140
PlayerID: 76561198157563744 Name: Jason Voorhees Character: Jason Voorhees Ping: 70
PlayerID: 76561198200101595 Name: Deus vult Character: Nevalyasha4 Ping: 117
PlayerID: 76561198119414469 Name: Postman Pat Character: Postman Pat Ping: 62
PlayerID: 76561198391626023 Name: roman.sagitov.2017 Character: Roma Sagitow Ping: 39
PlayerID: 76561198295801599 Name: Lo[x] Character: Lo[x] Ping: 39
PlayerID: 76561198371041527 Name: ¦_s1mple_¦ Character: miguelhormat Ping: 31
PlayerID: 76561198176817369 Name: ?. Character: GlodiS Ping: 62
PlayerID: 76561198263636845 Name: matic Character: matic Ping: 85
PlayerID: 76561198339493373 Name: Good_4el Character: LORD Ping: 62
PlayerID: 76561198292543416 Name: Mr_GiladKing Character: GamerYT Ping: 39
PlayerID: 76561198371125723 Name: MrSan4oS Character: shakhnazarov2011 Ping: 62
PlayerID: 76561198280617288 Name: Незнаю какой придумать Character: Пипр Ping: 39
PlayerID: 76561198330586818 Name: pasha2005.lobachevt Character: malashelter Ping: 31

END with Players:
Client has executed command "players"

TimerTerminateCommand.Enabled with Players:
Players:
PlayerID: 76561198366549870 Name: Expert13372284200 Character: Expert1337 Ping: 179
PlayerID: 76561198157563744 Name: Jason Voorhees Character: Jason Voorhees Ping: 62
PlayerID: 76561198200101595 Name: Deus vult Character: Nevalyasha4 Ping: 109
PlayerID: 76561198119414469 Name: Postman Pat Character: Postman Pat Ping: 54
PlayerID: 76561198391626023 Name: roman.sagitov.2017 Character: Roma Sagitow Ping: 46
PlayerID: 76561198295801599 Name: Lo[x] Character: Lo[x] Ping: 54
PlayerID: 76561198371041527 Name: ¦_s1mple_¦ Character: miguelhormat Ping: 31
PlayerID: 76561198176817369 Name: ?. Character: GlodiS Ping: 70
PlayerID: 76561198263636845 Name: matic Character: matic Ping: 85
PlayerID: 76561198339493373 Name: Good_4el Character: LORD Ping: 78
PlayerID: 76561198292543416 Name: Mr_GiladKing Character: GamerYT Ping: 70
PlayerID: 76561198371125723 Name: MrSan4oS Character: shakhnazarov2011 Ping: 93
PlayerID: 76561198280617288 Name: Незнаю какой придумать Character: Пипр Ping: 46
PlayerID: 76561198330586818 Name: pasha2005.lobachevt Character: malashelter Ping: 39

END with Players:
[World] GamerYT [Mr_GiladKing]: "/KIT HELP"

Client has executed command "players"

TimerTerminateCommand.Enabled with Players:
Players:
PlayerID: 76561198366549870 Name: Expert13372284200 Character: Expert1337 Ping: 179
PlayerID: 76561198157563744 Name: Jason Voorhees Character: Jason Voorhees Ping: 70
PlayerID: 76561198200101595 Name: Deus vult Character: Nevalyasha4 Ping: 117
PlayerID: 76561198119414469 Name: Postman Pat Character: Postman Pat Ping: 62
PlayerID: 76561198391626023 Name: roman.sagitov.2017 Character: Roma Sagitow Ping: 31
PlayerID: 76561198295801599 Name: Lo[x] Character: Lo[x] Ping: 54
PlayerID: 76561198371041527 Name: ¦_s1mple_¦ Character: miguelhormat Ping: 70
PlayerID: 76561198176817369 Name: ?. Character: GlodiS Ping: 70
PlayerID: 76561198263636845 Name: matic Character: matic Ping: 101
PlayerID: 76561198339493373 Name: Good_4el Character: LORD Ping: 70
PlayerID: 76561198292543416 Name: Mr_GiladKing Character: GamerYT Ping: 62
PlayerID: 76561198371125723 Name: MrSan4oS Character: shakhnazarov2011 Ping: 93
PlayerID: 76561198280617288 Name: Незнаю какой придумать Character: Пипр Ping: 78
PlayerID: 76561198330586818 Name: pasha2005.lobachevt Character: malashelter Ping: 31

END with Players:
Не обработано: Пипр moved x:-674.1463 y:78.89869(+39.15871) z:330.9854 in the last second (0.1060867)
Пипр moved x:-674.1463 y:78.89869(+39.15871) z:330.9854 in the last second (0.1060867)

Client has executed command "players"

TimerTerminateCommand.Enabled with Players:
Players:
PlayerID: 76561198366549870 Name: Expert13372284200 Character: Expert1337 Ping: 132
PlayerID: 76561198157563744 Name: Jason Voorhees Character: Jason Voorhees Ping: 62
PlayerID: 76561198200101595 Name: Deus vult Character: Nevalyasha4 Ping: 101
PlayerID: 76561198119414469 Name: Postman Pat Character: Postman Pat Ping: 54
PlayerID: 76561198391626023 Name: roman.sagitov.2017 Character: Roma Sagitow Ping: 39
PlayerID: 76561198295801599 Name: Lo[x] Character: Lo[x] Ping: 62
PlayerID: 76561198371041527 Name: ¦_s1mple_¦ Character: miguelhormat Ping: 31
PlayerID: 76561198176817369 Name: ?. Character: GlodiS Ping: 62
PlayerID: 76561198263636845 Name: matic Character: matic Ping: 93
PlayerID: 76561198339493373 Name: Good_4el Character: LORD Ping: 62
PlayerID: 76561198292543416 Name: Mr_GiladKing Character: GamerYT Ping: 54
PlayerID: 76561198371125723 Name: MrSan4oS Character: shakhnazarov2011 Ping: 101
PlayerID: 76561198280617288 Name: Незнаю какой придумать Character: Пипр Ping: 39
PlayerID: 76561198330586818 Name: pasha2005.lobachevt Character: malashelter Ping: 54

END with Players:
Не обработано: MessageAnnouncer >> Broadcast: Если модератор ведёт себя неподобающе, пишите в группу или ЛС (vk.com/unturned_hgm, vk.com/hemulgm)
MessageAnnouncer >> Broadcast: Если модератор ведёт себя неподобающе, пишите в группу или ЛС (vk.com/unturned_hgm, vk.com/hemulgm)

Не обработано: MessageAnnouncer >> Если модератор ведёт себя неподобающе, пишите в группу или ЛС (vk.com/unturned_hgm, vk.com/hemulgm)
MessageAnnouncer >> Если модератор ведёт себя неподобающе, пишите в группу или ЛС (vk.com/unturned_hgm, vk.com/hemulgm)

[Area] GlodiS [?.]: "/home"

Client has executed command "players"

TimerTerminateCommand.Enabled with Players:
Players:
PlayerID: 76561198366549870 Name: Expert13372284200 Character: Expert1337 Ping: 179
PlayerID: 76561198157563744 Name: Jason Voorhees Character: Jason Voorhees Ping: 62
PlayerID: 76561198200101595 Name: Deus vult Character: Nevalyasha4 Ping: 117
PlayerID: 76561198119414469 Name: Postman Pat Character: Postman Pat Ping: 46
PlayerID: 76561198391626023 Name: roman.sagitov.2017 Character: Roma Sagitow Ping: 39
PlayerID: 76561198295801599 Name: Lo[x] Character: Lo[x] Ping: 54
PlayerID: 76561198371041527 Name: ¦_s1mple_¦ Character: miguelhormat Ping: 31
PlayerID: 76561198176817369 Name: ?. Character: GlodiS Ping: 70
PlayerID: 76561198263636845 Name: matic Character: matic Ping: 93
PlayerID: 76561198339493373 Name: Good_4el Character: LORD Ping: 62
PlayerID: 76561198292543416 Name: Mr_GiladKing Character: GamerYT Ping: 54
PlayerID: 76561198371125723 Name: MrSan4oS Character: shakhnazarov2011 Ping: 78
PlayerID: 76561198280617288 Name: Незнаю какой придумать Character: Пипр Ping: 46
PlayerID: 76561198330586818 Name: pasha2005.lobachevt Character: malashelter Ping: 31

TimerTerminateCommand.Enabled with Players:
[Area] Пипр [Незнаю какой придумать]: "/tpa neva"

END with Players:
[Area] Пипр [Незнаю какой придумать]: "ЯБегу"

Client has executed command "players"

TimerTerminateCommand.Enabled with Players:
Players:
PlayerID: 76561198366549870 Name: Expert13372284200 Character: Expert1337 Ping: 140
PlayerID: 76561198157563744 Name: Jason Voorhees Character: Jason Voorhees Ping: 62
PlayerID: 76561198200101595 Name: Deus vult Character: Nevalyasha4 Ping: 109
PlayerID: 76561198119414469 Name: Postman Pat Character: Postman Pat Ping: 70
PlayerID: 76561198391626023 Name: roman.sagitov.2017 Character: Roma Sagitow Ping: 31
PlayerID: 76561198295801599 Name: Lo[x] Character: Lo[x] Ping: 46
PlayerID: 76561198371041527 Name: ¦_s1mple_¦ Character: miguelhormat Ping: 39
PlayerID: 76561198176817369 Name: ?. Character: GlodiS Ping: 78
PlayerID: 76561198263636845 Name: matic Character: matic Ping: 93
PlayerID: 76561198339493373 Name: Good_4el Character: LORD Ping: 46
PlayerID: 76561198292543416 Name: Mr_GiladKing Character: GamerYT Ping: 46
PlayerID: 76561198371125723 Name: MrSan4oS Character: shakhnazarov2011 Ping: 70
PlayerID: 76561198280617288 Name: Незнаю какой придумать Character: Пипр Ping: 54
PlayerID: 76561198330586818 Name: pasha2005.lobachevt Character: malashelter Ping: 46

END with Players:
Не обработано: Nevalyasha4 moved x:-818.7042 y:67.13457(+36.17099) z:800.4614 in the last second (31.62029)
Nevalyasha4 moved x:-818.7042 y:67.13457(+36.17099) z:800.4614 in the last second (31.62029)

Client has executed command "players"

TimerTerminateCommand.Enabled with Players:
Players:
PlayerID: 76561198366549870 Name: Expert13372284200 Character: Expert1337 Ping: 125
PlayerID: 76561198157563744 Name: Jason Voorhees Character: Jason Voorhees Ping: 70
PlayerID: 76561198200101595 Name: Deus vult Character: Nevalyasha4 Ping: 125
PlayerID: 76561198119414469 Name: Postman Pat Character: Postman Pat Ping: 62
PlayerID: 76561198391626023 Name: roman.sagitov.2017 Character: Roma Sagitow Ping: 39
PlayerID: 76561198295801599 Name: Lo[x] Character: Lo[x] Ping: 54
PlayerID: 76561198371041527 Name: ¦_s1mple_¦ Character: miguelhormat Ping: 31
PlayerID: 76561198176817369 Name: ?. Character: GlodiS Ping: 78
PlayerID: 76561198263636845 Name: matic Character: matic Ping: 93
PlayerID: 76561198339493373 Name: Good_4el Character: LORD Ping: 117
PlayerID: 76561198292543416 Name: Mr_GiladKing Character: GamerYT Ping: 62
PlayerID: 76561198371125723 Name: MrSan4oS Character: shakhnazarov2011 Ping: 101
PlayerID: 76561198280617288 Name: Незнаю какой придумать Character: Пипр Ping: 54
PlayerID: 76561198330586818 Name: pasha2005.lobachevt Character: malashelter Ping: 46

TimerTerminateCommand.Enabled with Players:
[Area] Nevalyasha4 [Deus vult]: "/tpa a"

END with Players:
[Area] Пипр [Незнаю какой придумать]: "чел за мной"

Client has executed command "players"

TimerTerminateCommand.Enabled with Players:
Players:
PlayerID: 76561198366549870 Name: Expert13372284200 Character: Expert1337 Ping: 109
PlayerID: 76561198157563744 Name: Jason Voorhees Character: Jason Voorhees Ping: 70
PlayerID: 76561198200101595 Name: Deus vult Character: Nevalyasha4 Ping: 101
PlayerID: 76561198119414469 Name: Postman Pat Character: Postman Pat Ping: 78
PlayerID: 76561198391626023 Name: roman.sagitov.2017 Character: Roma Sagitow Ping: 46
PlayerID: 76561198295801599 Name: Lo[x] Character: Lo[x] Ping: 46
PlayerID: 76561198371041527 Name: ¦_s1mple_¦ Character: miguelhormat Ping: 39
PlayerID: 76561198176817369 Name: ?. Character: GlodiS Ping: 62
PlayerID: 76561198263636845 Name: matic Character: matic Ping: 78
PlayerID: 76561198339493373 Name: Good_4el Character: LORD Ping: 62
PlayerID: 76561198292543416 Name: Mr_GiladKing Character: GamerYT Ping: 39
PlayerID: 76561198371125723 Name: MrSan4oS Character: shakhnazarov2011 Ping: 78
PlayerID: 76561198280617288 Name: Незнаю какой придумать Character: Пипр Ping: 46
PlayerID: 76561198330586818 Name: pasha2005.lobachevt Character: malashelter Ping: 54

END with Players:
[Area] Пипр [Незнаю какой придумать]: "Там дом зайрейдили"

[Area] Пипр [Незнаю какой придумать]: "И лут остался"

[Area] Nevalyasha4 [Deus vult]: "Этот"

[Area] Nevalyasha4 [Deus vult]: "этот?"

[Area] Пипр [Незнаю какой придумать]: "твой?"

Client has executed command "players"

TimerTerminateCommand.Enabled with Players:
Players:
PlayerID: 76561198366549870 Name: Expert13372284200 Character: Expert1337 Ping: 132
PlayerID: 76561198157563744 Name: Jason Voorhees Character: Jason Voorhees Ping: 78
PlayerID: 76561198200101595 Name: Deus vult Character: Nevalyasha4 Ping: 125
PlayerID: 76561198119414469 Name: Postman Pat Character: Postman Pat Ping: 78
PlayerID: 76561198391626023 Name: roman.sagitov.2017 Character: Roma Sagitow Ping: 39
PlayerID: 76561198295801599 Name: Lo[x] Character: Lo[x] Ping: 62
PlayerID: 76561198371041527 Name: ¦_s1mple_¦ Character: miguelhormat Ping: 31
PlayerID: 76561198176817369 Name: ?. Character: GlodiS Ping: 54
PlayerID: 76561198263636845 Name: matic Character: matic Ping: 93
PlayerID: 76561198339493373 Name: Good_4el Character: LORD Ping: 70
PlayerID: 76561198292543416 Name: Mr_GiladKing Character: GamerYT Ping: 54
PlayerID: 76561198371125723 Name: MrSan4oS Character: shakhnazarov2011 Ping: 62
PlayerID: 76561198280617288 Name: Незнаю какой придумать Character: Пипр Ping: 70
PlayerID: 76561198330586818 Name: pasha2005.lobachevt Character: malashelter Ping: 46

TimerTerminateCommand.Enabled with Players:
[Area] Пипр [Незнаю какой придумать]: "Не"

TimerTerminateCommand.Enabled with Players:
[Area] Nevalyasha4 [Deus vult]: "Нет"

TimerTerminateCommand.Enabled with Players:
[Area] Пипр [Незнаю какой придумать]: "Пошли"

END with Players:
[Area] Пипр [Незнаю какой придумать]: "тп"

[Area] Nevalyasha4 [Deus vult]: "Это Игоря Петровича"

[Area] Nevalyasha4 [Deus vult]: "/tpa пипр"

[Area] Пипр [Незнаю какой придумать]: "/home"

Не обработано: Пипр moved x:-695.5986 y:82.72859(+44.43708) z:324.784 in the last second (0.2379227)
Пипр moved x:-695.5986 y:82.72859(+44.43708) z:324.784 in the last second (0.2379227)

Client has executed command "players"

TimerTerminateCommand.Enabled with Players:
Players:
PlayerID: 76561198366549870 Name: Expert13372284200 Character: Expert1337 Ping: 140
PlayerID: 76561198157563744 Name: Jason Voorhees Character: Jason Voorhees Ping: 62
PlayerID: 76561198200101595 Name: Deus vult Character: Nevalyasha4 Ping: 109
PlayerID: 76561198119414469 Name: Postman Pat Character: Postman Pat Ping: 70
PlayerID: 76561198391626023 Name: roman.sagitov.2017 Character: Roma Sagitow Ping: 31
PlayerID: 76561198295801599 Name: Lo[x] Character: Lo[x] Ping: 46
PlayerID: 76561198371041527 Name: ¦_s1mple_¦ Character: miguelhormat Ping: 39
PlayerID: 76561198176817369 Name: ?. Character: GlodiS Ping: 85
PlayerID: 76561198263636845 Name: matic Character: matic Ping: 78
PlayerID: 76561198339493373 Name: Good_4el Character: LORD Ping: 62
PlayerID: 76561198292543416 Name: Mr_GiladKing Character: GamerYT Ping: 46
PlayerID: 76561198371125723 Name: MrSan4oS Character: shakhnazarov2011 Ping: 85
PlayerID: 76561198280617288 Name: Незнаю какой придумать Character: Пипр Ping: 70
PlayerID: 76561198330586818 Name: pasha2005.lobachevt Character: malashelter Ping: 46

TimerTerminateCommand.Enabled with Players:
[World] Nevalyasha4 [Deus vult]: "я уже отправил"

END with Players:
Не обработано: MessageAnnouncer >> Broadcast: vk.com/hemulgm - ЕДИНСТВЕННЫЙ администратор сервера
MessageAnnouncer >> Broadcast: vk.com/hemulgm - ЕДИНСТВЕННЫЙ администратор сервера

Не обработано: MessageAnnouncer >> vk.com/hemulgm - ЕДИНСТВЕННЫЙ администратор сервера
MessageAnnouncer >> vk.com/hemulgm - ЕДИНСТВЕННЫЙ администратор сервера

[Area] Пипр [Незнаю какой придумать]: "/tpa a"

Не обработано: Nevalyasha4 moved x:-678.0555 y:78.92923(+40.7189) z:334.9886 in the last second (0.414093)
Nevalyasha4 moved x:-678.0555 y:78.92923(+40.7189) z:334.9886 in the last second (0.414093)

Client has executed command "players"

TimerTerminateCommand.Enabled with Players:
Players:
PlayerID: 76561198366549870 Name: Expert13372284200 Character: Expert1337 Ping: 140
PlayerID: 76561198157563744 Name: Jason Voorhees Character: Jason Voorhees Ping: 62
PlayerID: 76561198200101595 Name: Deus vult Character: Nevalyasha4 Ping: 132
PlayerID: 76561198119414469 Name: Postman Pat Character: Postman Pat Ping: 70
PlayerID: 76561198391626023 Name: roman.sagitov.2017 Character: Roma Sagitow Ping: 31
PlayerID: 76561198295801599 Name: Lo[x] Character: Lo[x] Ping: 31
PlayerID: 76561198371041527 Name: ¦_s1mple_¦ Character: miguelhormat Ping: 31
PlayerID: 76561198176817369 Name: ?. Character: GlodiS Ping: 70
PlayerID: 76561198263636845 Name: matic Character: matic Ping: 117
PlayerID: 76561198339493373 Name: Good_4el Character: LORD Ping: 62
PlayerID: 76561198292543416 Name: Mr_GiladKing Character: GamerYT Ping: 31
PlayerID: 76561198371125723 Name: MrSan4oS Character: shakhnazarov2011 Ping: 78
PlayerID: 76561198280617288 Name: Незнаю какой придумать Character: Пипр Ping: 62
PlayerID: 76561198330586818 Name: pasha2005.lobachevt Character: malashelter Ping: 39

END with Players:
[Area] LORD [Good_4el]: "/kit help"

Client has executed command "players"

TimerTerminateCommand.Enabled with Players:
Players:
PlayerID: 76561198366549870 Name: Expert13372284200 Character: Expert1337 Ping: 140
PlayerID: 76561198157563744 Name: Jason Voorhees Character: Jason Voorhees Ping: 62
PlayerID: 76561198200101595 Name: Deus vult Character: Nevalyasha4 Ping: 125
PlayerID: 76561198119414469 Name: Postman Pat Character: Postman Pat Ping: 164
PlayerID: 76561198391626023 Name: roman.sagitov.2017 Character: Roma Sagitow Ping: 31
PlayerID: 76561198295801599 Name: Lo[x] Character: Lo[x] Ping: 46
PlayerID: 76561198371041527 Name: ¦_s1mple_¦ Character: miguelhormat Ping: 46
PlayerID: 76561198176817369 Name: ?. Character: GlodiS Ping: 78
PlayerID: 76561198263636845 Name: matic Character: matic Ping: 93
PlayerID: 76561198339493373 Name: Good_4el Character: LORD Ping: 78
PlayerID: 76561198292543416 Name: Mr_GiladKing Character: GamerYT Ping: 54
PlayerID: 76561198371125723 Name: MrSan4oS Character: shakhnazarov2011 Ping: 93
PlayerID: 76561198280617288 Name: Незнаю какой придумать Character: Пипр Ping: 39
PlayerID: 76561198330586818 Name: pasha2005.lobachevt Character: malashelter Ping: 39

END with Players:
Client has executed command "players"

TimerTerminateCommand.Enabled with Players:
Players:
PlayerID: 76561198366549870 Name: Expert13372284200 Character: Expert1337 Ping: 132
PlayerID: 76561198157563744 Name: Jason Voorhees Character: Jason Voorhees Ping: 70
PlayerID: 76561198200101595 Name: Deus vult Character: Nevalyasha4 Ping: 125
PlayerID: 76561198119414469 Name: Postman Pat Character: Postman Pat Ping: 101
PlayerID: 76561198391626023 Name: roman.sagitov.2017 Character: Roma Sagitow Ping: 46
PlayerID: 76561198295801599 Name: Lo[x] Character: Lo[x] Ping: 62
PlayerID: 76561198371041527 Name: ¦_s1mple_¦ Character: miguelhormat Ping: 39
PlayerID: 76561198176817369 Name: ?. Character: GlodiS Ping: 70
PlayerID: 76561198263636845 Name: matic Character: matic Ping: 101
PlayerID: 76561198339493373 Name: Good_4el Character: LORD Ping: 85
PlayerID: 76561198292543416 Name: Mr_GiladKing Character: GamerYT Ping: 54
PlayerID: 76561198371125723 Name: MrSan4oS Character: shakhnazarov2011 Ping: 78
PlayerID: 76561198280617288 Name: Незнаю какой придумать Character: Пипр Ping: 101
PlayerID: 76561198330586818 Name: pasha2005.lobachevt Character: malashelter Ping: 62

END with Players:
Не обработано: DeathMessagesRemastered >> Broadcast: LORD was killed by spit!
DeathMessagesRemastered >> Broadcast: LORD was killed by spit!

Не обработано: LORD [Good_4el] was dissolved by a zombie!
LORD [Good_4el] was dissolved by a zombie!

Client has executed command "players"

TimerTerminateCommand.Enabled with Players:
Players:
PlayerID: 76561198366549870 Name: Expert13372284200 Character: Expert1337 Ping: 117
PlayerID: 76561198157563744 Name: Jason Voorhees Character: Jason Voorhees Ping: 78
PlayerID: 76561198200101595 Name: Deus vult Character: Nevalyasha4 Ping: 117
PlayerID: 76561198119414469 Name: Postman Pat Character: Postman Pat Ping: 109
PlayerID: 76561198391626023 Name: roman.sagitov.2017 Character: Roma Sagitow Ping: 46
PlayerID: 76561198295801599 Name: Lo[x] Character: Lo[x] Ping: 54
PlayerID: 76561198371041527 Name: ¦_s1mple_¦ Character: miguelhormat Ping: 39
PlayerID: 76561198176817369 Name: ?. Character: GlodiS Ping: 93
PlayerID: 76561198263636845 Name: matic Character: matic Ping: 93
PlayerID: 76561198339493373 Name: Good_4el Character: LORD Ping: 93
PlayerID: 76561198292543416 Name: Mr_GiladKing Character: GamerYT Ping: 46
PlayerID: 76561198371125723 Name: MrSan4oS Character: shakhnazarov2011 Ping: 156
PlayerID: 76561198280617288 Name: Незнаю какой придумать Character: Пипр Ping: 78
PlayerID: 76561198330586818 Name: pasha2005.lobachevt Character: malashelter Ping: 31

END with Players:
Client has executed command "players"

TimerTerminateCommand.Enabled with Players:
Players:
PlayerID: 76561198366549870 Name: Expert13372284200 Character: Expert1337 Ping: 125
PlayerID: 76561198157563744 Name: Jason Voorhees Character: Jason Voorhees Ping: 70
PlayerID: 76561198200101595 Name: Deus vult Character: Nevalyasha4 Ping: 117
PlayerID: 76561198119414469 Name: Postman Pat Character: Postman Pat Ping: 85
PlayerID: 76561198391626023 Name: roman.sagitov.2017 Character: Roma Sagitow Ping: 39
PlayerID: 76561198295801599 Name: Lo[x] Character: Lo[x] Ping: 54
PlayerID: 76561198371041527 Name: ¦_s1mple_¦ Character: miguelhormat Ping: 31
PlayerID: 76561198176817369 Name: ?. Character: GlodiS Ping: 54
PlayerID: 76561198263636845 Name: matic Character: matic Ping: 93
PlayerID: 76561198339493373 Name: Good_4el Character: LORD Ping: 70
PlayerID: 76561198292543416 Name: Mr_GiladKing Character: GamerYT Ping: 70
PlayerID: 76561198371125723 Name: MrSan4oS Character: shakhnazarov2011 Ping: 70
PlayerID: 76561198280617288 Name: Незнаю какой придумать Character: Пипр Ping: 54
PlayerID: 76561198330586818 Name: pasha2005.lobachevt Character: malashelter Ping: 31

END with Players:
[Area] Пипр [Незнаю какой придумать]: "жди тут"

[Area] Пипр [Незнаю какой придумать]: "/home"

Client has executed command "players"

TimerTerminateCommand.Enabled with Players:
Players:
PlayerID: 76561198366549870 Name: Expert13372284200 Character: Expert1337 Ping: 125
PlayerID: 76561198157563744 Name: Jason Voorhees Character: Jason Voorhees Ping: 78
PlayerID: 76561198200101595 Name: Deus vult Character: Nevalyasha4 Ping: 109
PlayerID: 76561198119414469 Name: Postman Pat Character: Postman Pat Ping: 85
PlayerID: 76561198391626023 Name: roman.sagitov.2017 Character: Roma Sagitow Ping: 31
PlayerID: 76561198295801599 Name: Lo[x] Character: Lo[x] Ping: 62
PlayerID: 76561198371041527 Name: ¦_s1mple_¦ Character: miguelhormat Ping: 31
PlayerID: 76561198176817369 Name: ?. Character: GlodiS Ping: 85
PlayerID: 76561198263636845 Name: matic Character: matic Ping: 93
PlayerID: 76561198339493373 Name: Good_4el Character: LORD Ping: 70
PlayerID: 76561198292543416 Name: Mr_GiladKing Character: GamerYT Ping: 62
PlayerID: 76561198371125723 Name: MrSan4oS Character: shakhnazarov2011 Ping: 101
PlayerID: 76561198280617288 Name: Незнаю какой придумать Character: Пипр Ping: 70
PlayerID: 76561198330586818 Name: pasha2005.lobachevt Character: malashelter Ping: 39

END with Players:
Не обработано: MessageAnnouncer >> Broadcast: Используйте /report [ник], чтобы отправить жалобу на игрока
MessageAnnouncer >> Broadcast: Используйте /report [ник], чтобы отправить жалобу на игрока

Не обработано: MessageAnnouncer >> Используйте /report [ник], чтобы отправить жалобу на игрока
MessageAnnouncer >> Используйте /report [ник], чтобы отправить жалобу на игрока

[Area] Пипр [Незнаю какой придумать]: "/tpa neva"

[World] Nevalyasha4 [Deus vult]: "/tpa a"

Client has executed command "players"

TimerTerminateCommand.Enabled with Players:
Players:
PlayerID: 76561198366549870 Name: Expert13372284200 Character: Expert1337 Ping: 140
PlayerID: 76561198157563744 Name: Jason Voorhees Character: Jason Voorhees Ping: 70
PlayerID: 76561198200101595 Name: Deus vult Character: Nevalyasha4 Ping: 125
PlayerID: 76561198119414469 Name: Postman Pat Character: Postman Pat Ping: 78
PlayerID: 76561198391626023 Name: roman.sagitov.2017 Character: Roma Sagitow Ping: 62
PlayerID: 76561198295801599 Name: Lo[x] Character: Lo[x] Ping: 54
PlayerID: 76561198371041527 Name: ¦_s1mple_¦ Character: miguelhormat Ping: 39
PlayerID: 76561198176817369 Name: ?. Character: GlodiS Ping: 62
PlayerID: 76561198263636845 Name: matic Character: matic Ping: 93
PlayerID: 76561198339493373 Name: Good_4el Character: LORD Ping: 78
PlayerID: 76561198292543416 Name: Mr_GiladKing Character: GamerYT Ping: 62
PlayerID: 76561198371125723 Name: MrSan4oS Character: shakhnazarov2011 Ping: 101
PlayerID: 76561198280617288 Name: Незнаю какой придумать Character: Пипр Ping: 70
PlayerID: 76561198330586818 Name: pasha2005.lobachevt Character: malashelter Ping: 39

END with Players:
[Area] GlodiS [?.]: "/tpa lo[x]"

Client has executed command "players"

TimerTerminateCommand.Enabled with Players:
Players:
PlayerID: 76561198366549870 Name: Expert13372284200 Character: Expert1337 Ping: 132
PlayerID: 76561198157563744 Name: Jason Voorhees Character: Jason Voorhees Ping: 70
PlayerID: 76561198200101595 Name: Deus vult Character: Nevalyasha4 Ping: 109
PlayerID: 76561198119414469 Name: Postman Pat Character: Postman Pat Ping: 70
PlayerID: 76561198391626023 Name: roman.sagitov.2017 Character: Roma Sagitow Ping: 39
PlayerID: 76561198295801599 Name: Lo[x] Character: Lo[x] Ping: 46
PlayerID: 76561198371041527 Name: ¦_s1mple_¦ Character: miguelhormat Ping: 31
PlayerID: 76561198176817369 Name: ?. Character: GlodiS Ping: 78
PlayerID: 76561198263636845 Name: matic Character: matic Ping: 85
PlayerID: 76561198339493373 Name: Good_4el Character: LORD Ping: 85
PlayerID: 76561198292543416 Name: Mr_GiladKing Character: GamerYT Ping: 46
PlayerID: 76561198371125723 Name: MrSan4oS Character: shakhnazarov2011 Ping: 70
PlayerID: 76561198280617288 Name: Незнаю какой придумать Character: Пипр Ping: 62
PlayerID: 76561198330586818 Name: pasha2005.lobachevt Character: malashelter Ping: 46

END with Players:
[World] Lo[x] [Lo[x]]: "/tpa a"

Client has executed command "players"

TimerTerminateCommand.Enabled with Players:
Players:
PlayerID: 76561198366549870 Name: Expert13372284200 Character: Expert1337 Ping: 140
PlayerID: 76561198157563744 Name: Jason Voorhees Character: Jason Voorhees Ping: 78
PlayerID: 76561198200101595 Name: Deus vult Character: Nevalyasha4 Ping: 109
PlayerID: 76561198119414469 Name: Postman Pat Character: Postman Pat Ping: 70
PlayerID: 76561198391626023 Name: roman.sagitov.2017 Character: Roma Sagitow Ping: 46
PlayerID: 76561198295801599 Name: Lo[x] Character: Lo[x] Ping: 62
PlayerID: 76561198371041527 Name: ¦_s1mple_¦ Character: miguelhormat Ping: 31
PlayerID: 76561198176817369 Name: ?. Character: GlodiS Ping: 62
PlayerID: 76561198263636845 Name: matic Character: matic Ping: 93
PlayerID: 76561198339493373 Name: Good_4el Character: LORD Ping: 70
PlayerID: 76561198292543416 Name: Mr_GiladKing Character: GamerYT Ping: 70
PlayerID: 76561198371125723 Name: MrSan4oS Character: shakhnazarov2011 Ping: 85
PlayerID: 76561198280617288 Name: Незнаю какой придумать Character: Пипр Ping: 78
PlayerID: 76561198330586818 Name: pasha2005.lobachevt Character: malashelter Ping: 39

END with Players:
[Area] GlodiS [?.]: "/home"

Client has executed command "players"

TimerTerminateCommand.Enabled with Players:
Players:
PlayerID: 76561198366549870 Name: Expert13372284200 Character: Expert1337 Ping: 140
PlayerID: 76561198157563744 Name: Jason Voorhees Character: Jason Voorhees Ping: 70
PlayerID: 76561198200101595 Name: Deus vult Character: Nevalyasha4 Ping: 117
PlayerID: 76561198119414469 Name: Postman Pat Character: Postman Pat Ping: 85
PlayerID: 76561198391626023 Name: roman.sagitov.2017 Character: Roma Sagitow Ping: 70
PlayerID: 76561198295801599 Name: Lo[x] Character: Lo[x] Ping: 54
PlayerID: 76561198371041527 Name: ¦_s1mple_¦ Character: miguelhormat Ping: 39
PlayerID: 76561198176817369 Name: ?. Character: GlodiS Ping: 70
PlayerID: 76561198263636845 Name: matic Character: matic Ping: 93
PlayerID: 76561198339493373 Name: Good_4el Character: LORD Ping: 78
PlayerID: 76561198292543416 Name: Mr_GiladKing Character: GamerYT Ping: 46
PlayerID: 76561198371125723 Name: MrSan4oS Character: shakhnazarov2011 Ping: 101
PlayerID: 76561198280617288 Name: Незнаю какой придумать Character: Пипр Ping: 54
PlayerID: 76561198330586818 Name: pasha2005.lobachevt Character: malashelter Ping: 31

END with Players:
Client has executed command "players"

TimerTerminateCommand.Enabled with Players:
Players:
PlayerID: 76561198366549870 Name: Expert13372284200 Character: Expert1337 Ping: 148
PlayerID: 76561198157563744 Name: Jason Voorhees Character: Jason Voorhees Ping: 78
PlayerID: 76561198200101595 Name: Deus vult Character: Nevalyasha4 Ping: 125
PlayerID: 76561198119414469 Name: Postman Pat Character: Postman Pat Ping: 62
PlayerID: 76561198391626023 Name: roman.sagitov.2017 Character: Roma Sagitow Ping: 31
PlayerID: 76561198295801599 Name: Lo[x] Character: Lo[x] Ping: 62
PlayerID: 76561198371041527 Name: ¦_s1mple_¦ Character: miguelhormat Ping: 31
PlayerID: 76561198176817369 Name: ?. Character: GlodiS Ping: 70
PlayerID: 76561198263636845 Name: matic Character: matic Ping: 93
PlayerID: 76561198339493373 Name: Good_4el Character: LORD Ping: 78
PlayerID: 76561198292543416 Name: Mr_GiladKing Character: GamerYT Ping: 62
PlayerID: 76561198371125723 Name: MrSan4oS Character: shakhnazarov2011 Ping: 85
PlayerID: 76561198280617288 Name: Незнаю какой придумать Character: Пипр Ping: 78
PlayerID: 76561198330586818 Name: pasha2005.lobachevt Character: malashelter Ping: 46

END with Players:
[World] GamerYT [Mr_GiladKing]: "/HOME"

Не обработано: GamerYT moved x:-644.1776 y:76.2149(+37.73759) z:254.6572 in the last second (0.09986115)
GamerYT moved x:-644.1776 y:76.2149(+37.73759) z:254.6572 in the last second (0.09986115)

Client has executed command "players"

TimerTerminateCommand.Enabled with Players:
Players:
PlayerID: 76561198366549870 Name: Expert13372284200 Character: Expert1337 Ping: 109
PlayerID: 76561198157563744 Name: Jason Voorhees Character: Jason Voorhees Ping: 54
PlayerID: 76561198200101595 Name: Deus vult Character: Nevalyasha4 Ping: 117
PlayerID: 76561198119414469 Name: Postman Pat Character: Postman Pat Ping: 62
PlayerID: 76561198391626023 Name: roman.sagitov.2017 Character: Roma Sagitow Ping: 46
PlayerID: 76561198295801599 Name: Lo[x] Character: Lo[x] Ping: 46
PlayerID: 76561198371041527 Name: ¦_s1mple_¦ Character: miguelhormat Ping: 31
PlayerID: 76561198176817369 Name: ?. Character: GlodiS Ping: 54
PlayerID: 76561198263636845 Name: matic Character: matic Ping: 93
PlayerID: 76561198339493373 Name: Good_4el Character: LORD Ping: 78
PlayerID: 76561198292543416 Name: Mr_GiladKing Character: GamerYT Ping: 93
PlayerID: 76561198371125723 Name: MrSan4oS Character: shakhnazarov2011 Ping: 93
PlayerID: 76561198280617288 Name: Незнаю какой придумать Character: Пипр Ping: 54
PlayerID: 76561198330586818 Name: pasha2005.lobachevt Character: malashelter Ping: 31

END with Players:
Не обработано: MessageAnnouncer >> Broadcast: Наберите /rules (/r) для просмотра правил
MessageAnnouncer >> Broadcast: Наберите /rules (/r) для просмотра правил

Не обработано: MessageAnnouncer >> Наберите /rules (/r) для просмотра правил
MessageAnnouncer >> Наберите /rules (/r) для просмотра правил

[World] Lo[x] [Lo[x]]: "/tpa abort"

[World] Nevalyasha4 [Deus vult]: "цивилиан патроны есть"

[World] Nevalyasha4 [Deus vult]: "у меня"

Client has executed command "players"

TimerTerminateCommand.Enabled with Players:
Players:
PlayerID: 76561198366549870 Name: Expert13372284200 Character: Expert1337 Ping: 125
PlayerID: 76561198157563744 Name: Jason Voorhees Character: Jason Voorhees Ping: 62
PlayerID: 76561198200101595 Name: Deus vult Character: Nevalyasha4 Ping: 117
PlayerID: 76561198119414469 Name: Postman Pat Character: Postman Pat Ping: 54
PlayerID: 76561198391626023 Name: roman.sagitov.2017 Character: Roma Sagitow Ping: 46
PlayerID: 76561198295801599 Name: Lo[x] Character: Lo[x] Ping: 46
PlayerID: 76561198371041527 Name: ¦_s1mple_¦ Character: miguelhormat Ping: 39
PlayerID: 76561198176817369 Name: ?. Character: GlodiS Ping: 54
PlayerID: 76561198263636845 Name: matic Character: matic Ping: 93
PlayerID: 76561198339493373 Name: Good_4el Character: LORD Ping: 62
PlayerID: 76561198292543416 Name: Mr_GiladKing Character: GamerYT Ping: 46
PlayerID: 76561198371125723 Name: MrSan4oS Character: shakhnazarov2011 Ping: 78
PlayerID: 76561198280617288 Name: Незнаю какой придумать Character: Пипр Ping: 93
PlayerID: 76561198330586818 Name: pasha2005.lobachevt Character: malashelter Ping: 46

END with Players:
[Area] Пипр [Незнаю какой придумать]: "Проедет?"

Client has executed command "players"

TimerTerminateCommand.Enabled with Players:
Players:
PlayerID: 76561198366549870 Name: Expert13372284200 Character: Expert1337 Ping: 148
PlayerID: 76561198157563744 Name: Jason Voorhees Character: Jason Voorhees Ping: 62
PlayerID: 76561198200101595 Name: Deus vult Character: Nevalyasha4 Ping: 117
PlayerID: 76561198119414469 Name: Postman Pat Character: Postman Pat Ping: 70
PlayerID: 76561198391626023 Name: roman.sagitov.2017 Character: Roma Sagitow Ping: 31
PlayerID: 76561198295801599 Name: Lo[x] Character: Lo[x] Ping: 46
PlayerID: 76561198371041527 Name: ¦_s1mple_¦ Character: miguelhormat Ping: 31
PlayerID: 76561198176817369 Name: ?. Character: GlodiS Ping: 46
PlayerID: 76561198263636845 Name: matic Character: matic Ping: 93
PlayerID: 76561198339493373 Name: Good_4el Character: LORD Ping: 78
PlayerID: 76561198292543416 Name: Mr_GiladKing Character: GamerYT Ping: 62
PlayerID: 76561198371125723 Name: MrSan4oS Character: shakhnazarov2011 Ping: 70
PlayerID: 76561198280617288 Name: Незнаю какой придумать Character: Пипр Ping: 70
PlayerID: 76561198330586818 Name: pasha2005.lobachevt Character: malashelter Ping: 39

TimerTerminateCommand.Enabled with Players:
[World] Nevalyasha4 [Deus vult]: "кто"

TimerTerminateCommand.Enabled with Players:
[Area] Пипр [Незнаю какой придумать]: "он?"

TimerTerminateCommand.Enabled with Players:
[World] Nevalyasha4 [Deus vult]: "оно?"

TimerTerminateCommand.Enabled with Players:
[World] Nevalyasha4 [Deus vult]: "неа"

END with Players:
[World] Jason Voorhees [Jason Voorhees]: "yf xnj j,vtyztim"

Не обработано: Expert1337 moved x:-290.2838 y:54.6104(+15.93303) z:72.03147 in the last second (0.09999847)
Expert1337 moved x:-290.2838 y:54.6104(+15.93303) z:72.03147 in the last second (0.09999847)

[World] Nevalyasha4 [Deus vult]: "неа"

[Group] miguelhormat [¦_s1mple_¦]: "я с 17 по 27 меня не будет я улечу"

Client has executed command "players"

TimerTerminateCommand.Enabled with Players:
Players:
PlayerID: 76561198366549870 Name: Expert13372284200 Character: Expert1337 Ping: 117
PlayerID: 76561198157563744 Name: Jason Voorhees Character: Jason Voorhees Ping: 54
PlayerID: 76561198200101595 Name: Deus vult Character: Nevalyasha4 Ping: 117
PlayerID: 76561198119414469 Name: Postman Pat Character: Postman Pat Ping: 70
PlayerID: 76561198391626023 Name: roman.sagitov.2017 Character: Roma Sagitow Ping: 39
PlayerID: 76561198295801599 Name: Lo[x] Character: Lo[x] Ping: 39
PlayerID: 76561198371041527 Name: ¦_s1mple_¦ Character: miguelhormat Ping: 31
PlayerID: 76561198176817369 Name: ?. Character: GlodiS Ping: 70
PlayerID: 76561198263636845 Name: matic Character: matic Ping: 101
PlayerID: 76561198339493373 Name: Good_4el Character: LORD Ping: 85
PlayerID: 76561198292543416 Name: Mr_GiladKing Character: GamerYT Ping: 46
PlayerID: 76561198371125723 Name: MrSan4oS Character: shakhnazarov2011 Ping: 78
PlayerID: 76561198280617288 Name: Незнаю какой придумать Character: Пипр Ping: 70
PlayerID: 76561198330586818 Name: pasha2005.lobachevt Character: malashelter Ping: 31

TimerTerminateCommand.Enabled with Players:
[Area] Пипр [Незнаю какой придумать]: "Не"

TimerTerminateCommand.Enabled with Players:
[Area] Nevalyasha4 [Deus vult]: "колес ведь нету"

END with Players:
[World] Jason Voorhees [Jason Voorhees]: "на что поменяешь"

[Area] Пипр [Незнаю какой придумать]: "он"

[Area] Nevalyasha4 [Deus vult]: "проедет"

Connecting: PlayerID: 76561198349787658 Name: VIKTORIA_201577 Character: VIKTORIA

Connecting: PlayerID: 76561198123982483 Name: Mr. Noizy Character: mslvn

Client has executed command "players"

TimerTerminateCommand.Enabled with Players:
Players:
PlayerID: 76561198366549870 Name: Expert13372284200 Character: Expert1337 Ping: 195
PlayerID: 76561198157563744 Name: Jason Voorhees Character: Jason Voorhees Ping: 70
PlayerID: 76561198200101595 Name: Deus vult Character: Nevalyasha4 Ping: 125
PlayerID: 76561198119414469 Name: Postman Pat Character: Postman Pat Ping: 54
PlayerID: 76561198391626023 Name: roman.sagitov.2017 Character: Roma Sagitow Ping: 46
PlayerID: 76561198295801599 Name: Lo[x] Character: Lo[x] Ping: 46
PlayerID: 76561198371041527 Name: ¦_s1mple_¦ Character: miguelhormat Ping: 31
PlayerID: 76561198176817369 Name: ?. Character: GlodiS Ping: 62
PlayerID: 76561198263636845 Name: matic Character: matic Ping: 93
PlayerID: 76561198339493373 Name: Good_4el Character: LORD Ping: 70
PlayerID: 76561198292543416 Name: Mr_GiladKing Character: GamerYT Ping: 62
PlayerID: 76561198371125723 Name: MrSan4oS Character: shakhnazarov2011 Ping: 109
PlayerID: 76561198280617288 Name: Незнаю какой придумать Character: Пипр Ping: 70
PlayerID: 76561198330586818 Name: pasha2005.lobachevt Character: malashelter Ping: 46
PlayerID: 76561198349787658 Name: VIKTORIA_201577 Character: VIKTORIA Ping: 156
PlayerID: 76561198123982483 Name: Mr. Noizy Character: mslvn Ping: 93

TimerTerminateCommand.Enabled with Players:
[Area] Пипр [Незнаю какой придумать]: "го"

END with Players:
[Area] Nevalyasha4 [Deus vult]: "что го"

