Не обработано: RocketRcon v2.4.8.0
RocketRcon v2.4.8.0

Client has executed command "players"

TimerTerminateCommand.Enabled with Players:
Players:
PlayerID: 76561198371041527 Name: ¦_s1mple_¦ Character: miguelhormat Ping: 31
PlayerID: 76561198366549870 Name: Expert13372284200 Character: Expert1337 Ping: 125
PlayerID: 76561198300812301 Name: KiLeR00707 Character: KiLeR00707 Ping: 15
PlayerID: 76561198309800376 Name: polinazamlinskaya Character: Полина Замлынская Ping: 39
PlayerID: 76561198280617288 Name: Незнаю какой придумать Character: Пипр Ping: 85
PlayerID: 76561198351213164 Name: _АхМеД_ Character: Виндяй Вечеслав Ping: 93
PlayerID: 76561198184777471 Name: -SkullMaker ?? ?? Character: sprokit1111 Ping: 7
PlayerID: 76561198295801599 Name: Lo[x] Character: Lo[x] Ping: 54
PlayerID: 76561198176817369 Name: ?. Character: GlodiS Ping: 54
PlayerID: 76561198336842294 Name: (Мафия) Character: Ind2 Ping: 46
PlayerID: 76561198341672556 Name: st.vladir Character: st.vladir Ping: 132

END with Players:
[World] Expert1337 [Expert13372284200]: "я тож пойду"

Disconnecting: PlayerID: 76561198371041527 Name: ¦_s1mple_¦ Character: miguelhormat

Не обработано: DeathMessagesRemastered >> Broadcast: Полина Замлынская has been mauled by a zombie! 
DeathMessagesRemastered >> Broadcast: Полина Замлынская has been mauled by a zombie! 

Не обработано: Полина Замлынская [polinazamlinskaya] was mauled by a zombie!
Полина Замлынская [polinazamlinskaya] was mauled by a zombie!

Client has executed command "players"

TimerTerminateCommand.Enabled with Players:
Players:
PlayerID: 76561198366549870 Name: Expert13372284200 Character: Expert1337 Ping: 132
PlayerID: 76561198300812301 Name: KiLeR00707 Character: KiLeR00707 Ping: 23
PlayerID: 76561198309800376 Name: polinazamlinskaya Character: Полина Замлынская Ping: 46
PlayerID: 76561198280617288 Name: Незнаю какой придумать Character: Пипр Ping: 78
PlayerID: 76561198351213164 Name: _АхМеД_ Character: Виндяй Вечеслав Ping: 273
PlayerID: 76561198184777471 Name: -SkullMaker ?? ?? Character: sprokit1111 Ping: 23
PlayerID: 76561198295801599 Name: Lo[x] Character: Lo[x] Ping: 54
PlayerID: 76561198176817369 Name: ?. Character: GlodiS Ping: 70
PlayerID: 76561198336842294 Name: (Мафия) Character: Ind2 Ping: 62
PlayerID: 76561198341672556 Name: st.vladir Character: st.vladir Ping: 140

TimerTerminateCommand.Enabled with Players:
Connecting: PlayerID: 76561198349642857 Name: хлеб228 Character: хлеб228

END with Players:
Не обработано: MessageAnnouncer >> Broadcast: Если модератор ведёт себя неподобающе, пишите в группу или ЛС (vk.com/unturned_hgm, vk.com/hemulgm)
MessageAnnouncer >> Broadcast: Если модератор ведёт себя неподобающе, пишите в группу или ЛС (vk.com/unturned_hgm, vk.com/hemulgm)

Не обработано: MessageAnnouncer >> Если модератор ведёт себя неподобающе, пишите в группу или ЛС (vk.com/unturned_hgm, vk.com/hemulgm)
MessageAnnouncer >> Если модератор ведёт себя неподобающе, пишите в группу или ЛС (vk.com/unturned_hgm, vk.com/hemulgm)

Client has executed command "players"

TimerTerminateCommand.Enabled with Players:
Players:
PlayerID: 76561198366549870 Name: Expert13372284200 Character: Expert1337 Ping: 148
PlayerID: 76561198300812301 Name: KiLeR00707 Character: KiLeR00707 Ping: 23
PlayerID: 76561198309800376 Name: polinazamlinskaya Character: Полина Замлынская Ping: 54
PlayerID: 76561198280617288 Name: Незнаю какой придумать Character: Пипр Ping: 62
PlayerID: 76561198351213164 Name: _АхМеД_ Character: Виндяй Вечеслав Ping: 343
PlayerID: 76561198184777471 Name: -SkullMaker ?? ?? Character: sprokit1111 Ping: 7
PlayerID: 76561198295801599 Name: Lo[x] Character: Lo[x] Ping: 54
PlayerID: 76561198176817369 Name: ?. Character: GlodiS Ping: 54
PlayerID: 76561198336842294 Name: (Мафия) Character: Ind2 Ping: 54
PlayerID: 76561198341672556 Name: st.vladir Character: st.vladir Ping: 148
PlayerID: 76561198349642857 Name: хлеб228 Character: хлеб228 Ping: 148

END with Players:
Connecting: PlayerID: 76561198375915396 Name: necto.mist Character: danila111223

Client has executed command "players"

TimerTerminateCommand.Enabled with Players:
Players:
PlayerID: 76561198366549870 Name: Expert13372284200 Character: Expert1337 Ping: 140
PlayerID: 76561198300812301 Name: KiLeR00707 Character: KiLeR00707 Ping: 15
PlayerID: 76561198309800376 Name: polinazamlinskaya Character: Полина Замлынская Ping: 46
PlayerID: 76561198280617288 Name: Незнаю какой придумать Character: Пипр Ping: 70
PlayerID: 76561198351213164 Name: _АхМеД_ Character: Виндяй Вечеслав Ping: 140
PlayerID: 76561198184777471 Name: -SkullMaker ?? ?? Character: sprokit1111 Ping: 23
PlayerID: 76561198295801599 Name: Lo[x] Character: Lo[x] Ping: 62
PlayerID: 76561198176817369 Name: ?. Character: GlodiS Ping: 62
PlayerID: 76561198336842294 Name: (Мафия) Character: Ind2 Ping: 54
PlayerID: 76561198341672556 Name: st.vladir Character: st.vladir Ping: 140
PlayerID: 76561198349642857 Name: хлеб228 Character: хлеб228 Ping: 148
PlayerID: 76561198375915396 Name: necto.mist Character: danila111223 Ping: 39

END with Players:
Не обработано: DeathMessagesRemastered >> Broadcast: хлеб228 has killed himself!
DeathMessagesRemastered >> Broadcast: хлеб228 has killed himself!

Не обработано: хлеб228 [хлеб228] killed themself.
хлеб228 [хлеб228] killed themself.

Client has executed command "players"

TimerTerminateCommand.Enabled with Players:
Players:
PlayerID: 76561198366549870 Name: Expert13372284200 Character: Expert1337 Ping: 132
PlayerID: 76561198300812301 Name: KiLeR00707 Character: KiLeR00707 Ping: 23
PlayerID: 76561198309800376 Name: polinazamlinskaya Character: Полина Замлынская Ping: 39
PlayerID: 76561198280617288 Name: Незнаю какой придумать Character: Пипр Ping: 265
PlayerID: 76561198351213164 Name: _АхМеД_ Character: Виндяй Вечеслав Ping: 78
PlayerID: 76561198184777471 Name: -SkullMaker ?? ?? Character: sprokit1111 Ping: 7
PlayerID: 76561198295801599 Name: Lo[x] Character: Lo[x] Ping: 46
PlayerID: 76561198176817369 Name: ?. Character: GlodiS Ping: 46
PlayerID: 76561198336842294 Name: (Мафия) Character: Ind2 Ping: 54
PlayerID: 76561198341672556 Name: st.vladir Character: st.vladir Ping: 140
PlayerID: 76561198349642857 Name: хлеб228 Character: хлеб228 Ping: 312
PlayerID: 76561198375915396 Name: necto.mist Character: danila111223 Ping: 85

END with Players:
Client has executed command "players"

TimerTerminateCommand.Enabled with Players:
Players:
PlayerID: 76561198366549870 Name: Expert13372284200 Character: Expert1337 Ping: 132
PlayerID: 76561198300812301 Name: KiLeR00707 Character: KiLeR00707 Ping: 7
PlayerID: 76561198309800376 Name: polinazamlinskaya Character: Полина Замлынская Ping: 46
PlayerID: 76561198280617288 Name: Незнаю какой придумать Character: Пипр Ping: 46
PlayerID: 76561198351213164 Name: _АхМеД_ Character: Виндяй Вечеслав Ping: 85
PlayerID: 76561198184777471 Name: -SkullMaker ?? ?? Character: sprokit1111 Ping: 7
PlayerID: 76561198295801599 Name: Lo[x] Character: Lo[x] Ping: 54
PlayerID: 76561198176817369 Name: ?. Character: GlodiS Ping: 62
PlayerID: 76561198336842294 Name: (Мафия) Character: Ind2 Ping: 46
PlayerID: 76561198341672556 Name: st.vladir Character: st.vladir Ping: 140
PlayerID: 76561198349642857 Name: хлеб228 Character: хлеб228 Ping: 140
PlayerID: 76561198375915396 Name: necto.mist Character: danila111223 Ping: 70

END with Players:
Не обработано: DeathMessagesRemastered >> Broadcast: Полина Замлынская has been mauled by a zombie! 
DeathMessagesRemastered >> Broadcast: Полина Замлынская has been mauled by a zombie! 

Не обработано: Полина Замлынская [polinazamlinskaya] was mauled by a zombie!
Полина Замлынская [polinazamlinskaya] was mauled by a zombie!

Client has executed command "players"

TimerTerminateCommand.Enabled with Players:
Players:
PlayerID: 76561198366549870 Name: Expert13372284200 Character: Expert1337 Ping: 117
PlayerID: 76561198300812301 Name: KiLeR00707 Character: KiLeR00707 Ping: 46
PlayerID: 76561198309800376 Name: polinazamlinskaya Character: Полина Замлынская Ping: 46
PlayerID: 76561198280617288 Name: Незнаю какой придумать Character: Пипр Ping: 54
PlayerID: 76561198351213164 Name: _АхМеД_ Character: Виндяй Вечеслав Ping: 85
PlayerID: 76561198184777471 Name: -SkullMaker ?? ?? Character: sprokit1111 Ping: 7
PlayerID: 76561198295801599 Name: Lo[x] Character: Lo[x] Ping: 46
PlayerID: 76561198176817369 Name: ?. Character: GlodiS Ping: 62
PlayerID: 76561198336842294 Name: (Мафия) Character: Ind2 Ping: 46
PlayerID: 76561198341672556 Name: st.vladir Character: st.vladir Ping: 125
PlayerID: 76561198349642857 Name: хлеб228 Character: хлеб228 Ping: 140
PlayerID: 76561198375915396 Name: necto.mist Character: danila111223 Ping: 85

END with Players:
Client has executed command "players"

TimerTerminateCommand.Enabled with Players:
Players:
PlayerID: 76561198366549870 Name: Expert13372284200 Character: Expert1337 Ping: 148
PlayerID: 76561198300812301 Name: KiLeR00707 Character: KiLeR00707 Ping: 23
PlayerID: 76561198309800376 Name: polinazamlinskaya Character: Полина Замлынская Ping: 46
PlayerID: 76561198280617288 Name: Незнаю какой придумать Character: Пипр Ping: 70
PlayerID: 76561198351213164 Name: _АхМеД_ Character: Виндяй Вечеслав Ping: 93
PlayerID: 76561198184777471 Name: -SkullMaker ?? ?? Character: sprokit1111 Ping: 15
PlayerID: 76561198295801599 Name: Lo[x] Character: Lo[x] Ping: 54
PlayerID: 76561198176817369 Name: ?. Character: GlodiS Ping: 62
PlayerID: 76561198336842294 Name: (Мафия) Character: Ind2 Ping: 46
PlayerID: 76561198341672556 Name: st.vladir Character: st.vladir Ping: 140
PlayerID: 76561198349642857 Name: хлеб228 Character: хлеб228 Ping: 171
PlayerID: 76561198375915396 Name: necto.mist Character: danila111223 Ping: 78

END with Players:
Не обработано: MessageAnnouncer >> Broadcast: vk.com/hemulgm - ЕДИНСТВЕННЫЙ администратор сервера
MessageAnnouncer >> Broadcast: vk.com/hemulgm - ЕДИНСТВЕННЫЙ администратор сервера

Не обработано: MessageAnnouncer >> vk.com/hemulgm - ЕДИНСТВЕННЫЙ администратор сервера
MessageAnnouncer >> vk.com/hemulgm - ЕДИНСТВЕННЫЙ администратор сервера

Не обработано: Expert1337 moved x:901.3596 y:74.88306(+37.25268) z:535.6237 in the last second (1)
Expert1337 moved x:901.3596 y:74.88306(+37.25268) z:535.6237 in the last second (1)

Client has executed command "players"

TimerTerminateCommand.Enabled with Players:
Players:
PlayerID: 76561198366549870 Name: Expert13372284200 Character: Expert1337 Ping: 132
PlayerID: 76561198300812301 Name: KiLeR00707 Character: KiLeR00707 Ping: 31
PlayerID: 76561198309800376 Name: polinazamlinskaya Character: Полина Замлынская Ping: 62
PlayerID: 76561198280617288 Name: Незнаю какой придумать Character: Пипр Ping: 85
PlayerID: 76561198351213164 Name: _АхМеД_ Character: Виндяй Вечеслав Ping: 70
PlayerID: 76561198184777471 Name: -SkullMaker ?? ?? Character: sprokit1111 Ping: 0
PlayerID: 76561198295801599 Name: Lo[x] Character: Lo[x] Ping: 54
PlayerID: 76561198176817369 Name: ?. Character: GlodiS Ping: 70
PlayerID: 76561198336842294 Name: (Мафия) Character: Ind2 Ping: 62
PlayerID: 76561198341672556 Name: st.vladir Character: st.vladir Ping: 148
PlayerID: 76561198349642857 Name: хлеб228 Character: хлеб228 Ping: 164
PlayerID: 76561198375915396 Name: necto.mist Character: danila111223 Ping: 70

END with Players:
