30.06.2017 17:33:01: Вызван Airdrop
30.06.2017 17:33:01: Successfully set airdrop!
30.06.2017 17:33:01: Вызван Airdrop
30.06.2017 17:33:01: Successfully set airdrop!
30.06.2017 17:42:34: Отправлена команда: /rp
30.06.2017 17:43:33: Отправлена команда: rp details vip
30.06.2017 17:44:02: Отправлена команда: rp vip members
30.06.2017 17:44:16: Отправлена команда: rp list members vip
30.06.2017 17:44:28: Отправлена команда: rp moderators members
30.06.2017 17:44:40: Отправлена команда: rp list members moderators
30.06.2017 17:45:19: Отправлена команда: rp list
30.06.2017 17:45:45: Отправлена команда: rp list permissions moderators
30.06.2017 17:46:33: Отправлена команда: rp list members defaults
30.06.2017 17:46:36: Отправлена команда: rp list members default
30.06.2017 17:46:45: Отправлена команда: rp list permissions default
01.07.2017 6:58:22: Successfully saved the game.
01.07.2017 7:02:54: Разбанен 76561198347168410
01.07.2017 7:02:54: Successfully unbanned 76561198347168410!
01.07.2017 11:16:22: Successfully set time to day!
01.07.2017 13:39:51: Successfully set airdrop!
01.07.2017 13:39:51: Successfully set airdrop!
01.07.2017 13:39:51: Successfully set airdrop!
01.07.2017 13:39:52: Successfully set airdrop!
01.07.2017 13:39:53: Successfully set airdrop!
01.07.2017 13:39:56: Successfully set airdrop!
01.07.2017 13:39:57: Successfully set airdrop!
01.07.2017 13:39:58: Successfully set airdrop!
01.07.2017 13:39:58: Successfully set airdrop!
01.07.2017 13:39:59: Successfully set airdrop!
01.07.2017 13:40:00: Successfully set airdrop!
01.07.2017 13:40:00: Successfully set airdrop!
01.07.2017 13:40:01: Successfully set airdrop!
01.07.2017 13:40:01: Successfully set airdrop!
01.07.2017 13:40:02: Successfully set airdrop!
01.07.2017 13:40:02: Successfully set airdrop!
01.07.2017 13:40:03: Successfully set airdrop!
01.07.2017 13:40:04: Successfully set airdrop!
01.07.2017 13:45:34: Successfully set time to day!
01.07.2017 20:15:50: Successfully set time to day!
01.07.2017 20:15:55: Successfully set airdrop!
01.07.2017 20:15:57: Successfully set airdrop!
01.07.2017 20:15:58: Successfully set airdrop!
01.07.2017 20:22:01: Successfully gave RealBlackJesus +10 experience!
01.07.2017 20:22:07: Successfully gave RealBlackJesus +11 experience!
01.07.2017 20:22:19: Successfully gave Gothic +11 experience!
02.07.2017 12:03:54: Successfully saved the game.
02.07.2017 17:06:51: Successfully saved the game.
02.07.2017 17:07:10: Successfully saved the game.
03.07.2017 8:45:37: Вызван массовый Airdrop (x10)
03.07.2017 8:45:37: Successfully set airdrop!
03.07.2017 8:45:37: Successfully set airdrop!
03.07.2017 8:45:37: Successfully set airdrop!
03.07.2017 8:45:37: Successfully set airdrop!
03.07.2017 8:45:37: Successfully set airdrop!
03.07.2017 8:45:37: Successfully set airdrop!
03.07.2017 8:45:37: Successfully set airdrop!
03.07.2017 8:45:37: Successfully set airdrop!
03.07.2017 8:45:37: Successfully set airdrop!
03.07.2017 8:45:38: Successfully set airdrop!
03.07.2017 8:46:17: Полное лечение 76561198260476436
03.07.2017 8:46:17: Полное лечение 76561198380505660
03.07.2017 8:46:17: Полное лечение 76561198261304402
03.07.2017 8:46:17: Полное лечение 76561198150190309
