28.08.2017 12:20:22: Не обработано: Дал Cаня Cтишков вещь 127:2
28.08.2017 12:21:50: Не обработано: Дал Cаня Cтишков вещь 126:1
28.08.2017 12:22:11: Не обработано: Sarnavskiy.v connected with IP 62.84.255.235
28.08.2017 12:25:28: Не обработано: Мороз connected with IP 178.251.217.236
28.08.2017 12:26:15: Не обработано: Le_Mon connected with IP 92.127.179.46
28.08.2017 12:26:17: Не обработано: Александр Микитюк moved x:-550.9926 y:155.1881(+84.36317) z:-378.5534 in the last second (0.04998779)
28.08.2017 12:27:02: Не обработано: Александр Микитюк connected with IP 195.114.136.57
28.08.2017 12:27:49: Не обработано: Sarnavskiy.v moved x:768.6792 y:161.0471(+93.03823) z:-456.2767 in the last second (0.5619965)
28.08.2017 12:30:16: Не обработано: Не верный параметр
28.08.2017 12:30:21: Не обработано: Не верный параметр
28.08.2017 12:30:25: Не обработано: Александр Микитюк moved x:-550.9926 y:155.1881(+96.65518) z:-378.5534 in the last second (0.04998779)
28.08.2017 12:30:35: Не обработано: Не верный параметр
28.08.2017 12:30:47: Не обработано: Не верный параметр
28.08.2017 12:31:45: Не обработано: Donald Mekhen connected with IP 176.117.84.184
28.08.2017 12:32:18: Не обработано: Donald Mekhen moved x:-547.4398 y:155.1881(+103.0777) z:-375.1644 in the last second (0.04998779)
28.08.2017 12:32:24: Не обработано: Не верный параметр
28.08.2017 12:32:27: Не обработано: Donald Mekhen включен Godmode
28.08.2017 12:33:00: Не обработано: Players in moderators:
28.08.2017 12:33:00: Не обработано: Player: 76561198405430857
28.08.2017 12:33:00: Не обработано: Player: Donald Mekhen
28.08.2017 12:33:00: Не обработано: Player: 76561198317611584
28.08.2017 12:33:00: Не обработано: Player: 76561198412633021
28.08.2017 12:33:00: Не обработано: Player: 76561198152563082
28.08.2017 12:33:10: Не обработано: Players in moderators:
28.08.2017 12:33:10: Не обработано: Player: 76561198405430857
28.08.2017 12:33:10: Не обработано: Player: Donald Mekhen
28.08.2017 12:33:10: Не обработано: Player: 76561198317611584
28.08.2017 12:33:10: Не обработано: Player: 76561198412633021
28.08.2017 12:33:10: Не обработано: Player: 76561198152563082
28.08.2017 12:38:15: Не обработано: andreimandache10 connected with IP 5.14.95.38
28.08.2017 12:39:14: Не обработано: Le_Mon connected with IP 92.127.179.46
28.08.2017 12:39:41: Не обработано: doroxg connected with IP 178.91.20.65
28.08.2017 12:40:38: Не обработано: TheBlueGamer connected with IP 5.14.177.149
28.08.2017 12:43:10: Не обработано: Diamond_person connected with IP 195.191.73.43
28.08.2017 12:43:40: Не обработано: Александр Микитюк moved x:-550.9926 y:155.1881(+116.7471) z:-378.5534 in the last second (0.04998779)
28.08.2017 12:43:52: Не обработано: TheBlueGamer [TheBlueGamer] was mauled by a zombie!
28.08.2017 12:44:04: Не обработано: Donald Mekhen connected with IP 176.117.84.184
28.08.2017 12:44:15: Не обработано: Donald Mekhen включен Godmode
28.08.2017 12:44:23: Не обработано: Donald Mekhen moved x:-547.4398 y:155.1881(+116.7108) z:-375.1644 in the last second (0.04998779)
28.08.2017 12:45:13: Не обработано: andreimandache10 moved x:-292.8883 y:55.40842(+16.57242) z:-323.6808 in the last second (0.6000061)
28.08.2017 12:46:07: Сохранение сервера
28.08.2017 12:46:12: Не обработано: Александр Микитюк connected with IP 195.114.136.57
28.08.2017 12:47:24: Не обработано: Александр Микитюк connected with IP 195.114.136.57
28.08.2017 12:48:03: Не обработано: Diamond_person moved x:786.4482 y:161.5761(+123.0988) z:-443.1768 in the last second (1.091034)
28.08.2017 12:49:14: Не обработано: Александр Микитюк connected with IP 195.114.136.57
28.08.2017 12:49:47: Не обработано: Дал Donald Mekhen вещь 1346:15
28.08.2017 12:50:33: Не обработано: TheBlueGamer moved x:91.76744 y:62.59859(+23.4065) z:-939.2067 in the last second (0.108963)
28.08.2017 12:50:34: Не обработано: Александр Микитюк moved x:-550.9926 y:155.1881(+111.9618) z:-378.5534 in the last second (0.04998779)
28.08.2017 12:50:39: Не обработано: Diamond_person moved x:766.4307 y:161.0472(+76.29821) z:-458.1063 in the last second (0.1000061)
28.08.2017 12:50:50: Не обработано: Cruddy connected with IP 118.101.129.119
28.08.2017 12:51:15: Не обработано: Donald Mekhen телепортирован к Александр Микитюк
28.08.2017 12:51:15: Не обработано: Donald Mekhen moved x:-404.3362 y:159.0381(+120.3607) z:-464.9769 in the last second (0.5999908)
28.08.2017 12:51:21: Не обработано: Sarnavskiy.v moved x:769.7942 y:161.0472(+87.30464) z:-457.3147 in the last second (0.09999084)
28.08.2017 12:53:00: Не обработано: Donald Mekhen получил транспорт 135
28.08.2017 12:53:15: Не обработано: nikita_krutoy connected with IP 2.61.44.254
28.08.2017 12:53:34: Не обработано: Александр Микитюк [S.mickityuck] was blown up by a vehicle!
28.08.2017 12:53:34: Не обработано: Александр Микитюк moved x:-261.7943 y:170.4764(+131.699) z:-712.08 in the last second (131.6919)
28.08.2017 12:53:37: Не обработано: Donald Mekhen moved x:-276.788 y:124.7262(+85.94882) z:-734.3273 in the last second (86.0488)
28.08.2017 12:53:57: Не обработано: Александр Микитюк был телепортирован к Donald Mekhen
28.08.2017 12:53:59: Не обработано: Cruddy connected with IP 118.101.129.119
28.08.2017 12:55:28: Не обработано: Diamond_person moved x:785.2244 y:166.497(+128.0197) z:-447.6765 in the last second (6.011887)
28.08.2017 12:56:00: Не обработано: dylan connected with IP 37.113.172.101
28.08.2017 12:56:16: Не обработано: Sans_super connected with IP 178.184.225.89
28.08.2017 12:56:24: Не обработано: Diamond_person moved x:845.2842 y:176.4194(+15.8343) z:-456.813 in the last second (4.142944)
28.08.2017 12:56:41: Не обработано: Сметана connected with IP 178.159.215.76
28.08.2017 12:57:23: Не обработано: nikita_krutoy moved x:-888.0852 y:83.91624(+46.14947) z:324.3547 in the last second (0.6207047)
28.08.2017 12:57:52: Не обработано: dylan [vita.kiselev.06] was mauled by a zombie!
28.08.2017 12:58:05: Не обработано: Дал Donald Mekhen вещь 68:3
28.08.2017 12:58:43: Не обработано: Дал Donald Mekhen вещь 67:3
28.08.2017 12:58:44: Не обработано: Александр Микитюк connected with IP 195.114.136.57
28.08.2017 12:59:29: Не обработано: Donald Mekhen получил транспорт 846
28.08.2017 12:59:37: Не обработано: Sarnavskiy.v moved x:758.576 y:164.6574(+125.8768) z:-432.7761 in the last second (4.172318)
28.08.2017 13:00:21: Не обработано: Дал Donald Mekhen вещь 135:1
28.08.2017 13:01:01: Не обработано: Donald Mekhen получил транспорт 135
28.08.2017 13:01:03: Не обработано: newgameryx connected with IP 115.134.152.225
28.08.2017 13:02:16: Не обработано: Sans_super moved x:541.1666 y:59.89198(+21.35216) z:775.4913 in the last second (0.1000023)
28.08.2017 13:02:28: Не обработано: Александр Микитюк moved x:-483.5613 y:168.7656(+129.9882) z:-388.1259 in the last second (10.32747)
28.08.2017 13:03:04: Не обработано: Diamond_person moved x:846.4722 y:176.908(+138.1306) z:-456.1933 in the last second (7.922897)
28.08.2017 13:03:17: Не обработано: newgameryx connected with IP 115.134.152.225
28.08.2017 13:04:14: Не обработано: Donald Mekhen moved x:-407.2714 y:159.4381(+120.6607) z:-451.4594 in the last second (1)
28.08.2017 13:04:15: Не обработано: TheBlueGamer moved x:569.6465 y:64.61525(+17.84922) z:783.9209 in the last second (0.3648834)
28.08.2017 13:04:24: Не обработано: Donald Mekhen телепортирован к Bellevue Golf Course
28.08.2017 13:04:59: Не обработано: FlipGet connected with IP 195.206.61.208
28.08.2017 13:05:24: Не обработано: Diamond_person moved x:766.4307 y:161.0472(+75.83611) z:-458.1063 in the last second (0.1000061)
28.08.2017 13:06:07: Не обработано: Mr.Jamie connected with IP 2.134.161.95
28.08.2017 13:06:30: Не обработано: Александр Микитюк moved x:-179.9311 y:58.64883(+19.28189) z:-876.0945 in the last second (19.97144)
28.08.2017 13:07:10: Не обработано: Александр Микитюк moved x:-258.7659 y:56.53004(+17.75265) z:-722.0613 in the last second (14.31676)
28.08.2017 13:08:10: Не обработано: deathnote1324 connected with IP 151.31.42.109
28.08.2017 13:09:27: Не обработано: Дал Donald Mekhen вещь 1301:1
28.08.2017 13:09:39: Не обработано: NullReferenceException: Object reference not set to an instance of an object - SDG.Unturned.Attachments.updateAttachments (System.Byte[] state, Boolean viewmodel)
28.08.2017 13:09:39: Не обработано: SDG.Unturned.UseableGun.updateState (System.Byte[] newState)
28.08.2017 13:09:39: Не обработано: SDG.Unturned.PlayerEquipment.tellUpdateState (CSteamID steamID, Byte page, Byte index, System.Byte[] newState)
28.08.2017 13:09:39: Не обработано: System.Reflection.MonoMethod.Invoke (System.Object obj, BindingFlags invokeAttr, System.Reflection.Binder binder, System.Object[] parameters, System.Globalization.CultureInfo culture)
28.08.2017 13:09:39: Не обработано: Rethrow as TargetInvocationException: Exception has been thrown by the target of an invocation.
28.08.2017 13:09:39: Не обработано: System.Reflection.MonoMethod.Invoke (System.Object obj, BindingFlags invokeAttr, System.Reflection.Binder binder, System.Object[] parameters, System.Globalization.CultureInfo culture)
28.08.2017 13:09:39: Не обработано: System.Reflection.MethodBase.Invoke (System.Object obj, System.Object[] parameters)
28.08.2017 13:09:39: Не обработано: SDG.Unturned.SteamChannel.receive (CSteamID steamID, System.Byte[] packet, Int32 offset, Int32 size)
28.08.2017 13:09:39: Не обработано: SDG.Unturned.SteamChannel.send (ESteamCall mode, ESteamPacket type, Int32 size, System.Byte[] packet)
28.08.2017 13:09:39: Не обработано: SDG.Unturned.SteamChannel.send (System.String name, ESteamCall mode, ESteamPacket type, System.Object[] arguments)
28.08.2017 13:09:39: Не обработано: SDG.Unturned.PlayerEquipment.sendUpdateState ()
28.08.2017 13:09:39: Не обработано: SDG.Unturned.UseableGun.askAttachSight (CSteamID steamID, Byte page, Byte x, Byte y)
28.08.2017 13:09:39: Не обработано: System.Reflection.MonoMethod.Invoke (System.Object obj, BindingFlags invokeAttr, System.Reflection.Binder binder, System.Object[] parameters, System.Globalization.CultureInfo culture)
28.08.2017 13:09:39: Не обработано: Rethrow as TargetInvocationException: Exception has been thrown by the target of an invocation.
28.08.2017 13:09:39: Не обработано: System.Reflection.MonoMethod.Invoke (System.Object obj, BindingFlags invokeAttr, System.Reflection.Binder binder, System.Object[] parameters, System.Globalization.CultureInfo culture)
28.08.2017 13:09:39: Не обработано: System.Reflection.MethodBase.Invoke (System.Object obj, System.Object[] parameters)
28.08.2017 13:09:39: Не обработано: SDG.Unturned.SteamChannel.receive (CSteamID steamID, System.Byte[] packet, Int32 offset, Int32 size)
28.08.2017 13:09:39: Не обработано: SDG.Unturned.Provider.receiveServer (CSteamID steamID, System.Byte[] packet, Int32 offset, Int32 size, Int32 channel)
28.08.2017 13:09:39: Не обработано: SDG.Unturned.Provider.listenServer (Int32 channel)
28.08.2017 13:09:39: Не обработано: SDG.Unturned.Provider.listen ()
28.08.2017 13:09:39: Не обработано: SDG.Unturned.Provider.Update ()
28.08.2017 13:09:44: Не обработано: MayKill connected with IP 5.165.2.36
28.08.2017 13:09:50: Не обработано: NullReferenceException: Object reference not set to an instance of an object - SDG.Unturned.Attachments.updateAttachments (System.Byte[] state, Boolean viewmodel)
28.08.2017 13:09:50: Не обработано: SDG.Unturned.UseableGun.updateState (System.Byte[] newState)
28.08.2017 13:09:50: Не обработано: SDG.Unturned.PlayerEquipment.tellUpdateState (CSteamID steamID, Byte page, Byte index, System.Byte[] newState)
28.08.2017 13:09:50: Не обработано: System.Reflection.MonoMethod.Invoke (System.Object obj, BindingFlags invokeAttr, System.Reflection.Binder binder, System.Object[] parameters, System.Globalization.CultureInfo culture)
28.08.2017 13:09:50: Не обработано: Rethrow as TargetInvocationException: Exception has been thrown by the target of an invocation.
28.08.2017 13:09:50: Не обработано: System.Reflection.MonoMethod.Invoke (System.Object obj, BindingFlags invokeAttr, System.Reflection.Binder binder, System.Object[] parameters, System.Globalization.CultureInfo culture)
28.08.2017 13:09:50: Не обработано: System.Reflection.MethodBase.Invoke (System.Object obj, System.Object[] parameters)
28.08.2017 13:09:50: Не обработано: SDG.Unturned.SteamChannel.receive (CSteamID steamID, System.Byte[] packet, Int32 offset, Int32 size)
28.08.2017 13:09:50: Не обработано: SDG.Unturned.SteamChannel.send (ESteamCall mode, ESteamPacket type, Int32 size, System.Byte[] packet)
28.08.2017 13:09:50: Не обработано: SDG.Unturned.SteamChannel.send (System.String name, ESteamCall mode, ESteamPacket type, System.Object[] arguments)
28.08.2017 13:09:50: Не обработано: SDG.Unturned.PlayerEquipment.sendUpdateState ()
28.08.2017 13:09:50: Не обработано: SDG.Unturned.UseableGun.askAttachSight (CSteamID steamID, Byte page, Byte x, Byte y)
28.08.2017 13:09:50: Не обработано: System.Reflection.MonoMethod.Invoke (System.Object obj, BindingFlags invokeAttr, System.Reflection.Binder binder, System.Object[] parameters, System.Globalization.CultureInfo culture)
28.08.2017 13:09:50: Не обработано: Rethrow as TargetInvocationException: Exception has been thrown by the target of an invocation.
28.08.2017 13:09:50: Не обработано: System.Reflection.MonoMethod.Invoke (System.Object obj, BindingFlags invokeAttr, System.Reflection.Binder binder, System.Object[] parameters, System.Globalization.CultureInfo culture)
28.08.2017 13:09:50: Не обработано: System.Reflection.MethodBase.Invoke (System.Object obj, System.Object[] parameters)
28.08.2017 13:09:50: Не обработано: SDG.Unturned.SteamChannel.receive (CSteamID steamID, System.Byte[] packet, Int32 offset, Int32 size)
28.08.2017 13:09:50: Не обработано: SDG.Unturned.Provider.receiveServer (CSteamID steamID, System.Byte[] packet, Int32 offset, Int32 size, Int32 channel)
28.08.2017 13:09:50: Не обработано: SDG.Unturned.Provider.listenServer (Int32 channel)
28.08.2017 13:09:50: Не обработано: SDG.Unturned.Provider.listen ()
28.08.2017 13:09:50: Не обработано: SDG.Unturned.Provider.Update ()
28.08.2017 13:09:53: Не обработано: FlipGet [FlipGet] was mauled by a zombie!
28.08.2017 13:10:04: Не обработано: Дал Donald Mekhen вещь 76:2
28.08.2017 13:10:46: Не обработано: Александр Микитюк moved x:-550.9926 y:155.1881(+116.4107) z:-378.5534 in the last second (0.04998779)
28.08.2017 13:10:57: Не обработано: FlipGet connected with IP 195.206.61.208
28.08.2017 13:11:01: Не обработано: Дал Donald Mekhen вещь 359:2
28.08.2017 13:11:08: Не обработано: Diamond_person moved x:531.5266 y:55.61021(+16.93289) z:-388.0641 in the last second (17.03289)
28.08.2017 13:12:14: Не обработано: Александр Микитюк moved x:-550.9926 y:155.1881(+17.46204) z:-378.5534 in the last second (0.04998779)
28.08.2017 13:12:24: Не обработано: ЖЁСТКИЙ ГЕНЕРАЛ connected with IP 176.114.191.144
28.08.2017 13:13:22: Не обработано: Александр Микитюк connected with IP 195.114.136.57
28.08.2017 13:13:47: Не обработано: Sarnavskiy.v moved x:-416.9157 y:142.9804(+104.3031) z:694.1075 in the last second (104.8961)
28.08.2017 13:14:01: Не обработано: andreimandache10 connected with IP 5.14.95.38
28.08.2017 13:14:21: Не обработано: ЖЁСТКИЙ ГЕНЕРАЛ [пророк сатАна 666] bled to death!
28.08.2017 13:14:47: Не обработано: NullReferenceException: Object reference not set to an instance of an object - SDG.Unturned.Attachments.updateAttachments (System.Byte[] state, Boolean viewmodel)
28.08.2017 13:14:47: Не обработано: SDG.Unturned.ItemTool.getItem (UInt16 id, UInt16 skin, Byte quality, System.Byte[] state, Boolean viewmodel, SDG.Unturned.ItemAsset itemAsset, SDG.Unturned.SkinAsset skinAsset, UnityEngine.Material& tempMaterial)
28.08.2017 13:14:47: Не обработано: SDG.Unturned.ItemTool.getItem (UInt16 id, UInt16 skin, Byte quality, System.Byte[] state, Boolean viewmodel, SDG.Unturned.ItemAsset itemAsset, UnityEngine.Material& tempMaterial)
28.08.2017 13:14:47: Не обработано: SDG.Unturned.PlayerEquipment.tellEquip (CSteamID steamID, Byte page, Byte x, Byte y, UInt16 id, Byte newQuality, System.Byte[] newState)
28.08.2017 13:14:47: Не обработано: System.Reflection.MonoMethod.Invoke (System.Object obj, BindingFlags invokeAttr, System.Reflection.Binder binder, System.Object[] parameters, System.Globalization.CultureInfo culture)
28.08.2017 13:14:47: Не обработано: Rethrow as TargetInvocationException: Exception has been thrown by the target of an invocation.
28.08.2017 13:14:47: Не обработано: System.Reflection.MonoMethod.Invoke (System.Object obj, BindingFlags invokeAttr, System.Reflection.Binder binder, System.Object[] parameters, System.Globalization.CultureInfo culture)
28.08.2017 13:14:47: Не обработано: System.Reflection.MethodBase.Invoke (System.Object obj, System.Object[] parameters)
28.08.2017 13:14:47: Не обработано: SDG.Unturned.SteamChannel.receive (CSteamID steamID, System.Byte[] packet, Int32 offset, Int32 size)
28.08.2017 13:14:47: Не обработано: SDG.Unturned.SteamChannel.send (ESteamCall mode, ESteamPacket type, Int32 size, System.Byte[] packet)
28.08.2017 13:14:47: Не обработано: SDG.Unturned.SteamChannel.send (System.String name, ESteamCall mode, ESteamPacket type, System.Object[] arguments)
28.08.2017 13:14:47: Не обработано: SDG.Unturned.PlayerEquipment.tryEquip (Byte page, Byte x, Byte y, System.Byte[] hash)
28.08.2017 13:14:47: Не обработано: SDG.Unturned.PlayerEquipment.askEquip (CSteamID steamID, Byte page, Byte x, Byte y, System.Byte[] hash)
28.08.2017 13:14:47: Не обработано: System.Reflection.MonoMethod.Invoke (System.Object obj, BindingFlags invokeAttr, System.Reflection.Binder binder, System.Object[] parameters, System.Globalization.CultureInfo culture)
28.08.2017 13:14:47: Не обработано: Rethrow as TargetInvocationException: Exception has been thrown by the target of an invocation.
28.08.2017 13:14:47: Не обработано: System.Reflection.MonoMethod.Invoke (System.Object obj, BindingFlags invokeAttr, System.Reflection.Binder binder, System.Object[] parameters, System.Globalization.CultureInfo culture)
28.08.2017 13:14:47: Не обработано: System.Reflection.MethodBase.Invoke (System.Object obj, System.Object[] parameters)
28.08.2017 13:14:47: Не обработано: SDG.Unturned.SteamChannel.receive (CSteamID steamID, System.Byte[] packet, Int32 offset, Int32 size)
28.08.2017 13:14:47: Не обработано: SDG.Unturned.Provider.receiveServer (CSteamID steamID, System.Byte[] packet, Int32 offset, Int32 size, Int32 channel)
28.08.2017 13:14:47: Не обработано: SDG.Unturned.Provider.listenServer (Int32 channel)
28.08.2017 13:14:47: Не обработано: SDG.Unturned.Provider.listen ()
28.08.2017 13:14:47: Не обработано: SDG.Unturned.Provider.Update ()
28.08.2017 13:14:52: Не обработано: NullReferenceException: Object reference not set to an instance of an object - SDG.Unturned.Attachments.updateAttachments (System.Byte[] state, Boolean viewmodel)
28.08.2017 13:14:52: Не обработано: SDG.Unturned.ItemTool.getItem (UInt16 id, UInt16 skin, Byte quality, System.Byte[] state, Boolean viewmodel, SDG.Unturned.ItemAsset itemAsset, SDG.Unturned.SkinAsset skinAsset, UnityEngine.Material& tempMaterial)
28.08.2017 13:14:52: Не обработано: SDG.Unturned.ItemTool.getItem (UInt16 id, UInt16 skin, Byte quality, System.Byte[] state, Boolean viewmodel, SDG.Unturned.ItemAsset itemAsset, UnityEngine.Material& tempMaterial)
28.08.2017 13:14:52: Не обработано: SDG.Unturned.PlayerEquipment.tellEquip (CSteamID steamID, Byte page, Byte x, Byte y, UInt16 id, Byte newQuality, System.Byte[] newState)
28.08.2017 13:14:52: Не обработано: System.Reflection.MonoMethod.Invoke (System.Object obj, BindingFlags invokeAttr, System.Reflection.Binder binder, System.Object[] parameters, System.Globalization.CultureInfo culture)
28.08.2017 13:14:52: Не обработано: Rethrow as TargetInvocationException: Exception has been thrown by the target of an invocation.
28.08.2017 13:14:52: Не обработано: System.Reflection.MonoMethod.Invoke (System.Object obj, BindingFlags invokeAttr, System.Reflection.Binder binder, System.Object[] parameters, System.Globalization.CultureInfo culture)
28.08.2017 13:14:52: Не обработано: System.Reflection.MethodBase.Invoke (System.Object obj, System.Object[] parameters)
28.08.2017 13:14:52: Не обработано: SDG.Unturned.SteamChannel.receive (CSteamID steamID, System.Byte[] packet, Int32 offset, Int32 size)
28.08.2017 13:14:52: Не обработано: SDG.Unturned.SteamChannel.send (ESteamCall mode, ESteamPacket type, Int32 size, System.Byte[] packet)
28.08.2017 13:14:52: Не обработано: SDG.Unturned.SteamChannel.send (System.String name, ESteamCall mode, ESteamPacket type, System.Object[] arguments)
28.08.2017 13:14:52: Не обработано: SDG.Unturned.PlayerEquipment.tryEquip (Byte page, Byte x, Byte y, System.Byte[] hash)
28.08.2017 13:14:52: Не обработано: SDG.Unturned.PlayerEquipment.askEquip (CSteamID steamID, Byte page, Byte x, Byte y, System.Byte[] hash)
28.08.2017 13:14:52: Не обработано: System.Reflection.MonoMethod.Invoke (System.Object obj, BindingFlags invokeAttr, System.Reflection.Binder binder, System.Object[] parameters, System.Globalization.CultureInfo culture)
28.08.2017 13:14:52: Не обработано: Rethrow as TargetInvocationException: Exception has been thrown by the target of an invocation.
28.08.2017 13:14:52: Не обработано: System.Reflection.MonoMethod.Invoke (System.Object obj, BindingFlags invokeAttr, System.Reflection.Binder binder, System.Object[] parameters, System.Globalization.CultureInfo culture)
28.08.2017 13:14:52: Не обработано: System.Reflection.MethodBase.Invoke (System.Object obj, System.Object[] parameters)
28.08.2017 13:14:52: Не обработано: SDG.Unturned.SteamChannel.receive (CSteamID steamID, System.Byte[] packet, Int32 offset, Int32 size)
28.08.2017 13:14:52: Не обработано: SDG.Unturned.Provider.receiveServer (CSteamID steamID, System.Byte[] packet, Int32 offset, Int32 size, Int32 channel)
28.08.2017 13:14:52: Не обработано: SDG.Unturned.Provider.listenServer (Int32 channel)
28.08.2017 13:14:52: Не обработано: SDG.Unturned.Provider.listen ()
28.08.2017 13:14:52: Не обработано: SDG.Unturned.Provider.Update ()
28.08.2017 13:14:56: Не обработано: NullReferenceException: Object reference not set to an instance of an object - SDG.Unturned.Attachments.updateAttachments (System.Byte[] state, Boolean viewmodel)
28.08.2017 13:14:56: Не обработано: SDG.Unturned.ItemTool.getItem (UInt16 id, UInt16 skin, Byte quality, System.Byte[] state, Boolean viewmodel, SDG.Unturned.ItemAsset itemAsset, SDG.Unturned.SkinAsset skinAsset, UnityEngine.Material& tempMaterial)
28.08.2017 13:14:56: Не обработано: SDG.Unturned.ItemTool.getItem (UInt16 id, UInt16 skin, Byte quality, System.Byte[] state, Boolean viewmodel, SDG.Unturned.ItemAsset itemAsset, UnityEngine.Material& tempMaterial)
28.08.2017 13:14:56: Не обработано: SDG.Unturned.PlayerEquipment.tellEquip (CSteamID steamID, Byte page, Byte x, Byte y, UInt16 id, Byte newQuality, System.Byte[] newState)
28.08.2017 13:14:56: Не обработано: System.Reflection.MonoMethod.Invoke (System.Object obj, BindingFlags invokeAttr, System.Reflection.Binder binder, System.Object[] parameters, System.Globalization.CultureInfo culture)
28.08.2017 13:14:56: Не обработано: Rethrow as TargetInvocationException: Exception has been thrown by the target of an invocation.
28.08.2017 13:14:56: Не обработано: System.Reflection.MonoMethod.Invoke (System.Object obj, BindingFlags invokeAttr, System.Reflection.Binder binder, System.Object[] parameters, System.Globalization.CultureInfo culture)
28.08.2017 13:14:56: Не обработано: System.Reflection.MethodBase.Invoke (System.Object obj, System.Object[] parameters)
28.08.2017 13:14:56: Не обработано: SDG.Unturned.SteamChannel.receive (CSteamID steamID, System.Byte[] packet, Int32 offset, Int32 size)
28.08.2017 13:14:56: Не обработано: SDG.Unturned.SteamChannel.send (ESteamCall mode, ESteamPacket type, Int32 size, System.Byte[] packet)
28.08.2017 13:14:56: Не обработано: SDG.Untur
28.08.2017 13:14:56: Не обработано: ned.SteamChannel.send (System.String name, ESteamCall mode, ESteamPacket type, System.Object[] arguments)
28.08.2017 13:14:56: Не обработано: SDG.Unturned.PlayerEquipment.tryEquip (Byte page, Byte x, Byte y, System.Byte[] hash)
28.08.2017 13:14:56: Не обработано: SDG.Unturned.PlayerEquipment.askEquip (CSteamID steamID, Byte page, Byte x, Byte y, System.Byte[] hash)
28.08.2017 13:14:56: Не обработано: System.Reflection.MonoMethod.Invoke (System.Object obj, BindingFlags invokeAttr, System.Reflection.Binder binder, System.Object[] parameters, System.Globalization.CultureInfo culture)
28.08.2017 13:14:56: Не обработано: Rethrow as TargetInvocationException: Exception has been thrown by the target of an invocation.
28.08.2017 13:14:56: Не обработано: System.Reflection.MonoMethod.Invoke (System.Object obj, BindingFlags invokeAttr, System.Reflection.Binder binder, System.Object[] parameters, System.Globalization.CultureInfo culture)
28.08.2017 13:14:56: Не обработано: System.Reflection.MethodBase.Invoke (System.Object obj, System.Object[] parameters)
28.08.2017 13:14:56: Не обработано: SDG.Unturned.SteamChannel.receive (CSteamID steamID, System.Byte[] packet, Int32 offset, Int32 size)
28.08.2017 13:14:56: Не обработано: SDG.Unturned.Provider.receiveServer (CSteamID steamID, System.Byte[] packet, Int32 offset, Int32 size, Int32 channel)
28.08.2017 13:14:56: Не обработано: SDG.Unturned.Provider.listenServer (Int32 channel)
28.08.2017 13:14:56: Не обработано: SDG.Unturned.Provider.listen ()
28.08.2017 13:14:56: Не обработано: SDG.Unturned.Provider.Update ()
28.08.2017 13:15:10: Не обработано: Дал Donald Mekhen вещь 297:1
28.08.2017 13:15:36: Не обработано: Sans_super moved x:541.1666 y:59.89198(+21.2146) z:775.4913 in the last second (0.1000023)
28.08.2017 13:15:59: Не обработано: Александр Микитюк был телепортирован к Donald Mekhen
28.08.2017 13:16:07: Сохранение сервера
28.08.2017 13:18:04: Не обработано: Diamond_person moved x:306.6706 y:313.96(+281.6222) z:296.818 in the last second (293.8017)
28.08.2017 13:19:04: Не обработано: Donald Mekhen телепортирован к Le_Mon
28.08.2017 13:19:06: Не обработано: Sarnavskiy.v moved x:769.1806 y:166.3118(+129.4359) z:-433.9946 in the last second (3.512848)
28.08.2017 13:20:02: Не обработано: MayKill connected with IP 5.165.2.36
28.08.2017 13:20:03: Не обработано: Дал Donald Mekhen вещь 17:3
28.08.2017 13:20:54: Не обработано: Дал Donald Mekhen вещь 1000:1
28.08.2017 13:21:02: Не обработано: vintoc connected with IP 185.111.49.81
28.08.2017 13:21:34: Не обработано: Дал Donald Mekhen вещь 269:1
28.08.2017 13:21:44: Не обработано: Donald Mekhen телепортирован к Le_Mon
28.08.2017 13:22:06: Не обработано: Дал Donald Mekhen вещь 296:1
28.08.2017 13:22:46: Не обработано: Sarnavskiy.v moved x:769.7942 y:161.1851(+140.5329) z:-457.3147 in the last second (0.237915)
28.08.2017 13:23:10: Не обработано: Cаня Cтишков connected with IP 31.162.81.27
28.08.2017 13:23:11: Не обработано: Diamond_person moved x:766.4307 y:161.0472(+122.3699) z:-458.1063 in the last second (0.1000061)
28.08.2017 13:23:25: Не обработано: Cаня Cтишков включен Godmode
28.08.2017 13:25:59: Не обработано: MayKill connected with IP 5.165.2.36
28.08.2017 13:26:13: Не обработано: Diamond_person moved x:766.4307 y:161.1851(+72.02296) z:-458.1063 in the last second (0.237915)
28.08.2017 13:26:34: Не обработано: Sarnavskiy.v connected with IP 62.84.255.235
28.08.2017 13:27:20: Не обработано: Дал Donald Mekhen вещь 1194:1
28.08.2017 13:27:53: Не обработано: Дал Donald Mekhen вещь 1005:20
28.08.2017 13:28:03: Не обработано: vintoc [interesnya666] was mauled by a zombie!
28.08.2017 13:28:11: Не обработано: MayKill connected with IP 5.165.2.36
28.08.2017 13:31:06: Не обработано: Дал Cаня Cтишков вещь 254:10
28.08.2017 13:32:42: Не обработано: Александр Микитюк moved x:-550.9926 y:155.1881(+116.3373) z:-378.5534 in the last second (0.04998779)
28.08.2017 13:33:00: Не обработано: Дал Cаня Cтишков вещь 1346:10
28.08.2017 13:33:19: Не обработано: Дал Donald Mekhen вещь 1346:15
28.08.2017 13:34:22: Не обработано: Diamond_person connected with IP 195.191.73.43
28.08.2017 13:35:50: Не обработано: Дал Cаня Cтишков вещь 126:1
28.08.2017 13:37:13: Не обработано: Александр Микитюк moved x:-550.9926 y:155.1881(+116.7108) z:-378.5534 in the last second (0.04998779)
28.08.2017 13:38:02: Не обработано: Дал Donald Mekhen вещь 122:1
28.08.2017 13:38:34: Не обработано: Дал Cаня Cтишков вещь 1005:10
28.08.2017 13:38:53: Не обработано: Александр Микитюк moved x:-550.9926 y:155.1881(+114.0467) z:-378.5534 in the last second (0.04998779)
28.08.2017 13:38:54: Не обработано: Дал Donald Mekhen вещь 1301:1
28.08.2017 13:39:08: Не обработано: MayKill connected with IP 5.165.2.36
28.08.2017 13:39:14: Не обработано: NullReferenceException: Object reference not set to an instance of an object - SDG.Unturned.Attachments.updateAttachments (System.Byte[] state, Boolean viewmodel)
28.08.2017 13:39:14: Не обработано: SDG.Unturned.UseableGun.updateState (System.Byte[] newState)
28.08.2017 13:39:14: Не обработано: SDG.Unturned.PlayerEquipment.tellUpdateState (CSteamID steamID, Byte page, Byte index, System.Byte[] newState)
28.08.2017 13:39:14: Не обработано: System.Reflection.MonoMethod.Invoke (System.Object obj, BindingFlags invokeAttr, System.Reflection.Binder binder, System.Object[] parameters, System.Globalization.CultureInfo culture)
28.08.2017 13:39:14: Не обработано: Rethrow as TargetInvocationException: Exception has been thrown by the target of an invocation.
28.08.2017 13:39:14: Не обработано: System.Reflection.MonoMethod.Invoke (System.Object obj, BindingFlags invokeAttr, System.Reflection.Binder binder, System.Object[] parameters, System.Globalization.CultureInfo culture)
28.08.2017 13:39:14: Не обработано: System.Reflection.MethodBase.Invoke (System.Object obj, System.Object[] parameters)
28.08.2017 13:39:14: Не обработано: SDG.Unturned.SteamChannel.receive (CSteamID steamID, System.Byte[] packet, Int32 offset, Int32 size)
28.08.2017 13:39:14: Не обработано: SDG.Unturned.SteamChannel.send (ESteamCall mode, ESteamPacket type, Int32 size, System.Byte[] packet)
28.08.2017 13:39:14: Не обработано: SDG.Unturned.SteamChannel.send (System.String name, ESteamCall mode, ESteamPacket type, System.Object[] arguments)
28.08.2017 13:39:14: Не обработано: SDG.Unturned.PlayerEquipment.sendUpdateState ()
28.08.2017 13:39:14: Не обработано: SDG.Unturned.UseableGun.askAttachSight (CSteamID steamID, Byte page, Byte x, Byte y)
28.08.2017 13:39:14: Не обработано: System.Reflection.MonoMethod.Invoke (System.Object obj, BindingFlags invokeAttr, System.Reflection.Binder binder, Syst
28.08.2017 13:39:14: Не обработано: em.Object[] parameters, System.Globalization.CultureInfo culture)
28.08.2017 13:39:14: Не обработано: Rethrow as TargetInvocationException: Exception has been thrown by the target of an invocation.
28.08.2017 13:39:14: Не обработано: System.Reflection.MonoMethod.Invoke (System.Object obj, BindingFlags invokeAttr, System.Reflection.Binder binder, System.Object[] parameters, System.Globalization.CultureInfo culture)
28.08.2017 13:39:14: Не обработано: System.Reflection.MethodBase.Invoke (System.Object obj, System.Object[] parameters)
28.08.2017 13:39:14: Не обработано: SDG.Unturned.SteamChannel.receive (CSteamID steamID, System.Byte[] packet, Int32 offset, Int32 size)
28.08.2017 13:39:14: Не обработано: SDG.Unturned.Provider.receiveServer (CSteamID steamID, System.Byte[] packet, Int32 offset, Int32 size, Int32 channel)
28.08.2017 13:39:14: Не обработано: SDG.Unturned.Provider.listenServer (Int32 channel)
28.08.2017 13:39:14: Не обработано: SDG.Unturned.Provider.listen ()
28.08.2017 13:39:14: Не обработано: SDG.Unturned.Provider.Update ()
28.08.2017 13:39:15: Не обработано: Дал Cаня Cтишков вещь 1301:1
28.08.2017 13:40:25: Не обработано: Дал Donald Mekhen вещь 146:1
28.08.2017 13:40:56: Не обработано: Magard1S connected with IP 93.74.118.124
28.08.2017 13:41:51: Не обработано: Дал Cаня Cтишков вещь 126:1
28.08.2017 13:42:16: Не обработано: MayKill connected with IP 5.165.2.36
28.08.2017 13:43:33: Не обработано: Дал Cаня Cтишков вещь 1438:1
28.08.2017 13:44:28: Не обработано: Дал Cаня Cтишков вещь 112:1
28.08.2017 13:44:45: Не обработано: Donald Mekhen получил транспорт 849
28.08.2017 13:45:12: Не обработано: Александр Микитюк moved x:-550.9926 y:155.1881(+17.90001) z:-378.5534 in the last second (0.04998779)
28.08.2017 13:45:12: Не обработано: Дал Cаня Cтишков вещь 143:1
28.08.2017 13:45:25: Не обработано: Diamond_person moved x:766.4307 y:161.0472(+76.29819) z:-458.1063 in the last second (0.1000061)
28.08.2017 13:45:56: Не обработано: Sarnavskiy.v moved x:769.7942 y:161.0472(+74.79816) z:-457.3147 in the last second (0.09999084)
28.08.2017 13:46:07: Сохранение сервера
28.08.2017 13:46:08: Не обработано: Дал Cаня Cтишков вещь 146:1
28.08.2017 13:46:38: Не обработано: Donald Mekhen moved x:-411.7048 y:125.4238(+86.94648) z:16.64916 in the last second (87.04648)
28.08.2017 13:47:17: Не обработано: Cаня Cтишков moved x:-408.8145 y:57.3521(+18.87478) z:14.95512 in the last second (18.20667)
28.08.2017 13:47:34: Не обработано: Александр Микитюк moved x:-550.9926 y:155.1881(+131.1156) z:-378.5534 in the last second (0.04998779)
28.08.2017 13:48:15: Не обработано: Donald Mekhen получил транспорт 140
28.08.2017 13:48:19: Не обработано: Cаня Cтишков получил транспорт 140
28.08.2017 13:48:35: Не обработано: Дал Donald Mekhen вещь 1394:20
28.08.2017 13:48:42: Не обработано: Дал Cаня Cтишков вещь 1395:20
28.08.2017 13:50:18: Не обработано: riupiodoo connected with IP 5.142.64.142
28.08.2017 13:50:42: Не обработано: Donald Mekhen телепортирован к Александр Микитюк
28.08.2017 13:50:42: Не обработано: Donald Mekhen moved x:-404.0281 y:159.0677(+111.6391) z:-456.7882 in the last second (142.3482)
28.08.2017 13:50:48: Не обработано: Cаня Cтишков connected with IP 31.162.81.27
28.08.2017 13:51:05: Не обработано: Donald Mekhen телепортирован к Cаня Cтишков
28.08.2017 13:51:07: Не обработано: Cаня Cтишков получил транспорт 140
28.08.2017 13:51:17: Не обработано: Donald Mekhen получил транспорт 10
28.08.2017 13:51:40: Не обработано: Cаня Cтишков включен Godmode
28.08.2017 13:52:27: Не обработано: Donald Mekhen телепортирован к Sarnavskiy.v
28.08.2017 13:52:27: Не обработано: Donald Mekhen moved x:757.1602 y:161.0851(+112.7452) z:-445.6535 in the last second (0.5999908)
28.08.2017 13:53:02: Не обработано: Diamond_person moved x:766.4307 y:161.0472(+76.29818) z:-458.1063 in the last second (0.1000061)
28.08.2017 13:53:18: Не обработано: Дал Cаня Cтишков вещь 4:1
28.08.2017 13:53:32: Не обработано: Sarnavskiy.v moved x:769.7942 y:161.0472(+118.0698) z:-457.3147 in the last second (0.09999084)
28.08.2017 13:53:59: Не обработано: Donald Mekhen moved x:764.2509 y:160.8967(+117.9194) z:-445.2157 in the last second (0.4116364)
28.08.2017 13:54:04: Не обработано: belouetmaxime974 connected with IP 78.234.14.44
28.08.2017 13:54:32: Не обработано: [Помидорка][Повар]Matvey connected with IP 91.211.132.37
28.08.2017 13:54:43: Не обработано: Cаня Cтишков получил транспорт 140
28.08.2017 13:55:00: Не обработано: Donald Mekhen получил транспорт 810
28.08.2017 13:55:11: Не обработано: Cаня Cтишков moved x:-556.2039 y:171.1411(+132.3424) z:-355.1001 in the last second (4.578201)
28.08.2017 13:55:26: Не обработано: Александр Микитюк moved x:764.9793 y:183.8185(+137.5256) z:-450.721 in the last second (0.8074493)
28.08.2017 13:55:59: Не обработано: Cаня Cтишков получил транспорт 140
28.08.2017 13:56:01: Не обработано: Дал Donald Mekhen вещь 96:1
28.08.2017 13:56:38: Не обработано: Donald Mekhen получил транспорт 96
28.08.2017 13:57:39: Не обработано: PrivateMessages >> Sorry, you haven't received a message!
28.08.2017 13:57:43: Не обработано: PrivateMessages >> Sorry, you haven't received a message!
28.08.2017 13:58:22: Не обработано: Александр Микитюк moved x:767.9324 y:190.999(+30.41394) z:-432.0568 in the last second (4.035751)
28.08.2017 14:00:05: Не обработано: биг босс connected with IP 213.24.125.148
28.08.2017 14:01:17: Не обработано: Donald Mekhen получил транспорт 810
28.08.2017 14:01:42: Не обработано: [Помидорка][Повар]Matvey connected with IP 91.211.132.37
28.08.2017 14:01:54: Не обработано: koman connected with IP 185.17.125.128
28.08.2017 14:03:37: Не обработано: Sarnavskiy.v moved x:824.1973 y:97.19095(+18.08067) z:-405.8916 in the last second (4.247643)
28.08.2017 14:04:26: Не обработано: Diamond_person moved x:766.4307 y:161.0472(+130.6272) z:-458.1063 in the last second (0.1000061)
28.08.2017 14:05:12: Не обработано: Sarnavskiy.v moved x:777.942 y:169.0186(+133.6225) z:-424.576 in the last second (3.891983)
28.08.2017 14:05:59: Не обработано: Donald Mekhen moved x:-496.9742 y:164.5301(+140.329) z:-389.0999 in the last second (1.197266)
28.08.2017 14:06:17: Не обработано: Александр Микитюк moved x:-550.9926 y:155.1881(+120.8525) z:-378.5534 in the last second (0.04998779)
28.08.2017 14:06:37: Не обработано: [Помидорка][Повар]Matvey connected with IP 91.211.132.37
28.08.2017 14:07:06: Не обработано: Donald Mekhen moved x:-547.4398 y:155.1881(+131.0234) z:-375.1644 in the last second (0.04998779)
28.08.2017 14:07:36: Не обработано: Александр Микитюк connected with IP 195.114.136.57
28.08.2017 14:08:02: Не обработано:  товарищ полковник connected with IP 5.166.48.59
28.08.2017 14:08:03: Не обработано: Diamond_person moved x:766.4307 y:161.0472(+74.79818) z:-458.1063 in the last second (0.1000061)
28.08.2017 14:08:15: Не обработано: Sans_super moved x:-497.165 y:159.0381(+120.5608) z:-381.5988 in the last second (0.5999908)
28.08.2017 14:08:16: Не обработано: MayKill connected with IP 5.165.2.36
28.08.2017 14:09:19: Не обработано: Sarnavskiy.v moved x:769.7942 y:161.0472(+133.392) z:-457.3147 in the last second (0.1000061)
28.08.2017 14:10:25: Не обработано: Sarnavskiy.v moved x:748.597 y:178.8679(+18.28284) z:-437.5317 in the last second (97.3213)
28.08.2017 14:11:09: Не обработано: belouetmaxime974 [belouetmaxime974] was mauled by a zombie!
28.08.2017 14:12:24: Не обработано: Diamond_person moved x:766.4307 y:161.0472(+74.7956) z:-458.1063 in the last second (0.09999084)
28.08.2017 14:15:27: Не обработано: [Помидорка][Повар]Matvey connected with IP 91.211.132.37
28.08.2017 14:15:46: Не обработано: Александр Микитюк moved x:-550.9926 y:155.1881(+116.7108) z:-378.5534 in the last second (0.04998779)
28.08.2017 14:16:04: Не обработано: [Помидорка][Повар]Matvey moved x:-399.5896 y:52.4618(+19.99184) z:-131.4335 in the last second (0.6529579)
28.08.2017 14:16:07: Сохранение сервера
28.08.2017 14:19:08: Не обработано: mixon4k connected with IP 109.201.114.136
28.08.2017 14:19:54: Не обработано: Diamond_person moved x:766.4307 y:161.0472(+76.29819) z:-458.1063 in the last second (0.09999084)
28.08.2017 14:19:57: Не обработано: KaSIWOR connected with IP 83.242.125.40
28.08.2017 14:21:00: Не обработано: Александр Микитюк connected with IP 195.114.136.57
28.08.2017 14:22:30: Не обработано:  товарищ полковник moved x:801.2565 y:161.0851(+107.6943) z:-445.6133 in the last second (0.5999908)
28.08.2017 14:23:28: Не обработано:  товарищ полковник connected with IP 5.166.48.59
28.08.2017 14:23:59: Не обработано: Sarnavskiy.v moved x:769.7942 y:161.1851(+74.87292) z:-457.3147 in the last second (0.237915)
28.08.2017 14:24:14: Не обработано: KaSIWOR connected with IP 83.242.125.40
28.08.2017 14:24:23: Не обработано: Александр Микитюк moved x:-173.4664 y:48.98475(+17.2135) z:-802.3874 in the last second (10.30737)
28.08.2017 14:25:42: Не обработано: lolka connected with IP 188.163.1.121
28.08.2017 14:26:26: Не обработано: Diamond_person moved x:766.4307 y:161.0472(+70.64722) z:-458.1063 in the last second (0.09999084)
28.08.2017 14:27:09: Не обработано: nikgstores12 connected with IP 95.153.131.91
28.08.2017 14:27:56: Не обработано: CR7 connected with IP 95.56.30.185
28.08.2017 14:28:33: Не обработано: Александр Микитюк moved x:521.49 y:109.626(+70.84863) z:927.96 in the last second (29.68919)
28.08.2017 14:28:44: Не обработано: zeekoukou connected with IP 154.241.151.188
28.08.2017 14:29:30: Не обработано: KaSIWOR connected with IP 83.242.125.40
28.08.2017 14:29:51: Не обработано: Dok connected with IP 176.118.54.146
28.08.2017 14:30:53: Не обработано: Smil3y connected with IP 195.117.93.3
28.08.2017 14:31:05: Не обработано: nikgstores12 [Saske_Y4ixa] was mauled by a zombie!
28.08.2017 14:31:59: Не обработано: Александр Микитюк connected with IP 195.114.136.57
28.08.2017 14:34:13: Не обработано: KaSIWOR connected with IP 83.242.125.40
28.08.2017 14:38:36: Не обработано: KaSIWOR connected with IP 83.242.125.40
28.08.2017 14:39:42: Не обработано: Briandit connected with IP 87.103.234.18
28.08.2017 14:39:47: Не обработано: TheJuJPlay_FeeD connected with IP 37.21.62.134
28.08.2017 14:39:49: Не обработано: Ем гусей каждый д connected with IP 62.33.218.59
28.08.2017 14:42:50: Не обработано: pirogok707 connected with IP 178.76.241.191
28.08.2017 14:43:01: Не обработано: i.nikolskaya connected with IP 188.186.16.165
28.08.2017 14:44:46: Не обработано: Mike connected with IP 31.41.93.26
28.08.2017 14:45:16: Не обработано: Skot_GG connected with IP 83.69.227.136
28.08.2017 14:45:17: Не обработано: Diamond_person moved x:827.5705 y:85.33427(+46.5569) z:-475.9865 in the last second (0.1096573)
28.08.2017 14:45:26: Не обработано: Sarnavskiy.v moved x:832.0678 y:85.08392(+44.80414) z:-486.2904 in the last second (0.4349289)
28.08.2017 14:46:07: Сохранение сервера
28.08.2017 14:46:08: Не обработано: mixon4k [mixon4k] starved to death!
28.08.2017 14:48:10: Не обработано: JAT LAME connected with IP 176.210.138.192
28.08.2017 14:48:25: Не обработано: i.nikolskaya connected with IP 188.186.16.165
28.08.2017 14:48:32: Не обработано:  vadyha777 connected with IP 91.211.54.55
28.08.2017 14:49:03: Не обработано: Diamond_person moved x:766.4307 y:161.0472(+122.5699) z:-458.1063 in the last second (0.1000061)
28.08.2017 14:49:28: Не обработано: AntonZareg connected with IP 176.14.195.136
28.08.2017 14:49:41: Не обработано: alexejja connected with IP 37.112.99.237
28.08.2017 14:50:01: Не обработано: a.tetervin connected with IP 95.83.188.144
28.08.2017 14:50:26: Не обработано: waw_pat connected with IP 88.156.153.231
28.08.2017 14:50:26: Не обработано: waw_pat [warzywko09] was mauled by a zombie!
28.08.2017 14:51:32: Не обработано: gulakovdim connected with IP 162.254.197.42
28.08.2017 14:53:12: Не обработано: Skot_GG [Skot_GG] was dissolved by a zombie!
28.08.2017 14:53:33: Не обработано: waw_pat [warzywko09] was mauled by a zombie!
28.08.2017 14:53:56: Не обработано: AntonZareg [???Adven???] was mauled by a zombie!
28.08.2017 14:54:27: Не обработано: alexejja [alexejja] was mauled by a zombie!
28.08.2017 14:54:40: Не обработано: a.tetervin [a.tetervin] was mauled by a zombie!
28.08.2017 14:55:45: Не обработано: TheJuJPlay_FeeD connected with IP 37.21.62.134
28.08.2017 14:56:07: Не обработано: Skot_GG moved x:600.4289 y:59.40656(+32.17041) z:533.6272 in the last second (0.07685471)
28.08.2017 14:56:50: Не обработано: AntonZareg connected with IP 176.14.195.136
28.08.2017 15:03:06: Не обработано: mixon4k connected with IP 109.201.114.136
28.08.2017 15:03:13: Не обработано: AntonZareg [???Adven???] was mauled by a zombie!
28.08.2017 15:04:05: Не обработано: Normal gamer connected with IP 88.147.226.206
28.08.2017 15:04:53: Не обработано: mixon4k connected with IP 109.201.114.136
28.08.2017 15:07:53: Не обработано: [одиночка]Рико connected with IP 164.138.88.118
28.08.2017 15:08:11: Не обработано: CosmoCat connected with IP 79.172.68.178
28.08.2017 15:08:44: Не обработано: [одиночка]Рико connected with IP 164.138.88.118
28.08.2017 15:08:48: Не обработано: JAT LAME [JAT LAME] bled to death!
28.08.2017 15:11:16: Не обработано: AntonZareg [???Adven???] was mauled by a zombie!
28.08.2017 15:14:19: Не обработано: Александр Микитюк connected with IP 195.114.136.57
28.08.2017 15:15:07: Не обработано: Александр Микитюк moved x:-550.9926 y:155.1881(+116.5108) z:-378.5534 in the last second (0.04998779)
28.08.2017 15:15:21: Не обработано: mladenhutinec83 connected with IP 93.136.16.173
28.08.2017 15:16:07: Сохранение сервера
28.08.2017 15:18:42: Не обработано: Ем гусей каждый д [Ем гусей каждый д] dehydrated to death!
28.08.2017 15:18:47: Не обработано: [одиночка]Рико connected with IP 164.138.88.118
28.08.2017 15:19:27: Не обработано: [Помидорка][Повар]Matvey moved x:-698.4945 y:50.59628(+15.40126) z:-740.3987 in the last second (0.2379189)
28.08.2017 15:19:37: Не обработано:  товарищ полковник moved x:-699.7438 y:50.49627(+26.22451) z:-743.0841 in the last second (0.5999985)
28.08.2017 15:23:29: Не обработано: Ем гусей каждый д moved x:-744.4502 y:58.56762(+18.15118) z:127.2084 in the last second (0.9748459)
28.08.2017 15:23:32: Не обработано: Александр Микитюк connected with IP 195.114.136.57
28.08.2017 15:24:25: Не обработано: Normal gamer moved x:-695.3848 y:61.87477(+23.20244) z:-804.7111 in the last second (0.2379189)
28.08.2017 15:24:51: Не обработано: [Помидорка][Повар]Matvey был исцелён
28.08.2017 15:24:51: Не обработано:  товарищ полковник был исцелён
28.08.2017 15:24:51: Не обработано: CR7 был исцелён
28.08.2017 15:24:51: Не обработано: Briandit был исцелён
28.08.2017 15:24:52: Не обработано: Ем гусей каждый д был исцелён
28.08.2017 15:24:52: Не обработано: TheJuJPlay_FeeD был исцелён
28.08.2017 15:24:52: Не обработано: Normal gamer был исцелён
28.08.2017 15:24:52: Не обработано: mixon4k был исцелён
28.08.2017 15:24:52: Не обработано: CosmoCat был исцелён
28.08.2017 15:24:52: Не обработано: [одиночка]Рико был исцелён
28.08.2017 15:24:52: Не обработано: Александр Микитюк был исцелён
28.08.2017 15:25:03: Не обработано: CosmoCat moved x:-702.084 y:61.77478(+22.70244) z:-806.8834 in the last second (0.5999985)
28.08.2017 15:25:46: Не обработано: Waieram connected with IP 178.65.12.219
28.08.2017 15:26:20: Не обработано: Александр Микитюк moved x:-550.9926 y:155.1881(+115.2433) z:-378.5534 in the last second (0.04998779)
28.08.2017 15:26:29: Не обработано: Normal gamer moved x:-553.3281 y:154.7881(+93.51331) z:-372.2571 in the last second (0.5999908)
28.08.2017 15:28:07: Не обработано: Waieram connected with IP 178.65.12.219
28.08.2017 15:28:25: Не обработано: [Foxes]Krid connected with IP 94.41.44.211
28.08.2017 15:28:29: Не обработано: CosmoCat moved x:-536.2769 y:154.5997(+93.32495) z:-349.6924 in the last second (0.4116364)
28.08.2017 15:29:50: Не обработано: Ем гусей каждый д connected with IP 62.33.218.59
28.08.2017 15:30:10: Не обработано: Normal gamer moved x:-695.3848 y:61.87477(+37.55514) z:-804.7111 in the last second (0.2379189)
28.08.2017 15:30:23: Не обработано: Znarf_Inc. connected with IP 91.49.159.182
28.08.2017 15:31:01: Не обработано: Ем гусей каждый д moved x:-278.7855 y:54.63709(+21.90261) z:-350.0759 in the last second (0.1013947)
28.08.2017 15:35:17: Не обработано: JAT LAME connected with IP 176.210.138.192
28.08.2017 15:35:57: Не обработано: Ем гусей каждый д connected with IP 62.33.218.59
28.08.2017 15:36:38: Не обработано: Waieram connected with IP 178.65.12.219
28.08.2017 15:42:33: Не обработано: Sarnavskiy.v connected with IP 62.84.255.235
28.08.2017 15:43:00: Не обработано: Diamond_person connected with IP 195.191.73.43
28.08.2017 15:43:01: Не обработано: Sarnavskiy.v moved x:769.7942 y:161.1851(+95.86889) z:-457.3147 in the last second (0.237915)
28.08.2017 15:45:34: Не обработано: TheJuJPlay_FeeD connected with IP 37.21.62.134
28.08.2017 15:45:34: Не обработано: VladimirOst connected with IP 78.132.222.164
28.08.2017 15:46:07: Сохранение сервера
28.08.2017 15:46:36: Не обработано: TheJuJPlay_FeeD connected with IP 37.21.62.134
28.08.2017 15:47:04: Не обработано: Александр Микитюк connected with IP 195.114.136.57
28.08.2017 15:47:25: Не обработано: Sarnavskiy.v moved x:769.7942 y:161.0472(+76.29817) z:-457.3147 in the last second (0.09999084)
28.08.2017 15:49:19: Не обработано: mixon4k connected with IP 109.201.114.136
28.08.2017 15:51:31: Не обработано: TheJuJPlay_FeeD connected with IP 37.21.62.134
28.08.2017 15:51:44: Не обработано: Diamond_person moved x:766.4307 y:161.0472(+76.00408) z:-458.1063 in the last second (0.09999084)
28.08.2017 15:52:12: Не обработано: KaSIWOR connected with IP 83.242.125.40
28.08.2017 15:52:47: Не обработано: Diamond_person moved x:766.4307 y:161.1851(+101.7345) z:-458.1063 in the last second (0.237915)
28.08.2017 15:53:38: Не обработано: Briandit [TAPAKAH75rus] was mauled by a zombie!
28.08.2017 15:54:17: Не обработано: [Помидорка][Повар]Matvey moved x:779.163 y:161.0851(+111.8622) z:-435.6072 in the last second (0.5999908)
28.08.2017 15:56:02: Не обработано: Ем гусей каждый д [Ем гусей каждый д] was mauled by a zombie!
28.08.2017 15:56:24: Не обработано:  товарищ полковник connected with IP 5.166.48.59
