29.08.2017 10:29:26: Полное лечение 76561198260476436
29.08.2017 12:29:36: Вызван массовый Airdrop (x10)
29.08.2017 12:29:36: Successfully set airdrop!
29.08.2017 12:29:36: Successfully set airdrop!
29.08.2017 12:29:36: Successfully set airdrop!
29.08.2017 12:29:36: Successfully set airdrop!
29.08.2017 12:29:36: Successfully set airdrop!
29.08.2017 12:29:36: Successfully set airdrop!
29.08.2017 12:29:37: Successfully set airdrop!
29.08.2017 12:29:37: Successfully set airdrop!
29.08.2017 12:29:37: Successfully set airdrop!
29.08.2017 12:29:37: Successfully set airdrop!
29.08.2017 12:29:41: Вызван массовый Airdrop (x10)
29.08.2017 12:29:41: Successfully set airdrop!
29.08.2017 12:29:41: Successfully set airdrop!
29.08.2017 12:29:41: Successfully set airdrop!
29.08.2017 12:29:41: Successfully set airdrop!
29.08.2017 12:29:42: Successfully set airdrop!
29.08.2017 12:29:42: Successfully set airdrop!
29.08.2017 12:29:42: Successfully set airdrop!
29.08.2017 12:29:42: Successfully set airdrop!
29.08.2017 12:29:42: Successfully set airdrop!
29.08.2017 12:29:42: Successfully set airdrop!
29.08.2017 12:29:44: Вызван массовый Airdrop (x10)
29.08.2017 12:29:44: Successfully set airdrop!
29.08.2017 12:29:44: Successfully set airdrop!
29.08.2017 12:29:44: Successfully set airdrop!
29.08.2017 12:29:44: Successfully set airdrop!
29.08.2017 12:29:44: Successfully set airdrop!
29.08.2017 12:29:44: Successfully set airdrop!
29.08.2017 12:29:45: Successfully set airdrop!
29.08.2017 12:29:45: Successfully set airdrop!
29.08.2017 12:29:45: Successfully set airdrop!
29.08.2017 12:29:45: Successfully set airdrop!
29.08.2017 13:29:45: Полное лечение 76561198260476436
29.08.2017 13:29:45: Полное лечение 76561198297629847
29.08.2017 13:29:45: Полное лечение 76561198364915753
29.08.2017 13:29:45: Полное лечение 76561198382461311
29.08.2017 13:29:45: Полное лечение 76561198314902294
29.08.2017 13:35:12: Successfully set time to day!
29.08.2017 14:07:38: Successfully set time to day!
29.08.2017 16:38:49: Полное лечение 76561198314902294
29.08.2017 16:38:49: Полное лечение 76561198361146653
29.08.2017 16:38:49: Полное лечение 76561198396844314
29.08.2017 16:38:49: Полное лечение 76561198391993267
29.08.2017 16:38:49: Полное лечение 76561198384834394
29.08.2017 16:38:49: Полное лечение 76561198297629847
29.08.2017 16:43:16: Successfully set time to day!
29.08.2017 17:16:54: Successfully set time to day!
29.08.2017 17:40:15: Вызван массовый Airdrop (x10)
29.08.2017 17:40:15: Successfully set airdrop!
29.08.2017 17:40:15: Successfully set airdrop!
29.08.2017 17:40:15: Successfully set airdrop!
29.08.2017 17:40:15: Successfully set airdrop!
29.08.2017 17:40:15: Successfully set airdrop!
29.08.2017 17:40:15: Successfully set airdrop!
29.08.2017 17:40:15: Successfully set airdrop!
29.08.2017 17:40:15: Successfully set airdrop!
29.08.2017 17:40:15: Successfully set airdrop!
29.08.2017 17:40:16: Successfully set airdrop!
29.08.2017 19:05:28: Successfully set time to day!
29.08.2017 19:40:22: Полное лечение 76561198396844314
29.08.2017 19:40:22: Полное лечение 76561198260476436
29.08.2017 19:40:22: Полное лечение 76561198415568703
29.08.2017 19:40:22: Полное лечение 76561198416977381
29.08.2017 19:40:22: Полное лечение 76561198391993267
29.08.2017 19:40:22: Полное лечение 76561198384834394
29.08.2017 19:40:22: Полное лечение 76561198364915753
29.08.2017 19:40:22: Полное лечение 76561198061291604
29.08.2017 19:52:43: Successfully set time to day!
29.08.2017 20:30:42: Successfully set time to day!
29.08.2017 22:04:35: Successfully set time to day!
29.08.2017 22:40:33: Вызван массовый Airdrop (x10)
29.08.2017 22:40:33: Полное лечение 76561198260476436
29.08.2017 22:40:33: Полное лечение 76561198391993267
29.08.2017 22:40:33: Полное лечение 76561198242677624
29.08.2017 22:40:33: Полное лечение 76561198397192477
29.08.2017 22:40:33: Полное лечение 76561198361146653
29.08.2017 22:40:33: Полное лечение 76561198286836923
29.08.2017 22:40:33: Полное лечение 76561198382071529
29.08.2017 22:40:33: Полное лечение 76561198271062323
29.08.2017 22:40:33: Полное лечение 76561198396844314
29.08.2017 22:40:33: Полное лечение 76561198378298157
29.08.2017 22:40:33: Полное лечение 76561198262351521
29.08.2017 22:40:33: Полное лечение 76561198341697754
29.08.2017 22:40:33: Полное лечение 76561198164358233
29.08.2017 22:40:33: Successfully set airdrop!
29.08.2017 22:40:33: Successfully set airdrop!
29.08.2017 22:40:33: Successfully set airdrop!
29.08.2017 22:40:33: Successfully set airdrop!
29.08.2017 22:40:33: Successfully set airdrop!
29.08.2017 22:40:33: Successfully set airdrop!
29.08.2017 22:40:33: Successfully set airdrop!
29.08.2017 22:40:33: Successfully set airdrop!
29.08.2017 22:40:33: Successfully set airdrop!
29.08.2017 22:40:34: Successfully set airdrop!
30.08.2017 5:00:33: Вызван массовый Airdrop (x10)
30.08.2017 5:00:33: Successfully set airdrop!
30.08.2017 5:00:33: Successfully set airdrop!
30.08.2017 5:00:33: Successfully set airdrop!
30.08.2017 5:00:34: Successfully set airdrop!
30.08.2017 5:00:34: Successfully set airdrop!
30.08.2017 5:00:34: Successfully set airdrop!
30.08.2017 5:00:34: Successfully set airdrop!
30.08.2017 5:00:34: Successfully set airdrop!
30.08.2017 5:00:34: Successfully set airdrop!
30.08.2017 5:00:34: Successfully set airdrop!
30.08.2017 9:00:37: Полное лечение 76561198415675598
30.08.2017 9:00:37: Полное лечение 76561198297629847
30.08.2017 9:00:37: Полное лечение 76561198341697754
30.08.2017 9:39:00: Successfully set time to day!
30.08.2017 10:00:38: Вызван массовый Airdrop (x10)
30.08.2017 10:00:38: Successfully set airdrop!
30.08.2017 10:00:38: Successfully set airdrop!
30.08.2017 10:00:39: Successfully set airdrop!
30.08.2017 10:00:39: Successfully set airdrop!
30.08.2017 10:00:39: Successfully set airdrop!
30.08.2017 10:00:39: Successfully set airdrop!
30.08.2017 10:00:39: Successfully set airdrop!
30.08.2017 10:00:39: Successfully set airdrop!
30.08.2017 10:00:39: Successfully set airdrop!
30.08.2017 10:00:39: Successfully set airdrop!
30.08.2017 10:15:25: Successfully set time to day!
30.08.2017 10:48:03: Successfully set time to day!
30.08.2017 11:20:41: Successfully set time to day!
30.08.2017 11:52:57: Successfully set time to day!
30.08.2017 12:01:50: Полное лечение 76561198415675598
30.08.2017 12:01:50: Полное лечение 76561198297629847
30.08.2017 12:01:50: Полное лечение 76561198392163242
30.08.2017 12:01:50: Полное лечение 76561198391626023
30.08.2017 12:01:50: Полное лечение 76561198382461311
30.08.2017 14:25:35: Successfully set time to day!
30.08.2017 15:02:42: Вызван массовый Airdrop (x10)
30.08.2017 15:02:42: Полное лечение 76561198397192477
30.08.2017 15:02:42: Полное лечение 76561198152563082
30.08.2017 15:02:42: Полное лечение 76561198260476436
30.08.2017 15:02:42: Полное лечение 76561198380001333
30.08.2017 15:02:42: Successfully set airdrop!
30.08.2017 15:02:43: Successfully set airdrop!
30.08.2017 15:02:43: Successfully set airdrop!
30.08.2017 15:02:43: Successfully set airdrop!
30.08.2017 15:02:43: Successfully set airdrop!
30.08.2017 15:02:43: Successfully set airdrop!
30.08.2017 15:02:43: Successfully set airdrop!
30.08.2017 15:02:43: Successfully set airdrop!
30.08.2017 15:02:43: Successfully set airdrop!
30.08.2017 15:02:43: Successfully set airdrop!
30.08.2017 15:47:09: Successfully gave КАК?! 4 x1!
30.08.2017 18:05:08: Полное лечение 76561198061291604
30.08.2017 18:05:08: Полное лечение 76561198415675598
30.08.2017 18:05:08: Полное лечение 76561198326443621
30.08.2017 18:05:08: Полное лечение 76561198393742391
30.08.2017 18:05:08: Полное лечение 76561198235777180
30.08.2017 20:05:52: Вызван массовый Airdrop (x10)
30.08.2017 20:05:52: Successfully set airdrop!
30.08.2017 20:05:52: Successfully set airdrop!
30.08.2017 20:05:52: Successfully set airdrop!
30.08.2017 20:05:52: Successfully set airdrop!
30.08.2017 20:05:52: Successfully set airdrop!
30.08.2017 20:05:52: Successfully set airdrop!
30.08.2017 20:05:52: Successfully set airdrop!
30.08.2017 20:05:52: Successfully set airdrop!
30.08.2017 20:05:52: Successfully set airdrop!
30.08.2017 20:05:53: Successfully set airdrop!
30.08.2017 21:05:56: Полное лечение 76561198341697754
30.08.2017 21:05:56: Полное лечение 76561198396844314
30.08.2017 21:05:56: Полное лечение 76561198110372224
30.08.2017 21:05:56: Полное лечение 76561198391993267
30.08.2017 21:05:56: Полное лечение 76561198410431399
30.08.2017 21:05:56: Полное лечение 76561198392163242
31.08.2017 5:00:19: Вызван массовый Airdrop (x10)
31.08.2017 5:00:19: Successfully set airdrop!
31.08.2017 5:00:19: Successfully set airdrop!
31.08.2017 5:00:19: Successfully set airdrop!
31.08.2017 5:00:19: Successfully set airdrop!
31.08.2017 5:00:19: Successfully set airdrop!
31.08.2017 5:00:20: Successfully set airdrop!
31.08.2017 5:00:20: Successfully set airdrop!
31.08.2017 5:00:20: Successfully set airdrop!
31.08.2017 5:00:20: Successfully set airdrop!
31.08.2017 5:00:20: Successfully set airdrop!
31.08.2017 10:00:47: Вызван массовый Airdrop (x10)
31.08.2017 10:00:47: Successfully set airdrop!
31.08.2017 10:00:48: Successfully set airdrop!
31.08.2017 10:00:48: Successfully set airdrop!
31.08.2017 10:00:48: Successfully set airdrop!
31.08.2017 10:00:48: Successfully set airdrop!
31.08.2017 10:00:48: Successfully set airdrop!
31.08.2017 10:00:48: Successfully set airdrop!
31.08.2017 10:00:48: Successfully set airdrop!
31.08.2017 10:00:48: Successfully set airdrop!
31.08.2017 10:00:48: Successfully set airdrop!
31.08.2017 12:23:18: Successfully saved the game.
31.08.2017 13:08:01: Successfully set time to day!
31.08.2017 13:51:59: Successfully saved the game.
31.08.2017 15:02:07: Вызван массовый Airdrop (x10)
31.08.2017 16:41:21: Successfully set time to day!
31.08.2017 17:15:39: Successfully set time to day!
31.08.2017 20:02:17: Вызван массовый Airdrop (x10)
31.08.2017 20:02:17: Successfully set airdrop!
31.08.2017 20:02:17: Successfully set airdrop!
31.08.2017 20:02:17: Successfully set airdrop!
31.08.2017 20:02:17: Successfully set airdrop!
31.08.2017 20:02:17: Successfully set airdrop!
31.08.2017 20:02:17: Successfully set airdrop!
31.08.2017 20:02:18: Successfully set airdrop!
31.08.2017 20:02:18: Successfully set airdrop!
31.08.2017 20:02:18: Successfully set airdrop!
31.08.2017 20:02:18: Successfully set airdrop!
31.08.2017 21:02:17: Полное лечение 76561198300547291
01.09.2017 5:00:05: Вызван массовый Airdrop (x10)
01.09.2017 5:00:05: Successfully set airdrop!
01.09.2017 5:00:05: Successfully set airdrop!
01.09.2017 5:00:05: Successfully set airdrop!
01.09.2017 5:00:05: Successfully set airdrop!
01.09.2017 5:00:05: Successfully set airdrop!
01.09.2017 5:00:05: Successfully set airdrop!
01.09.2017 5:00:06: Successfully set airdrop!
01.09.2017 5:00:06: Successfully set airdrop!
01.09.2017 5:00:06: Successfully set airdrop!
01.09.2017 5:00:06: Successfully set airdrop!
01.09.2017 9:02:03: Successfully saved the game.
01.09.2017 10:00:16: Вызван массовый Airdrop (x10)
01.09.2017 13:39:56: Вызван массовый Airdrop (x10)
01.09.2017 13:39:56: Successfully set airdrop!
01.09.2017 13:39:56: Successfully set airdrop!
01.09.2017 13:39:56: Successfully set airdrop!
01.09.2017 13:39:56: Successfully set airdrop!
01.09.2017 13:39:56: Successfully set airdrop!
01.09.2017 13:39:56: Successfully set airdrop!
01.09.2017 13:39:56: Successfully set airdrop!
01.09.2017 13:39:56: Successfully set airdrop!
01.09.2017 13:39:57: Successfully set airdrop!
01.09.2017 13:39:57: Successfully set airdrop!
01.09.2017 15:03:03: Вызван массовый Airdrop (x10)
01.09.2017 15:03:03: Полное лечение 76561198366366667
01.09.2017 15:03:03: Полное лечение 76561198373241110
01.09.2017 15:03:03: Полное лечение 76561198391993267
01.09.2017 15:03:03: Полное лечение 76561198396844314
01.09.2017 15:03:03: Successfully set airdrop!
01.09.2017 15:03:04: Successfully set airdrop!
01.09.2017 15:03:04: Successfully set airdrop!
01.09.2017 15:03:04: Successfully set airdrop!
01.09.2017 15:03:04: Successfully set airdrop!
01.09.2017 15:03:04: Successfully set airdrop!
01.09.2017 15:03:04: Successfully set airdrop!
01.09.2017 15:03:04: Successfully set airdrop!
01.09.2017 15:03:04: Successfully set airdrop!
01.09.2017 15:03:04: Successfully set airdrop!
01.09.2017 16:03:56: Failed to find parameters in format [Text]/[R]/[G]/[B].
01.09.2017 18:04:57: Полное лечение 76561198326443621
01.09.2017 18:04:57: Полное лечение 76561198297629847
01.09.2017 18:04:57: Полное лечение 76561198415675598
01.09.2017 18:04:58: Полное лечение 76561198245002892
01.09.2017 18:04:58: Полное лечение 76561198294461439
01.09.2017 18:04:58: Полное лечение 76561198053936413
01.09.2017 18:04:58: Полное лечение 76561198276694340
01.09.2017 18:21:09: Successfully set time to day!
01.09.2017 19:06:27: Successfully set time to day!
01.09.2017 19:41:44: Successfully set time to day!
01.09.2017 20:05:13: Вызван массовый Airdrop (x10)
01.09.2017 20:05:13: Successfully set airdrop!
01.09.2017 20:05:13: Successfully set airdrop!
01.09.2017 20:05:13: Successfully set airdrop!
01.09.2017 20:05:13: Successfully set airdrop!
01.09.2017 20:05:13: Successfully set airdrop!
01.09.2017 20:05:13: Successfully set airdrop!
01.09.2017 20:05:13: Successfully set airdrop!
01.09.2017 20:05:13: Successfully set airdrop!
01.09.2017 20:05:13: Successfully set airdrop!
01.09.2017 20:05:14: Successfully set airdrop!
01.09.2017 20:14:23: Successfully set time to day!
01.09.2017 20:45:54: Successfully set time to day!
01.09.2017 21:05:15: Полное лечение 76561198366366667
01.09.2017 21:05:15: Полное лечение 76561198411871785
01.09.2017 21:05:15: Полное лечение 76561198300547291
01.09.2017 21:05:15: Полное лечение 76561198418983942
01.09.2017 21:05:15: Полное лечение 76561198411552637
01.09.2017 21:05:15: Полное лечение 76561198152563082
01.09.2017 21:05:15: Полное лечение 76561198297629847
01.09.2017 21:05:15: Полное лечение 76561198137518896
01.09.2017 21:05:15: Полное лечение 76561198373241110
01.09.2017 21:05:15: Полное лечение 76561198398512684
01.09.2017 21:05:15: Полное лечение 76561198054082868
01.09.2017 21:05:15: Полное лечение 76561198326098988
01.09.2017 21:23:58: Successfully set time to day!
01.09.2017 22:49:47: Successfully set time to day!
02.09.2017 4:00:53: Вызван массовый Airdrop (x10)
02.09.2017 4:00:53: Successfully set airdrop!
02.09.2017 4:00:53: Successfully set airdrop!
02.09.2017 4:00:53: Successfully set airdrop!
02.09.2017 4:00:53: Successfully set airdrop!
02.09.2017 4:00:53: Successfully set airdrop!
02.09.2017 4:00:53: Successfully set airdrop!
02.09.2017 4:00:54: Successfully set airdrop!
02.09.2017 4:00:54: Successfully set airdrop!
02.09.2017 4:00:54: Successfully set airdrop!
02.09.2017 4:00:54: Successfully set airdrop!
02.09.2017 8:00:53: Вызван массовый Airdrop (x10)
02.09.2017 8:00:53: Successfully set airdrop!
02.09.2017 8:00:53: Successfully set airdrop!
02.09.2017 8:00:53: Successfully set airdrop!
02.09.2017 8:00:53: Successfully set airdrop!
02.09.2017 8:00:53: Successfully set airdrop!
02.09.2017 8:00:53: Successfully set airdrop!
02.09.2017 8:00:54: Successfully set airdrop!
02.09.2017 8:00:54: Successfully set airdrop!
02.09.2017 8:00:54: Successfully set airdrop!
02.09.2017 8:00:54: Successfully set airdrop!
02.09.2017 10:54:41: Successfully saved the game.
02.09.2017 10:54:52: Successfully saved the game.
02.09.2017 10:56:35: Вызван Airdrop
02.09.2017 10:56:35: Successfully set airdrop!
02.09.2017 10:56:35: Вызван Airdrop
02.09.2017 10:56:35: Successfully set airdrop!
02.09.2017 10:56:35: Вызван Airdrop
02.09.2017 10:56:35: Successfully set airdrop!
02.09.2017 12:01:02: Вызван массовый Airdrop (x10)
02.09.2017 12:01:02: Successfully set airdrop!
02.09.2017 12:01:02: Successfully set airdrop!
02.09.2017 12:01:02: Successfully set airdrop!
02.09.2017 12:01:02: Successfully set airdrop!
02.09.2017 12:01:02: Successfully set airdrop!
02.09.2017 12:01:03: Successfully set airdrop!
02.09.2017 12:01:03: Successfully set airdrop!
02.09.2017 12:01:03: Successfully set airdrop!
02.09.2017 12:01:03: Successfully set airdrop!
02.09.2017 12:01:03: Successfully set airdrop!
02.09.2017 12:48:15: Successfully set time to day!
02.09.2017 16:01:18: Successfully gave egorka.snigirev 1440 x1!
02.09.2017 16:01:50: Вызван массовый Airdrop (x10)
02.09.2017 16:01:50: Successfully set airdrop!
02.09.2017 16:01:51: Successfully set airdrop!
02.09.2017 16:01:51: Successfully set airdrop!
02.09.2017 16:01:51: Successfully set airdrop!
02.09.2017 16:01:51: Successfully set airdrop!
02.09.2017 16:01:51: Successfully set airdrop!
02.09.2017 16:01:51: Successfully set airdrop!
02.09.2017 16:01:51: Successfully set airdrop!
02.09.2017 16:01:51: Successfully set airdrop!
02.09.2017 16:01:51: Successfully set airdrop!
02.09.2017 16:38:57: Successfully set time to day!
02.09.2017 17:11:36: Successfully set time to day!
02.09.2017 20:02:02: Вызван массовый Airdrop (x10)
02.09.2017 20:02:02: Successfully set airdrop!
02.09.2017 20:02:02: Successfully set airdrop!
02.09.2017 20:02:02: Successfully set airdrop!
02.09.2017 20:02:02: Successfully set airdrop!
02.09.2017 20:02:02: Successfully set airdrop!
02.09.2017 20:02:02: Successfully set airdrop!
02.09.2017 20:02:02: Successfully set airdrop!
02.09.2017 20:02:02: Successfully set airdrop!
02.09.2017 20:02:03: Successfully set airdrop!
02.09.2017 20:02:03: Successfully set airdrop!
02.09.2017 22:18:57: Successfully saved the game.
02.09.2017 22:19:15: Successfully saved the game.
03.09.2017 3:00:08: Полное лечение 76561198397192477
03.09.2017 3:00:08: Полное лечение 76561198151655003
03.09.2017 5:00:08: Вызван массовый Airdrop (x10)
03.09.2017 6:00:08: Полное лечение 76561198397192477
03.09.2017 6:00:08: Полное лечение 76561198151655003
03.09.2017 9:00:08: Полное лечение 76561198397192477
03.09.2017 9:00:09: Полное лечение 76561198151655003
03.09.2017 10:00:09: Вызван массовый Airdrop (x10)
03.09.2017 12:00:11: Полное лечение 76561198397192477
03.09.2017 12:00:11: Полное лечение 76561198151655003
03.09.2017 12:49:17: Вызван массовый Airdrop (x10)
03.09.2017 12:49:17: Successfully set airdrop!
03.09.2017 12:49:17: Successfully set airdrop!
03.09.2017 12:49:18: Successfully set airdrop!
03.09.2017 12:49:18: Successfully set airdrop!
03.09.2017 12:49:18: Successfully set airdrop!
03.09.2017 12:49:18: Successfully set airdrop!
03.09.2017 12:49:18: Successfully set airdrop!
03.09.2017 12:49:18: Successfully set airdrop!
03.09.2017 12:49:18: Successfully set airdrop!
03.09.2017 12:49:18: Successfully set airdrop!
03.09.2017 12:50:15: Установлена/убрана пасмурная погода
03.09.2017 12:51:31: Вызван массовый Airdrop (x10)
03.09.2017 12:51:31: Successfully set airdrop!
03.09.2017 12:51:31: Successfully set airdrop!
03.09.2017 12:51:32: Successfully set airdrop!
03.09.2017 12:51:32: Successfully set airdrop!
03.09.2017 12:51:32: Successfully set airdrop!
03.09.2017 12:51:32: Successfully set airdrop!
03.09.2017 12:51:32: Successfully set airdrop!
03.09.2017 12:51:32: Successfully set airdrop!
03.09.2017 12:51:32: Successfully set airdrop!
03.09.2017 12:51:32: Successfully set airdrop!
03.09.2017 12:51:45: Полное лечение 76561198297629847
03.09.2017 12:51:45: Полное лечение 76561198404616935
03.09.2017 12:51:45: Полное лечение 76561198415675598
03.09.2017 12:51:45: Полное лечение 76561198294461439
03.09.2017 12:51:45: Полное лечение 76561198198774505
03.09.2017 12:51:45: Полное лечение 76561198276694340
03.09.2017 12:51:45: Полное лечение 76561198135268874
03.09.2017 12:51:45: Полное лечение 76561198352109146
03.09.2017 13:19:41: Successfully set time to day!
03.09.2017 13:50:59: Successfully set time to day!
03.09.2017 13:51:04: Successfully set time to night!
03.09.2017 13:51:21: Successfully set time to day!
03.09.2017 14:24:31: Successfully set time to day!
03.09.2017 15:01:07: Вызван массовый Airdrop (x10)
03.09.2017 15:01:07: Полное лечение 76561198411552637
03.09.2017 15:01:07: Полное лечение 76561198409285772
03.09.2017 15:01:07: Полное лечение 76561198400648085
03.09.2017 15:01:07: Полное лечение 76561198374693127
03.09.2017 15:01:07: Полное лечение 76561198397192477
03.09.2017 15:01:07: Полное лечение 76561198169816331
03.09.2017 15:01:07: Полное лечение 76561198157226338
03.09.2017 15:01:07: Successfully set airdrop!
03.09.2017 15:01:07: Successfully set airdrop!
03.09.2017 15:01:07: Successfully set airdrop!
03.09.2017 15:01:07: Successfully set airdrop!
03.09.2017 15:01:07: Successfully set airdrop!
03.09.2017 15:01:07: Successfully set airdrop!
03.09.2017 15:01:08: Successfully set airdrop!
03.09.2017 15:01:08: Successfully set airdrop!
03.09.2017 15:01:08: Successfully set airdrop!
03.09.2017 15:01:08: Successfully set airdrop!
03.09.2017 15:18:49: Failed to find parameters in format [Text]/[R]/[G]/[B].
03.09.2017 15:19:16: Failed to find parameters in format [Text]/[R]/[G]/[B].
03.09.2017 15:57:04: Successfully set time to day!
03.09.2017 16:32:25: Successfully set time to day!
03.09.2017 17:46:02: Failed to find parameters in format [Text]/[R]/[G]/[B].
03.09.2017 20:02:40: Вызван массовый Airdrop (x10)
03.09.2017 20:02:40: Successfully set airdrop!
03.09.2017 20:02:41: Successfully set airdrop!
03.09.2017 20:02:41: Successfully set airdrop!
03.09.2017 20:02:41: Successfully set airdrop!
03.09.2017 20:02:41: Successfully set airdrop!
03.09.2017 20:02:41: Successfully set airdrop!
03.09.2017 20:02:41: Successfully set airdrop!
03.09.2017 20:02:41: Successfully set airdrop!
03.09.2017 20:02:41: Successfully set airdrop!
03.09.2017 20:02:41: Successfully set airdrop!
03.09.2017 21:02:41: Полное лечение 76561198276694340
04.09.2017 5:00:00: Вызван массовый Airdrop (x10)
04.09.2017 5:00:00: Successfully set airdrop!
04.09.2017 5:00:00: Successfully set airdrop!
04.09.2017 5:00:00: Successfully set airdrop!
04.09.2017 5:00:00: Successfully set airdrop!
04.09.2017 5:00:01: Successfully set airdrop!
04.09.2017 5:00:01: Successfully set airdrop!
04.09.2017 5:00:01: Successfully set airdrop!
04.09.2017 5:00:01: Successfully set airdrop!
04.09.2017 5:00:01: Successfully set airdrop!
04.09.2017 5:00:01: Successfully set airdrop!
04.09.2017 10:00:06: Вызван массовый Airdrop (x10)
04.09.2017 10:00:06: Successfully set airdrop!
04.09.2017 10:00:07: Successfully set airdrop!
04.09.2017 10:00:07: Successfully set airdrop!
04.09.2017 10:00:07: Successfully set airdrop!
04.09.2017 10:00:07: Successfully set airdrop!
04.09.2017 10:00:07: Successfully set airdrop!
04.09.2017 10:00:07: Successfully set airdrop!
04.09.2017 10:00:07: Successfully set airdrop!
04.09.2017 10:00:07: Successfully set airdrop!
04.09.2017 10:00:07: Successfully set airdrop!
04.09.2017 15:00:42: Вызван массовый Airdrop (x10)
04.09.2017 15:00:42: Полное лечение 76561198281930928
04.09.2017 15:00:42: Successfully set airdrop!
04.09.2017 15:00:43: Successfully set airdrop!
04.09.2017 15:00:43: Successfully set airdrop!
04.09.2017 15:00:43: Successfully set airdrop!
04.09.2017 15:00:43: Successfully set airdrop!
04.09.2017 15:00:43: Successfully set airdrop!
04.09.2017 15:00:43: Successfully set airdrop!
04.09.2017 15:00:43: Successfully set airdrop!
04.09.2017 15:00:43: Successfully set airdrop!
04.09.2017 15:00:43: Successfully set airdrop!
04.09.2017 16:36:12: Successfully saved the game.
04.09.2017 17:05:17: Successfully set time to day!
04.09.2017 17:44:13: Successfully set time to day!
04.09.2017 18:01:02: Полное лечение 76561198276694340
04.09.2017 18:01:02: Полное лечение 76561198397192477
04.09.2017 18:01:02: Полное лечение 76561198297629847
04.09.2017 18:18:36: Successfully set time to day!
04.09.2017 18:59:33: Successfully set time to day!
04.09.2017 20:01:10: Вызван массовый Airdrop (x10)
04.09.2017 20:01:10: Successfully set airdrop!
04.09.2017 20:01:11: Successfully set airdrop!
04.09.2017 20:01:11: Successfully set airdrop!
04.09.2017 20:01:11: Successfully set airdrop!
04.09.2017 20:01:11: Successfully set airdrop!
04.09.2017 20:01:11: Successfully set airdrop!
04.09.2017 20:01:11: Successfully set airdrop!
04.09.2017 20:01:11: Successfully set airdrop!
04.09.2017 20:01:11: Successfully set airdrop!
04.09.2017 20:01:11: Successfully set airdrop!
04.09.2017 21:01:12: Полное лечение 76561198300547291
04.09.2017 21:01:12: Полное лечение 76561198254403604
04.09.2017 21:01:12: Полное лечение 76561198184868331
04.09.2017 21:01:12: Полное лечение 76561198214539215
04.09.2017 21:01:12: Полное лечение 76561198294461439
05.09.2017 3:40:35: Вызван массовый Airdrop (x10)
05.09.2017 3:40:35: Successfully set airdrop!
05.09.2017 3:40:36: Successfully set airdrop!
05.09.2017 3:40:36: Successfully set airdrop!
05.09.2017 3:40:36: Successfully set airdrop!
05.09.2017 3:40:36: Successfully set airdrop!
05.09.2017 3:40:36: Successfully set airdrop!
05.09.2017 3:40:36: Successfully set airdrop!
05.09.2017 3:40:36: Successfully set airdrop!
05.09.2017 3:40:36: Successfully set airdrop!
05.09.2017 3:40:36: Successfully set airdrop!
05.09.2017 8:41:27: Вызван массовый Airdrop (x10)
05.09.2017 8:41:27: Successfully set airdrop!
05.09.2017 8:41:27: Successfully set airdrop!
05.09.2017 8:41:28: Successfully set airdrop!
05.09.2017 8:41:28: Successfully set airdrop!
05.09.2017 8:41:28: Successfully set airdrop!
05.09.2017 8:41:28: Successfully set airdrop!
05.09.2017 8:41:28: Successfully set airdrop!
05.09.2017 8:41:28: Successfully set airdrop!
05.09.2017 8:41:28: Successfully set airdrop!
05.09.2017 8:41:28: Successfully set airdrop!
05.09.2017 13:42:05: Вызван массовый Airdrop (x10)
05.09.2017 13:42:05: Полное лечение 76561198415675598
05.09.2017 13:42:05: Полное лечение 76561198404616935
05.09.2017 13:42:05: Successfully set airdrop!
05.09.2017 13:42:05: Successfully set airdrop!
05.09.2017 13:42:06: Successfully set airdrop!
05.09.2017 13:42:06: Successfully set airdrop!
05.09.2017 13:42:06: Successfully set airdrop!
05.09.2017 13:42:06: Successfully set airdrop!
05.09.2017 13:42:06: Successfully set airdrop!
05.09.2017 13:42:06: Successfully set airdrop!
05.09.2017 13:42:06: Successfully set airdrop!
05.09.2017 13:42:06: Successfully set airdrop!
05.09.2017 16:42:16: Полное лечение 76561198418216628
05.09.2017 16:42:16: Полное лечение 76561198326443621
05.09.2017 17:31:55: Successfully set time to day!
05.09.2017 18:42:25: Вызван массовый Airdrop (x10)
05.09.2017 18:42:25: Successfully set airdrop!
05.09.2017 18:42:25: Successfully set airdrop!
05.09.2017 18:42:26: Successfully set airdrop!
05.09.2017 18:42:26: Successfully set airdrop!
05.09.2017 18:42:26: Successfully set airdrop!
05.09.2017 18:42:26: Successfully set airdrop!
05.09.2017 18:42:26: Successfully set airdrop!
05.09.2017 18:42:26: Successfully set airdrop!
05.09.2017 18:42:26: Successfully set airdrop!
05.09.2017 18:42:26: Successfully set airdrop!
05.09.2017 19:42:27: Полное лечение 76561198300547291
05.09.2017 22:42:47: Полное лечение 76561198300547291
05.09.2017 23:42:47: Вызван массовый Airdrop (x10)
05.09.2017 23:42:47: Successfully set airdrop!
05.09.2017 23:42:47: Successfully set airdrop!
05.09.2017 23:42:48: Successfully set airdrop!
05.09.2017 23:42:48: Successfully set airdrop!
05.09.2017 23:42:48: Successfully set airdrop!
05.09.2017 23:42:48: Successfully set airdrop!
05.09.2017 23:42:48: Successfully set airdrop!
05.09.2017 23:42:48: Successfully set airdrop!
05.09.2017 23:42:48: Successfully set airdrop!
05.09.2017 23:42:48: Successfully set airdrop!
06.09.2017 0:06:22: Полное лечение 76561198300547291
06.09.2017 0:06:22: Полное лечение 76561198276694340
06.09.2017 0:06:22: Полное лечение 76561198224336476
06.09.2017 0:06:22: Полное лечение 76561198206272213
06.09.2017 0:06:22: Полное лечение 76561198291918788
06.09.2017 1:06:22: Вызван массовый Airdrop (x10)
06.09.2017 1:06:22: Successfully set airdrop!
06.09.2017 1:06:22: Successfully set airdrop!
06.09.2017 1:06:22: Successfully set airdrop!
06.09.2017 1:06:23: Successfully set airdrop!
06.09.2017 1:06:23: Successfully set airdrop!
06.09.2017 1:06:23: Successfully set airdrop!
06.09.2017 1:06:23: Successfully set airdrop!
06.09.2017 1:06:23: Successfully set airdrop!
06.09.2017 1:06:23: Successfully set airdrop!
06.09.2017 1:06:23: Successfully set airdrop!
06.09.2017 6:06:22: Вызван массовый Airdrop (x10)
06.09.2017 6:06:22: Successfully set airdrop!
06.09.2017 6:06:22: Successfully set airdrop!
06.09.2017 6:06:22: Successfully set airdrop!
06.09.2017 6:06:23: Successfully set airdrop!
06.09.2017 6:06:23: Successfully set airdrop!
06.09.2017 6:06:23: Successfully set airdrop!
06.09.2017 6:06:23: Successfully set airdrop!
06.09.2017 6:06:23: Successfully set airdrop!
06.09.2017 6:06:23: Successfully set airdrop!
06.09.2017 6:06:23: Successfully set airdrop!
06.09.2017 9:06:24: Полное лечение 76561198297629847
06.09.2017 11:06:29: Вызван массовый Airdrop (x10)
06.09.2017 11:06:29: Successfully set airdrop!
06.09.2017 11:06:29: Successfully set airdrop!
06.09.2017 11:06:29: Successfully set airdrop!
06.09.2017 11:06:30: Successfully set airdrop!
06.09.2017 11:06:30: Successfully set airdrop!
06.09.2017 11:06:30: Successfully set airdrop!
06.09.2017 11:06:30: Successfully set airdrop!
06.09.2017 11:06:30: Successfully set airdrop!
06.09.2017 11:06:30: Successfully set airdrop!
06.09.2017 11:06:30: Successfully set airdrop!
06.09.2017 16:06:57: Вызван массовый Airdrop (x10)
06.09.2017 16:06:57: Successfully set airdrop!
06.09.2017 16:06:57: Successfully set airdrop!
06.09.2017 16:06:57: Successfully set airdrop!
06.09.2017 16:06:58: Successfully set airdrop!
06.09.2017 16:06:58: Successfully set airdrop!
06.09.2017 16:06:58: Successfully set airdrop!
06.09.2017 16:06:58: Successfully set airdrop!
06.09.2017 16:06:58: Successfully set airdrop!
06.09.2017 16:06:58: Successfully set airdrop!
06.09.2017 16:06:58: Successfully set airdrop!
06.09.2017 17:08:35: Successfully set time to day!
06.09.2017 17:32:21: Вызван массовый Airdrop (x10)
06.09.2017 17:32:21: Successfully set airdrop!
06.09.2017 17:32:21: Successfully set airdrop!
06.09.2017 17:32:21: Successfully set airdrop!
06.09.2017 17:32:21: Successfully set airdrop!
06.09.2017 17:32:21: Successfully set airdrop!
06.09.2017 17:32:21: Successfully set airdrop!
06.09.2017 17:32:22: Successfully set airdrop!
06.09.2017 17:32:22: Successfully set airdrop!
06.09.2017 17:32:22: Successfully set airdrop!
06.09.2017 17:32:22: Successfully set airdrop!
06.09.2017 21:07:19: Вызван массовый Airdrop (x10)
06.09.2017 21:07:19: Полное лечение 76561198276694340
06.09.2017 21:07:19: Successfully set airdrop!
06.09.2017 21:07:19: Successfully set airdrop!
06.09.2017 21:07:19: Successfully set airdrop!
06.09.2017 21:07:20: Successfully set airdrop!
06.09.2017 21:07:20: Successfully set airdrop!
06.09.2017 21:07:20: Successfully set airdrop!
06.09.2017 21:07:20: Successfully set airdrop!
06.09.2017 21:07:20: Successfully set airdrop!
06.09.2017 21:07:20: Successfully set airdrop!
06.09.2017 21:07:20: Successfully set airdrop!
07.09.2017 0:02:32: Полное лечение 76561198276694340
07.09.2017 0:02:32: Полное лечение 76561198291918788
07.09.2017 0:02:32: Полное лечение 76561198206272213
07.09.2017 1:02:32: Вызван массовый Airdrop (x10)
07.09.2017 1:02:32: Successfully set airdrop!
07.09.2017 1:02:32: Successfully set airdrop!
07.09.2017 1:02:32: Successfully set airdrop!
07.09.2017 1:02:32: Successfully set airdrop!
07.09.2017 1:02:33: Successfully set airdrop!
07.09.2017 1:02:33: Successfully set airdrop!
07.09.2017 1:02:33: Successfully set airdrop!
07.09.2017 1:02:33: Successfully set airdrop!
07.09.2017 1:02:33: Successfully set airdrop!
07.09.2017 1:02:33: Successfully set airdrop!
07.09.2017 6:02:33: Вызван массовый Airdrop (x10)
07.09.2017 6:02:33: Successfully set airdrop!
07.09.2017 6:02:33: Successfully set airdrop!
07.09.2017 6:02:33: Successfully set airdrop!
07.09.2017 6:02:33: Successfully set airdrop!
07.09.2017 6:02:34: Successfully set airdrop!
07.09.2017 6:02:34: Successfully set airdrop!
07.09.2017 6:02:34: Successfully set airdrop!
07.09.2017 6:02:34: Successfully set airdrop!
07.09.2017 6:02:34: Successfully set airdrop!
07.09.2017 6:02:34: Successfully set airdrop!
07.09.2017 11:03:01: Вызван массовый Airdrop (x10)
07.09.2017 11:03:01: Successfully set airdrop!
07.09.2017 11:03:01: Successfully set airdrop!
07.09.2017 11:03:01: Successfully set airdrop!
07.09.2017 11:03:01: Successfully set airdrop!
07.09.2017 11:03:02: Successfully set airdrop!
07.09.2017 11:03:02: Successfully set airdrop!
07.09.2017 11:03:02: Successfully set airdrop!
07.09.2017 11:03:02: Successfully set airdrop!
07.09.2017 11:03:02: Successfully set airdrop!
07.09.2017 11:03:02: Successfully set airdrop!
07.09.2017 14:43:38: Вызван массовый Airdrop (x10)
07.09.2017 14:43:38: Successfully set airdrop!
07.09.2017 14:43:39: Successfully set airdrop!
07.09.2017 14:43:39: Successfully set airdrop!
07.09.2017 14:43:39: Successfully set airdrop!
07.09.2017 14:43:39: Successfully set airdrop!
07.09.2017 14:43:39: Successfully set airdrop!
07.09.2017 14:43:39: Successfully set airdrop!
07.09.2017 14:43:39: Successfully set airdrop!
07.09.2017 14:43:39: Successfully set airdrop!
07.09.2017 14:43:39: Successfully set airdrop!
