Не обработано: RocketRcon v2.4.8.0
RocketRcon v2.4.8.0

Client has executed command "players"

TimerTerminateCommand.Enabled with Players:
Players:
PlayerID: 76561198140053978 Name: 7_AleX_3 Character: 7_AleX_3 Ping: 42
PlayerID: 76561198314140913 Name: DireHick Character: JeffRee Ping: 39
PlayerID: 76561198280617288 Name: Незнаю какой придумать Character: Пипр Ping: 58
PlayerID: 76561198256523318 Name: baha Character: baha Ping: 74
PlayerID: 76561198176817369 Name: ?. Character: GlodiS Ping: 66
PlayerID: 76561198357648706 Name: lessik1210 Character: Griman18 Ping: 46
PlayerID: 76561198366549870 Name: Expert13372284200 Character: Expert1337 Ping: 140
PlayerID: 76561198295801599 Name: Lo[x] Character: Lo[x] Ping: 54
PlayerID: 76561198276840558 Name: Котик ^-^ Character: kennys Ping: 148
PlayerID: 76561198322193999 Name: ™_Game®_™ Character: Карл Иванович Ping: 50
PlayerID: 76561198200101595 Name: NEVALYASHA Character: Nevalyasha4 Ping: 156
PlayerID: 76561198177243258 Name: garfield2016 Character: rubi Ping: 66
PlayerID: 76561198262878051 Name: Kolder Character: Kolder Ping: 50
PlayerID: 76561198287257345 Name: TheHard27 Character: TheHard27 Ping: 167
PlayerID: 76561198130434614 Name: ZH3K4 Character: ZH3K4 Ping: 66

END with Players:
TimerTerminateCommand.Enabled with Bans:
Client has executed command "bans"
Bans:
PlayerID: 123123

TimerTerminateCommand.Enabled with Bans:
JudgeID: 0
Reason: unspecified Duration: 31536000 Remaining: 31459577
PlayerID: 123
JudgeID: 0
Reason: durila Duration: 4000 Remaining: 4294895371
PlayerID: 76561198274427357
JudgeID: 0
Reason: you were vote kicked Duration: 180 Remaining: 4294923744

END with Bans:
[Area] Nevalyasha4 [NEVALYASHA]: "отдай мои вещи"

[Area] Nevalyasha4 [NEVALYASHA]: "скажи"

[Area] kennys [Котик ^-^]: "к моей пухе"

[Area] Пипр [Незнаю какой придумать]: "На нее?"

