15.08.2017 9:29:18: NBK был съеден зомби! 
15.08.2017 10:07:23: danil_gatiev истЄк кровью!
15.08.2017 10:22:35: danil_gatiev был съеден зомби! 
15.08.2017 10:28:14: MRDIMOND был съеден зомби! 
15.08.2017 10:28:45: MRDIMOND совершил суецид!
15.08.2017 10:49:07: MRDIMOND был съеден зомби! 
15.08.2017 10:52:29: MRDIMOND был съеден зомби! 
15.08.2017 10:53:15: MRDIMOND совершил суецид!
15.08.2017 10:53:22: MRDIMOND совершил суецид!
15.08.2017 10:58:21: denis.nagorniy380979883801 был съеден зомби! 
15.08.2017 11:02:44: Ghozt совершил суецид!
15.08.2017 11:10:56: Janusz был съеден зомби! 
15.08.2017 11:11:09: denis.nagorniy380979883801 был убит плювальщиком!
15.08.2017 11:12:02: Janusz был съеден зомби! 
15.08.2017 11:18:55: Janusz был съеден зомби! 
15.08.2017 13:50:54: Nyan Bread died of holding his breath for too long!
15.08.2017 14:19:41: Hunter_RUS истЄк кровью!
15.08.2017 14:31:56: Hunter_RUS был съеден зомби! 
15.08.2017 14:34:30: Hunter_RUS был съеден зомби! 
15.08.2017 14:34:56: Hunter_RUS совершил суецид!
15.08.2017 14:42:27: Hunter_RUS был съеден зомби! 
15.08.2017 14:42:43: [вольный сталкер] шрам сгорел!
15.08.2017 14:55:40: Hunter_RUS был съеден зомби! 
15.08.2017 14:58:05: [вольный сталкер] шрам был съеден зомби! 
15.08.2017 15:02:27: [вольный сталкер] шрам был съеден зомби! 
15.08.2017 15:19:40: Jone Cape был съеден зомби! 
15.08.2017 15:20:40: sony806 был съеден зомби! 
15.08.2017 15:25:27: soroushsd82 был съеден зомби! 
15.08.2017 15:28:46:  отейка „еширский(Cheshire_Cat) был съеден зомби! 
15.08.2017 15:36:42: Jone Cape истЄк кровью!
15.08.2017 15:40:35: Deadshot был съеден зомби! 
15.08.2017 15:44:28: Deadshot был съеден зомби! 
15.08.2017 15:45:25: владеслав  ковалчук истЄк кровью!
15.08.2017 15:47:55: Deadshot был съеден зомби! 
15.08.2017 15:54:06: Carobka был съеден зомби! 
15.08.2017 15:54:16: Deadshot был съеден зомби! 
15.08.2017 16:02:21: Kira был съеден зомби! 
15.08.2017 16:02:25: [вольный сталкер] шрам был съеден зомби! 
15.08.2017 16:13:16: владеслав  ковалчук был съеден зомби! 
15.08.2017 16:24:29: Super_Gets был съеден зомби! 
15.08.2017 16:26:17: vp совершил суецид!
15.08.2017 16:38:51: ѕаша ѕедик умер от голода!
15.08.2017 16:48:54: јндрей истЄк кровью!
15.08.2017 17:04:50: [вольный сталкер] шрам истЄк кровью!
15.08.2017 17:06:09: [вольный сталкер] шрам совершил суецид!
15.08.2017 17:08:51: Worris был съеден зомби! 
15.08.2017 17:11:42: Worris истЄк кровью!
15.08.2017 17:12:37: Worris был съеден зомби! 
15.08.2017 17:12:38: Nyan Bread был съеден зомби! 
15.08.2017 17:13:43: Nyan Bread был съеден зомби! 
15.08.2017 17:13:45: Jone Cape сгорел!
15.08.2017 17:24:49: Nyan Bread был съеден зомби! 
15.08.2017 17:28:23: [вольный сталкер] шрам совершил суецид!
15.08.2017 17:28:43: [вольный сталкер] шрам совершил суецид!
15.08.2017 17:28:51: [вольный сталкер] шрам совершил суецид!
15.08.2017 17:28:58: [вольный сталкер] шрам совершил суецид!
15.08.2017 17:29:04: [вольный сталкер] шрам совершил суецид!
15.08.2017 17:40:42: Jeanett был съеден зомби! 
15.08.2017 17:50:56: MrPers был съеден зомби! 
15.08.2017 17:55:57: Carobka был съеден зомби! 
15.08.2017 18:02:16: Carobka был съеден зомби! 
15.08.2017 18:04:19: lavrik228 был съеден зомби! 
15.08.2017 18:21:34: C R ? Y  magicdrop.ru был убит взрывной волной от машины!
15.08.2017 18:40:40: дима истЄк кровью!
15.08.2017 18:40:55: [вольный сталкер] шрам истЄк кровью!
15.08.2017 19:20:24: SHIZBO был съеден зомби! 
15.08.2017 19:25:51: MaCbKuM был съеден зомби! 
15.08.2017 19:27:53: Carobka был съеден зомби! 
15.08.2017 19:31:10: XFIRE был съеден зомби! 
15.08.2017 19:33:26: —utie-chan был съеден зомби! 
15.08.2017 19:33:31: XFIRE истЄк кровью!
15.08.2017 19:33:41: SHIZBO был съеден зомби! 
15.08.2017 19:43:40: leo был съеден зомби! 
15.08.2017 19:44:11: “Єма был съеден зомби! 
15.08.2017 19:44:53: leo был съеден зомби! 
15.08.2017 19:49:53: leo истЄк кровью!
15.08.2017 19:50:51: [вольный сталкер] шрам утонул!
15.08.2017 20:06:50:  остров ћихаил был съеден зомби! 
15.08.2017 20:27:19: RUNNUR истЄк кровью!
15.08.2017 20:53:08: SHIZBO истЄк кровью!
15.08.2017 20:59:07: JaniQ был съеден зомби! 
15.08.2017 20:59:10: lolek был съеден зомби! 
15.08.2017 21:00:31: SHIZBO был съеден зомби! 
15.08.2017 21:05:36: alext1236 был съеден зомби! 
15.08.2017 21:07:17: Kiska Dolbajob был съеден зомби! 
15.08.2017 21:13:44: SHIZBO был убит плювальщиком!
15.08.2017 21:17:36: SHIZBO был съеден зомби! 
15.08.2017 21:25:11: SHIZBO был съеден зомби! 
15.08.2017 21:27:51: SHIZBO был съеден зомби! 
15.08.2017 21:29:00: SHIZBO был съеден зомби! 
15.08.2017 21:37:07: JaniQ был съеден зомби! 
15.08.2017 21:39:55: Alex был съеден зомби! 
15.08.2017 21:40:49: JaniQ был съеден зомби! 
15.08.2017 21:43:30: kalabin.denis21015 совершил суецид!
15.08.2017 21:43:48: kalabin.denis21015 совершил суецид!
15.08.2017 21:46:22: SHIZBO был съеден зомби! 
15.08.2017 21:50:26: danil_gatiev был убит плювальщиком!
15.08.2017 21:54:27: SHIZBO истЄк кровью!
15.08.2017 21:55:20: Carobka разбилс€ насмерть!
15.08.2017 21:59:06: Carobka был убит плювальщиком!
15.08.2017 21:59:30: SHIZBO истЄк кровью!
15.08.2017 22:03:51: marko.lakoseljac1 был убит плювальщиком!
15.08.2017 22:06:10: [вольный сталкер] шрам истЄк кровью!
15.08.2017 22:12:44: alext1236 истЄк кровью!
15.08.2017 22:15:08: Alex был съеден зомби! 
15.08.2017 22:15:18: эллис  был съеден зомби! 
15.08.2017 22:16:16: эллис  был съеден зомби! 
15.08.2017 22:17:46: Plague Doctor был убит камушком!
15.08.2017 22:18:31: јндрей Ќовоселов истЄк кровью!
15.08.2017 22:24:23: эллис  был съеден зомби! 
15.08.2017 22:24:33: Carobka был съеден зомби! 
15.08.2017 22:24:48: SHIZBO был съеден зомби! 
15.08.2017 22:27:00: эллис  истЄк кровью!
15.08.2017 22:30:12: Carobka истЄк кровью!
15.08.2017 22:34:51: mlg4days был съеден зомби! 
15.08.2017 22:43:05: faselome был убит плювальщиком!
15.08.2017 22:49:06: C R ? Y  magicdrop.ru был убит взрывной волной от машины!
15.08.2017 22:49:06: vovabamblbee был убит взрывной волной от машины!
15.08.2017 22:54:55: эллис  истЄк кровью!
15.08.2017 23:09:24: martinsm совершил суецид!
15.08.2017 23:09:37: Steffan031 истЄк кровью!
15.08.2017 23:10:10: SHIZBO отравилс€!
15.08.2017 23:11:18: Steffan031 был съеден зомби! 
15.08.2017 23:11:34: martinsm был съеден зомби! 
15.08.2017 23:12:44: Steffan031 был съеден зомби! 
15.08.2017 23:12:49: martinsm был съеден зомби! 
15.08.2017 23:13:38: Ѕ”—“≈– был убит плювальщиком!
15.08.2017 23:16:15: Ѕ”—“≈– был убит плювальщиком!
15.08.2017 23:17:27: alext1236 был съеден зомби! 
15.08.2017 23:18:31: Nyan Bread был убит плювальщиком!
15.08.2017 23:18:52: Jone Cape был съеден зомби! 
15.08.2017 23:19:19: The Eld0 56 истЄк кровью!
15.08.2017 23:21:50: iozhik2003 был съеден зомби! 
15.08.2017 23:26:47: Hunter_RUS был съеден зомби! 
15.08.2017 23:27:56: SHIZBO был съеден зомби! 
15.08.2017 23:28:29: <3_NoNameFromPoland_<3 был съеден зомби! 
15.08.2017 23:29:12: Hunter_RUS совершил суецид!
15.08.2017 23:30:24: SHIZBO был съеден зомби! 
15.08.2017 23:30:25: Carobka был съеден зомби! 
15.08.2017 23:30:44: Hunter_RUS died of holding his breath for too long!
15.08.2017 23:32:13: OstryMiecz был убит плювальщиком!
15.08.2017 23:32:42: <3_NoNameFromPoland_<3 был убит плювальщиком!
15.08.2017 23:35:08: <3_NoNameFromPoland_<3 был съеден зомби! 
15.08.2017 23:38:00: OstryMiecz был съеден зомби! 
15.08.2017 23:40:49: Carobka был съеден зомби! 
15.08.2017 23:41:12: SHIZBO был съеден зомби! 
15.08.2017 23:43:21: <3_NoNameFromPoland_<3 died of holding his breath for too long!
15.08.2017 23:46:17: OstryMiecz сгорел!
15.08.2017 23:49:05: Ѕ”—“≈– был съеден зомби! 
15.08.2017 23:54:30: Deadshot сгорел!
16.08.2017 0:13:52: Carobka истЄк кровью!
16.08.2017 0:21:08: nikgstores12 был съеден зомби! 
16.08.2017 0:26:43: Ѕ”—“≈– утонул!
16.08.2017 0:36:44: CoolRoll был съеден зомби! 
16.08.2017 1:03:43: Derp & Derper был съеден зомби! 
16.08.2017 1:16:39: меченый был съеден зомби! 
16.08.2017 7:07:01: Az_Neon123 был съеден зомби! 
16.08.2017 10:16:59: danil_gatiev был съеден зомби! 
16.08.2017 11:01:42: S.T.R.@.N.I.K. был съеден зомби! 
16.08.2017 11:02:17: Hiden был съеден зомби! 
16.08.2017 11:04:01: Hiden был съеден зомби! 
16.08.2017 11:04:27: S.T.R.@.N.I.K. был съеден зомби! 
16.08.2017 11:11:52: Hiden истЄк кровью!
16.08.2017 11:15:18: Hiden был съеден зомби! 
16.08.2017 11:16:37: S.T.R.@.N.I.K. истЄк кровью!
16.08.2017 11:21:22: Hiden был съеден зомби! 
16.08.2017 11:22:56: S.T.R.@.N.I.K. был съеден зомби! 
16.08.2017 11:23:53: Hiden истЄк кровью!
16.08.2017 11:47:00: Hiden был убит плювальщиком!
16.08.2017 12:14:07: Bannikov был съеден зомби! 
16.08.2017 12:15:51: Bannikov был съеден зомби! 
16.08.2017 12:52:04: Qvikers Play был съеден зомби! 
16.08.2017 12:52:35: langcho1201 был съеден зомби! 
16.08.2017 12:56:15: TreeTV died of holding his breath for too long!
16.08.2017 12:57:51: Danila3000 был съеден зомби! 
16.08.2017 12:59:46: KalleR был съеден зомби! 
16.08.2017 12:59:58: Ch-er-na-ya ko-sh-ka был съеден зомби! 
16.08.2017 13:02:15: TreeTV был съеден зомби! 
16.08.2017 13:02:40: Qvikers Play был съеден зомби! 
16.08.2017 13:04:06: ivan20029112002 был съеден зомби! 
16.08.2017 13:04:06: TreeTV был съеден зомби! 
16.08.2017 13:11:29: Qvikers Play был съеден зомби! 
16.08.2017 13:11:36: ivan20029112002 был съеден зомби! 
16.08.2017 13:15:03: Carobka был съеден зомби! 
16.08.2017 13:20:10: mafia  истЄк кровью!
16.08.2017 13:27:36: ≈гор —уровов  был съеден зомби! 
16.08.2017 13:35:27: ≈гор —уровов  истЄк кровью!
16.08.2017 13:38:25: Alina-Gavninova истЄк кровью!
16.08.2017 13:56:47: јндрей ћалишов был съеден зомби! 
16.08.2017 14:26:44: Vegetable Terrorist был съеден зомби! 
16.08.2017 14:50:03: Alina-Gavninova истЄк кровью!
16.08.2017 14:54:00: egor.w12 был съеден зомби! 
16.08.2017 14:54:32: ≈гор —уровов  утонул!
16.08.2017 15:16:17: Fack You истЄк кровью!
16.08.2017 15:17:47: Fack You совершил суецид!
16.08.2017 15:45:44: Alex был съеден зомби! 
16.08.2017 16:17:21: privet был съеден зомби! 
16.08.2017 17:01:45: MrReeD был съеден зомби! 
16.08.2017 17:10:32: Alex был съеден зомби! 
16.08.2017 17:11:25: Hunter_RUS истЄк кровью!
16.08.2017 17:12:47: vadim был съеден зомби! 
16.08.2017 17:13:03: Hunter_RUS совершил суецид!
16.08.2017 17:15:27: leifcsgo был съеден зомби! 
16.08.2017 17:30:13: privet был съеден зомби! 
16.08.2017 17:30:14: Hunter_RUS был съеден зомби! 
16.08.2017 17:45:18: ura.tankist был убит плювальщиком!
16.08.2017 17:51:55: ura.tankist был съеден зомби! 
16.08.2017 17:52:08: vadim истЄк кровью!
16.08.2017 18:14:40: bacila555 был съеден зомби! 
16.08.2017 18:18:03: »ль€ кот совершил суецид!
16.08.2017 18:20:58: ura.tankist отравилс€!
16.08.2017 18:21:28: »ль€ кот был съеден зомби! 
16.08.2017 18:39:15: bacila555 был съеден зомби! 
16.08.2017 18:40:53: bacila555 истЄк кровью!
16.08.2017 18:42:28: SHIZBO был съеден зомби! 
16.08.2017 19:01:49: bacila555 истЄк кровью!
16.08.2017 19:09:32: Nyan Bread был съеден зомби! 
16.08.2017 19:15:10: alext1236 был съеден зомби! 
16.08.2017 19:18:31: DaViDE_WaRiOr истЄк кровью!
16.08.2017 19:21:17: Maxeduffing был съеден зомби! 
16.08.2017 19:26:35: alext1236 истЄк кровью!
16.08.2017 19:30:55: Ћќ¬≈÷ был съеден зомби! 
16.08.2017 19:31:51:  остров ћихаил был съеден зомби! 
16.08.2017 19:34:58: alext1236 совершил суецид!
16.08.2017 19:42:20: qupex- был съеден зомби! 
16.08.2017 19:48:25: bacila555 умер от голода!
16.08.2017 19:55:19: bacila555 был съеден зомби! 
16.08.2017 20:06:48: SyMkA истЄк кровью!
16.08.2017 20:18:01: Hunter_RUS истЄк кровью!
16.08.2017 20:19:19: Hunter_RUS совершил суецид!
16.08.2017 20:29:19: bacila555 был съеден зомби! 
16.08.2017 20:36:33: bacila555 был съеден зомби! 
16.08.2017 20:45:02: ƒенис котик был съеден зомби! 
16.08.2017 20:47:27: ƒенис котик был съеден зомби! 
16.08.2017 20:47:41: ƒенис котик совершил суецид!
16.08.2017 20:50:23: Hunter_RUS совершил суецид!
16.08.2017 20:50:53: Hunter_RUS совершил суецид!
16.08.2017 20:59:22: Hunter_RUS был убит плювальщиком!
16.08.2017 21:15:35: Alex был съеден зомби! 
16.08.2017 21:27:38: —ан€ истЄк кровью!
16.08.2017 21:30:17: SyMkA был съеден зомби! 
16.08.2017 21:36:06: shilyaev710 сгорел!
16.08.2017 21:42:20: bacila555 утонул!
16.08.2017 21:43:22: ”Ѕ»…÷ј истЄк кровью!
16.08.2017 21:44:13: bacila555 был съеден зомби! 
16.08.2017 21:49:13: Roma_Chaos был съеден зомби! 
16.08.2017 21:55:52: bacila555 был съеден зомби! 
16.08.2017 21:56:00: ura.tankist был съеден зомби! 
16.08.2017 21:57:12: ura.tankist был съеден зомби! 
16.08.2017 22:01:55: SHIZBO истЄк кровью!
16.08.2017 22:02:07: dimasik159260 был съеден зомби! 
16.08.2017 22:04:21: SHIZBO истЄк кровью!
16.08.2017 22:06:03: dimasik159260 был убит плювальщиком!
16.08.2017 22:06:17: ura.tankist был съеден зомби! 
16.08.2017 22:09:08: SHIZBO был съеден зомби! 
16.08.2017 22:10:36: ura.tankist был съеден зомби! 
16.08.2017 22:10:41: SHIZBO был съеден зомби! 
16.08.2017 22:11:57: SHIZBO истЄк кровью!
16.08.2017 22:12:04: dimasik159260 был съеден зомби! 
16.08.2017 22:16:21: SHIZBO истЄк кровью!
16.08.2017 22:16:31: dimasik159260 был съеден зомби! 
16.08.2017 22:16:36: vadim был съеден зомби! 
16.08.2017 22:18:28: dimasik159260 был съеден зомби! 
16.08.2017 22:21:55: HenCoCK был съеден зомби! 
16.08.2017 22:22:11: svova2007 был съеден зомби! 
16.08.2017 22:38:03: SHIZBO был съеден зомби! 
16.08.2017 22:38:14: dimasik159260 истЄк кровью!
16.08.2017 22:40:44: svova2007 был съеден зомби! 
16.08.2017 22:41:01: HenCoCK был съеден зомби! 
16.08.2017 22:41:23: dimasik159260 был съеден зомби! 
16.08.2017 22:41:32: SHIZBO был съеден зомби! 
16.08.2017 22:42:06: svova2007 был съеден зомби! 
16.08.2017 22:43:48: SHIZBO был съеден зомби! 
16.08.2017 22:48:44: SHIZBO истЄк кровью!
16.08.2017 22:48:47: dimasik159260 истЄк кровью!
16.08.2017 22:53:47: svova2007 был съеден зомби! 
16.08.2017 22:57:09: svova2007 истЄк кровью!
16.08.2017 22:59:37: svova2007 был съеден зомби! 
16.08.2017 22:59:46: dimasik159260 был съеден зомби! 
16.08.2017 22:59:49: SHIZBO был съеден зомби! 
16.08.2017 23:04:23: dimasik159260 был съеден зомби! 
16.08.2017 23:05:33: SHIZBO был съеден зомби! 
16.08.2017 23:12:10: vadim совершил суецид!
16.08.2017 23:13:37: ura.tankist совершил суецид!
16.08.2017 23:13:41: SyMkA совершил суецид!
16.08.2017 23:22:53: эллис  отравилс€!
17.08.2017 0:01:17:  ир ¬атсон был съеден зомби! 
17.08.2017 0:08:20: dimasik159260 был съеден зомби! 
17.08.2017 0:08:28: SHIZBO был съеден зомби! 
17.08.2017 0:12:57: dimasik159260 истЄк кровью!
17.08.2017 0:20:25: ѕавел ћаксимович был съеден зомби! 
17.08.2017 0:27:05: Kira был съеден зомби! 
17.08.2017 0:32:27: PPB | Der_Intigente был съеден зомби! 
17.08.2017 0:48:14: dimasik159260 отравилс€!
17.08.2017 0:51:37: dimasik159260 истЄк кровью!
17.08.2017 0:52:53: CForce.exe был съеден зомби! 
17.08.2017 0:56:40: SHIZBO был съеден зомби! 
17.08.2017 0:57:21: SHIZBO died of holding his breath for too long!
17.08.2017 1:04:01: CForce.exe совершил суецид!
17.08.2017 1:12:16: PPB | Der_Intigente утонул!
17.08.2017 1:36:07: SHIZBO утонул!
17.08.2017 1:42:30: dimasik159260 сгорел!
17.08.2017 2:01:14: DiamondWarrior888 был съеден зомби! 
17.08.2017 2:09:19: DiamondWarrior888 был съеден зомби! 
17.08.2017 2:13:14: DiamondWarrior888 был съеден зомби! 
17.08.2017 10:34:35: Kira был съеден зомби! 
17.08.2017 10:35:15: fluffyturtles7 совершил суецид!
17.08.2017 10:38:01: Kira был съеден зомби! 
17.08.2017 11:29:04: ѕрости € нечайно был съеден зомби! 
17.08.2017 11:29:05: —ан€ сгорел!
17.08.2017 11:30:24: ѕрости € нечайно был съеден зомби! 
17.08.2017 11:38:09: ѕрости € нечайно был съеден зомби! 
17.08.2017 11:39:00: ѕрости € нечайно был съеден зомби! 
17.08.2017 11:44:09: 7_AleX_3 был съеден зомби! 
17.08.2017 11:44:19: ѕрости € нечайно был съеден зомби! 
17.08.2017 11:44:39: Kira истЄк кровью!
17.08.2017 11:45:33: ѕрости € нечайно был убит плювальщиком!
17.08.2017 11:46:39: ѕрости € нечайно died of holding his breath for too long!
17.08.2017 11:50:09: ѕрости € нечайно died of holding his breath for too long!
17.08.2017 11:52:49: ѕрости € нечайно истЄк кровью!
17.08.2017 12:17:30: ѕрости € нечайно истЄк кровью!
17.08.2017 12:17:49: [NGW]Muro был съеден зомби! 
17.08.2017 12:21:02: Paragon был съеден зомби! 
17.08.2017 12:21:12:  остров ћихаил был съеден зомби! 
17.08.2017 12:36:42: rakhuba.06 был съеден зомби! 
17.08.2017 13:21:13: miron_s04 был съеден зомби! 
17.08.2017 13:34:37: bacila555 истЄк кровью!
17.08.2017 13:42:33: bacila555 истЄк кровью!
17.08.2017 13:48:37: ura.tankist died of holding his breath for too long!
17.08.2017 13:56:38: —ан€ был съеден зомби! 
17.08.2017 13:58:23: bacila555 был съеден зомби! 
17.08.2017 14:15:32: ura.tankist был съеден зомби! 
17.08.2017 14:16:43: ura.tankist совершил суецид!
17.08.2017 14:26:09: Super_Gets был съеден зомби! 
17.08.2017 14:53:37: bogdan_volkov истЄк кровью!
17.08.2017 15:04:48: survivalist истЄк кровью!
17.08.2017 15:30:41: anneke был съеден зомби! 
17.08.2017 16:20:09: Hunter_RUS совершил суецид!
17.08.2017 16:21:28: Hunter_RUS совершил суецид!
17.08.2017 16:26:52: kimirilov18 истЄк кровью!
17.08.2017 16:27:42: KanapkaXBajceps был съеден зомби! 
17.08.2017 16:30:47: CzarnyPapiez истЄк кровью!
17.08.2017 16:58:54: Joyller был съеден зомби! 
17.08.2017 17:17:07: KanapkaXBajceps разбилс€ насмерть!
17.08.2017 17:19:09: KanapkaXBajceps был съеден зомби! 
17.08.2017 17:23:14: CzarnyPapiez был съеден зомби! 
17.08.2017 17:44:02: CzarnyPapiez истЄк кровью!
17.08.2017 17:54:41: 11deader11 совершил суецид!
17.08.2017 17:55:50: 11deader11 совершил суецид!
17.08.2017 17:58:45: rostik был съеден зомби! 
17.08.2017 17:59:43: 11deader11 совершил суецид!
17.08.2017 18:04:59: 11deader11 совершил суецид!
17.08.2017 18:05:06: dexter_morgan был съеден зомби! 
17.08.2017 18:07:05: јлексей_ўевцов истЄк кровью!
17.08.2017 18:29:36: C R ? Y  magicdrop.ru был съеден зомби! 
17.08.2017 18:36:39: gianni2712 был съеден зомби! 
17.08.2017 18:36:54: 11deader11 совершил суецид!
17.08.2017 18:38:19: vovabamblbee совершил суецид!
17.08.2017 18:45:17: gianni2712 истЄк кровью!
17.08.2017 18:49:24: gianni2712 был съеден зомби! 
17.08.2017 18:52:30: 11deader11 совершил суецид!
17.08.2017 18:55:16: 11deader11 совершил суецид!
17.08.2017 19:01:14: 11deader11 совершил суецид!
17.08.2017 19:02:12: 11deader11 был съеден зомби! 
17.08.2017 19:16:18: gianni2712 был съеден зомби! 
17.08.2017 19:18:48: xPaNdAx был съеден зомби! 
17.08.2017 19:20:06: dexter_morgan умер от голода!
17.08.2017 19:29:01: макс3004 был съеден зомби! 
17.08.2017 19:41:55: макс3004 был съеден зомби! 
17.08.2017 19:43:57: макс3004 был съеден зомби! 
17.08.2017 19:46:32: макс3004 истЄк кровью!
17.08.2017 20:09:04: N0nam3 истЄк кровью!
17.08.2017 20:09:06: KalleR был съеден зомби! 
17.08.2017 20:38:33: Nikita умер от голода!
17.08.2017 20:39:48: StormCooper был съеден зомби! 
17.08.2017 20:43:03: sob.daw.95 истЄк кровью!
17.08.2017 20:44:41: sob.daw.95 был съеден зомби! 
17.08.2017 20:46:16: —квидвард был съеден зомби! 
17.08.2017 20:53:02: Ch-er-na-ya ko-sh-ka был съеден зомби! 
17.08.2017 20:59:49: ridder1985 был съеден зомби! 
17.08.2017 21:05:17:  [ сталкер ]вова петров был съеден зомби! 
17.08.2017 21:13:46: Nikita совершил суецид!
17.08.2017 21:17:25: »ль€ кот был съеден зомби! 
17.08.2017 21:18:16: »ль€ кот совершил суецид!
17.08.2017 21:19:17: »ль€ кот совершил суецид!
17.08.2017 21:24:23: ƒенис котик совершил суецид!
17.08.2017 21:41:58: ѕолитрук был съеден зомби! 
17.08.2017 21:45:09: N3RDCUBED был съеден зомби! 
17.08.2017 21:47:02: ѕолитрук истЄк кровью!
17.08.2017 21:48:53: »ль€ кот был съеден зомби! 
17.08.2017 21:50:52: Nikita совершил суецид!
17.08.2017 21:56:48: N3RDCUBED отравилс€!
17.08.2017 21:57:47: N3RDCUBED был съеден зомби! 
17.08.2017 22:06:18: N3RDCUBED был съеден зомби! 
17.08.2017 22:15:00: N3RDCUBED был убит плювальщиком!
17.08.2017 22:15:36: Leks был съеден зомби! 
17.08.2017 22:15:52: Blackflame :D (—ерЄга) был съеден зомби! 
17.08.2017 22:16:04: N3RDCUBED был съеден зомби! 
17.08.2017 22:21:09: N3RDCUBED истЄк кровью!
17.08.2017 22:23:53: ridder1985 died of holding his breath for too long!
17.08.2017 22:25:01: dexter_morgan истЄк кровью!
17.08.2017 22:27:07: dexter_morgan истЄк кровью!
17.08.2017 22:27:33: vitalik.dmitriev.06 был съеден зомби! 
17.08.2017 22:29:43: dexter_morgan истЄк кровью!
17.08.2017 22:30:35: bacila555 отравилс€!
17.08.2017 22:32:27: dexter_morgan был съеден зомби! 
17.08.2017 22:33:27: bacila555 истЄк кровью!
17.08.2017 22:33:49: vitalik.dmitriev.06 был съеден зомби! 
17.08.2017 22:33:53: gianpaolo.licheri был съеден зомби! 
17.08.2017 22:34:27: dexter_morgan истЄк кровью!
17.08.2017 22:34:30: ѕолитрук истЄк кровью!
17.08.2017 22:35:31: ѕолитрук совершил суецид!
17.08.2017 22:36:16: bacila555 был съеден зомби! 
17.08.2017 22:36:59: dexter_morgan истЄк кровью!
17.08.2017 22:42:04: bacila555 истЄк кровью!
17.08.2017 22:52:35: dexter_morgan истЄк кровью!
17.08.2017 23:00:31: эллис  утонул!
17.08.2017 23:21:22: dexter_morgan был съеден зомби! 
17.08.2017 23:24:43: vitalik.dmitriev.06 истЄк кровью!
17.08.2017 23:26:42: dexter_morgan был съеден зомби! 
17.08.2017 23:29:23: liampuo был съеден зомби! 
17.08.2017 23:29:42: Mega-Alex31 истЄк кровью!
17.08.2017 23:33:46: dexter_morgan был съеден зомби! 
17.08.2017 23:33:51: liampuo совершил суецид!
17.08.2017 23:44:00: Mega-Alex31 был съеден зомби! 
17.08.2017 23:48:36: Xvery истЄк кровью!
17.08.2017 23:54:02: ѕолитрук совершил суецид!
17.08.2017 23:57:48: dexter_morgan был съеден зомби! 
17.08.2017 23:59:28: vitalik.dmitriev.06 истЄк кровью!
18.08.2017 0:00:43: Xvery был съеден зомби! 
18.08.2017 0:04:11: bacila555 был съеден зомби! 
18.08.2017 0:05:06: zdrastiyavasneznayuiditenahoy был съеден зомби! 
18.08.2017 0:05:14: ya boi le purple murderer совершил суецид!
18.08.2017 0:06:06: zdrastiyavasneznayuiditenahoy был съеден зомби! 
18.08.2017 0:06:09: bacila555 был съеден зомби! 
18.08.2017 0:11:44: vitalik.dmitriev.06 был убит взрывной волной от машины!
18.08.2017 0:20:49: dexter_morgan был съеден зомби! 
18.08.2017 0:25:27: vitalik.dmitriev.06 был съеден зомби! 
18.08.2017 0:25:50: dexter_morgan был съеден зомби! 
18.08.2017 0:27:44: dexter_morgan был съеден зомби! 
18.08.2017 0:29:20: nikgstores12 истЄк кровью!
18.08.2017 0:29:53: Brain был съеден зомби! 
18.08.2017 0:31:20: nikgstores12 был съеден зомби! 
18.08.2017 0:34:07: dexter_morgan истЄк кровью!
18.08.2017 0:34:25: nikgstores12 истЄк кровью!
18.08.2017 0:38:31: dexter_morgan истЄк кровью!
18.08.2017 0:42:35: nikgstores12 был съеден зомби! 
18.08.2017 0:45:00: nikgstores12 был съеден зомби! 
18.08.2017 0:50:34: panasencko.nikita2018 был съеден зомби! 
18.08.2017 1:04:46: nikgstores12 истЄк кровью!
18.08.2017 1:45:09: zdrastiyavasneznayuiditenahoy был съеден зомби! 
18.08.2017 1:45:38: zdrastiyavasneznayuiditenahoy совершил суецид!
18.08.2017 2:15:07: zdrastiyavasneznayuiditenahoy был съеден зомби! 
18.08.2017 2:19:09: skinup аниме Lex был съеден зомби! 
18.08.2017 2:21:11: skinup аниме Lex был съеден зомби! 
18.08.2017 4:44:24: gianni2712 был съеден зомби! 
18.08.2017 10:25:49: MrFikus был съеден зомби! 
18.08.2017 10:26:43: MrFikus был съеден зомби! 
18.08.2017 10:27:47: MrFikus был съеден зомби! 
18.08.2017 11:51:08: — »‘ был съеден зомби! 
18.08.2017 11:53:51: —мерть —касой был съеден зомби! 
18.08.2017 12:00:45: — »‘ был съеден зомби! 
18.08.2017 12:11:08: kimirilov18 был съеден зомби! 
18.08.2017 12:11:19: ivansumerki72 истЄк кровью!
18.08.2017 12:13:26: ivansumerki72 был съеден зомби! 
18.08.2017 12:13:36: данил был съеден зомби! 
18.08.2017 12:33:22: Donald Mekhen был убит взрывной волной от машины!
18.08.2017 13:01:56: Nikita совершил суецид!
18.08.2017 13:05:42: —мерть —касой совершил суецид!
18.08.2017 13:13:54: danil_gatiev был съеден зомби! 
18.08.2017 13:16:05: Nikita был съеден зомби! 
18.08.2017 13:30:14: janpraha50 истЄк кровью!
18.08.2017 13:32:48: MayKill истЄк кровью!
18.08.2017 13:37:45: —мерть —касой совершил суецид!
18.08.2017 13:44:11: janpraha50 был съеден зомби! 
18.08.2017 13:44:26: ridder1985 был убит взрывной волной от машины!
18.08.2017 13:56:38: danil_gatiev был убит взрывной волной от машины!
18.08.2017 13:56:58: Nikita совершил суецид!
18.08.2017 13:58:09: Donald Mekhen совершил суецид!
18.08.2017 14:02:11: Nikita был съеден зомби! 
18.08.2017 14:02:24: —мерть —касой был съеден зомби! 
18.08.2017 14:13:16: YanHo был съеден зомби! 
18.08.2017 14:19:39: KSjay died of holding his breath for too long!
18.08.2017 14:22:57: KSjay истЄк кровью!
18.08.2017 14:26:22: ridder1985 был убит взрывной волной от машины!
18.08.2017 14:26:27: —мерть —касой совершил суецид!
18.08.2017 14:36:59: Nikita совершил суецид!
18.08.2017 14:54:57: radan был съеден зомби! 
18.08.2017 14:55:27: Mati853 истЄк кровью!
18.08.2017 15:11:16: 7_AleX_3 был убит взрывной волной от машины!
18.08.2017 15:17:24: Nikita утонул!
18.08.2017 15:24:25: dexter_morgan был съеден зомби! 
18.08.2017 15:49:33: bacila555 был съеден зомби! 
18.08.2017 15:53:42: ridder1985 был съеден зомби! 
18.08.2017 15:53:51: ridder1985 совершил суецид!
18.08.2017 15:54:01: ridder1985 совершил суецид!
18.08.2017 15:54:34: ridder1985 died of holding his breath for too long!
18.08.2017 15:58:00: MayKill был съеден зомби! 
18.08.2017 15:59:55: MayKill был съеден зомби! 
18.08.2017 16:00:01: bacila555 был съеден зомби! 
18.08.2017 16:03:57: bacila555 был съеден зомби! 
18.08.2017 16:04:17: patrick был съеден зомби! 
18.08.2017 16:09:31: pmsp1350 сгорел!
18.08.2017 16:10:21: pmsp1350 был съеден зомби! 
18.08.2017 16:15:58: 7_AleX_3 был убит взрывной волной от машины!
18.08.2017 16:16:03: RUNNUR истЄк кровью!
18.08.2017 16:16:34: nmilentijevic сгорел!
18.08.2017 16:18:11: S.mickityuck был убит взрывной волной от машины!
18.08.2017 16:26:53: alext1236 был убит взрывной волной от машины!
18.08.2017 16:28:12: nmilentijevic был съеден зомби! 
18.08.2017 16:39:24: 11deader11 совершил суецид!
18.08.2017 16:43:28: 11deader11 совершил суецид!
18.08.2017 16:46:20:  √ерман был съеден зомби! 
18.08.2017 16:47:32: Dancer был съеден зомби! 
18.08.2017 16:48:37: Ћев „еремисов был съеден зомби! 
18.08.2017 16:52:17: Ћев „еремисов был съеден зомби! 
18.08.2017 16:58:47: Mahmutistan был съеден зомби! 
18.08.2017 17:04:55: [¬ольный —талкер]  ечунез был съеден зомби! 
18.08.2017 17:09:31: insan совершил суецид!
18.08.2017 17:18:03: stokolosa1998 был съеден зомби! 
18.08.2017 17:22:45: 7_AleX_3 died of holding his breath for too long!
18.08.2017 17:23:26: stokolosa1998 был съеден зомби! 
18.08.2017 17:38:38: Kebab died of holding his breath for too long!
18.08.2017 17:39:49: Donald Mekhen совершил суецид!
18.08.2017 17:42:22: S.W.A.T был съеден зомби! 
18.08.2017 17:44:27: S.W.A.T истЄк кровью!
18.08.2017 17:45:20: 7_AleX_3 был убит взрывной волной от машины!
18.08.2017 17:48:21: 7_AleX_3 died of holding his breath for too long!
18.08.2017 17:53:53: Donald Mekhen совершил суецид!
18.08.2017 17:57:04: bacila555 был съеден зомби! 
18.08.2017 17:58:22: S.W.A.T совершил суецид!
18.08.2017 17:58:42: Zlo был съеден зомби! 
18.08.2017 18:04:19: S.W.A.T был убит взрывной волной от машины!
18.08.2017 18:04:19: Jone Cape был убит взрывной волной от машины!
18.08.2017 18:05:26: kpavlo22 совершил суецид!
18.08.2017 18:05:45: kpavlo22 совершил суецид!
18.08.2017 18:10:40: Marty(ћонолит) был съеден зомби! 
18.08.2017 18:15:09: Marty(ћонолит) был убит плювальщиком!
18.08.2017 18:26:31: Simply_Dupdge был съеден зомби! 
18.08.2017 18:26:41: Jone Cape был убит взрывной волной от машины!
18.08.2017 18:38:10: Simply_Dupdge был убит взрывной волной от машины!
18.08.2017 18:39:17: SHIZBO сгорел!
18.08.2017 18:39:20: Simply_Dupdge сгорел!
18.08.2017 18:39:54: Simply_Dupdge был съеден зомби! 
18.08.2017 18:41:27: Simply_Dupdge истЄк кровью!
18.08.2017 19:08:25: Marty(ћонолит) совершил суецид!
18.08.2017 19:27:38: ћоцарт(ћонолит) истЄк кровью!
18.08.2017 19:28:10: Marty(ћонолит) был съеден зомби! 
18.08.2017 19:32:43: SHIZBO истЄк кровью!
18.08.2017 19:52:06: SHIZBO был съеден зомби! 
18.08.2017 19:56:07: SHIZBO истЄк кровью!
18.08.2017 20:10:25: Marty(ћонолит) истЄк кровью!
18.08.2017 20:13:42: Arda palta был съеден зомби! 
18.08.2017 20:15:43: SHIZBO сгорел!
18.08.2017 20:17:48: Arda palta был съеден зомби! 
18.08.2017 20:21:24: Arda palta совершил суецид!
18.08.2017 20:23:54: владеслав  ковалчук был съеден зомби! 
18.08.2017 20:25:47: Ian истЄк кровью!
18.08.2017 20:54:40: PSJR истЄк кровью!
18.08.2017 20:56:26: kosenkov1223 был съеден зомби! 
18.08.2017 20:56:38: Baran был съеден зомби! 
18.08.2017 20:59:19: nmilentijevic истЄк кровью!
18.08.2017 20:59:42: Zlo был съеден зомби! 
18.08.2017 21:01:00: nmilentijevic был съеден зомби! 
18.08.2017 21:02:57: nmilentijevic истЄк кровью!
18.08.2017 21:05:11: egor23709 был съеден зомби! 
18.08.2017 21:06:24: Rafik Evans был съеден зомби! 
18.08.2017 21:09:45: nmilentijevic истЄк кровью!
18.08.2017 21:11:37: darashkevich_tom был съеден зомби! 
18.08.2017 21:11:50:  кирилл истЄк кровью!
18.08.2017 21:12:15: Dancer истЄк кровью!
18.08.2017 21:12:51: nmilentijevic истЄк кровью!
18.08.2017 21:13:42: darashkevich_tom был съеден зомби! 
18.08.2017 21:13:44: Rafik Evans был съеден зомби! 
18.08.2017 21:14:33: egor23709 истЄк кровью!
18.08.2017 21:21:48: darashkevich_tom истЄк кровью!
18.08.2017 21:22:17: Ian был съеден зомби! 
18.08.2017 21:23:35: ? Dan'ka :3 истЄк кровью!
18.08.2017 21:24:53: nmilentijevic истЄк кровью!
18.08.2017 21:30:29: nmilentijevic совершил суецид!
18.08.2017 21:38:07: P1S0S был съеден зомби! 
18.08.2017 21:39:44: P1S0S был съеден зомби! 
18.08.2017 21:46:34:  арлито ћартинез истЄк кровью!
18.08.2017 21:46:55: ћ—  ќЌяЌ— »… был съеден зомби! 
18.08.2017 21:48:28: SHIZBO утонул!
18.08.2017 22:06:51: ћ—  ќЌяЌ— »… истЄк кровью!
18.08.2017 22:18:13: Blitzzkreig был съеден зомби! 
18.08.2017 22:21:10: 100kg истЄк кровью!
18.08.2017 22:27:30: SHIZBO утонул!
18.08.2017 22:33:39: д≥ма дмитров был съеден зомби! 
18.08.2017 22:43:43: SHIZBO был съеден зомби! 
18.08.2017 23:04:24: Donald Mekhen был убит взрывной волной от машины!
18.08.2017 23:04:24: S.mickityuck был убит взрывной волной от машины!
18.08.2017 23:09:30: SHIZBO истЄк кровью!
18.08.2017 23:09:52: lavaman был съеден зомби! 
18.08.2017 23:11:44: S.mickityuck был убит взрывной волной от машины!
18.08.2017 23:11:44: Sarnavskiy.v был убит взрывной волной от машины!
18.08.2017 23:24:15: Donald Mekhen был убит взрывной волной от машины!
18.08.2017 23:31:42: liampuo был убит взрывной волной от машины!
18.08.2017 23:33:28: dexter был съеден зомби! 
18.08.2017 23:37:45: dexter истЄк кровью!
18.08.2017 23:38:36: liampuo был съеден зомби! 
18.08.2017 23:39:37: dexter был съеден зомби! 
18.08.2017 23:44:04: dexter был съеден зомби! 
18.08.2017 23:46:01: dexter_morgan истЄк кровью!
18.08.2017 23:54:37: Arda palta совершил суецид!
18.08.2017 23:55:45: Arda palta был съеден зомби! 
18.08.2017 23:58:16: dexter был съеден зомби! 
19.08.2017 0:01:26: SHIZBO утонул!
19.08.2017 0:07:00: dexter_morgan died of holding his breath for too long!
19.08.2017 0:07:59: vitalik.dmitriev.06 died of holding his breath for too long!
19.08.2017 0:44:05: dexter_morgan был съеден зомби! 
19.08.2017 0:54:54: Monty C10uD CSGO500 истЄк кровью!
19.08.2017 0:57:47: Monty C10uD CSGO500 был съеден зомби! 
19.08.2017 1:02:11: h410pr0 был съеден зомби! 
19.08.2017 1:02:14: Mychalich был съеден зомби! 
19.08.2017 1:07:02: vitalik.dmitriev.06 died of holding his breath for too long!
19.08.2017 1:11:49: Mychalich был съеден зомби! 
19.08.2017 1:12:33: h410pr0 совершил суецид!
19.08.2017 1:18:20: Monty C10uD CSGO500 истЄк кровью!
19.08.2017 1:19:46: Mychalich был съеден зомби! 
19.08.2017 1:24:20: SvegeeMyaso сгорел!
19.08.2017 1:24:23: Mychalich был съеден зомби! 
19.08.2017 1:30:35: dexter_morgan был съеден зомби! 
19.08.2017 1:33:44: tomlfc был съеден зомби! 
19.08.2017 1:34:20: tizza был съеден зомби! 
19.08.2017 1:37:16: SvegeeMyaso истЄк кровью!
19.08.2017 1:40:33: Monty C10uD CSGO500 отравилс€!
19.08.2017 1:41:16: SvegeeMyaso был съеден зомби! 
19.08.2017 1:41:52: h410pr0 был съеден зомби! 
19.08.2017 1:43:05: tomlfc был съеден зомби! 
19.08.2017 1:49:31: tizza истЄк кровью!
19.08.2017 2:07:15: SvegeeMyaso был съеден зомби! 
19.08.2017 2:08:16: Monty C10uD CSGO500 был съеден зомби! 
19.08.2017 2:08:28: SvegeeMyaso был съеден зомби! 
19.08.2017 2:13:23: Mychalich был съеден зомби! 
19.08.2017 2:13:38: SvegeeMyaso был съеден зомби! 
19.08.2017 2:15:31: Monty C10uD CSGO500 был съеден зомби! 
19.08.2017 2:17:00: SvegeeMyaso истЄк кровью!
19.08.2017 2:19:10: Monty C10uD CSGO500 был съеден зомби! 
19.08.2017 2:26:54: SvegeeMyaso истЄк кровью!
19.08.2017 2:28:12: Monty C10uD CSGO500 был съеден зомби! 
19.08.2017 2:29:41: zero3141 был съеден зомби! 
19.08.2017 2:33:10: Mychalich был съеден зомби! 
19.08.2017 2:48:55: Monty C10uD CSGO500 был съеден зомби! 
19.08.2017 2:49:06: Mychalich был убит плювальщиком!
19.08.2017 2:49:12: SvegeeMyaso был съеден зомби! 
19.08.2017 2:59:00: Monty C10uD CSGO500 был съеден зомби! 
19.08.2017 2:59:32: Mychalich совершил суецид!
19.08.2017 3:04:35: Monty C10uD CSGO500 был съеден зомби! 
19.08.2017 3:16:39: Monty C10uD CSGO500 истЄк кровью!
19.08.2017 3:19:09: Monty C10uD CSGO500 был съеден зомби! 
19.08.2017 3:21:09: Monty C10uD CSGO500 был съеден зомби! 
19.08.2017 3:29:35: SvegeeMyaso отравилс€!
19.08.2017 3:32:26: SvegeeMyaso был съеден зомби! 
19.08.2017 3:32:52: Monty C10uD CSGO500 истЄк кровью!
19.08.2017 3:35:36: Mychalich был съеден зомби! 
19.08.2017 3:36:19: SvegeeMyaso был съеден зомби! 
19.08.2017 3:42:58: Monty C10uD CSGO500 истЄк кровью!
19.08.2017 3:42:59: SvegeeMyaso был съеден зомби! 
19.08.2017 3:50:55: isaacday31 был съеден зомби! 
19.08.2017 8:45:16: 7_AleX_3 совершил суецид!
19.08.2017 9:08:58: 7_AleX_3 был убит взрывной волной от машины!
19.08.2017 9:13:29: danil_gatiev был убит камушком!
19.08.2017 9:22:18: 7_AleX_3 был убит взрывной волной от машины!
19.08.2017 9:30:01: Danil_Boss был съеден зомби! 
19.08.2017 9:30:06: Sans_super был съеден зомби! 
19.08.2017 10:18:03: сталкер устал до смерти!
19.08.2017 10:20:13: сталкер был съеден зомби! 
19.08.2017 10:43:13: јндрей ћалишов был убит взрывной волной от машины!
19.08.2017 16:45:23: 7_AleX_3, HP: 100%, убит, сталкер, использу€ Scalar !
19.08.2017 16:45:27: kjsnfku90ijgioru, убит в голову, 7_AleX_3, HP: 100%, использу€ Scalar !
19.08.2017 16:45:40: DMFTW, убит в голову, Chedmass, HP: 88%, использу€ Nightraider !
19.08.2017 16:46:41: DMFTW, убит в голову, artgalary, HP: 100%, использу€ Masterkey !
19.08.2017 16:47:50: NEREX, убит в голову, alext1236, HP: 84%, использу€ Viper !
19.08.2017 16:48:21: 7_AleX_3, HP: 100%, убит, сталкер, использу€ Maplestrike !
19.08.2017 16:48:30: AL13N был съеден зомби! 
19.08.2017 16:48:46: AL13N, HP: 100%, дралс€ NEREX, и умер!
19.08.2017 16:48:47: RUNNUR, убит в голову, Roma_Chaos, HP: 61%, использу€ Maplestrike !
19.08.2017 16:50:53: Frost, убит в голову, NEREX, HP: 84%, использу€ Military Knife !
19.08.2017 16:52:51: Roma_Chaos, HP: 100%, убит, ridder1985, использу€ Maplestrike !
19.08.2017 16:54:00: Zlo, HP: 100%, убит, Andrej Oxotnik, использу€ Grizzly !
19.08.2017 16:55:04: Andrej Oxotnik, убит в голову, Zlo, HP: 100%, использу€ Calling Card !
19.08.2017 16:55:37: ¬ова ѕетров, убит в голову, ridder1985, HP: 72%, использу€ Yuri !
19.08.2017 16:55:46: Roma_Chaos, HP: 82%, убит, ridder1985, использу€ Viper !
19.08.2017 16:55:52: ridder1985 совершил суецид!
19.08.2017 16:56:09: kjsnfku90ijgioru, убит в голову, cdzn, HP: 77%, использу€ Maschinengewehr !
19.08.2017 16:56:22: dexter_morgan был убит взрывной волной от машины!
19.08.2017 16:56:49: dexter_morgan был съеден зомби! 
19.08.2017 16:57:00: vitalik.dmitriev.06 был съеден зомби! 
19.08.2017 16:57:30: ridder1985, HP: 100%, убит, Roma_Chaos, использу€ Bluntforce !
19.08.2017 16:57:34: ¬ова ѕетров, HP: 37%, убит, ridder1985, использу€ Fusilaut !
19.08.2017 16:57:46: artgalary был съеден зомби! 
19.08.2017 16:58:10: vitalik.dmitriev.06 истЄк кровью!
19.08.2017 16:58:54: ¬ова ѕетров, HP: 46%, убит, ridder1985, использу€ Fusilaut !
19.08.2017 17:00:07: ridder1985, убит в голову, Roma_Chaos, HP: 100%, использу€ Maplestrike !
19.08.2017 17:01:41: alext1236 истЄк кровью!
19.08.2017 17:02:07: ridder1985, убит в голову, Roma_Chaos, HP: 100%, использу€ Maplestrike !
19.08.2017 17:02:33: dexter_morgan совершил суецид!
19.08.2017 17:04:04: ridder1985, убит в голову, Roma_Chaos, HP: 100%, использу€ Maplestrike !
19.08.2017 17:05:45: ridder1985 истЄк кровью!
19.08.2017 17:06:36: Roma_Chaos, HP: 77%, убит, ridder1985, использу€ Maplestrike !
19.08.2017 17:07:02: SyMkA был убит взрывной волной от машины!
19.08.2017 17:07:02: alext1236 был убит взрывной волной от машины!
19.08.2017 17:07:08: artgalary был съеден зомби! 
19.08.2017 17:09:40: S.mickityuck, HP: 100%, убит, SyMkA, использу€ Scalar !
19.08.2017 17:11:25: tomos.2000 был съеден зомби! 
19.08.2017 17:19:26: alext1236 был убит взрывной волной от машины!
19.08.2017 17:20:10: ¬ова ѕетров, HP: 78%, убит, 7_AleX_3, использу€ Honeybadger !
19.08.2017 17:20:13: cdzn был съеден зомби! 
19.08.2017 17:20:15: ridder1985 истЄк кровью!
19.08.2017 17:22:38: Belitov истЄк кровью!
19.08.2017 17:22:53: ridder1985, убит в голову, ¬ова ѕетров, HP: 78%, использу€ Honeybadger !
19.08.2017 17:22:55: ¬ова ѕетров, убит в голову, 7_AleX_3, HP: 100%, использу€ Augewehr !
19.08.2017 17:23:04: Roma_Chaos, HP: 99%, убит, 7_AleX_3, использу€ Maplestrike !
19.08.2017 17:23:17: ridder1985, убит в голову, Roma_Chaos, HP: 99%, использу€ Maplestrike !
19.08.2017 17:25:40: dexter_morgan was shot down by a sentry
19.08.2017 17:26:15: Keksik228, убит в голову, 7_AleX_3, HP: 100%, использу€ Military Knife !
19.08.2017 17:26:15: dexter_morgan, убит в голову, 7_AleX_3, HP: 90%, использу€ Military Knife !
19.08.2017 17:30:49: Keksik228, убит в голову, Zlo, HP: 100%, использу€ Augewehr !
19.08.2017 17:30:55: Tohasaw совершил суецид!
19.08.2017 17:31:23: ridder1985, убит в голову, hagik, HP: 64%, использу€ Military Knife !
19.08.2017 17:31:33: 7_AleX_3, убит в голову, hagik, HP: 36%, использу€ Military Knife !
19.08.2017 17:32:27: Zlo, HP: 100%, убит, ( —ќЅ–)ћџЎ ј, использу€ Augewehr !
19.08.2017 17:32:30: vitalik.dmitriev.06 совершил суецид!
19.08.2017 17:32:31: SHIZBO сгорел!
19.08.2017 17:33:57: Leks, HP: 81%, убит, hagik, использу€ Augewehr !
19.08.2017 17:37:28: FACE был съеден зомби! 
19.08.2017 17:37:46: 7_AleX_3, убит в голову, hagik, HP: 58%, использу€ Military Knife !
19.08.2017 17:37:52: ridder1985, убит в голову, hagik, HP: 25%, использу€ Military Knife !
19.08.2017 17:38:16: SHIZBO совершил суецид!
19.08.2017 17:38:24: hagik, убит в голову, 7_AleX_3, HP: 100%, использу€ Military Knife !
19.08.2017 17:38:36: hagik, HP: 100%, был отравлен, ridder1985, и умер! использу€ Military Knife
19.08.2017 17:38:52: hagik, убит в голову, 7_AleX_3, HP: 100%, использу€ Maplestrike !
19.08.2017 17:41:07: KubusPlay, убит в голову, “ошка Ќишт€к, HP: 100%, использу€ Military Knife !
19.08.2017 17:41:07: hagik, убит в голову, 7_AleX_3, HP: 100%, использу€ Maplestrike !
19.08.2017 17:41:35: Keksik228, HP: 69%, убит, worck_street, использу€ Yuri !
19.08.2017 17:43:53: hagik был убит взрывной волной от машины!
19.08.2017 17:44:19: Belitov был съеден зомби! 
19.08.2017 17:45:19: ridder1985 был убит взрывной волной от машины!
19.08.2017 17:45:19: 7_AleX_3 был убит взрывной волной от машины!
19.08.2017 17:45:59: Badboy, убит в голову, worck_street, HP: 100%, использу€ Avenger !
19.08.2017 17:46:28: worck_street был съеден зомби! 
19.08.2017 17:50:41: Logoped истЄк кровью!
19.08.2017 17:51:20: SHIZBO был съеден зомби! 
19.08.2017 17:51:38: 7_AleX_3 был съеден зомби! 
19.08.2017 17:51:39: Badboy был съеден зомби! 
19.08.2017 17:51:48: NOVAREIDER совершил суецид!
19.08.2017 17:52:05: Tohasaw был съеден зомби! 
19.08.2017 17:55:03: 7_AleX_3, убит в голову, Zlo, HP: 100%, использу€ Augewehr !
19.08.2017 17:56:04: 7_AleX_3, убит в голову, Zlo, HP: 100%, использу€ Butterfly Knife !
19.08.2017 17:58:33: [Sobaken!] Ў≈–»‘ был съеден зомби! 
19.08.2017 17:59:21: ridder1985 совершил суецид!
19.08.2017 17:59:30: ridder1985 совершил суецид!
19.08.2017 18:00:42: ridder1985 совершил суецид!
19.08.2017 18:01:47: SyMkA был съеден зомби! 
19.08.2017 18:04:43: Zlo, HP: 100%, был отравлен, Hyperburst, и умер! использу€ Chainsaw
19.08.2017 18:06:11: dexter_morgan был съеден зомби! 
19.08.2017 18:20:26: ORHAN BENCEGAY, убит в голову, ridder1985, HP: 93%, использу€ Sabertooth !
19.08.2017 18:21:08: ¬ова ѕетров истЄк кровью!
19.08.2017 18:21:18: Hyperburst, убит в голову, Zlo, HP: 100%, использу€ Butterfly Knife !
19.08.2017 18:25:04: ridder1985 был съеден зомби! 
19.08.2017 18:25:21: Blackflame :D (—ерЄга) истЄк кровью!
19.08.2017 18:25:54: ORHAN BENCEGAY истЄк кровью!
19.08.2017 18:29:59: Blackflame :D (—ерЄга), HP: 22%, убит, Zlo, использу€ Maplestrike !
19.08.2017 18:30:03: Blackflame :D (—ерЄга) был съеден зомби! 
19.08.2017 18:31:19: vitalik.dmitriev.06 совершил суецид!
19.08.2017 18:31:39: Sarnavskiy.v, HP: 100%, убит, lolololo, использу€ Ekho !
19.08.2017 18:31:42: Blackflame :D (—ерЄга) истЄк кровью!
19.08.2017 18:32:22: Blackflame :D (—ерЄга) blew up by a grenade!
19.08.2017 18:33:01: GamerTr26, убит в голову, ORHAN BENCEGAY, HP: 11%, использу€ Fire Axe !
19.08.2017 18:33:12: alext1236, HP: 97%, убит, ORHAN BENCEGAY, использу€ Viper !
19.08.2017 18:33:28: Sarnavskiy.v, HP: 100%, убит, lolololo, использу€ Ekho !
19.08.2017 18:36:12: dexter был съеден зомби! 
19.08.2017 18:39:12: dexter был съеден зомби! 
19.08.2017 18:41:53: lolololo, убит в голову, Sarnavskiy.v, HP: 100%, использу€ Ekho !
19.08.2017 18:44:22: RUNNUR, убит в голову, SyMkA, HP: 62%, использу€ Military Knife !
19.08.2017 18:46:30: dexter устал до смерти!
19.08.2017 18:46:34: dexter_morgan совершил суецид!
19.08.2017 18:52:30: SyMkA, HP: 77%, убит, dexter, использу€ Cobra !
19.08.2017 18:53:54: DarkLife был съеден зомби! 
19.08.2017 19:02:28: CSGOWEST.COM истЄк кровью!
19.08.2017 19:06:04: Ch-er-na-ya ko-sh-ka был съеден зомби! 
19.08.2017 19:07:23: vitalik.dmitriev.06 совершил суецид!
19.08.2017 19:08:58: dexter_morgan, HP: 80%, убит, Ch-er-na-ya ko-sh-ka, использу€ Heartbreaker !
19.08.2017 19:11:37: RUNNUR был убит взрывной волной от машины!
19.08.2017 19:17:47: RUNNUR разбилс€ насмерть!
19.08.2017 19:18:20: Roma_Chaos, HP: 65%, убит, лЄд, использу€ Maplestrike !
19.08.2017 19:18:59: dexter_morgan, убит в голову, Zlo, HP: 100%, использу€ Grizzly !
19.08.2017 19:19:34: dexter_morgan, убит в голову, Zlo, HP: 100%, использу€ Grizzly !
19.08.2017 19:27:51: stepa устал до смерти!
19.08.2017 19:31:22: RUNNUR был съеден зомби! 
19.08.2017 19:38:08: RUNNUR сгорел!
19.08.2017 19:40:07: vitalik.dmitriev.06 был съеден зомби! 
19.08.2017 19:40:19: un истЄк кровью!
19.08.2017 19:40:57: TEAmSEAm, HP: 35%, убит, un, использу€ Heartbreaker !
19.08.2017 19:41:09: RUNNUR сгорел!
19.08.2017 19:41:39: un, убит в голову, Tohasaw, HP: 84%, использу€ Cobra !
19.08.2017 19:42:12: TEAmSEAm, HP: 35%, был отравлен, un, и умер! использу€ Camp Axe
19.08.2017 19:44:00: Tohasaw, HP: 84%, был отравлен, un, и умер! использу€ Chainsaw
19.08.2017 19:45:49: dexter_morgan был убит камушком!
19.08.2017 19:46:43: TEAmSEAm, HP: 35%, был отравлен, un, и умер! использу€ Chainsaw
19.08.2017 19:49:04: alext1236 был съеден зомби! 
19.08.2017 19:50:48: Soggy has been blown up by a landmine!
19.08.2017 19:50:50: KlausBaer истЄк кровью!
19.08.2017 19:51:17: ¬ова ѕетров истЄк кровью!
19.08.2017 19:51:53: un, убит в голову, TEAmSEAm, HP: 35%, использу€ Chainsaw !
19.08.2017 19:52:44: RUNNUR был съеден зомби! 
19.08.2017 19:53:03: alext1236 был убит плювальщиком!
19.08.2017 19:56:27: Soggy был съеден зомби! 
19.08.2017 19:56:30: KlausBaer был съеден зомби! 
19.08.2017 20:03:54: artgalary был съеден зомби! 
19.08.2017 20:07:20: Tohasaw, убит в голову, Zlo, HP: 97%, использу€ Butterfly Knife !
19.08.2017 20:09:51: 7_AleX_3 устал до смерти!
19.08.2017 20:10:49: 7_AleX_3 истЄк кровью!
19.08.2017 20:14:19: artgalary истЄк кровью!
19.08.2017 20:14:30: TEAmSEAm истЄк кровью!
19.08.2017 20:18:31: TEAmSEAm был съеден зомби! 
19.08.2017 20:19:49: Zlo, HP: 100%, убит, 7_AleX_3, использу€ Augewehr !
19.08.2017 20:20:03: TEAmSEAm был убит плювальщиком!
19.08.2017 20:25:53: Blackflame :D (—ерЄга), HP: 94%, убит, 7_AleX_3, использу€ Maplestrike !
19.08.2017 20:26:32: 7_AleX_3, убит в голову, Blackflame :D (—ерЄга), HP: 94%, использу€ Maplestrike !
19.08.2017 20:26:55: artgalary истЄк кровью!
19.08.2017 20:27:35: лЄд истЄк кровью!
19.08.2017 20:41:02: artgalary, HP: 50%, был отравлен, Koz9va, и умер! использу€ Military Knife
19.08.2017 20:41:09: artgalary был съеден зомби! 
19.08.2017 20:45:29: Koz9va был съеден зомби! 
19.08.2017 20:48:48: artgalary истЄк кровью!
19.08.2017 20:51:11: Koz9va истЄк кровью!
19.08.2017 20:54:02: alext1236 был съеден зомби! 
19.08.2017 20:54:34: Koz9va был съеден зомби! 
19.08.2017 20:54:53: artgalary был съеден зомби! 
19.08.2017 20:57:42: SyMkA был убит камушком!
19.08.2017 20:58:02: SHIZBO был съеден зомби! 
19.08.2017 20:58:07: Keksik228 был съеден зомби! 
19.08.2017 21:00:27: Keksik228, убит в голову, Zlo, HP: 100%, использу€ Bluntforce !
19.08.2017 21:06:12: alext1236 blew up by a grenade!
19.08.2017 21:11:56: S.mickityuck, HP: 100%, убит, Hyperburst, использу€ Scalar !
19.08.2017 21:15:54: Zlo был съеден зомби! 
19.08.2017 21:16:57: alext1236 истЄк кровью!
19.08.2017 21:21:27: un совершил суецид!
19.08.2017 22:18:07: Weeaboo Dude сгорел!
19.08.2017 22:24:55: liampuo совершил суецид!
19.08.2017 22:25:04: liampuo совершил суецид!
19.08.2017 22:25:10: liampuo совершил суецид!
19.08.2017 22:25:16: liampuo совершил суецид!
19.08.2017 22:25:21: liampuo совершил суецид!
19.08.2017 22:25:29: liampuo совершил суецид!
19.08.2017 22:27:56: SHIZBO совершил суецид!
19.08.2017 22:45:50: dimasik159260 убит в голову, Zlo, HP: 100%!
19.08.2017 22:45:59: SHIZBO убит в голову, Zlo, HP: 100%!
19.08.2017 22:46:36: dimasik159260, убит в голову, Zlo, HP: 100%, использу€ Bluntforce !
19.08.2017 22:47:04: Zlo, HP: 100%, убит, SHIZBO, использу€ Bluntforce !
19.08.2017 22:47:10: dimasik159260, убит в голову, Zlo, HP: 100%, использу€ Bluntforce !
19.08.2017 22:47:19: SHIZBO совершил суецид!
19.08.2017 22:53:15: wubba9 был съеден зомби! 
19.08.2017 22:54:05: liampuo, убит в голову, Zlo, HP: 100%, использу€ Bluntforce !
19.08.2017 22:54:39: liampuo, убит в голову, Zlo, HP: 100%, использу€ Bluntforce !
19.08.2017 22:55:15: liampuo, убит в голову, Zlo, HP: 100%, использу€ Bluntforce !
19.08.2017 22:57:03: liampuo, убит в голову, Zlo, HP: 100%, использу€ Bluntforce !
19.08.2017 22:57:40: liampuo, убит в голову, Zlo, HP: 100%, использу€ Bluntforce !
19.08.2017 22:58:22: Zlo, HP: 100%, убит, liampuo, использу€ Bluntforce !
19.08.2017 22:59:24: liampuo истЄк кровью!
19.08.2017 23:00:31: Zlo, HP: 100%, убит, liampuo, использу€ Bluntforce !
19.08.2017 23:01:23: liampuo, убит в голову, Zlo, HP: 100%, использу€ Bluntforce !
19.08.2017 23:01:55: liampuo, убит в голову, Zlo, HP: 100%, использу€ Bluntforce !
19.08.2017 23:01:57: wubba9 был съеден зомби! 
19.08.2017 23:02:41: Zlo, HP: 100%, убит, liampuo, использу€ Bluntforce !
19.08.2017 23:03:17: liampuo, убит в голову, Zlo, HP: 99%, использу€ Butterfly Knife !
19.08.2017 23:04:36: liampuo, убит в голову, Zlo, HP: 100%, использу€ Bluntforce !
19.08.2017 23:05:57: liampuo, убит в голову, Zlo, HP: 100%, использу€ Grizzly !
19.08.2017 23:06:35: Zlo, HP: 100%, убит, liampuo, использу€ Bluntforce !
19.08.2017 23:07:59: Mikx истЄк кровью!
19.08.2017 23:08:23: ad248324 был съеден зомби! 
19.08.2017 23:09:15: liampuo, убит в голову, Zlo, HP: 100%, использу€ Bluntforce !
19.08.2017 23:13:54: Mikx был съеден зомби! 
19.08.2017 23:18:04: Monty C10uD CSGO500 был съеден зомби! 
19.08.2017 23:18:37: лЄд совершил суецид!
19.08.2017 23:20:02: Mychalich истЄк кровью!
19.08.2017 23:20:41: лЄд был съеден зомби! 
19.08.2017 23:20:47: Monty C10uD CSGO500 был съеден зомби! 
19.08.2017 23:21:39: Mychalich был съеден зомби! 
19.08.2017 23:22:47: лЄд совершил суецид!
19.08.2017 23:24:19: лЄд совершил суецид!
19.08.2017 23:25:35: Mychalich был съеден зомби! 
19.08.2017 23:26:14: лЄд совершил суецид!
19.08.2017 23:26:58: SHIZBO утонул!
19.08.2017 23:28:29: Monty C10uD CSGO500 был съеден зомби! 
19.08.2017 23:31:55: Zlo, убит в голову, Mychalich, HP: 33%, использу€ Military Knife !
19.08.2017 23:32:13: Zlo, HP: 100%, убит, Mychalich, использу€ Bluntforce !
19.08.2017 23:33:29: Mychalich был съеден зомби! 
19.08.2017 23:36:55: Mychalich был съеден зомби! 
19.08.2017 23:37:43: Monty C10uD CSGO500 был съеден зомби! 
19.08.2017 23:44:33: Zlo, HP: 100%, убит, лЄд, использу€ Bluntforce !
19.08.2017 23:52:17: Monty C10uD CSGO500 был съеден зомби! 
19.08.2017 23:55:25: Tohasaw был убит камушком!
19.08.2017 23:56:37: серЄга был съеден зомби! 
19.08.2017 23:56:40: Mychalich был убит плювальщиком!
19.08.2017 23:56:49: SHIZBO истЄк кровью!
19.08.2017 23:58:35: Monty C10uD CSGO500 был съеден зомби! 
19.08.2017 23:59:51: серЄга был съеден зомби! 
19.08.2017 23:59:58: SHIZBO был убит плювальщиком!
20.08.2017 0:04:30: серЄга был съеден зомби! 
20.08.2017 0:17:19: Monty C10uD CSGO500 был съеден зомби! 
20.08.2017 0:17:24: SvegeeMyaso был съеден зомби! 
20.08.2017 0:25:48: vitya456wewe был съеден зомби! 
20.08.2017 0:26:17: fast.playyt истЄк кровью!
20.08.2017 0:28:50: Mychalich был съеден зомби! 
20.08.2017 0:29:34: SvegeeMyaso was shot down by a sentry
20.08.2017 0:32:42: SvegeeMyaso истЄк кровью!
20.08.2017 0:32:46: Mychalich истЄк кровью!
20.08.2017 0:34:37: vitya456wewe был съеден зомби! 
20.08.2017 0:34:41: fast.playyt был съеден зомби! 
20.08.2017 0:36:36: Monty C10uD CSGO500 истЄк кровью!
20.08.2017 0:44:15: Mychalich, убит в голову, Monty C10uD CSGO500, HP: 45%, использу€ Katana !
20.08.2017 0:44:55: SvegeeMyaso был съеден зомби! 
20.08.2017 0:46:53: Monty C10uD CSGO500 был съеден зомби! 
20.08.2017 0:49:55: Monty C10uD CSGO500, убит в голову, Mychalich, HP: 25%, использу€ Katana !
20.08.2017 0:51:18: rdzmvero026 истЄк кровью!
20.08.2017 1:00:51: Tohasaw утонул!
20.08.2017 1:14:13: Monty C10uD CSGO500, убит в голову, Chedmass, HP: 100%, использу€ Heartbreaker !
20.08.2017 1:18:54: Mychalich был съеден зомби! 
20.08.2017 1:19:02: SvegeeMyaso был съеден зомби! 
20.08.2017 1:21:51: lavaman был съеден зомби! 
20.08.2017 1:38:40: лЄд, HP: 92%, был отравлен, Jerk, и умер! использу€ Chainsaw
20.08.2017 2:01:29: лЄд истЄк кровью!
20.08.2017 2:43:37: Tohasaw истЄк кровью!
20.08.2017 2:44:06: Pao, убит в голову, Chedmass, HP: 74%, использу€ Maschinengewehr !
20.08.2017 9:05:44: Ch-er-na-ya ko-sh-ka истЄк кровью!
20.08.2017 10:10:12: danil_gatiev был съеден зомби! 
20.08.2017 11:39:17: Donald Mekhen был съеден зомби! 
20.08.2017 12:00:51: MayKill был съеден зомби! 
20.08.2017 12:05:36: Donald Mekhen был съеден зомби! 
20.08.2017 12:29:22: јндрей ћалишов истЄк кровью!
20.08.2017 12:31:04: јндрей ћалишов был съеден зомби! 
20.08.2017 12:42:55: Ch-er-na-ya ko-sh-ka был съеден зомби! 
20.08.2017 12:44:37: Ch-er-na-ya ko-sh-ka истЄк кровью!
20.08.2017 12:47:28: Skayer истЄк кровью!
20.08.2017 12:57:39: timur разбилс€ насмерть!
20.08.2017 13:47:47: GELIS разбилс€ насмерть!
20.08.2017 13:48:44: GELIS был съеден зомби! 
20.08.2017 13:50:25: 7_AleX_3 совершил суецид!
20.08.2017 13:57:00: SHIZBO был съеден зомби! 
20.08.2017 13:57:41: GELIS разбилс€ насмерть!
20.08.2017 13:59:20: PILOT был съеден зомби! 
20.08.2017 14:03:36: BlackSKill был съеден зомби! 
20.08.2017 14:24:25: »ван —нейк совершил суецид!
20.08.2017 14:25:13: 11deader11 совершил суецид!
20.08.2017 14:35:04: SHIZBO совершил суецид!
20.08.2017 14:39:05: NOVAREIDER отравилс€!
20.08.2017 14:40:59: NOVAREIDER отравилс€!
20.08.2017 14:43:26: NOVAREIDER отравилс€!
20.08.2017 14:47:06: liampuo совершил суецид!
20.08.2017 14:47:40: liampuo совершил суецид!
20.08.2017 14:48:10: 7_AleX_3 совершил суецид!
20.08.2017 14:48:57: »ль€ —мирнов истЄк кровью!
20.08.2017 14:51:04: Hyperburst совершил суецид!
20.08.2017 14:54:42: »ль€ —мирнов истЄк кровью!
20.08.2017 14:56:07: »ль€ —мирнов был съеден зомби! 
20.08.2017 14:57:53: liampuo был съеден зомби! 
20.08.2017 14:58:13: liampuo совершил суецид!
20.08.2017 15:00:37: Nikita совершил суецид!
20.08.2017 15:02:50: 7_AleX_3 истЄк кровью!
20.08.2017 15:37:18: shlikovda был съеден зомби! 
20.08.2017 15:41:21: firefrost был съеден зомби! 
20.08.2017 15:46:49: dexter_morgan был съеден зомби! 
20.08.2017 15:53:03: dexter_morgan истЄк кровью!
20.08.2017 15:57:43: firefrost истЄк кровью!
20.08.2017 16:07:13: mborzihd был съеден зомби! 
20.08.2017 16:10:20: QuickGuy был съеден зомби! 
20.08.2017 16:18:16: firefrost истЄк кровью!
20.08.2017 16:19:55: Kaaskroket64 был съеден зомби! 
20.08.2017 16:20:34: Nekto был съеден зомби! 
20.08.2017 16:20:47: dexter_morgan был съеден зомби! 
20.08.2017 16:27:15: QuickGuy истЄк кровью!
20.08.2017 16:28:20: Chedmass совершил суецид!
20.08.2017 16:31:52: Chedmass совершил суецид!
20.08.2017 16:34:34: ћј—Ћ»Ќў» 228 совершил суецид!
20.08.2017 16:34:51: QuickGuy был съеден зомби! 
20.08.2017 16:35:16: Chedmass сгорел!
20.08.2017 16:37:01: Nekto истЄк кровью!
20.08.2017 16:44:14: QuickGuy был съеден зомби! 
20.08.2017 16:49:17: QuickGuy был съеден зомби! 
20.08.2017 16:49:27: XanaX был съеден зомби! 
20.08.2017 16:52:38: XanaX был съеден зомби! 
20.08.2017 16:52:48: Nekto был съеден зомби! 
20.08.2017 17:00:24: kartur083 был съеден зомби! 
20.08.2017 17:01:56: Nekto был съеден зомби! 
20.08.2017 17:08:55: Nekto был съеден зомби! 
20.08.2017 17:10:25: Nekto был съеден зомби! 
20.08.2017 17:10:41: Ћососино хоз€йство был съеден зомби! 
20.08.2017 17:13:30: QuickGuy был съеден зомби! 
20.08.2017 17:13:52: максвойц был съеден зомби! 
20.08.2017 17:16:52: Nekto был съеден зомби! 
20.08.2017 17:20:48: Nekto был съеден зомби! 
20.08.2017 18:08:01: ѕетрович истЄк кровью!
20.08.2017 18:11:44: ѕетрович был съеден зомби! 
20.08.2017 18:11:49: —тиль „ун-’аен √он был съеден зомби! 
20.08.2017 18:22:49: vitalik.dmitriev.06 был съеден зомби! 
20.08.2017 18:22:50: dexter_morgan был съеден зомби! 
20.08.2017 18:38:22: KA5 был съеден зомби! 
20.08.2017 18:41:47: dexter_morgan был съеден зомби! 
20.08.2017 18:47:38: dexter_morgan был съеден зомби! 
20.08.2017 18:51:22: dexter_morgan был съеден зомби! 
20.08.2017 19:12:35: vitalik.dmitriev.06 совершил суецид!
20.08.2017 19:30:49: Sarnavskiy.v был убит взрывной волной от машины!
20.08.2017 19:32:17: dexter_morgan истЄк кровью!
20.08.2017 19:33:43: vitalik.dmitriev.06 был съеден зомби! 
20.08.2017 19:36:12: јндрей_ћаркин был съеден зомби! 
20.08.2017 19:48:54: dexter_morgan истЄк кровью!
20.08.2017 20:02:49: –услан Ћетошников был съеден зомби! 
20.08.2017 20:04:51: AydTDM был съеден зомби! 
20.08.2017 20:08:17: –услан Ћетошников был съеден зомби! 
20.08.2017 20:11:24: martin179 был съеден зомби! 
20.08.2017 20:14:37: AydTDM был съеден зомби! 
20.08.2017 20:15:36: Lev Diamond был съеден зомби! 
20.08.2017 20:16:16: jackiss был съеден зомби! 
20.08.2017 20:18:38: Sarnavskiy.v был съеден зомби! 
20.08.2017 20:19:45: AydTDM был съеден зомби! 
20.08.2017 20:20:09: poliraihansi истЄк кровью!
20.08.2017 20:23:06: danil_gatiev был съеден зомби! 
20.08.2017 20:25:09:  расна€ Ўапочка совершил суецид!
20.08.2017 20:28:34: AydTDM был съеден зомби! 
20.08.2017 20:29:40: AydTDM был съеден зомби! 
20.08.2017 20:31:20: arkadata истЄк кровью!
20.08.2017 20:33:46: jackaboy истЄк кровью!
20.08.2017 20:34:27: Zlo совершил суецид!
20.08.2017 20:37:21: AydTDM был съеден зомби! 
20.08.2017 20:38:28: tk84construction истЄк кровью!
20.08.2017 20:38:47: jackaboy был съеден зомби! 
20.08.2017 20:39:23: arkadata совершил суецид!
20.08.2017 20:41:32: savin был съеден зомби! 
20.08.2017 20:43:54: “имур ёнусов был съеден зомби! 
20.08.2017 20:46:18: dexter_morgan утонул!
20.08.2017 20:48:15: AydTDM был съеден зомби! 
20.08.2017 20:54:03: danil_gatiev истЄк кровью!
20.08.2017 20:55:23: h410pr0 был съеден зомби! 
20.08.2017 21:41:59: www.matnad истЄк кровью!
20.08.2017 21:44:37: Adwaret истЄк кровью!
20.08.2017 21:44:58: Yolobenji22 был съеден зомби! 
20.08.2017 21:53:17: Rafik совершил суецид!
20.08.2017 21:59:29: Yolobenji22 был съеден зомби! 
20.08.2017 22:00:53: Yolobenji22 был съеден зомби! 
20.08.2017 22:03:19: Yolobenji22 был съеден зомби! 
20.08.2017 22:05:29: —јЌ» !!!!!!!!!!!!!!!! отравилс€!
20.08.2017 23:00:14: Xvery был съеден зомби! 
20.08.2017 23:09:41: S.mickityuck был убит взрывной волной от машины!
20.08.2017 23:11:10: Ќиколай ѕетрушкин был съеден зомби! 
20.08.2017 23:16:17: Ќиколай ѕетрушкин совершил суецид!
20.08.2017 23:20:30: Ќиколай ѕетрушкин истЄк кровью!
20.08.2017 23:41:34: Ќиколай ѕетрушкин истЄк кровью!
20.08.2017 23:43:22: Awesomeguy37-0 YT был съеден зомби! 
20.08.2017 23:50:54: Ќиколай ѕетрушкин был съеден зомби! 
21.08.2017 0:14:33: daniil1016 был съеден зомби! 
21.08.2017 1:23:38: nikgstores12 был съеден зомби! 
21.08.2017 1:27:42: Avtomechanik был съеден зомби! 
21.08.2017 1:44:07: glaz был съеден зомби! 
21.08.2017 4:31:00: NicK WildE был съеден зомби! 
21.08.2017 4:37:47: Kaito был съеден зомби! 
21.08.2017 7:51:17: Spagoni был съеден зомби! 
21.08.2017 7:52:24: Spagoni истЄк кровью!
21.08.2017 8:40:36: данил истЄк кровью!
21.08.2017 8:41:39: данил был съеден зомби! 
21.08.2017 8:43:43: 7_AleX_3 истЄк кровью!
21.08.2017 8:45:08: 7_AleX_3 истЄк кровью!
21.08.2017 8:45:18: 7_AleX_3 совершил суецид!
21.08.2017 8:59:07: данил был убит плювальщиком!
21.08.2017 8:59:10: 7_AleX_3 разбилс€ насмерть!
