Не обработано: RocketRcon v2.4.8.0
RocketRcon v2.4.8.0

Client has executed command "players"

TimerTerminateCommand.Enabled with Players:
Players:
PlayerID: 76561198280617288 Name: Незнаю какой придумать Character: Пипр Ping: 304
PlayerID: 76561198336965559 Name: Bomjara Character: Bomjara Ping: 93
PlayerID: 76561198363828451 Name: Ничоси Character: Кеша Ping: 35
PlayerID: 76561198165822970 Name: Indigo Character: Indigo Ping: 101
PlayerID: 76561198305732269 Name: Owl Character: Owl Ping: 70
PlayerID: 76561198390891968 Name: artyr-zakirov-96 Character: alkash Ping: 58
PlayerID: 76561198334346242 Name: мареонетка Character: [Кровавые]хмурый Ping: 113
PlayerID: 76561198386134948 Name: ZAGNIAGNIA Character: zakary.tellier Ping: 109
PlayerID: 76561198368128006 Name: Aibek Character: Aibek [A.S.D] Ping: 93
PlayerID: 76561198152563082 Name: Drakon Character: [MODER]Stanat Ping: 152
PlayerID: 76561198376117292 Name: mahanmirzade Character: mahanmirzade Ping: 210
PlayerID: 76561198373329433 Name: BEHDAD Character: killzone_is_BEHDAD Ping: 300
[World] Bomjara [Bomjara]: "да"

TimerTerminateCommand.Enabled with Players:
[World] [MODER]Stanat [Drakon]: "до завтра"

TimerTerminateCommand.Enabled with Players:
[World] [MODER]Stanat [Drakon]: "вс"

TimerTerminateCommand.Enabled with Players:
[World] mahanmirzade [mahanmirzade]: "/kits"

END with Players:
Client has executed command "bans"

TimerTerminateCommand.Enabled with Bans:
Bans:
PlayerID: 123123
JudgeID: 0
Reason: unspecified Duration: 31536000 Remaining: 31002338
PlayerID: 123
JudgeID: 0
Reason: durila Duration: 4000 Remaining: 4294438132
PlayerID: 76561198274427357
JudgeID: 0
Reason: you were vote kicked Duration: 180 Remaining: 4294466505

TimerTerminateCommand.Enabled with Bans:
Disconnecting: PlayerID: 76561198334346242 Name: мареонетка Character: [Кровавые]хмурый

TimerTerminateCommand.Enabled with Bans:
Disconnecting: PlayerID: 76561198280617288 Name: Незнаю какой придумать Character: Пипр

END with Bans:
[World] Indigo [Indigo]: "спс"

Client has executed command "players"

TimerTerminateCommand.Enabled with Players:
Players:
PlayerID: 76561198336965559 Name: Bomjara Character: Bomjara Ping: 39
PlayerID: 76561198363828451 Name: Ничоси Character: Кеша Ping: 39
PlayerID: 76561198165822970 Name: Indigo Character: Indigo Ping: 93
PlayerID: 76561198305732269 Name: Owl Character: Owl Ping: 70
PlayerID: 76561198390891968 Name: artyr-zakirov-96 Character: alkash Ping: 62
PlayerID: 76561198386134948 Name: ZAGNIAGNIA Character: zakary.tellier Ping: 140
PlayerID: 76561198368128006 Name: Aibek Character: Aibek [A.S.D] Ping: 113
PlayerID: 76561198152563082 Name: Drakon Character: [MODER]Stanat Ping: 156
PlayerID: 76561198376117292 Name: mahanmirzade Character: mahanmirzade Ping: 230
PlayerID: 76561198373329433 Name: BEHDAD Character: killzone_is_BEHDAD Ping: 250

TimerTerminateCommand.Enabled with Players:
Disconnecting: PlayerID: 76561198152563082 Name: Drakon Character: [MODER]Stanat

END with Players:
Client has executed command "bans"

TimerTerminateCommand.Enabled with Bans:
Bans:
PlayerID: 123123
JudgeID: 0
Reason: unspecified Duration: 31536000 Remaining: 31002321
PlayerID: 123
JudgeID: 0
Reason: durila Duration: 4000 Remaining: 4294438115
PlayerID: 76561198274427357
JudgeID: 0
Reason: you were vote kicked Duration: 180 Remaining: 4294466488

END with Bans:
[World] mahanmirzade [mahanmirzade]: "/kit claim"

Client has executed command "players"

TimerTerminateCommand.Enabled with Players:
Players:
PlayerID: 76561198336965559 Name: Bomjara Character: Bomjara Ping: 46
PlayerID: 76561198363828451 Name: Ничоси Character: Кеша Ping: 39
PlayerID: 76561198165822970 Name: Indigo Character: Indigo Ping: 50
PlayerID: 76561198305732269 Name: Owl Character: Owl Ping: 70
PlayerID: 76561198390891968 Name: artyr-zakirov-96 Character: alkash Ping: 70
PlayerID: 76561198386134948 Name: ZAGNIAGNIA Character: zakary.tellier Ping: 125
PlayerID: 76561198368128006 Name: Aibek Character: Aibek [A.S.D] Ping: 93
PlayerID: 76561198376117292 Name: mahanmirzade Character: mahanmirzade Ping: 191
PlayerID: 76561198373329433 Name: BEHDAD Character: killzone_is_BEHDAD Ping: 347

TimerTerminateCommand.Enabled with Players:
[World] killzone_is_BEHDAD [BEHDAD]: "/tpa mahan"

END with Players:
Client has executed command "bans"

TimerTerminateCommand.Enabled with Bans:
Bans:
PlayerID: 123123
JudgeID: 0
Reason: unspecified Duration: 31536000 Remaining: 31002301
PlayerID: 123
JudgeID: 0
Reason: durila Duration: 4000 Remaining: 4294438095
PlayerID: 76561198274427357
JudgeID: 0
Reason: you were vote kicked Duration: 180 Remaining: 4294466468

END with Bans:
