Не обработано: RocketRcon v2.4.8.0
RocketRcon v2.4.8.0

Client has executed command "players"

TimerTerminateCommand.Enabled with Players:
Players:
PlayerID: 76561198123840535 Name: ?????? Character: top Ping: 140
PlayerID: 76561198280617288 Name: Незнаю какой придумать Character: Пипр Ping: 50
PlayerID: 76561198152563082 Name: Drakon Character: [MODER]Stanat Ping: 160
PlayerID: 76561198364985994 Name: gubben Character: gubben Ping: 125
PlayerID: 76561198351213164 Name: _АхМеД_ Character: Виндяй Вечеслав Ping: 132
PlayerID: 76561198368128006 Name: Aibek Character: Aibek [A.S.D] Ping: 109
PlayerID: 76561198346656228 Name: #Sanion# Character: Citrus Ping: 132
PlayerID: 76561198278800086 Name: >>??<< Character: Антон Беляев Ping: 35

END with Players:
Client has executed command "bans"

TimerTerminateCommand.Enabled with Bans:
Bans:
PlayerID: 123123
JudgeID: 0
Reason: unspecified Duration: 31536000 Remaining: 31006009
PlayerID: 123
JudgeID: 0
Reason: durila Duration: 4000 Remaining: 4294441803
PlayerID: 76561198274427357
JudgeID: 0
Reason: you were vote kicked Duration: 180 Remaining: 4294470176

TimerTerminateCommand.Enabled with Bans:
[World] top [??????]: "/home"

END with Bans:
[World] [MODER]Stanat [Drakon]: "там бомж сдох"

