11.09.2017 10:22:36: ClientSocketLookup
11.09.2017 10:22:36: ClientSocketConnecting
11.09.2017 10:22:37: ClientSocketConnect
11.09.2017 10:22:37: ClientSocketWrite
12.09.2017 12:50:23: ClientSocketDisconnect
12.09.2017 12:50:23: ClientSocketLookup
12.09.2017 12:50:23: ClientSocketConnecting
12.09.2017 12:50:23: ClientSocketConnect
12.09.2017 12:50:23: ClientSocketWrite
14.09.2017 23:20:52: ClientSocketError Соединение прервано
14.09.2017 23:21:05: ClientSocketError eeSend
14.09.2017 23:21:05: ClientSocketDisconnect
14.09.2017 23:23:03: ClientSocketLookup
14.09.2017 23:23:03: ClientSocketConnecting
14.09.2017 23:23:03: ClientSocketConnect
14.09.2017 23:23:03: ClientSocketWrite
15.09.2017 10:29:04: ClientSocketDisconnect
15.09.2017 10:29:04: ClientSocketLookup
15.09.2017 10:29:04: ClientSocketConnecting
15.09.2017 10:29:04: ClientSocketConnect
15.09.2017 10:29:04: ClientSocketWrite
15.09.2017 14:33:40: ClientSocketError Соединение прервано
15.09.2017 14:33:41: ClientSocketError eeSend
15.09.2017 14:33:41: ClientSocketDisconnect
15.09.2017 15:27:44: ClientSocketLookup
15.09.2017 15:27:44: ClientSocketConnecting
15.09.2017 15:27:44: ClientSocketConnect
15.09.2017 15:27:44: ClientSocketWrite
15.09.2017 16:18:01: ClientSocketError Соединение прервано
15.09.2017 16:18:02: ClientSocketError eeSend
15.09.2017 16:18:02: ClientSocketDisconnect
15.09.2017 23:22:24: ClientSocketLookup
15.09.2017 23:22:24: ClientSocketConnecting
15.09.2017 23:22:24: ClientSocketConnect
15.09.2017 23:22:24: ClientSocketWrite
15.09.2017 23:23:24: ClientSocketError Соединение прервано
15.09.2017 23:23:34: ClientSocketError eeSend
15.09.2017 23:23:34: ClientSocketDisconnect
15.09.2017 23:24:44: ClientSocketLookup
15.09.2017 23:24:44: ClientSocketConnecting
15.09.2017 23:24:44: ClientSocketConnect
15.09.2017 23:24:44: ClientSocketWrite
17.09.2017 13:08:29: ClientSocketError Соединение прервано
17.09.2017 13:08:30: ClientSocketError eeSend
17.09.2017 13:08:30: ClientSocketDisconnect
17.09.2017 13:09:07: ClientSocketLookup
17.09.2017 13:09:07: ClientSocketConnecting
17.09.2017 13:09:07: ClientSocketConnect
17.09.2017 13:09:07: ClientSocketWrite
21.09.2017 15:03:42: ClientSocketError Соединение прервано
21.09.2017 15:03:43: ClientSocketError eeSend
21.09.2017 15:03:43: ClientSocketDisconnect
22.09.2017 10:20:47: ClientSocketLookup
22.09.2017 10:20:47: ClientSocketConnecting
22.09.2017 10:20:47: ClientSocketConnect
22.09.2017 10:20:47: ClientSocketWrite
