Не обработано: RocketRcon v2.4.8.0
RocketRcon v2.4.8.0

Client has executed command "players"

TimerTerminateCommand.Enabled with Players:
Players:
PlayerID: 76561198140053978 Name: 7_AleX_3 Character: 7_AleX_3 Ping: 35
PlayerID: 76561198314140913 Name: DireHick Character: JeffRee Ping: 35
PlayerID: 76561198256523318 Name: baha Character: baha Ping: 42
PlayerID: 76561198176817369 Name: ?. Character: GlodiS Ping: 89
PlayerID: 76561198366549870 Name: Expert13372284200 Character: Expert1337 Ping: 136
PlayerID: 76561198295801599 Name: Lo[x] Character: Lo[x] Ping: 50
PlayerID: 76561198276840558 Name: Котик ^-^ Character: kennys Ping: 85
PlayerID: 76561198322193999 Name: ™_Game®_™ Character: Карл Иванович Ping: 46
PlayerID: 76561198262878051 Name: Kolder Character: Kolder Ping: 46
PlayerID: 76561198287257345 Name: TheHard27 Character: TheHard27 Ping: 167
PlayerID: 76561198351213164 Name: _АхМеД_ Character: Виндяй Вечеслав Ping: 66

TimerTerminateCommand.Enabled with Players:
Client has executed command "bans"

END with Players:
TimerTerminateCommand.Enabled with Bans:
Bans:
PlayerID: 123123
JudgeID: 0
Reason: unspecified Duration: 31536000 Remaining: 31458555
PlayerID: 123
JudgeID: 0
Reason: durila Duration: 4000 Remaining: 4294894349
PlayerID: 76561198274427357
JudgeID: 0
Reason: you were vote kicked Duration: 180 Remaining: 4294922722

END with Bans:
Не обработано: MessageAnnouncer >> Broadcast: vk.com/hemulgm - ЕДИНСТВЕННЫЙ администратор сервера
MessageAnnouncer >> Broadcast: vk.com/hemulgm - ЕДИНСТВЕННЫЙ администратор сервера

Не обработано: MessageAnnouncer >> vk.com/hemulgm - ЕДИНСТВЕННЫЙ администратор сервера
MessageAnnouncer >> vk.com/hemulgm - ЕДИНСТВЕННЫЙ администратор сервера

Client has executed command "players"

TimerTerminateCommand.Enabled with Players:
Players:
PlayerID: 76561198140053978 Name: 7_AleX_3 Character: 7_AleX_3 Ping: 27
PlayerID: 76561198314140913 Name: DireHick Character: JeffRee Ping: 31
PlayerID: 76561198256523318 Name: baha Character: baha Ping: 42
PlayerID: 76561198176817369 Name: ?. Character: GlodiS Ping: 82
PlayerID: 76561198366549870 Name: Expert13372284200 Character: Expert1337 Ping: 148
PlayerID: 76561198295801599 Name: Lo[x] Character: Lo[x] Ping: 58
PlayerID: 76561198276840558 Name: Котик ^-^ Character: kennys Ping: 121
PlayerID: 76561198322193999 Name: ™_Game®_™ Character: Карл Иванович Ping: 50
PlayerID: 76561198262878051 Name: Kolder Character: Kolder Ping: 54
PlayerID: 76561198287257345 Name: TheHard27 Character: TheHard27 Ping: 203
PlayerID: 76561198351213164 Name: _АхМеД_ Character: Виндяй Вечеслав Ping: 78

END with Players:
[World] 7_AleX_3 [7_AleX_3]: "строить помагай"

[World] Expert1337 [Expert13372284200]: "jr"

Не обработано: Карл Иванович moved x:614.5159 y:64.89706(+26.41973) z:219.5454 in the last second (0.1176376)
Карл Иванович moved x:614.5159 y:64.89706(+26.41973) z:219.5454 in the last second (0.1176376)

[World] Expert1337 [Expert13372284200]: "сорян"

