23.06.2017 10:55:56: Разбанен 76561198274427357
23.06.2017 10:55:56: Successfully unbanned 76561198274427357!
23.06.2017 11:03:17: Вызван Airdrop
23.06.2017 11:03:17: Successfully set airdrop!
23.06.2017 11:03:18: Вызван Airdrop
23.06.2017 11:03:18: Successfully set airdrop!
23.06.2017 11:03:18: Вызван Airdrop
23.06.2017 11:03:18: Successfully set airdrop!
23.06.2017 13:43:52: Вызван массовый Airdrop (x10)
23.06.2017 13:43:52: Successfully set airdrop!
23.06.2017 13:43:52: Successfully set airdrop!
23.06.2017 13:43:52: Successfully set airdrop!
23.06.2017 13:43:53: Successfully set airdrop!
23.06.2017 13:43:53: Successfully set airdrop!
23.06.2017 13:43:53: Successfully set airdrop!
23.06.2017 13:43:53: Successfully set airdrop!
23.06.2017 13:43:53: Successfully set airdrop!
23.06.2017 13:43:53: Successfully set airdrop!
23.06.2017 13:43:53: Successfully set airdrop!
23.06.2017 16:07:44: Вызван Airdrop
23.06.2017 16:07:44: Successfully set airdrop!
23.06.2017 16:07:44: Вызван Airdrop
23.06.2017 16:07:44: Successfully set airdrop!
23.06.2017 16:09:49: Разбанен 76561198298091323
23.06.2017 16:09:49: Successfully unbanned 76561198298091323!
23.06.2017 16:14:31: Successfully set time to day!
