17.06.2017 22:45:33: ClientSocketLookup
17.06.2017 22:45:33: ClientSocketConnecting
17.06.2017 22:45:33: ClientSocketConnect
17.06.2017 22:45:33: ClientSocketWrite
18.06.2017 17:30:13: ClientSocketError eeSend
18.06.2017 17:30:13: ClientSocketDisconnect
18.06.2017 17:30:13: ClientSocketError eeReceive
18.06.2017 17:30:13: ClientSocketDisconnect
18.06.2017 17:30:13: ClientSocketError Соединение прервано
18.06.2017 17:30:29: ClientSocketLookup
18.06.2017 17:30:29: ClientSocketConnecting
18.06.2017 17:30:29: ClientSocketConnect
18.06.2017 17:30:29: ClientSocketWrite
18.06.2017 17:31:21: ClientSocketError Соединение прервано
18.06.2017 17:32:10: ClientSocketDisconnect
18.06.2017 17:32:10: ClientSocketLookup
18.06.2017 17:32:10: ClientSocketConnecting
18.06.2017 17:32:10: ClientSocketConnect
18.06.2017 17:32:10: ClientSocketWrite
18.06.2017 17:32:38: ClientSocketError eeReceive
18.06.2017 17:32:38: ClientSocketDisconnect
18.06.2017 17:32:38: ClientSocketError Соединение прервано
18.06.2017 17:33:12: ClientSocketLookup
18.06.2017 17:33:12: ClientSocketConnecting
18.06.2017 17:33:12: ClientSocketConnect
18.06.2017 17:33:12: ClientSocketWrite
