11.07.2017 9:26:45: Не обработано: boker был исцелён
11.07.2017 9:32:36: Не обработано: Danil_Boss [Danil_Boss] killed themself.
11.07.2017 9:34:16: Не обработано: Danil_Boss [Danil_Boss] was mauled by a zombie!
11.07.2017 9:36:04: Не обработано: boker moved x:-285.0837 y:71.25478(+17.29639) z:20.29331 in the last second (1)
11.07.2017 9:40:01: Не обработано: boker moved x:24.18812 y:106.2425(+51.65213) z:1345.761 in the last second (1.000008)
11.07.2017 9:40:47: Не обработано: boker moved x:104.9887 y:146.75(+41.48433) z:1840.131 in the last second (0.102417)
11.07.2017 9:41:04: Не обработано: koshieliev05 [koshieliev05] suffocated to death!
11.07.2017 9:41:11: Не обработано: koshieliev05 moved x:1214.608 y:38.79102(+44.78661) z:-1469.095 in the last second (1)
11.07.2017 9:46:39: Сохранение сервера
11.07.2017 9:55:00: Не обработано: boker moved x:-380.5526 y:71.25482(+16.79663) z:464.4794 in the last second (1)
11.07.2017 10:01:25: Не обработано: boker moved x:-1685.645 y:294.8927(+107.0244) z:355.5216 in the last second (0.1000061)
11.07.2017 10:05:06: Не обработано: boker moved x:-1685.645 y:294.8927(+33.10608) z:355.5216 in the last second (0.1000061)
11.07.2017 10:16:39: Сохранение сервера
11.07.2017 10:26:38: Не обработано: Саня Стишков moved x:1852.266 y:98.5125(+68.55547) z:36.10533 in the last second (0.6023483)
11.07.2017 10:29:57: Не обработано: boker moved x:-1685.645 y:295.0306(+21.4827) z:355.5216 in the last second (0.2379456)
11.07.2017 10:39:53: Не обработано: Саня Стишков [ммр не показатель] was mauled by a zombie!
11.07.2017 10:46:39: Сохранение сервера
11.07.2017 11:00:12: Не обработано: boker moved x:-1685.645 y:294.8927(+144.7835) z:355.5216 in the last second (0.1000061)
11.07.2017 11:12:57: Не обработано: boker moved x:-1488.969 y:176.2357(+26.1266) z:-849.2672 in the last second (0.1000061)
11.07.2017 11:12:57: Не обработано: M_i_H_a_K_e_R moved x:-1499.458 y:176.2357(+26.12657) z:-850.3032 in the last second (0.09999084)
11.07.2017 11:16:39: Сохранение сервера
11.07.2017 11:25:17: Не обработано: boker moved x:-322.3199 y:146.85(+104.7474) z:-988.0129 in the last second (1)
11.07.2017 11:41:35: Не обработано: Alimai moved x:-875.2041 y:100.1061(+20.00123) z:-1380.614 in the last second (0.1000061)
11.07.2017 11:46:39: Сохранение сервера
11.07.2017 11:57:48: Не обработано: QuSWiZ_IVN [QuSWiZ_IVN] was dissolved by a zombie!
11.07.2017 12:01:32: Не обработано: vova-kolotovkin [vova-kolotovkin] was mauled by a zombie!
11.07.2017 12:07:44: Не обработано: Пипр [НеЗнаюКакой] bled to death!
11.07.2017 12:07:57: Не обработано: The player Пипр has no permission to execute the command kit
11.07.2017 12:11:07: Не обработано: Пипр moved x:-1699.86 y:150.9805(+108.6779) z:-100.8482 in the last second (0.1042786)
11.07.2017 12:11:57: Не обработано: Пипр [НеЗнаюКакой] was mauled by a zombie!
11.07.2017 12:12:15: Не обработано: Пипр moved x:-1658.501 y:153.1092(+117.1249) z:-75.43104 in the last second (0.6000061)
11.07.2017 12:16:39: Сохранение сервера
11.07.2017 12:25:32: Не обработано: Alimai [DEADKID] bled to death!
11.07.2017 12:32:19: Не обработано: BANNANA [Atomic Bomb] was mauled by a zombie!
11.07.2017 12:37:20: Не обработано: boker moved x:79.46369 y:218.1214(+33.99329) z:-602.0322 in the last second (1.045731)
11.07.2017 12:42:39: Не обработано: Пипр [НеЗнаюКакой] was mauled by a zombie!
11.07.2017 12:42:56: Не обработано: Пипр moved x:-1421.516 y:200.1122(+165.2686) z:1229.174 in the last second (0.1000061)
11.07.2017 12:43:00: Не обработано: boker moved x:116.2521 y:167.3756(+20.38663) z:-513.9036 in the last second (0.9376678)
11.07.2017 12:46:39: Сохранение сервера
11.07.2017 12:49:04: Не обработано: Magard1S moved x:32.19934 y:106.8392(+49.64894) z:1349.879 in the last second (1)
11.07.2017 12:49:49: Не обработано: Magard1S moved x:113.8987 y:145.6178(+39.67542) z:1822.559 in the last second (0.9999847)
11.07.2017 12:50:45: Не обработано: Younger Brother moved x:-1174.959 y:134.0018(+93.108) z:1366.983 in the last second (0.6129761)
11.07.2017 12:56:13: Не обработано: boker moved x:-1685.645 y:295.0306(+137.0761) z:355.5216 in the last second (0.2379456)
11.07.2017 13:04:06: Не обработано: shadow3000fr [shadow3000fr] bled to death!
11.07.2017 13:05:23: Не обработано: Пипр moved x:-521.1658 y:191.9061(+42.37015) z:1462.123 in the last second (0.1000061)
11.07.2017 13:15:47: Не обработано: Саша [Warface] was dissolved by a zombie!
11.07.2017 13:16:39: Сохранение сервера
11.07.2017 13:20:28: Не обработано: nik17060513 [nik17060513] was mauled by a zombie!
11.07.2017 13:20:33: Не обработано: Саша [Warface] was mauled by a zombie!
11.07.2017 13:22:56: Не обработано: M_i_H_a_K_e_R moved x:-1727.981 y:151.2103(+24.27037) z:-103.353 in the last second (1.000015)
11.07.2017 13:24:12: Не обработано: Саша [Warface] was mauled by a zombie!
11.07.2017 13:24:50: Не обработано: boker moved x:-1695.119 y:293.1641(+251.0615) z:322.3398 in the last second (0.1016235)
11.07.2017 13:25:12: Не обработано: M_i_H_a_K_e_R moved x:-1703.572 y:294.1771(+144.0679) z:320.5833 in the last second (21.71335)
11.07.2017 13:25:29: Не обработано: M_i_H_a_K_e_R moved x:-1686.573 y:294.8954(+26.55191) z:351.8915 in the last second (0.5999756)
11.07.2017 13:30:25: Не обработано: Пипр moved x:-715.8739 y:178.9997(+124.6932) z:1335.614 in the last second (0.6485291)
11.07.2017 13:30:56: Не обработано: nik17060513 moved x:-877.1495 y:118.7412(+76.43864) z:1373.071 in the last second (0.6125259)
11.07.2017 13:34:54: Не обработано: Frozen  [Врубай басы] was mauled by a zombie!
11.07.2017 13:37:07: Не обработано: nik17060513 [nik17060513] was infected to death!
11.07.2017 13:37:11: Не обработано: filipinhippi [filipinhippifox] was mauled by a zombie!
11.07.2017 13:37:23: Не обработано: shadow5 [shadow5] bled to death!
11.07.2017 13:39:01: Не обработано: nik17060513 [nik17060513] was mauled by a zombie!
11.07.2017 13:39:15: Не обработано: filipinhippi [filipinhippifox] was mauled by a zombie!
11.07.2017 13:39:29: Не обработано: Frozen  [Врубай басы] was mauled by a zombie!
11.07.2017 13:40:09: Не обработано: Brodyaga moved x:-636.6438 y:200.2997(+99.99355) z:1368.566 in the last second (0.4349518)
11.07.2017 13:40:38: Не обработано: Пипр moved x:-445.3065 y:204.6953(+104.3892) z:1454.573 in the last second (1)
11.07.2017 13:44:45: Не обработано: nik17060513 [nik17060513] bled to death!
11.07.2017 13:46:04: Не обработано: Frozen  [Врубай басы] killed themself.
11.07.2017 13:46:30: Не обработано: Frozen  moved x:-244.6593 y:54.67172(+18.46254) z:103.0993 in the last second (0.4116478)
11.07.2017 13:46:39: Сохранение сервера
11.07.2017 13:49:15: Не обработано: Даниил Кузьмин [__NAME__] was mauled by a zombie!
11.07.2017 13:49:37: Не обработано: shadow5 [shadow5] was mauled by a zombie!
11.07.2017 13:53:01: Не обработано: Brodyaga moved x:91.91193 y:148.1045(+26.70755) z:1848.046 in the last second (1.029419)
11.07.2017 13:53:33: Не обработано: boker moved x:-1694.868 y:293.1185(+96.21121) z:322.871 in the last second (0.1016846)
11.07.2017 13:59:20: Не обработано: nik17060513 [nik17060513] was mauled by a zombie!
11.07.2017 13:59:53: Не обработано: nik17060513 moved x:-154.5013 y:163.5963(+126.6015) z:-720.2485 in the last second (0.6029663)
11.07.2017 14:02:09: Не обработано: nik17060513 [nik17060513] was mauled by a zombie!
11.07.2017 14:02:38: Не обработано: Саша [Warface] was burned by a zombie!
11.07.2017 14:03:33: Не обработано: boker moved x:-1622.346 y:156.4577(+66.00848) z:-1629.72 in the last second (1)
11.07.2017 14:03:35: Не обработано: M_i_H_a_K_e_R moved x:-1626.005 y:156.8577(+76.55282) z:-1634.254 in the last second (1)
11.07.2017 14:06:51: Не обработано: M_i_H_a_K_e_R moved x:-1691.112 y:293.6216(+137.6639) z:327.4144 in the last second (1.000031)
11.07.2017 14:07:00: Не обработано: boker moved x:-1686.03 y:283.2054(+182.7687) z:341.2222 in the last second (1.355438)
11.07.2017 14:09:41: Не обработано: boker moved x:-1694.551 y:293.7858(+61.79002) z:323.3768 in the last second (0.8116455)
11.07.2017 14:10:09: Не обработано: Frozen  [Врубай басы] killed themself.
11.07.2017 14:11:05: Не обработано: shadow5 [shadow5] killed themself.
11.07.2017 14:11:20: Не обработано: shadow5 [shadow5] killed themself.
11.07.2017 14:11:30: Не обработано: M_i_H_a_K_e_R moved x:-1686.036 y:292.2277(+135.0868) z:331.5869 in the last second (23.43066)
11.07.2017 14:11:42: Не обработано: shadow5 [shadow5] killed themself.
11.07.2017 14:12:10: Не обработано: Brodyaga moved x:-1709.073 y:150.4626(+108.3601) z:-108.3285 in the last second (0.4483643)
11.07.2017 14:12:13: Не обработано: Пипр moved x:-1708.7 y:150.1092(+108.0066) z:-95.58379 in the last second (0.1000061)
11.07.2017 14:12:50: Не обработано: Frozen  [Врубай басы] killed themself.
11.07.2017 14:13:12: Не обработано: Frozen  [Врубай басы] killed themself.
11.07.2017 14:13:16: Не обработано: Frozen  [Врубай басы] killed themself.
11.07.2017 14:13:20: Не обработано: Frozen  moved x:264.6792 y:54.40177(+16.44468) z:309.7657 in the last second (0.09999847)
11.07.2017 14:13:23: Не обработано: Frozen  [Врубай басы] killed themself.
11.07.2017 14:13:44: Не обработано: Frozen  [Врубай басы] killed themself.
11.07.2017 14:16:15: Не обработано: Brodyaga moved x:-1497.168 y:176.2357(+25.9109) z:-842.7758 in the last second (0.09999084)
11.07.2017 14:16:19: Не обработано: Пипр moved x:-1479.652 y:176.2357(+26.12659) z:-869.8262 in the last second (0.09999084)
11.07.2017 14:16:39: Сохранение сервера
11.07.2017 14:16:59: Не обработано: Пипр moved x:-1497.022 y:208.7707(+32.59743) z:-879.7882 in the last second (0.09999084)
11.07.2017 14:19:43: Не обработано: Пипр [НеЗнаюКакой] killed themself.
11.07.2017 14:20:12: Не обработано: Пипр moved x:-1480.084 y:176.2196(+141.3865) z:-815.7501 in the last second (0.6008606)
11.07.2017 14:21:15: Не обработано: Brodyaga [RedBull] killed themself.
11.07.2017 14:21:38: Не обработано: Brodyaga moved x:-1477.551 y:175.7962(+140.5168) z:-814.5983 in the last second (0.4777374)
11.07.2017 14:21:57: Не обработано: shadow5 [shadow5] was mauled by a zombie!
11.07.2017 14:22:26: Не обработано: shadow5 moved x:396.4469 y:80.41653(+38.68654) z:602.3386 in the last second (0.411644)
11.07.2017 14:23:12: Не обработано: shadow5 [shadow5] was mauled by a zombie!
11.07.2017 14:23:48: Не обработано: Frozen  [Врубай басы] was mauled by a zombie!
11.07.2017 14:23:54: Не обработано: Frozen  [Врубай басы] killed themself.
11.07.2017 14:23:56: Не обработано: Frozen  moved x:264.6792 y:55.03969(+19.9628) z:309.7657 in the last second (0.7379189)
11.07.2017 14:24:38: Не обработано: shadow5 moved x:335.4015 y:103.8466(+61.74409) z:451.1767 in the last second (0.4587097)
11.07.2017 14:25:40: Не обработано: Brodyaga moved x:-1658.485 y:156.2595(+54.97083) z:-1553.134 in the last second (1)
11.07.2017 14:25:47: Не обработано: Пипр moved x:-1635.272 y:155.3595(+46.51431) z:-1580.699 in the last second (0.09999084)
11.07.2017 14:26:10: Не обработано: shadow5 [shadow5] was mauled by a zombie!
11.07.2017 14:26:44: Не обработано: filipinhippi [filipinhippifox] bled to death!
11.07.2017 14:27:12: Не обработано: shadow5 moved x:507.2885 y:76.35757(+41.45781) z:596.9307 in the last second (0.6067886)
11.07.2017 14:28:01: Не обработано: shadow5 [shadow5] was mauled by a zombie!
11.07.2017 14:29:14: Не обработано: M_i_H_a_K_e_R moved x:-1686.012 y:294.8575(+127.3116) z:351.7084 in the last second (0.1000061)
11.07.2017 14:29:21: Не обработано: shadow5 moved x:444.6685 y:80.60488(+34.95604) z:593.3674 in the last second (0.5999985)
11.07.2017 14:30:50: Не обработано: Frozen  [Врубай басы] bled to death!
11.07.2017 14:30:56: Не обработано: shadow5 [shadow5] bled to death!
11.07.2017 14:31:19: Не обработано: Frozen  moved x:510.4856 y:75.59208(+40.59943) z:596.8669 in the last second (0.4177094)
11.07.2017 14:31:39: Не обработано: Da1mSad [Da1mSad] bled to death!
11.07.2017 14:31:48: Не обработано: shadow5 moved x:508.8183 y:75.44507(+33.34251) z:594.8803 in the last second (0.1074982)
11.07.2017 14:32:42: Не обработано: M_i_H_a_K_e_R moved x:-1686.012 y:294.8575(+194.7514) z:351.7084 in the last second (0.1000061)
11.07.2017 14:33:10: Не обработано: Da1mSad [Da1mSad] bled to death!
11.07.2017 14:34:47: Не обработано: boker moved x:-1685.645 y:294.8927(+252.3605) z:355.5216 in the last second (0.1000061)
11.07.2017 14:40:21: Не обработано: Da1mSad [Da1mSad] bled to death!
11.07.2017 14:40:54: Не обработано: M_i_H_a_K_e_R moved x:-1575.133 y:167.8576(+17.74843) z:128.172 in the last second (0.4116516)
11.07.2017 14:41:30: Не обработано: M_i_H_a_K_e_R moved x:-1686.012 y:294.9954(+127.4495) z:351.7084 in the last second (0.2379456)
11.07.2017 14:43:12: Не обработано: shadow5 [shadow5] was dissolved by a zombie!
11.07.2017 14:44:25: Не обработано: Da1mSad [Da1mSad] bled to death!
11.07.2017 14:45:11: Не обработано: shadow5 [shadow5] was mauled by a zombie!
11.07.2017 14:46:25: Не обработано: M_i_H_a_K_e_R moved x:-1686.012 y:294.8575(+127.3115) z:351.7084 in the last second (0.1000061)
11.07.2017 14:46:39: Сохранение сервера
11.07.2017 14:47:41: Не обработано: shadow5 [shadow5] was mauled by a zombie!
11.07.2017 14:48:53: Не обработано: shadow5 [shadow5] bled to death!
11.07.2017 14:50:48: Не обработано: shadow5 moved x:322.3424 y:71.7877(+41.56461) z:304.8 in the last second (0.1531754)
11.07.2017 14:52:56: Не обработано: M_i_H_a_K_e_R moved x:-1686.012 y:294.9954(+127.4495) z:351.7084 in the last second (0.2379456)
11.07.2017 14:54:41: Не обработано: Frozen  [Врубай басы] killed themself.
11.07.2017 15:01:52: Не обработано: M_i_H_a_K_e_R moved x:-1686.012 y:294.8575(+124.432) z:351.7084 in the last second (0.1000061)
11.07.2017 15:06:38: Не обработано: boker moved x:-1685.645 y:295.0306(+91.48466) z:355.5216 in the last second (0.2379456)
11.07.2017 15:11:38: Не обработано: boker moved x:-1685.645 y:294.8926(+91.33752) z:355.5216 in the last second (0.09997559)
11.07.2017 15:11:47: Не обработано: M_i_H_a_K_e_R moved x:-1685.645 y:295.3926(+91.84669) z:355.5216 in the last second (0.5999756)
11.07.2017 15:12:14: Не обработано: Tester [VeZuN4iK] was mauled by a zombie!
11.07.2017 15:14:18: Не обработано: Brodyaga [RedBull] is calling a vote to kick vendulkavenda [h1z1.plus code : ZEDY (0.7 E)]
11.07.2017 15:14:33: Не обработано: Vote failed!
11.07.2017 15:15:52: Не обработано: Tester [VeZuN4iK] is calling a vote to kick vendulkavenda [h1z1.plus code : ZEDY (0.7 E)]
11.07.2017 15:16:07: Не обработано: Vote failed!
11.07.2017 15:16:22: Не обработано: boker [boker] is calling a vote to kick vendulkavenda [h1z1.plus code : ZEDY (0.7 E)]
11.07.2017 15:16:37: Не обработано: Vote failed!
11.07.2017 15:16:39: Сохранение сервера
11.07.2017 15:19:58: Не обработано: filipinhippi [filipinhippifox] killed themself.
11.07.2017 15:21:19: Не обработано: RED moved x:-1510.204 y:155.5772(+55.47108) z:-1739.985 in the last second (0.1000214)
11.07.2017 15:21:25: Не обработано: Da1mSad [Da1mSad] bled to death!
11.07.2017 15:22:22: Не обработано: vendulkavenda [h1z1.plus code : ZEDY (0.7 E)] was mauled by a zombie!
11.07.2017 15:26:17: Не обработано: RED moved x:-1490.916 y:178.3138(+22.73193) z:-904.6661 in the last second (0.1000061)
11.07.2017 15:26:45: Не обработано: shadow5 [shadow5] killed themself.
