17.06.2017 12:27:49: Не обработано: RocketRcon v2.4.8.0
17.06.2017 12:28:04: Не обработано: Miша moved x:833.9428 y:86.84986(+23.08825) z:-469.0149 in the last second (0.5999908)
17.06.2017 12:28:14: Не обработано: Bambi moved x:-547.4272 y:58.15392(+16.50888) z:-233.7034 in the last second (0.05000305)
17.06.2017 12:28:19: Не обработано: DropManager >> 3
17.06.2017 12:28:19: Не обработано: Mr. Pozitiv [mufteev.gleb] was shot by a sentry gun!
17.06.2017 12:28:31: Successfully set time to 1500!
17.06.2017 12:28:39: Successfully set time to 2400!
17.06.2017 12:28:55: Successfully set time to 4000!
17.06.2017 12:28:57: Не обработано: MessageAnnouncer >> Broadcast: Наберите /kit start, чтобы получить стартовый набор (еда, вода, топор)
17.06.2017 12:28:57: Не обработано: MessageAnnouncer >> Наберите /kit start, чтобы получить стартовый набор (еда, вода, топор)
17.06.2017 12:29:00: Successfully set time to 300!
17.06.2017 12:29:09: Successfully set time to 0!
17.06.2017 12:29:46: Не обработано: Дал HemulGM вещь 520:40
17.06.2017 12:30:22: Не обработано: top moved x:864.7408 y:91.09986(+49.88357) z:-479.8054 in the last second (0.5999985)
17.06.2017 12:30:44: Не обработано: DropManager >> 3
17.06.2017 12:30:44: Не обработано: Гатс [Delta] was shot in the torso by Oblivion [Calibrovshik]!
17.06.2017 12:30:57: Не обработано: MessageAnnouncer >> Broadcast: Внимание! PvP-режим по субботам! PvP-режим!!!
17.06.2017 12:30:57: Не обработано: MessageAnnouncer >> Внимание! PvP-режим по субботам! PvP-режим!!!
17.06.2017 12:31:02: Не обработано: DropManager >> 3
17.06.2017 12:31:02: Не обработано: Bambi [Bambi] was shot in the head by Oblivion [Calibrovshik]!
17.06.2017 12:31:37: Не обработано: Bambi moved x:-547.4272 y:58.15392(+23.94851) z:-233.7034 in the last second (0.05000305)
17.06.2017 12:32:07: Сохранение сервера
17.06.2017 12:33:00: Не обработано: MessageAnnouncer >> Broadcast: vk.com/unturned_hgm - группа сервера ВК, уникальный кит в записи!
17.06.2017 12:33:00: Не обработано: MessageAnnouncer >> vk.com/unturned_hgm - группа сервера ВК, уникальный кит в записи!
17.06.2017 12:33:32: Не обработано: DropManager >> 3
17.06.2017 12:33:32: Не обработано: панфил мудрый [S (bloody death] bled to death!
17.06.2017 12:34:57: Не обработано: MessageAnnouncer >> Broadcast: Наберите /kit help, чтобы получить первую мед. помощь (бинты, таблетки, еда)
17.06.2017 12:34:57: Не обработано: MessageAnnouncer >> Наберите /kit help, чтобы получить первую мед. помощь (бинты, таблетки, еда)
17.06.2017 12:35:29: Не обработано: DropManager >> 3
17.06.2017 12:35:29: Не обработано: top [??????] was shot by a sentry gun!
17.06.2017 12:36:07: Не обработано: top moved x:850.8239 y:86.84985(+48.37254) z:-476.7637 in the last second (0.5999985)
17.06.2017 12:36:27: Не обработано: DropManager >> 3
17.06.2017 12:36:27: Не обработано: Miша [zhenya.miroi] bled to death!
17.06.2017 12:36:55: Successfully gave Indigo 1353 x5!
17.06.2017 12:36:57: Не обработано: MessageAnnouncer >> Broadcast: vk.com/unturned_hgm - цены на премиум, VIP и другие услуги смотрите в группе!
17.06.2017 12:36:57: Не обработано: MessageAnnouncer >> vk.com/unturned_hgm - цены на премиум, VIP и другие услуги смотрите в группе!
17.06.2017 12:37:12: Не обработано: DropManager >> 3
17.06.2017 12:37:12: Не обработано: Bambi [Bambi] bled to death!
17.06.2017 12:37:28: Не обработано: Mr. Pozitiv был телепортирован к HemulGM
17.06.2017 12:37:45: Не обработано: Индиго отключен Godmode
17.06.2017 12:37:46: Не обработано: Индиго включен Godmode
17.06.2017 12:37:48: Не обработано: Индиго телепортирован к HemulGM
17.06.2017 12:37:59: Не обработано: Bambi был телепортирован к HemulGM
17.06.2017 12:38:57: Не обработано: MessageAnnouncer >> Broadcast: Наберите /kit claim, чтобы получить Claim Flag
17.06.2017 12:38:57: Не обработано: MessageAnnouncer >> Наберите /kit claim, чтобы получить Claim Flag
17.06.2017 12:39:32: Не обработано: DropManager >> 3
17.06.2017 12:39:32: Не обработано: Пипр [НеЗнаюКакой] was shot in the head by Индиго [Indigo]!
17.06.2017 12:40:09: Не обработано: Пипр moved x:-725.5469 y:56.5215(+28.34361) z:2.599878 in the last second (0.6865425)
17.06.2017 12:40:35: Не обработано: DropManager >> 3
17.06.2017 12:40:35: Не обработано: yelowruben [yelowruben] was shot in the head by Oblivion [Calibrovshik]!
17.06.2017 12:40:57: Не обработано: MessageAnnouncer >> Broadcast: Если модератор ведёт себя неподобающе, пишите в группу или ЛС (vk.com/unturned_hgm, vk.com/hemulgm)
17.06.2017 12:40:57: Не обработано: MessageAnnouncer >> Если модератор ведёт себя неподобающе, пишите в группу или ЛС (vk.com/unturned_hgm, vk.com/hemulgm)
17.06.2017 12:40:59: Не обработано: Miша moved x:847.6385 y:86.84987(+48.037) z:-483.6296 in the last second (0.5999985)
17.06.2017 12:41:00: Не обработано: DropManager >> 3
17.06.2017 12:41:00: Не обработано: Данил Макеев [Данил Макеев] was shot in the head by Oblivion [Calibrovshik]!
17.06.2017 12:41:15: Не обработано: The player Mr. Pozitiv has no permission to execute the command kit
17.06.2017 12:41:21: Не обработано: The player top has no permission to execute the command kit
17.06.2017 12:41:24: Не обработано: HemulGM телепортирован к KiLeR00707
17.06.2017 12:41:24: Не обработано: HemulGM moved x:834.0777 y:86.84986(+33.29165) z:-467.456 in the last second (0.5999908)
17.06.2017 12:41:32: Successfully gave Indigo 333 x1!
17.06.2017 12:41:39: Не обработано: DropManager >> 3
17.06.2017 12:41:39: Не обработано: yelowruben [yelowruben] bled to death!
17.06.2017 12:41:43: Не обработано: The player Тугрик has no permission to execute the command kit
17.06.2017 12:41:48: Не обработано: Индиго отключен Godmode
17.06.2017 12:42:31: Не обработано: DropManager >> 3
17.06.2017 12:42:31: Не обработано: Пипр [НеЗнаюКакой] was shot in the leg by Mr. Pozitiv [mufteev.gleb]!
17.06.2017 12:42:33: Не обработано: DropManager >> 3
17.06.2017 12:42:33: Не обработано: Mr. Pozitiv [mufteev.gleb] was shot in the head by Индиго [Indigo]!
17.06.2017 12:42:41: Не обработано: Пипр был телепортирован к Индиго
17.06.2017 12:42:42: Не обработано: Пипр moved x:-791.5156 y:81.52935(+55.04773) z:16.04948 in the last second (0.6536179)
17.06.2017 12:42:57: Не обработано: MessageAnnouncer >> Broadcast: vk.com/hemulgm - ЕДИНСТВЕННЫЙ администратор сервера
17.06.2017 12:42:57: Не обработано: MessageAnnouncer >> vk.com/hemulgm - ЕДИНСТВЕННЫЙ администратор сервера
17.06.2017 12:43:23: Не обработано: Mr. Pozitiv moved x:-721.2944 y:56.54221(+20.17009) z:-4.794721 in the last second (0.6081238)
17.06.2017 12:43:28: Не обработано: Дал HemulGM вещь 328:1
17.06.2017 12:43:35: Не обработано: DropManager >> 3
17.06.2017 12:43:36: Не обработано: Данил Макеев [Данил Макеев] was shot in the head by Oblivion [Calibrovshik]!
17.06.2017 12:43:38: Не обработано: Индиго включен Godmode
17.06.2017 12:43:44: Не обработано: DropManager >> 3
17.06.2017 12:43:44: Не обработано: Mr. Pozitiv [mufteev.gleb] was chopped in the head by Bambi [Bambi]!
17.06.2017 12:44:00: Не обработано: Индиго отключен Godmode
17.06.2017 12:44:08: Не обработано: Дал HemulGM вещь 1333:1
17.06.2017 12:44:31: Не обработано: Дал HemulGM вещь 1281:1
17.06.2017 12:44:36: Не обработано: DropManager >> 3
17.06.2017 12:44:36: Не обработано: Oblivion [Calibrovshik] was shot in the head by yelowruben [yelowruben]!
17.06.2017 12:44:57: Не обработано: MessageAnnouncer >> Broadcast: Используйте /report [ник], чтобы отправить жалобу на игрока
17.06.2017 12:44:57: Не обработано: MessageAnnouncer >> Используйте /report [ник], чтобы отправить жалобу на игрока
17.06.2017 12:45:06: Не обработано: Дал HemulGM вещь 98:1
17.06.2017 12:45:22: Не обработано: Дал HemulGM вещь 1333:1
17.06.2017 12:45:24: Не обработано: Индиго включен Godmode
17.06.2017 12:45:31: Не обработано: Индиго отключен Godmode
17.06.2017 12:45:36: Не обработано: HemulGM телепортирован к Olympia Military Base
17.06.2017 12:45:43: Не обработано: Индиго включен Godmode
17.06.2017 12:45:57: Не обработано: VehicleEvents >> Broadcast: Брошенный чёрный SUV в Arlington Farm! Найди его и он твой!
17.06.2017 12:46:10: Не обработано: The player Bambi has no permission to execute the command kit
17.06.2017 12:46:21: Не обработано: Индиго отключен Godmode
17.06.2017 12:46:57: Не обработано: MessageAnnouncer >> Broadcast: Наберите /rules (/r) для просмотра правил
17.06.2017 12:46:57: Не обработано: MessageAnnouncer >> Наберите /rules (/r) для просмотра правил
17.06.2017 12:47:41: Не обработано: Индиго телепортирован к Пипр
17.06.2017 12:47:41: Не обработано: Индиго moved x:-692.071 y:86.60214(+28.71267) z:369.2379 in the last second (0.6985779)
17.06.2017 12:48:37: Не обработано: Дал HemulGM вещь 1038:1
17.06.2017 12:48:45: Не обработано: Дал HemulGM вещь 1039:1
17.06.2017 12:48:48: Не обработано: Индиго телепортирован к nikanorova2
17.06.2017 12:48:57: Не обработано: MessageAnnouncer >> Broadcast: Добро пожаловать на HEMULGM.RU. Тут рады вам больше, чем на любом другом сервере!
17.06.2017 12:48:57: Не обработано: MessageAnnouncer >> Добро пожаловать на HEMULGM.RU. Тут рады вам больше, чем на любом другом сервере!
17.06.2017 12:49:05: Не обработано: DropManager >> 3
17.06.2017 12:49:05: Не обработано: matei [SpaxCore] was chopped in the head by kurbatoff.nikita2014 [Никита200]!
17.06.2017 12:49:40: Не обработано: KiLeR00707 moved x:823.8627 y:86.33289(+47.85558) z:-468.1867 in the last second (0.1108475)
17.06.2017 12:49:41: Не обработано: top moved x:822.787 y:87.41895(+48.94163) z:-471.7211 in the last second (1)
17.06.2017 12:50:05: Не обработано: Индиго телепортирован к Olympia Military Base
17.06.2017 12:50:11: Не обработано: Индиго включен Godmode
17.06.2017 12:50:33: Не обработано: DropManager >> 3
17.06.2017 12:50:33: Не обработано: matei [SpaxCore] was chopped in the head by Пипр [НеЗнаюКакой]!
17.06.2017 12:50:46: Не обработано: Индиго отключен Godmode
17.06.2017 12:50:49: Не обработано: DropManager >> 3
17.06.2017 12:50:49: Не обработано: Bambi [Bambi] was shot in the head by Индиго [Indigo]!
17.06.2017 12:50:52: Не обработано: PlayerInfoLib >> No expired player info records found for this batch.
17.06.2017 12:50:52: Не обработано: Дал HemulGM вещь 1036:1
17.06.2017 12:50:57: Не обработано: MessageAnnouncer >> Broadcast: Наберите /kit start, чтобы получить стартовый набор (еда, вода, топор)
17.06.2017 12:50:57: Не обработано: MessageAnnouncer >> Наберите /kit start, чтобы получить стартовый набор (еда, вода, топор)
17.06.2017 12:50:58: Не обработано: Bambi moved x:-547.4272 y:58.15392(+19.67661) z:-233.7034 in the last second (0.05000305)
17.06.2017 12:51:05: Не обработано: Bambi был телепортирован к Индиго
17.06.2017 12:52:09: Не обработано: Индиго включен Godmode
17.06.2017 12:52:31: Не обработано: Индиго отключен Godmode
17.06.2017 12:52:45: Не обработано: Дал HemulGM вещь 1037:1
17.06.2017 12:52:57: Не обработано: MessageAnnouncer >> Broadcast: Внимание! PvP-режим по субботам! PvP-режим!!!
17.06.2017 12:52:57: Не обработано: MessageAnnouncer >> Внимание! PvP-режим по субботам! PvP-режим!!!
17.06.2017 12:53:18: Не обработано: DropManager >> 3
17.06.2017 12:53:18: Не обработано: Mr. Pozitiv [mufteev.gleb] bled to death!
17.06.2017 12:53:29: Не обработано: Пипр moved x:-834.6566 y:77.83414(+39.10682) z:-926.2132 in the last second (0.115509)
17.06.2017 12:53:47: Не обработано: Дал HemulGM вещь 6:20
17.06.2017 12:54:57: Не обработано: MessageAnnouncer >> Broadcast: vk.com/unturned_hgm - группа сервера ВК, уникальный кит в записи!
17.06.2017 12:54:57: Не обработано: MessageAnnouncer >> vk.com/unturned_hgm - группа сервера ВК, уникальный кит в записи!
17.06.2017 12:54:59: Не обработано: DropManager >> 3
17.06.2017 12:54:59: Не обработано: Тугрик [xom9k] was shot in the torso by Индиго [Indigo]!
