Не обработано: RocketRcon v2.4.8.0
RocketRcon v2.4.8.0

Client has executed command "players"

TimerTerminateCommand.Enabled with Players:
Players:
PlayerID: 76561198280617288 Name: Незнаю какой придумать Character: Пипр Ping: 62
PlayerID: 76561198140053978 Name: 7_AleX_3 Character: 7_AleX_3 Ping: 31
PlayerID: 76561198303283372 Name: PeR4IK Character: данил Ping: 54
PlayerID: 76561198129128413 Name: ДядяКоляПожарскй Character: KUN Ping: 117
PlayerID: 76561198284731698 Name: DrizzLee Character: SkiLLet Ping: 7
PlayerID: 76561198391121800 Name: Джеимс Вурхиз Character: Джеимс Вурхиз Ping: 39
PlayerID: 76561198292543416 Name: Mr_GiladKing Character: GamerYT Ping: 54
PlayerID: 76561198322193999 Name: ™_Game®_™ Character: Карл Иванович Ping: 62
PlayerID: 76561198167413206 Name: Doktor Whoo Character: Doktor Whoo Ping: 39
PlayerID: 76561198341672556 Name: st.vladir Character: st.vladir Ping: 140
PlayerID: 76561198296180012 Name: Ze Wizard of OZZZZZ Character: iiKrimzon Ping: 343

TimerTerminateCommand.Enabled with Players:
Client has executed command "bans"

END with Players:
TimerTerminateCommand.Enabled with Bans:
Bans:
PlayerID: 123123
JudgeID: 0
Reason: unspecified Duration: 31536000 Remaining: 31298915
PlayerID: 123
JudgeID: 0
Reason: durila Duration: 4000 Remaining: 4294734709
PlayerID: 76561198274427357
JudgeID: 0
Reason: you were vote kicked Duration: 180 Remaining: 4294763082

???M ????
???M ????
???M ????
END with Bans:
???M ????
???M ????
???M ????
???M ????
???M ????
[World] данил [PeR4IK]: "гранаты ми не взорвёш"

???M ????
???M ????
???M ????
???M ????
???M ????
???M ????
[World] данил [PeR4IK]: "тут не льзя"

???M ????
???M ????
???M ????
???M ????
???M ????
???M ????
Client has executed command "players"

TimerTerminateCommand.Enabled with Players:
Players:
PlayerID: 76561198280617288 Name: Незнаю какой придумать Character: Пипр Ping: 46
PlayerID: 76561198140053978 Name: 7_AleX_3 Character: 7_AleX_3 Ping: 23
PlayerID: 76561198303283372 Name: PeR4IK Character: данил Ping: 70
PlayerID: 76561198129128413 Name: ДядяКоляПожарскй Character: KUN Ping: 109
PlayerID: 76561198284731698 Name: DrizzLee Character: SkiLLet Ping: 23
PlayerID: 76561198391121800 Name: Джеимс Вурхиз Character: Джеимс Вурхиз Ping: 39
PlayerID: 76561198292543416 Name: Mr_GiladKing Character: GamerYT Ping: 39
PlayerID: 76561198322193999 Name: ™_Game®_™ Character: Карл Иванович Ping: 54
PlayerID: 76561198167413206 Name: Doktor Whoo Character: Doktor Whoo Ping: 39
PlayerID: 76561198341672556 Name: st.vladir Character: st.vladir Ping: 132
PlayerID: 76561198296180012 Name: Ze Wizard of OZZZZZ Character: iiKrimzon Ping: 343

???M ????
???M ????
???M ????
END with Players:
???M ????
???M ????
???M ????
???M ????
[World] данил [PeR4IK]: "мне нужны коробки"

???M ????
???M ????
???M ????
???M ????
???M ????
Не обработано: MessageAnnouncer >> Broadcast: Наберите /kit help, чтобы получить первую мед. помощь (бинты, таблетки, еда)
Не обработано: MessageAnnouncer >> Наберите /kit help, чтобы получить первую мед. помощь (бинты, таблетки, еда)
MessageAnnouncer >> Broadcast: Наберите /kit help, чтобы получить первую мед. помощь (бинты, таблетки, еда)
MessageAnnouncer >> Наберите /kit help, чтобы получить первую мед. помощь (бинты, таблетки, еда)

Client has executed command "players"

???M ????
TimerTerminateCommand.Enabled with Players:
Players:
PlayerID: 76561198280617288 Name: Незнаю какой придумать Character: Пипр Ping: 62
PlayerID: 76561198140053978 Name: 7_AleX_3 Character: 7_AleX_3 Ping: 31
PlayerID: 76561198303283372 Name: PeR4IK Character: данил Ping: 78
PlayerID: 76561198129128413 Name: ДядяКоляПожарскй Character: KUN Ping: 101
PlayerID: 76561198284731698 Name: DrizzLee Character: SkiLLet Ping: 23
PlayerID: 76561198391121800 Name: Джеимс Вурхиз Character: Джеимс Вурхиз Ping: 54
PlayerID: 76561198292543416 Name: Mr_GiladKing Character: GamerYT Ping: 54
PlayerID: 76561198322193999 Name: ™_Game®_™ Character: Карл Иванович Ping: 78
PlayerID: 76561198167413206 Name: Doktor Whoo Character: Doktor Whoo Ping: 46
PlayerID: 76561198341672556 Name: st.vladir Character: st.vladir Ping: 140
PlayerID: 76561198296180012 Name: Ze Wizard of OZZZZZ Character: iiKrimzon Ping: 414

???M ????
???M ????
???M ????
END with Players:
???M ????
???M ????
???M ????
???M ????
???M ????
???M ????
???M ????
???M ????
???M ????
???M ????
[World] данил [PeR4IK]: "это плохо"

???M ????
???M ????
Не обработано: данил [PeR4IK] is calling a vote to kick Карл Иванович [™_Game®_™]
данил [PeR4IK] is calling a vote to kick Карл Иванович [™_Game®_™]

???M ????
???M ????
