28.06.2017 16:40:36: Successfully gave _TagerYT_ 1194 x1!
28.06.2017 16:41:15: Successfully gave _TagerYT_ 126 x1!
28.06.2017 16:42:18: Successfully gave _TagerYT_ 126 x1!
28.06.2017 16:43:41: Successfully gave _TagerYT_ 126 x1!
28.06.2017 16:45:20: Successfully gave _TagerYT_ 126 x1!
28.06.2017 16:45:57: Successfully gave _TagerYT_ 132 x1!
28.06.2017 16:46:30: Successfully gave _TagerYT_ 126 x1!
28.06.2017 16:47:14: Successfully gave _TagerYT_ 126 x1!
28.06.2017 16:48:42: Successfully gave _TagerYT_ 300 x1!
28.06.2017 16:49:18: Successfully gave _TagerYT_ 301 x200!
28.06.2017 16:51:57: Successfully gave _TagerYT_ 126 x1!
28.06.2017 16:53:00: Successfully gave _TagerYT_ 126 x1!
28.06.2017 19:23:16: Вызван массовый Airdrop (x10)
28.06.2017 19:23:16: Successfully set airdrop!
28.06.2017 19:23:16: Successfully set airdrop!
28.06.2017 19:23:16: Successfully set airdrop!
28.06.2017 19:23:16: Successfully set airdrop!
28.06.2017 19:23:16: Successfully set airdrop!
28.06.2017 19:23:16: Successfully set airdrop!
28.06.2017 19:23:17: Successfully set airdrop!
28.06.2017 19:23:17: Successfully set airdrop!
28.06.2017 19:23:17: Successfully set airdrop!
28.06.2017 19:23:17: Successfully set airdrop!
28.06.2017 19:23:28: Полное лечение 76561198322027172
28.06.2017 19:23:28: Полное лечение 76561198177412437
28.06.2017 19:23:28: Полное лечение 76561198138281045
28.06.2017 19:23:28: Полное лечение 76561198357197493
28.06.2017 19:23:28: Полное лечение 76561198390171711
28.06.2017 19:23:28: Полное лечение 76561198342352880
28.06.2017 19:23:28: Полное лечение 76561198186787895
28.06.2017 19:23:28: Полное лечение 76561198384667939
28.06.2017 19:23:28: Полное лечение 76561198147477828
28.06.2017 20:45:57: Failed to find parameters in format [SteamID | Player]/[VehicleID].
28.06.2017 20:51:40: Successfully set airdrop!
28.06.2017 20:51:42: Successfully set airdrop!
28.06.2017 20:51:43: Successfully set airdrop!
28.06.2017 20:51:44: Successfully set airdrop!
28.06.2017 20:51:45: Successfully set airdrop!
28.06.2017 20:51:46: Successfully set airdrop!
28.06.2017 20:51:46: Successfully set airdrop!
28.06.2017 20:51:47: Successfully set airdrop!
28.06.2017 20:51:48: Successfully set airdrop!
28.06.2017 20:58:18: Successfully set time to night!
28.06.2017 20:58:36: Successfully set time to day!
28.06.2017 20:59:17: Successfully saved the game.
28.06.2017 21:03:53: Полное лечение 76561198186787895
28.06.2017 21:03:53: Полное лечение 76561198119509031
28.06.2017 21:03:53: Полное лечение 76561198398512684
28.06.2017 21:03:53: Полное лечение 76561198167781054
28.06.2017 21:03:53: Полное лечение 76561198342352880
28.06.2017 21:03:53: Полное лечение 76561198399074819
28.06.2017 21:03:53: Полное лечение 76561198177412437
28.06.2017 21:03:53: Полное лечение 76561198151655003
28.06.2017 21:03:53: Полное лечение 76561198080763088
28.06.2017 21:03:53: Полное лечение 76561198384667939
28.06.2017 21:03:53: Полное лечение 76561198357197493
28.06.2017 21:03:53: Полное лечение 76561198300547291
28.06.2017 21:14:50: Successfully gave RealBlackJesus +3000 experience!
28.06.2017 21:15:11: Successfully gave HemulGM +2000 experience!
28.06.2017 21:20:42: Successfully saved the game.
28.06.2017 22:51:03: Вызван массовый Airdrop (x10)
28.06.2017 22:51:03: Successfully set airdrop!
28.06.2017 22:51:03: Successfully set airdrop!
28.06.2017 22:51:03: Successfully set airdrop!
28.06.2017 22:51:03: Successfully set airdrop!
28.06.2017 22:51:04: Successfully set airdrop!
28.06.2017 22:51:04: Successfully set airdrop!
28.06.2017 22:51:04: Successfully set airdrop!
28.06.2017 22:51:04: Successfully set airdrop!
28.06.2017 22:51:04: Successfully set airdrop!
28.06.2017 22:51:04: Successfully set airdrop!
28.06.2017 22:51:06: Полное лечение 76561198300547291
28.06.2017 22:51:06: Полное лечение 76561198112850125
28.06.2017 22:51:06: Полное лечение 76561198155709362
29.06.2017 10:00:55: Вызван Airdrop
29.06.2017 10:00:55: Successfully set airdrop!
29.06.2017 10:00:56: Вызван Airdrop
29.06.2017 10:00:56: Successfully set airdrop!
29.06.2017 10:00:58: Вызван Airdrop
29.06.2017 10:00:58: Successfully set airdrop!
