19.07.2017 17:58:36: Successfully gave Expert13372284200 458 x1!
19.07.2017 18:00:33: Successfully gave Expert13372284200 81 x3!
19.07.2017 18:03:13: Successfully gave Expert13372284200 1271 x3!
19.07.2017 18:16:29: Successfully gave Expert13372284200 1381 x5!
19.07.2017 18:28:00: Successfully set time to day!
19.07.2017 18:28:25: Successfully gave Expert13372284200 67 x30!
19.07.2017 18:35:12: Successfully gave boker 67 x10!
19.07.2017 18:37:55: Successfully gave Expert13372284200 67 x30!
19.07.2017 18:40:09: Successfully gave boker 67 x250!
19.07.2017 18:41:19: Successfully gave ЛЁХА 298 x30!
19.07.2017 18:54:23: Successfully gave Expert13372284200 1271 x5!
19.07.2017 19:01:18: Successfully set time to day!
19.07.2017 19:04:02: Successfully gave Expert13372284200 802!
19.07.2017 19:08:51: Successfully gave Expert13372284200 17 x4!
19.07.2017 19:09:27: Successfully gave Expert13372284200 123!
19.07.2017 19:10:48: Successfully gave Expert13372284200 812!
19.07.2017 19:22:51: Successfully gave Expert13372284200 81 x20!
19.07.2017 19:27:57: Successfully gave Expert13372284200 1381 x5!
19.07.2017 19:30:48: Successfully saved the game.
19.07.2017 19:30:53: Successfully set airdrop!
19.07.2017 19:32:31: Successfully gave Expert13372284200 846!
19.07.2017 19:34:49: Successfully gave boker 67 x250!
19.07.2017 19:37:07: Successfully gave Expert13372284200 803!
19.07.2017 19:40:17: Successfully gave Expert13372284200 1169 x1!
19.07.2017 19:41:38: Successfully gave Expert13372284200 1194 x3!
19.07.2017 19:42:23: Successfully gave RedBull 116 x1!
19.07.2017 19:58:36: Successfully set time to night!
19.07.2017 20:00:12: Successfully gave Expert13372284200 810!
19.07.2017 20:05:47: Successfully set time to day!
20.07.2017 9:10:55: Вызван Airdrop
20.07.2017 9:10:55: Successfully set airdrop!
20.07.2017 9:10:55: Вызван Airdrop
20.07.2017 9:10:55: Successfully set airdrop!
20.07.2017 9:10:55: Вызван Airdrop
20.07.2017 9:10:55: Successfully set airdrop!
20.07.2017 9:10:55: Вызван Airdrop
20.07.2017 9:10:55: Successfully set airdrop!
