18.07.2017 16:34:44: Не обработано: Client has disconnected! (IP: 5.172.14.161:58429)
18.07.2017 16:35:16: Не обработано: Expert1337 телепортирован к Camp Dusseldorf
18.07.2017 16:35:38: Не обработано: Expert1337 телепортирован к Berlin
18.07.2017 16:35:38: Не обработано: Expert1337 moved x:-224.4081 y:112.5359(+57.68585) z:-49.96387 in the last second (1)
18.07.2017 16:35:50: Не обработано: Expert1337 отключен Godmode
18.07.2017 16:35:53: Не обработано: Expert1337 включен Godmode
18.07.2017 16:36:31: Не обработано: LEXA moved x:-319.6813 y:273.4777(+78.61589) z:203.1714 in the last second (203.2229)
18.07.2017 16:36:40: Не обработано: Expert1337 телепортирован к LEXA
18.07.2017 16:36:40: Не обработано: Expert1337 moved x:-320.2803 y:100.4867(+46.12664) z:207.6916 in the last second (1.820358)
18.07.2017 16:37:58: Не обработано: henk de steen [lunasun210] bled to death!
18.07.2017 16:38:53: Не обработано: eriklord2006 [eriklord2006] was mauled by a zombie!
18.07.2017 16:39:04: Сохранение сервера
18.07.2017 16:39:05: Не обработано: Geryy [HodfarokGeryy] was mauled by a zombie!
18.07.2017 16:39:10: Не обработано: eriklord2006 moved x:-20.47932 y:94.98096(+57.02387) z:-92.28497 in the last second (0.2379227)
18.07.2017 16:39:15: Не обработано: Geryy moved x:-18.77036 y:94.98096(+58.24665) z:-92.02349 in the last second (0.2379227)
18.07.2017 16:39:27: Не обработано: henk de steen [lunasun210] was mauled by a zombie!
18.07.2017 16:39:32: Не обработано: orlovvado [orlovvado] bled to death!
18.07.2017 16:39:44: Не обработано: tiger  [cold22] dehydrated to death!
18.07.2017 16:40:02: Не обработано: orlovvado moved x:-320.8186 y:70.8548(+22.02352) z:212.4763 in the last second (0.5999985)
18.07.2017 16:41:31: Не обработано: Dimango [Dimango] was mauled by a zombie!
18.07.2017 16:42:10: Не обработано: eriklord2006 moved x:-303.0729 y:70.66644(+16.30639) z:208.5379 in the last second (0.411644)
18.07.2017 16:42:10: Не обработано: Gendalf [Gendalf] was mauled by a zombie!
18.07.2017 16:42:27: Не обработано: Geryy moved x:-18.77036 y:94.98096(+24.62617) z:-92.02349 in the last second (0.2379227)
18.07.2017 16:42:27: Не обработано: eriklord2006 moved x:-20.47932 y:94.98096(+24.62617) z:-92.28497 in the last second (0.2379227)
18.07.2017 16:42:49: Не обработано: Expert1337 телепортирован к LEXA
18.07.2017 16:45:13: Не обработано: belevtsov.kirill [belevtsov.kirill] was mauled by a zombie!
18.07.2017 16:45:37: Не обработано: belevtsov.kirill moved x:68.54476 y:78.02518(+39.47451) z:916.0826 in the last second (0.6211319)
18.07.2017 16:45:42: Не обработано: LEXA moved x:-410.5876 y:70.28597(+15.92591) z:201.5247 in the last second (16.02589)
18.07.2017 16:46:01: Не обработано: Expert1337 moved x:-443.2961 y:150.0548(+95.6947) z:370.508 in the last second (118.5548)
18.07.2017 16:46:45: Не обработано: LEXA был телепортирован к Expert1337
18.07.2017 16:46:46: Не обработано: LEXA moved x:-341.3524 y:70.8548(+40.6493) z:288.9559 in the last second (0.5999985)
18.07.2017 16:47:32: Не обработано: eriklord2006 moved x:-20.47932 y:94.98096(+16.02976) z:-92.28497 in the last second (0.2379227)
18.07.2017 16:49:02: Не обработано: NullReferenceException: Object reference not set to an instance of an object - SDG.Unturned.Bumper.OnTriggerEnter (UnityEngine.Collider other)
18.07.2017 16:49:17: Не обработано: NullReferenceException: Object reference not set to an instance of an object - SDG.Unturned.Bumper.OnTriggerEnter (UnityEngine.Collider other)
18.07.2017 16:49:32: Не обработано: NullReferenceException: Object reference not set to an instance of an object - SDG.Unturned.Bumper.OnTriggerEnter (UnityEngine.Collider other)
18.07.2017 16:49:56: Не обработано: NullReferenceException: Object reference not set to an instance of an object - SDG.Unturned.Bumper.OnTriggerEnter (UnityEngine.Collider other)
18.07.2017 16:51:53: Не обработано: NullReferenceException: Object reference not set to an instance of an object - SDG.Unturned.Bumper.OnTriggerEnter (UnityEngine.Collider other)
18.07.2017 16:52:07: Не обработано: NullReferenceException: Object reference not set to an instance of an object - SDG.Unturned.Bumper.OnTriggerEnter (UnityEngine.Collider other)
18.07.2017 16:52:52: Не обработано: Expert1337 moved x:-876.098 y:474.9876(+435.6202) z:-1433.936 in the last second (9.684784)
18.07.2017 16:53:09: Не обработано: LEXA moved x:-875.2749 y:151.9684(+113.5014) z:-1435.707 in the last second (10.12953)
18.07.2017 16:53:18: Не обработано: Gendalf [Gendalf] bled to death!
18.07.2017 16:53:22: Не обработано: orlovvado [orlovvado] was burned by a zombie!
18.07.2017 16:55:09: Не обработано: NullReferenceException: Object reference not set to an instance of an object - SDG.Unturned.Bumper.OnTriggerEnter (UnityEngine.Collider other)
18.07.2017 16:55:10: Не обработано: Expert1337 moved x:-865.1667 y:1012.537(+912.1306) z:-1043.464 in the last second (972.3161)
18.07.2017 16:56:43: Не обработано: Expert1337 телепортирован к LEXA
18.07.2017 16:57:25: Не обработано: Maciek [Mr.Bobr ( ?° ?? ?°)] bled to death!
18.07.2017 16:57:59: Не обработано: NullReferenceException: Object reference not set to an instance of an object - SDG.Unturned.Bumper.OnTriggerEnter (UnityEngine.Collider other)
18.07.2017 16:58:00: Не обработано: Expert1337 moved x:-959.2147 y:1010.586(+971.8265) z:-767.8392 in the last second (968.4638)
18.07.2017 16:58:01: Не обработано: NullReferenceException: Object reference not set to an instance of an object - SDG.Unturned.Bumper.OnTriggerEnter (UnityEngine.Collider other)
18.07.2017 16:58:16: Не обработано: LEXA [ЛЁХА] was blown up by a vehicle!
18.07.2017 16:58:17: Не обработано: LEXA moved x:-955.9875 y:837.9547(+802.3609) z:-776.234 in the last second (4.970642)
18.07.2017 16:58:33: Не обработано: LEXA был телепортирован к Expert1337
18.07.2017 16:58:34: Не обработано: LEXA moved x:-886.0508 y:666.4904(+624.4123) z:-604.7435 in the last second (588.6801)
18.07.2017 16:59:37: Не обработано: Maciek [Mr.Bobr ( ?° ?? ?°)] was mauled by a zombie!
18.07.2017 17:00:10: Не обработано: Geryy moved x:-27.70215 y:89.12219(+35.0189) z:-48.00293 in the last second (0.9998779)
18.07.2017 17:01:36: Не обработано: Geryy [HodfarokGeryy] was dissolved by a zombie!
18.07.2017 17:01:47: Не обработано: eriklord2006 moved x:-59.96997 y:97.31799(+43.2147) z:-65.71283 in the last second (1)
18.07.2017 17:02:01: Не обработано: Client has disconnected! (IP: 188.234.245.45:5314)
18.07.2017 17:03:02: Не обработано: Client has disconnected! (IP: 188.234.245.45:5473)
18.07.2017 17:03:09: Не обработано: Geryy moved x:-18.77036 y:94.98096(+59.9384) z:-92.02349 in the last second (0.2379227)
18.07.2017 17:04:08: Не обработано: Expert1337 moved x:-1502.636 y:171.773(+129.2565) z:-907.588 in the last second (0.237915)
18.07.2017 17:04:17: Не обработано: LEXA был телепортирован к Expert1337
18.07.2017 17:04:17: Не обработано: LEXA moved x:-1491.826 y:171.673(+127.9124) z:-911.7375 in the last second (0.6000061)
18.07.2017 17:04:38: Не обработано: LEXA [ЛЁХА] killed themself.
18.07.2017 17:04:56: Не обработано: LEXA был телепортирован к Expert1337
18.07.2017 17:04:57: Не обработано: LEXA moved x:-1487.042 y:171.173(+135.0594) z:-907.923 in the last second (0.1000061)
18.07.2017 17:05:15: Не обработано: Geryy moved x:-47.5827 y:94.30838(+40.20509) z:-64.04596 in the last second (0.1063538)
18.07.2017 17:05:16: Не обработано: eriklord2006 moved x:-51.55841 y:94.87564(+39.17753) z:-64.88287 in the last second (0.1052551)
18.07.2017 17:06:35: Не обработано: Geryy [HodfarokGeryy] is calling a vote to kick eriklord2006 [eriklord2006]
18.07.2017 17:06:48: Не обработано: Vote failed!
18.07.2017 17:09:04: Сохранение сервера
18.07.2017 17:09:34: Не обработано: LEXA был телепортирован к Expert1337
18.07.2017 17:11:49: Не обработано: Dimango [Dimango] was mauled by a zombie!
18.07.2017 17:12:19: Не обработано: Dimango moved x:-317.2742 y:74.68623(+32.82397) z:249.6368 in the last second (0.6000061)
18.07.2017 17:12:59: Не обработано: Finlandia [Finlandia] bled to death!
18.07.2017 17:17:39: Не обработано: Geryy [HodfarokGeryy] is calling a vote to kick LEXA [ЛЁХА]
18.07.2017 17:17:54: Не обработано: Vote failed!
18.07.2017 17:18:31: Не обработано: Finlandia [Finlandia] was mauled by a zombie!
18.07.2017 17:18:40: Не обработано: Expert1337 включен Godmode
18.07.2017 17:19:18: Не обработано: Geryy [HodfarokGeryy] was blown up by a vehicle!
18.07.2017 17:19:30: Не обработано: Geryy moved x:-18.77036 y:94.84303(+53.03828) z:-92.02349 in the last second (0.09999847)
18.07.2017 17:22:07: Не обработано: eriklord2006 moved x:-20.47932 y:94.84303(+15.88519) z:-92.28497 in the last second (0.09999847)
18.07.2017 17:23:48: Не обработано: belevtsov.kirill [belevtsov.kirill] was mauled by a zombie!
18.07.2017 17:24:12: Не обработано: belevtsov.kirill moved x:-329.8003 y:64.09999(+29.04534) z:88.6238 in the last second (0.5999985)
18.07.2017 17:25:09: Не обработано: belevtsov.kirill [belevtsov.kirill] was mauled by a zombie!
18.07.2017 17:25:48: Не обработано: belevtsov.kirill moved x:-322.4696 y:59.81752(+27.00378) z:71.30845 in the last second (0.6000023)
18.07.2017 17:26:14: Не обработано: Expert1337 moved x:-1049.278 y:214.2146(+115.404) z:700.1778 in the last second (0.2423859)
18.07.2017 17:26:45: Не обработано: LEXA moved x:-881.7286 y:135.3347(+35.64882) z:864.7718 in the last second (0.1164246)
18.07.2017 17:26:58: Не обработано: денте [Dente /csgoloto.com/] was mauled by a zombie!
18.07.2017 17:29:23: Не обработано: LEXA moved x:-392.718 y:121.6544(+34.49895) z:1096.031 in the last second (0.2685242)
18.07.2017 17:30:32: Не обработано: Failed to convert 265 into a number.
18.07.2017 17:30:41: Не обработано: LEXA moved x:-362.8753 y:160.7358(+45.20354) z:1239.924 in the last second (0.4745941)
18.07.2017 17:33:30: Не обработано: тим [gubin.mo] was mauled by a zombie!
18.07.2017 17:33:49: Не обработано: LEXA moved x:-593.976 y:194.8618(+70.52631) z:1355.842 in the last second (0.09999084)
18.07.2017 17:34:17: Не обработано: belevtsov.kirill [belevtsov.kirill] was mauled by a zombie!
18.07.2017 17:34:39: Не обработано: belevtsov.kirill moved x:-195.4257 y:54.60329(+19.54865) z:167.5445 in the last second (0.5999985)
18.07.2017 17:35:48: Не обработано: belevtsov.kirill [belevtsov.kirill] bled to death!
18.07.2017 17:36:10: Не обработано: belevtsov.kirill moved x:-198.9586 y:55.60238(+17.15048) z:172.5899 in the last second (0.8319893)
18.07.2017 17:36:31: Не обработано: Dimango [Dimango] was mauled by a zombie!
18.07.2017 17:36:40: Не обработано: денте [Dente /csgoloto.com/] was mauled by a zombie!
18.07.2017 17:37:01: Не обработано: Dimango moved x:-184.4984 y:54.60852(+17.87421) z:144.3301 in the last second (0.4116478)
18.07.2017 17:37:30: Не обработано: тим [gubin.mo] bled to death!
18.07.2017 17:39:04: Сохранение сервера
18.07.2017 17:39:23: Не обработано: Dimango [Dimango] was mauled by a zombie!
18.07.2017 17:39:26: Не обработано: Евгений Дюжиков [Bignyan] killed themself.
18.07.2017 17:40:05: Не обработано: Dimango moved x:-189.725 y:54.60852(+17.87422) z:146.4025 in the last second (0.4116516)
18.07.2017 17:40:27: Не обработано: тим [gubin.mo] was dissolved by a zombie!
18.07.2017 17:40:36: Не обработано: Dimango [Dimango] was mauled by a zombie!
18.07.2017 17:41:44: Не обработано: Dimango moved x:-313.8622 y:70.85479(+28.99911) z:172.8319 in the last second (0.5999985)
18.07.2017 17:43:13: Не обработано: Expert1337 телепортирован к Vadim133
18.07.2017 17:44:01: Не обработано: Vadim133 [Апельсин] was mauled by a zombie!
18.07.2017 17:44:27: Не обработано: Vadim133 был телепортирован к Expert1337
18.07.2017 17:48:44: Не обработано: Vadim133 moved x:285.0633 y:364.2191(+322.1165) z:1041.391 in the last second (331.4432)
18.07.2017 17:48:54: Не обработано: Vadim133 был телепортирован к Expert1337
18.07.2017 17:48:55: Не обработано: Vadim133 moved x:74.71771 y:406.2193(+238.1374) z:991.2502 in the last second (353.1284)
18.07.2017 17:49:01: Не обработано: Expert1337 moved x:34.77397 y:424.3445(+388.0768) z:953.6094 in the last second (355.7651)
18.07.2017 17:52:17: Не обработано: Expert1337 moved x:-1434.802 y:194.6636(+145.9972) z:-3.547538 in the last second (44.65446)
18.07.2017 17:52:53: Не обработано: LEXA moved x:-1560.693 y:154.0108(+118.0178) z:52.89334 in the last second (3.651703)
18.07.2017 17:52:57: Не обработано: belevtsov.kirill [belevtsov.kirill] was mauled by a zombie!
18.07.2017 17:53:00: Не обработано: Vadim133 [Апельсин] was dissolved by a zombie!
18.07.2017 17:53:00: Не обработано: Vadim133 moved x:-1567.064 y:151.3591(+101.5817) z:51.13977 in the last second (1)
18.07.2017 17:53:21: Не обработано: belevtsov.kirill moved x:-231.2492 y:54.86006(+16.30938) z:191.4201 in the last second (0.5999985)
18.07.2017 17:53:37: Не обработано: Vadim133 был телепортирован к Expert1337
18.07.2017 17:53:57: Не обработано: Vadim133 был телепортирован к Expert1337
18.07.2017 17:57:08: Не обработано: Vadim133 был телепортирован к Expert1337
18.07.2017 17:57:09: Не обработано: Vadim133 moved x:-1569.936 y:150.9591(+111.1444) z:51.68036 in the last second (0.6000061)
18.07.2017 17:57:37: Не обработано: Андрей  moved x:-1665.058 y:151.3108(+103.2924) z:17.17254 in the last second (0.6318512)
18.07.2017 17:57:41: Не обработано: Матвей moved x:-1659.252 y:153.2853(+117.2186) z:-210.8197 in the last second (0.1000824)
18.07.2017 17:59:05: Не обработано: Marc32R moved x:-1156.532 y:124.2997(+90.56227) z:406.7511 in the last second (1.534706)
18.07.2017 18:00:35: Не обработано: Expert1337 телепортирован к Marc32R
18.07.2017 18:01:08: Не обработано: Матвей moved x:-1503.603 y:178.3136(+59.7395) z:-933.2888 in the last second (0.1000061)
18.07.2017 18:01:20: Не обработано: LEXA moved x:-982.7498 y:167.8736(+17.41455) z:1899.208 in the last second (0.09999084)
18.07.2017 18:02:06: Не обработано: Vadim133 moved x:-1232.605 y:377.6053(+227.1461) z:350.5087 in the last second (265.7298)
18.07.2017 18:03:06: Не обработано: Андрей  moved x:-1443.361 y:177.6255(+46.98831) z:-883.3362 in the last second (0.4116516)
18.07.2017 18:04:40: Не обработано: Матвей [gamer.matvey] bled to death!
18.07.2017 18:06:30: Не обработано: belevtsov.kirill [belevtsov.kirill] was mauled by a zombie!
18.07.2017 18:07:21: Не обработано: Dimango [Dimango] was mauled by a zombie!
18.07.2017 18:09:04: Сохранение сервера
18.07.2017 18:10:26: Не обработано: Матвей moved x:-1542.54 y:148.4918(+52.60725) z:-225.5338 in the last second (0.5020752)
18.07.2017 18:10:28: Не обработано: Dimango [Dimango] was mauled by a zombie!
18.07.2017 18:13:08: Не обработано: Vadim133 [Апельсин] was dissolved by a zombie!
18.07.2017 18:19:08: Не обработано: abdoiiii [abdoiiii] was dissolved by a zombie!
18.07.2017 18:21:48: Не обработано: Fondeche [New52Joker] suffocated to death!
18.07.2017 18:21:53: Не обработано: Fondeche moved x:-44.8501 y:34.95984(+17.72277) z:346.7907 in the last second (1)
18.07.2017 18:23:42: Не обработано: Fondeche [New52Joker] bled to death!
18.07.2017 18:29:51: Не обработано: LlazivRUS [Llaziv] was mauled by a zombie!
18.07.2017 18:30:47: Не обработано: golos [kobzeva_sveta] killed themself.
18.07.2017 18:33:42: Не обработано: golos [kobzeva_sveta] was mauled by a zombie!
18.07.2017 18:35:17: Не обработано: LlazivRUS [Llaziv] was mauled by a zombie!
18.07.2017 18:38:08: Не обработано: LlazivRUS [Llaziv] was mauled by a zombie!
18.07.2017 18:39:04: Сохранение сервера
18.07.2017 18:39:36: Не обработано: LlazivRUS [Llaziv] was mauled by a zombie!
18.07.2017 18:41:54: Не обработано: Андрей  moved x:-1695.48 y:151.8981(+120.0215) z:-110.1857 in the last second (0.1017914)
18.07.2017 18:41:58: Не обработано: Marc32R moved x:-1674.623 y:150.1092(+115.3157) z:-99.36246 in the last second (0.1000061)
18.07.2017 18:42:07: Не обработано: Матвей moved x:-1671.954 y:150.1092(+115.9214) z:-102.6841 in the last second (0.1000061)
18.07.2017 18:42:33: Не обработано: Marc32R [Mark32R] was mauled by a zombie!
18.07.2017 18:43:15: Не обработано: LlazivRUS [Llaziv] bled to death!
18.07.2017 18:45:09: Не обработано: Marc32R moved x:-1729.364 y:150.6091(+111.0907) z:-99.6295 in the last second (0.5999908)
18.07.2017 18:46:17: Не обработано: Егор Тётушкин [egorkapomidorka87] was mauled by a zombie!
18.07.2017 18:50:41: Не обработано: LlazivRUS [Llaziv] was mauled by a zombie!
18.07.2017 19:01:51: Не обработано: LlazivRUS [Llaziv] bled to death!
18.07.2017 19:09:04: Сохранение сервера
18.07.2017 19:27:02: Не обработано: PlayerID: 76561198258328118 Name: Твоя Совесть Character: лёня Ping: 40
18.07.2017 19:34:43: Не обработано: 1979chernenko [SlyFox] was mauled by a zombie!
18.07.2017 19:39:04: Сохранение сервера
18.07.2017 19:40:48: Не обработано: Ivan :З [Ivan    :З] was mauled by a zombie!
18.07.2017 19:41:04: Не обработано: Cha77er [Cha77er] was mauled by a zombie!
18.07.2017 19:42:51: Не обработано: лёня [Твоя Совесть] was mauled by a zombie!
18.07.2017 19:43:46: Не обработано: Cha77er [Cha77er] bled to death!
18.07.2017 19:48:02: Не обработано: Cha77er [Cha77er] was mauled by a zombie!
18.07.2017 19:48:27: Не обработано: (bot)Baileys [MicroMoon] was mauled by a zombie!
18.07.2017 19:52:22: Не обработано: лёня [Твоя Совесть] was mauled by a zombie!
18.07.2017 19:52:25: Не обработано: Wiles Attack [WilesAttack(w/o pants)] was mauled by a zombie!
18.07.2017 19:52:29: Не обработано: солдат украинец [солдат украинец] was mauled by a zombie!
18.07.2017 19:54:11: Не обработано: Dimacvit1996 moved x:437.2253 y:114.7285(+18.00114) z:328.83 in the last second (0.1252289)
18.07.2017 20:01:34: Не обработано: лёня [Твоя Совесть] was mauled by a zombie!
18.07.2017 20:01:39: Не обработано: Dimacvit1996 moved x:1023.747 y:60.67883(+18.37624) z:402.4828 in the last second (1)
18.07.2017 20:02:19: Не обработано: Dimacvit1996 moved x:1078.566 y:70.65199(+15.36824) z:328.393 in the last second (0.1328201)
18.07.2017 20:05:53: Не обработано: gavrik [Egor1232006.19.7] was mauled by a zombie!
18.07.2017 20:06:00: Не обработано: солдат украинец [солдат украинец] was mauled by a zombie!
18.07.2017 20:06:02: Не обработано: Dimacvit1996 moved x:-980.93 y:123.8325(+55.39271) z:591.9198 in the last second (0.9999924)
18.07.2017 20:06:30: Не обработано: Owl moved x:-996.5305 y:122.7324(+80.42985) z:602.4065 in the last second (0.09999847)
18.07.2017 20:06:48: Не обработано: лёня [Твоя Совесть] was mauled by a zombie!
18.07.2017 20:06:59: Не обработано: солдат украинец [солдат украинец] was mauled by a zombie!
18.07.2017 20:09:01: Не обработано: Owl moved x:-1850.535 y:156.58(+56.27389) z:-106.6853 in the last second (0.1108704)
18.07.2017 20:09:04: Сохранение сервера
18.07.2017 20:09:08: Не обработано: Dimacvit1996 moved x:-1828.484 y:162.958(+62.65191) z:-129.7188 in the last second (0.9998779)
18.07.2017 20:12:46: Не обработано: mitsum [__MitsuM__] was mauled by a zombie!
18.07.2017 20:13:56: Не обработано: mitsum [__MitsuM__] bled to death!
18.07.2017 20:23:16: Не обработано: Owl moved x:-1401.236 y:194.9277(+80.5748) z:1112.079 in the last second (0.1052856)
18.07.2017 20:23:18: Не обработано: Dimacvit1996 moved x:-1398.968 y:196.0128(+43.666) z:1108.234 in the last second (1)
18.07.2017 20:24:04: Не обработано: [KGB]Kekos moved x:908.2533 y:120.6698(+66.27924) z:-235.5311 in the last second (0.6346359)
18.07.2017 20:26:22: Не обработано: [KGB]Kekos [Manyrin] was mauled by a zombie!
18.07.2017 20:26:40: Не обработано: ExC!uT [ExC!uT] was mauled by a zombie!
18.07.2017 20:28:29: Не обработано: misha2005 [Потато] bled to death!
18.07.2017 20:39:04: Сохранение сервера
18.07.2017 20:40:08: Не обработано: ExC!uT [ExC!uT] was mauled by a zombie!
18.07.2017 20:41:39: Не обработано: Dimacvit1996 moved x:-589.7729 y:195.901(+88.91243) z:1327.476 in the last second (1)
18.07.2017 20:41:42: Не обработано: Owl moved x:-576.6719 y:195.2043(+88.07261) z:1333.34 in the last second (0.100296)
18.07.2017 20:51:52: Не обработано: Dimacvit1996 moved x:1211.955 y:46.83607(+16.61735) z:1532.53 in the last second (0.609684)
18.07.2017 21:01:20: Не обработано: Dimacvit1996 moved x:-25.52759 y:84.03113(+41.92857) z:1241.074 in the last second (1)
18.07.2017 21:01:21: Не обработано: Owl moved x:-22.74563 y:83.39689(+41.29432) z:1242.936 in the last second (0.10392)
18.07.2017 21:03:36: Не обработано: Owl moved x:962.2516 y:68.17676(+25.61655) z:861.0904 in the last second (0.1251221)
18.07.2017 21:06:48: Не обработано: Owl moved x:265.7707 y:97.44849(+19.17879) z:444.4706 in the last second (1)
18.07.2017 21:09:04: Сохранение сервера
18.07.2017 21:22:41: Не обработано: Owl moved x:31.64539 y:76.16516(+33.86256) z:-110.4187 in the last second (1)
18.07.2017 21:22:54: Не обработано: Dimacvit1996 moved x:23.82265 y:77.71814(+35.61558) z:-94.84656 in the last second (1)
18.07.2017 21:25:00: Не обработано: Owl moved x:584.0623 y:97.78284(+20.42363) z:-1056.357 in the last second (1)
18.07.2017 21:25:11: Не обработано: Dimacvit1996 moved x:586.2172 y:97.77405(+21.2076) z:-1053.244 in the last second (1)
18.07.2017 21:31:26: Не обработано: Лелуш Британский [Лелуш Британский] is calling a vote to kick ExC!uT [ExC!uT]
18.07.2017 21:31:41: Не обработано: Vote failed!
18.07.2017 21:37:06: Не обработано: дед с тапором moved x:522.3638 y:106.321(+64.01838) z:698.4727 in the last second (0.05000305)
18.07.2017 21:39:04: Сохранение сервера
18.07.2017 21:44:39: Не обработано: NullReferenceException: Object reference not set to an instance of an object - SDG.Unturned.Bumper.OnTriggerEnter (UnityEngine.Collider other)
18.07.2017 21:44:43: Не обработано: дед с тапором moved x:2036.815 y:160.5795(+93.5053) z:117.7912 in the last second (1)
18.07.2017 21:45:18: Не обработано: NullReferenceException: Object reference not set to an instance of an object - SDG.Unturned.Bumper.OnTriggerEnter (UnityEngine.Collider other)
18.07.2017 21:55:01: Не обработано: ExC!uT [ExC!uT] dehydrated to death!
18.07.2017 21:58:03: Не обработано: ExC!uT [ExC!uT] bled to death!
18.07.2017 22:05:47: Не обработано: дед с тапором moved x:587.8143 y:102.0004(+37.0482) z:-1052.293 in the last second (0.6189499)
18.07.2017 22:09:04: Сохранение сервера
18.07.2017 22:12:09: Не обработано: Рома Буришин [romabuWOR] was mauled by a zombie!
18.07.2017 22:13:01: Не обработано: 1goodguy2005 [1goodguy2005] bled to death!
18.07.2017 22:13:44: Не обработано: Jove moved x:513.6466 y:107.6894(+65.38682) z:-1049.609 in the last second (1.57959)
18.07.2017 22:13:45: Не обработано: дед с тапором moved x:513.6503 y:106.2379(+63.9353) z:-1049.613 in the last second (0.1293869)
18.07.2017 22:15:21: Не обработано: Рома Буришин [romabuWOR] bled to death!
18.07.2017 22:19:05: Не обработано: дед с тапором moved x:196.6911 y:417.3788(+337.2739) z:-1569.73 in the last second (360.5336)
18.07.2017 22:27:00: Не обработано: ExC!uT [ExC!uT] was mauled by a zombie!
18.07.2017 22:28:34: Не обработано: Jove moved x:526.4338 y:82.2988(+40.04033) z:674.1668 in the last second (0.8587341)
18.07.2017 22:28:35: Не обработано: LEXA moved x:526.4474 y:82.24976(+37.08822) z:673.9507 in the last second (1)
18.07.2017 22:31:36: Не обработано: дед с тапором moved x:518.0681 y:97.43399(+20.30644) z:695.597 in the last second (0.3900452)
18.07.2017 22:31:36: Не обработано: Jove moved x:518.0551 y:98.41736(+20.32899) z:695.8825 in the last second (0.2477798)
18.07.2017 22:31:43: Не обработано: Jove moved x:514.8516 y:110.6298(+19.20384) z:701.1685 in the last second (0.6648865)
18.07.2017 22:35:32: Не обработано: дед с тапором moved x:551.5336 y:128.3538(+53.70297) z:727.4509 in the last second (1)
18.07.2017 22:39:04: Сохранение сервера
18.07.2017 22:44:30: Не обработано: Jake [motorcyclern] was mauled by a zombie!
18.07.2017 22:44:37: Не обработано: LEXA moved x:514.116 y:77.19004(+16.70329) z:605.278 in the last second (1)
18.07.2017 22:47:55: Не обработано: дед с тапором [boker] is calling a vote to kick LEXA [ЛЁХА]
18.07.2017 22:48:04: Не обработано: Vote passed!
18.07.2017 22:51:59: Не обработано: дед с тапором moved x:522.3638 y:106.321(+30.03099) z:698.4727 in the last second (0.05000305)
18.07.2017 22:57:17: Не обработано: ExC!uT [ExC!uT] was mauled by a zombie!
18.07.2017 23:04:27: Не обработано: tomos.2000 [tomos.2000] was mauled by a zombie!
18.07.2017 23:05:31: Не обработано: olejikv777 [smur8ik] was mauled by a zombie!
18.07.2017 23:08:54: Не обработано: olejikv777 [smur8ik] was mauled by a zombie!
18.07.2017 23:09:04: Сохранение сервера
18.07.2017 23:09:49: Не обработано: (рядовой) Глеб [(рядовой) User] bled to death!
18.07.2017 23:10:30: Не обработано: (рядовой) Глеб [(рядовой) User] was mauled by a zombie!
18.07.2017 23:17:09: Не обработано: Legend [??Legend??] was mauled by a zombie!
18.07.2017 23:17:31: Не обработано: Legend moved x:-98.06663 y:64.91678(+15.96266) z:757.1152 in the last second (0.1139221)
18.07.2017 23:21:35: Не обработано: The player olejikv777 has no permission to execute the command kit
18.07.2017 23:21:36: Не обработано: The player (рядовой) Глеб has no permission to execute the command kit
18.07.2017 23:39:04: Сохранение сервера
18.07.2017 23:45:09: Не обработано: pagarefff2006 [pagarefff2006] was mauled by a zombie!
18.07.2017 23:53:14: Не обработано: Nolic [Я ЕНОТ / I'm a raccoon] was mauled by a zombie!
18.07.2017 23:53:50: Не обработано: Nolic moved x:-522.4816 y:120.6073(+82.37909) z:1495.362 in the last second (0.5999985)
18.07.2017 23:55:48: Не обработано: Legend [??Legend??] was dissolved by a zombie!
18.07.2017 23:56:12: Не обработано: Legend moved x:-534.1703 y:120.8073(+79.09413) z:1510.227 in the last second (0.6000061)
19.07.2017 0:00:46: Не обработано: Legend [??Legend??] was mauled by a zombie!
19.07.2017 0:00:59: Не обработано: Nolic [Я ЕНОТ / I'm a raccoon] bled to death!
19.07.2017 0:02:03: Не обработано: Legend [??Legend??] was mauled by a zombie!
19.07.2017 0:03:47: Не обработано: Nolic [Я ЕНОТ / I'm a raccoon] was mauled by a zombie!
19.07.2017 0:05:10: Не обработано: Nolic [Я ЕНОТ / I'm a raccoon] bled to death!
19.07.2017 0:05:32: Не обработано: Legend [??Legend??] was mauled by a zombie!
19.07.2017 0:05:44: Не обработано: Nolic [Я ЕНОТ / I'm a raccoon] killed themself.
19.07.2017 0:08:18: Не обработано: Nolic [Я ЕНОТ / I'm a raccoon] was mauled by a zombie!
19.07.2017 0:08:43: Не обработано: Nolic [Я ЕНОТ / I'm a raccoon] was mauled by a zombie!
19.07.2017 0:09:04: Сохранение сервера
19.07.2017 0:10:29: Не обработано: Legend [??Legend??] was mauled by a zombie!
19.07.2017 0:10:44: Не обработано: Legend [??Legend??] killed themself.
19.07.2017 0:11:00: Не обработано: Legend [??Legend??] killed themself.
19.07.2017 0:11:10: Не обработано: Legend [??Legend??] killed themself.
19.07.2017 0:11:17: Не обработано: Legend [??Legend??] killed themself.
19.07.2017 0:11:22: Не обработано: Legend [??Legend??] killed themself.
19.07.2017 0:11:33: Не обработано: Legend [??Legend??] killed themself.
19.07.2017 0:12:03: Не обработано: Legend moved x:-180.8853 y:54.33725(+19.61703) z:287.4524 in the last second (0.1000023)
19.07.2017 0:14:24: Не обработано: Nolic [Я ЕНОТ / I'm a raccoon] is calling a vote to kick BambinoIngwa [BambinoIngwa]
19.07.2017 0:14:39: Не обработано: Vote failed!
19.07.2017 0:15:10: Не обработано: BambinoIngwa [BambinoIngwa] is calling a vote to kick Nolic [Я ЕНОТ / I'm a raccoon]
19.07.2017 0:15:13: Не обработано: Vote failed!
19.07.2017 0:16:38: Не обработано: Legend [??Legend??] killed themself.
19.07.2017 0:16:50: Не обработано: Nolic [Я ЕНОТ / I'm a raccoon] killed themself.
19.07.2017 0:17:09: Не обработано: Legend [??Legend??] killed themself.
19.07.2017 0:17:27: Не обработано: Nolic [Я ЕНОТ / I'm a raccoon] was mauled by a zombie!
19.07.2017 0:17:35: Не обработано: Legend [??Legend??] killed themself.
19.07.2017 0:18:23: Не обработано: BambinoIngwa [BambinoIngwa] was mauled by a zombie!
19.07.2017 0:19:24: Не обработано: Legend moved x:1075.21 y:50.38018(+15.80472) z:1719.802 in the last second (0.6497116)
19.07.2017 0:21:50: Не обработано: Legend moved x:1042.011 y:145.1656(+72.15382) z:1829.191 in the last second (0.4116364)
19.07.2017 0:23:49: Не обработано: Legend [??Legend??] killed themself.
19.07.2017 0:23:53: Не обработано: Nolic [Я ЕНОТ / I'm a raccoon] killed themself.
19.07.2017 0:25:17: Не обработано: Nolic [Я ЕНОТ / I'm a raccoon] was mauled by a zombie!
19.07.2017 0:25:29: Не обработано: Nolic [Я ЕНОТ / I'm a raccoon] killed themself.
19.07.2017 0:25:40: Не обработано: Nolic [Я ЕНОТ / I'm a raccoon] killed themself.
19.07.2017 0:25:49: Не обработано: Nolic [Я ЕНОТ / I'm a raccoon] killed themself.
19.07.2017 0:30:13: Не обработано: Legend [??Legend??] killed themself.
19.07.2017 0:36:47: Не обработано: Nolic [Я ЕНОТ / I'm a raccoon] was mauled by a zombie!
19.07.2017 0:37:16: Не обработано: Nolic [Я ЕНОТ / I'm a raccoon] killed themself.
19.07.2017 0:37:51: Не обработано: Nolic [Я ЕНОТ / I'm a raccoon] suffocated to death!
19.07.2017 0:39:04: Сохранение сервера
19.07.2017 0:39:19: Не обработано: Nolic moved x:-390.762 y:179.2833(+107.097) z:1344.771 in the last second (0.6928101)
19.07.2017 0:41:26: Не обработано: Legend [??Legend??] bled to death!
19.07.2017 0:41:42: Не обработано: Legend moved x:-449.3837 y:162.2012(+120.0987) z:1479.616 in the last second (0.4116364)
19.07.2017 0:42:50: Не обработано: Legend [??Legend??] bled to death!
19.07.2017 0:43:25: Не обработано: Legend moved x:-512.8705 y:132.7663(+73.77826) z:1575.644 in the last second (0.5997772)
19.07.2017 0:43:57: Не обработано: Nolic [Я ЕНОТ / I'm a raccoon] was dissolved by a zombie!
19.07.2017 0:44:25: Не обработано: Nolic moved x:-453.8385 y:120.6073(+83.87302) z:1590.429 in the last second (0.5999985)
19.07.2017 0:46:11: Не обработано: Legend [??Legend??] was mauled by a zombie!
19.07.2017 0:46:39: Не обработано: Legend moved x:-476.1562 y:133.178(+98.12336) z:1601.259 in the last second (0.4735107)
19.07.2017 0:46:53: Не обработано: Nolic [Я ЕНОТ / I'm a raccoon] was mauled by a zombie!
19.07.2017 0:47:43: Не обработано: Nolic moved x:-500.4586 y:144.4886(+104.4587) z:1482.023 in the last second (0.5999908)
19.07.2017 0:48:44: Не обработано: Nolic [Я ЕНОТ / I'm a raccoon] was mauled by a zombie!
19.07.2017 0:49:04: Не обработано: Nolic moved x:-485.9991 y:180.4744(+141.8181) z:1476.312 in the last second (0.5999908)
19.07.2017 0:56:32: Не обработано: Nolic [Я ЕНОТ / I'm a raccoon] was mauled by a zombie!
19.07.2017 0:57:08: Не обработано: Nolic moved x:-73.48804 y:60.60366(+26.24092) z:826.9729 in the last second (0.5999985)
19.07.2017 1:02:16: Не обработано: Nolic [Я ЕНОТ / I'm a raccoon] bled to death!
19.07.2017 1:02:35: Не обработано: Nolic moved x:-7.056422 y:61.03276(+18.95995) z:899.3348 in the last second (0.4116478)
19.07.2017 1:09:04: Сохранение сервера
19.07.2017 1:17:15: Не обработано: amazon7657 [amazon7657] was mauled by a zombie!
19.07.2017 1:37:45: Не обработано: Timsait [Timsait] was mauled by a zombie!
19.07.2017 1:38:24: Не обработано: Timsait [Timsait] was mauled by a zombie!
19.07.2017 1:39:04: Сохранение сервера
19.07.2017 1:43:31: Не обработано: Legend [??Legend??] killed themself.
19.07.2017 1:43:46: Не обработано: Legend moved x:-123.076 y:56.52562(+22.50179) z:997.0025 in the last second (0.6176567)
19.07.2017 1:44:34: Не обработано: Nolic [Я ЕНОТ / I'm a raccoon] killed themself.
19.07.2017 1:44:50: Не обработано: Nolic moved x:-122.9762 y:56.46703(+22.4432) z:996.4678 in the last second (0.6185188)
19.07.2017 1:53:12: Не обработано: Legend [??Legend??] killed themself.
19.07.2017 1:53:32: Не обработано: Legend moved x:10.67656 y:60.69057(+23.95627) z:833.2003 in the last second (0.09999847)
19.07.2017 1:58:17: Не обработано: Nolic [Я ЕНОТ / I'm a raccoon] bled to death!
19.07.2017 1:58:40: Не обработано: Nolic moved x:8.248574 y:67.51248(+23.41947) z:937.5463 in the last second (0.631012)
19.07.2017 2:01:12: Не обработано: Legend [??Legend??] was mauled by a zombie!
19.07.2017 2:01:26: Не обработано: Legend moved x:-63.13559 y:60.89088(+25.1935) z:948.1846 in the last second (0.600071)
19.07.2017 2:02:09: Не обработано: Nolic [Я ЕНОТ / I'm a raccoon] bled to death!
19.07.2017 2:02:38: Не обработано: Nolic moved x:-71.95189 y:60.10366(+27.8675) z:938.9434 in the last second (0.1000023)
19.07.2017 2:06:04: Не обработано: Legend [??Legend??] killed themself.
19.07.2017 2:07:05: Не обработано: Nolic [Я ЕНОТ / I'm a raccoon] killed themself.
19.07.2017 2:07:13: Не обработано: Nolic moved x:-145.0087 y:78.46807(+42.5771) z:1126.406 in the last second (0.09999847)
19.07.2017 2:07:57: Не обработано: Legend [??Legend??] killed themself.
19.07.2017 2:09:04: Сохранение сервера
19.07.2017 2:13:38: Не обработано: Nolic [Я ЕНОТ / I'm a raccoon] killed themself.
19.07.2017 2:17:11: Не обработано: Nolic [Я ЕНОТ / I'm a raccoon] killed themself.
19.07.2017 2:18:10: Не обработано: Legend moved x:565.3055 y:85.87369(+41.83373) z:1743.283 in the last second (0.102562)
19.07.2017 2:21:13: Не обработано: Legend [??Legend??] killed themself.
19.07.2017 2:23:08: Не обработано: Nolic [Я ЕНОТ / I'm a raccoon] killed themself.
19.07.2017 2:32:42: Не обработано: Legend [??Legend??] was mauled by a zombie!
19.07.2017 2:32:59: Не обработано: Legend moved x:-8.202321 y:59.25573(+25.18123) z:789.2451 in the last second (0.6105843)
19.07.2017 2:33:43: Не обработано: Legend [??Legend??] bled to death!
19.07.2017 2:35:15: Не обработано: Legend moved x:-47.57021 y:60.60366(+18.93603) z:810.111 in the last second (0.5999985)
19.07.2017 2:35:48: Не обработано: Nolic [Я ЕНОТ / I'm a raccoon] bled to death!
19.07.2017 2:39:04: Сохранение сервера
19.07.2017 2:40:49: Не обработано: Legend [??Legend??] was mauled by a zombie!
19.07.2017 2:41:01: Не обработано: Nolic [Я ЕНОТ / I'm a raccoon] was mauled by a zombie!
19.07.2017 2:41:05: Не обработано: Nolic moved x:-145.0087 y:78.46808(+18.36441) z:1126.406 in the last second (0.1000061)
19.07.2017 2:41:24: Не обработано: Legend [??Legend??] killed themself.
19.07.2017 2:41:26: Не обработано: Legend moved x:-141.3967 y:79.106(+54.23048) z:1130.006 in the last second (0.7379227)
19.07.2017 2:46:19: Не обработано: the killer [hyperdj05] was mauled by a zombie!
19.07.2017 2:47:51: Не обработано: the killer [hyperdj05] was mauled by a zombie!
19.07.2017 2:49:18: Не обработано: Legend [??Legend??] was burned by a zombie!
19.07.2017 2:49:42: Не обработано: Legend moved x:23.04155 y:66.57067(+33.6506) z:921.2292 in the last second (0.2554855)
19.07.2017 2:53:37: Не обработано: Nolic moved x:-153.2079 y:75.3791(+15.4544) z:1126.183 in the last second (0.1059036)
19.07.2017 2:53:47: Не обработано: Legend moved x:-154.4142 y:75.38635(+15.44204) z:1130.94 in the last second (0.9998779)
19.07.2017 3:09:04: Сохранение сервера
19.07.2017 3:22:19: Не обработано: Legend moved x:757.6202 y:101.9448(+43.81047) z:651.9253 in the last second (0.7429276)
19.07.2017 3:22:23: Не обработано: Nolic moved x:756.3245 y:103.6249(+44.47396) z:647.388 in the last second (0.2062149)
19.07.2017 3:30:27: Не обработано: Legend moved x:-144.2863 y:76.78442(+31.95078) z:1132.453 in the last second (1)
19.07.2017 3:30:44: Не обработано: Nolic moved x:-160.7458 y:74.40698(+36.15976) z:1133 in the last second (1)
19.07.2017 3:35:14: Не обработано: Nolic [Я ЕНОТ / I'm a raccoon] killed themself.
19.07.2017 3:35:23: Не обработано: Nolic moved x:-145.0087 y:78.46807(+43.41342) z:1126.406 in the last second (0.09999847)
19.07.2017 3:39:04: Сохранение сервера
19.07.2017 3:58:45: Не обработано: Nolic [Я ЕНОТ / I'm a raccoon] bled to death!
19.07.2017 4:00:44: Не обработано: Tom (Ven) Thompson [==Venture==] was mauled by a zombie!
19.07.2017 4:00:57: Не обработано: Dr.W.D.Gaster PHD [Mr. Worm Your Honer] was mauled by a zombie!
19.07.2017 4:04:18: Не обработано: Nolic [Я ЕНОТ / I'm a raccoon] was mauled by a zombie!
19.07.2017 4:09:04: Сохранение сервера
19.07.2017 4:27:33: Не обработано: Legend [??Legend??] bled to death!
19.07.2017 4:27:47: Не обработано: Legend moved x:-254.8903 y:56.52206(+16.48499) z:77.4127 in the last second (1.113117)
19.07.2017 4:29:28: Не обработано: Nolic [Я ЕНОТ / I'm a raccoon] bled to death!
19.07.2017 4:30:23: Не обработано: Nolic moved x:-239.3016 y:59.8175(+24.82485) z:89.47187 in the last second (0.5999985)
19.07.2017 4:39:04: Сохранение сервера
19.07.2017 4:46:33: Не обработано: Legend [??Legend??] bled to death!
19.07.2017 4:46:48: Не обработано: Legend moved x:-203.4083 y:54.60853(+16.15664) z:177.0599 in the last second (0.411644)
19.07.2017 4:48:28: Не обработано: Nolic [Я ЕНОТ / I'm a raccoon] bled to death!
19.07.2017 4:49:09: Не обработано: Legend [??Legend??] was mauled by a zombie!
19.07.2017 4:49:31: Не обработано: Legend moved x:-223.7767 y:54.60303(+16.64594) z:292.2439 in the last second (0.5997353)
19.07.2017 4:50:45: Не обработано: Nolic [Я ЕНОТ / I'm a raccoon] was mauled by a zombie!
19.07.2017 4:51:38: Не обработано: Nolic moved x:-247.1544 y:54.86006(+21.6027) z:223.6048 in the last second (0.5999985)
19.07.2017 4:53:24: Не обработано: Nolic [Я ЕНОТ / I'm a raccoon] was dissolved by a zombie!
19.07.2017 4:53:59: Не обработано: Legend [??Legend??] was mauled by a zombie!
19.07.2017 4:54:05: Не обработано: Nolic [Я ЕНОТ / I'm a raccoon] killed themself.
19.07.2017 4:54:12: Не обработано: Legend [??Legend??] killed themself.
19.07.2017 4:54:13: Не обработано: Nolic [Я ЕНОТ / I'm a raccoon] killed themself.
19.07.2017 5:01:14: Не обработано: Nolic [Я ЕНОТ / I'm a raccoon] bled to death!
19.07.2017 5:01:29: Не обработано: Legend [??Legend??] bled to death!
19.07.2017 5:01:45: Не обработано: Legend [??Legend??] killed themself.
19.07.2017 5:01:52: Не обработано: Legend [??Legend??] killed themself.
19.07.2017 5:01:57: Не обработано: Legend [??Legend??] killed themself.
19.07.2017 5:02:03: Не обработано: Legend [??Legend??] killed themself.
19.07.2017 5:02:07: Не обработано: Legend [??Legend??] killed themself.
19.07.2017 5:02:14: Не обработано: Legend [??Legend??] killed themself.
19.07.2017 5:02:19: Не обработано: Legend [??Legend??] killed themself.
19.07.2017 5:02:34: Не обработано: Legend [??Legend??] killed themself.
19.07.2017 5:02:41: Не обработано: Legend [??Legend??] killed themself.
19.07.2017 5:02:48: Не обработано: Nolic [Я ЕНОТ / I'm a raccoon] killed themself.
19.07.2017 5:02:48: Не обработано: Legend [??Legend??] killed themself.
19.07.2017 5:02:50: Не обработано: Legend moved x:-141.3967 y:78.91764(+42.28746) z:1130.006 in the last second (0.5495682)
19.07.2017 5:02:53: Не обработано: Legend [??Legend??] killed themself.
19.07.2017 5:04:00: Не обработано: Legend [??Legend??] killed themself.
19.07.2017 5:06:01: Не обработано: Nolic [Я ЕНОТ / I'm a raccoon] bled to death!
19.07.2017 5:09:04: Сохранение сервера
19.07.2017 5:09:45: Не обработано: Nolic [Я ЕНОТ / I'm a raccoon] was mauled by a zombie!
19.07.2017 5:10:22: Не обработано: Nolic moved x:-217.5425 y:55.26006(+16.80817) z:172.389 in the last second (0.6000061)
19.07.2017 5:11:23: Не обработано: Nolic [Я ЕНОТ / I'm a raccoon] was mauled by a zombie!
19.07.2017 5:12:23: Не обработано: Legend [??Legend??] was mauled by a zombie!
19.07.2017 5:12:40: Не обработано: Legend [??Legend??] killed themself.
19.07.2017 5:12:45: Не обработано: Legend [??Legend??] killed themself.
19.07.2017 5:12:50: Не обработано: Legend [??Legend??] killed themself.
19.07.2017 5:12:54: Не обработано: Legend moved x:-141.3967 y:78.46807(+43.47542) z:1130.006 in the last second (0.09999847)
19.07.2017 5:12:57: Не обработано: Legend [??Legend??] killed themself.
19.07.2017 5:13:04: Не обработано: Legend [??Legend??] killed themself.
19.07.2017 5:13:12: Не обработано: Legend [??Legend??] killed themself.
19.07.2017 5:13:15: Не обработано: Legend moved x:-141.3967 y:78.46807(+43.47542) z:1130.006 in the last second (0.09999847)
19.07.2017 5:13:17: Не обработано: Legend [??Legend??] killed themself.
19.07.2017 5:21:46: Не обработано: Nolic moved x:-145.0087 y:78.606(+24.30913) z:1126.406 in the last second (0.2379227)
19.07.2017 5:21:59: Не обработано: Legend moved x:-141.3967 y:78.606(+24.30912) z:1130.006 in the last second (0.2379227)
19.07.2017 5:39:04: Сохранение сервера
19.07.2017 5:48:05: Не обработано: Nolic moved x:-145.0087 y:78.46807(+18.36441) z:1126.406 in the last second (0.09999847)
19.07.2017 5:48:10: Не обработано: Legend moved x:-141.3967 y:78.46807(+18.07544) z:1130.006 in the last second (0.09999847)
19.07.2017 5:49:07: Не обработано: Nolic [Я ЕНОТ / I'm a raccoon] killed themself.
19.07.2017 6:09:04: Сохранение сервера
19.07.2017 6:39:04: Сохранение сервера
19.07.2017 7:09:04: Сохранение сервера
19.07.2017 7:12:02: Не обработано: theclaner17 [SovietPepe| gamekit.com] was mauled by a zombie!
19.07.2017 7:12:58: Не обработано: theclaner17 [SovietPepe| gamekit.com] was mauled by a zombie!
19.07.2017 7:26:35: Не обработано: godwin [Olan] bled to death!
19.07.2017 7:39:04: Сохранение сервера
19.07.2017 8:09:04: Сохранение сервера
19.07.2017 8:39:04: Сохранение сервера
19.07.2017 8:53:03: Не обработано: дед с тапором moved x:-580.1685 y:196.2941(+135.8763) z:1364.085 in the last second (1)
19.07.2017 9:04:44: Не обработано: Expert1337 включен Godmode
19.07.2017 9:04:50: Не обработано: Expert1337 телепортирован к дед с тапором
19.07.2017 9:04:50: Не обработано: Expert1337 moved x:-65.31895 y:55.23317(+18.6134) z:257.9368 in the last second (1.22987)
19.07.2017 9:07:06: Не обработано: Expert1337 включен Godmode
19.07.2017 9:07:23: Не обработано: Expert1337 телепортирован к Camp Dusseldorf
19.07.2017 9:08:01: Не обработано: Expert1337 телепортирован к Aerospace Defense Complex
19.07.2017 9:08:02: Не обработано: Expert1337 moved x:-1411.063 y:193.976(+113.114) z:1115.209 in the last second (0.623291)
19.07.2017 9:08:25: Не обработано: Expert1337 телепортирован к Limestone Quarry
19.07.2017 9:08:25: Не обработано: Expert1337 moved x:-536.2391 y:220.7316(+20.61937) z:1404.996 in the last second (1)
19.07.2017 9:09:04: Сохранение сервера
19.07.2017 9:10:33: Не обработано: Expert1337 moved x:-833.1073 y:129.2875(+25.23352) z:1382.083 in the last second (0.8116455)
19.07.2017 9:11:06: Не обработано: дед с тапором [boker] was mauled by a zombie!
19.07.2017 9:11:37: Не обработано: Expert1337 телепортирован к Berlin
19.07.2017 9:11:44: Не обработано: дед с тапором был телепортирован к Expert1337
19.07.2017 9:11:45: Не обработано: дед с тапором moved x:-224.4081 y:112.2467(+45.98686) z:-49.96387 in the last second (0.7107697)
19.07.2017 9:12:34: Не обработано: Expert1337 телепортирован к дед с тапором
19.07.2017 9:12:38: Не обработано: дед с тапором [boker] bled to death!
19.07.2017 9:12:44: Не обработано: дед с тапором moved x:522.3638 y:106.821(+52.46096) z:698.4727 in the last second (0.5500031)
19.07.2017 9:13:05: Не обработано: дед с тапором был телепортирован к Expert1337
19.07.2017 9:19:39: Не обработано: Expert1337 moved x:388.4255 y:81.00488(+38.70231) z:-1481.131 in the last second (1)
19.07.2017 9:20:46: Не обработано: Expert1337 moved x:423.2122 y:211.3505(+131.2457) z:-1576.147 in the last second (131.1457)
19.07.2017 9:21:57: Не обработано: дед с тапором был телепортирован к Expert1337
19.07.2017 9:21:58: Не обработано: дед с тапором moved x:412.6907 y:183.3152(+103.0103) z:-1560.439 in the last second (0.6132965)
19.07.2017 9:22:44: Не обработано: Expert1337 телепортирован к дед с тапором
19.07.2017 9:22:44: Не обработано: Expert1337 moved x:415.901 y:182.8588(+102.5539) z:-1563.249 in the last second (0.2046967)
19.07.2017 9:31:45: Не обработано: Expert1337 телепортирован к vLobizon
19.07.2017 9:37:21: Не обработано: никита [никитка] was mauled by a zombie!
19.07.2017 9:37:25: Не обработано: daniil12360 [DaniilProKing] was mauled by a zombie!
