Не обработано: RocketRcon v2.4.8.0
RocketRcon v2.4.8.0

Client has executed command "players"

TimerTerminateCommand.Enabled with Players:
Players:
PlayerID: 76561198176817369 Name: ?. Character: GlodiS Ping: 62
PlayerID: 76561198390364391 Name: glowinski Character: kamil;] Ping: 195
PlayerID: 76561198366549870 Name: Expert13372284200 Character: Expert1337 Ping: 148
PlayerID: 76561198158686943 Name: Billy? Character: [NEO]Billy? Ping: 304
PlayerID: 76561198123982483 Name: Mr. Noizy Character: mslvn Ping: 39
PlayerID: 76561198327628144 Name: Planeset 25 Character: Planeset 25 Ping: 31
PlayerID: 76561198371041527 Name: ¦_s1mple_¦ Character: miguelhormat Ping: 31
PlayerID: 76561198295801599 Name: Lo[x] Character: Lo[x] Ping: 46
PlayerID: 76561198314638573 Name: UDODMEN Character: udodmen Ping: 70
PlayerID: 76561198129912569 Name: Hanzo Character: Wasted Ping: 31
PlayerID: 76561198157563744 Name: Jason Voorhees Character: Jason Voorhees Ping: 62
PlayerID: 76561198198481426 Name: JasonVH Character: JasonVH Ping: 70

TimerTerminateCommand.Enabled with Players:
Client has executed command "bans"

END with Players:
TimerTerminateCommand.Enabled with Bans:
Bans:
PlayerID: 123123
JudgeID: 0
Reason: unspecified Duration: 31536000 Remaining: 31362749
PlayerID: 123
JudgeID: 0
Reason: durila Duration: 4000 Remaining: 4294798543
PlayerID: 76561198274427357
JudgeID: 0
Reason: you were vote kicked Duration: 180 Remaining: 4294826916

END with Bans:
Client has executed command "say "???M: ???????""

[World] Expert1337 [Expert13372284200]: "админ"

Client has executed command "players"

TimerTerminateCommand.Enabled with Players:
Players:
PlayerID: 76561198176817369 Name: ?. Character: GlodiS Ping: 78
PlayerID: 76561198390364391 Name: glowinski Character: kamil;] Ping: 179
PlayerID: 76561198366549870 Name: Expert13372284200 Character: Expert1337 Ping: 132
PlayerID: 76561198158686943 Name: Billy? Character: [NEO]Billy? Ping: 304
PlayerID: 76561198123982483 Name: Mr. Noizy Character: mslvn Ping: 62
PlayerID: 76561198327628144 Name: Planeset 25 Character: Planeset 25 Ping: 31
PlayerID: 76561198371041527 Name: ¦_s1mple_¦ Character: miguelhormat Ping: 39
PlayerID: 76561198295801599 Name: Lo[x] Character: Lo[x] Ping: 46
PlayerID: 76561198314638573 Name: UDODMEN Character: udodmen Ping: 78
PlayerID: 76561198129912569 Name: Hanzo Character: Wasted Ping: 31
PlayerID: 76561198157563744 Name: Jason Voorhees Character: Jason Voorhees Ping: 70
PlayerID: 76561198198481426 Name: JasonVH Character: JasonVH Ping: 78

TimerTerminateCommand.Enabled with Players:
[World] Expert1337 [Expert13372284200]: "нас редят"

Не обработано: MessageAnnouncer >> Broadcast: Добро пожаловать на HEMULGM.RU. Тут рады вам больше, чем на любом другом сервере!
TimerTerminateCommand.Enabled with Players:
MessageAnnouncer >> Broadcast: Добро пожаловать на HEMULGM.RU. Тут рады вам больше, чем на любом другом сервере!

Не обработано: MessageAnnouncer >> Добро пожаловать на HEMULGM.RU. Тут рады вам больше, чем на любом другом сервере!
TimerTerminateCommand.Enabled with Players:
MessageAnnouncer >> Добро пожаловать на HEMULGM.RU. Тут рады вам больше, чем на любом другом сервере!

sil
END with Players:
[World] Expert1337 [Expert13372284200]: "помоги"
Client has executed command "players"

TimerTerminateCommand.Enabled with Players:
Players:
PlayerID: 76561198176817369 Name: ?. Character: GlodiS Ping: 62
PlayerID: 76561198390364391 Name: glowinski Character: kamil;] Ping: 171
PlayerID: 76561198366549870 Name: Expert13372284200 Character: Expert1337 Ping: 140
PlayerID: 76561198158686943 Name: Billy? Character: [NEO]Billy? Ping: 328
PlayerID: 76561198123982483 Name: Mr. Noizy Character: mslvn Ping: 54
PlayerID: 76561198327628144 Name: Planeset 25 Character: Planeset 25 Ping: 31
PlayerID: 76561198371041527 Name: ¦_s1mple_¦ Character: miguelhormat Ping: 31
PlayerID: 76561198295801599 Name: Lo[x] Character: Lo[x] Ping: 62
PlayerID: 76561198314638573 Name: UDODMEN Character: udodmen Ping: 70
PlayerID: 76561198129912569 Name: Hanzo Character: Wasted Ping: 39
PlayerID: 76561198157563744 Name: Jason Voorhees Character: Jason Voorhees Ping: 70
PlayerID: 76561198198481426 Name: JasonVH Character: JasonVH Ping: 78

TimerTerminateCommand.Enabled with Players:
Client has executed command "say "sil'no?""

END with Players:
[World] Wasted [Hanzo]: "/tpa ja"

[World] Jason Voorhees [Jason Voorhees]: "/tpa a"

[World] Lo[x] [Lo[x]]: "/home"

[World] GlodiS [?.]: "да"

[World] Expert1337 [Expert13372284200]: "kamil;]  2 машини взарвал"

Client has executed command "say "sil'no?""

Client has executed command "players"

TimerTerminateCommand.Enabled with Players:
Players:
PlayerID: 76561198176817369 Name: ?. Character: GlodiS Ping: 78
PlayerID: 76561198390364391 Name: glowinski Character: kamil;] Ping: 164
PlayerID: 76561198366549870 Name: Expert13372284200 Character: Expert1337 Ping: 125
PlayerID: 76561198158686943 Name: Billy? Character: [NEO]Billy? Ping: 304
PlayerID: 76561198123982483 Name: Mr. Noizy Character: mslvn Ping: 39
PlayerID: 76561198327628144 Name: Planeset 25 Character: Planeset 25 Ping: 31
PlayerID: 76561198371041527 Name: ¦_s1mple_¦ Character: miguelhormat Ping: 31
PlayerID: 76561198295801599 Name: Lo[x] Character: Lo[x] Ping: 46
PlayerID: 76561198314638573 Name: UDODMEN Character: udodmen Ping: 70
PlayerID: 76561198129912569 Name: Hanzo Character: Wasted Ping: 31
PlayerID: 76561198157563744 Name: Jason Voorhees Character: Jason Voorhees Ping: 62
PlayerID: 76561198198481426 Name: JasonVH Character: JasonVH Ping: 62

TimerTerminateCommand.Enabled with Players:
[World] Expert1337 [Expert13372284200]: "да"

END with Players:
[Area] kamil;] [glowinski]: "no fsk"

[World] miguelhormat [¦_s1mple_¦]: "да"

[World] Lo[x] [Lo[x]]: "/tpa Glodis"

[Area] GlodiS [?.]: "/tpa accept"

