Не обработано: RocketRcon v2.4.8.0
RocketRcon v2.4.8.0

Client has executed command "players"

TimerTerminateCommand.Enabled with Players:
Players:
PlayerID: 76561198123840535 Name: ?????? Character: top Ping: 191
PlayerID: 76561198280617288 Name: Незнаю какой придумать Character: Пипр Ping: 46
PlayerID: 76561198152563082 Name: Drakon Character: [MODER]Stanat Ping: 148
PlayerID: 76561198346656228 Name: #Sanion# Character: Citrus Ping: 113
PlayerID: 76561198278800086 Name: >>??<< Character: Антон Беляев Ping: 39
PlayerID: 76561198324398740 Name: Анимешный Бурячок Character: АнимешныйБурячок Ping: 140
PlayerID: 76561198165822970 Name: Indigo Character: Indigo Ping: 42
PlayerID: 76561198368128006 Name: Aibek Character: Aibek [A.S.D] Ping: 101
PlayerID: 76561198305732269 Name: Owl Character: Owl Ping: 78

TimerTerminateCommand.Enabled with Players:
[World] [MODER]Stanat [Drakon]: "админу ину"

Не обработано: DeathMessagesRemastered >> Broadcast: Антон Беляев has been mauled by a zombie! 
Не обработано: Антон Беляев [>>??<<] was mauled by a zombie!
TimerTerminateCommand.Enabled with Players:
DeathMessagesRemastered >> Broadcast: Антон Беляев has been mauled by a zombie! 
Антон Беляев [>>??<<] was mauled by a zombie!
[World] Пипр [Незнаю какой придумать]: "Виндяй тп"
[World] [MODER]Stanat [Drakon]: "он ливнул"
[World] Антон Беляев [>>??<<]: "/tpa АнимешныйБурячок"
Disconnecting: PlayerID: 76561198305732269 Name: Owl Character: Owl

TimerTerminateCommand.Enabled with Players:
Client has executed command "players"

END with Players:
TimerTerminateCommand.Enabled with Players:
Players:
PlayerID: 76561198123840535 Name: ?????? Character: top Ping: 273
PlayerID: 76561198280617288 Name: Незнаю какой придумать Character: Пипр Ping: 46
PlayerID: 76561198152563082 Name: Drakon Character: [MODER]Stanat Ping: 140
PlayerID: 76561198346656228 Name: #Sanion# Character: Citrus Ping: 109
PlayerID: 76561198278800086 Name: >>??<< Character: Антон Беляев Ping: 39
PlayerID: 76561198324398740 Name: Анимешный Бурячок Character: АнимешныйБурячок Ping: 144
PlayerID: 76561198165822970 Name: Indigo Character: Indigo Ping: 46
PlayerID: 76561198368128006 Name: Aibek Character: Aibek [A.S.D] Ping: 101

TimerTerminateCommand.Enabled with Players:
Client has executed command "bans"

END with Players:
TimerTerminateCommand.Enabled with Bans:
Bans:
PlayerID: 123123
JudgeID: 0
Reason: unspecified Duration: 31536000 Remaining: 31004387
PlayerID: 123
JudgeID: 0
Reason: durila Duration: 4000 Remaining: 4294440181
PlayerID: 76561198274427357
JudgeID: 0
Reason: you were vote kicked Duration: 180 Remaining: 4294468554

TimerTerminateCommand.Enabled with Bans:
Client has executed command "bans"

END with Bans:
TimerTerminateCommand.Enabled with Bans:
Bans:
PlayerID: 123123
JudgeID: 0
Reason: unspecified Duration: 31536000 Remaining: 31004387
PlayerID: 123
JudgeID: 0
Reason: durila Duration: 4000 Remaining: 4294440181
PlayerID: 76561198274427357
JudgeID: 0
Reason: you were vote kicked Duration: 180 Remaining: 4294468554

TimerTerminateCommand.Enabled with Bans:
[World] Indigo [Indigo]: "кто в городе"

TimerTerminateCommand.Enabled with Bans:
[World] Антон Беляев [>>??<<]: "/tpa АнимешныйБурячок"
[World] АнимешныйБурячок [Анимешный Бурячок]: "/tpa Антон Беляев"
[World] АнимешныйБурячок [Анимешный Бурячок]: "/tpa accept"

END with Bans:
TimerTerminateCommand.Enabled with Players:
[Area] Пипр [Незнаю какой придумать]: "Сделай 2 сефа пж"
Client has executed command "players"
Players:
PlayerID: 76561198123840535 Name: ?????? Character: top Ping: 117
PlayerID: 76561198280617288 Name: Незнаю какой придумать Character: Пипр Ping: 54
PlayerID: 76561198152563082 Name: Drakon Character: [MODER]Stanat Ping: 144
PlayerID: 76561198346656228 Name: #Sanion# Character: Citrus Ping: 105
PlayerID: 76561198278800086 Name: >>??<< Character: Антон Беляев Ping: 50
PlayerID: 76561198324398740 Name: Анимешный Бурячок Character: АнимешныйБурячок Ping: 148
PlayerID: 76561198165822970 Name: Indigo Character: Indigo Ping: 46
PlayerID: 76561198368128006 Name: Aibek Character: Aibek [A.S.D] Ping: 97

END with Players:
Client has executed command "bans"

TimerTerminateCommand.Enabled with Bans:
Bans:
PlayerID: 123123
JudgeID: 0
Reason: unspecified Duration: 31536000 Remaining: 31004313
PlayerID: 123
JudgeID: 0
Reason: durila Duration: 4000 Remaining: 4294440107
PlayerID: 76561198274427357
JudgeID: 0
Reason: you were vote kicked Duration: 180 Remaining: 4294468480
[Area] Пипр [Незнаю какой придумать]: "А хотя я сам сделаю"

Не обработано: MessageAnnouncer >> Broadcast: vk.com/unturned_hgm - цены на премиум, VIP и другие услуги смотрите в группе!
TimerTerminateCommand.Enabled with Bans:
MessageAnnouncer >> Broadcast: vk.com/unturned_hgm - цены на премиум, VIP и другие услуги смотрите в группе!

Не обработано: MessageAnnouncer >> vk.com/unturned_hgm - цены на премиум, VIP и другие услуги смотрите в группе!
TimerTerminateCommand.Enabled with Bans:
MessageAnnouncer >> vk.com/unturned_hgm - цены на премиум, VIP и другие услуги смотрите в группе!

END with Bans:
[World] [MODER]Stanat [Drakon]: "/i 328 2"

Не обработано: Дал [MODER]Stanat вещь 328:2
Дал [MODER]Stanat вещь 328:2

Client has executed command "players"

TimerTerminateCommand.Enabled with Players:
Players:
PlayerID: 76561198123840535 Name: ?????? Character: top Ping: 117
PlayerID: 76561198280617288 Name: Незнаю какой придумать Character: Пипр Ping: 58
PlayerID: 76561198152563082 Name: Drakon Character: [MODER]Stanat Ping: 144
PlayerID: 76561198346656228 Name: #Sanion# Character: Citrus Ping: 105
PlayerID: 76561198278800086 Name: >>??<< Character: Антон Беляев Ping: 50
PlayerID: 76561198324398740 Name: Анимешный Бурячок Character: АнимешныйБурячок Ping: 148
PlayerID: 76561198165822970 Name: Indigo Character: Indigo Ping: 42
PlayerID: 76561198368128006 Name: Aibek Character: Aibek [A.S.D] Ping: 97

END with Players:
Client has executed command "bans"

TimerTerminateCommand.Enabled with Bans:
Bans:
PlayerID: 123123
JudgeID: 0
Reason: unspecified Duration: 31536000 Remaining: 31004296
PlayerID: 123
JudgeID: 0
Reason: durila Duration: 4000 Remaining: 4294440090
PlayerID: 76561198274427357
JudgeID: 0
Reason: you were vote kicked Duration: 180 Remaining: 4294468463

END with Bans:
Client has executed command "players"

TimerTerminateCommand.Enabled with Players:
Players:
PlayerID: 76561198123840535 Name: ?????? Character: top Ping: 128
PlayerID: 76561198280617288 Name: Незнаю какой придумать Character: Пипр Ping: 50
PlayerID: 76561198152563082 Name: Drakon Character: [MODER]Stanat Ping: 132
PlayerID: 76561198346656228 Name: #Sanion# Character: Citrus Ping: 113
PlayerID: 76561198278800086 Name: >>??<< Character: Антон Беляев Ping: 42
PlayerID: 76561198324398740 Name: Анимешный Бурячок Character: АнимешныйБурячок Ping: 132
PlayerID: 76561198165822970 Name: Indigo Character: Indigo Ping: 50
PlayerID: 76561198368128006 Name: Aibek Character: Aibek [A.S.D] Ping: 93

