Не обработано: RocketRcon v2.4.8.0
RocketRcon v2.4.8.0

Client has executed command "players"

TimerTerminateCommand.Enabled with Players:
Players:
PlayerID: 76561198123840535 Name: ?????? Character: top Ping: 261
PlayerID: 76561198280617288 Name: Незнаю какой придумать Character: Пипр Ping: 54
PlayerID: 76561198152563082 Name: Drakon Character: [MODER]Stanat Ping: 144
PlayerID: 76561198278800086 Name: >>??<< Character: Антон Беляев Ping: 35
PlayerID: 76561198324398740 Name: Анимешный Бурячок Character: АнимешныйБурячок Ping: 148
PlayerID: 76561198368128006 Name: Aibek Character: Aibek [A.S.D] Ping: 105
PlayerID: 76561198336965559 Name: Bomjara Character: Bomjara Ping: 46
PlayerID: 76561198363828451 Name: Ничоси Character: Кеша Ping: 35
PlayerID: 76561198165822970 Name: Indigo Character: Indigo Ping: 46
PlayerID: 76561198305732269 Name: Owl Character: Owl Ping: 62
PlayerID: 76561198390891968 Name: artyr-zakirov-96 Character: alkash Ping: 62
PlayerID: 76561198334346242 Name: мареонетка Character: [Кровавые]хмурый Ping: 97

END with Players:
Client has executed command "bans"

TimerTerminateCommand.Enabled with Bans:
Bans:
PlayerID: 123123
JudgeID: 0
Reason: unspecified Duration: 31536000 Remaining: 31003425
PlayerID: 123
JudgeID: 0
Reason: durila Duration: 4000 Remaining: 4294439219
PlayerID: 76561198274427357
JudgeID: 0
Reason: you were vote kicked Duration: 180 Remaining: 4294467592

END with Bans:
[World] [MODER]Stanat [Drakon]: "ради сохраниния популяции сервера"

[World] Bomjara [Bomjara]: "ради него?"

[World] Bomjara [Bomjara]: "он говна не стоит"

Client has executed command "players"

TimerTerminateCommand.Enabled with Players:
Players:
PlayerID: 76561198123840535 Name: ?????? Character: top Ping: 132
PlayerID: 76561198280617288 Name: Незнаю какой придумать Character: Пипр Ping: 54
PlayerID: 76561198152563082 Name: Drakon Character: [MODER]Stanat Ping: 156
PlayerID: 76561198278800086 Name: >>??<< Character: Антон Беляев Ping: 35
PlayerID: 76561198324398740 Name: Анимешный Бурячок Character: АнимешныйБурячок Ping: 156
PlayerID: 76561198368128006 Name: Aibek Character: Aibek [A.S.D] Ping: 97
PlayerID: 76561198336965559 Name: Bomjara Character: Bomjara Ping: 62
PlayerID: 76561198363828451 Name: Ничоси Character: Кеша Ping: 46
PlayerID: 76561198165822970 Name: Indigo Character: Indigo Ping: 46
PlayerID: 76561198305732269 Name: Owl Character: Owl Ping: 70
PlayerID: 76561198390891968 Name: artyr-zakirov-96 Character: alkash Ping: 66
PlayerID: 76561198334346242 Name: мареонетка Character: [Кровавые]хмурый Ping: 109

