19.06.2017 11:09:37: Mr. Ozzye был съеден зомби! 
19.06.2017 11:30:18: kellat_kellat был съеден зомби! 
19.06.2017 11:31:14: 7_AleX_3 был съеден зомби! 
19.06.2017 11:32:57: 7_AleX_3 был съеден зомби! 
19.06.2017 11:35:37: kellat_kellat сгорел!
19.06.2017 11:35:53: 7_AleX_3 был съеден зомби! 
19.06.2017 11:40:27: nikanorova2 был съеден зомби! 
19.06.2017 11:48:43: kellat_kellat сгорел!
19.06.2017 11:52:36: Max истёк кровью!
19.06.2017 11:53:13: Lazer228 был убит взрывной волной от машины!
19.06.2017 11:53:30: Max был съеден зомби! 
19.06.2017 11:55:49: Max истёк кровью!
19.06.2017 11:58:04: Mr_Gluk был съеден зомби! 
19.06.2017 12:03:40: desdenlua истёк кровью!
19.06.2017 12:12:30: Mr_Gluk был съеден зомби! 
19.06.2017 12:14:48: 7_AleX_3 был убит взрывной волной от машины!
19.06.2017 12:36:41: Lazer228 был убит взрывной волной от машины!
19.06.2017 12:38:47: yelowruben был убит взрывной волной от машины!
19.06.2017 12:48:02: Артем Бахипов был съеден зомби! 
19.06.2017 12:49:13: yelowruben был съеден зомби! 
19.06.2017 12:49:40: Данил Макеев истёк кровью!
19.06.2017 12:49:42: yelowruben истёк кровью!
19.06.2017 13:09:23: Данил Макеев был съеден зомби! 
19.06.2017 13:10:58: Madness совершил суецид!
19.06.2017 13:12:22: Тугрик совершил суецид!
19.06.2017 13:13:18: nikanorova2 истёк кровью!
19.06.2017 13:13:58: nikanorova2 совершил суецид!
19.06.2017 13:16:32: Тугрик совершил суецид!
19.06.2017 13:16:46: KillerVip был съеден зомби! 
19.06.2017 13:18:36: Madness совершил суецид!
19.06.2017 13:18:52: KillerVip был съеден зомби! 
19.06.2017 13:19:11: Данил Макеев был съеден зомби! 
19.06.2017 13:27:51: Данил Макеев истёк кровью!
19.06.2017 13:34:31: yelowruben совершил суецид!
19.06.2017 13:35:20: yelowruben совершил суецид!
19.06.2017 13:42:24: []Max[] сгорел!
19.06.2017 13:44:19: williambarnes7 был съеден зомби! 
19.06.2017 14:02:04: Артур Селёвский был съеден зомби! 
19.06.2017 14:05:05: Артур Селёвский совершил суецид!
19.06.2017 14:06:34: Артур Селёвский был съеден зомби! 
19.06.2017 14:36:34: Данил Макеев утонул!
19.06.2017 14:37:17: Вася был убит взрывной волной от машины!
19.06.2017 14:37:26: DOK был съеден зомби! 
19.06.2017 14:38:05: TheKronosOfHell был съеден зомби! 
19.06.2017 14:46:06: TheKronosOfHell истёк кровью!
19.06.2017 14:57:04: D_a_g_e_R истёк кровью!
19.06.2017 14:58:51: Misha_64RUS был съеден зомби! 
19.06.2017 15:15:07: cascx был съеден зомби! 
19.06.2017 15:22:52: Makentosh совершил суецид!
19.06.2017 15:25:15: ibraimdimash2006 истёк кровью!
19.06.2017 15:49:30: joseramosss2004 был съеден зомби! 
19.06.2017 15:50:09: T14G0_Gamer был съеден зомби! 
19.06.2017 15:52:30: Dmitriy_Zelydev истёк кровью!
19.06.2017 15:56:17: Lazer228 был съеден зомби! 
19.06.2017 15:56:48: Dogge был съеден зомби! 
19.06.2017 15:56:59: T14G0_Gamer был съеден зомби! 
19.06.2017 15:58:49: nikanorova2 был съеден зомби! 
19.06.2017 15:59:40: nikanorova2 был съеден зомби! 
19.06.2017 16:01:11: End1Man был съеден зомби! 
19.06.2017 16:01:22: 7_AleX_3 был съеден зомби! 
19.06.2017 16:04:14: nikanorova2 был убит взрывной волной от машины!
19.06.2017 16:05:36: 7_AleX_3 был съеден зомби! 
19.06.2017 16:05:47: sega был убит плювальщиком!
19.06.2017 16:06:44: Lazer228 был убит плювальщиком!
19.06.2017 16:10:42: 7_AleX_3 истёк кровью!
19.06.2017 16:10:56: MrStarken истёк кровью!
19.06.2017 16:13:05: Brazen был съеден зомби! 
19.06.2017 16:18:10: Brazen был съеден зомби! 
19.06.2017 16:18:49: Pozitiv истёк кровью!
19.06.2017 16:24:28: MrStarken был съеден зомби! 
19.06.2017 16:32:53: joseramosss2004 был съеден зомби! 
19.06.2017 16:33:59: Стас был съеден зомби! 
19.06.2017 16:35:39: joseramosss2004 был съеден зомби! 
19.06.2017 16:40:34: stas17000 истёк кровью!
19.06.2017 16:46:55: Dmitriy_Zelydev был съеден зомби! 
19.06.2017 16:49:09: T14G0_Gamer был съеден зомби! 
19.06.2017 17:05:41: tiagooliveira1928 истёк кровью!
19.06.2017 17:05:52: PIKACHU MY FRIEND совершил суецид!
19.06.2017 17:05:52: heikoheim77 был съеден зомби! 
19.06.2017 17:06:13: galbatsovmikail был съеден зомби! 
19.06.2017 17:08:16: Соска был съеден зомби! 
19.06.2017 17:08:34: heikoheim77 был съеден зомби! 
19.06.2017 17:10:58: galbatsovmikail был съеден зомби! 
19.06.2017 17:12:01: georgilikov совершил суецид!
19.06.2017 17:12:48: georgilikov совершил суецид!
19.06.2017 17:13:20: galbatsovmikail был съеден зомби! 
19.06.2017 17:13:47: galbatsovmikail совершил суецид!
19.06.2017 17:19:03: StracBG истёк кровью!
19.06.2017 17:19:11: galbatsovmikail был съеден зомби! 
19.06.2017 17:19:26: NeedForHeadshot истёк кровью!
19.06.2017 17:20:03: T14G0_Gamer совершил суецид!
19.06.2017 17:21:03: Brazen умер от голода!
19.06.2017 17:21:17: го мир был съеден зомби! 
19.06.2017 17:23:22: lolkoba114 был съеден зомби! 
19.06.2017 17:25:23: lolkoba114 совершил суецид!
19.06.2017 17:29:50: Brazen совершил суецид!
19.06.2017 17:29:50: taran50 был съеден зомби! 
19.06.2017 17:30:06: T14G0_Gamer совершил суецид!
19.06.2017 17:30:27: lolkoba114 был съеден зомби! 
19.06.2017 17:30:59: Dmitriy_Zelydev был съеден зомби! 
19.06.2017 17:34:01: Brazen истёк кровью!
19.06.2017 17:36:42: NeedForHeadshot был съеден зомби! 
19.06.2017 17:37:07: StracBG был съеден зомби! 
19.06.2017 17:39:29: StracBG истёк кровью!
19.06.2017 17:44:40: georgilikov истёк кровью!
19.06.2017 17:45:19: georgilikov совершил суецид!
19.06.2017 17:45:26: georgilikov совершил суецид!
19.06.2017 17:45:52: StracBG совершил суецид!
19.06.2017 17:51:41: T14G0_Gamer был съеден зомби! 
19.06.2017 17:53:18: T14G0_Gamer был съеден зомби! 
19.06.2017 17:55:37: galbatsovmikail был съеден зомби! 
19.06.2017 17:56:53: serjant.andu был съеден зомби! 
19.06.2017 17:57:49: StracBG был съеден зомби! 
19.06.2017 17:59:52: ЯЛА был съеден зомби! 
19.06.2017 17:59:53: lolkoba114 был съеден зомби! 
19.06.2017 17:59:58: heikoheim77 был съеден зомби! 
19.06.2017 18:00:10: StracBG был съеден зомби! 
19.06.2017 18:00:26: StracBG совершил суецид!
19.06.2017 18:01:34: T14G0_Gamer истёк кровью!
19.06.2017 18:02:32: Грифон был съеден зомби! 
19.06.2017 18:02:37: CRYSIS был убит взрывной волной от машины!
19.06.2017 18:04:43: Dmitriy_Zelydev сгорел!
19.06.2017 18:11:21: ЯЛА был съеден зомби! 
19.06.2017 18:14:17: georgilikov был съеден зомби! 
19.06.2017 18:14:27: StracBG был съеден зомби! 
19.06.2017 18:14:45: ЯЛА был съеден зомби! 
19.06.2017 18:15:35: timaf123123 был съеден зомби! 
19.06.2017 18:15:44: NeedForHeadshot был съеден зомби! 
19.06.2017 18:20:15: ЯЛА был съеден зомби! 
19.06.2017 18:21:29: galbatsovmikail истёк кровью!
19.06.2017 18:29:55: T14G0_Gamer был съеден зомби! 
