Не обработано: RocketRcon v2.4.8.0
RocketRcon v2.4.8.0

Client has executed command "players"

TimerTerminateCommand.Enabled with Players:
Players:
PlayerID: 76561198366549870 Name: Expert13372284200 Character: Expert1337 Ping: 132
PlayerID: 76561198300812301 Name: KiLeR00707 Character: KiLeR00707 Ping: 27
PlayerID: 76561198345092267 Name: demid3450 Character: [гл террористов] демид журавлёв Ping: 132
PlayerID: 76561198200101595 Name: NEVALYASHA Character: NEVALYASHA Ping: 113
PlayerID: 76561198262994976 Name: XxX_ARMAЗ_XxX Character: shilyaev710 Ping: 54
PlayerID: 76561198303283372 Name: PeR4IK Character: данил Ping: 78
PlayerID: 76561198123840535 Name: ?????? Character: top Ping: 105

TimerTerminateCommand.Enabled with Players:
Client has executed command "bans"

TimerTerminateCommand.Enabled with Bans:
Bans:
PlayerID: 123123
JudgeID: 0
Reason: unspecified Duration: 31536000 Remaining: 31473200
PlayerID: 123
JudgeID: 0
Reason: durila Duration: 4000 Remaining: 4294908994
PlayerID: 76561198274427357
JudgeID: 0
Reason: you were vote kicked Duration: 180 Remaining: 4294937367

[World] данил [PeR4IK]: "xomyak162"

Не обработано: MessageAnnouncer >> Broadcast: Если модератор ведёт себя неподобающе, пишите в группу или ЛС (vk.com/unturned_hgm, vk.com/hemulgm)
MessageAnnouncer >> Broadcast: Если модератор ведёт себя неподобающе, пишите в группу или ЛС (vk.com/unturned_hgm, vk.com/hemulgm)

Не обработано: MessageAnnouncer >> Если модератор ведёт себя неподобающе, пишите в группу или ЛС (vk.com/unturned_hgm, vk.com/hemulgm)
MessageAnnouncer >> Если модератор ведёт себя неподобающе, пишите в группу или ЛС (vk.com/unturned_hgm, vk.com/hemulgm)

Client has executed command "players"

TimerTerminateCommand.Enabled with Players:
Players:
PlayerID: 76561198366549870 Name: Expert13372284200 Character: Expert1337 Ping: 128
PlayerID: 76561198300812301 Name: KiLeR00707 Character: KiLeR00707 Ping: 15
PlayerID: 76561198345092267 Name: demid3450 Character: [гл террористов] демид журавлёв Ping: 113
PlayerID: 76561198200101595 Name: NEVALYASHA Character: NEVALYASHA Ping: 117
PlayerID: 76561198262994976 Name: XxX_ARMAЗ_XxX Character: shilyaev710 Ping: 70
PlayerID: 76561198303283372 Name: PeR4IK Character: данил Ping: 82
PlayerID: 76561198123840535 Name: ?????? Character: top Ping: 167

[Area] KiLeR00707 [KiLeR00707]: "/tpa ex"

[World] top [??????]: "ЩА"

Client has executed command "players"

TimerTerminateCommand.Enabled with Players:
Players:
PlayerID: 76561198366549870 Name: Expert13372284200 Character: Expert1337 Ping: 128
PlayerID: 76561198300812301 Name: KiLeR00707 Character: KiLeR00707 Ping: 27
PlayerID: 76561198345092267 Name: demid3450 Character: [гл террористов] демид журавлёв Ping: 167
PlayerID: 76561198200101595 Name: NEVALYASHA Character: NEVALYASHA Ping: 121
PlayerID: 76561198262994976 Name: XxX_ARMAЗ_XxX Character: shilyaev710 Ping: 58
PlayerID: 76561198303283372 Name: PeR4IK Character: данил Ping: 74
PlayerID: 76561198123840535 Name: ?????? Character: top Ping: 156

