25.06.2017 13:49:44: Не обработано: RealBlackJesus телепортирован к Pozitiv
25.06.2017 13:49:47: Не обработано: _TagerYT_ [_TagerYT_] was mauled by a zombie!
25.06.2017 13:49:50: Не обработано: Rus-Killer [RUS-KILLER] was mauled by a zombie!
25.06.2017 13:51:08: Не обработано: _TagerYT_ [_TagerYT_] was mauled by a zombie!
25.06.2017 13:51:08: Не обработано: RealBlackJesus телепортирован к enderman
25.06.2017 13:51:10: Не обработано: RealBlackJesus телепортирован к Stanat
25.06.2017 13:53:46: Не обработано: 7_AleX_3 moved x:-698.0756 y:94.27115(+55.4813) z:281.824 in the last second (0.05000305)
25.06.2017 13:57:47: Не обработано: 7_AleX_3 moved x:-698.0756 y:94.27115(+18.61999) z:281.824 in the last second (0.05000305)
25.06.2017 13:57:47: Не обработано: []Max[] [Картинг 31!] was mauled by a zombie!
25.06.2017 13:58:21: Не обработано: _TagerYT_ [_TagerYT_] was mauled by a zombie!
25.06.2017 13:59:44: Не обработано: _TagerYT_ [_TagerYT_] was mauled by a zombie!
25.06.2017 14:00:49: Не обработано: _TagerYT_ [_TagerYT_] killed themself.
25.06.2017 14:01:39: Не обработано: _TagerYT_ [_TagerYT_] killed themself.
25.06.2017 14:05:34: Не обработано: _TagerYT_ [_TagerYT_] was mauled by a zombie!
25.06.2017 14:06:15: Не обработано: PrivateMessages >> Sorry, you haven't received a message!
25.06.2017 14:06:36: Не обработано: PrivateMessages >> Sorry, you haven't received a message!
25.06.2017 14:08:52: Не обработано: _TagerYT_ moved x:889.5594 y:81.11824(+27.72893) z:498.0065 in the last second (0.5999985)
25.06.2017 14:12:26: Не обработано: JustMAX [JustMAX] was mauled by a zombie!
25.06.2017 14:12:42: Не обработано: PlayerInfoLib >> No expired player info records found for this batch.
25.06.2017 14:12:42: Сохранение сервера
25.06.2017 14:12:50: Не обработано: торвей [торвей] killed themself.
25.06.2017 14:13:48: Не обработано: Stanat moved x:957.701 y:95.69949(+15.08126) z:369.4783 in the last second (0.2037659)
25.06.2017 14:20:03: Не обработано: торвей moved x:560.7155 y:71.22818(+32.59223) z:885.9635 in the last second (0.2379227)
25.06.2017 14:20:50: Не обработано: 7_AleX_3 moved x:-698.0756 y:94.27115(+17.65233) z:281.824 in the last second (0.05000305)
25.06.2017 14:29:57: Не обработано: Stanat moved x:817.0375 y:88.76282(+49.95447) z:-448.5849 in the last second (0.8116455)
25.06.2017 14:30:21: Не обработано: Stanat [ммр не показатель] starved to death!
25.06.2017 14:33:04: Не обработано: 7_AleX_3 moved x:-698.0756 y:94.27115(+55.65351) z:281.824 in the last second (0.05000305)
25.06.2017 14:33:53: Не обработано: Pozitiv moved x:-674.5103 y:81.77225(+43.09491) z:351.8624 in the last second (0.6194153)
25.06.2017 14:34:50: Не обработано: торвей moved x:560.7155 y:71.22818(+32.75086) z:885.9635 in the last second (0.2379227)
25.06.2017 14:36:40: Не обработано: Pozitiv [mufteev.gleb] bled to death!
25.06.2017 14:37:33: Не обработано: kalabin.denis21015 [kalabin.denis21015] was mauled by a zombie!
25.06.2017 14:38:22: Не обработано: 7_AleX_3 moved x:-698.0756 y:94.27115(+55.79383) z:281.824 in the last second (0.05000305)
25.06.2017 14:38:48: Не обработано: PrivateMessages >> Sorry, you haven't received a message!
25.06.2017 14:39:18: Не обработано: lur [LuRRR] was mauled by a zombie!
25.06.2017 14:39:19: Не обработано: Pozitiv moved x:-696.389 y:93.87114(+54.64998) z:294.3502 in the last second (0.5999985)
25.06.2017 14:40:41: Не обработано: торвей moved x:560.7155 y:71.22818(+37.34223) z:885.9635 in the last second (0.2379227)
25.06.2017 14:40:59: Не обработано: 7_AleX_3 [7_AleX_3] is calling a vote to kick \|Gothic|/ [Gothic]
25.06.2017 14:41:15: Не обработано: Vote failed!
25.06.2017 14:42:42: Не обработано: PlayerInfoLib >> No expired player info records found for this batch.
25.06.2017 14:42:42: Сохранение сервера
25.06.2017 14:46:04: Не обработано: 7_AleX_3 moved x:-698.0756 y:94.27115(+17.69424) z:281.824 in the last second (0.05000305)
25.06.2017 14:51:54: Не обработано: nachoxnash [nachoxnash] was mauled by a zombie!
25.06.2017 14:57:28: Не обработано: 7_AleX_3 moved x:-698.0756 y:94.27115(+55.79383) z:281.824 in the last second (0.05000305)
25.06.2017 15:00:42: Не обработано: LOLERO KOP [LOLERO KOP] bled to death!
25.06.2017 15:00:59: Не обработано: denis124 [Ченигренка] was mauled by a zombie!
25.06.2017 15:01:39: Не обработано: торвей moved x:560.7155 y:71.22818(+32.75086) z:885.9635 in the last second (0.2379227)
25.06.2017 15:01:56: Не обработано: LOLERO KOP [LOLERO KOP] was mauled by a zombie!
25.06.2017 15:02:04: Не обработано: LOLERO KOP moved x:-720.9009 y:59.51276(+21.03543) z:150.1289 in the last second (1.003479)
25.06.2017 15:06:45: Не обработано: xImRoZZy [RoXy I GER I] was mauled by a zombie!
25.06.2017 15:08:23: Не обработано: XxAndy007 [RoyZ I GER I SWAG] killed themself.
25.06.2017 15:10:15: Не обработано: торвей moved x:560.7155 y:71.22818(+32.75086) z:885.9635 in the last second (0.2379227)
25.06.2017 15:10:38: Не обработано: XxAndy007 [RoyZ I GER I SWAG] was dissolved by a zombie!
25.06.2017 15:10:45: Не обработано: VehicleEvents >> Vehicle has been despawned
25.06.2017 15:11:09: Не обработано: xImRoZZy [RoXy I GER I] was mauled by a zombie!
25.06.2017 15:11:26: Не обработано: denis124 [Ченигренка] was mauled by a zombie!
25.06.2017 15:12:42: Не обработано: PlayerInfoLib >> No expired player info records found for this batch.
25.06.2017 15:12:42: Сохранение сервера
25.06.2017 15:13:35: Не обработано: PaNdA [PaNdA] was infected to death!
25.06.2017 15:15:04: Не обработано: kalabin.denis21015 [kalabin.denis21015] burned to death!
25.06.2017 15:18:48: Не обработано: 7_AleX_3 moved x:-698.0756 y:94.27115(+55.79383) z:281.824 in the last second (0.05000305)
25.06.2017 15:21:54: Не обработано: торвей moved x:560.7155 y:71.22818(+30.52417) z:885.9635 in the last second (0.2379227)
25.06.2017 15:25:49: Не обработано: METOOD [METOOD] bled to death!
25.06.2017 15:26:07: Не обработано: denis124 [Ченигренка] was mauled by a zombie!
25.06.2017 15:32:35: Не обработано: daanbastiaan [daanbastiaan] bled to death!
25.06.2017 15:34:10: Не обработано: daanbastiaan [daanbastiaan] was mauled by a zombie!
25.06.2017 15:35:40: Не обработано: ryzhulya05 [ryzhulya05] was mauled by a zombie!
25.06.2017 15:35:46: Не обработано: OrAnGe [OrAnGe] was mauled by a zombie!
25.06.2017 15:35:57: Не обработано: DEEZNUTZ [DEEZNUTZ] was mauled by a zombie!
25.06.2017 15:37:17: Не обработано: ryzhulya05 [ryzhulya05] killed themself.
25.06.2017 15:39:45: Не обработано: tejano [tejano] was mauled by a zombie!
25.06.2017 15:40:50: Не обработано: shadowraid20 [shadowraid20] was mauled by a zombie!
25.06.2017 15:42:42: Не обработано: PlayerInfoLib >> No expired player info records found for this batch.
25.06.2017 15:42:42: Сохранение сервера
25.06.2017 15:43:06: Не обработано: METOOD [METOOD] was mauled by a zombie!
25.06.2017 15:44:25: Не обработано: OrAnGe [OrAnGe] was mauled by a zombie!
25.06.2017 15:47:17: Не обработано: NEXUS [agus12346] bled to death!
25.06.2017 15:47:42: Не обработано: denis124 [Ченигренка] bled to death!
25.06.2017 15:47:53: Не обработано: торвей [торвей] was mauled by a zombie!
25.06.2017 15:49:29: Не обработано: DEEZNUTZ [DEEZNUTZ] was mauled by a zombie!
25.06.2017 15:57:49: Не обработано: RiBum (ARMY) [Adasko] is calling a vote to kick PaNdA [PaNdA]
25.06.2017 15:58:04: Не обработано: Vote failed!
25.06.2017 15:58:44: Не обработано: VehicleEvents >> Vehicle has been despawned
25.06.2017 16:02:41: Не обработано: DEEZNUTZ [DEEZNUTZ] was mauled by a zombie!
25.06.2017 16:03:46: Не обработано: OrAnGe [OrAnGe] was mauled by a zombie!
25.06.2017 16:05:32: Не обработано: DEEZNUTZ [DEEZNUTZ] suffocated to death!
25.06.2017 16:05:36: Не обработано: DEEZNUTZ moved x:-720.9009 y:59.51276(+38.77) z:150.1289 in the last second (1.003479)
25.06.2017 16:06:44: Не обработано: торвей moved x:560.7155 y:71.22818(+17.83743) z:885.9635 in the last second (0.2379227)
25.06.2017 16:07:01: Не обработано: DEEZNUTZ [DEEZNUTZ] was mauled by a zombie!
25.06.2017 16:07:28: Не обработано: 7_AleX_3 moved x:-698.0756 y:94.27115(+55.59882) z:281.824 in the last second (0.05000305)
25.06.2017 16:10:10: Не обработано: 7_AleX_3 moved x:-700.7709 y:93.87114(+19.84972) z:294.9461 in the last second (0.5999985)
25.06.2017 16:10:46: Не обработано: OrAnGe [OrAnGe] bled to death!
25.06.2017 16:12:37: Не обработано: ryzhulya05 [ryzhulya05] killed themself.
25.06.2017 16:12:42: Не обработано: PlayerInfoLib >> No expired player info records found for this batch.
25.06.2017 16:12:42: Сохранение сервера
25.06.2017 16:14:56: Не обработано: волчьи ушки [stas.shkatula] was mauled by a zombie!
25.06.2017 16:18:14: Не обработано: 7_AleX_3 moved x:-698.0756 y:94.27115(+55.79383) z:281.824 in the last second (0.05000305)
25.06.2017 16:25:25: Не обработано: 7_AleX_3 [7_AleX_3] was mauled by a zombie!
25.06.2017 16:25:45: Не обработано: 7_AleX_3 moved x:-698.0756 y:94.27115(+55.73133) z:281.824 in the last second (0.05000305)
25.06.2017 16:29:58: Не обработано: REHDI2 moved x:405.8681 y:54.7853(+30.58751) z:-173.5248 in the last second (0.2379189)
25.06.2017 16:31:39: Не обработано: REHDI2 moved x:-809.7171 y:88.39543(+60.84076) z:138.0249 in the last second (0.6025848)
25.06.2017 16:35:59: Не обработано: MonsterJesper [MonsterJespergammig] was mauled by a zombie!
25.06.2017 16:42:42: Не обработано: PlayerInfoLib >> No expired player info records found for this batch.
25.06.2017 16:42:42: Сохранение сервера
25.06.2017 16:49:00: Не обработано: Brodyaga moved x:952.666 y:110.9475(+72.47014) z:-921.2004 in the last second (0.2379227)
25.06.2017 16:50:19: Не обработано: Pozitiv moved x:-288.975 y:55.77188(+17.16688) z:-347.5437 in the last second (1)
25.06.2017 16:52:31: Не обработано: unicapzaakung [unicapzaakung] was mauled by a zombie!
25.06.2017 16:57:31: Не обработано: Brodyaga moved x:952.666 y:110.9475(+72.47014) z:-921.2004 in the last second (0.2379227)
25.06.2017 16:59:43: Не обработано: торвей moved x:560.7155 y:71.22818(+21.47739) z:885.9635 in the last second (0.2379227)
25.06.2017 17:05:03: Не обработано: торвей moved x:560.7155 y:71.22818(+28.81121) z:885.9635 in the last second (0.2379227)
25.06.2017 17:05:07: Не обработано: торвей [торвей] killed themself.
25.06.2017 17:05:41: Не обработано: _TagerYT_ [_TagerYT_] was mauled by a zombie!
25.06.2017 17:07:17: Не обработано: PrivateMessages >> Sorry, you haven't received a message!
25.06.2017 17:10:23: Не обработано: PrivateMessages >> Sorry, you haven't received a message!
25.06.2017 17:12:09: Не обработано: торвей moved x:560.7155 y:71.22818(+32.75086) z:885.9635 in the last second (0.2379227)
25.06.2017 17:12:42: Не обработано: PlayerInfoLib >> No expired player info records found for this batch.
25.06.2017 17:12:42: Сохранение сервера
25.06.2017 17:16:22: Не обработано: (наёмник) кабан [VINIL] was dissolved by a zombie!
25.06.2017 17:16:33: Не обработано: kostkin.7033 [Al171] was dissolved by a zombie!
25.06.2017 17:16:44: Не обработано: торвей [торвей] is calling a vote to kick Brodyaga [RedBull]
25.06.2017 17:16:52: Не обработано: Vote failed!
25.06.2017 17:16:55: Не обработано: Brodyaga moved x:952.666 y:110.9475(+72.47014) z:-921.2004 in the last second (0.2379227)
25.06.2017 17:19:44: Не обработано: nikanorova2 moved x:842.8645 y:60.16985(+34.03653) z:669.5006 in the last second (0.6089363)
25.06.2017 17:20:46: Не обработано: торвей [торвей] was dissolved by a zombie!
25.06.2017 17:21:35: Не обработано: торвей moved x:560.7155 y:71.22818(+41.5291) z:885.9635 in the last second (0.2379227)
25.06.2017 17:25:12: Не обработано: Pozitiv [mufteev.gleb] was dissolved by a zombie!
25.06.2017 17:25:26: Не обработано: Костя [diferendoming] was dissolved by a zombie!
25.06.2017 17:25:39: Не обработано: nikanorova2 [nikanorova2] was mauled by a zombie!
25.06.2017 17:25:59: Не обработано: VehicleEvents >> Vehicle has been despawned
25.06.2017 17:29:00: Не обработано: Pozitiv moved x:850.3845 y:62.09944(+23.42212) z:668.7541 in the last second (0.600975)
25.06.2017 17:31:14: Не обработано: lolek [jedrekoleksiewicz] was mauled by a zombie!
25.06.2017 17:33:05: Не обработано: lolek [jedrekoleksiewicz] was mauled by a zombie!
25.06.2017 17:33:32: Не обработано: RealBlackJesus включен Godmode
25.06.2017 17:33:35: Не обработано: Failed to find parameters in format [SteamID | Player]/[VehicleID].
25.06.2017 17:33:42: Не обработано: RealBlackJesus телепортирован к Pozitiv
25.06.2017 17:33:55: Не обработано: RealBlackJesus включена нивидимость
25.06.2017 17:34:17: Не обработано: RealBlackJesus телепортирован к CRYSIS
25.06.2017 17:35:03: Не обработано: RealBlackJesus телепортирован к zero3141
25.06.2017 17:35:12: Не обработано: RealBlackJesus телепортирован к lolek
25.06.2017 17:36:44: Не обработано: Костя moved x:491.9229 y:42.4123(+16.27899) z:526.5604 in the last second (0.6421623)
25.06.2017 17:36:46: Не обработано: RealBlackJesus получил транспорт 106
25.06.2017 17:37:29: Не обработано: RealBlackJesus получил транспорт 106
25.06.2017 17:42:42: Не обработано: PlayerInfoLib >> No expired player info records found for this batch.
25.06.2017 17:42:42: Сохранение сервера
25.06.2017 17:47:45: Не обработано: RealBlackJesus телепортирован к Pozitiv
25.06.2017 17:50:57: Не обработано: RealBlackJesus телепортирован к Pozitiv
25.06.2017 17:52:42: Не обработано: RealBlackJesus [RealBlackJesus] is calling a vote to kick Pozitiv [mufteev.gleb]
25.06.2017 17:52:57: Не обработано: Vote failed!
25.06.2017 17:53:21: Не обработано: Failed to find anyone called nikonor.
25.06.2017 17:56:26: Не обработано: CRYSIS moved x:92.57635 y:57.02942(+18.43045) z:917.8502 in the last second (1.000122)
25.06.2017 17:57:24: Не обработано: Brodyaga moved x:952.666 y:110.8095(+72.2776) z:-921.2004 in the last second (0.09999847)
25.06.2017 18:06:20: Не обработано: VehicleEvents >> Vehicle has been despawned
25.06.2017 18:06:55: Не обработано: Перезагрузка Rocket
25.06.2017 18:06:55: Не обработано: 
25.06.2017 18:06:55: Не обработано: [unloading] VehicleEvents
25.06.2017 18:06:55: Не обработано: [unloading] Uconomy
25.06.2017 18:06:55: Не обработано: [unloading] RocketMod_TPA
25.06.2017 18:06:55: Не обработано: [unloading] PrivateMessages
25.06.2017 18:06:55: Не обработано: [unloading] PlayerInfoLib
25.06.2017 18:06:55: Не обработано: [unloading] MessageAnnouncerMessageAnnouncer >> Unload
25.06.2017 18:06:55: Не обработано: 
25.06.2017 18:06:55: Не обработано: [unloading] LeeIzaZombie.ItemRestrictions
25.06.2017 18:06:55: Не обработано: [unloading] Kits
25.06.2017 18:06:55: Не обработано: [unloading] JoinLeaveMessages
25.06.2017 18:06:55: Не обработано: [unloading] DynmapDynmap >> Unloading ...
25.06.2017 18:06:55: Не обработано: 
25.06.2017 18:06:55: Не обработано: [unloading] DropManager
25.06.2017 18:06:55: Не обработано: [unloading] DeathMessagesRemastered
25.06.2017 18:06:55: Не обработано: [unloading] DeathManager
25.06.2017 18:06:55: Не обработано: Loading DeathManager from C:\Program Files (x86)\Steam\steamapps\common\Unturned\Servers\Russia_HGM\Rocket\Plugins\DeathManager.dll
25.06.2017 18:06:55: Не обработано: Loading DeathMessagesRemastered from C:\Program Files (x86)\Steam\steamapps\common\Unturned\Servers\Russia_HGM\Rocket\Plugins\DeathMessagesRemastered.dll
25.06.2017 18:06:55: Не обработано: Loading DropManager from C:\Program Files (x86)\Steam\steamapps\common\Unturned\Servers\Russia_HGM\Rocket\Plugins\DropManager.dll
25.06.2017 18:06:55: Не обработано: Loading Dynmap from C:\Program Files (x86)\Steam\steamapps\common\Unturned\Servers\Russia_HGM\Rocket\Plugins\Dynmap.dll
25.06.2017 18:06:55: Не обработано: Loading JoinLeaveMessages from C:\Program Files (x86)\Steam\steamapps\common\Unturned\Servers\Russia_HGM\Rocket\Plugins\JoinLeaveMessages.dll
25.06.2017 18:06:55: Не обработано: Loading Kits from C:\Program Files (x86)\Steam\steamapps\common\Unturned\Servers\Russia_HGM\Rocket\Plugins\Kits.dll
25.06.2017 18:06:55: Не обработано: Loading LeeIzaZombie.ItemRestrictions from C:\Program Files (x86)\Steam\steamapps\common\Unturned\Servers\Russia_HGM\Rocket\Plugins\LeeIzaZombie.ItemRestrictions.dll
25.06.2017 18:06:55: Не обработано: Loading MessageAnnouncer from C:\Program Files (x86)\Steam\steamapps\common\Unturned\Servers\Russia_HGM\Rocket\Plugins\MessageAnnouncer.dll
25.06.2017 18:06:55: Не обработано: Loading PlayerInfoLib from C:\Program Files (x86)\Steam\steamapps\common\Unturned\Servers\Russia_HGM\Rocket\Plugins\PlayerInfoLib.dll
25.06.2017 18:06:55: Не обработано: Loading PrivateMessages from C:\Program Files (x86)\Steam\steamapps\common\Unturned\Servers\Russia_HGM\Rocket\Plugins\PrivateMessages.dll
25.06.2017 18:06:55: Не обработано: Loading RocketMod_TPA from C:\Program Files (x86)\Steam\steamapps\common\Unturned\Servers\Russia_HGM\Rocket\Plugins\RocketMod_TPA.dll
25.06.2017 18:06:55: Не обработано: Loading Uconomy from C:\Program Files (x86)\Steam\steamapps\common\Unturned\Servers\Russia_HGM\Rocket\Plugins\Uconomy.dll
25.06.2017 18:06:55: Не обработано: Loading VehicleEvents from C:\Program Files (x86)\Steam\steamapps\common\Unturned\Servers\Russia_HGM\Rocket\Plugins\VehicleEvents.dll
25.06.2017 18:06:55: Не обработано: 
25.06.2017 18:06:55: Не обработано: [loading] DeathManager
25.06.2017 18:06:55: Не обработано: 
25.06.2017 18:06:55: Не обработано: [loading] DeathMessagesRemasteredDeathMessagesRemastered >> Death Messages Remastered has been loaded!
25.06.2017 18:06:55: Не обработано: --
25.06.2017 18:06:55: Не обработано: Suicide messages are enabled!
25.06.2017 18:06:55: Не обработано: Health warning messages are enabled!
25.06.2017 18:06:55: Не обработано: Uconomy is enabled!
25.06.2017 18:06:55: Не обработано: Experience is enabled!
25.06.2017 18:06:55: Не обработано: --
25.06.2017 18:06:55: Не обработано: 
25.06.2017 18:06:55: Не обработано: [loading] DropManager
25.06.2017 18:06:55: Не обработано: [loading] DynmapDynmap >> Loading ...
25.06.2017 18:06:55: Не обработано: Dynmap >> Finding map : C:\Program Files (x86)\Steam\steamapps\common\Unturned\Maps\Alpha Valley
25.06.2017 18:06:55: Не обработано: Dynmap >> Finding map : C:\Program Files (x86)\Steam\steamapps\common\Unturned\Maps\Devtest4
25.06.2017 18:06:55: Не обработано: Dynmap >> Finding map : C:\Program Files (x86)\Steam\steamapps\common\Unturned\Maps\Festive PEI
25.06.2017 18:06:55: Не обработано: Dynmap >> Finding map : C:\Program Files (x86)\Steam\steamapps\common\Unturned\Maps\Festive Russia
25.06.2017 18:06:55: Не обработано: Dynmap >> Finding map : C:\Program Files (x86)\Steam\steamapps\common\Unturned\Maps\Halloween PEI
25.06.2017 18:06:55: Не обработано: Dynmap >> Finding map : C:\Program Files (x86)\Steam\steamapps\common\Unturned\Maps\Hawaii
25.06.2017 18:06:55: Не обработано: Dynmap >> Finding map : C:\Program Files (x86)\Steam\steamapps\common\Unturned\Maps\Monolith
25.06.2017 18:06:55: Не обработано: Dynmap >> Finding map : C:\Program Files (x86)\Steam\steamapps\common\Unturned\Maps\Paintball_Arena_0
25.06.2017 18:06:55: Не обработано: Dynmap >> Finding map : C:\Program Files (x86)\Steam\steamapps\common\Unturned\Maps\PEI
25.06.2017 18:06:55: Не обработано: Dynmap >> Finding map : C:\Program Files (x86)\Steam\steamapps\common\Unturned\Maps\PEI Arena
25.06.2017 18:06:55: Не обработано: Dynmap >> Finding map : C:\Program Files (x86)\Steam\steamapps\common\Unturned\Maps\PEI_Space
25.06.2017 18:06:55: Не обработано: Dynmap >> Finding map : C:\Program Files (x86)\Steam\steamapps\common\Unturned\Maps\Russia
25.06.2017 18:06:55: Не обработано: Dynmap >> Finding map : C:\Program Files (x86)\Steam\steamapps\common\Unturned\Maps\Tutorial
25.06.2017 18:06:55: Не обработано: Dynmap >> Finding map : C:\Program Files (x86)\Steam\steamapps\common\Unturned\Maps\Washington
25.06.2017 18:06:55: Не обработано: Dynmap >> Finding map : C:\Program Files (x86)\Steam\steamapps\common\Unturned\Maps\Washington Arena
25.06.2017 18:06:55: Не обработано: Dynmap >> Finding map : C:\Program Files (x86)\Steam\steamapps\common\Unturned\Maps\Yukon
25.06.2017 18:06:55: Не обработано: Uploading map files to the server! This may take some time!
25.06.2017 18:06:55: Не обработано: Uploading done!
25.06.2017 18:06:55: Не обработано: 
25.06.2017 18:06:55: Не обработано: [loading] JoinLeaveMessages
25.06.2017 18:06:55: Не обработано: [loading] Kits[registered] /kit (fr34kyn01535.Kits.CommandKit/kit)
25.06.2017 18:06:55: Не обработано: Kits >> Optional dependency Uconomy is not present.
25.06.2017 18:06:55: Не обработано: 
25.06.2017 18:06:55: Не обработано: [loading] LeeIzaZombie.ItemRestrictionsSetting up Item Restrictions by LeeIzaZombie. v2.0
25.06.2017 18:06:55: Не обработано: --
25.06.2017 18:06:55: Не обработано: Black listed items found: 10
25.06.2017 18:06:55: Не обработано: --
25.06.2017 18:06:55: Не обработано: Item Restrictions is ready!
25.06.2017 18:06:55: Не обработано: 
25.06.2017 18:06:55: Не обработано: [loading] MessageAnnouncerMessageAnnouncer >> Load
25.06.2017 18:06:55: Не обработано: [registered] /rules (fr34kyn01535.MessageAnnouncer.RocketTextCommand/rules)
25.06.2017 18:06:55: Не обработано: [registered] /kits (fr34kyn01535.MessageAnnouncer.RocketTextCommand/kits)
25.06.2017 18:06:55: Не обработано: 
25.06.2017 18:06:55: Не обработано: [loading] PlayerInfoLib[registered] /delint (PlayerInfoLibrary.CommandDelInstance/delint)
25.06.2017 18:06:55: Не обработано: [registered] /rnint (PlayerInfoLibrary.CommandRnInstance/rnint)
25.06.2017 18:06:55: Не обработано: [registered] /investigate (PlayerInfoLibrary.CommandInvestigate/investigate)
25.06.2017 18:06:55: Не обработано: PlayerInfoLib >> PlayerInfoLib plugin has been loaded, Server Instance ID is: 1
25.06.2017 18:06:55: Не обработано: Adding UnturnedPlayerComponent: PlayerInfoLibPComponent
25.06.2017 18:06:55: Не обработано: 
25.06.2017 18:06:55: Не обработано: [loading] PrivateMessages[registered] /pm (Teyhota.PrivateMessages.Command_Msg/pm)
25.06.2017 18:06:55: Не обработано: [registered] /msg (Teyhota.PrivateMessages.Command_Msg/msg)
25.06.2017 18:06:55: Не обработано: [registered] /dm (Teyhota.PrivateMessages.Command_Msg/dm)
25.06.2017 18:06:55: Не обработано: [registered] /w (Teyhota.PrivateMessages.Command_Msg/w)
25.06.2017 18:06:55: Не обработано: [registered] /whipser (Teyhota.PrivateMessages.Command_Msg/whipser)
25.06.2017 18:06:55: Не обработано: [registered] /reply (Teyhota.PrivateMessages.Command_Reply/reply)
25.06.2017 18:06:55: Не обработано: [registered] /r (Teyhota.PrivateMessages.Command_Reply/r)
25.06.2017 18:06:55: Не обработано:  
25.06.2017 18:06:55: Не обработано: Plugin by: LjMjollnir & Teyhota
25.06.2017 18:06:55: Не обработано: Plugin version: 1.2
25.06.2017 18:06:55: Не обработано: Made for Unturned version: 3.18.4.1
25.06.2017 18:06:55: Не обработано: Made for RocketMod version: 4.9.3.0
25.06.2017 18:06:55: Не обработано: Support: Plugins.4Unturned.tk
25.06.2017 18:06:55: Не обработано:  
25.06.2017 18:06:55: Не обработано: ------
25.06.2017 18:06:55: Не обработано: PrivateMessages is up to date!
25.06.2017 18:06:55: Не обработано: ------
25.06.2017 18:06:55: Не обработано: 
25.06.2017 18:06:55: Не обработано: [loading] RocketMod_TPA[registered] /tpa (RocketMod_TPA.CommandTPA/tpa)
25.06.2017 18:06:55: Не обработано: TPA by LeeIzaZombie, Version 1.7.0.2
25.06.2017 18:06:55: Не обработано: ...
25.06.2017 18:06:55: Не обработано: Current configuration:
25.06.2017 18:06:55: Не обработано: ...
25.06.2017 18:06:55: Не обработано: Cooldown TPA requests: enabled, Seconds: 90
25.06.2017 18:06:55: Не обработано: Delay teleporting: disabled, Seconds: 10
25.06.2017 18:06:55: Не обработано: Cancel teleport if bleeding: disabled
25.06.2017 18:06:55: Не обработано: NinjaTP: disabled, EffectID: 45
25.06.2017 18:06:55: Не обработано: [Delay] Cancel teleport if hurt: disabled
25.06.2017 18:06:55: Не обработано: ...
25.06.2017 18:06:55: Не обработано: Checking for problems:
25.06.2017 18:06:55: Не обработано: No errors have been found!
25.06.2017 18:06:55: Не обработано: ...
25.06.2017 18:06:55: Не обработано: Always welcome to suggestions! If you find a bug, please report it!
25.06.2017 18:06:55: Не обработано: 
25.06.2017 18:06:55: Не обработано: [loading] Uconomy
25.06.2017 18:06:55: Не обработано: [registered] /balance (fr34kyn01535.Uconomy.CommandBalance/balance)
25.06.2017 18:06:55: Не обработано: [registered] /pay (fr34kyn01535.Uconomy.CommandPay/pay)
25.06.2017 18:06:55: Не обработано: 
25.06.2017 18:06:55: Не обработано: [loading] VehicleEventsVehicle Events by CryTheSly has been loaded!
25.06.2017 18:08:33: Не обработано: RealBlackJesus телепортирован к Brodyaga
25.06.2017 18:09:13: Не обработано: ninja moved x:-281.3149 y:55.40375(+16.7264) z:-364.9274 in the last second (1.495174)
25.06.2017 18:12:42: Сохранение сервера
25.06.2017 18:15:15: Не обработано: VehicleEvents >> Vehicle has been despawned
25.06.2017 18:17:55: Не обработано: DaN moved x:-930.0063 y:88.05248(+49.57516) z:201.6775 in the last second (0.5999908)
25.06.2017 18:26:04: Не обработано: BonnieBoy [BonnieBoy] was mauled by a zombie!
25.06.2017 18:34:30: Не обработано: deadpoolomay [rudnik2004] was burned by a zombie!
25.06.2017 18:34:30: Не обработано: NullReferenceException - SDG.Unturned.UseableMelee.fire ()
25.06.2017 18:34:30: Не обработано: SDG.Unturned.UseableMelee.simulate (UInt32 simulation, Boolean inputSteady)
25.06.2017 18:34:30: Не обработано: SDG.Unturned.PlayerEquipment.simulate (UInt32 simulation, Boolean inputPrimary, Boolean inputSecondary, Boolean inputSteady)
25.06.2017 18:34:30: Не обработано: SDG.Unturned.PlayerInput.FixedUpdate ()
25.06.2017 18:36:55: Не обработано: PlayerInfoLib >> No expired player info records found for this batch.
25.06.2017 18:39:05: Не обработано: Brodyaga moved x:-745.6436 y:56.26911(+17.59177) z:-176.6392 in the last second (0.1000023)
25.06.2017 18:42:42: Сохранение сервера
25.06.2017 18:46:34: Не обработано: ninja moved x:694.9099 y:69.37756(+30.77666) z:-527.9022 in the last second (0.9998779)
25.06.2017 18:52:33: Не обработано: MakFrost [MakFrost] was mauled by a zombie!
25.06.2017 18:54:09: Не обработано: MakFrost [MakFrost] was mauled by a zombie!
25.06.2017 19:05:09: Не обработано: Brodyaga moved x:-745.6436 y:56.40703(+17.59969) z:-176.6392 in the last second (0.2379189)
25.06.2017 19:06:22: Не обработано: BonnieBoy [BonnieBoy] was mauled by a zombie!
25.06.2017 19:06:55: Не обработано: PlayerInfoLib >> No expired player info records found for this batch.
25.06.2017 19:07:32: Не обработано: Xeum moved x:-743.5966 y:56.70703(+17.49966) z:-172.7601 in the last second (0.05000305)
25.06.2017 19:09:21: Не обработано: RealBlackJesus включен Godmode
25.06.2017 19:09:50: Не обработано: RealBlackJesus включена нивидимость
25.06.2017 19:09:58: Не обработано: RealBlackJesus телепортирован к Brodyaga
25.06.2017 19:11:06: Не обработано: RealBlackJesus телепортирован к Dancer
25.06.2017 19:12:22: Не обработано: RealBlackJesus телепортирован к LuckyMan ^-^
25.06.2017 19:12:33: Не обработано: RealBlackJesus телепортирован к ninja
25.06.2017 19:12:42: Сохранение сервера
25.06.2017 19:12:44: Не обработано: RealBlackJesus телепортирован к ninja
25.06.2017 19:13:09: Не обработано: RealBlackJesus телепортирован к tomasko.marci
25.06.2017 19:13:43: Не обработано: RealBlackJesus телепортирован к mr.dimas
25.06.2017 19:14:40: Не обработано: RealBlackJesus телепортирован к ? ? ?ONE OK ROCK? ? ?
25.06.2017 19:14:53: Не обработано: RealBlackJesus телепортирован к Wedge Antilles
25.06.2017 19:15:02: Не обработано: RealBlackJesus телепортирован к Dancer
25.06.2017 19:15:59: Не обработано: RealBlackJesus телепортирован к BonnieBoy
25.06.2017 19:16:16: Не обработано: RealBlackJesus телепортирован к Nocomments.no
25.06.2017 19:16:24: Не обработано: RealBlackJesus телепортирован к tomasko.marci
25.06.2017 19:16:30: Не обработано: Dancer [deathdancer10] was blown up by a vehicle!
25.06.2017 19:16:56: Не обработано: RealBlackJesus телепортирован к Dancer
25.06.2017 19:17:13: Не обработано: Nocomments.no [Lovecraft] was mauled by a zombie!
25.06.2017 19:19:42: Не обработано: ninja moved x:-715.4211 y:78.90796(+40.43064) z:402.4657 in the last second (1)
25.06.2017 19:20:22: Не обработано: BonnieBoy [BonnieBoy] bled to death!
25.06.2017 19:22:29: Не обработано: mr.dimas [DimAs Games] was mauled by a zombie!
25.06.2017 19:24:29: Не обработано: BonnieBoy [BonnieBoy] bled to death!
25.06.2017 19:24:57: Не обработано: Dancer moved x:931.157 y:109.8998(+71.16315) z:-929.171 in the last second (0.606308)
25.06.2017 19:30:59: Не обработано: Silver [Silver] fractured to death!
25.06.2017 19:31:10: Не обработано: BonnieBoy [BonnieBoy] was mauled by a zombie!
25.06.2017 19:34:24: Не обработано: BonnieBoy [BonnieBoy] was mauled by a zombie!
25.06.2017 19:36:30: Не обработано: BonnieBoy [BonnieBoy] killed themself.
25.06.2017 19:36:48: Не обработано: BonnieBoy [BonnieBoy] killed themself.
25.06.2017 19:36:55: Не обработано: PlayerInfoLib >> No expired player info records found for this batch.
25.06.2017 19:37:46: Не обработано: Brodyaga moved x:952.666 y:110.9475(+83.65184) z:-921.2004 in the last second (0.2379227)
25.06.2017 19:38:23: Не обработано: BiGMonKey [BiGMonKey] was infected to death!
25.06.2017 19:39:41: Не обработано: BiGMonKey moved x:806.2274 y:89.59802(+51.36716) z:-835.4313 in the last second (0.2502441)
25.06.2017 19:40:30: Не обработано: BonnieBoy [BonnieBoy] was mauled by a zombie!
25.06.2017 19:42:42: Сохранение сервера
25.06.2017 19:47:10: Не обработано: BiGMonKey [BiGMonKey] was mauled by a zombie!
25.06.2017 19:47:15: Не обработано: vladimir.karelin.04 [vladimir.karelin.04] dehydrated to death!
25.06.2017 19:47:36: Не обработано: Brodyaga moved x:952.666 y:110.8095(+58.87233) z:-921.2004 in the last second (0.09999847)
25.06.2017 19:48:49: Не обработано: BiGMonKey moved x:925.5605 y:111.5076(+76.79877) z:-959.5214 in the last second (0.6032867)
25.06.2017 19:50:02: Не обработано: ninja moved x:910.2076 y:83.88647(+45.40916) z:905.2425 in the last second (1)
25.06.2017 19:52:28: Не обработано: BiGMonKey [BiGMonKey] was mauled by a zombie!
25.06.2017 19:53:51: Не обработано: BiGMonKey [BiGMonKey] was mauled by a zombie!
25.06.2017 19:54:03: Не обработано: ninja moved x:565.4169 y:53.9895(+15.42854) z:-581.6766 in the last second (1)
25.06.2017 19:54:58: Не обработано: BiGMonKey moved x:523.4422 y:58.55434(+20.07703) z:-571.3893 in the last second (0.6100082)
25.06.2017 19:57:48: Не обработано: BiGMonKey [BiGMonKey] was mauled by a zombie!
25.06.2017 20:03:10: Не обработано: Dancer [deathdancer10] bled to death!
25.06.2017 20:05:20: Не обработано: aaaaaaaaaa [aaaaaaaaaa] was mauled by a zombie!
25.06.2017 20:05:22: Не обработано: aaaaaaaaaa moved x:-744.4502 y:58.56762(+19.89531) z:127.2084 in the last second (0.9748459)
25.06.2017 20:06:55: Не обработано: PlayerInfoLib >> No expired player info records found for this batch.
25.06.2017 20:07:49: Не обработано: Brodyaga moved x:952.666 y:110.9475(+72.47014) z:-921.2004 in the last second (0.2379227)
25.06.2017 20:08:05: Не обработано: Dancer moved x:948.3483 y:110.8475(+72.37015) z:-917.8013 in the last second (0.5999985)
25.06.2017 20:10:01: Не обработано: VehicleEvents >> Vehicle has been despawned
25.06.2017 20:11:17: Не обработано: aaaaaaaaaa [aaaaaaaaaa] bled to death!
25.06.2017 20:11:53: Не обработано: aaaaaaaaaa [aaaaaaaaaa] was dissolved by a zombie!
25.06.2017 20:12:42: Сохранение сервера
25.06.2017 20:13:41: Не обработано: JesusAVGN [Сбежавший с зоны] was mauled by a zombie!
25.06.2017 20:20:09: Не обработано: JesusAVGN [Сбежавший с зоны] was dissolved by a zombie!
25.06.2017 20:25:12: Не обработано: Chipilip [n s k. r c p l.] was mauled by a zombie!
25.06.2017 20:28:58: Не обработано: BiGMonKey [BiGMonKey] bled to death!
25.06.2017 20:29:37: Не обработано: aaaaaaaaaa [aaaaaaaaaa] bled to death!
25.06.2017 20:29:40: Не обработано: aaaaaaaaaa moved x:-720.9009 y:59.51276(+20.84042) z:150.1289 in the last second (1.003479)
25.06.2017 20:30:31: Не обработано: Brodyaga [RedBull] killed themself.
25.06.2017 20:32:44: Не обработано: Brodyaga [RedBull] is calling a vote to kick BiGMonKey [BiGMonKey]
25.06.2017 20:32:55: Не обработано: Vote failed!
25.06.2017 20:33:27: Не обработано: REHDI2 [REHDI2] is calling a vote to kick BiGMonKey [BiGMonKey]
25.06.2017 20:33:42: Не обработано: Vote failed!
25.06.2017 20:34:54: Не обработано: BiGMonKey [BiGMonKey] was mauled by a zombie!
25.06.2017 20:36:55: Не обработано: PlayerInfoLib >> No expired player info records found for this batch.
25.06.2017 20:37:12: Не обработано: AdaptedEye [AdaptedEye] was mauled by a zombie!
25.06.2017 20:42:42: Сохранение сервера
25.06.2017 20:46:18: Не обработано: aaaaaaaaaa [aaaaaaaaaa] was mauled by a zombie!
25.06.2017 20:46:54: Не обработано: aaaaaaaaaa moved x:-734.4985 y:55.50745(+28.19761) z:-507.2931 in the last second (0.549324)
25.06.2017 20:51:40: Не обработано: Brodyaga moved x:952.666 y:110.9475(+72.47014) z:-921.2004 in the last second (0.2379227)
25.06.2017 20:57:18: Не обработано: REHDI2 moved x:405.8681 y:54.7853(+16.10794) z:-173.5248 in the last second (0.2379189)
25.06.2017 20:58:35: Не обработано: ninja moved x:-275.4201 y:54.13142(+15.6541) z:-364.1372 in the last second (0.100811)
25.06.2017 21:01:00: Не обработано: stas [fedoroff.olegfedorov33] starved to death!
25.06.2017 21:03:39: Не обработано: ninja moved x:505.2067 y:81.71985(+43.08595) z:-880.712 in the last second (1)
25.06.2017 21:06:55: Не обработано: PlayerInfoLib >> No expired player info records found for this batch.
25.06.2017 21:09:41: Не обработано: REHDI2 moved x:405.8681 y:54.7853(+16.30798) z:-173.5248 in the last second (0.2379189)
25.06.2017 21:12:42: Сохранение сервера
25.06.2017 21:26:44: Не обработано: Dancer moved x:554.0411 y:58.79663(+21.41505) z:321.8344 in the last second (1)
25.06.2017 21:26:46: Не обработано: fitman moved x:557.2394 y:58.19637(+23.59367) z:320.4929 in the last second (0.1097031)
25.06.2017 21:29:38: Не обработано: RealBlackJesus включен Godmode
25.06.2017 21:29:41: Не обработано: RealBlackJesus включена нивидимость
25.06.2017 21:30:28: Не обработано: RealBlackJesus телепортирован к HoOoKsHoOt
25.06.2017 21:30:50: Не обработано: RealBlackJesus телепортирован к 12dfybkm123
25.06.2017 21:31:04: Не обработано: stas [fedoroff.olegfedorov33] was mauled by a zombie!
25.06.2017 21:31:12: Не обработано: RealBlackJesus телепортирован к stas
25.06.2017 21:31:24: Не обработано: RealBlackJesus телепортирован к xDDDDDDDDDDDDDDDDDDDDD
25.06.2017 21:32:00: Не обработано: RealBlackJesus телепортирован к LuckyMan ^-^
25.06.2017 21:32:15: Не обработано: RealBlackJesus телепортирован к misha
25.06.2017 21:32:18: Не обработано: BiGMonKey [BiGMonKey] bled to death!
25.06.2017 21:32:27: Не обработано: 12dfybkm123 [12dfybkm123] bled to death!
25.06.2017 21:32:29: Не обработано: RealBlackJesus телепортирован к CRYSIS
25.06.2017 21:32:31: Не обработано: 12dfybkm123 moved x:-744.4502 y:58.56762(+20.0903) z:127.2084 in the last second (0.9748459)
25.06.2017 21:33:03: Не обработано: Yefet_The_Man [Yefet_The_Man] burned to death!
25.06.2017 21:33:58: Не обработано: RealBlackJesus телепортирован к aaaaaaaaaa
25.06.2017 21:34:27: Не обработано: 12dfybkm123 [12dfybkm123] was mauled by a zombie!
25.06.2017 21:34:31: Не обработано: stas [fedoroff.olegfedorov33] was mauled by a zombie!
25.06.2017 21:34:37: Не обработано: 12dfybkm123 moved x:-744.4502 y:58.56762(+19.80755) z:127.2084 in the last second (0.9748459)
25.06.2017 21:35:21: Не обработано: RealBlackJesus телепортирован к Yefet_The_Man
25.06.2017 21:36:55: Не обработано: PlayerInfoLib >> No expired player info records found for this batch.
25.06.2017 21:37:29: Не обработано: RealBlackJesus телепортирован к xDDDDDDDDDDDDDDDDDDDDD
25.06.2017 21:38:10: Не обработано: RealBlackJesus телепортирован к LuckyMan ^-^
25.06.2017 21:38:23: Не обработано: RealBlackJesus телепортирован к misha
25.06.2017 21:38:33: Не обработано: RealBlackJesus телепортирован к 12dfybkm123
25.06.2017 21:39:37: Не обработано: RealBlackJesus телепортирован к Seattle
25.06.2017 21:42:23: Не обработано: 12dfybkm123 [12dfybkm123] suffocated to death!
25.06.2017 21:42:27: Не обработано: 12dfybkm123 moved x:-335.6785 y:40.53761(+16.89683) z:427.5883 in the last second (0.976326)
25.06.2017 21:42:42: Сохранение сервера
25.06.2017 21:42:47: Не обработано: Дал RealBlackJesus вещь 369:10
25.06.2017 21:44:29: Не обработано: Дал RealBlackJesus вещь 369:10
25.06.2017 21:44:43: Не обработано: HoOoKsHoOt [Furya] was mauled by a zombie!
25.06.2017 21:45:05: Не обработано: RealBlackJesus нивидимость отключена
25.06.2017 21:45:12: Не обработано: Wedge Antilles [Wedge Antilles] was mauled by a zombie!
25.06.2017 21:45:19: Не обработано: RealBlackJesus включена нивидимость
25.06.2017 21:45:25: Не обработано: aaaaaaaaaa [aaaaaaaaaa] was mauled by a zombie!
25.06.2017 21:45:30: Не обработано: Дал RealBlackJesus вещь 374:20
25.06.2017 21:46:35: Не обработано: Дал RealBlackJesus вещь 374:5
25.06.2017 21:47:10: Не обработано: ninja [david.sziveri] was crushed by a zombie!
25.06.2017 21:47:26: Не обработано: 7_AleX_3 moved x:-698.0756 y:94.27115(+45.08322) z:281.824 in the last second (0.05000305)
25.06.2017 21:47:41: Не обработано: Дал RealBlackJesus вещь 372:10
25.06.2017 21:48:09: Не обработано: Wedge Antilles [Wedge Antilles] was mauled by a zombie!
25.06.2017 21:48:25: Не обработано: Дал RealBlackJesus вещь 372:4
25.06.2017 21:50:09: Не обработано: MC HAMMER [ggpoppy] was infected to death!
25.06.2017 21:50:38: Не обработано: FolmanPlay [__Харча_2007__PROgamer__________] was mauled by a zombie!
25.06.2017 21:51:17: Не обработано: Дал RealBlackJesus вещь 370:1
25.06.2017 21:51:19: Не обработано: 7_AleX_3 moved x:-698.0756 y:94.27115(+57.39654) z:281.824 in the last second (0.05000305)
25.06.2017 21:51:27: Не обработано: Дал RealBlackJesus вещь 372:1
25.06.2017 21:51:44: Не обработано: Дал RealBlackJesus вещь 372:1
25.06.2017 21:51:54: Не обработано: FolmanPlay [__Харча_2007__PROgamer__________] bled to death!
25.06.2017 21:51:57: Не обработано: FolmanPlay moved x:-720.9009 y:59.51276(+21.03544) z:150.1289 in the last second (1.003479)
25.06.2017 21:52:25: Не обработано: Дал RealBlackJesus вещь 378:1
25.06.2017 21:52:37: Не обработано: Дал RealBlackJesus вещь 454:1
25.06.2017 21:52:49: Не обработано: Дал RealBlackJesus вещь 454:1
25.06.2017 21:52:59: Не обработано: Дал RealBlackJesus вещь 457:1
25.06.2017 21:53:25: Не обработано: Дал RealBlackJesus вещь 1298:14
25.06.2017 21:54:44: Не обработано: Дал RealBlackJesus вещь 373:10
25.06.2017 21:55:13: Не обработано: Дал RealBlackJesus вещь 373:10
25.06.2017 21:55:55: Не обработано: Дал RealBlackJesus вещь 1234:1
25.06.2017 21:59:12: Не обработано: 7_AleX_3 moved x:-698.0756 y:94.27115(+55.19881) z:281.824 in the last second (0.05000305)
25.06.2017 21:59:16: Не обработано: Дал RealBlackJesus вещь 1158:1
25.06.2017 21:59:48: Не обработано: 12dfybkm123 [12dfybkm123] was dissolved by a zombie!
25.06.2017 21:59:52: Не обработано: stas [fedoroff.olegfedorov33] was dissolved by a zombie!
25.06.2017 22:00:01: Не обработано: Дал RealBlackJesus вещь 1243:1
25.06.2017 22:01:16: Не обработано: Дал RealBlackJesus вещь 1221:1
25.06.2017 22:01:22: Не обработано: 7_AleX_3 moved x:-698.0756 y:94.27115(+57.36952) z:281.824 in the last second (0.05000305)
25.06.2017 22:01:44: Не обработано: kostkin.7033 [Al171] was mauled by a zombie!
25.06.2017 22:02:19: Не обработано: Дал RealBlackJesus вещь 300:1
25.06.2017 22:02:51: Не обработано: RealBlackJesus нивидимость отключена
25.06.2017 22:02:55: Не обработано: RealBlackJesus включена нивидимость
25.06.2017 22:03:01: Не обработано: RealBlackJesus нивидимость отключена
25.06.2017 22:03:05: Не обработано: RealBlackJesus включена нивидимость
25.06.2017 22:03:12: Не обработано: RealBlackJesus телепортирован к FolmanPlay
25.06.2017 22:03:19: Не обработано: RealBlackJesus телепортирован к 7_AleX_3
25.06.2017 22:03:30: Не обработано: RealBlackJesus телепортирован к Seattle
25.06.2017 22:05:22: Не обработано: Дал RealBlackJesus вещь 1221:1
25.06.2017 22:06:02: Не обработано: Дал RealBlackJesus вещь 1221:1
25.06.2017 22:06:55: Не обработано: PlayerInfoLib >> No expired player info records found for this batch.
25.06.2017 22:07:17: Не обработано: Дал RealBlackJesus вещь 1221:1
25.06.2017 22:07:41: Не обработано: Дал RealBlackJesus вещь 1441:1
25.06.2017 22:07:59: Не обработано: Дал RealBlackJesus вещь 1441:1
25.06.2017 22:08:24: Не обработано: Дал RealBlackJesus вещь 1382:1
25.06.2017 22:09:26: Не обработано: Дал RealBlackJesus вещь 1442:1
25.06.2017 22:09:31: Не обработано: Дал RealBlackJesus вещь 1442:5
25.06.2017 22:10:47: Не обработано: Дал RealBlackJesus вещь 301:10
25.06.2017 22:10:57: Не обработано: 12dfybkm123 [12dfybkm123] was mauled by a zombie!
25.06.2017 22:11:24: Не обработано: RealBlackJesus телепортирован к stas
25.06.2017 22:11:41: Не обработано: Дал RealBlackJesus вещь 1362:1
25.06.2017 22:11:44: Не обработано: 12dfybkm123 moved x:-213.9637 y:55.1104(+16.32683) z:111.0248 in the last second (0.5999985)
25.06.2017 22:11:45: Не обработано: 7_AleX_3 moved x:-698.0756 y:94.27115(+17.71175) z:281.824 in the last second (0.05000305)
25.06.2017 22:11:53: Не обработано: Дал RealBlackJesus вещь 1362:10
25.06.2017 22:12:42: Сохранение сервера
25.06.2017 22:13:32: Не обработано: RealBlackJesus телепортирован к 7_AleX_3
25.06.2017 22:14:09: Не обработано: RealBlackJesus телепортирован к stas
25.06.2017 22:14:19: Не обработано: RealBlackJesus телепортирован к Seattle
25.06.2017 22:16:32: Не обработано: 7_AleX_3 moved x:-698.0756 y:94.27115(+16.73305) z:281.824 in the last second (0.05000305)
25.06.2017 22:16:45: Не обработано: Xeum moved x:-743.5966 y:56.70703(+31.30294) z:-172.7601 in the last second (0.05000305)
25.06.2017 22:21:49: Не обработано: 7_AleX_3 moved x:-698.0756 y:94.27115(+55.79383) z:281.824 in the last second (0.05000305)
25.06.2017 22:25:44: Не обработано: 7_AleX_3 moved x:-698.0756 y:94.27115(+55.79383) z:281.824 in the last second (0.05000305)
25.06.2017 22:25:54: Не обработано: Xeum moved x:-743.5966 y:56.70703(+18.22971) z:-172.7601 in the last second (0.05000305)
25.06.2017 22:26:57: Не обработано: REHDI2 [REHDI2] was mauled by a zombie!
25.06.2017 22:29:25: Не обработано: REHDI2 moved x:405.8681 y:54.7853(+16.30798) z:-173.5248 in the last second (0.2379189)
25.06.2017 22:29:28: Не обработано: REHDI2 moved x:-702.6437 y:94.75453(+40.19384) z:298.009 in the last second (0.812355)
25.06.2017 22:29:46: Не обработано: Brodyaga moved x:674.3055 y:70.31306(+44.60049) z:-438.4586 in the last second (0.1023712)
25.06.2017 22:30:07: Не обработано: REHDI2 [REHDI2] killed themself.
25.06.2017 22:30:13: Не обработано: zavickisneo moved x:624.431 y:57.37358(+19.42244) z:290.5711 in the last second (0.1295624)
25.06.2017 22:31:58: Не обработано: LuckyMan ^-^ moved x:949.6349 y:102.2942(+63.61685) z:36.41866 in the last second (1)
25.06.2017 22:33:16: Не обработано: dobblshotYT [markusslatkovskis] bled to death!
25.06.2017 22:35:53: Не обработано: Brodyaga moved x:933.4537 y:111.7273(+40.89904) z:-938.2424 in the last second (1)
25.06.2017 22:36:47: Не обработано: Xeum moved x:-743.5966 y:56.70703(+18.22971) z:-172.7601 in the last second (0.05000305)
25.06.2017 22:36:48: Не обработано: stas [fedoroff.olegfedorov33] dehydrated to death!
25.06.2017 22:36:55: Не обработано: PlayerInfoLib >> No expired player info records found for this batch.
25.06.2017 22:38:30: Не обработано: 7_AleX_3 moved x:931.1439 y:111.26(+72.78265) z:-927.7446 in the last second (0.5999908)
25.06.2017 22:40:28: Не обработано: desdenlua [XluaX] was mauled by a zombie!
25.06.2017 22:41:16: Не обработано: Brodyaga moved x:952.666 y:110.9475(+72.27011) z:-921.2004 in the last second (0.2379227)
25.06.2017 22:42:42: Сохранение сервера
25.06.2017 22:43:23: Не обработано: REHDI2 [REHDI2] was mauled by a zombie!
25.06.2017 22:44:31: Не обработано: Xeum moved x:-743.5966 y:56.70703(+18.0297) z:-172.7601 in the last second (0.05000305)
25.06.2017 22:45:12: Не обработано: zavickisneo [zavickisneo] bled to death!
25.06.2017 22:45:19: Не обработано: zavickisneo moved x:-744.4502 y:58.56762(+19.89029) z:127.2084 in the last second (0.9748459)
25.06.2017 22:46:07: Не обработано: Brodyaga moved x:952.666 y:110.9475(+72.27012) z:-921.2004 in the last second (0.2379227)
25.06.2017 22:47:40: Не обработано: LuckyMan ^-^ moved x:-146.7878 y:68.09985(+29.4606) z:943.3494 in the last second (1)
25.06.2017 22:51:22: Не обработано: REHDI2 [REHDI2] was mauled by a zombie!
25.06.2017 22:51:49: Не обработано: Xeum [Xeum] was mauled by a zombie!
25.06.2017 22:52:00: Не обработано: BiGMonKey [BiGMonKey] killed themself.
25.06.2017 22:52:11: Не обработано: REHDI2 [REHDI2] killed themself.
25.06.2017 22:52:16: Не обработано: 7_AleX_3 [7_AleX_3] was mauled by a zombie!
25.06.2017 22:52:17: Не обработано: zavickisneo [zavickisneo] was mauled by a zombie!
25.06.2017 22:53:30: Не обработано: ninja [david.sziveri] was dissolved by a zombie!
25.06.2017 22:53:37: Не обработано: Xeum [Xeum] was dissolved by a zombie!
25.06.2017 22:53:45: Не обработано: REHDI2 [REHDI2] was dissolved by a zombie!
25.06.2017 22:53:50: Не обработано: 7_AleX_3 [7_AleX_3] was dissolved by a zombie!
25.06.2017 22:56:27: Не обработано: Xeum moved x:-743.5966 y:56.70703(+18.22971) z:-172.7601 in the last second (0.05000305)
25.06.2017 22:57:36: Не обработано: Brodyaga moved x:952.666 y:110.9475(+72.27013) z:-921.2004 in the last second (0.2379227)
25.06.2017 22:58:04: Не обработано: zavickisneo [zavickisneo] bled to death!
25.06.2017 22:58:12: Не обработано: dobblshotYT [markusslatkovskis] bled to death!
25.06.2017 23:01:14: Не обработано: {xp}Disold [[mw3].::Lara-T¤r::. CSGOIGRA.RU] bled to death!
25.06.2017 23:01:48: Не обработано: 7_AleX_3 moved x:-698.0756 y:94.27115(+51.33915) z:281.824 in the last second (0.05000305)
25.06.2017 23:02:21: Не обработано: libros1810 [libros1810] bled to death!
25.06.2017 23:02:42: Не обработано: dobblshotYT [markusslatkovskis] bled to death!
25.06.2017 23:04:53: Не обработано: dobblshotYT moved x:-195.5203 y:48.86806(+21.84073) z:74.34259 in the last second (0.5999908)
25.06.2017 23:05:05: Не обработано: miguelhea [miguelhea] was mauled by a zombie!
25.06.2017 23:06:55: Не обработано: PlayerInfoLib >> No expired player info records found for this batch.
25.06.2017 23:08:02: Не обработано: Fiz [csgobounty.com | CSGetto.com] bled to death!
25.06.2017 23:10:51: Не обработано: Brodyaga moved x:952.666 y:110.9475(+25.31596) z:-921.2004 in the last second (0.2379227)
25.06.2017 23:12:42: Сохранение сервера
25.06.2017 23:16:28: Не обработано: zavickisneo [zavickisneo] was mauled by a zombie!
25.06.2017 23:17:06: Не обработано: dobblshotYT [markusslatkovskis] bled to death!
25.06.2017 23:20:25: Не обработано: Brodyaga moved x:952.666 y:110.8095(+72.33231) z:-921.2004 in the last second (0.09999847)
25.06.2017 23:20:26: Не обработано: Brodyaga [RedBull] bled to death!
25.06.2017 23:21:11: Не обработано: NightLightWILDCASE.COM [NightLightWILDCASE.COM] was mauled by a zombie!
25.06.2017 23:22:28: Не обработано: ninja [david.sziveri] bled to death!
25.06.2017 23:23:38: Не обработано: dobblshotYT [markusslatkovskis] bled to death!
25.06.2017 23:26:42: Не обработано: fijo [aimbot.exe] fractured to death!
25.06.2017 23:27:27: Не обработано: Brodyaga moved x:952.666 y:110.9475(+72.16015) z:-921.2004 in the last second (0.2379227)
25.06.2017 23:27:43: Не обработано: Brodyaga [RedBull] killed themself.
25.06.2017 23:32:04: Не обработано: BiGMonKey [BiGMonKey] dehydrated to death!
25.06.2017 23:33:01: Не обработано: fijo [aimbot.exe] bled to death!
25.06.2017 23:35:05: Не обработано: GHOUL [OG Hitler] was mauled by a zombie!
25.06.2017 23:35:16: Не обработано: Santims123123 [SantimsLV] killed themself.
25.06.2017 23:35:19: Не обработано: Santims123123 moved x:-720.9009 y:59.51276(+20.41241) z:150.1289 in the last second (1.003479)
25.06.2017 23:36:55: Не обработано: PlayerInfoLib >> No expired player info records found for this batch.
25.06.2017 23:38:25: Не обработано: VehicleEvents >> Vehicle has been despawned
25.06.2017 23:40:37: Не обработано: farid [mamedov.riyad2005] was mauled by a zombie!
25.06.2017 23:41:45: Не обработано: miguelhea [miguelhea] suffocated to death!
25.06.2017 23:42:42: Сохранение сервера
25.06.2017 23:53:41: Не обработано: aramzic [лунтик БОСС] was dissolved by a zombie!
25.06.2017 23:58:01: Не обработано: aramzic [лунтик БОСС] was dissolved by a zombie!
26.06.2017 0:04:44: Не обработано: Костя moved x:-713.4659 y:64.89832(+23.51106) z:-819.5316 in the last second (1)
26.06.2017 0:06:55: Не обработано: PlayerInfoLib >> No expired player info records found for this batch.
26.06.2017 0:11:03: Не обработано: BiGMonKey [BiGMonKey] dehydrated to death!
26.06.2017 0:11:11: Не обработано: BiGMonKey [BiGMonKey] killed themself.
26.06.2017 0:12:42: Сохранение сервера
26.06.2017 0:13:27: Не обработано: aaaaaaaaaa [aaaaaaaaaa] bled to death!
26.06.2017 0:17:14: Не обработано: vintoc moved x:-774.0754 y:78.17235(+28.3031) z:-500.0919 in the last second (0.1113129)
26.06.2017 0:25:10: Не обработано: FerretNahooi [/AngryFerret\] was mauled by a zombie!
26.06.2017 0:26:05: Не обработано: lolek [jedrekoleksiewicz] was mauled by a zombie!
26.06.2017 0:30:25: Не обработано: FerretNahooi [/AngryFerret\] was mauled by a zombie!
26.06.2017 0:32:01: Не обработано: FerretNahooi [/AngryFerret\] was mauled by a zombie!
26.06.2017 0:36:54: Не обработано: FerretNahooi [/AngryFerret\] was mauled by a zombie!
26.06.2017 0:36:55: Не обработано: PlayerInfoLib >> No expired player info records found for this batch.
26.06.2017 0:37:59: Не обработано: Tommy [atheer.fawzijassim] bled to death!
26.06.2017 0:38:01: Не обработано: Tommy moved x:-720.9009 y:59.51276(+20.83542) z:150.1289 in the last second (1.003479)
26.06.2017 0:39:06: Не обработано: TopChan [ААААА] was mauled by a zombie!
26.06.2017 0:41:50: Не обработано: TopChan [ААААА] was mauled by a zombie!
26.06.2017 0:42:42: Сохранение сервера
26.06.2017 0:52:30: Не обработано: VehicleEvents >> Vehicle has been despawned
26.06.2017 0:56:24: Не обработано: [RACK]MrKolfi [НеведомаяЕбанина] killed themself.
26.06.2017 0:56:35: Не обработано: [RACK]MrKolfi moved x:-744.4502 y:58.56762(+20.0903) z:127.2084 in the last second (0.9748459)
26.06.2017 1:06:55: Не обработано: PlayerInfoLib >> No expired player info records found for this batch.
26.06.2017 1:12:42: Сохранение сервера
26.06.2017 1:13:04: Не обработано: y3lnizkurt [DragonGaming] was mauled by a zombie!
26.06.2017 1:25:49: Не обработано: maxdetisbest [maxdetisbest] bled to death!
26.06.2017 1:26:55: Не обработано: Flippen1999 [Flippen1999] killed themself.
26.06.2017 1:27:15: Не обработано: _TagerYT_ [_TagerYT_] was blown up by a vehicle!
26.06.2017 1:27:16: Не обработано: _TagerYT_ moved x:57.62475 y:90.38778(+51.7104) z:-642.9317 in the last second (5.730576)
26.06.2017 1:28:31: Не обработано: Flippen1999 [Flippen1999] bled to death!
26.06.2017 1:29:59: Не обработано: Flippen1999 [Flippen1999] killed themself.
26.06.2017 1:30:01: Не обработано: Flippen1999 moved x:-744.4502 y:58.56762(+28.59372) z:127.2084 in the last second (0.9748459)
26.06.2017 1:32:49: Не обработано: _TagerYT_ [_TagerYT_] was blown up by a vehicle!
26.06.2017 1:36:55: Не обработано: PlayerInfoLib >> No expired player info records found for this batch.
26.06.2017 1:38:20: Не обработано: Flippen1999 [Flippen1999] was mauled by a zombie!
26.06.2017 1:42:42: Сохранение сервера
26.06.2017 1:45:08: Не обработано: maxdetisbest [maxdetisbest] bled to death!
26.06.2017 1:48:19: Не обработано: Flippen1999 [Flippen1999] was mauled by a zombie!
26.06.2017 1:48:46: Не обработано: Flippen1999 [Flippen1999] killed themself.
26.06.2017 1:48:57: Не обработано: Flippen1999 [Flippen1999] killed themself.
26.06.2017 1:49:02: Не обработано: Flippen1999 [Flippen1999] killed themself.
26.06.2017 1:49:26: Не обработано: Flippen1999 [Flippen1999] killed themself.
26.06.2017 1:49:57: Не обработано: maxdetisbest [maxdetisbest] was mauled by a zombie!
26.06.2017 1:50:03: Не обработано: Flippen1999 [Flippen1999] killed themself.
26.06.2017 1:50:43: Не обработано: maxdetisbest [maxdetisbest] killed themself.
26.06.2017 1:51:07: Не обработано: maxdetisbest [maxdetisbest] killed themself.
26.06.2017 1:58:42: Не обработано: maxdetisbest moved x:906.4429 y:95.18347(+56.1778) z:-73.448 in the last second (1)
26.06.2017 1:59:02: Не обработано: maxdetisbest [maxdetisbest] was blown up by a vehicle!
26.06.2017 1:59:04: Не обработано: VehicleEvents >> Vehicle has been despawned
26.06.2017 2:02:43: Не обработано: maxdetisbest [maxdetisbest] was mauled by a zombie!
26.06.2017 2:03:55: Не обработано: Flippen1999 [Flippen1999] was mauled by a zombie!
26.06.2017 2:06:55: Не обработано: PlayerInfoLib >> No expired player info records found for this batch.
26.06.2017 2:12:42: Сохранение сервера
26.06.2017 2:13:36: Не обработано: Flippen1999 [Flippen1999] was mauled by a zombie!
26.06.2017 2:13:38: Не обработано: Flippen1999 moved x:-744.4502 y:58.56762(+19.89529) z:127.2084 in the last second (0.9748459)
26.06.2017 2:14:38: Не обработано: Flippen1999 [Flippen1999] was mauled by a zombie!
26.06.2017 2:20:24: Не обработано: Zephlin206 [coffee21206] was mauled by a zombie!
26.06.2017 2:20:28: Не обработано: coffee21206 [coffee21206] was mauled by a zombie!
26.06.2017 2:22:55: Не обработано: coffee21206 [coffee21206] killed themself.
26.06.2017 2:36:55: Не обработано: PlayerInfoLib >> No expired player info records found for this batch.
26.06.2017 2:42:42: Сохранение сервера
26.06.2017 2:47:56: Не обработано: MC HAMMER [ggpoppy] dehydrated to death!
26.06.2017 3:02:17: Не обработано: coffee21206 [coffee21206] dehydrated to death!
26.06.2017 3:02:46: Не обработано: Zephlin206 [coffee21206] dehydrated to death!
26.06.2017 3:03:34: Не обработано: coffee21206 [coffee21206] killed themself.
26.06.2017 3:03:38: Не обработано: coffee21206 moved x:-720.9009 y:59.51276(+21.03544) z:150.1289 in the last second (1.003479)
26.06.2017 3:03:51: Не обработано: MC HAMMER [ggpoppy] bled to death!
26.06.2017 3:04:53: Не обработано: coffee21206 [coffee21206] killed themself.
26.06.2017 3:05:38: Не обработано: MC HAMMER [ggpoppy] bled to death!
26.06.2017 3:06:55: Не обработано: PlayerInfoLib >> No expired player info records found for this batch.
26.06.2017 3:12:42: Сохранение сервера
26.06.2017 3:13:14: Не обработано: coffee21206 [coffee21206] killed themself.
26.06.2017 3:13:18: Не обработано: Zephlin206 [coffee21206] killed themself.
26.06.2017 3:14:10: Не обработано: coffee21206 [coffee21206] killed themself.
26.06.2017 3:14:22: Не обработано: coffee21206 [coffee21206] killed themself.
26.06.2017 3:14:48: Не обработано: coffee21206 [coffee21206] was mauled by a zombie!
26.06.2017 3:36:55: Не обработано: PlayerInfoLib >> No expired player info records found for this batch.
26.06.2017 3:42:42: Сохранение сервера
26.06.2017 3:56:11: Не обработано: VehicleEvents >> Vehicle has been despawned
26.06.2017 3:58:12: Не обработано: dragonlpzw [dragonlpzw] bled to death!
26.06.2017 3:58:34: Не обработано: notneeded [notneeded] bled to death!
26.06.2017 4:06:55: Не обработано: PlayerInfoLib >> No expired player info records found for this batch.
26.06.2017 4:12:42: Сохранение сервера
26.06.2017 4:25:40: Не обработано: notneeded [notneeded] was mauled by a zombie!
26.06.2017 4:25:55: Не обработано: dragonlpzw [dragonlpzw] was mauled by a zombie!
26.06.2017 4:36:55: Не обработано: PlayerInfoLib >> No expired player info records found for this batch.
26.06.2017 4:42:42: Сохранение сервера
26.06.2017 5:06:55: Не обработано: PlayerInfoLib >> No expired player info records found for this batch.
26.06.2017 5:12:42: Сохранение сервера
26.06.2017 5:32:21: Не обработано: dragonlpzw [dragonlpzw] dehydrated to death!
26.06.2017 5:32:24: Не обработано: dragonlpzw moved x:-720.9009 y:59.51276(+20.8354) z:150.1289 in the last second (1.003479)
26.06.2017 5:34:36: Не обработано: notneeded [notneeded] was dissolved by a zombie!
26.06.2017 5:36:40: Не обработано: dragonlpzw moved x:-817.5754 y:54.44569(+15.96836) z:-175.1158 in the last second (0.4348221)
26.06.2017 5:36:55: Не обработано: PlayerInfoLib >> No expired player info records found for this batch.
26.06.2017 5:41:45: Не обработано: dragonlpzw [dragonlpzw] was mauled by a zombie!
26.06.2017 5:42:12: Не обработано: notneeded [notneeded] bled to death!
26.06.2017 5:42:42: Сохранение сервера
26.06.2017 5:48:12: Не обработано: VehicleEvents >> Vehicle has been despawned
26.06.2017 5:58:34: Не обработано: dragonlpzw moved x:6.733589 y:40.81293(+16.48756) z:-441.9876 in the last second (0.6348305)
26.06.2017 6:06:55: Не обработано: PlayerInfoLib >> No expired player info records found for this batch.
26.06.2017 6:11:28: Не обработано: PrivateMessages >> Sorry, you haven't received a message!
26.06.2017 6:12:42: Сохранение сервера
26.06.2017 6:27:20: Не обработано: VehicleEvents >> Vehicle has been despawned
26.06.2017 6:36:55: Не обработано: PlayerInfoLib >> No expired player info records found for this batch.
26.06.2017 6:42:42: Сохранение сервера
26.06.2017 6:53:15: Не обработано: VehicleEvents >> Vehicle has been despawned
26.06.2017 7:06:55: Не обработано: PlayerInfoLib >> No expired player info records found for this batch.
26.06.2017 7:12:42: Сохранение сервера
26.06.2017 7:36:55: Не обработано: PlayerInfoLib >> No expired player info records found for this batch.
26.06.2017 7:38:21: Не обработано: VehicleEvents >> Vehicle has been despawned
26.06.2017 7:42:42: Сохранение сервера
26.06.2017 7:53:01: Не обработано: MasterZ239 [MasterZ239] bled to death!
26.06.2017 7:54:20: Не обработано: MasterZ239 [MasterZ239] was mauled by a zombie!
26.06.2017 7:56:32: Не обработано: MasterZ239 [MasterZ239] was mauled by a zombie!
26.06.2017 7:58:24: Не обработано: MasterZ239 [MasterZ239] was mauled by a zombie!
26.06.2017 8:06:55: Не обработано: PlayerInfoLib >> No expired player info records found for this batch.
26.06.2017 8:12:42: Сохранение сервера
26.06.2017 8:36:55: Не обработано: PlayerInfoLib >> No expired player info records found for this batch.
26.06.2017 8:42:42: Сохранение сервера
26.06.2017 8:47:42: Не обработано: Evil Mickey [Жорик] was mauled by a zombie!
26.06.2017 8:54:12: Не обработано: Evil Mickey [Жорик] bled to death!
26.06.2017 9:05:54: Не обработано: Suck my sock moved x:-283.0636 y:55.22006(+22.19149) z:-324.3024 in the last second (0.4116516)
26.06.2017 9:06:55: Не обработано: PlayerInfoLib >> No expired player info records found for this batch.
26.06.2017 9:11:46: Не обработано: VehicleEvents >> Vehicle has been despawned
26.06.2017 9:12:42: Сохранение сервера
26.06.2017 9:16:47: Не обработано: Suck my sock moved x:688.815 y:39.39006(+15.09688) z:381.4867 in the last second (0.06874466)
26.06.2017 9:36:55: Не обработано: PlayerInfoLib >> No expired player info records found for this batch.
26.06.2017 9:42:36: Не обработано: Evil Mickey [Жорик] was infected to death!
26.06.2017 9:42:42: Сохранение сервера
