26.09.2017 18:00:04: Полное лечение 76561198140053978
26.09.2017 18:00:04: Полное лечение 76561198421850220
26.09.2017 18:00:04: Полное лечение 76561198327431691
26.09.2017 20:00:11: Вызван массовый Airdrop (x10)
26.09.2017 20:00:11: Successfully set airdrop!
26.09.2017 20:00:11: Successfully set airdrop!
26.09.2017 20:00:11: Successfully set airdrop!
26.09.2017 20:00:11: Successfully set airdrop!
26.09.2017 20:00:11: Successfully set airdrop!
26.09.2017 20:00:11: Successfully set airdrop!
26.09.2017 20:00:11: Successfully set airdrop!
26.09.2017 20:00:12: Successfully set airdrop!
26.09.2017 20:00:12: Successfully set airdrop!
26.09.2017 20:00:12: Successfully set airdrop!
26.09.2017 21:00:20: Полное лечение 76561198140053978
26.09.2017 21:00:20: Полное лечение 76561198396844314
26.09.2017 21:00:20: Полное лечение 76561198329094266
26.09.2017 21:00:20: Полное лечение 76561198399431484
26.09.2017 21:00:20: Полное лечение 76561198011433305
26.09.2017 21:00:20: Полное лечение 76561198128258560
26.09.2017 21:00:20: Полное лечение 76561198391993267
26.09.2017 21:00:20: Полное лечение 76561198327431691
26.09.2017 21:00:20: Полное лечение 76561198314626030
27.09.2017 5:00:08: Вызван массовый Airdrop (x10)
27.09.2017 5:00:08: Successfully set airdrop!
27.09.2017 5:00:08: Successfully set airdrop!
27.09.2017 5:00:08: Successfully set airdrop!
27.09.2017 5:00:08: Successfully set airdrop!
27.09.2017 5:00:08: Successfully set airdrop!
27.09.2017 5:00:08: Successfully set airdrop!
27.09.2017 5:00:08: Successfully set airdrop!
27.09.2017 5:00:09: Successfully set airdrop!
27.09.2017 5:00:09: Successfully set airdrop!
27.09.2017 5:00:09: Successfully set airdrop!
27.09.2017 9:00:13: Полное лечение 76561198391993267
27.09.2017 10:00:21: Вызван массовый Airdrop (x10)
27.09.2017 10:00:21: Successfully set airdrop!
27.09.2017 10:00:21: Successfully set airdrop!
27.09.2017 10:00:21: Successfully set airdrop!
27.09.2017 10:00:21: Successfully set airdrop!
27.09.2017 10:00:21: Successfully set airdrop!
27.09.2017 10:00:21: Successfully set airdrop!
27.09.2017 10:00:21: Successfully set airdrop!
27.09.2017 10:00:21: Successfully set airdrop!
27.09.2017 10:00:21: Successfully set airdrop!
27.09.2017 10:00:21: Successfully set airdrop!
27.09.2017 15:01:49: Вызван массовый Airdrop (x10)
27.09.2017 15:46:22: Вызван массовый Airdrop (x10)
27.09.2017 15:46:22: Successfully set airdrop!
27.09.2017 15:46:22: Successfully set airdrop!
27.09.2017 15:46:22: Successfully set airdrop!
27.09.2017 15:46:22: Successfully set airdrop!
27.09.2017 15:46:22: Successfully set airdrop!
27.09.2017 15:46:22: Successfully set airdrop!
27.09.2017 15:46:23: Successfully set airdrop!
27.09.2017 15:46:23: Successfully set airdrop!
27.09.2017 15:46:23: Successfully set airdrop!
27.09.2017 15:46:23: Successfully set airdrop!
27.09.2017 15:46:26: Полное лечение 76561198140053978
27.09.2017 15:46:26: Полное лечение 76561198329094266
27.09.2017 15:46:26: Полное лечение 76561198399431484
27.09.2017 15:46:26: Полное лечение 76561198366549870
27.09.2017 15:46:26: Полное лечение 76561198324733863
27.09.2017 15:46:26: Полное лечение 76561198285171776
27.09.2017 15:46:26: Полное лечение 76561198416774100
27.09.2017 15:49:13: Установлена/убрана пасмурная погода
27.09.2017 15:57:21: Successfully gave Expert13372284200 1470 x3!
27.09.2017 16:17:20: Successfully gave krandetal 76 x1!
27.09.2017 16:18:26: Successfully gave Expert13372284200 41 x200!
27.09.2017 16:23:22: Successfully gave TheCrazyCat 76 x1!
27.09.2017 18:03:41: Полное лечение 76561198300547291
27.09.2017 18:03:41: Полное лечение 76561198165490172
27.09.2017 18:03:41: Полное лечение 76561198253874271
27.09.2017 18:03:41: Полное лечение 76561198414513971
27.09.2017 18:03:41: Полное лечение 76561198194267299
27.09.2017 18:03:41: Полное лечение 76561198271873677
27.09.2017 20:04:40: Вызван массовый Airdrop (x10)
27.09.2017 20:04:40: Successfully set airdrop!
27.09.2017 20:04:40: Successfully set airdrop!
27.09.2017 20:04:41: Successfully set airdrop!
27.09.2017 20:04:41: Successfully set airdrop!
27.09.2017 20:04:41: Successfully set airdrop!
27.09.2017 20:04:41: Successfully set airdrop!
27.09.2017 20:04:41: Successfully set airdrop!
27.09.2017 20:04:41: Successfully set airdrop!
27.09.2017 20:04:41: Successfully set airdrop!
27.09.2017 20:04:41: Successfully set airdrop!
27.09.2017 21:04:43: Полное лечение 76561198396844314
27.09.2017 21:04:43: Полное лечение 76561198391993267
27.09.2017 21:04:43: Полное лечение 76561198234370192
27.09.2017 21:04:43: Полное лечение 76561198326443621
28.09.2017 5:00:17: Вызван массовый Airdrop (x10)
28.09.2017 5:00:17: Successfully set airdrop!
28.09.2017 5:00:17: Successfully set airdrop!
28.09.2017 5:00:17: Successfully set airdrop!
28.09.2017 5:00:17: Successfully set airdrop!
28.09.2017 5:00:18: Successfully set airdrop!
28.09.2017 5:00:18: Successfully set airdrop!
28.09.2017 5:00:18: Successfully set airdrop!
28.09.2017 5:00:18: Successfully set airdrop!
28.09.2017 5:00:18: Successfully set airdrop!
28.09.2017 5:00:18: Successfully set airdrop!
28.09.2017 6:00:18: Полное лечение 76561198270969856
28.09.2017 10:00:40: Вызван массовый Airdrop (x10)
28.09.2017 10:00:40: Successfully set airdrop!
28.09.2017 10:00:40: Successfully set airdrop!
28.09.2017 10:00:40: Successfully set airdrop!
28.09.2017 10:00:40: Successfully set airdrop!
28.09.2017 10:00:41: Successfully set airdrop!
28.09.2017 10:00:41: Successfully set airdrop!
28.09.2017 10:00:41: Successfully set airdrop!
28.09.2017 10:00:41: Successfully set airdrop!
28.09.2017 10:00:41: Successfully set airdrop!
28.09.2017 10:00:41: Successfully set airdrop!
28.09.2017 14:03:42: Successfully gave Expert13372284200 41 x200!
28.09.2017 14:04:40: Successfully gave Expert13372284200 490 x1!
28.09.2017 14:05:27: Successfully gave Expert13372284200 133 x2!
28.09.2017 14:08:41: Successfully gave Expert13372284200 17 x2!
28.09.2017 14:09:18: Successfully gave Expert13372284200 116 x1!
28.09.2017 14:11:05: Successfully set time to day!
28.09.2017 14:17:12: Successfully gave Expert13372284200 1382 x1!
28.09.2017 14:19:57: Successfully gave Expert13372284200 1384 x5!
28.09.2017 14:22:42: Successfully gave Expert13372284200 1169 x1!
28.09.2017 14:23:12: Successfully gave Expert13372284200 363 x1!
28.09.2017 14:25:10: Successfully gave Expert13372284200 151 x1!
28.09.2017 14:26:31: Successfully gave Expert13372284200 145 x1!
28.09.2017 14:27:04: Successfully gave Expert13372284200 7 x1!
28.09.2017 14:30:13: Successfully gave Expert13372284200 1451 x1!
28.09.2017 14:35:52: Successfully gave Expert13372284200 379 x10!
28.09.2017 14:39:17: Successfully gave Expert13372284200 1000 x1!
28.09.2017 14:40:53: Successfully gave Expert13372284200 1005 x10!
28.09.2017 14:42:31: Successfully gave Expert13372284200 1194 x1!
28.09.2017 14:42:37: Successfully set time to night!
28.09.2017 14:43:18: Successfully gave Expert13372284200 17 x5!
28.09.2017 14:44:20: Successfully gave vetal_semibr 15 x10!
28.09.2017 14:45:45: Successfully gave Expert13372284200 17 x5!
28.09.2017 14:52:15: Successfully gave Expert13372284200 41 x200!
28.09.2017 14:53:09: Successfully gave Expert13372284200 328 x20!
28.09.2017 14:58:16: Successfully gave Expert13372284200 1168 x1!
28.09.2017 15:00:46: Successfully gave Expert13372284200 1472 x1!
28.09.2017 15:01:48: Вызван массовый Airdrop (x10)
28.09.2017 15:01:48: Полное лечение 76561198145881162
28.09.2017 15:01:48: Полное лечение 76561198366549870
28.09.2017 15:01:48: Полное лечение 76561198412633021
28.09.2017 15:01:48: Successfully set airdrop!
28.09.2017 15:01:48: Successfully set airdrop!
28.09.2017 15:01:48: Successfully set airdrop!
28.09.2017 15:01:48: Successfully set airdrop!
28.09.2017 15:01:48: Successfully set airdrop!
28.09.2017 15:01:48: Successfully set airdrop!
28.09.2017 15:01:48: Successfully set airdrop!
28.09.2017 15:01:49: Successfully set airdrop!
28.09.2017 15:01:49: Successfully set airdrop!
28.09.2017 15:01:49: Successfully set airdrop!
28.09.2017 15:06:29: Successfully gave Expert13372284200 1243 x2!
28.09.2017 15:08:21: Successfully gave Expert13372284200 1473 x1!
28.09.2017 15:08:55: Successfully gave Expert13372284200 1446 x1!
28.09.2017 15:16:30: Successfully gave Expert13372284200 56 x30!
28.09.2017 15:19:23: Successfully gave Expert13372284200 56 x2!
28.09.2017 15:20:26: Successfully gave Expert13372284200 371 x50!
28.09.2017 15:24:57: Successfully gave Expert13372284200 1474 x1!
28.09.2017 15:26:35: Successfully gave Expert13372284200 372 x5!
28.09.2017 15:27:50: Successfully gave Expert13372284200 41 x20!
28.09.2017 15:28:37: Successfully gave Expert13372284200 1298 x5!
28.09.2017 15:29:26: Successfully gave Expert13372284200 490 x1!
28.09.2017 15:30:26: Successfully gave Expert13372284200 1260 x1!
28.09.2017 15:32:58: Successfully set time to day!
28.09.2017 15:33:02: Successfully gave Expert13372284200 454 x3!
28.09.2017 15:34:39: Successfully gave Expert13372284200 446 x1!
28.09.2017 15:35:53: Successfully gave Expert13372284200 1417 x1!
28.09.2017 15:36:33: Successfully gave Expert13372284200 1238 x4!
28.09.2017 15:41:28: Successfully gave Expert13372284200 67!
28.09.2017 15:43:42: Successfully gave Expert13372284200 135!
28.09.2017 15:44:47: Successfully gave Expert13372284200 141!
28.09.2017 15:47:06: Successfully gave Expert13372284200 1230 x1!
28.09.2017 15:48:57: Successfully gave Expert13372284200 459 x20!
28.09.2017 15:49:59: Successfully set time to night!
28.09.2017 15:50:29: Successfully gave Expert13372284200 1509 x3!
28.09.2017 15:52:12: Successfully gave Expert13372284200 2014 x1!
28.09.2017 15:55:08: Successfully gave Expert13372284200 1451 x12!
28.09.2017 15:56:47: Successfully gave Expert13372284200 1440 x5!
28.09.2017 15:59:37: Successfully gave Expert13372284200 1243 x2!
28.09.2017 16:00:49: Successfully gave Expert13372284200 1440 x10!
28.09.2017 16:07:45: Successfully gave Expert13372284200 99 x1!
28.09.2017 16:08:21: Successfully gave Expert13372284200 76 x1!
28.09.2017 16:12:32: Successfully gave Expert13372284200 1017 x1!
28.09.2017 16:13:45: Successfully gave Expert13372284200 166!
28.09.2017 16:15:23: Successfully gave Expert13372284200 1091 x5!
28.09.2017 16:16:01: Successfully gave Expert13372284200 1103 x1!
28.09.2017 16:16:09: Successfully gave Expert13372284200 136!
28.09.2017 16:19:50: Successfully gave Expert13372284200 17 x2!
28.09.2017 16:20:29: Successfully gave Expert13372284200 132 x1!
28.09.2017 16:21:07: Successfully gave Expert13372284200 132 x1!
28.09.2017 16:23:33: Successfully gave Expert13372284200 67 x20!
28.09.2017 16:24:54: Successfully gave Expert13372284200 69 x10!
28.09.2017 16:26:36: Successfully gave Expert13372284200 132 x1!
28.09.2017 16:27:14: Successfully gave Expert13372284200 132 x1!
28.09.2017 16:27:51: Successfully gave Expert13372284200 132 x1!
28.09.2017 16:28:33: Successfully gave Expert13372284200 126 x1!
28.09.2017 16:29:26: Successfully gave Expert13372284200 127 x1!
28.09.2017 16:30:10: Successfully gave Expert13372284200 1394 x1!
28.09.2017 16:33:34: Successfully gave Expert13372284200 1091 x3!
28.09.2017 18:02:23: Полное лечение 76561198177412437
28.09.2017 18:02:23: Полное лечение 76561198421850220
28.09.2017 18:02:23: Полное лечение 76561198414513971
28.09.2017 18:02:23: Полное лечение 76561198170625086
28.09.2017 18:02:23: Полное лечение 76561198173968106
28.09.2017 18:02:23: Полное лечение 76561198253874271
28.09.2017 18:02:23: Полное лечение 76561198308498829
28.09.2017 20:02:30: Вызван массовый Airdrop (x10)
28.09.2017 20:02:30: Successfully set airdrop!
28.09.2017 20:02:30: Successfully set airdrop!
28.09.2017 20:02:30: Successfully set airdrop!
28.09.2017 20:02:30: Successfully set airdrop!
28.09.2017 20:02:30: Successfully set airdrop!
28.09.2017 20:02:30: Successfully set airdrop!
28.09.2017 20:02:31: Successfully set airdrop!
28.09.2017 20:02:31: Successfully set airdrop!
28.09.2017 20:02:31: Successfully set airdrop!
28.09.2017 20:02:31: Successfully set airdrop!
28.09.2017 21:02:44: Полное лечение 76561198164302731
28.09.2017 21:02:44: Полное лечение 76561198291648693
28.09.2017 21:44:41: Successfully set time to day!
29.09.2017 3:06:38: Полное лечение 76561198194267299
29.09.2017 3:06:38: Полное лечение 76561198300547291
29.09.2017 3:06:38: Полное лечение 76561198234370192
29.09.2017 3:06:38: Полное лечение 76561198291648693
29.09.2017 5:06:46: Вызван массовый Airdrop (x10)
29.09.2017 6:07:07: Полное лечение 76561198194267299
29.09.2017 6:07:07: Полное лечение 76561198300547291
29.09.2017 6:07:07: Полное лечение 76561198234370192
29.09.2017 6:07:07: Полное лечение 76561198291648693
29.09.2017 9:07:18: Полное лечение 76561198194267299
29.09.2017 9:07:18: Полное лечение 76561198300547291
29.09.2017 9:07:18: Полное лечение 76561198234370192
29.09.2017 9:07:18: Полное лечение 76561198291648693
29.09.2017 10:07:23: Вызван массовый Airdrop (x10)
29.09.2017 10:07:23: Successfully set airdrop!
29.09.2017 10:07:24: Successfully set airdrop!
29.09.2017 10:07:24: Successfully set airdrop!
29.09.2017 10:07:24: Successfully set airdrop!
29.09.2017 10:07:24: Successfully set airdrop!
29.09.2017 10:07:24: Successfully set airdrop!
29.09.2017 10:07:24: Successfully set airdrop!
29.09.2017 10:07:24: Successfully set airdrop!
29.09.2017 10:07:24: Successfully set airdrop!
29.09.2017 10:07:24: Successfully set airdrop!
29.09.2017 13:14:36: Successfully set time to day!
29.09.2017 13:16:21: Successfully gave Expert13372284200 65!
29.09.2017 13:16:59: Successfully gave Expert13372284200 80 x1!
29.09.2017 13:19:00: Successfully gave Expert13372284200 67!
29.09.2017 13:19:29: Successfully gave 1981betaly 28 x1!
29.09.2017 13:22:02: Successfully gave Expert13372284200 17 x3!
29.09.2017 13:29:17: Successfully gave Expert13372284200 1241 x50!
29.09.2017 13:33:21: Successfully gave Expert13372284200 1353 x2!
29.09.2017 13:33:52: Successfully gave Expert13372284200 76 x1!
29.09.2017 15:08:53: Вызван массовый Airdrop (x10)
29.09.2017 15:08:53: Полное лечение 76561198253874271
29.09.2017 15:08:53: Полное лечение 76561198414513971
29.09.2017 15:08:53: Successfully set airdrop!
29.09.2017 15:08:53: Successfully set airdrop!
29.09.2017 15:08:53: Successfully set airdrop!
29.09.2017 15:08:53: Successfully set airdrop!
29.09.2017 15:08:53: Successfully set airdrop!
29.09.2017 15:08:53: Successfully set airdrop!
29.09.2017 15:08:53: Successfully set airdrop!
29.09.2017 15:08:53: Successfully set airdrop!
29.09.2017 15:08:53: Successfully set airdrop!
29.09.2017 15:08:53: Successfully set airdrop!
29.09.2017 16:22:55: Установлена/убрана пасмурная погода
29.09.2017 16:53:39: Вызван массовый Airdrop (x10)
29.09.2017 16:53:39: Successfully set airdrop!
29.09.2017 16:53:39: Successfully set airdrop!
29.09.2017 16:53:39: Successfully set airdrop!
29.09.2017 16:53:39: Successfully set airdrop!
29.09.2017 16:53:39: Successfully set airdrop!
29.09.2017 16:53:39: Successfully set airdrop!
29.09.2017 16:53:39: Successfully set airdrop!
29.09.2017 16:53:40: Successfully set airdrop!
29.09.2017 16:53:40: Successfully set airdrop!
29.09.2017 16:53:40: Successfully set airdrop!
29.09.2017 18:09:33: Полное лечение 76561198414513971
29.09.2017 18:09:33: Полное лечение 76561198411025863
29.09.2017 18:09:33: Полное лечение 76561198308498829
29.09.2017 18:09:34: Полное лечение 76561198310890097
29.09.2017 20:10:37: Вызван массовый Airdrop (x10)
29.09.2017 20:10:37: Successfully set airdrop!
29.09.2017 20:10:38: Successfully set airdrop!
29.09.2017 20:10:38: Successfully set airdrop!
29.09.2017 20:10:38: Successfully set airdrop!
29.09.2017 20:10:38: Successfully set airdrop!
29.09.2017 20:10:38: Successfully set airdrop!
29.09.2017 20:10:38: Successfully set airdrop!
29.09.2017 20:10:38: Successfully set airdrop!
29.09.2017 20:10:38: Successfully set airdrop!
29.09.2017 20:10:38: Successfully set airdrop!
29.09.2017 21:21:16: Полное лечение 76561198300547291
29.09.2017 21:21:16: Полное лечение 76561198326443621
29.09.2017 21:21:16: Полное лечение 76561198411025863
29.09.2017 21:21:16: Полное лечение 76561198256500506
29.09.2017 21:21:16: Полное лечение 76561198412633021
29.09.2017 21:21:16: Полное лечение 76561198308498829
30.09.2017 4:00:34: Вызван массовый Airdrop (x10)
30.09.2017 4:00:34: Successfully set airdrop!
30.09.2017 4:00:34: Successfully set airdrop!
30.09.2017 4:00:35: Successfully set airdrop!
30.09.2017 4:00:35: Successfully set airdrop!
30.09.2017 4:00:35: Successfully set airdrop!
30.09.2017 4:00:35: Successfully set airdrop!
30.09.2017 4:00:35: Successfully set airdrop!
30.09.2017 4:00:35: Successfully set airdrop!
30.09.2017 4:00:35: Successfully set airdrop!
30.09.2017 4:00:35: Successfully set airdrop!
30.09.2017 8:00:36: Вызван массовый Airdrop (x10)
30.09.2017 8:00:36: Successfully set airdrop!
30.09.2017 8:00:36: Successfully set airdrop!
30.09.2017 8:00:36: Successfully set airdrop!
30.09.2017 8:00:37: Successfully set airdrop!
30.09.2017 8:00:37: Successfully set airdrop!
30.09.2017 8:00:37: Successfully set airdrop!
30.09.2017 8:00:37: Successfully set airdrop!
30.09.2017 8:00:37: Successfully set airdrop!
30.09.2017 8:00:37: Successfully set airdrop!
30.09.2017 8:00:37: Successfully set airdrop!
30.09.2017 11:21:58: Successfully saved the game.
30.09.2017 12:00:42: Вызван массовый Airdrop (x10)
30.09.2017 12:00:42: Successfully set airdrop!
30.09.2017 12:00:42: Successfully set airdrop!
30.09.2017 12:00:42: Successfully set airdrop!
30.09.2017 12:00:42: Successfully set airdrop!
30.09.2017 12:00:43: Successfully set airdrop!
30.09.2017 12:00:43: Successfully set airdrop!
30.09.2017 12:00:43: Successfully set airdrop!
30.09.2017 12:00:43: Successfully set airdrop!
30.09.2017 12:00:43: Successfully set airdrop!
30.09.2017 12:00:43: Successfully set airdrop!
30.09.2017 13:51:41: Successfully gave Expert13372284200 363 x2!
30.09.2017 13:52:26: Successfully gave Expert13372284200 147 x1!
30.09.2017 14:03:04: Successfully gave Expert13372284200 67!
30.09.2017 14:04:06: Successfully gave Expert13372284200 54 x40!
30.09.2017 14:04:54: Successfully gave Expert13372284200 490 x1!
30.09.2017 14:10:39: Successfully gave Expert13372284200 372 x35!
30.09.2017 14:14:07: Successfully gave Expert13372284200 1389 x1!
30.09.2017 14:18:39: Successfully gave Expert13372284200 454 x1!
30.09.2017 14:21:13: Successfully set time to day!
30.09.2017 14:21:34: Successfully gave Expert13372284200 17 x3!
30.09.2017 14:28:15: Successfully gave Expert13372284200 297 x1!
30.09.2017 14:29:25: Successfully gave Expert13372284200 298 x8!
30.09.2017 14:30:29: Successfully gave Expert13372284200 298 x5!
30.09.2017 14:33:35: Successfully gave Expert13372284200 237 x1!
30.09.2017 14:34:26: Successfully gave Expert13372284200 1270 x1!
30.09.2017 14:37:31: Successfully gave Expert13372284200 1441 x5!
30.09.2017 14:39:10: Successfully gave Expert13372284200 2020 x1!
30.09.2017 14:40:13: Successfully gave Expert13372284200 276 x1!
30.09.2017 14:40:52: Successfully gave Expert13372284200 2014 x1!
30.09.2017 14:41:25: Successfully gave Expert13372284200 2015 x1!
30.09.2017 14:42:59: Successfully gave Expert13372284200 1209 x35!
30.09.2017 14:43:43: Successfully gave Expert13372284200 346 x1!
30.09.2017 14:48:58: Successfully gave Expert13372284200 1298 x35!
30.09.2017 14:50:41: Successfully set time to night!
30.09.2017 14:53:35: Successfully gave Expert13372284200 56 x40!
30.09.2017 14:54:23: Successfully gave Expert13372284200 54 x1!
30.09.2017 14:58:54: Successfully gave Expert13372284200 56 x4!
30.09.2017 15:00:14: Successfully gave Expert13372284200 52!
30.09.2017 15:03:44: Successfully gave Expert13372284200 67!
30.09.2017 15:13:35: Successfully gave Expert13372284200 809!
30.09.2017 15:15:45: Successfully gave Expert13372284200 116 x1!
30.09.2017 15:17:56: Successfully gave Expert13372284200 28 x15!
30.09.2017 15:21:17: Successfully gave Expert13372284200 28 x4!
30.09.2017 15:21:39: Successfully set airdrop!
30.09.2017 15:21:43: Successfully set airdrop!
30.09.2017 15:21:45: Successfully set airdrop!
30.09.2017 15:21:48: Successfully set airdrop!
30.09.2017 15:21:50: Successfully set airdrop!
30.09.2017 15:21:53: Successfully set airdrop!
30.09.2017 15:21:56: Successfully set airdrop!
30.09.2017 15:22:00: Successfully set airdrop!
30.09.2017 15:22:02: Successfully set airdrop!
30.09.2017 15:22:05: Successfully set airdrop!
30.09.2017 15:22:08: Successfully set airdrop!
30.09.2017 15:22:15: Successfully set airdrop!
30.09.2017 15:22:17: Successfully set airdrop!
30.09.2017 15:22:18: Successfully set airdrop!
30.09.2017 15:22:20: Successfully set airdrop!
30.09.2017 15:22:23: Successfully set airdrop!
30.09.2017 15:22:25: Successfully set airdrop!
30.09.2017 15:22:27: Successfully set airdrop!
30.09.2017 15:22:29: Successfully set airdrop!
30.09.2017 15:22:34: Successfully set airdrop!
30.09.2017 15:22:34: Successfully set airdrop!
30.09.2017 15:22:35: Successfully set airdrop!
30.09.2017 15:22:37: Successfully set airdrop!
30.09.2017 15:22:39: Successfully set airdrop!
30.09.2017 15:22:41: Successfully set airdrop!
30.09.2017 15:22:44: Successfully set airdrop!
30.09.2017 15:22:47: Successfully set airdrop!
30.09.2017 15:22:51: Successfully set airdrop!
30.09.2017 15:22:56: Successfully set airdrop!
30.09.2017 15:22:58: Successfully set airdrop!
30.09.2017 15:23:02: Successfully set airdrop!
30.09.2017 15:24:41: Successfully saved the game.
30.09.2017 15:24:46: Successfully set airdrop!
30.09.2017 15:24:48: Successfully set airdrop!
30.09.2017 15:24:50: Successfully set airdrop!
30.09.2017 15:24:51: Successfully set airdrop!
30.09.2017 15:24:53: Successfully set airdrop!
30.09.2017 15:24:55: Successfully set airdrop!
30.09.2017 15:24:57: Successfully set airdrop!
30.09.2017 15:24:58: Successfully set airdrop!
30.09.2017 15:25:00: Successfully set airdrop!
30.09.2017 15:25:02: Successfully set airdrop!
30.09.2017 15:25:04: Successfully set airdrop!
30.09.2017 15:25:05: Successfully set airdrop!
30.09.2017 15:25:55: Successfully gave Expert13372284200 807!
30.09.2017 15:27:10: Successfully gave Expert13372284200 379 x8!
30.09.2017 15:35:27: Successfully gave Expert13372284200 1389 x1!
30.09.2017 15:36:03: Successfully gave Expert13372284200 151 x1!
30.09.2017 15:40:44: Successfully gave Expert13372284200 41 x50!
30.09.2017 15:41:37: Successfully gave Expert13372284200 328 x4!
30.09.2017 15:43:30: Successfully set time to day!
30.09.2017 15:45:17: Successfully gave Expert13372284200 1002 x1!
30.09.2017 15:49:55: Successfully gave Expert13372284200 287 x1!
30.09.2017 15:50:40: Successfully gave Expert13372284200 1281 x5!
30.09.2017 15:54:46: Successfully gave Expert13372284200 393 x10!
30.09.2017 15:55:24: Successfully gave Expert13372284200 1271 x1!
30.09.2017 15:56:01: Successfully gave Expert13372284200 390 x5!
30.09.2017 15:58:17: Successfully gave Expert13372284200 1129 x4!
30.09.2017 16:01:20: Вызван массовый Airdrop (x10)
30.09.2017 16:01:20: Successfully set airdrop!
30.09.2017 16:01:20: Successfully set airdrop!
30.09.2017 16:01:20: Successfully set airdrop!
30.09.2017 16:01:20: Successfully set airdrop!
30.09.2017 16:01:20: Successfully set airdrop!
30.09.2017 16:01:21: Successfully set airdrop!
30.09.2017 16:01:21: Successfully set airdrop!
30.09.2017 16:01:21: Successfully set airdrop!
30.09.2017 16:01:21: Successfully set airdrop!
30.09.2017 16:01:21: Successfully set airdrop!
30.09.2017 16:01:33: Successfully gave Expert13372284200 67 x3!
30.09.2017 16:04:51: Successfully gave Expert13372284200 67!
30.09.2017 16:10:26: Successfully gave Expert13372284200 1017 x1!
30.09.2017 16:10:58: Successfully gave Expert13372284200 1281 x10!
30.09.2017 16:11:47: Successfully gave Expert13372284200 1508 x3!
30.09.2017 16:12:47: Successfully gave Expert13372284200 1509 x2!
30.09.2017 16:13:41: Successfully gave Expert13372284200 237 x1!
30.09.2017 16:14:36: Successfully gave Expert13372284200 1219 x2!
30.09.2017 16:15:47: Successfully gave Expert13372284200 238 x1!
30.09.2017 16:16:26: Successfully gave Expert13372284200 1255 x6!
30.09.2017 16:16:47: Successfully set time to night!
30.09.2017 16:17:17: Successfully gave Expert13372284200 235 x1!
30.09.2017 20:01:42: Вызван массовый Airdrop (x10)
30.09.2017 20:01:42: Successfully set airdrop!
30.09.2017 20:01:42: Successfully set airdrop!
30.09.2017 20:01:42: Successfully set airdrop!
30.09.2017 20:01:42: Successfully set airdrop!
30.09.2017 20:01:42: Successfully set airdrop!
30.09.2017 20:01:42: Successfully set airdrop!
30.09.2017 20:01:43: Successfully set airdrop!
30.09.2017 20:01:43: Successfully set airdrop!
30.09.2017 20:01:43: Successfully set airdrop!
30.09.2017 20:01:43: Successfully set airdrop!
01.10.2017 5:00:19: Вызван массовый Airdrop (x10)
01.10.2017 5:00:19: Successfully set airdrop!
01.10.2017 5:00:19: Successfully set airdrop!
01.10.2017 5:00:19: Successfully set airdrop!
01.10.2017 5:00:19: Successfully set airdrop!
01.10.2017 5:00:19: Successfully set airdrop!
01.10.2017 5:00:19: Successfully set airdrop!
01.10.2017 5:00:19: Successfully set airdrop!
01.10.2017 5:00:19: Successfully set airdrop!
01.10.2017 5:00:20: Successfully set airdrop!
01.10.2017 5:00:20: Successfully set airdrop!
01.10.2017 9:00:39: Полное лечение 76561198416815434
01.10.2017 9:00:39: Полное лечение 76561198407542504
01.10.2017 10:00:39: Вызван массовый Airdrop (x10)
01.10.2017 10:00:39: Successfully set airdrop!
01.10.2017 10:00:39: Successfully set airdrop!
01.10.2017 10:00:39: Successfully set airdrop!
01.10.2017 10:00:39: Successfully set airdrop!
01.10.2017 10:00:39: Successfully set airdrop!
01.10.2017 10:00:39: Successfully set airdrop!
01.10.2017 10:00:39: Successfully set airdrop!
01.10.2017 10:00:39: Successfully set airdrop!
01.10.2017 10:00:39: Successfully set airdrop!
01.10.2017 10:00:40: Successfully set airdrop!
01.10.2017 11:54:47: Successfully saved the game.
01.10.2017 12:00:58: Полное лечение 76561198253874271
01.10.2017 12:00:58: Полное лечение 76561198327042605
01.10.2017 13:15:07: Successfully gave Mr.Shnobel 41 x50!
01.10.2017 13:16:53: Successfully gave Expert13372284200 363 x1!
01.10.2017 13:21:47: Successfully gave Expert13372284200 253 x1!
01.10.2017 13:22:29: Successfully set time to day!
01.10.2017 13:26:20: Successfully gave Expert13372284200 1006 x2!
01.10.2017 13:33:20: Successfully gave Expert13372284200 381 x3!
01.10.2017 13:34:02: Successfully gave Expert13372284200 113 x5!
