Не обработано: RocketRcon v2.4.8.0
RocketRcon v2.4.8.0

Client has executed command "players"

TimerTerminateCommand.Enabled with Players:
Players:
PlayerID: 76561198366549870 Name: Expert13372284200 Character: Expert1337 Ping: 132
PlayerID: 76561198280617288 Name: Незнаю какой придумать Character: Пипр Ping: 85
PlayerID: 76561198253525803 Name: [MEMES]Кристя)) Character: [MEMES]Кристя)) Ping: 31
PlayerID: 76561198341672556 Name: st.vladir Character: st.vladir Ping: 140
PlayerID: 76561198157563744 Name: Jason Voorhees Character: Jason Voorhees Ping: 70
PlayerID: 76561198203080154 Name: -_- Character: hero Ping: 85
PlayerID: 76561198056237987 Name: Calibrovshik Character: Calibrovshik Ping: 93
PlayerID: 76561198200101595 Name: Deus vult Character: Nevalyasha4 Ping: 117
PlayerID: 76561198119414469 Name: Postman Pat Character: Postman Pat Ping: 85
PlayerID: 76561198391626023 Name: roman.sagitov.2017 Character: Roma Sagitow Ping: 46
PlayerID: 76561198295801599 Name: Lo[x] Character: Lo[x] Ping: 62
PlayerID: 76561198371041527 Name: ¦_s1mple_¦ Character: miguelhormat Ping: 31
PlayerID: 76561198176817369 Name: ?. Character: GlodiS Ping: 78
PlayerID: 76561198388679451 Name: jarobmw Character: inferno king Ping: 132
PlayerID: 76561198263636845 Name: matic Character: matic Ping: 85
PlayerID: 76561198339493373 Name: Good_4el Character: LORD Ping: 62
PlayerID: 76561198349787658 Name: VIKTORIA_201577 Character: VIKTORIA Ping: 132

END with Players:
TimerTerminateCommand.Enabled with Bans:
Client has executed command "bans"
Bans:
PlayerID: 123123
JudgeID: 0
Reason: unspecified Duration: 31536000 Remaining: 31371369
PlayerID: 123
JudgeID: 0
Reason: durila Duration: 4000 Remaining: 4294807163

TimerTerminateCommand.Enabled with Bans:
PlayerID: 76561198274427357

TimerTerminateCommand.Enabled with Bans:
JudgeID: 0
Reason: you were vote kicked Duration: 180 Remaining: 4294835536

END with Bans:
Client has executed command "1"

Не обработано: MessageAnnouncer >> Broadcast: vk.com/unturned_hgm - цены на премиум, VIP и другие услуги смотрите в группе!
MessageAnnouncer >> Broadcast: vk.com/unturned_hgm - цены на премиум, VIP и другие услуги смотрите в группе!

Не обработано: MessageAnnouncer >> vk.com/unturned_hgm - цены на премиум, VIP и другие услуги смотрите в группе!
MessageAnnouncer >> vk.com/unturned_hgm - цены на премиум, VIP и другие услуги смотрите в группе!

[Area] Nevalyasha4 [Deus vult]: "У меня есть сталкер"

[Area] Nevalyasha4 [Deus vult]: "и 8 патрон на него"

Client has executed command "222"

[Area] Nevalyasha4 [Deus vult]: "было 11"

Client has executed command "players"

TimerTerminateCommand.Enabled with Players:
Players:
PlayerID: 76561198366549870 Name: Expert13372284200 Character: Expert1337 Ping: 132
PlayerID: 76561198280617288 Name: Незнаю какой придумать Character: Пипр Ping: 46
PlayerID: 76561198253525803 Name: [MEMES]Кристя)) Character: [MEMES]Кристя)) Ping: 15
PlayerID: 76561198341672556 Name: st.vladir Character: st.vladir Ping: 132
PlayerID: 76561198157563744 Name: Jason Voorhees Character: Jason Voorhees Ping: 54
PlayerID: 76561198203080154 Name: -_- Character: hero Ping: 70
PlayerID: 76561198056237987 Name: Calibrovshik Character: Calibrovshik Ping: 93
PlayerID: 76561198200101595 Name: Deus vult Character: Nevalyasha4 Ping: 101
PlayerID: 76561198119414469 Name: Postman Pat Character: Postman Pat Ping: 109
PlayerID: 76561198391626023 Name: roman.sagitov.2017 Character: Roma Sagitow Ping: 39
PlayerID: 76561198295801599 Name: Lo[x] Character: Lo[x] Ping: 31
PlayerID: 76561198371041527 Name: ¦_s1mple_¦ Character: miguelhormat Ping: 31
PlayerID: 76561198176817369 Name: ?. Character: GlodiS Ping: 46
PlayerID: 76561198388679451 Name: jarobmw Character: inferno king Ping: 117
PlayerID: 76561198263636845 Name: matic Character: matic Ping: 70
PlayerID: 76561198339493373 Name: Good_4el Character: LORD Ping: 62
PlayerID: 76561198349787658 Name: VIKTORIA_201577 Character: VIKTORIA Ping: 203

END with Players:
