Не обработано: RocketRcon v2.4.8.0
RocketRcon v2.4.8.0

Client has executed command "players"

TimerTerminateCommand.Enabled with Players:
Players:
PlayerID: 76561198278360341 Name: AcademeG Character: AcademeG Ping: 62
PlayerID: 76561198123840535 Name: ?????? Character: top Ping: 85
PlayerID: 76561198268161521 Name: DOMIK Character: Listiger_wolf2 Ping: 39
PlayerID: 76561198341997660 Name: Dimacvit1996 Character: Dimacvit1996 Ping: 62
PlayerID: 76561198281003177 Name: PRO100VLAD Character: PRO100VLAD_Super Ping: 171
PlayerID: 76561198390615121 Name: vadim.tulkin Character: vadim.tulkin Ping: 62
PlayerID: 76561198152466685 Name: Blaster006 Character: Blaster006 Ping: 46
PlayerID: 76561198196406213 Name: SATANA Character: SATANA Ping: 140
PlayerID: 76561198169603091 Name: StaceArgent Character: ALLOTROPY Ping: 93

TimerTerminateCommand.Enabled with Players:
[World] AcademeG [AcademeG]: "Листигер"

TimerTerminateCommand.Enabled with Players:
Disconnecting: PlayerID: 76561198341997660 Name: Dimacvit1996 Character: Dimacvit1996

END with Players:
[World] AcademeG [AcademeG]: "Кто такой Вадим?"

Client has executed command "bans"

TimerTerminateCommand.Enabled with Bans:
Bans:
PlayerID: 76561198274427357
JudgeID: 0
Reason: you were vote kicked Duration: 180 Remaining: 4294120843

END with Bans:
[World] vadim.tulkin [vadim.tulkin]: "ктото"

Client has executed command "say "NAROD OBNOVA" 255 0 0"

Client has executed command "players"

TimerTerminateCommand.Enabled with Players:
Players:
PlayerID: 76561198278360341 Name: AcademeG Character: AcademeG Ping: 70
PlayerID: 76561198123840535 Name: ?????? Character: top Ping: 78
PlayerID: 76561198268161521 Name: DOMIK Character: Listiger_wolf2 Ping: 39
PlayerID: 76561198281003177 Name: PRO100VLAD Character: PRO100VLAD_Super Ping: 39
PlayerID: 76561198390615121 Name: vadim.tulkin Character: vadim.tulkin Ping: 62
PlayerID: 76561198152466685 Name: Blaster006 Character: Blaster006 Ping: 54
PlayerID: 76561198196406213 Name: SATANA Character: SATANA Ping: 132
PlayerID: 76561198169603091 Name: StaceArgent Character: ALLOTROPY Ping: 101

TimerTerminateCommand.Enabled with Players:
Client has executed command "say "!!!" 255 0 0"

END with Players:
Client has executed command "bans"

TimerTerminateCommand.Enabled with Bans:
Bans:
PlayerID: 76561198274427357
JudgeID: 0
Reason: you were vote kicked Duration: 180 Remaining: 4294120829

TimerTerminateCommand.Enabled with Bans:
[World] AcademeG [AcademeG]: "Скоро ли утро?)"

TimerTerminateCommand.Enabled with Bans:
[World] Listiger_wolf2 [DOMIK]: "vadim.tulkin"

TimerTerminateCommand.Enabled with Bans:
[World] Blaster006 [Blaster006]: "Какая?"

TimerTerminateCommand.Enabled with Bans:
[World] ALLOTROPY [StaceArgent]: "оййй бля"

END with Bans:
[World] AcademeG [AcademeG]: "Что делать?"

[World] AcademeG [AcademeG]: "Что делать когда обнова?"

Client has executed command "players"

TimerTerminateCommand.Enabled with Players:
Players:
PlayerID: 76561198278360341 Name: AcademeG Character: AcademeG Ping: 70
PlayerID: 76561198123840535 Name: ?????? Character: top Ping: 171
PlayerID: 76561198268161521 Name: DOMIK Character: Listiger_wolf2 Ping: 39
PlayerID: 76561198281003177 Name: PRO100VLAD Character: PRO100VLAD_Super Ping: 54
PlayerID: 76561198390615121 Name: vadim.tulkin Character: vadim.tulkin Ping: 62
PlayerID: 76561198152466685 Name: Blaster006 Character: Blaster006 Ping: 62
PlayerID: 76561198196406213 Name: SATANA Character: SATANA Ping: 101
PlayerID: 76561198169603091 Name: StaceArgent Character: ALLOTROPY Ping: 93

TimerTerminateCommand.Enabled with Players:
Client has executed command "say "Vyyti iz igry. Cherez 5 min zayti snova" 255 0 0"

TimerTerminateCommand.Enabled with Players:
[World] AcademeG [AcademeG]: "Ща кикнет?"

END with Players:
Client has executed command "bans"

TimerTerminateCommand.Enabled with Bans:
Bans:
PlayerID: 76561198274427357
JudgeID: 0
Reason: you were vote kicked Duration: 180 Remaining: 4294120807

END with Bans:
[World] Listiger_wolf2 [DOMIK]: "ОДМЕН"

Connecting: PlayerID: 76561198380170548 Name: DRE:RE Character: DRE:RE

[World] AcademeG [AcademeG]: "Без Вайпа"

Client has executed command "say "Da" 255 0 0"

[World] AcademeG [AcademeG]: "Мм"

[World] SATANA [SATANA]: "ещёёёёё"

[World] AcademeG [AcademeG]: "Чмок"

[World] Listiger_wolf2 [DOMIK]: "ОДМЕН"

Client has executed command "players"

TimerTerminateCommand.Enabled with Players:
Players:
PlayerID: 76561198278360341 Name: AcademeG Character: AcademeG Ping: 54
PlayerID: 76561198123840535 Name: ?????? Character: top Ping: 164
PlayerID: 76561198268161521 Name: DOMIK Character: Listiger_wolf2 Ping: 46
PlayerID: 76561198281003177 Name: PRO100VLAD Character: PRO100VLAD_Super Ping: 54
PlayerID: 76561198390615121 Name: vadim.tulkin Character: vadim.tulkin Ping: 101
PlayerID: 76561198152466685 Name: Blaster006 Character: Blaster006 Ping: 46
PlayerID: 76561198196406213 Name: SATANA Character: SATANA Ping: 132
PlayerID: 76561198169603091 Name: StaceArgent Character: ALLOTROPY Ping: 93
PlayerID: 76561198380170548 Name: DRE:RE Character: DRE:RE Ping: 531

TimerTerminateCommand.Enabled with Players:
[World] AcademeG [AcademeG]: "xD"

TimerTerminateCommand.Enabled with Players:
Client has executed command "say "Esli budet novaya karta, to chut' zaderzhu" 255 0 0"

TimerTerminateCommand.Enabled with Players:
[World] Listiger_wolf2 [DOMIK]: "ДАЙ ПРОТИВОГАЗ ПЖЛСТ"

END with Players:
Client has executed command "bans"

TimerTerminateCommand.Enabled with Bans:
Bans:
PlayerID: 76561198274427357
JudgeID: 0
Reason: you were vote kicked Duration: 180 Remaining: 4294120785

TimerTerminateCommand.Enabled with Bans:
[World] SATANA [SATANA]: "костная мука тут есть?"

TimerTerminateCommand.Enabled with Bans:
Client has executed command "say "Budu shmotki perenosit'" 255 0 0"

END with Bans:
[World] ALLOTROPY [StaceArgent]: "пхах"

Client has executed command "players"

TimerTerminateCommand.Enabled with Players:
Players:
PlayerID: 76561198278360341 Name: AcademeG Character: AcademeG Ping: 62
PlayerID: 76561198123840535 Name: ?????? Character: top Ping: 78
PlayerID: 76561198268161521 Name: DOMIK Character: Listiger_wolf2 Ping: 54
PlayerID: 76561198281003177 Name: PRO100VLAD Character: PRO100VLAD_Super Ping: 54
PlayerID: 76561198390615121 Name: vadim.tulkin Character: vadim.tulkin Ping: 62
PlayerID: 76561198152466685 Name: Blaster006 Character: Blaster006 Ping: 54
PlayerID: 76561198196406213 Name: SATANA Character: SATANA Ping: 125
PlayerID: 76561198169603091 Name: StaceArgent Character: ALLOTROPY Ping: 93
PlayerID: 76561198380170548 Name: DRE:RE Character: DRE:RE Ping: 328

TimerTerminateCommand.Enabled with Players:
[World] AcademeG [AcademeG]: "/me Сказал, ЭЭ"

TimerTerminateCommand.Enabled with Players:
[World] Listiger_wolf2 [DOMIK]: "ADMIN DAY PROTIVOGAZ"

END with Players:
Client has executed command "bans"

TimerTerminateCommand.Enabled with Bans:
Bans:
PlayerID: 76561198274427357
JudgeID: 0
Reason: you were vote kicked Duration: 180 Remaining: 4294120766

TimerTerminateCommand.Enabled with Bans:
[World] AcademeG [AcademeG]: "Эээ"

END with Bans:
[World] AcademeG [AcademeG]: "Нинада новой карты"

Client has executed command "say "Vykhodim VSE!!!" 255 0 0"

[World] Listiger_wolf2 [DOMIK]: "POJALUYSTA"

[World] Listiger_wolf2 [DOMIK]: "ок"

Client has executed command "players"

TimerTerminateCommand.Enabled with Players:
Players:
PlayerID: 76561198278360341 Name: AcademeG Character: AcademeG Ping: 54
PlayerID: 76561198123840535 Name: ?????? Character: top Ping: 117
PlayerID: 76561198268161521 Name: DOMIK Character: Listiger_wolf2 Ping: 54
PlayerID: 76561198281003177 Name: PRO100VLAD Character: PRO100VLAD_Super Ping: 70
PlayerID: 76561198390615121 Name: vadim.tulkin Character: vadim.tulkin Ping: 62
PlayerID: 76561198152466685 Name: Blaster006 Character: Blaster006 Ping: 39
PlayerID: 76561198196406213 Name: SATANA Character: SATANA Ping: 132
PlayerID: 76561198169603091 Name: StaceArgent Character: ALLOTROPY Ping: 85
PlayerID: 76561198380170548 Name: DRE:RE Character: DRE:RE Ping: 265

Излечен 76561198278360341
Излечен 76561198123840535
Излечен 76561198268161521
Излечен 76561198281003177
Излечен 76561198390615121
Излечен 76561198152466685
Излечен 76561198196406213
Излечен 76561198169603091
Излечен 76561198380170548
Не обработано: AcademeG был исцелён
TimerTerminateCommand.Enabled with Players:
Client has executed command "heal 76561198278360341"
AcademeG был исцелён

TimerTerminateCommand.Enabled with Players:
Client has executed command "heal 76561198123840535"

Не обработано: top был исцелён
TimerTerminateCommand.Enabled with Players:
top был исцелён

TimerTerminateCommand.Enabled with Players:
Client has executed command "heal 76561198268161521"

Не обработано: Listiger_wolf2 был исцелён
TimerTerminateCommand.Enabled with Players:
Listiger_wolf2 был исцелён

TimerTerminateCommand.Enabled with Players:
Client has executed command "heal 76561198281003177"

Не обработано: PRO100VLAD_Super был исцелён
TimerTerminateCommand.Enabled with Players:
PRO100VLAD_Super был исцелён

TimerTerminateCommand.Enabled with Players:
Client has executed command "heal 76561198390615121"

Не обработано: vadim.tulkin был исцелён
TimerTerminateCommand.Enabled with Players:
vadim.tulkin был исцелён

Не обработано: Blaster006 был исцелён
TimerTerminateCommand.Enabled with Players:
Client has executed command "heal 76561198152466685"
Blaster006 был исцелён

TimerTerminateCommand.Enabled with Players:
Client has executed command "heal 76561198196406213"

Не обработано: SATANA был исцелён
TimerTerminateCommand.Enabled with Players:
SATANA был исцелён

Не обработано: ALLOTROPY был исцелён
TimerTerminateCommand.Enabled with Players:
Client has executed command "heal 76561198169603091"
ALLOTROPY был исцелён

TimerTerminateCommand.Enabled with Players:
Client has executed command "heal 76561198380170548"

Не обработано: DRE:RE был исцелён
TimerTerminateCommand.Enabled with Players:
DRE:RE был исцелён

END with Players:
Client has executed command "bans"

TimerTerminateCommand.Enabled with Bans:
Bans:
PlayerID: 76561198274427357
JudgeID: 0
Reason: you were vote kicked Duration: 180 Remaining: 4294120747

END with Bans:
Client has executed command "save"

Successfully saved the game.

Disconnecting: PlayerID: 76561198268161521 Name: DOMIK Character: Listiger_wolf2

Не обработано: MessageAnnouncer >> Broadcast: Добро пожаловать на HEMULGM.RU. Тут рады вам больше, чем на любом другом сервере!
MessageAnnouncer >> Broadcast: Добро пожаловать на HEMULGM.RU. Тут рады вам больше, чем на любом другом сервере!

Не обработано: MessageAnnouncer >> Добро пожаловать на HEMULGM.RU. Тут рады вам больше, чем на любом другом сервере!
MessageAnnouncer >> Добро пожаловать на HEMULGM.RU. Тут рады вам больше, чем на любом другом сервере!

[World] AcademeG [AcademeG]: "Я тут только что дом построил"

Не обработано: DeathMessagesRemastered >> Broadcast: ALLOTROPY was killed by fire!
DeathMessagesRemastered >> Broadcast: ALLOTROPY was killed by fire!

Не обработано: ALLOTROPY [StaceArgent] burned to death!
ALLOTROPY [StaceArgent] burned to death!

Client has executed command "players"

TimerTerminateCommand.Enabled with Players:
Players:
PlayerID: 76561198278360341 Name: AcademeG Character: AcademeG Ping: 62
PlayerID: 76561198123840535 Name: ?????? Character: top Ping: 132
PlayerID: 76561198281003177 Name: PRO100VLAD Character: PRO100VLAD_Super Ping: 70
PlayerID: 76561198390615121 Name: vadim.tulkin Character: vadim.tulkin Ping: 62
PlayerID: 76561198152466685 Name: Blaster006 Character: Blaster006 Ping: 46
PlayerID: 76561198196406213 Name: SATANA Character: SATANA Ping: 140
PlayerID: 76561198169603091 Name: StaceArgent Character: ALLOTROPY Ping: 296
PlayerID: 76561198380170548 Name: DRE:RE Character: DRE:RE Ping: 226

TimerTerminateCommand.Enabled with Players:
[World] AcademeG [AcademeG]: "Нинада новой карты!"

END with Players:
Client has executed command "bans"

TimerTerminateCommand.Enabled with Bans:
Bans:
PlayerID: 76561198274427357
JudgeID: 0
Reason: you were vote kicked Duration: 180 Remaining: 4294120727

END with Bans:
[World] AcademeG [AcademeG]: "У меня еще и КАР есть"

Client has executed command "players"

TimerTerminateCommand.Enabled with Players:
Players:
PlayerID: 76561198278360341 Name: AcademeG Character: AcademeG Ping: 85
PlayerID: 76561198123840535 Name: ?????? Character: top Ping: 117
PlayerID: 76561198281003177 Name: PRO100VLAD Character: PRO100VLAD_Super Ping: 54
PlayerID: 76561198390615121 Name: vadim.tulkin Character: vadim.tulkin Ping: 62
PlayerID: 76561198152466685 Name: Blaster006 Character: Blaster006 Ping: 54
PlayerID: 76561198196406213 Name: SATANA Character: SATANA Ping: 132
PlayerID: 76561198169603091 Name: StaceArgent Character: ALLOTROPY Ping: 93
PlayerID: 76561198380170548 Name: DRE:RE Character: DRE:RE Ping: 179

END with Players:
Client has executed command "bans"

TimerTerminateCommand.Enabled with Bans:
Bans:
PlayerID: 76561198274427357
JudgeID: 0
Reason: you were vote kicked Duration: 180 Remaining: 4294120709

END with Bans:
Successfully saved the game.

[World] AcademeG [AcademeG]: "Одмен"

TimerTerminateCommand.Enabled with Players:
Players:

TimerTerminateCommand.Enabled with Players:
PlayerID: 76561198278360341 Name: AcademeG Character: AcademeG Ping: 101
PlayerID: 76561198123840535 Name: ?????? Character: top Ping: 117
PlayerID: 76561198281003177 Name: PRO100VLAD Character: PRO100VLAD_Super Ping: 54
PlayerID: 76561198390615121 Name: vadim.tulkin Character: vadim.tulkin Ping: 62
PlayerID: 76561198152466685 Name: Blaster006 Character: Blaster006 Ping: 62
PlayerID: 76561198196406213 Name: SATANA Character: SATANA Ping: 148
PlayerID: 76561198169603091 Name: StaceArgent Character: ALLOTROPY Ping: 101
PlayerID: 76561198380170548 Name: DRE:RE Character: DRE:RE Ping: 203

TimerTerminateCommand.Enabled with Players:
[World] AcademeG [AcademeG]: "Если шо"

TimerTerminateCommand.Enabled with Players:
Successfully saved the game.

TimerTerminateCommand.Enabled with Players:
Client has executed command "players"

END with Players:
TimerTerminateCommand.Enabled with Players:
Players:
PlayerID: 76561198278360341 Name: AcademeG Character: AcademeG Ping: 78
PlayerID: 76561198123840535 Name: ?????? Character: top Ping: 125
PlayerID: 76561198281003177 Name: PRO100VLAD Character: PRO100VLAD_Super Ping: 101
PlayerID: 76561198390615121 Name: vadim.tulkin Character: vadim.tulkin Ping: 62
PlayerID: 76561198152466685 Name: Blaster006 Character: Blaster006 Ping: 54
PlayerID: 76561198196406213 Name: SATANA Character: SATANA Ping: 117
PlayerID: 76561198169603091 Name: StaceArgent Character: ALLOTROPY Ping: 101
PlayerID: 76561198380170548 Name: DRE:RE Character: DRE:RE Ping: 195

TimerTerminateCommand.Enabled with Players:
Client has executed command "bans"

END with Players:
TimerTerminateCommand.Enabled with Bans:
Bans:
PlayerID: 76561198274427357
JudgeID: 0
Reason: you were vote kicked Duration: 180 Remaining: 4294120691

TimerTerminateCommand.Enabled with Bans:
Client has executed command "bans"

END with Bans:
TimerTerminateCommand.Enabled with Bans:
Bans:
PlayerID: 76561198274427357
JudgeID: 0
Reason: you were vote kicked Duration: 180 Remaining: 4294120691

TimerTerminateCommand.Enabled with Bans:
Successfully saved the game.

END with Bans:
Disconnecting: PlayerID: 76561198390615121 Name: vadim.tulkin Character: vadim.tulkin

[World] AcademeG [AcademeG]: "..."

[World] ALLOTROPY [StaceArgent]: "/tpa SATANA"

Client has executed command "players"

TimerTerminateCommand.Enabled with Players:
Players:
PlayerID: 76561198278360341 Name: AcademeG Character: AcademeG Ping: 70
PlayerID: 76561198123840535 Name: ?????? Character: top Ping: 132
PlayerID: 76561198281003177 Name: PRO100VLAD Character: PRO100VLAD_Super Ping: 46
PlayerID: 76561198152466685 Name: Blaster006 Character: Blaster006 Ping: 46
PlayerID: 76561198196406213 Name: SATANA Character: SATANA Ping: 101
PlayerID: 76561198169603091 Name: StaceArgent Character: ALLOTROPY Ping: 93
PlayerID: 76561198380170548 Name: DRE:RE Character: DRE:RE Ping: 218

END with Players:
Client has executed command "bans"

TimerTerminateCommand.Enabled with Bans:
Bans:
PlayerID: 76561198274427357
JudgeID: 0
Reason: you were vote kicked Duration: 180 Remaining: 4294120669

TimerTerminateCommand.Enabled with Bans:
Disconnecting: PlayerID: 76561198278360341 Name: AcademeG Character: AcademeG

TimerTerminateCommand.Enabled with Bans:
Successfully saved the game.

END with Bans:
Successfully saved the game.

Successfully saved the game.

Не обработано: 
Не обработано: [unloading] VehicleEvents

[unloading] VehicleEvents
Не обработано: RocketRcon v2.4.8.0
RocketRcon v2.4.8.0

Client has executed command "players"

Failed to find any players.

Client has executed command "players"

Failed to find any players.

Connecting: PlayerID: 76561198329269141 Name: Iliyas Character: Iliyas

Client has executed command "players"

TimerTerminateCommand.Enabled with Players:
Players:
PlayerID: 76561198329269141 Name: Iliyas Character: Iliyas Ping: 420

END with Players:
Client has executed command "bans"

TimerTerminateCommand.Enabled with Bans:
Bans:
PlayerID: 76561198274427357
JudgeID: 0
Reason: you were vote kicked Duration: 180 Remaining: 4294120447

END with Bans:
Disconnecting: PlayerID: 76561198329269141 Name: Iliyas Character: Iliyas

Client has executed command "players"

Failed to find any players.

Client has executed command "players"

Failed to find any players.

Client has executed command "players"

Failed to find any players.

Не обработано: MessageAnnouncer >> Broadcast: Наберите /kit start, чтобы получить стартовый набор (еда, вода, топор)
MessageAnnouncer >> Broadcast: Наберите /kit start, чтобы получить стартовый набор (еда, вода, топор)

Не обработано: MessageAnnouncer >> Наберите /kit start, чтобы получить стартовый набор (еда, вода, топор)
MessageAnnouncer >> Наберите /kit start, чтобы получить стартовый набор (еда, вода, топор)

Connecting: PlayerID: 76561198305732269 Name: Owl Character: Owl

Connecting: PlayerID: 76561198329269141 Name: Iliyas Character: Iliyas

Client has executed command "players"

TimerTerminateCommand.Enabled with Players:
Players:
PlayerID: 76561198305732269 Name: Owl Character: Owl Ping: 11
PlayerID: 76561198329269141 Name: Iliyas Character: Iliyas Ping: 493

END with Players:
Client has executed command "bans"

TimerTerminateCommand.Enabled with Bans:
Bans:
PlayerID: 76561198274427357
JudgeID: 0
Reason: you were vote kicked Duration: 180 Remaining: 4294120367

END with Bans:
Disconnecting: PlayerID: 76561198305732269 Name: Owl Character: Owl

Disconnecting: PlayerID: 76561198329269141 Name: Iliyas Character: Iliyas

Client has executed command "players"

Failed to find any players.

Connecting: PlayerID: 76561198177412437 Name: korak Character: korak

Connecting: PlayerID: 76561198152466685 Name: Blaster006 Character: Blaster006

Client has executed command "players"

TimerTerminateCommand.Enabled with Players:
Players:
PlayerID: 76561198177412437 Name: korak Character: korak Ping: 212
PlayerID: 76561198152466685 Name: Blaster006 Character: Blaster006 Ping: 86

END with Players:
Client has executed command "bans"

TimerTerminateCommand.Enabled with Bans:
Bans:
PlayerID: 76561198274427357
JudgeID: 0
Reason: you were vote kicked Duration: 180 Remaining: 4294120327

END with Bans:
Client has executed command "players"

TimerTerminateCommand.Enabled with Players:
Players:
PlayerID: 76561198177412437 Name: korak Character: korak Ping: 191
PlayerID: 76561198152466685 Name: Blaster006 Character: Blaster006 Ping: 56

TimerTerminateCommand.Enabled with Players:
[World] Blaster006 [Blaster006]: "Уже обновилось? -_-"

END with Players:
TimerTerminateCommand.Enabled with Bans:
Client has executed command "bans"
Bans:
PlayerID: 76561198274427357
JudgeID: 0
Reason: you were vote kicked Duration: 180 Remaining: 4294120306

END with Bans:
Connecting: PlayerID: 76561198329269141 Name: Iliyas Character: Iliyas

Client has executed command "say "Da" 255 0 0"

Client has executed command "players"

TimerTerminateCommand.Enabled with Players:
Players:
PlayerID: 76561198177412437 Name: korak Character: korak Ping: 194
PlayerID: 76561198152466685 Name: Blaster006 Character: Blaster006 Ping: 57
PlayerID: 76561198329269141 Name: Iliyas Character: Iliyas Ping: 109

END with Players:
Client has executed command "bans"

TimerTerminateCommand.Enabled with Bans:
Bans:
PlayerID: 76561198274427357
JudgeID: 0
Reason: you were vote kicked Duration: 180 Remaining: 4294120287

TimerTerminateCommand.Enabled with Bans:
[World] Blaster006 [Blaster006]: "А что обновилось то?"

END with Bans:
Connecting: PlayerID: 76561198130825409 Name: ya.maksim51 Character: ya.maksim51

Client has executed command "say "A ya otkuda znayu." 0 0 0"

Client has executed command "say "Novosti smotri" 0 0 0"

Client has executed command "players"

TimerTerminateCommand.Enabled with Players:
Players:
PlayerID: 76561198177412437 Name: korak Character: korak Ping: 212
PlayerID: 76561198152466685 Name: Blaster006 Character: Blaster006 Ping: 54
PlayerID: 76561198329269141 Name: Iliyas Character: Iliyas Ping: 89
PlayerID: 76561198130825409 Name: ya.maksim51 Character: ya.maksim51 Ping: 66

END with Players:
Client has executed command "bans"

TimerTerminateCommand.Enabled with Bans:
Bans:
PlayerID: 76561198274427357
JudgeID: 0
Reason: you were vote kicked Duration: 180 Remaining: 4294120267

TimerTerminateCommand.Enabled with Bans:
[World] Iliyas [Iliyas]: "C cthdthf byjulf dsrblsdftn("

Не обработано: MessageAnnouncer >> Broadcast: Внимание! PvP-режим по субботам! PvP-режим!!!
TimerTerminateCommand.Enabled with Bans:
MessageAnnouncer >> Broadcast: Внимание! PvP-режим по субботам! PvP-режим!!!

Не обработано: MessageAnnouncer >> Внимание! PvP-режим по субботам! PvP-режим!!!
TimerTerminateCommand.Enabled with Bans:
MessageAnnouncer >> Внимание! PvP-режим по субботам! PvP-режим!!!

END with Bans:
[World] korak [korak]: "/kit new"

[World] Iliyas [Iliyas]: "С сервера иногда выкидывает"

Client has executed command "say "Poka ne znayu, pochemu tak lagaet" 0 0 0"

Client has executed command "players"

TimerTerminateCommand.Enabled with Players:
Players:
PlayerID: 76561198177412437 Name: korak Character: korak Ping: 210
PlayerID: 76561198152466685 Name: Blaster006 Character: Blaster006 Ping: 54
PlayerID: 76561198329269141 Name: Iliyas Character: Iliyas Ping: 88
PlayerID: 76561198130825409 Name: ya.maksim51 Character: ya.maksim51 Ping: 54

END with Players:
Client has executed command "bans"

TimerTerminateCommand.Enabled with Bans:
Bans:
PlayerID: 76561198274427357
JudgeID: 0
Reason: you were vote kicked Duration: 180 Remaining: 4294120247

END with Bans:
Client has executed command "say "Vidimo obnova takaya" 0 0 0"

[World] korak [korak]: "/kit start"

Client has executed command "say "Zhdyom poka" 0 0 0"

Client has executed command "players"

TimerTerminateCommand.Enabled with Players:
Players:
PlayerID: 76561198177412437 Name: korak Character: korak Ping: 178
PlayerID: 76561198152466685 Name: Blaster006 Character: Blaster006 Ping: 53
PlayerID: 76561198329269141 Name: Iliyas Character: Iliyas Ping: 94
PlayerID: 76561198130825409 Name: ya.maksim51 Character: ya.maksim51 Ping: 45

END with Players:
Client has executed command "bans"

TimerTerminateCommand.Enabled with Bans:
Bans:
PlayerID: 76561198274427357
JudgeID: 0
Reason: you were vote kicked Duration: 180 Remaining: 4294120227

END with Bans:
[World] Iliyas [Iliyas]: "Создатель,можите выдать 3 сейфа?"

[World] korak [korak]: "/kit help"

Client has executed command "players"

TimerTerminateCommand.Enabled with Players:
Players:
PlayerID: 76561198177412437 Name: korak Character: korak Ping: 238
PlayerID: 76561198152466685 Name: Blaster006 Character: Blaster006 Ping: 56
PlayerID: 76561198329269141 Name: Iliyas Character: Iliyas Ping: 87
PlayerID: 76561198130825409 Name: ya.maksim51 Character: ya.maksim51 Ping: 46

TimerTerminateCommand.Enabled with Players:
Client has executed command "say "Net, ya lut ne vydayu" 0 0 0"

TimerTerminateCommand.Enabled with Players:
[World] Blaster006 [Blaster006]: "Разрабы антюрнеда сделали баганную обнову -_-"

END with Players:
Client has executed command "bans"

TimerTerminateCommand.Enabled with Bans:
Bans:
PlayerID: 76561198274427357
JudgeID: 0
Reason: you were vote kicked Duration: 180 Remaining: 4294120205

END with Bans:
Client has executed command "players"

TimerTerminateCommand.Enabled with Players:
Players:
PlayerID: 76561198177412437 Name: korak Character: korak Ping: 192
PlayerID: 76561198152466685 Name: Blaster006 Character: Blaster006 Ping: 56
PlayerID: 76561198329269141 Name: Iliyas Character: Iliyas Ping: 106
PlayerID: 76561198130825409 Name: ya.maksim51 Character: ya.maksim51 Ping: 56

TimerTerminateCommand.Enabled with Players:
Client has executed command "say "Zhdyom i nablyudaem." 0 0 0"

END with Players:
Client has executed command "bans"

TimerTerminateCommand.Enabled with Bans:
Bans:
PlayerID: 76561198274427357
JudgeID: 0
Reason: you were vote kicked Duration: 180 Remaining: 4294120186

END with Bans:
Connecting: PlayerID: 76561198340683253 Name: mitin7373 Character: mitin7373

Client has executed command "say "K sozhaleniyu otkat zatrudnitelen" 0 0 0"

Client has executed command "players"

TimerTerminateCommand.Enabled with Players:
Players:
PlayerID: 76561198177412437 Name: korak Character: korak Ping: 196
PlayerID: 76561198152466685 Name: Blaster006 Character: Blaster006 Ping: 57
PlayerID: 76561198329269141 Name: Iliyas Character: Iliyas Ping: 95
PlayerID: 76561198130825409 Name: ya.maksim51 Character: ya.maksim51 Ping: 59
PlayerID: 76561198340683253 Name: mitin7373 Character: mitin7373 Ping: 63

END with Players:
Client has executed command "bans"

TimerTerminateCommand.Enabled with Bans:
Bans:
PlayerID: 76561198274427357
JudgeID: 0
Reason: you were vote kicked Duration: 180 Remaining: 4294120167

END with Bans:
[World] mitin7373 [mitin7373]: "/kit start"

Client has executed command "players"

TimerTerminateCommand.Enabled with Players:
Players:
PlayerID: 76561198177412437 Name: korak Character: korak Ping: 178
PlayerID: 76561198152466685 Name: Blaster006 Character: Blaster006 Ping: 56
PlayerID: 76561198329269141 Name: Iliyas Character: Iliyas Ping: 91
PlayerID: 76561198130825409 Name: ya.maksim51 Character: ya.maksim51 Ping: 54
PlayerID: 76561198340683253 Name: mitin7373 Character: mitin7373 Ping: 77

END with Players:
Client has executed command "bans"

TimerTerminateCommand.Enabled with Bans:
Bans:
PlayerID: 76561198274427357
JudgeID: 0
Reason: you were vote kicked Duration: 180 Remaining: 4294120147

Не обработано: MessageAnnouncer >> Broadcast: vk.com/unturned_hgm - группа сервера ВК, уникальный кит в записи!
TimerTerminateCommand.Enabled with Bans:
MessageAnnouncer >> Broadcast: vk.com/unturned_hgm - группа сервера ВК, уникальный кит в записи!

Не обработано: MessageAnnouncer >> vk.com/unturned_hgm - группа сервера ВК, уникальный кит в записи!
TimerTerminateCommand.Enabled with Bans:
MessageAnnouncer >> vk.com/unturned_hgm - группа сервера ВК, уникальный кит в записи!

END with Bans:
[World] korak [korak]: "а лаги ппц...с дома не выйти"

Client has executed command "players"

TimerTerminateCommand.Enabled with Players:
Players:
PlayerID: 76561198177412437 Name: korak Character: korak Ping: 266
PlayerID: 76561198152466685 Name: Blaster006 Character: Blaster006 Ping: 59
PlayerID: 76561198329269141 Name: Iliyas Character: Iliyas Ping: 85
PlayerID: 76561198130825409 Name: ya.maksim51 Character: ya.maksim51 Ping: 62
PlayerID: 76561198340683253 Name: mitin7373 Character: mitin7373 Ping: 78

END with Players:
Client has executed command "bans"

TimerTerminateCommand.Enabled with Bans:
Bans:
PlayerID: 76561198274427357
JudgeID: 0
Reason: you were vote kicked Duration: 180 Remaining: 4294120127

END with Bans:
[World] Blaster006 [Blaster006]: "У меня у одного не лагает? -_-"

Client has executed command "say "korak, u tebya u odnogo ping bol'she 200" 0 0 0"

Client has executed command "players"

TimerTerminateCommand.Enabled with Players:
Players:
PlayerID: 76561198177412437 Name: korak Character: korak Ping: 198
PlayerID: 76561198152466685 Name: Blaster006 Character: Blaster006 Ping: 58
PlayerID: 76561198329269141 Name: Iliyas Character: Iliyas Ping: 96
PlayerID: 76561198130825409 Name: ya.maksim51 Character: ya.maksim51 Ping: 43
PlayerID: 76561198340683253 Name: mitin7373 Character: mitin7373 Ping: 84

TimerTerminateCommand.Enabled with Players:
[World] mitin7373 [mitin7373]: "/tpa ya."

TimerTerminateCommand.Enabled with Players:
Connecting: PlayerID: 76561198009738148 Name: valera_zazhuev Character: серёжа

END with Players:
Client has executed command "bans"

TimerTerminateCommand.Enabled with Bans:
Bans:
PlayerID: 76561198274427357
JudgeID: 0
Reason: you were vote kicked Duration: 180 Remaining: 4294120104

END with Bans:
Connecting: PlayerID: 76561198146494853 Name: fireking42 Character: zacky420

Client has executed command "players"

TimerTerminateCommand.Enabled with Players:
Players:
PlayerID: 76561198177412437 Name: korak Character: korak Ping: 257
PlayerID: 76561198152466685 Name: Blaster006 Character: Blaster006 Ping: 53
PlayerID: 76561198329269141 Name: Iliyas Character: Iliyas Ping: 84
PlayerID: 76561198130825409 Name: ya.maksim51 Character: ya.maksim51 Ping: 53
PlayerID: 76561198340683253 Name: mitin7373 Character: mitin7373 Ping: 66
PlayerID: 76561198009738148 Name: valera_zazhuev Character: серёжа Ping: 42
PlayerID: 76561198146494853 Name: fireking42 Character: zacky420 Ping: 0

END with Players:
Client has executed command "bans"

TimerTerminateCommand.Enabled with Bans:
Bans:
PlayerID: 76561198274427357
JudgeID: 0
Reason: you were vote kicked Duration: 180 Remaining: 4294120087

END with Bans:
[World] Blaster006 [Blaster006]: "Как было 200 фпс так и осталось --__--"

[World] серёжа [valera_zazhuev]: "кто ми тп"

Client has executed command "players"

TimerTerminateCommand.Enabled with Players:
Players:
PlayerID: 76561198177412437 Name: korak Character: korak Ping: 235
PlayerID: 76561198152466685 Name: Blaster006 Character: Blaster006 Ping: 56
PlayerID: 76561198329269141 Name: Iliyas Character: Iliyas Ping: 91
PlayerID: 76561198130825409 Name: ya.maksim51 Character: ya.maksim51 Ping: 54
PlayerID: 76561198340683253 Name: mitin7373 Character: mitin7373 Ping: 85
PlayerID: 76561198009738148 Name: valera_zazhuev Character: серёжа Ping: 40
PlayerID: 76561198146494853 Name: fireking42 Character: zacky420 Ping: 116

END with Players:
Client has executed command "bans"

TimerTerminateCommand.Enabled with Bans:
Bans:
PlayerID: 76561198274427357
JudgeID: 0
Reason: you were vote kicked Duration: 180 Remaining: 4294120067

TimerTerminateCommand.Enabled with Bans:
Disconnecting: PlayerID: 76561198146494853 Name: fireking42 Character: zacky420

END with Bans:
Client has executed command "players"

TimerTerminateCommand.Enabled with Players:
Players:
PlayerID: 76561198177412437 Name: korak Character: korak Ping: 189
PlayerID: 76561198152466685 Name: Blaster006 Character: Blaster006 Ping: 69
PlayerID: 76561198329269141 Name: Iliyas Character: Iliyas Ping: 101
PlayerID: 76561198130825409 Name: ya.maksim51 Character: ya.maksim51 Ping: 50
PlayerID: 76561198340683253 Name: mitin7373 Character: mitin7373 Ping: 78
PlayerID: 76561198009738148 Name: valera_zazhuev Character: серёжа Ping: 42

END with Players:
Client has executed command "bans"

TimerTerminateCommand.Enabled with Bans:
Bans:
PlayerID: 76561198274427357
JudgeID: 0
Reason: you were vote kicked Duration: 180 Remaining: 4294120047

END with Bans:
Не обработано: DeathMessagesRemastered >> Broadcast: mitin7373 has been mauled by a zombie! 
DeathMessagesRemastered >> Broadcast: mitin7373 has been mauled by a zombie! 

Не обработано: mitin7373 [mitin7373] was mauled by a zombie!
mitin7373 [mitin7373] was mauled by a zombie!

[World] ya.maksim51 [ya.maksim51]: "/tpa yes"

Client has executed command "players"

TimerTerminateCommand.Enabled with Players:
Players:
PlayerID: 76561198177412437 Name: korak Character: korak Ping: 187
PlayerID: 76561198152466685 Name: Blaster006 Character: Blaster006 Ping: 66
PlayerID: 76561198329269141 Name: Iliyas Character: Iliyas Ping: 100
PlayerID: 76561198130825409 Name: ya.maksim51 Character: ya.maksim51 Ping: 73
PlayerID: 76561198340683253 Name: mitin7373 Character: mitin7373 Ping: 373
PlayerID: 76561198009738148 Name: valera_zazhuev Character: серёжа Ping: 45

TimerTerminateCommand.Enabled with Players:
[World] Blaster006 [Blaster006]: "То чувство  когда тебе нужен модер чтобы сделать обмен, а модера нету -_-"

END with Players:
Client has executed command "bans"

TimerTerminateCommand.Enabled with Bans:
Bans:
PlayerID: 76561198274427357
JudgeID: 0
Reason: you were vote kicked Duration: 180 Remaining: 4294120027

Не обработано: MessageAnnouncer >> Broadcast: Наберите /kit help, чтобы получить первую мед. помощь (бинты, таблетки, еда)
TimerTerminateCommand.Enabled with Bans:
MessageAnnouncer >> Broadcast: Наберите /kit help, чтобы получить первую мед. помощь (бинты, таблетки, еда)

Не обработано: MessageAnnouncer >> Наберите /kit help, чтобы получить первую мед. помощь (бинты, таблетки, еда)
TimerTerminateCommand.Enabled with Bans:
MessageAnnouncer >> Наберите /kit help, чтобы получить первую мед. помощь (бинты, таблетки, еда)

END with Bans:
Client has executed command "say "FPS i Ping raznye veshchi" 0 0 0"

Client has executed command "players"

TimerTerminateCommand.Enabled with Players:
Players:
PlayerID: 76561198177412437 Name: korak Character: korak Ping: 213
PlayerID: 76561198152466685 Name: Blaster006 Character: Blaster006 Ping: 58
PlayerID: 76561198329269141 Name: Iliyas Character: Iliyas Ping: 88
PlayerID: 76561198130825409 Name: ya.maksim51 Character: ya.maksim51 Ping: 59
PlayerID: 76561198340683253 Name: mitin7373 Character: mitin7373 Ping: 70
PlayerID: 76561198009738148 Name: valera_zazhuev Character: серёжа Ping: 42

TimerTerminateCommand.Enabled with Players:
Disconnecting: PlayerID: 76561198177412437 Name: korak Character: korak

END with Players:
Client has executed command "bans"

TimerTerminateCommand.Enabled with Bans:
Bans:
PlayerID: 76561198274427357
JudgeID: 0
Reason: you were vote kicked Duration: 180 Remaining: 4294120007

END with Bans:
[World] Blaster006 [Blaster006]: "/kit start"

Не обработано: VehicleEvents >> Vehicle has been despawned
VehicleEvents >> Vehicle has been despawned

Disconnecting: PlayerID: 76561198340683253 Name: mitin7373 Character: mitin7373

Client has executed command "players"

TimerTerminateCommand.Enabled with Players:
Players:
PlayerID: 76561198152466685 Name: Blaster006 Character: Blaster006 Ping: 62
PlayerID: 76561198329269141 Name: Iliyas Character: Iliyas Ping: 94
PlayerID: 76561198130825409 Name: ya.maksim51 Character: ya.maksim51 Ping: 51
PlayerID: 76561198009738148 Name: valera_zazhuev Character: серёжа Ping: 41

END with Players:
Client has executed command "bans"

TimerTerminateCommand.Enabled with Bans:
Bans:
PlayerID: 76561198274427357
JudgeID: 0
Reason: you were vote kicked Duration: 180 Remaining: 4294119987

END with Bans:
[World] Blaster006 [Blaster006]: "Я как бы знаю различие между фпс и пингом :D"

Client has executed command "players"

TimerTerminateCommand.Enabled with Players:
Players:
PlayerID: 76561198152466685 Name: Blaster006 Character: Blaster006 Ping: 60
PlayerID: 76561198329269141 Name: Iliyas Character: Iliyas Ping: 76
PlayerID: 76561198130825409 Name: ya.maksim51 Character: ya.maksim51 Ping: 48
PlayerID: 76561198009738148 Name: valera_zazhuev Character: серёжа Ping: 45

END with Players:
Client has executed command "bans"

TimerTerminateCommand.Enabled with Bans:
Bans:
PlayerID: 76561198274427357
JudgeID: 0
Reason: you were vote kicked Duration: 180 Remaining: 4294119967

END with Bans:
Client has executed command "say "Nu khorosho raz tak" 0 0 0"

Client has executed command "players"

TimerTerminateCommand.Enabled with Players:
Players:
PlayerID: 76561198152466685 Name: Blaster006 Character: Blaster006 Ping: 60
PlayerID: 76561198329269141 Name: Iliyas Character: Iliyas Ping: 93
PlayerID: 76561198130825409 Name: ya.maksim51 Character: ya.maksim51 Ping: 48
PlayerID: 76561198009738148 Name: valera_zazhuev Character: серёжа Ping: 42

END with Players:
Client has executed command "bans"

TimerTerminateCommand.Enabled with Bans:
Bans:
PlayerID: 76561198274427357
JudgeID: 0
Reason: you were vote kicked Duration: 180 Remaining: 4294119947

END with Bans:
Connecting: PlayerID: 76561198340683253 Name: mitin7373 Character: mitin7373

Client has executed command "say "))" 0 0 0"

[World] Blaster006 [Blaster006]: ":)"

Client has executed command "players"

TimerTerminateCommand.Enabled with Players:
Players:
PlayerID: 76561198152466685 Name: Blaster006 Character: Blaster006 Ping: 65
PlayerID: 76561198329269141 Name: Iliyas Character: Iliyas Ping: 100
PlayerID: 76561198130825409 Name: ya.maksim51 Character: ya.maksim51 Ping: 43
PlayerID: 76561198009738148 Name: valera_zazhuev Character: серёжа Ping: 42
PlayerID: 76561198340683253 Name: mitin7373 Character: mitin7373 Ping: 447

END with Players:
Client has executed command "bans"

TimerTerminateCommand.Enabled with Bans:
Bans:
PlayerID: 76561198274427357
JudgeID: 0
Reason: you were vote kicked Duration: 180 Remaining: 4294119927

END with Bans:
Client has executed command "players"

TimerTerminateCommand.Enabled with Players:
Players:
PlayerID: 76561198152466685 Name: Blaster006 Character: Blaster006 Ping: 61
PlayerID: 76561198329269141 Name: Iliyas Character: Iliyas Ping: 99
PlayerID: 76561198130825409 Name: ya.maksim51 Character: ya.maksim51 Ping: 58
PlayerID: 76561198009738148 Name: valera_zazhuev Character: серёжа Ping: 43
PlayerID: 76561198340683253 Name: mitin7373 Character: mitin7373 Ping: 76

END with Players:
Client has executed command "bans"

TimerTerminateCommand.Enabled with Bans:
Bans:
PlayerID: 76561198274427357
JudgeID: 0
Reason: you were vote kicked Duration: 180 Remaining: 4294119907

Не обработано: MessageAnnouncer >> Broadcast: vk.com/unturned_hgm - цены на премиум, VIP и другие услуги смотрите в группе!
TimerTerminateCommand.Enabled with Bans:
MessageAnnouncer >> Broadcast: vk.com/unturned_hgm - цены на премиум, VIP и другие услуги смотрите в группе!

Не обработано: MessageAnnouncer >> vk.com/unturned_hgm - цены на премиум, VIP и другие услуги смотрите в группе!
TimerTerminateCommand.Enabled with Bans:
MessageAnnouncer >> vk.com/unturned_hgm - цены на премиум, VIP и другие услуги смотрите в группе!

END with Bans:
Connecting: PlayerID: 76561198336822099 Name: #Strike »NumbeR ???« Character: EinzOulGaun

Client has executed command "players"

TimerTerminateCommand.Enabled with Players:
Players:
PlayerID: 76561198152466685 Name: Blaster006 Character: Blaster006 Ping: 57
PlayerID: 76561198329269141 Name: Iliyas Character: Iliyas Ping: 102
PlayerID: 76561198130825409 Name: ya.maksim51 Character: ya.maksim51 Ping: 57
PlayerID: 76561198009738148 Name: valera_zazhuev Character: серёжа Ping: 44
PlayerID: 76561198340683253 Name: mitin7373 Character: mitin7373 Ping: 66
PlayerID: 76561198336822099 Name: #Strike »NumbeR ???« Character: EinzOulGaun Ping: 41

END with Players:
Client has executed command "bans"

TimerTerminateCommand.Enabled with Bans:
Bans:
PlayerID: 76561198274427357
JudgeID: 0
Reason: you were vote kicked Duration: 180 Remaining: 4294119887

END with Bans:
[World] Blaster006 [Blaster006]: "Я думал что сервер собрались обновлять -_- А не Unt -_-"

Client has executed command "players"

TimerTerminateCommand.Enabled with Players:
Players:
PlayerID: 76561198152466685 Name: Blaster006 Character: Blaster006 Ping: 235
PlayerID: 76561198329269141 Name: Iliyas Character: Iliyas Ping: 87
PlayerID: 76561198130825409 Name: ya.maksim51 Character: ya.maksim51 Ping: 53
PlayerID: 76561198009738148 Name: valera_zazhuev Character: серёжа Ping: 40
PlayerID: 76561198340683253 Name: mitin7373 Character: mitin7373 Ping: 77
PlayerID: 76561198336822099 Name: #Strike »NumbeR ???« Character: EinzOulGaun Ping: 48

END with Players:
Client has executed command "bans"

TimerTerminateCommand.Enabled with Bans:
Bans:
PlayerID: 76561198274427357
JudgeID: 0
Reason: you were vote kicked Duration: 180 Remaining: 4294119867

END with Bans:
Client has executed command "players"

TimerTerminateCommand.Enabled with Players:
Players:
PlayerID: 76561198152466685 Name: Blaster006 Character: Blaster006 Ping: 62
PlayerID: 76561198329269141 Name: Iliyas Character: Iliyas Ping: 84
PlayerID: 76561198130825409 Name: ya.maksim51 Character: ya.maksim51 Ping: 73
PlayerID: 76561198009738148 Name: valera_zazhuev Character: серёжа Ping: 40
PlayerID: 76561198340683253 Name: mitin7373 Character: mitin7373 Ping: 83
PlayerID: 76561198336822099 Name: #Strike »NumbeR ???« Character: EinzOulGaun Ping: 53

TimerTerminateCommand.Enabled with Players:
Client has executed command "say "Em. Kak by tebe ob'yasnit'" 0 0 0"

END with Players:
Client has executed command "bans"

TimerTerminateCommand.Enabled with Bans:
Bans:
PlayerID: 76561198274427357
JudgeID: 0
Reason: you were vote kicked Duration: 180 Remaining: 4294119845

END with Bans:
[World] серёжа [valera_zazhuev]: "кому лут тп"

Client has executed command "players"

TimerTerminateCommand.Enabled with Players:
Players:
PlayerID: 76561198152466685 Name: Blaster006 Character: Blaster006 Ping: 85
PlayerID: 76561198329269141 Name: Iliyas Character: Iliyas Ping: 89
PlayerID: 76561198130825409 Name: ya.maksim51 Character: ya.maksim51 Ping: 53
PlayerID: 76561198009738148 Name: valera_zazhuev Character: серёжа Ping: 44
PlayerID: 76561198340683253 Name: mitin7373 Character: mitin7373 Ping: 76
PlayerID: 76561198336822099 Name: #Strike »NumbeR ???« Character: EinzOulGaun Ping: 42

END with Players:
Client has executed command "bans"

TimerTerminateCommand.Enabled with Bans:
Bans:
PlayerID: 76561198274427357
JudgeID: 0
Reason: you were vote kicked Duration: 180 Remaining: 4294119825

END with Bans:
Client has executed command "say "Server dlya Unturned i igra Unturned - eto odna programma" 0 0 0"

Client has executed command "players"

TimerTerminateCommand.Enabled with Players:
Players:
PlayerID: 76561198152466685 Name: Blaster006 Character: Blaster006 Ping: 62
PlayerID: 76561198329269141 Name: Iliyas Character: Iliyas Ping: 95
PlayerID: 76561198130825409 Name: ya.maksim51 Character: ya.maksim51 Ping: 59
PlayerID: 76561198009738148 Name: valera_zazhuev Character: серёжа Ping: 44
PlayerID: 76561198340683253 Name: mitin7373 Character: mitin7373 Ping: 85

END with Players:
Не обработано: PlayerID: 76561198336822099 Name: #Strike »NumbeR ???« Character: EinzOulGaun Ping: 52
PlayerID: 76561198336822099 Name: #Strike »NumbeR ???« Character: EinzOulGaun Ping: 52

TimerTerminateCommand.Enabled with Bans:
Client has executed command "bans"
Bans:
PlayerID: 76561198274427357
JudgeID: 0
Reason: you were vote kicked Duration: 180 Remaining: 4294119807

END with Bans:
Connecting: PlayerID: 76561198346808490 Name: powermanchik Character: power

Connecting: PlayerID: 76561198252619504 Name: goddam? Character: goddam

Connecting: PlayerID: 76561198308785981 Name: Черепаха-Мэн Character: Черепаха-Мэн

Connecting: PlayerID: 76561198285433238 Name: pamidorchuk123 Character: pamidorchuk

[World] Iliyas [Iliyas]: "/tpa сережа"

Client has executed command "players"

TimerTerminateCommand.Enabled with Players:
Players:
PlayerID: 76561198152466685 Name: Blaster006 Character: Blaster006 Ping: 60
PlayerID: 76561198329269141 Name: Iliyas Character: Iliyas Ping: 106
PlayerID: 76561198130825409 Name: ya.maksim51 Character: ya.maksim51 Ping: 67
PlayerID: 76561198009738148 Name: valera_zazhuev Character: серёжа Ping: 45
PlayerID: 76561198340683253 Name: mitin7373 Character: mitin7373 Ping: 81
PlayerID: 76561198336822099 Name: #Strike »NumbeR ???« Character: EinzOulGaun Ping: 42
PlayerID: 76561198346808490 Name: powermanchik Character: power Ping: 76
PlayerID: 76561198252619504 Name: goddam? Character: goddam Ping: 57
PlayerID: 76561198308785981 Name: Черепаха-Мэн Character: Черепаха-Мэн Ping: 279
PlayerID: 76561198285433238 Name: pamidorchuk123 Character: pamidorchuk Ping: 145

TimerTerminateCommand.Enabled with Players:
Disconnecting: PlayerID: 76561198009738148 Name: valera_zazhuev Character: серёжа

END with Players:
Client has executed command "bans"

TimerTerminateCommand.Enabled with Bans:
Bans:
PlayerID: 76561198274427357
JudgeID: 0
Reason: you were vote kicked Duration: 180 Remaining: 4294119787

Не обработано: MessageAnnouncer >> Broadcast: Наберите /kit claim, чтобы получить Claim Flag
TimerTerminateCommand.Enabled with Bans:
MessageAnnouncer >> Broadcast: Наберите /kit claim, чтобы получить Claim Flag

Не обработано: MessageAnnouncer >> Наберите /kit claim, чтобы получить Claim Flag
TimerTerminateCommand.Enabled with Bans:
MessageAnnouncer >> Наберите /kit claim, чтобы получить Claim Flag

TimerTerminateCommand.Enabled with Bans:
[World] Iliyas [Iliyas]: "/tpa сер"

END with Bans:
[World] Blaster006 [Blaster006]: "Лол, я на некоторых серверах играл, и делали рестарт сервера по причине обновление серверс"

[World] goddam [goddam?]: "/kitstart"

[World] goddam [goddam?]: "/kit start"

TimerTerminateCommand.Enabled with Players:
Client has executed command "players"
Players:
PlayerID: 76561198152466685 Name: Blaster006 Character: Blaster006 Ping: 72
PlayerID: 76561198329269141 Name: Iliyas Character: Iliyas Ping: 85
PlayerID: 76561198130825409 Name: ya.maksim51 Character: ya.maksim51 Ping: 61
PlayerID: 76561198340683253 Name: mitin7373 Character: mitin7373 Ping: 59
PlayerID: 76561198336822099 Name: #Strike »NumbeR ???« Character: EinzOulGaun Ping: 125
PlayerID: 76561198346808490 Name: powermanchik Character: power Ping: 74
PlayerID: 76561198252619504 Name: goddam? Character: goddam Ping: 57
PlayerID: 76561198308785981 Name: Черепаха-Мэн Character: Черепаха-Мэн Ping: 243
PlayerID: 76561198285433238 Name: pamidorchuk123 Character: pamidorchuk Ping: 76

TimerTerminateCommand.Enabled with Players:
[World] Blaster006 [Blaster006]: "Сервера. а не Unturned"

END with Players:
TimerTerminateCommand.Enabled with Bans:
Client has executed command "bans"
Bans:
PlayerID: 76561198274427357
JudgeID: 0
Reason: you were vote kicked Duration: 180 Remaining: 4294119763

TimerTerminateCommand.Enabled with Bans:
[World] Blaster006 [Blaster006]: "-_-"

END with Bans:
Client has executed command "players"

TimerTerminateCommand.Enabled with Players:
Players:
PlayerID: 76561198152466685 Name: Blaster006 Character: Blaster006 Ping: 58
PlayerID: 76561198329269141 Name: Iliyas Character: Iliyas Ping: 84
PlayerID: 76561198130825409 Name: ya.maksim51 Character: ya.maksim51 Ping: 54
PlayerID: 76561198340683253 Name: mitin7373 Character: mitin7373 Ping: 89
PlayerID: 76561198336822099 Name: #Strike »NumbeR ???« Character: EinzOulGaun Ping: 50
PlayerID: 76561198346808490 Name: powermanchik Character: power Ping: 74
PlayerID: 76561198252619504 Name: goddam? Character: goddam Ping: 60
PlayerID: 76561198308785981 Name: Черепаха-Мэн Character: Черепаха-Мэн Ping: 209
PlayerID: 76561198285433238 Name: pamidorchuk123 Character: pamidorchuk Ping: 87

END with Players:
Client has executed command "bans"

TimerTerminateCommand.Enabled with Bans:
Bans:
PlayerID: 76561198274427357
JudgeID: 0
Reason: you were vote kicked Duration: 180 Remaining: 4294119746

END with Bans:
Client has executed command "players"

TimerTerminateCommand.Enabled with Players:
Players:
PlayerID: 76561198152466685 Name: Blaster006 Character: Blaster006 Ping: 60
PlayerID: 76561198329269141 Name: Iliyas Character: Iliyas Ping: 97
PlayerID: 76561198130825409 Name: ya.maksim51 Character: ya.maksim51 Ping: 174
PlayerID: 76561198340683253 Name: mitin7373 Character: mitin7373 Ping: 79
PlayerID: 76561198336822099 Name: #Strike »NumbeR ???« Character: EinzOulGaun Ping: 49
PlayerID: 76561198346808490 Name: powermanchik Character: power Ping: 77
PlayerID: 76561198252619504 Name: goddam? Character: goddam Ping: 60
PlayerID: 76561198308785981 Name: Черепаха-Мэн Character: Черепаха-Мэн Ping: 294
PlayerID: 76561198285433238 Name: pamidorchuk123 Character: pamidorchuk Ping: 75

TimerTerminateCommand.Enabled with Players:
Connecting: PlayerID: 76561198278360341 Name: AcademeG Character: AcademeG

TimerTerminateCommand.Enabled with Players:
[World] Blaster006 [Blaster006]: "Они наркоманы наверное были"

END with Players:
Client has executed command "bans"

TimerTerminateCommand.Enabled with Bans:
Bans:
PlayerID: 76561198274427357
JudgeID: 0
Reason: you were vote kicked Duration: 180 Remaining: 4294119725

END with Bans:
[World] goddam [goddam?]: "/invite power"

Client has executed command "players"

TimerTerminateCommand.Enabled with Players:
Players:
PlayerID: 76561198152466685 Name: Blaster006 Character: Blaster006 Ping: 84
PlayerID: 76561198329269141 Name: Iliyas Character: Iliyas Ping: 85
PlayerID: 76561198130825409 Name: ya.maksim51 Character: ya.maksim51 Ping: 158
PlayerID: 76561198340683253 Name: mitin7373 Character: mitin7373 Ping: 70
PlayerID: 76561198336822099 Name: #Strike »NumbeR ???« Character: EinzOulGaun Ping: 53
PlayerID: 76561198346808490 Name: powermanchik Character: power Ping: 77
PlayerID: 76561198252619504 Name: goddam? Character: goddam Ping: 59
PlayerID: 76561198308785981 Name: Черепаха-Мэн Character: Черепаха-Мэн Ping: 183
PlayerID: 76561198285433238 Name: pamidorchuk123 Character: pamidorchuk Ping: 74
PlayerID: 76561198278360341 Name: AcademeG Character: AcademeG Ping: 81

TimerTerminateCommand.Enabled with Players:
Connecting: PlayerID: 76561198305732269 Name: Owl Character: Owl

END with Players:
Client has executed command "bans"

TimerTerminateCommand.Enabled with Bans:
Bans:
PlayerID: 76561198274427357
JudgeID: 0
Reason: you were vote kicked Duration: 180 Remaining: 4294119706

END with Bans:
Client has executed command "say "Ne. Nu est' narkomany, kotorye stavyat obnovy na servak dlya servera Unturned" 0 0 0"

Client has executed command "players"

TimerTerminateCommand.Enabled with Players:
Players:
PlayerID: 76561198152466685 Name: Blaster006 Character: Blaster006 Ping: 67
PlayerID: 76561198329269141 Name: Iliyas Character: Iliyas Ping: 89
PlayerID: 76561198130825409 Name: ya.maksim51 Character: ya.maksim51 Ping: 61
PlayerID: 76561198340683253 Name: mitin7373 Character: mitin7373 Ping: 93
PlayerID: 76561198336822099 Name: #Strike »NumbeR ???« Character: EinzOulGaun Ping: 47
PlayerID: 76561198346808490 Name: powermanchik Character: power Ping: 83
PlayerID: 76561198252619504 Name: goddam? Character: goddam Ping: 57
PlayerID: 76561198308785981 Name: Черепаха-Мэн Character: Черепаха-Мэн Ping: 193
PlayerID: 76561198285433238 Name: pamidorchuk123 Character: pamidorchuk Ping: 69
PlayerID: 76561198278360341 Name: AcademeG Character: AcademeG Ping: 92
PlayerID: 76561198305732269 Name: Owl Character: Owl Ping: 65

TimerTerminateCommand.Enabled with Players:
[World] AcademeG [AcademeG]: "О Одмен"

TimerTerminateCommand.Enabled with Players:
[World] power [powermanchik]: "\tp goddam"

END with Players:
Client has executed command "bans"

TimerTerminateCommand.Enabled with Bans:
Bans:
PlayerID: 76561198274427357
JudgeID: 0
Reason: you were vote kicked Duration: 180 Remaining: 4294119683

END with Bans:
[World] AcademeG [AcademeG]: "/kit start"

Client has executed command "say "A moy servak uzhe 111 dney ne perezagruzhalsya" 0 0 0"

[World] Blaster006 [Blaster006]: "0)0"

Client has executed command "players"

TimerTerminateCommand.Enabled with Players:
Players:
PlayerID: 76561198152466685 Name: Blaster006 Character: Blaster006 Ping: 64
PlayerID: 76561198329269141 Name: Iliyas Character: Iliyas Ping: 84
PlayerID: 76561198130825409 Name: ya.maksim51 Character: ya.maksim51 Ping: 68
PlayerID: 76561198340683253 Name: mitin7373 Character: mitin7373 Ping: 139
PlayerID: 76561198336822099 Name: #Strike »NumbeR ???« Character: EinzOulGaun Ping: 47
PlayerID: 76561198346808490 Name: powermanchik Character: power Ping: 86
PlayerID: 76561198252619504 Name: goddam? Character: goddam Ping: 55
PlayerID: 76561198308785981 Name: Черепаха-Мэн Character: Черепаха-Мэн Ping: 222
PlayerID: 76561198285433238 Name: pamidorchuk123 Character: pamidorchuk Ping: 77
PlayerID: 76561198278360341 Name: AcademeG Character: AcademeG Ping: 87
PlayerID: 76561198305732269 Name: Owl Character: Owl Ping: 62

END with Players:
Client has executed command "bans"

TimerTerminateCommand.Enabled with Bans:
Bans:
PlayerID: 76561198274427357
JudgeID: 0
Reason: you were vote kicked Duration: 180 Remaining: 4294119666

TimerTerminateCommand.Enabled with Bans:
[World] Blaster006 [Blaster006]: "0_0*"

Не обработано: MessageAnnouncer >> Broadcast: Если модератор ведёт себя неподобающе, пишите в группу или ЛС (vk.com/unturned_hgm, vk.com/hemulgm)
TimerTerminateCommand.Enabled with Bans:
MessageAnnouncer >> Broadcast: Если модератор ведёт себя неподобающе, пишите в группу или ЛС (vk.com/unturned_hgm, vk.com/hemulgm)

Не обработано: MessageAnnouncer >> Если модератор ведёт себя неподобающе, пишите в группу или ЛС (vk.com/unturned_hgm, vk.com/hemulgm)
TimerTerminateCommand.Enabled with Bans:
MessageAnnouncer >> Если модератор ведёт себя неподобающе, пишите в группу или ЛС (vk.com/unturned_hgm, vk.com/hemulgm)

TimerTerminateCommand.Enabled with Bans:
Connecting: PlayerID: 76561198177412437 Name: korak Character: korak

END with Bans:
[World] power [powermanchik]: "/tp goddam"

Client has executed command "say "Shcha skrin v gruppu kinu" 0 0 0"

[World] EinzOulGaun [#Strike »NumbeR ???«]: "с кем я могу повыживать?"

Client has executed command "players"

TimerTerminateCommand.Enabled with Players:
Players:
PlayerID: 76561198152466685 Name: Blaster006 Character: Blaster006 Ping: 62
PlayerID: 76561198329269141 Name: Iliyas Character: Iliyas Ping: 94
PlayerID: 76561198130825409 Name: ya.maksim51 Character: ya.maksim51 Ping: 60
PlayerID: 76561198340683253 Name: mitin7373 Character: mitin7373 Ping: 76
PlayerID: 76561198336822099 Name: #Strike »NumbeR ???« Character: EinzOulGaun Ping: 43
PlayerID: 76561198346808490 Name: powermanchik Character: power Ping: 80
PlayerID: 76561198252619504 Name: goddam? Character: goddam Ping: 59
PlayerID: 76561198308785981 Name: Черепаха-Мэн Character: Черепаха-Мэн Ping: 111
PlayerID: 76561198285433238 Name: pamidorchuk123 Character: pamidorchuk Ping: 67
PlayerID: 76561198278360341 Name: AcademeG Character: AcademeG Ping: 86
PlayerID: 76561198305732269 Name: Owl Character: Owl Ping: 72
PlayerID: 76561198177412437 Name: korak Character: korak Ping: 176

END with Players:
Client has executed command "bans"

TimerTerminateCommand.Enabled with Bans:
Bans:
PlayerID: 76561198274427357
JudgeID: 0
Reason: you were vote kicked Duration: 180 Remaining: 4294119646

TimerTerminateCommand.Enabled with Bans:
Connecting: PlayerID: 76561198232631228 Name: alex115 Character: Charles o"brien

END with Bans:
[World] Charles o"brien [alex115]: "/kits"

[World] AcademeG [AcademeG]: "Одмен, Это утро только наступило или уже вечер?"

Client has executed command "players"

TimerTerminateCommand.Enabled with Players:
Players:
PlayerID: 76561198152466685 Name: Blaster006 Character: Blaster006 Ping: 59
PlayerID: 76561198329269141 Name: Iliyas Character: Iliyas Ping: 88
PlayerID: 76561198130825409 Name: ya.maksim51 Character: ya.maksim51 Ping: 84
PlayerID: 76561198340683253 Name: mitin7373 Character: mitin7373 Ping: 99
PlayerID: 76561198336822099 Name: #Strike »NumbeR ???« Character: EinzOulGaun Ping: 131
PlayerID: 76561198346808490 Name: powermanchik Character: power Ping: 89
PlayerID: 76561198252619504 Name: goddam? Character: goddam Ping: 55
PlayerID: 76561198308785981 Name: Черепаха-Мэн Character: Черепаха-Мэн Ping: 135
PlayerID: 76561198285433238 Name: pamidorchuk123 Character: pamidorchuk Ping: 69
PlayerID: 76561198278360341 Name: AcademeG Character: AcademeG Ping: 85
PlayerID: 76561198305732269 Name: Owl Character: Owl Ping: 76
PlayerID: 76561198177412437 Name: korak Character: korak Ping: 180
PlayerID: 76561198232631228 Name: alex115 Character: Charles o"brien Ping: 156

TimerTerminateCommand.Enabled with Players:
Disconnecting: PlayerID: 76561198305732269 Name: Owl Character: Owl

END with Players:
Client has executed command "bans"

TimerTerminateCommand.Enabled with Bans:
Bans:
PlayerID: 76561198274427357
JudgeID: 0
Reason: you were vote kicked Duration: 180 Remaining: 4294119625

END with Bans:
[World] Charles o"brien [alex115]: "/kit start"

Не обработано: DeathMessagesRemastered >> Broadcast: power has been mauled by a zombie! 
DeathMessagesRemastered >> Broadcast: power has been mauled by a zombie! 

Не обработано: power [powermanchik] was mauled by a zombie!
power [powermanchik] was mauled by a zombie!

[World] EinzOulGaun [#Strike »NumbeR ???«]: "вечер"

Client has executed command "players"

TimerTerminateCommand.Enabled with Players:
Players:
PlayerID: 76561198152466685 Name: Blaster006 Character: Blaster006 Ping: 67
PlayerID: 76561198329269141 Name: Iliyas Character: Iliyas Ping: 93
PlayerID: 76561198130825409 Name: ya.maksim51 Character: ya.maksim51 Ping: 66
PlayerID: 76561198340683253 Name: mitin7373 Character: mitin7373 Ping: 86
PlayerID: 76561198336822099 Name: #Strike »NumbeR ???« Character: EinzOulGaun Ping: 46
PlayerID: 76561198346808490 Name: powermanchik Character: power Ping: 206
PlayerID: 76561198252619504 Name: goddam? Character: goddam Ping: 60
PlayerID: 76561198308785981 Name: Черепаха-Мэн Character: Черепаха-Мэн Ping: 134
PlayerID: 76561198285433238 Name: pamidorchuk123 Character: pamidorchuk Ping: 66
PlayerID: 76561198278360341 Name: AcademeG Character: AcademeG Ping: 87
PlayerID: 76561198177412437 Name: korak Character: korak Ping: 175
PlayerID: 76561198232631228 Name: alex115 Character: Charles o"brien Ping: 155

END with Players:
Client has executed command "bans"

TimerTerminateCommand.Enabled with Bans:
Bans:
PlayerID: 76561198274427357
JudgeID: 0
Reason: you were vote kicked Duration: 180 Remaining: 4294119606

END with Bans:
Client has executed command "players"

TimerTerminateCommand.Enabled with Players:
Players:
PlayerID: 76561198152466685 Name: Blaster006 Character: Blaster006 Ping: 79
PlayerID: 76561198329269141 Name: Iliyas Character: Iliyas Ping: 92
PlayerID: 76561198130825409 Name: ya.maksim51 Character: ya.maksim51 Ping: 76
PlayerID: 76561198340683253 Name: mitin7373 Character: mitin7373 Ping: 107
PlayerID: 76561198336822099 Name: #Strike »NumbeR ???« Character: EinzOulGaun Ping: 51
PlayerID: 76561198346808490 Name: powermanchik Character: power Ping: 75
PlayerID: 76561198252619504 Name: goddam? Character: goddam Ping: 58
PlayerID: 76561198308785981 Name: Черепаха-Мэн Character: Черепаха-Мэн Ping: 93
PlayerID: 76561198285433238 Name: pamidorchuk123 Character: pamidorchuk Ping: 77
PlayerID: 76561198278360341 Name: AcademeG Character: AcademeG Ping: 71
PlayerID: 76561198177412437 Name: korak Character: korak Ping: 173
PlayerID: 76561198232631228 Name: alex115 Character: Charles o"brien Ping: 161

Не обработано: DeathMessagesRemastered >> Broadcast: EinzOulGaun was killed by fire!
TimerTerminateCommand.Enabled with Players:
DeathMessagesRemastered >> Broadcast: EinzOulGaun was killed by fire!

Не обработано: EinzOulGaun [#Strike »NumbeR ???«] was burned by a zombie!
TimerTerminateCommand.Enabled with Players:
EinzOulGaun [#Strike »NumbeR ???«] was burned by a zombie!

TimerTerminateCommand.Enabled with Players:
[World] Charles o"brien [alex115]: "/kit help"

END with Players:
Client has executed command "bans"

TimerTerminateCommand.Enabled with Bans:
Bans:
PlayerID: 76561198274427357
JudgeID: 0
Reason: you were vote kicked Duration: 180 Remaining: 4294119583
[World] korak [korak]: "это начало середины конца"

END with Bans:
Client has executed command "players"

TimerTerminateCommand.Enabled with Players:
Players:
PlayerID: 76561198152466685 Name: Blaster006 Character: Blaster006 Ping: 63
PlayerID: 76561198329269141 Name: Iliyas Character: Iliyas Ping: 94
PlayerID: 76561198130825409 Name: ya.maksim51 Character: ya.maksim51 Ping: 61
PlayerID: 76561198340683253 Name: mitin7373 Character: mitin7373 Ping: 72
PlayerID: 76561198336822099 Name: #Strike »NumbeR ???« Character: EinzOulGaun Ping: 46
PlayerID: 76561198346808490 Name: powermanchik Character: power Ping: 77
PlayerID: 76561198252619504 Name: goddam? Character: goddam Ping: 62
PlayerID: 76561198308785981 Name: Черепаха-Мэн Character: Черепаха-Мэн Ping: 111
PlayerID: 76561198285433238 Name: pamidorchuk123 Character: pamidorchuk Ping: 77
PlayerID: 76561198278360341 Name: AcademeG Character: AcademeG Ping: 79
PlayerID: 76561198177412437 Name: korak Character: korak Ping: 165
PlayerID: 76561198232631228 Name: alex115 Character: Charles o"brien Ping: 157

TimerTerminateCommand.Enabled with Players:
[World] EinzOulGaun [#Strike »NumbeR ???«]: "ясно"

TimerTerminateCommand.Enabled with Players:
[World] AcademeG [AcademeG]: "Это вчера после понедельница в среду?"

END with Players:
Client has executed command "bans"

TimerTerminateCommand.Enabled with Bans:
Bans:
PlayerID: 76561198274427357
JudgeID: 0
Reason: you were vote kicked Duration: 180 Remaining: 4294119565

END with Bans:
[World] EinzOulGaun [#Strike »NumbeR ???«]: "/kit start"

Connecting: PlayerID: 76561198326805567 Name: adel_babaev_99 Character: adel_babaev_99

[Area] Черепаха-Мэн [Черепаха-Мэн]: "kit start"

[World] Charles o"brien [alex115]: "/kit claimflag"

[World] EinzOulGaun [#Strike »NumbeR ???«]: "kit bonus"

[World] power [powermanchik]: "/kid start"

[World] AcademeG [AcademeG]: "/kit bonus"

[Area] Черепаха-Мэн [Черепаха-Мэн]: "/\"

Не обработано: DeathMessagesRemastered >> Broadcast: mitin7373 has been mauled by a zombie! 
DeathMessagesRemastered >> Broadcast: mitin7373 has been mauled by a zombie! 

Не обработано: mitin7373 [mitin7373] was mauled by a zombie!
mitin7373 [mitin7373] was mauled by a zombie!

[World] EinzOulGaun [#Strike »NumbeR ???«]: "/kit hdm1"

[World] Charles o"brien [alex115]: "/kits"

Client has executed command "players"

TimerTerminateCommand.Enabled with Players:
Players:
PlayerID: 76561198152466685 Name: Blaster006 Character: Blaster006 Ping: 59
PlayerID: 76561198329269141 Name: Iliyas Character: Iliyas Ping: 103
PlayerID: 76561198130825409 Name: ya.maksim51 Character: ya.maksim51 Ping: 86
PlayerID: 76561198340683253 Name: mitin7373 Character: mitin7373 Ping: 94
PlayerID: 76561198336822099 Name: #Strike »NumbeR ???« Character: EinzOulGaun Ping: 52
PlayerID: 76561198346808490 Name: powermanchik Character: power Ping: 82
PlayerID: 76561198252619504 Name: goddam? Character: goddam Ping: 55
PlayerID: 76561198308785981 Name: Черепаха-Мэн Character: Черепаха-Мэн Ping: 147
PlayerID: 76561198285433238 Name: pamidorchuk123 Character: pamidorchuk Ping: 76
PlayerID: 76561198278360341 Name: AcademeG Character: AcademeG Ping: 87
PlayerID: 76561198177412437 Name: korak Character: korak Ping: 168
PlayerID: 76561198232631228 Name: alex115 Character: Charles o"brien Ping: 157
PlayerID: 76561198326805567 Name: adel_babaev_99 Character: adel_babaev_99 Ping: 331

TimerTerminateCommand.Enabled with Players:
[World] pamidorchuk [pamidorchuk123]: "kit start"

Не обработано: MessageAnnouncer >> Broadcast: vk.com/hemulgm - ЕДИНСТВЕННЫЙ администратор сервера
TimerTerminateCommand.Enabled with Players:
MessageAnnouncer >> Broadcast: vk.com/hemulgm - ЕДИНСТВЕННЫЙ администратор сервера

Не обработано: MessageAnnouncer >> vk.com/hemulgm - ЕДИНСТВЕННЫЙ администратор сервера
TimerTerminateCommand.Enabled with Players:
MessageAnnouncer >> vk.com/hemulgm - ЕДИНСТВЕННЫЙ администратор сервера

END with Players:
Client has executed command "bans"

TimerTerminateCommand.Enabled with Bans:
Bans:
PlayerID: 76561198274427357
JudgeID: 0
Reason: you were vote kicked Duration: 180 Remaining: 4294119544

END with Bans:
[Area] Черепаха-Мэн [Черепаха-Мэн]: "/kit start"

[World] Charles o"brien [alex115]: "/kit claim"

[World] pamidorchuk [pamidorchuk123]: "/kit start"

[Area] EinzOulGaun [#Strike »NumbeR ???«]: "ой"

Client has executed command "players"

TimerTerminateCommand.Enabled with Players:
Players:
PlayerID: 76561198152466685 Name: Blaster006 Character: Blaster006 Ping: 71
PlayerID: 76561198329269141 Name: Iliyas Character: Iliyas Ping: 98
PlayerID: 76561198130825409 Name: ya.maksim51 Character: ya.maksim51 Ping: 83
PlayerID: 76561198340683253 Name: mitin7373 Character: mitin7373 Ping: 90
PlayerID: 76561198336822099 Name: #Strike »NumbeR ???« Character: EinzOulGaun Ping: 40
PlayerID: 76561198346808490 Name: powermanchik Character: power Ping: 75
PlayerID: 76561198252619504 Name: goddam? Character: goddam Ping: 59
PlayerID: 76561198308785981 Name: Черепаха-Мэн Character: Черепаха-Мэн Ping: 140
PlayerID: 76561198285433238 Name: pamidorchuk123 Character: pamidorchuk Ping: 65
PlayerID: 76561198278360341 Name: AcademeG Character: AcademeG Ping: 79
PlayerID: 76561198177412437 Name: korak Character: korak Ping: 188
PlayerID: 76561198232631228 Name: alex115 Character: Charles o"brien Ping: 159
PlayerID: 76561198326805567 Name: adel_babaev_99 Character: adel_babaev_99 Ping: 48

END with Players:
Client has executed command "bans"

TimerTerminateCommand.Enabled with Bans:
Bans:
PlayerID: 76561198274427357
JudgeID: 0
Reason: you were vote kicked Duration: 180 Remaining: 4294119526

END with Bans:
[Area] EinzOulGaun [#Strike »NumbeR ???«]: "/kit bonus"

[Area] EinzOulGaun [#Strike »NumbeR ???«]: "/kit bonus"

[Area] EinzOulGaun [#Strike »NumbeR ???«]: "its"

Client has executed command "players"

TimerTerminateCommand.Enabled with Players:
Players:
PlayerID: 76561198152466685 Name: Blaster006 Character: Blaster006 Ping: 80
PlayerID: 76561198329269141 Name: Iliyas Character: Iliyas Ping: 93
PlayerID: 76561198130825409 Name: ya.maksim51 Character: ya.maksim51 Ping: 74
PlayerID: 76561198340683253 Name: mitin7373 Character: mitin7373 Ping: 85
PlayerID: 76561198336822099 Name: #Strike »NumbeR ???« Character: EinzOulGaun Ping: 43
PlayerID: 76561198346808490 Name: powermanchik Character: power Ping: 74
PlayerID: 76561198252619504 Name: goddam? Character: goddam Ping: 58
PlayerID: 76561198308785981 Name: Черепаха-Мэн Character: Черепаха-Мэн Ping: 142
PlayerID: 76561198285433238 Name: pamidorchuk123 Character: pamidorchuk Ping: 77
PlayerID: 76561198278360341 Name: AcademeG Character: AcademeG Ping: 85
PlayerID: 76561198177412437 Name: korak Character: korak Ping: 180
PlayerID: 76561198232631228 Name: alex115 Character: Charles o"brien Ping: 156
PlayerID: 76561198326805567 Name: adel_babaev_99 Character: adel_babaev_99 Ping: 58

END with Players:
Client has executed command "bans"

TimerTerminateCommand.Enabled with Bans:
Bans:
PlayerID: 76561198274427357
JudgeID: 0
Reason: you were vote kicked Duration: 180 Remaining: 4294119506

TimerTerminateCommand.Enabled with Bans:
[Area] EinzOulGaun [#Strike »NumbeR ???«]: "/kits"

END with Bans:
[Area] EinzOulGaun [#Strike »NumbeR ???«]: "/kit help"

[World] AcademeG [AcademeG]: "/home"

[World] adel_babaev_99 [adel_babaev_99]: "/TPA ЧЕ"

Client has executed command "players"

TimerTerminateCommand.Enabled with Players:
Players:
PlayerID: 76561198152466685 Name: Blaster006 Character: Blaster006 Ping: 59
PlayerID: 76561198329269141 Name: Iliyas Character: Iliyas Ping: 92
PlayerID: 76561198130825409 Name: ya.maksim51 Character: ya.maksim51 Ping: 59
PlayerID: 76561198340683253 Name: mitin7373 Character: mitin7373 Ping: 89
PlayerID: 76561198336822099 Name: #Strike »NumbeR ???« Character: EinzOulGaun Ping: 48
PlayerID: 76561198346808490 Name: powermanchik Character: power Ping: 78
PlayerID: 76561198252619504 Name: goddam? Character: goddam Ping: 62
PlayerID: 76561198308785981 Name: Черепаха-Мэн Character: Черепаха-Мэн Ping: 141
PlayerID: 76561198285433238 Name: pamidorchuk123 Character: pamidorchuk Ping: 75
PlayerID: 76561198278360341 Name: AcademeG Character: AcademeG Ping: 204
PlayerID: 76561198177412437 Name: korak Character: korak Ping: 165
PlayerID: 76561198232631228 Name: alex115 Character: Charles o"brien Ping: 163
PlayerID: 76561198326805567 Name: adel_babaev_99 Character: adel_babaev_99 Ping: 74

TimerTerminateCommand.Enabled with Players:
[Area] EinzOulGaun [#Strike »NumbeR ???«]: "/kit claim"

END with Players:
Client has executed command "bans"

TimerTerminateCommand.Enabled with Bans:
Bans:
PlayerID: 76561198274427357
JudgeID: 0
Reason: you were vote kicked Duration: 180 Remaining: 4294119486

END with Bans:
[Area] EinzOulGaun [#Strike »NumbeR ???«]: "/kit hqm1"

[World] adel_babaev_99 [adel_babaev_99]: "прими  пожалуйста"

Client has executed command "players"

TimerTerminateCommand.Enabled with Players:
Players:
PlayerID: 76561198152466685 Name: Blaster006 Character: Blaster006 Ping: 62
PlayerID: 76561198329269141 Name: Iliyas Character: Iliyas Ping: 100
PlayerID: 76561198130825409 Name: ya.maksim51 Character: ya.maksim51 Ping: 49
PlayerID: 76561198340683253 Name: mitin7373 Character: mitin7373 Ping: 74
PlayerID: 76561198336822099 Name: #Strike »NumbeR ???« Character: EinzOulGaun Ping: 55
PlayerID: 76561198346808490 Name: powermanchik Character: power Ping: 80
PlayerID: 76561198252619504 Name: goddam? Character: goddam Ping: 61
PlayerID: 76561198308785981 Name: Черепаха-Мэн Character: Черепаха-Мэн Ping: 161
PlayerID: 76561198285433238 Name: pamidorchuk123 Character: pamidorchuk Ping: 83
PlayerID: 76561198278360341 Name: AcademeG Character: AcademeG Ping: 93
PlayerID: 76561198177412437 Name: korak Character: korak Ping: 189
PlayerID: 76561198232631228 Name: alex115 Character: Charles o"brien Ping: 174
PlayerID: 76561198326805567 Name: adel_babaev_99 Character: adel_babaev_99 Ping: 57

END with Players:
Client has executed command "bans"

TimerTerminateCommand.Enabled with Bans:
Bans:
PlayerID: 76561198274427357
JudgeID: 0
Reason: you were vote kicked Duration: 180 Remaining: 4294119466

END with Bans:
[Area] EinzOulGaun [#Strike »NumbeR ???«]: "/kits"

