21.07.2017 8:50:30: Не обработано: Expert1337 телепортирован к w_w_w
21.07.2017 8:51:39: Не обработано: Expert1337 телепортирован к Aerospace Defense Complex
21.07.2017 8:51:40: Не обработано: Expert1337 moved x:-1411.063 y:194.3527(+134.0301) z:1115.209 in the last second (1)
21.07.2017 8:51:48: Не обработано: w_w_w был телепортирован к Expert1337
21.07.2017 8:51:48: Не обработано: w_w_w moved x:-1411.063 y:193.9612(+135.3801) z:1115.209 in the last second (0.6085663)
21.07.2017 8:52:29: Не обработано: Expert1337 телепортирован к Camp Dusseldorf
21.07.2017 8:53:06: Не обработано: Expert1337 телепортирован к w_w_w
21.07.2017 8:53:06: Не обработано: Expert1337 moved x:-1324.05 y:200.6122(+130.9237) z:1179.608 in the last second (0.5999908)
21.07.2017 8:54:33: Не обработано: Expert1337 телепортирован к Berlin
21.07.2017 8:59:03: Не обработано: Expert1337 включен Godmode
21.07.2017 9:02:32: Не обработано: Admiral [Nekochan] was mauled by a zombie!
21.07.2017 9:06:13: Не обработано: w_w_w moved x:-543.0471 y:195.0905(+92.77798) z:1332.411 in the last second (0.1000671)
21.07.2017 9:09:03: Сохранение сервера
21.07.2017 9:09:41: Не обработано: Expert1337 телепортирован к w_w_w
21.07.2017 9:10:18: Не обработано: Expert1337 телепортирован к Schwarzwald Military Base
21.07.2017 9:10:18: Не обработано: Expert1337 moved x:-1527.94 y:153.0063(+85.10125) z:-162.634 in the last second (1)
21.07.2017 9:10:36: Не обработано: w_w_w moved x:522.3638 y:106.321(+31.02489) z:698.4727 in the last second (0.05000305)
21.07.2017 9:12:35: Не обработано: w_w_w был телепортирован к Expert1337
21.07.2017 9:12:35: Не обработано: w_w_w moved x:-1560.402 y:150.6091(+70.23425) z:-116.9329 in the last second (0.5999908)
21.07.2017 9:18:02: Не обработано: Expert1337 телепортирован к w_w_w
21.07.2017 9:18:02: Не обработано: Expert1337 moved x:-1578.533 y:182.4648(+32.35565) z:-39.88385 in the last second (32.35039)
21.07.2017 9:22:07: Не обработано: Expert1337 телепортирован к w_w_w
21.07.2017 9:22:07: Не обработано: Expert1337 moved x:-1579.666 y:182.4392(+32.33002) z:-39.77062 in the last second (32.43001)
21.07.2017 9:27:33: Не обработано: w_w_w [boker] was mauled by a zombie!
21.07.2017 9:28:00: Не обработано: w_w_w был телепортирован к Expert1337
21.07.2017 9:28:01: Не обработано: w_w_w moved x:-1613.851 y:150.6091(+114.8666) z:-54.60051 in the last second (0.5999908)
21.07.2017 9:31:01: Не обработано: Expert1337 телепортирован к Aerospace Defense Complex
21.07.2017 9:31:01: Не обработано: Expert1337 moved x:-1411.063 y:194.3527(+44.24352) z:1115.209 in the last second (1)
21.07.2017 9:31:08: Не обработано: w_w_w был телепортирован к Expert1337
21.07.2017 9:31:08: Не обработано: w_w_w moved x:-1407.224 y:197.1633(+47.0542) z:1131.301 in the last second (0.6070709)
21.07.2017 9:33:47: Не обработано: Expert1337 телепортирован к w_w_w
21.07.2017 9:33:47: Не обработано: Expert1337 moved x:-1406.285 y:227.2117(+26.45638) z:1235.057 in the last second (15.0304)
21.07.2017 9:34:50: Не обработано: Expert1337 телепортирован к Limestone Quarry
21.07.2017 9:34:50: Не обработано: Expert1337 moved x:-536.2391 y:220.7316(+46.80446) z:1404.996 in the last second (1)
21.07.2017 9:36:11: Не обработано: Expert1337 телепортирован к w_w_w
21.07.2017 9:36:41: Не обработано: w_w_w moved x:320.2666 y:103.1725(+23.0676) z:462.233 in the last second (1)
21.07.2017 9:39:03: Сохранение сервера
21.07.2017 9:40:18: Не обработано: w_w_w moved x:325.944 y:98.78313(+66.78896) z:382.2036 in the last second (0.1198044)
21.07.2017 10:09:03: Сохранение сервера
21.07.2017 10:39:03: Сохранение сервера
21.07.2017 10:48:55: Не обработано: belevtsov.kirill [belevtsov.kirill] was mauled by a zombie!
21.07.2017 10:55:51: Не обработано: belevtsov.kirill moved x:1648.923 y:85.36446(+51.55678) z:15.15401 in the last second (0.6382599)
21.07.2017 11:03:37: Не обработано: Dimango moved x:-1427.029 y:156.4595(+114.1569) z:-1768.968 in the last second (1)
21.07.2017 11:03:39: Не обработано: belevtsov.kirill moved x:-1427.531 y:155.5595(+113.2569) z:-1764.41 in the last second (0.09999084)
21.07.2017 11:09:03: Сохранение сервера
21.07.2017 11:12:18: Не обработано: Dimango moved x:-1589.729 y:148.6252(+118.3976) z:-1733.06 in the last second (18.40617)
21.07.2017 11:12:33: Не обработано: Dimango [Dimango] bled to death!
21.07.2017 11:14:01: Не обработано: Dimango moved x:-1583.656 y:149.427(+81.58905) z:-1749.574 in the last second (8.827072)
21.07.2017 11:30:39: Не обработано: 7_AleX_3 [7_AleX_3] bled to death!
21.07.2017 11:39:03: Сохранение сервера
21.07.2017 11:50:40: Не обработано: Александр Петров был исцелён
21.07.2017 11:55:45: Не обработано: zaitsevtemech moved x:-433.198 y:208.4072(+155.2635) z:1526.998 in the last second (0.5999908)
