Не обработано: RocketRcon v2.4.8.0
RocketRcon v2.4.8.0

Client has executed command "players"

TimerTerminateCommand.Enabled with Players:
Players:
PlayerID: 76561198366549870 Name: Expert13372284200 Character: Expert1337 Ping: 132
PlayerID: 76561198280617288 Name: Незнаю какой придумать Character: Пипр Ping: 54
PlayerID: 76561198253525803 Name: [MEMES]Кристя)) Character: [MEMES]Кристя)) Ping: 7
PlayerID: 76561198341672556 Name: st.vladir Character: st.vladir Ping: 140
PlayerID: 76561198157563744 Name: Jason Voorhees Character: Jason Voorhees Ping: 70
PlayerID: 76561198203080154 Name: -_- Character: hero Ping: 70
PlayerID: 76561198292543416 Name: Mr_GiladKing Character: GamerYT Ping: 39
PlayerID: 76561198056237987 Name: Calibrovshik Character: Calibrovshik Ping: 93
PlayerID: 76561198200101595 Name: Deus vult Character: Nevalyasha4 Ping: 109
PlayerID: 76561198119414469 Name: Postman Pat Character: Postman Pat Ping: 70
PlayerID: 76561198391626023 Name: roman.sagitov.2017 Character: Roma Sagitow Ping: 46
PlayerID: 76561198295801599 Name: Lo[x] Character: Lo[x] Ping: 46
PlayerID: 76561198371041527 Name: ¦_s1mple_¦ Character: miguelhormat Ping: 203
PlayerID: 76561198176817369 Name: ?. Character: GlodiS Ping: 62
PlayerID: 76561198391121800 Name: Джеимс Вурхиз Character: Джеимс Вурхиз Ping: 46
PlayerID: 76561198388679451 Name: jarobmw Character: inferno king Ping: 117
PlayerID: 76561198263636845 Name: matic Character: matic Ping: 93
PlayerID: 76561198322193999 Name: ™_Game®_™ Character: Карл Иванович Ping: 62

TimerTerminateCommand.Enabled with Players:
Client has executed command "bans"

END with Players:
TimerTerminateCommand.Enabled with Bans:
Bans:
PlayerID: 123123
JudgeID: 0
Reason: unspecified Duration: 31536000 Remaining: 31371717
PlayerID: 123
JudgeID: 0
Reason: durila Duration: 4000 Remaining: 4294807511
PlayerID: 76561198274427357
JudgeID: 0
Reason: you were vote kicked Duration: 180 Remaining: 4294835884

TimerTerminateCommand.Enabled with Bans:
[Area] Пипр [Незнаю какой придумать]: "да"

TimerTerminateCommand.Enabled with Bans:
[World] miguelhormat [¦_s1mple_¦]: "/home"

Не обработано: miguelhormat moved x:-695.4576 y:74.73216(+47.0508) z:-626.6902 in the last second (0.2379227)
TimerTerminateCommand.Enabled with Bans:
miguelhormat moved x:-695.4576 y:74.73216(+47.0508) z:-626.6902 in the last second (0.2379227)

TimerTerminateCommand.Enabled with Bans:
Client has executed command "1"

