Не обработано: RocketRcon v2.4.8.0
RocketRcon v2.4.8.0

Client has executed command "players"

TimerTerminateCommand.Enabled with Players:
Players:
PlayerID: 76561198309008539 Name: NOOO-SENPAI... Character: Сенпай Ping: 31
PlayerID: 76561198123840535 Name: ?????? Character: top Ping: 140
PlayerID: 76561198151655003 Name: HemulGM Character: HemulGM Ping: 15
PlayerID: 76561198297629847 Name: VeZuN4iK Character: DeN Ping: 39
PlayerID: 76561198147477828 Name: galbatsovmikail Character: galbatsovmikail Ping: 70
PlayerID: 76561198390219785 Name: emokacper110 Character: emokacper110 Ping: 140
PlayerID: 76561198366549870 Name: Expert13372284200 Character: Expert1337 Ping: 148
PlayerID: 76561198376416045 Name: xitrfaratez Character: xitrfaratez Ping: 78
PlayerID: 76561198292678291 Name: WayRaX Character: s1mple Ping: 78

TimerTerminateCommand.Enabled with Players:
Client has executed command "syaa "789:;<=>?@ABCDEF""

TimerTerminateCommand.Enabled with Players:
Connecting: PlayerID: 76561198341646391 Name: bazanova-t Character: Подрывник

TimerTerminateCommand.Enabled with Players:
[World] galbatsovmikail [galbatsovmikail]: "спс"

