26.09.2017 15:12:18: максим истЄк кровью!
26.09.2017 15:31:52: максим был съеден зомби! 
26.09.2017 15:55:58: —ћ≈–“№ был съеден зомби! 
26.09.2017 15:56:09: Enderapple был съеден зомби! 
26.09.2017 17:00:41: vanes.vankevich был съеден зомби! 
26.09.2017 17:42:06: кирил рошко был съеден зомби! 
26.09.2017 18:09:47: VADIM был съеден зомби! 
26.09.2017 18:09:49: lola был съеден зомби! 
26.09.2017 18:22:48: lola был съеден зомби! 
26.09.2017 18:26:51: lola был съеден зомби! 
26.09.2017 18:41:51: Foxis совершил суецид!
26.09.2017 19:01:55: √анс истЄк кровью!
26.09.2017 19:02:59: ¬ладислав ÷ыпленков был съеден зомби! 
26.09.2017 19:12:28: Ucok Gambut был съеден зомби! 
26.09.2017 19:24:38: LoL_101_LoL был съеден зомби! 
26.09.2017 19:30:57: VADIM умер от голода!
26.09.2017 19:47:33: tesch96 истЄк кровью!
26.09.2017 20:06:10: VADIM совершил суецид!
26.09.2017 20:06:47: aimigunova был съеден зомби! 
26.09.2017 20:15:02: хмурый был съеден зомби! 
26.09.2017 20:16:12: хмурый был съеден зомби! 
26.09.2017 20:21:30: Vitkor died of holding his breath for too long!
26.09.2017 20:23:02: aimigunova был съеден зомби! 
26.09.2017 20:26:51: aimigunova истЄк кровью!
26.09.2017 20:35:49: јЌƒ–≈…  ѕќѕќ¬ был съеден зомби! 
26.09.2017 20:38:53: VADIM был съеден зомби! 
26.09.2017 20:46:20: VADIM был съеден зомби! 
26.09.2017 23:10:18: Foxis был съеден зомби! 
26.09.2017 23:33:37: drug.druzey.99 был съеден зомби! 
26.09.2017 23:54:44: headset совершил суецид!
26.09.2017 23:54:59: headset совершил суецид!
27.09.2017 0:21:12: ghost17423 был съеден зомби! 
27.09.2017 9:57:24: 7_AleX_3 был убит взрывной волной от машины!
27.09.2017 16:00:05: (¬оенный)ван€ пошов был убит взрывной волной от машины!
27.09.2017 16:00:05: дедушка Ќј– јћјЌ был убит взрывной волной от машины!
27.09.2017 16:47:07: mitiy2008 совершил суецид!
27.09.2017 18:21:27: fik.war отравилс€!
27.09.2017 18:22:46: vladim был съеден зомби! 
27.09.2017 18:25:30: ћистер ¬∆”’! был убит взрывной волной от машины!
27.09.2017 19:18:38: vladim совершил суецид!
27.09.2017 19:26:26: Wreazy был съеден зомби! 
27.09.2017 19:30:03: spyso истЄк кровью!
27.09.2017 19:33:33: spyso был съеден зомби! 
27.09.2017 19:34:09: spyso был убит взрывной волной от машины!
27.09.2017 19:43:49: bogdandota2 был съеден зомби! 
27.09.2017 20:23:46: belle.belle.love был съеден зомби! 
27.09.2017 21:29:37: 7_AleX_3 был убит плювальщиком!
27.09.2017 21:55:39: Wreazy был убит взрывной волной от машины!
27.09.2017 21:55:49: “иѕо  отравилс€!
27.09.2017 22:01:20: ƒарт Ѕонд€ был съеден зомби! 
27.09.2017 22:04:55: maltekardell был съеден зомби! 
27.09.2017 22:09:44: тво€ мама был съеден зомби! 
27.09.2017 23:19:07: Squeaky_Puffin был съеден зомби! 
27.09.2017 23:33:35: rav.c died of holding his breath for too long!
27.09.2017 23:43:39: YooweK был съеден зомби! 
27.09.2017 23:49:36: Wreazy истЄк кровью!
28.09.2017 5:34:11: Muffincutter совершил суецид!
28.09.2017 5:35:29: Muffincutter был съеден зомби! 
28.09.2017 5:47:03: VidGam3r истЄк кровью!
28.09.2017 5:55:43: VidGam3r совершил суецид!
28.09.2017 11:20:21: меченый истЄк кровью!
28.09.2017 11:22:37: 7_AleX_3 был съеден зомби! 
28.09.2017 12:38:40: Ёльдар ƒаутов был съеден зомби! 
28.09.2017 12:51:27: rafael.rod78 был съеден зомби! 
28.09.2017 13:04:32: ј–“®ћ был съеден зомби! 
28.09.2017 13:06:56: ј–“®ћ был съеден зомби! 
28.09.2017 13:07:19: ѕаша Ќоколев был съеден зомби! 
28.09.2017 13:10:43: ј–“®ћ был съеден зомби! 
28.09.2017 13:48:36: vladim был съеден зомби! 
28.09.2017 14:02:23: √еоргий Ўуль был съеден зомби! 
28.09.2017 14:13:42: vladim истЄк кровью!
28.09.2017 14:28:38: vladim истЄк кровью!
28.09.2017 15:11:40: vanes.vankevich был съеден зомби! 
28.09.2017 16:13:19: √абрилов јртур совершил суецид!
28.09.2017 17:14:23: petrovitek был убит плювальщиком!
28.09.2017 17:51:15: &&&"""’’’...“≈Ќ№..’’’"""$$$ был съеден зомби! 
28.09.2017 18:24:05: Zjem_Cie_PL был съеден зомби! 
28.09.2017 19:21:45: vladim был съеден зомби! 
28.09.2017 20:04:45: UltraPro9999 совершил суецид!
28.09.2017 20:44:01: nazar173982460 был съеден зомби! 
28.09.2017 20:47:01: nazar173982460 был съеден зомби! 
28.09.2017 21:07:09: Ёрдн€ —ангаджиев истЄк кровью!
28.09.2017 21:32:28: HemulGM был съеден зомби! 
28.09.2017 21:43:51: HemulGM был съеден зомби! 
28.09.2017 22:44:05: TakashiOriginPL был съеден зомби! 
28.09.2017 22:51:57: Wreazy истЄк кровью!
28.09.2017 22:56:09: антидепрессант был съеден зомби! 
28.09.2017 23:23:14: Locky совершил суецид!
28.09.2017 23:23:19: Locky совершил суецид!
28.09.2017 23:23:25: Locky совершил суецид!
28.09.2017 23:40:40: [chef mafieux] matrix1510 был съеден зомби! 
28.09.2017 23:59:50: Wreazy был съеден зомби! 
29.09.2017 9:15:38: nikita22 был съеден зомби! 
29.09.2017 9:46:54: Ќиколай Ѕушуев совершил суецид!
29.09.2017 10:58:12: [зам гл.полиции]≈вгений ƒрочкама совершил суецид!
29.09.2017 12:56:09: the himan совершил суецид!
29.09.2017 14:04:19: »ль€ ƒЄгтев был убит плювальщиком!
29.09.2017 14:15:00: »ль€ ƒЄгтев сгорел!
29.09.2017 16:17:21: faraaj07smart был съеден зомби! 
29.09.2017 17:01:18: ≈вгений  укур€цин был съеден зомби! 
29.09.2017 17:20:28: Feldermen был убит плювальщиком!
29.09.2017 17:28:38: kjell был съеден зомби! 
29.09.2017 17:31:00: trixalpha был съеден зомби! 
29.09.2017 17:31:12: kjell был съеден зомби! 
29.09.2017 17:34:33: trixalpha был съеден зомби! 
29.09.2017 17:35:46: trixalpha истЄк кровью!
29.09.2017 17:40:56: kissjanos54 был съеден зомби! 
29.09.2017 17:43:39: bogdandota2 сгорел!
29.09.2017 17:49:44: farukatarr был съеден зомби! 
29.09.2017 18:22:22: романович саша был съеден зомби! 
29.09.2017 18:33:01: √ражданин: –адмир Ёргашев истЄк кровью!
29.09.2017 18:33:10: романович саша был съеден зомби! 
29.09.2017 18:33:31: vladim был съеден зомби! 
29.09.2017 18:35:26: романович саша был съеден зомби! 
29.09.2017 18:46:00: Saya был съеден зомби! 
29.09.2017 18:55:26: Ilyha истЄк кровью!
29.09.2017 18:58:30: романович саша был съеден зомби! 
29.09.2017 19:06:41: Ilyha был съеден зомби! 
29.09.2017 19:19:20: 86maxim174 был съеден зомби! 
29.09.2017 20:02:30: 86maxim174 был съеден зомби! 
29.09.2017 20:14:25: 86maxim174 истЄк кровью!
29.09.2017 20:23:25: ќсЄтр совершил суецид!
29.09.2017 20:23:37: ќсЄтр совершил суецид!
29.09.2017 20:35:35: 86maxim174 истЄк кровью!
29.09.2017 20:36:35: RaczMilan01 [HUN] истЄк кровью!
29.09.2017 20:51:08: Muliksa утонул!
29.09.2017 21:20:42: m1leron был съеден зомби! 
29.09.2017 21:33:34: TWITER CZ был съеден зомби! 
29.09.2017 21:42:58: m1leron был съеден зомби! 
29.09.2017 21:44:40: FireBoss был съеден зомби! 
29.09.2017 21:47:50: FireBoss был съеден зомби! 
29.09.2017 22:03:16: FireBoss был съеден зомби! 
29.09.2017 22:20:35: Smxke совершил суецид!
29.09.2017 22:22:27: jahgamers0 csgobig.com истЄк кровью!
29.09.2017 22:28:02: jahgamers0 csgobig.com истЄк кровью!
29.09.2017 22:28:47: khobtaden истЄк кровью!
29.09.2017 22:35:15: khobtaden был убит плювальщиком!
29.09.2017 23:09:35: Mr_Chocolate был съеден зомби! 
29.09.2017 23:19:28: emmet_brown истЄк кровью!
29.09.2017 23:31:17: pokoksv4 был съеден зомби! 
29.09.2017 23:33:31: josselievann был съеден зомби! 
29.09.2017 23:40:10: xRakmosx был съеден зомби! 
29.09.2017 23:47:40: xRakmosx был съеден зомби! 
30.09.2017 11:49:25: vladim, убит в голову, bogdandota2, HP: 100%, использу€ Cobra !
30.09.2017 11:50:24: bogdandota2 убит в голову, vladim, HP: 44%!
30.09.2017 12:08:23: STALKER_NO_PROBLEM, HP: 100%, был отравлен, bogdandota2, и умер! использу€ Camp Axe
30.09.2017 12:15:07: ¬ас€ ѕушкин был съеден зомби! 
30.09.2017 12:23:15: ¬лад “русов был съеден зомби! 
30.09.2017 12:24:33: Vlad Nagib истЄк кровью!
30.09.2017 12:25:16: Vlad Nagib был съеден зомби! 
30.09.2017 12:26:23: Vlad Nagib совершил суецид!
30.09.2017 12:27:20: bogdandota2 истЄк кровью!
30.09.2017 12:28:30: Ћ»’ќ… был съеден зомби! 
30.09.2017 12:30:09: Ћ»’ќ…, убит в голову, макс иванов, HP: 90%, использу€ Chainsaw !
30.09.2017 12:33:24: Ћ»’ќ… был съеден зомби! 
30.09.2017 12:35:11: NoName был съеден зомби! 
30.09.2017 12:37:48: Ћ»’ќ… истЄк кровью!
30.09.2017 12:41:34: NoName истЄк кровью!
30.09.2017 12:42:10: NoName был съеден зомби! 
30.09.2017 12:46:14: NoName истЄк кровью!
30.09.2017 12:46:23: MiraCZ был съеден зомби! 
30.09.2017 12:46:37: ¬лад “русов истЄк кровью!
30.09.2017 12:48:22: ¬лад “русов был съеден зомби! 
30.09.2017 12:51:40: ¬лад “русов истЄк кровью!
30.09.2017 12:52:16: _zzzz_banancik228_zzzzzzz_ был съеден зомби! 
30.09.2017 12:52:37: NoName был съеден зомби! 
30.09.2017 12:53:04: василий петрвоич, убит в голову, svova2007, HP: 89%, использу€ Camp Axe !
30.09.2017 12:54:41: NoName сгорел!
30.09.2017 12:57:46: _zzzz_banancik228_zzzzzzz_ истЄк кровью!
30.09.2017 12:58:14: NoName был съеден зомби! 
30.09.2017 13:03:54: pokoksv4 истЄк кровью!
30.09.2017 13:04:17: GAMEBOT2.0 был съеден зомби! 
30.09.2017 13:40:41: zloinecrasov был съеден зомби! 
30.09.2017 13:45:19: GalaxiBla был съеден зомби! 
30.09.2017 13:49:16: Velocimarc был съеден зомби! 
30.09.2017 13:49:24: lmanrubiagarcia был съеден зомби! 
30.09.2017 13:49:45: GalaxiBla сгорел!
30.09.2017 13:52:09: zloinecrasov, убит в голову, [coalition] gordon, HP: 100%, использу€ Military Knife !
30.09.2017 13:54:21: mafia_228123 истЄк кровью!
30.09.2017 13:56:54: [coalition] gordon, убит в голову, GalaxiBla, HP: 100%, использу€ Golf Club !
30.09.2017 13:57:17: lmanrubiagarcia истЄк кровью!
30.09.2017 13:59:01: mafia_228123 был съеден зомби! 
30.09.2017 14:05:04: ƒиджей был съеден зомби! 
30.09.2017 14:07:24: Velocimarc, убит в голову, јлександр ћикитюк, HP: 89%, использу€ Shadowstalker !
30.09.2017 14:07:27: GalaxiBla был съеден зомби! 
30.09.2017 14:07:35: lmanrubiagarcia истЄк кровью!
30.09.2017 14:11:38: |Gothic|, HP: 100%, убит, zloinecrasov, использу€ Honeybadger !
30.09.2017 14:11:45: Smxke был съеден зомби! 
30.09.2017 14:14:03: Smxke сгорел!
30.09.2017 14:14:43: jahgamers0 csgobig.com истЄк кровью!
30.09.2017 14:20:57: Jeremy был съеден зомби! 
30.09.2017 14:24:08: topxyi был съеден зомби! 
30.09.2017 14:27:58: vladim, HP: 62%, был отравлен, topxyi, и умер! использу€ Katana
30.09.2017 14:28:44: 86maxim174 убит в голову, foxrey96, HP: 74%!
30.09.2017 14:30:22: VALI35 истЄк кровью!
30.09.2017 14:31:54: Tinku_Vinku, HP: 90%, был отравлен, kabal355, и умер! использу€ Military Knife
30.09.2017 14:32:13: Jeremy истЄк кровью!
30.09.2017 14:36:05: Tinku_Vinku был съеден зомби! 
30.09.2017 14:38:50: vladim, убит в голову, foxrey96, HP: 77%, использу€ Eaglefire !
30.09.2017 14:39:58: vladim, убит в голову, foxrey96, HP: 87%, использу€ Eaglefire !
30.09.2017 14:40:32: 86maxim174 был съеден зомби! 
30.09.2017 14:42:05: 86maxim174 истЄк кровью!
30.09.2017 14:42:06: vladim был съеден зомби! 
30.09.2017 14:43:49: 86maxim174 был съеден зомби! 
30.09.2017 14:44:00: vladim был съеден зомби! 
30.09.2017 14:46:00: 86maxim174 был съеден зомби! 
30.09.2017 14:52:02: 86maxim174 был съеден зомби! 
30.09.2017 14:55:11: 86maxim174 истЄк кровью!
30.09.2017 14:56:50: Smxke истЄк кровью!
30.09.2017 14:57:02: jahgamers0 csgobig.com истЄк кровью!
30.09.2017 14:59:59: vladim истЄк кровью!
30.09.2017 15:03:27: jahgamers0 csgobig.com был съеден зомби! 
30.09.2017 15:03:40: Smxke истЄк кровью!
30.09.2017 15:05:11: 86maxim174 был съеден зомби! 
30.09.2017 15:08:40: jahgamers0 csgobig.com, убит в голову, Alenzak, HP: 26%, использу€ Cobra !
30.09.2017 15:09:19: Alenzak был убит взрывной волной от машины!
30.09.2017 15:09:40: jahgamers0 csgobig.com был съеден зомби! 
30.09.2017 15:12:22: »ван јрсентьев истЄк кровью!
30.09.2017 15:18:54: романович саша был съеден зомби! 
30.09.2017 15:22:44: »ван јрсентьев истЄк кровью!
30.09.2017 15:22:58: |Gothic|, HP: 76%, убит, Ќикита јнтоненко, использу€ Honeybadger !
30.09.2017 15:23:57: |Gothic|, HP: 100%, убит,  Sasha Simon, использу€ Honeybadger !
30.09.2017 15:24:00: |Gothic|, HP: 100%, убит, »ван јрсентьев, использу€ Honeybadger !
30.09.2017 15:24:50: mlgfigther13 csgoroll.com, HP: 99%, убит, jahgamers0 csgobig.com, использу€ Cobra !
30.09.2017 15:25:03: Ќикита јнтоненко, HP: 37%, убит, Smxke, использу€ Maplestrike !
30.09.2017 15:31:35: BROTIWKA истЄк кровью!
30.09.2017 15:33:10: Smxke сгорел!
30.09.2017 15:34:40: √ражданин: –адмир Ёргашев был съеден зомби! 
30.09.2017 15:35:21: ƒжеймс  был съеден зомби! 
30.09.2017 15:36:30:  Sasha Simon, убит в голову, Ќикита јнтоненко, HP: 68%, использу€ Empire !
30.09.2017 15:37:14: |Gothic|, HP: 100%, убит, Ћесник, использу€ Honeybadger !
30.09.2017 15:38:19: романович саша был съеден зомби! 
30.09.2017 15:38:22: √ражданин: –адмир Ёргашев был съеден зомби! 
30.09.2017 15:38:40: SexySquid, убит в голову, |Gothic|, HP: 100%, использу€ Honeybadger !
30.09.2017 15:40:10: Smxke, убит в голову, |Gothic|, HP: 100%, использу€ Shadowstalker !
30.09.2017 15:40:16: ƒжеймс , HP: 100%, был отравлен, романович саша, и умер! использу€ Military Knife
30.09.2017 15:40:45: jahgamers0 csgobig.com был съеден зомби! 
30.09.2017 15:40:53: ƒжеймс , HP: 100%, был отравлен, романович саша, и умер! использу€ Military Knife
30.09.2017 15:41:39: 2005m.v.k был съеден зомби! 
30.09.2017 15:43:49: романович саша был съеден зомби! 
30.09.2017 15:45:03: романович саша был съеден зомби! 
30.09.2017 15:45:20: SexySquid был съеден зомби! 
30.09.2017 15:50:18: √ражданин: –адмир Ёргашев был съеден зомби! 
30.09.2017 15:50:46: романович саша был съеден зомби! 
30.09.2017 15:53:12: Smxke, HP: 94%, был отравлен, √ражданин: –адмир Ёргашев, и умер! использу€ Military Knife
30.09.2017 15:58:59: 2005m.v.k был съеден зомби! 
30.09.2017 16:00:54: 2005m.v.k истЄк кровью!
30.09.2017 16:01:17: ƒжеймс , убит в голову, BROTIWKA, HP: 66%, использу€ Baseball Bat !
30.09.2017 16:07:15: SOFAK был съеден зомби! 
30.09.2017 16:09:08: 2005m.v.k, HP: 90%, убит, Smxke, использу€ Maschinengewehr !
30.09.2017 16:09:20: jahgamers0 csgobig.com истЄк кровью!
30.09.2017 16:09:31: Hush был съеден зомби! 
30.09.2017 16:12:58: Hush истЄк кровью!
30.09.2017 16:16:54: Smxke, HP: 78%, убит, dmitridzr, использу€ Calling Card !
30.09.2017 16:18:57: dmitridzr был съеден зомби! 
30.09.2017 16:19:34: Smxke, HP: 78%, убит, Hush, использу€ Calling Card !
30.09.2017 16:20:19: dmitridzr был съеден зомби! 
30.09.2017 16:20:23: Smxke, HP: 78%, убит, Hush, использу€ Calling Card !
30.09.2017 16:24:06: jahgamers0 csgobig.com, убит в голову, vladim, HP: 73%, использу€ Empire !
30.09.2017 16:24:11: 86maxim174 сгорел!
30.09.2017 16:24:48: jahgamers0 csgobig.com был съеден зомби! 
30.09.2017 16:26:06: vladim, убит в голову, Smxke, HP: 57%, использу€ Scalar !
30.09.2017 16:26:15: 86maxim174, убит в голову, Smxke, HP: 57%, использу€ Scalar !
30.09.2017 16:27:18: kirito LVL.14 был съеден зомби! 
30.09.2017 16:32:13: jahgamers0 csgobig.com истЄк кровью!
30.09.2017 16:32:48: Smxke был съеден зомби! 
30.09.2017 16:33:50: jahgamers0 csgobig.com был съеден зомби! 
30.09.2017 16:35:51: јлександр ћикитюк, HP: 97%, убит, miron_s04, использу€ Empire !
30.09.2017 16:37:26: |Gothic|, HP: 100%, убит, kirito LVL.14, использу€ Ekho !
30.09.2017 16:39:52: |Gothic|, HP: 100%, убит, kirito LVL.14, использу€ Honeybadger !
30.09.2017 16:40:08: bogdandota2, убит в голову, |Gothic|, HP: 91%, использу€ Honeybadger !
30.09.2017 16:40:41: |Gothic|, HP: 91%, убит, Vlad Nagib, использу€ Ekho !
30.09.2017 16:41:23: |Gothic|, HP: 91%, убит, kirito LVL.14, использу€ Honeybadger !
30.09.2017 16:42:09: bogdandota2, убит в голову, |Gothic|, HP: 91%, использу€ Honeybadger !
30.09.2017 16:42:12: јлександр ћикитюк, HP: 100%, убит, miron_s04, использу€ Empire !
30.09.2017 16:42:28: |Gothic|, HP: 91%, убит, Vlad Nagib, использу€ Honeybadger !
30.09.2017 16:42:42: |Gothic|, HP: 91%, убит, kirito LVL.14, использу€ Ekho !
30.09.2017 16:43:06: Vlad Nagib, убит в голову, |Gothic|, HP: 91%, использу€ Ekho !
30.09.2017 16:43:35: bogdandota2 истЄк кровью!
30.09.2017 16:43:37: |Gothic|, HP: 91%, убит, kirito LVL.14, использу€ Ekho !
30.09.2017 16:45:03: bogdandota2 истЄк кровью!
30.09.2017 16:45:21: Vlad Nagib убит в голову, |Gothic|, HP: 91%!
30.09.2017 16:45:56: |Gothic|, HP: 91%, дралс€ kirito LVL.14, и умер!
30.09.2017 16:46:57: Vlad Nagib истЄк кровью!
30.09.2017 16:48:05: bogdandota2, убит в голову, |Gothic|, HP: 100%, использу€ Honeybadger !
30.09.2017 16:48:11: kirito LVL.14, убит в голову, |Gothic|, HP: 100%, использу€ Honeybadger !
30.09.2017 16:51:00: bogdandota2 истЄк кровью!
30.09.2017 16:52:33: bogdandota2, убит в голову, |Gothic|, HP: 76%, использу€ Honeybadger !
30.09.2017 17:11:30: [RP]яЎ ј истЄк кровью!
30.09.2017 17:13:29: [RP]яЎ ј was shot down by a sentry
30.09.2017 17:41:15: nikitajdm, убит в голову, mishapozetiva333, HP: 37%, использу€ Ace !
30.09.2017 17:45:02: 86maxim174 died of holding his breath for too long!
30.09.2017 17:46:00: 86maxim174 died of holding his breath for too long!
30.09.2017 17:48:31: 86maxim174 died of holding his breath for too long!
30.09.2017 17:50:01: 86maxim174 истЄк кровью!
30.09.2017 17:50:34: 86maxim174 был съеден зомби! 
30.09.2017 17:56:35: маг1ст0р был убит плювальщиком!
30.09.2017 17:58:42: 86maxim174 отравилс€!
30.09.2017 18:01:20: 86maxim174, убит в голову, mishapozetiva333, HP: 25%, использу€ Heartbreaker !
30.09.2017 18:02:11: mishapozetiva333 отравилс€!
30.09.2017 18:04:40: vladim, HP: 70%, был отравлен, 86maxim174, и умер! использу€ Katana
30.09.2017 18:05:22: vladim истЄк кровью!
30.09.2017 18:05:32: 86maxim174 был съеден зомби! 
30.09.2017 18:06:44: 86maxim174 был съеден зомби! 
30.09.2017 18:07:53: 86maxim174, убит в голову, vladim, HP: 37%, использу€ Katana !
30.09.2017 18:11:27: 86maxim174 был съеден зомби! 
30.09.2017 18:12:21: 86maxim174 был съеден зомби! 
30.09.2017 18:39:07: come_in, убит в голову, mishapozetiva333, HP: 84%, использу€ Ace !
30.09.2017 19:14:26: come_in был съеден зомби! 
30.09.2017 19:31:03: pokoksv4 был съеден зомби! 
30.09.2017 19:33:34: kac.kow86 был съеден зомби! 
30.09.2017 19:36:04: Captan Cat был съеден зомби! 
30.09.2017 19:36:12: kac.kow86 был съеден зомби! 
30.09.2017 19:36:16: pokoksv4 был съеден зомби! 
30.09.2017 19:37:12: Captan Cat был съеден зомби! 
30.09.2017 19:44:08: Captan Cat, HP: 44%, был отравлен, ќбkyриHыi_Kroш(Ёшкер, и умер! использу€ Hammer
30.09.2017 19:44:46: Captan Cat истЄк кровью!
30.09.2017 19:45:30: ќбkyриHыi_Kroш(Ёшкер был съеден зомби! 
30.09.2017 19:47:52: danielcico92 был съеден зомби! 
30.09.2017 19:48:00: mariags2001 был съеден зомби! 
30.09.2017 19:49:06: pokoksv4 был съеден зомби! 
30.09.2017 19:54:16: danielcico92 разбилс€ насмерть!
30.09.2017 19:57:17: 2Oxxxymiron совершил суецид!
30.09.2017 19:57:26: kac.kow86 был съеден зомби! 
30.09.2017 19:58:46: ќбkyриHыi_Kroш(Ёшкер истЄк кровью!
30.09.2017 20:01:50: маг1ст0р, убит в голову, ingener_spring, HP: 85%, использу€ Chainsaw !
30.09.2017 20:02:29: ќбkyриHыi_Kroш(Ёшкер был съеден зомби! 
30.09.2017 20:02:57: Captan Cat был съеден зомби! 
30.09.2017 20:09:07: ingener_spring был съеден зомби! 
30.09.2017 20:09:34: маг1ст0р, убит в голову, (повар) јлексеев ¬лад, HP: 97%, использу€ Maplestrike !
30.09.2017 20:14:48: (повар) јлексеев ¬лад, HP: 100%, убит, LIPTON, использу€ Calling Card !
30.09.2017 20:15:19: pokoksv4 отравилс€!
30.09.2017 20:15:23: kac.kow86 отравилс€!
30.09.2017 20:23:33: (повар) јлексеев ¬лад истЄк кровью!
30.09.2017 20:25:15:  апуста BETS.gg был съеден зомби! 
30.09.2017 20:29:48:  апуста BETS.gg истЄк кровью!
30.09.2017 20:51:39: DanilBloges был съеден зомби! 
30.09.2017 20:56:24: SAN4OS, убит в голову, DanilBloges, HP: 100%, использу€ Camp Axe !
30.09.2017 21:03:06: SAN4OS, убит в голову, DanilBloges, HP: 89%, использу€ Camp Axe !
30.09.2017 21:10:12: SAN4OS совершил суецид!
30.09.2017 21:19:57: SAN4OS был съеден зомби! 
30.09.2017 21:44:54: DanilBloges, убит в голову, Ћюбит , HP: 100%, использу€ Camp Axe !
30.09.2017 21:45:14: SAN4OS, убит в голову, Ћюбит , HP: 100%, использу€ Camp Axe !
30.09.2017 21:51:15: SARGENTO ANGEL совершил суецид!
30.09.2017 21:52:56: SARGENTO ANGEL, убит в голову, christiangamer764, HP: 100%, использу€ Camp Axe !
30.09.2017 21:59:44: Ћюбит  был съеден зомби! 
30.09.2017 22:06:25: Locky совершил суецид!
30.09.2017 22:15:38: manu.geerkens истЄк кровью!
30.09.2017 22:18:46: jagus13 был съеден зомби! 
30.09.2017 22:19:28: FLOTAR истЄк кровью!
30.09.2017 22:22:04: jagus13 истЄк кровью!
30.09.2017 22:27:48: Smxke истЄк кровью!
30.09.2017 22:33:10: nathen.bauwens был съеден зомби! 
30.09.2017 22:39:11: jahgamers0 csgobig.com был съеден зомби! 
30.09.2017 22:44:36: jahgamers0 csgobig.com был съеден зомби! 
30.09.2017 22:48:18: Smxke истЄк кровью!
30.09.2017 22:50:48: Smxke сгорел!
30.09.2017 22:51:32: jahgamers0 csgobig.com отравилс€!
30.09.2017 22:58:29: Smxke был съеден зомби! 
30.09.2017 22:59:29: Smxke был съеден зомби! 
30.09.2017 22:59:36: jahgamers0 csgobig.com устал до смерти!
30.09.2017 23:00:08: jahgamers0 csgobig.com был съеден зомби! 
30.09.2017 23:12:05: Smxke был съеден зомби! 
30.09.2017 23:12:38: Smxke был съеден зомби! 
30.09.2017 23:14:45: jahgamers0 csgobig.com истЄк кровью!
30.09.2017 23:15:35: jahgamers0 csgobig.com был съеден зомби! 
30.09.2017 23:16:30: jahgamers0 csgobig.com был съеден зомби! 
30.09.2017 23:17:10: jahgamers0 csgobig.com был съеден зомби! 
30.09.2017 23:19:31: Dr Higgleton был съеден зомби! 
30.09.2017 23:19:45: jahgamers0 csgobig.com был съеден зомби! 
30.09.2017 23:24:06: Dr Higgleton был съеден зомби! 
30.09.2017 23:43:05: NegaTiVBroYT был съеден зомби! 
30.09.2017 23:49:20: Smxke был съеден зомби! 
01.10.2017 0:00:12: jahgamers0 csgobig.com был съеден зомби! 
01.10.2017 0:01:08: Smxke был съеден зомби! 
01.10.2017 0:01:27: jahgamers0 csgobig.com был съеден зомби! 
01.10.2017 0:02:15: jahgamers0 csgobig.com был съеден зомби! 
01.10.2017 0:05:45: Smxke был съеден зомби! 
01.10.2017 0:16:00: PartyBanana-YT истЄк кровью!
01.10.2017 0:18:03: Dr Higgleton истЄк кровью!
01.10.2017 0:27:32: Smxke, убит в голову, PartyBanana-YT, HP: 100%, использу€ Calling Card !
01.10.2017 0:28:15: Dr Higgleton, HP: 95%, убит, :D, использу€ Swissgewehr !
01.10.2017 0:53:05: jahgamers0 csgobig.com утонул!
01.10.2017 1:26:23: nikgstores12 разбилс€ насмерть!
01.10.2017 1:39:21: Darth Revan was shot down by a sentry
01.10.2017 7:50:47: ќр®л совершил суецид!
01.10.2017 7:55:17: ќр®л был убит плювальщиком!
01.10.2017 8:22:21: [RP]яЎ ј разбилс€ насмерть!
01.10.2017 8:35:17: [RP]яЎ ј был съеден зомби! 
01.10.2017 8:42:06: ќр®л совершил суецид!
01.10.2017 8:55:06: [RP]яЎ ј был съеден зомби! 
01.10.2017 9:17:20: ќр®л был съеден зомби! 
01.10.2017 9:21:22: ќр®л истЄк кровью!
01.10.2017 9:21:30: the_ka96 был съеден зомби! 
01.10.2017 9:26:09: ќр®л истЄк кровью!
01.10.2017 10:02:18: topxyi истЄк кровью!
01.10.2017 10:09:56: topxyi был съеден зомби! 
01.10.2017 10:56:11: S.E.W.K.L.A. истЄк кровью!
01.10.2017 11:10:05: the himan был убит камушком!
01.10.2017 11:33:20: маг1ст0р был съеден зомби! 
01.10.2017 12:47:28: kac.kow86 отравилс€!
01.10.2017 12:47:28: pokoksv4 отравилс€!
01.10.2017 12:51:40: kac.kow86 был съеден зомби! 
01.10.2017 12:52:22: pokoksv4 был съеден зомби! 
01.10.2017 12:57:58: pokoksv4 был съеден зомби! 
01.10.2017 13:03:13: CHXBence совершил суецид!
01.10.2017 13:04:37: pokoksv4 был съеден зомби! 
01.10.2017 13:04:58: CHXBence был съеден зомби! 
01.10.2017 13:12:19: Ћюбит  был съеден зомби! 
01.10.2017 13:17:35: pokoksv4 был съеден зомби! 
01.10.2017 13:18:59: пирожок был съеден зомби! 
01.10.2017 13:21:47: kac.kow86 был съеден зомби! 
01.10.2017 13:30:32: dima.gribailo был съеден зомби! 
01.10.2017 13:36:50: dima.gribailo был съеден зомби! 
01.10.2017 13:37:32: tima.rulnov был съеден зомби! 
01.10.2017 14:10:26: kazus2 совершил суецид!
01.10.2017 14:12:11: DUKE был съеден зомби! 
01.10.2017 14:12:11: dobrescujon89 был съеден зомби! 
01.10.2017 14:41:14: DUKE был съеден зомби! 
01.10.2017 14:45:06: Firestorm совершил суецид!
01.10.2017 14:49:18: thunder был съеден зомби! 
01.10.2017 14:50:21: Firestorm совершил суецид!
01.10.2017 14:58:45: Firestorm был съеден зомби! 
