Не обработано: RocketRcon v2.4.8.0
RocketRcon v2.4.8.0

Client has executed command "players"

TimerTerminateCommand.Enabled with Players:
Players:
PlayerID: 76561198280617288 Name: Незнаю какой придумать Character: Пипр Ping: 78
PlayerID: 76561198336965559 Name: Bomjara Character: Bomjara Ping: 39
PlayerID: 76561198363828451 Name: Ничоси Character: Кеша Ping: 42
PlayerID: 76561198165822970 Name: Indigo Character: Indigo Ping: 117
PlayerID: 76561198305732269 Name: Owl Character: Owl Ping: 78
PlayerID: 76561198390891968 Name: artyr-zakirov-96 Character: alkash Ping: 58
PlayerID: 76561198334346242 Name: мареонетка Character: [Кровавые]хмурый Ping: 113
PlayerID: 76561198372676519 Name: Kreeperator play Character: Kreeperator play Ping: 50
PlayerID: 76561198338916497 Name: evgeish Character: JENYA Ping: 70
PlayerID: 76561198386134948 Name: ZAGNIAGNIA Character: zakary.tellier Ping: 117
PlayerID: 76561198368128006 Name: Aibek Character: Aibek [A.S.D] Ping: 101
PlayerID: 76561198152563082 Name: Drakon Character: [MODER]Stanat Ping: 164
PlayerID: 76561198376117292 Name: mahanmirzade Character: mahanmirzade Ping: 218

END with Players:
Client has executed command "bans"

TimerTerminateCommand.Enabled with Bans:
Bans:
PlayerID: 123123
JudgeID: 0
Reason: unspecified Duration: 31536000 Remaining: 31002505
PlayerID: 123
JudgeID: 0
Reason: durila Duration: 4000 Remaining: 4294438299
PlayerID: 76561198274427357
JudgeID: 0
Reason: you were vote kicked Duration: 180 Remaining: 4294466672

TimerTerminateCommand.Enabled with Bans:
[World] Owl [Owl]: "кстати почему кит не работал нескольно дней?"

END with Bans:
[World] Indigo [Indigo]: "как посмотреть"

[World] mahanmirzade [mahanmirzade]: "/kit start"

[World] Owl [Owl]: "несколько*"

Не обработано: DeathMessagesRemastered >> Broadcast: zakary.tellier has been mauled by a zombie! 
DeathMessagesRemastered >> Broadcast: zakary.tellier has been mauled by a zombie! 

Не обработано: zakary.tellier [ZAGNIAGNIA] was mauled by a zombie!
zakary.tellier [ZAGNIAGNIA] was mauled by a zombie!

[World] Indigo [Indigo]: "закрыта машина или нет"

Client has executed command "players"

TimerTerminateCommand.Enabled with Players:
Players:
PlayerID: 76561198280617288 Name: Незнаю какой придумать Character: Пипр Ping: 58
PlayerID: 76561198336965559 Name: Bomjara Character: Bomjara Ping: 46
PlayerID: 76561198363828451 Name: Ничоси Character: Кеша Ping: 54
PlayerID: 76561198165822970 Name: Indigo Character: Indigo Ping: 66
PlayerID: 76561198305732269 Name: Owl Character: Owl Ping: 74
PlayerID: 76561198390891968 Name: artyr-zakirov-96 Character: alkash Ping: 78
PlayerID: 76561198334346242 Name: мареонетка Character: [Кровавые]хмурый Ping: 117
PlayerID: 76561198372676519 Name: Kreeperator play Character: Kreeperator play Ping: 128
PlayerID: 76561198338916497 Name: evgeish Character: JENYA Ping: 285
PlayerID: 76561198386134948 Name: ZAGNIAGNIA Character: zakary.tellier Ping: 285
PlayerID: 76561198368128006 Name: Aibek Character: Aibek [A.S.D] Ping: 97
PlayerID: 76561198152563082 Name: Drakon Character: [MODER]Stanat Ping: 156
PlayerID: 76561198376117292 Name: mahanmirzade Character: mahanmirzade Ping: 214

TimerTerminateCommand.Enabled with Players:
[World] Пипр [Незнаю какой придумать]: "У меня отмычка"

TimerTerminateCommand.Enabled with Players:
[World] Bomjara [Bomjara]: "никак"

END with Players:
Client has executed command "bans"

TimerTerminateCommand.Enabled with Bans:
Bans:
PlayerID: 123123
JudgeID: 0
Reason: unspecified Duration: 31536000 Remaining: 31002481
PlayerID: 123
JudgeID: 0
Reason: durila Duration: 4000 Remaining: 4294438275
PlayerID: 76561198274427357
JudgeID: 0
Reason: you were vote kicked Duration: 180 Remaining: 4294466648

END with Bans:
[World] mahanmirzade [mahanmirzade]: "/kits"

[World] Indigo [Indigo]: "эй"

[World] Пипр [Незнаю какой придумать]: "ахаха"

[World] [MODER]Stanat [Drakon]: "в правом верхрен углу"

[World] [MODER]Stanat [Drakon]: "когда"

[World] Пипр [Незнаю какой придумать]: "зачем открыл?"

Client has executed command "players"

TimerTerminateCommand.Enabled with Players:
Players:
PlayerID: 76561198280617288 Name: Незнаю какой придумать Character: Пипр Ping: 58
PlayerID: 76561198336965559 Name: Bomjara Character: Bomjara Ping: 42
PlayerID: 76561198363828451 Name: Ничоси Character: Кеша Ping: 58
PlayerID: 76561198165822970 Name: Indigo Character: Indigo Ping: 70
PlayerID: 76561198305732269 Name: Owl Character: Owl Ping: 74
PlayerID: 76561198390891968 Name: artyr-zakirov-96 Character: alkash Ping: 70
PlayerID: 76561198334346242 Name: мареонетка Character: [Кровавые]хмурый Ping: 109
PlayerID: 76561198372676519 Name: Kreeperator play Character: Kreeperator play Ping: 50
PlayerID: 76561198338916497 Name: evgeish Character: JENYA Ping: 70
PlayerID: 76561198386134948 Name: ZAGNIAGNIA Character: zakary.tellier Ping: 121
PlayerID: 76561198368128006 Name: Aibek Character: Aibek [A.S.D] Ping: 89
PlayerID: 76561198152563082 Name: Drakon Character: [MODER]Stanat Ping: 171
PlayerID: 76561198376117292 Name: mahanmirzade Character: mahanmirzade Ping: 242

TimerTerminateCommand.Enabled with Players:
[World] [MODER]Stanat [Drakon]: "садишся в машину"

END with Players:
Client has executed command "bans"

TimerTerminateCommand.Enabled with Bans:
Bans:
PlayerID: 123123
JudgeID: 0
Reason: unspecified Duration: 31536000 Remaining: 31002463
PlayerID: 123
JudgeID: 0
Reason: durila Duration: 4000 Remaining: 4294438257
PlayerID: 76561198274427357
JudgeID: 0
Reason: you were vote kicked Duration: 180 Remaining: 4294466630

END with Bans:
[World] Indigo [Indigo]: "ты закрыл"

[World] [MODER]Stanat [Drakon]: "/vehicle 133"

Не обработано: Successfully gave Drakon 133!
Successfully gave Drakon 133!

[World] mahanmirzade [mahanmirzade]: "/kit gun"

Client has executed command "players"

TimerTerminateCommand.Enabled with Players:
Players:
PlayerID: 76561198280617288 Name: Незнаю какой придумать Character: Пипр Ping: 66
PlayerID: 76561198336965559 Name: Bomjara Character: Bomjara Ping: 42
PlayerID: 76561198363828451 Name: Ничоси Character: Кеша Ping: 35
PlayerID: 76561198165822970 Name: Indigo Character: Indigo Ping: 82
PlayerID: 76561198305732269 Name: Owl Character: Owl Ping: 62
PlayerID: 76561198390891968 Name: artyr-zakirov-96 Character: alkash Ping: 58
PlayerID: 76561198334346242 Name: мареонетка Character: [Кровавые]хмурый Ping: 113
PlayerID: 76561198372676519 Name: Kreeperator play Character: Kreeperator play Ping: 54
PlayerID: 76561198338916497 Name: evgeish Character: JENYA Ping: 82
PlayerID: 76561198386134948 Name: ZAGNIAGNIA Character: zakary.tellier Ping: 136
PlayerID: 76561198368128006 Name: Aibek Character: Aibek [A.S.D] Ping: 93
PlayerID: 76561198152563082 Name: Drakon Character: [MODER]Stanat Ping: 152
PlayerID: 76561198376117292 Name: mahanmirzade Character: mahanmirzade Ping: 230

END with Players:
Client has executed command "bans"

TimerTerminateCommand.Enabled with Bans:
Bans:
PlayerID: 123123
JudgeID: 0
Reason: unspecified Duration: 31536000 Remaining: 31002445
PlayerID: 123
JudgeID: 0
Reason: durila Duration: 4000 Remaining: 4294438239
PlayerID: 76561198274427357
JudgeID: 0
Reason: you were vote kicked Duration: 180 Remaining: 4294466612

TimerTerminateCommand.Enabled with Bans:
[World] Пипр [Незнаю какой придумать]: "Зам ты ее открыл?"

END with Bans:
[World] [MODER]Stanat [Drakon]: "на таб нажимаеш"

[World] Пипр [Незнаю какой придумать]: "Зачем*"

[World] [MODER]Stanat [Drakon]: "и в правом верхнем"

Client has executed command "players"

TimerTerminateCommand.Enabled with Players:
Players:
PlayerID: 76561198280617288 Name: Незнаю какой придумать Character: Пипр Ping: 78
PlayerID: 76561198336965559 Name: Bomjara Character: Bomjara Ping: 50
PlayerID: 76561198363828451 Name: Ничоси Character: Кеша Ping: 42
PlayerID: 76561198165822970 Name: Indigo Character: Indigo Ping: 175
PlayerID: 76561198305732269 Name: Owl Character: Owl Ping: 74
PlayerID: 76561198390891968 Name: artyr-zakirov-96 Character: alkash Ping: 93
PlayerID: 76561198334346242 Name: мареонетка Character: [Кровавые]хмурый Ping: 117
PlayerID: 76561198372676519 Name: Kreeperator play Character: Kreeperator play Ping: 70
PlayerID: 76561198338916497 Name: evgeish Character: JENYA Ping: 70
PlayerID: 76561198386134948 Name: ZAGNIAGNIA Character: zakary.tellier Ping: 125
PlayerID: 76561198368128006 Name: Aibek Character: Aibek [A.S.D] Ping: 97
PlayerID: 76561198152563082 Name: Drakon Character: [MODER]Stanat Ping: 156
PlayerID: 76561198376117292 Name: mahanmirzade Character: mahanmirzade Ping: 238

END with Players:
Client has executed command "bans"

TimerTerminateCommand.Enabled with Bans:
Bans:
PlayerID: 123123
JudgeID: 0
Reason: unspecified Duration: 31536000 Remaining: 31002425
PlayerID: 123
JudgeID: 0
Reason: durila Duration: 4000 Remaining: 4294438219
PlayerID: 76561198274427357
JudgeID: 0
Reason: you were vote kicked Duration: 180 Remaining: 4294466592

TimerTerminateCommand.Enabled with Bans:
[World] Indigo [Indigo]: "открой пипр"

TimerTerminateCommand.Enabled with Bans:
[World] mahanmirzade [mahanmirzade]: "/kit help"

END with Bans:
Disconnecting: PlayerID: 76561198372676519 Name: Kreeperator play Character: Kreeperator play

[World] [MODER]Stanat [Drakon]: "look или unlook"

Disconnecting: PlayerID: 76561198338916497 Name: evgeish Character: JENYA

[World] Пипр [Незнаю какой придумать]: "Ответь на вопрос зачем ты ее открыл?"

[World] Indigo [Indigo]: "спс"

Client has executed command "players"

TimerTerminateCommand.Enabled with Players:
Players:
PlayerID: 76561198280617288 Name: Незнаю какой придумать Character: Пипр Ping: 58
PlayerID: 76561198336965559 Name: Bomjara Character: Bomjara Ping: 54
PlayerID: 76561198363828451 Name: Ничоси Character: Кеша Ping: 42
PlayerID: 76561198165822970 Name: Indigo Character: Indigo Ping: 156
PlayerID: 76561198305732269 Name: Owl Character: Owl Ping: 113
PlayerID: 76561198390891968 Name: artyr-zakirov-96 Character: alkash Ping: 70
PlayerID: 76561198334346242 Name: мареонетка Character: [Кровавые]хмурый Ping: 113
PlayerID: 76561198386134948 Name: ZAGNIAGNIA Character: zakary.tellier Ping: 113
PlayerID: 76561198368128006 Name: Aibek Character: Aibek [A.S.D] Ping: 101
PlayerID: 76561198152563082 Name: Drakon Character: [MODER]Stanat Ping: 167
PlayerID: 76561198376117292 Name: mahanmirzade Character: mahanmirzade Ping: 230

TimerTerminateCommand.Enabled with Players:
[World] Indigo [Indigo]: "я проверить хотел"

TimerTerminateCommand.Enabled with Players:
[World] [MODER]Stanat [Drakon]: "1 раздел самый"

TimerTerminateCommand.Enabled with Players:
[Area] Кеша [Ничоси]: "/home"

TimerTerminateCommand.Enabled with Players:
Disconnecting: PlayerID: 76561198376117292 Name: mahanmirzade Character: mahanmirzade

END with Players:
Client has executed command "bans"

TimerTerminateCommand.Enabled with Bans:
Bans:
PlayerID: 123123
JudgeID: 0
Reason: unspecified Duration: 31536000 Remaining: 31002402
PlayerID: 123
JudgeID: 0
Reason: durila Duration: 4000 Remaining: 4294438196
PlayerID: 76561198274427357
JudgeID: 0
Reason: you were vote kicked Duration: 180 Remaining: 4294466569

END with Bans:
