24.06.2017 12:05:26: 
24.06.2017 12:06:05: kalabin.denis21015 был съеден зомби! 
24.06.2017 12:10:40: Dkraken05 истЄк кровью!
24.06.2017 12:18:56: denis124 был съеден зомби! 
24.06.2017 12:25:05: kalabin.denis21015 был съеден зомби! 
24.06.2017 12:28:53: Pozitiv был убит взрывной волной от машины!
24.06.2017 12:29:40: denis124 был съеден зомби! 
24.06.2017 12:29:46: kalabin.denis21015 был съеден зомби! 
24.06.2017 12:30:25: (¬ольный —талкер) клоп , убит в голову, [“н«]¬италий Ѕутн€ков, HP: 76%, использу€ Cobra !
24.06.2017 12:31:01: kalabin.denis21015 был съеден зомби! 
24.06.2017 12:33:06: denis124, убит в голову, ѕипр, HP: 81%, использу€ Cobra !
24.06.2017 12:42:14: Pozitiv был съеден зомби! 
24.06.2017 12:57:28: denis124, убит в голову, иль€, HP: 100%, использу€ Camp Axe !
24.06.2017 12:58:07: иль€, убит в голову, kalabin.denis21015, HP: 14%, использу€ Camp Axe !
24.06.2017 12:58:19: kalabin.denis21015 истЄк кровью!
24.06.2017 12:58:47: kalabin.denis21015 был съеден зомби! 
24.06.2017 12:59:00: иль€ был съеден зомби! 
24.06.2017 12:59:20: Aye совершил суецид!
24.06.2017 12:59:30: kalabin.denis21015, убит в голову, иль€, HP: 100%, использу€ Hammer !
24.06.2017 13:00:27: 7_AleX_3, HP: 70%, убит, я люблю Ёмилию\, использу€ Cobra !
24.06.2017 13:00:32: иль€ был съеден зомби! 
24.06.2017 13:00:37: KlordFFox истЄк кровью!
24.06.2017 13:02:40: SkIpER совершил суецид!
24.06.2017 13:02:51: я люблю Ёмилию\ истЄк кровью!
24.06.2017 13:06:41: SkIpER был съеден зомби! 
24.06.2017 13:07:21: [“н«]¬италий Ѕутн€ков, HP: 86%, убит, Aye, использу€ Cobra !
24.06.2017 13:07:48: SkIpER был съеден зомби! 
24.06.2017 13:14:40: [“н«]¬италий Ѕутн€ков, HP: 100%, убит, aramzic, использу€ Cobra !
24.06.2017 13:15:07: Li.Xyi, HP: 99%, убит, 7_AleX_3, использу€ Ekho !
24.06.2017 13:15:17: Pozitiv, убит в голову, Li.Xyi, HP: 99%, использу€ Ekho !
24.06.2017 13:15:18: GAS был съеден зомби! 
24.06.2017 13:16:30: aramzic, убит в голову, ---(_--Tasher--_)---, HP: 70%, использу€ Butterfly Knife !
24.06.2017 13:16:34: Aye, убит в голову, ---(_--Tasher--_)---, HP: 60%, использу€ Butterfly Knife !
24.06.2017 13:17:00: Aye совершил суецид!
24.06.2017 13:17:51: Aye, убит в голову, [“н«]¬италий Ѕутн€ков, HP: 100%, использу€ Cobra !
24.06.2017 13:17:54: [“н«]¬италий Ѕутн€ков, HP: 100%, убит, aramzic, использу€ Cobra !
24.06.2017 13:20:02: mr.marmok истЄк кровью!
24.06.2017 13:22:31: [“н«]¬италий Ѕутн€ков, убит в голову, ---(_--Tasher--_)---, HP: 64%, использу€ Butterfly Knife !
24.06.2017 13:23:17: кирилл был съеден зомби! 
24.06.2017 13:25:48: ---(_--Tasher--_)---, убит в голову, Pozitiv, HP: 100%, использу€ Yuri !
24.06.2017 13:26:43: кирилл истЄк кровью!
24.06.2017 13:28:18: ---(_--Tasher--_)---, убит в голову, _TagerYT_, HP: 53%, использу€ Cobra !
24.06.2017 13:29:21: aramzic был съеден зомби! 
24.06.2017 13:31:01: Aye истЄк кровью!
24.06.2017 13:33:00: кирилл был съеден зомби! 
24.06.2017 13:33:35: _TagerYT_, убит в голову, 7_AleX_3, HP: 78%, использу€ Shadowstalker !
24.06.2017 13:33:43: Aye был съеден зомби! 
24.06.2017 13:34:04: ---(_--Tasher--_)---, убит в голову, ProStrel}{rom, HP: 100%, использу€ Ace !
24.06.2017 13:34:09: кирилл истЄк кровью!
24.06.2017 13:34:20: кирилл совершил суецид!
24.06.2017 13:34:38: кирилл совершил суецид!
24.06.2017 13:34:43: кирилл совершил суецид!
24.06.2017 13:35:51: ---(_--Tasher--_)--- was shot down by a sentry
24.06.2017 13:35:56: кирилл был съеден зомби! 
24.06.2017 13:37:59: кирилл был съеден зомби! 
24.06.2017 13:38:12: кирилл совершил суецид!
24.06.2017 13:39:55: GAS был съеден зомби! 
24.06.2017 13:40:21: кирилл был съеден зомби! 
24.06.2017 13:41:10: eq2wdasd был съеден зомби! 
24.06.2017 13:41:52: ProStrel}{rom, HP: 89%, убит, Aye, использу€ Ace !
24.06.2017 13:41:59: ---(_--Tasher--_)--- истЄк кровью!
24.06.2017 13:42:43: ---(_--Tasher--_)--- был съеден зомби! 
24.06.2017 13:43:26: Pozitiv, HP: 67%, убит, GAS, использу€ Yuri !
24.06.2017 13:44:40: aramzic был съеден зомби! 
24.06.2017 13:46:10: _TagerYT_ was shot down by a sentry
24.06.2017 13:48:18: _TagerYT_ был съеден зомби! 
24.06.2017 13:55:11: 7_AleX_3 был съеден зомби! 
24.06.2017 13:57:10: marthyn7360, убит в голову, []Max[], HP: 100%, использу€ Crowbar !
24.06.2017 14:00:44: []Max[] был съеден зомби! 
24.06.2017 14:01:01: 7_AleX_3 blew up by a grenade!
24.06.2017 14:04:17: KlordFFox был убит взрывной волной от машины!
24.06.2017 14:08:43: _TagerYT_ истЄк кровью!
24.06.2017 14:09:59: aramzic был съеден зомби! 
24.06.2017 14:13:57: 7_AleX_3, убит в голову, []Max[], HP: 66%, использу€ Military Knife !
24.06.2017 14:14:19: ћистер —мокинг совершил суецид!
24.06.2017 14:15:24: aramzic, убит в голову, Aye, HP: 72%, использу€ Heartbreaker !
24.06.2017 14:17:20: ћистер —мокинг совершил суецид!
24.06.2017 14:23:14: []Max[], убит в голову, Ќикита, HP: 58%, использу€ Camp Axe !
24.06.2017 14:24:59: SonicTV был съеден зомби! 
24.06.2017 14:27:34: Ќикита, убит в голову, []Max[], HP: 100%, использу€ Military Knife !
24.06.2017 14:29:17: aramzic был съеден зомби! 
24.06.2017 14:30:24: Aye, убит в голову, aramzic, HP: 100%, использу€ Military Knife !
24.06.2017 14:38:42: [RusOps]Dmitriy_Zelydev был съеден зомби! 
24.06.2017 14:40:22: ћистер —мокинг был съеден зомби! 
24.06.2017 14:40:34: ImMoRTaL был съеден зомби! 
24.06.2017 14:49:51: ___sergey___777, убит в голову, []Max[], HP: 100%, использу€ Military Knife !
24.06.2017 14:53:33: ћистер —мокинг был съеден зомби! 
24.06.2017 14:56:43: []Max[] истЄк кровью!
24.06.2017 14:59:23: ћистер —мокинг был съеден зомби! 
24.06.2017 15:04:08: ___sergey___777 blew up by a grenade!
24.06.2017 15:05:38: ћистер —мокинг истЄк кровью!
24.06.2017 15:07:10: []Max[], HP: 100%, был отравлен, ___sergey___777, и умер! использу€ Chainsaw
24.06.2017 15:08:05: ImMoRTaL был съеден зомби! 
24.06.2017 15:10:36: BIG TATARIN BOSS, убит в голову, Ќикита, HP: 100%, использу€ Hawkhound !
24.06.2017 15:11:08: Ќикита истЄк кровью!
24.06.2017 15:16:20: ___sergey___777, убит в голову, []Max[], HP: 49%, использу€ Chainsaw !
24.06.2017 15:19:23: REHDI2, убит в голову, [RusOps] behalter, HP: 52%, использу€ Rake !
24.06.2017 15:20:31: BIG TATARIN BOSS убит в голову, ___sergey___777, HP: 100%!
24.06.2017 15:22:14: ___sergey___777, убит в голову, BIG TATARIN BOSS, HP: 100%, использу€ Camp Axe !
24.06.2017 15:22:18: kalabin.denis21015 истЄк кровью!
24.06.2017 15:24:11: denis124 был съеден зомби! 
24.06.2017 15:33:06: denis124, убит в голову, REHDI2, HP: 53%, использу€ Heartbreaker !
24.06.2017 15:33:11: REHDI2, HP: 53%, убит, kalabin.denis21015, использу€ Heartbreaker !
24.06.2017 15:36:40: торвей совершил суецид!
24.06.2017 15:38:36: REHDI2, HP: 53%, убит, er, использу€ Avenger !
24.06.2017 15:39:13: []Max[], убит в голову, REHDI2, HP: 53%, использу€ Heartbreaker !
24.06.2017 15:46:05: 1337lordgame1337 was shot down by a sentry
24.06.2017 15:47:45: Kotangens был съеден зомби! 
24.06.2017 15:48:33: []Max[], убит в голову, ћистер —мокинг, HP: 100%, использу€ Katana !
24.06.2017 15:54:37: ninja, HP: 76%, убит, торвей, использу€ Heartbreaker !
24.06.2017 15:55:33: []Max[], убит в голову, ImMoRTaL, HP: 34%, использу€ Butterfly Knife !
24.06.2017 15:55:39: ImMoRTaL истЄк кровью!
24.06.2017 15:59:40: []Max[], убит в голову, vanish, HP: 52%, использу€ Avenger !
24.06.2017 16:01:13: denis124, убит в голову, vanish, HP: 52%, использу€ Cobra !
24.06.2017 16:02:27: vanish был съеден зомби! 
24.06.2017 16:02:39: []Max[], убит в голову, REHDI2, HP: 42%, использу€ Heartbreaker !
24.06.2017 16:03:06: ћистер —мокинг, убит в голову, denis124, HP: 100%, использу€ Shovel !
24.06.2017 16:04:04: denis124 был съеден зомби! 
24.06.2017 16:09:48: 7_AleX_3, HP: 95%, убит, []Max[], использу€ Yuri !
24.06.2017 16:10:42: ћистер —мокинг, HP: 82%, был отравлен, ImMoRTaL, и умер! использу€ Katana
24.06.2017 16:14:47: ѕипр, HP: 100%, убит, 1337lordgame1337, использу€ Eaglefire !
24.06.2017 16:15:34: []Max[], убит в голову, REHDI2, HP: 100%, использу€ Heartbreaker !
24.06.2017 16:15:53: anySweak, убит в голову, торвей, HP: 74%, использу€ Shadowstalker !
24.06.2017 16:24:05: []Max[] совершил суецид!
24.06.2017 16:24:25: []Max[] совершил суецид!
24.06.2017 16:24:34: []Max[] совершил суецид!
24.06.2017 16:24:44: []Max[] совершил суецид!
24.06.2017 16:24:56: []Max[] совершил суецид!
24.06.2017 16:25:32: []Max[] был съеден зомби! 
24.06.2017 16:25:45: []Max[] совершил суецид!
24.06.2017 16:25:52: []Max[] совершил суецид!
24.06.2017 16:29:15: kalabin.denis21015, убит в голову, торвей, HP: 100%, использу€ Avenger !
24.06.2017 16:29:29: denis124 был съеден зомби! 
24.06.2017 16:29:55: kalabin.denis21015, убит в голову, []Max[], HP: 100%, использу€ Military Knife !
24.06.2017 16:30:33: торвей истЄк кровью!
24.06.2017 16:33:04: denis124 был съеден зомби! 
24.06.2017 16:33:30: FA, убит в голову, торвей, HP: 100%, использу€ Shadowstalker !
24.06.2017 16:35:18: kalabin.denis21015 совершил суецид!
24.06.2017 16:35:32: kalabin.denis21015 совершил суецид!
24.06.2017 16:38:13: торвей истЄк кровью!
24.06.2017 16:39:06: -_-PharaoN-_-, убит в голову, 7_AleX_3, HP: 42%, использу€ Heartbreaker !
24.06.2017 16:39:34: REHDI2 был убит плювальщиком!
24.06.2017 16:42:24: торвей, HP: 100%, убит, 7_AleX_3, использу€ Dragonfang !
24.06.2017 16:43:38: торвей истЄк кровью!
24.06.2017 16:44:21: Pozitiv, убит в голову, REHDI2, HP: 48%, использу€ Military Knife !
24.06.2017 16:44:25: 7_AleX_3 истЄк кровью!
24.06.2017 16:47:04: -_-PharaoN-_- был съеден зомби! 
24.06.2017 16:50:28: Pozitiv, убит в голову, 7_AleX_3, HP: 100%, использу€ Military Knife !
24.06.2017 16:52:04: kalabin.denis21015 совершил суецид!
24.06.2017 16:53:13: -_-PharaoN-_- совершил суецид!
24.06.2017 16:53:39: denis124 совершил суецид!
24.06.2017 16:53:43: kalabin.denis21015 совершил суецид!
24.06.2017 16:54:16: Pozitiv, убит в голову, REHDI2, HP: 78%, использу€ Heartbreaker !
24.06.2017 16:54:28: Pozitiv, убит в голову, REHDI2, HP: 78%, использу€ Heartbreaker !
24.06.2017 16:56:25: kalabin.denis21015 совершил суецид!
24.06.2017 16:56:34: 7_AleX_3, HP: 100%, убит, ѕипр, использу€ Calling Card !
24.06.2017 16:56:36: Pozitiv, убит в голову, REHDI2, HP: 78%, использу€ Military Knife !
24.06.2017 16:57:42: denis124 был съеден зомби! 
24.06.2017 17:03:24: denis124 был съеден зомби! 
24.06.2017 17:03:33: denis124 совершил суецид!
24.06.2017 17:17:23: denis124, убит в голову, DeLuxe, HP: 100%, использу€ Military Knife !
24.06.2017 17:19:04: francescomarialozzi истЄк кровью!
24.06.2017 17:20:13: saikiranshiny8, убит в голову, DeLuxe, HP: 14%, использу€ Military Knife !
24.06.2017 17:20:53: 7_AleX_3 истЄк кровью!
24.06.2017 17:20:57: Pozitiv был съеден зомби! 
24.06.2017 17:22:39: denis124, убит в голову, DeLuxe, HP: 100%, использу€ Military Knife !
24.06.2017 17:24:10: saikiranshiny8 был съеден зомби! 
24.06.2017 17:25:13: торвей истЄк кровью!
24.06.2017 17:26:04: DeLuxe, HP: 46%, убит, торвей, использу€ Cobra !
24.06.2017 17:27:21: торвей истЄк кровью!
24.06.2017 17:28:08: торвей, убит в голову, DeLuxe, HP: 70%, использу€ Military Knife !
24.06.2017 17:29:11: торвей, HP: 100%, убит, DeLuxe, использу€ Timberwolf !
24.06.2017 17:30:44: saikiranshiny8, убит в голову, DeLuxe, HP: 100%, использу€ Military Knife !
24.06.2017 17:36:35: 7_AleX_3 истЄк кровью!
24.06.2017 17:38:12: ћиша истЄк кровью!
24.06.2017 17:38:36: ћиша, убит в голову, DeLuxe, HP: 58%, использу€ Military Knife !
24.06.2017 17:40:33: DeLuxe, HP: 41%, убит, ћиша, использу€ Peacemaker !
24.06.2017 17:43:27: Pozitiv, HP: 42%, убит, ћиша, использу€ Teklowvka !
24.06.2017 17:45:37: жмоб  бизнесменов, убит в голову, DeLuxe, HP: 100%, использу€ Peacemaker !
24.06.2017 17:51:01: []Max[], убит в голову, Pozitiv, HP: 42%, использу€ Military Knife !
24.06.2017 17:54:02: []Max[], убит в голову, Pozitiv, HP: 42%, использу€ Viper !
24.06.2017 17:55:38: []Max[], убит в голову, Pozitiv, HP: 42%, использу€ Viper !
24.06.2017 18:02:14: []Max[] разбилс€ насмерть!
24.06.2017 18:03:07: MarFLyN, убит в голову, []Max[], HP: 100%, использу€ Military Knife !
24.06.2017 18:05:00: 7_AleX_3, убит в голову, []Max[], HP: 29%, использу€ Military Knife !
24.06.2017 18:05:34: []Max[] истЄк кровью!
24.06.2017 18:07:43: []Max[], убит в голову, 7_AleX_3, HP: 43%, использу€ Military Knife !
24.06.2017 18:08:52: []Max[], убит в голову, 7_AleX_3, HP: 83%, использу€ Military Knife !
24.06.2017 18:10:49: []Max[], убит в голову, Brodyaga, HP: 82%, использу€ Cobra !
24.06.2017 18:12:02: Brodyaga, убит в голову, 7_AleX_3, HP: 13%, использу€ Military Knife !
24.06.2017 18:15:14: []Max[], убит в голову, Brodyaga, HP: 43%, использу€ Military Knife !
24.06.2017 18:18:26: Brodyaga, убит в голову, Pozitiv, HP: 100%, использу€ Teklowvka !
24.06.2017 18:18:40: 7_AleX_3, HP: 87%, убит, []Max[], использу€ Cobra !
24.06.2017 18:21:58: []Max[] был съеден зомби! 
24.06.2017 18:23:24: Pozitiv, HP: 100%, убит, []Max[], использу€ Teklowvka !
24.06.2017 18:23:48: торвей истЄк кровью!
24.06.2017 18:32:20: BIG TATARIN BOSS истЄк кровью!
24.06.2017 18:36:22: []Max[] истЄк кровью!
24.06.2017 18:36:26: Fondeche был съеден зомби! 
24.06.2017 18:37:28: ty отравилс€!
24.06.2017 18:39:38: []Max[] был съеден зомби! 
24.06.2017 18:41:18: торвей, убит в голову, DeLuxe, HP: 100%, использу€ Military Knife !
24.06.2017 18:42:10: DeLuxe, убит в голову, торвей, HP: 32%, использу€ Timberwolf !
24.06.2017 18:43:58: []Max[] истЄк кровью!
24.06.2017 18:47:08: Brodyaga, убит в голову, BIG TATARIN BOSS, HP: 33%, использу€ Military Knife !
24.06.2017 18:48:21: []Max[] сгорел!
24.06.2017 18:49:27: []Max[], убит в голову, ty, HP: 100%, использу€ Zubeknakov !
24.06.2017 18:51:12: []Max[] истЄк кровью!
24.06.2017 18:51:56: []Max[], убит в голову, ty, HP: 100%, использу€ Zubeknakov !
24.06.2017 18:53:47: BIG TATARIN BOSS отравилс€!
24.06.2017 18:56:01: patitqa истЄк кровью!
24.06.2017 18:57:29: BIG TATARIN BOSS, убит в голову, []Max[], HP: 70%, использу€ Military Knife !
24.06.2017 18:59:07: BIG TATARIN BOSS, убит в голову, []Max[], HP: 61%, использу€ Military Knife !
24.06.2017 18:59:20: patitqa истЄк кровью!
24.06.2017 19:01:23: GAS, HP: 99%, убит, []Max[], использу€ Heartbreaker !
24.06.2017 19:01:56: Alexandr_Evil, убит в голову, Redax_YouTube, HP: 100%, использу€ Viper !
24.06.2017 19:02:00: patitqa, убит в голову, REHDI2, HP: 77%, использу€ Military Knife !
24.06.2017 19:02:17: Fondeche сгорел!
24.06.2017 19:03:04: Fondeche убит в голову, Alexandr_Evil, HP: 100%!
24.06.2017 19:03:34: ty, убит в голову, Redax_YouTube, HP: 57%, использу€ Camp Axe !
24.06.2017 19:07:55: ty совершил суецид!
24.06.2017 19:08:48: []Max[] истЄк кровью!
24.06.2017 19:14:13: []Max[], убит в голову, REHDI2, HP: 68%, использу€ Chainsaw !
24.06.2017 19:16:40: REHDI2, HP: 68%, был отравлен, []Max[], и умер! использу€ Chainsaw
24.06.2017 19:18:09: oefatality был съеден зомби! 
24.06.2017 19:19:15: REHDI2, убит в голову, []Max[], HP: 56%, использу€ Military Knife !
24.06.2017 19:19:17: Dc, убит в голову, []Max[], HP: 41%, использу€ Military Knife !
24.06.2017 19:25:00: ---(_--Tasher--_)--- совершил суецид!
24.06.2017 19:25:07: ---(_--Tasher--_)--- совершил суецид!
24.06.2017 19:27:52: ---(_--Tasher--_)---, убит в голову, REHDI2, HP: 100%, использу€ Camp Axe !
24.06.2017 19:28:45: ---(_--Tasher--_)---, убит в голову, REHDI2, HP: 92%, использу€ Military Knife !
24.06.2017 19:30:25: REHDI2, HP: 92%, был отравлен, ---(_--Tasher--_)---, и умер! использу€ Military Knife
24.06.2017 19:34:39: S.O.K.O.L. died of holding his breath for too long!
24.06.2017 19:34:45: Dc, убит в голову, ---(_--Tasher--_)---, HP: 100%, использу€ Military Knife !
24.06.2017 19:34:55: Dc, убит в голову, ---(_--Tasher--_)---, HP: 100%, использу€ Military Knife !
24.06.2017 19:35:00: REHDI2, убит в голову, ---(_--Tasher--_)---, HP: 70%, использу€ Military Knife !
24.06.2017 19:40:26: KlordFFox, HP: 100%, убит, REHDI2, использу€ Peacemaker !
24.06.2017 19:46:09: ћиша совершил суецид!
24.06.2017 19:47:26: []Max[], убит в голову, KlordFFox, HP: 94%, использу€ Peacemaker !
24.06.2017 19:50:12: торвей, HP: 83%, убит, REHDI2, использу€ Viper !
24.06.2017 19:50:16: торвей, HP: 83%, убит, Dc, использу€ Viper !
24.06.2017 19:50:27: S.O.K.O.L., убит в голову, торвей, HP: 83%, использу€ Military Knife !
24.06.2017 19:51:28: Aye был съеден зомби! 
24.06.2017 19:51:55: []Max[] истЄк кровью!
24.06.2017 19:52:12: Aye, убит в голову, []Max[], HP: 45%, использу€ Military Knife !
24.06.2017 19:52:14: Dc был съеден зомби! 
24.06.2017 19:52:36: торвей истЄк кровью!
24.06.2017 19:53:39: Dc убит в голову, REHDI2, HP: 37%!
24.06.2017 19:55:02: []Max[] убит в голову, REHDI2, HP: 45%!
24.06.2017 19:55:15: торвей истЄк кровью!
24.06.2017 19:56:26: REHDI2, убит в голову, []Max[], HP: 52%, использу€ Military Knife !
24.06.2017 19:56:27: ---(_--Tasher--_)---, HP: 53%, убит, GAS, использу€ Cobra !
24.06.2017 19:56:38: Dc, убит в голову, []Max[], HP: 39%, использу€ Military Knife !
24.06.2017 19:56:38: ---(_--Tasher--_)---, убит в голову, Li.Xyi, HP: 74%, использу€ Cobra !
24.06.2017 19:56:46: Dc, убит в голову, ---(_--Tasher--_)---, HP: 100%, использу€ Military Knife !
24.06.2017 19:56:59: Dc, убит в голову, ---(_--Tasher--_)---, HP: 100%, использу€ Military Knife !
24.06.2017 19:57:46: REHDI2, убит в голову, ---(_--Tasher--_)---, HP: 100%, использу€ Military Knife !
24.06.2017 19:57:51: KlordFFox истЄк кровью!
24.06.2017 19:58:30: ---(_--Tasher--_)--- совершил суецид!
24.06.2017 20:02:20: _TagerYT_ был съеден зомби! 
24.06.2017 20:03:32: REHDI2 был съеден зомби! 
24.06.2017 20:05:27: Dc, убит в голову, REHDI2, HP: 100%, использу€ Shovel !
24.06.2017 20:06:59: REHDI2, HP: 100%, был отравлен, Dc, и умер! использу€ Shovel
24.06.2017 20:09:51: Merin был съеден зомби! 
24.06.2017 20:12:33: (¬ыживший) бурбон был съеден зомби! 
24.06.2017 20:18:44: (¬ыживший) бурбон, убит в голову, aramzic, HP: 60%, использу€ Heartbreaker !
24.06.2017 20:39:10: ћиша был убит плювальщиком!
24.06.2017 20:41:42: ћиша был съеден зомби! 
24.06.2017 20:57:43: KlordFFox истЄк кровью!
24.06.2017 21:02:20: KlordFFox, HP: 90%, убит, aramzic, использу€ Calling Card !
24.06.2017 21:02:25: KlordFFox, HP: 39%, убит, Aye, использу€ Calling Card !
24.06.2017 21:02:59: KlordFFox истЄк кровью!
24.06.2017 21:04:44: Jarkendia был съеден зомби! 
24.06.2017 21:07:24: Jarkendia был убит взрывной волной от машины!
24.06.2017 21:16:40: Aye, убит в голову, aramzic, HP: 59%, использу€ Military Knife !
24.06.2017 21:32:18: rafael.rod78 был съеден зомби! 
24.06.2017 21:33:43: rafael.rod78 совершил суецид!
24.06.2017 21:38:17: rafael.rod78 совершил суецид!
24.06.2017 21:43:54: Am nom nom nom  was killed by splash damage!
24.06.2017 21:49:00: KlordFFox истЄк кровью!
24.06.2017 21:52:04:  апитан_Pomidor[24/7], убит в голову, _TagerYT_, HP: 50%, использу€ Shadowstalker !
24.06.2017 21:53:04: _TagerYT_, HP: 50%, убит,  апитан_Pomidor[24/7], использу€ Cobra !
24.06.2017 21:53:16: _TagerYT_, убит в голову, Rus-Killer, HP: 100%, использу€ Heartbreaker !
24.06.2017 21:54:19: Rus-Killer, HP: 100%, убит, _TagerYT_, использу€ Heartbreaker !
24.06.2017 21:54:21: KlordFFox, HP: 100%, убит,  апитан_Pomidor[24/7], использу€ Eaglefire !
24.06.2017 21:54:24: Rus-Killer, убит в голову, KlordFFox, HP: 100%, использу€ Eaglefire !
24.06.2017 21:54:31: _TagerYT_, убит в голову,  апитан_Pomidor[24/7], HP: 100%, использу€ Military Knife !
24.06.2017 22:00:53: KlordFFox, убит в голову, Rus-Killer, HP: 97%, использу€ Shadowstalker !
24.06.2017 22:01:55: _TagerYT_, HP: 20%, был отравлен,  апитан_Pomidor[24/7], и умер! использу€ Military Knife
24.06.2017 22:02:04: BenderChaos был съеден зомби! 
24.06.2017 22:02:12: _TagerYT_ истЄк кровью!
24.06.2017 22:04:49:  апитан_Pomidor[24/7], убит в голову, _TagerYT_, HP: 44%, использу€ Military Knife !
24.06.2017 22:05:53: KlordFFox, HP: 85%, убит,  апитан_Pomidor[24/7], использу€ Calling Card !
24.06.2017 22:06:05: BenderChaos был съеден зомби! 
24.06.2017 22:07:57: _TagerYT_, убит в голову, Rus-Killer, HP: 86%, использу€ Viper !
24.06.2017 22:09:03: _TagerYT_ истЄк кровью!
24.06.2017 22:09:57:  апитан_Pomidor[24/7] был съеден зомби! 
24.06.2017 22:13:42: Batmon был съеден зомби! 
24.06.2017 22:25:44: ___sergey___777 был съеден зомби! 
24.06.2017 22:30:41: Pozitiv was annihilated by a missile!
24.06.2017 22:31:09: juicymango73 был съеден зомби! 
24.06.2017 22:37:09: торвей истЄк кровью!
24.06.2017 22:41:30: juicymango73, HP: 100%, был отравлен, GaserXP, и умер! использу€ Military Knife
24.06.2017 22:42:13: торвей, убит в голову, Rus-Killer, HP: 100%, использу€ Bulldog !
24.06.2017 22:43:05: Pozitiv, HP: 100%, убит, Rus-Killer, использу€ Cobra !
24.06.2017 22:45:52: Rus-Killer, убит в голову, Pozitiv, HP: 37%, использу€ Cobra !
24.06.2017 22:46:26: Pozitiv, убит в голову, Rus-Killer, HP: 100%, использу€ Nykorev !
24.06.2017 22:46:38: Rus-Killer was annihilated by a missile!
24.06.2017 22:46:39:  апитан_Pomidor[24/7] was annihilated by a missile!
24.06.2017 22:48:46:  апитан_Pomidor[24/7] был съеден зомби! 
24.06.2017 22:55:35: juicymango73 истЄк кровью!
24.06.2017 23:00:13: Rus-Killer, HP: 100%, убит, торвей, использу€ Nightraider !
24.06.2017 23:01:28: Rus-Killer, HP: 100%, убит, [“н«]¬италий Ѕутн€ков, использу€ Calling Card !
24.06.2017 23:01:37: juicymango73 был съеден зомби! 
24.06.2017 23:03:13: торвей, убит в голову, Rus-Killer, HP: 84%, использу€ Calling Card !
24.06.2017 23:03:14: GaserXP был съеден зомби! 
24.06.2017 23:05:50: торвей истЄк кровью!
24.06.2017 23:10:27: METOOD был съеден зомби! 
24.06.2017 23:11:19: торвей истЄк кровью!
24.06.2017 23:18:38: торвей was annihilated by a missile!
24.06.2017 23:20:04: торвей истЄк кровью!
24.06.2017 23:25:29: ≈башу в кашу был съеден зомби! 
24.06.2017 23:27:58: (DFNT)ProKASTER был съеден зомби! 
24.06.2017 23:34:16: gotisand24 был съеден зомби! 
24.06.2017 23:47:40: gotisand24 был съеден зомби! 
24.06.2017 23:51:25: (DFNT)ProKASTER был съеден зомби! 
24.06.2017 23:53:45: gotisand24 истЄк кровью!
24.06.2017 23:56:56: Pozitiv, убит в голову, CRYSIS, HP: 85%, использу€ Military Knife !
24.06.2017 23:57:25: gotisand24, убит в голову, (DFNT)ProKASTER, HP: 85%, использу€ Butterfly Knife !
24.06.2017 23:59:29: Jeff_The kiler совершил суецид!
25.06.2017 0:00:01: gotisand24 истЄк кровью!
25.06.2017 0:00:34: (DFNT)ProKASTER был съеден зомби! 
25.06.2017 0:44:44: camrondspels был съеден зомби! 
25.06.2017 0:47:28: spells_aaron истЄк кровью!
25.06.2017 0:48:15: KeKcuK, HP: 27%, был отравлен, spells_aaron, и умер! использу€ Camp Axe
25.06.2017 0:48:38: KeKcuK истЄк кровью!
25.06.2017 0:49:57: camrondspels был съеден зомби! 
25.06.2017 0:50:03: spells_aaron был съеден зомби! 
25.06.2017 0:51:21: camrondspels, убит в голову, KeKcuK, HP: 76%, использу€ Swiss Knife !
25.06.2017 0:58:10: KeKcuK сгорел!
25.06.2017 0:59:17: KeKcuK был съеден зомби! 
25.06.2017 1:14:02: KeKcuK истЄк кровью!
25.06.2017 1:31:59: CRYSIS, убит в голову, Ѕог войны -_-, HP: 100%, использу€ Matamorez !
25.06.2017 1:46:27: Ѕог войны -_-, убит в голову, CRYSIS, HP: 83%, использу€ Matamorez !
25.06.2017 1:59:34: wwraulrd был съеден зомби! 
25.06.2017 3:36:02: Minerey01, HP: 69%, был отравлен, minino1200127g, и умер! использу€ Camp Axe
25.06.2017 3:36:40: Minerey01 истЄк кровью!
25.06.2017 3:37:02: minino1200127g истЄк кровью!
25.06.2017 3:39:32: Minerey01, убит в голову, minino1200127g, HP: 83%, использу€ Crowbar !
25.06.2017 3:40:26: Minerey01, убит в голову, minino1200127g, HP: 68%, использу€ Crowbar !
25.06.2017 3:45:07: ginu16 был съеден зомби! 
25.06.2017 3:54:51: торвей был съеден зомби! 
25.06.2017 4:04:01: торвей истЄк кровью!
25.06.2017 4:50:00: fitztendo64 died of holding his breath for too long!
25.06.2017 5:02:17: Mr.Beat был съеден зомби! 
25.06.2017 10:49:09: saikiranshiny8 был съеден зомби! 
25.06.2017 10:53:42: saikiranshiny8 был съеден зомби! 
25.06.2017 10:55:05:  (TR) лЄша, убит в голову, BiGMonKey, HP: 83%, использу€ Heartbreaker !
25.06.2017 11:03:11: BiGMonKey истЄк кровью!
25.06.2017 11:08:43: saikiranshiny8, HP: 16%, ran over BiGMonKey, использу€ Green Quad!
25.06.2017 11:14:35: saikiranshiny8 сгорел!
25.06.2017 11:21:20:  апитан_Pomidor[24/7], HP: 63%, убит, Pozitiv, использу€ Shadowstalker !
25.06.2017 11:22:39: saikiranshiny8 был съеден зомби! 
25.06.2017 11:24:35: saikiranshiny8 был съеден зомби! 
25.06.2017 11:26:18: Dc истЄк кровью!
25.06.2017 11:33:07: BLACK JUICE совершил суецид!
25.06.2017 11:33:25: saikiranshiny8 истЄк кровью!
25.06.2017 11:39:07: saikiranshiny8 был съеден зомби! 
25.06.2017 11:41:40: saikiranshiny8 истЄк кровью!
25.06.2017 11:44:45: BiGMonKey, убит в голову,  lex, HP: 99%, использу€ Compound Bow !
25.06.2017 11:45:19:  апитан_Pomidor[24/7] истЄк кровью!
25.06.2017 11:46:52: Pozitiv, HP: 79%, убит, BLACK JUICE, использу€ Compound Bow !
25.06.2017 11:49:20: saikiranshiny8 был съеден зомби! 
25.06.2017 11:51:08: Dc, убит в голову, BiGMonKey, HP: 86%, использу€ Military Knife !
25.06.2017 11:54:07: MakpoFag \ был съеден зомби! 
25.06.2017 11:55:51: \|Gothic|/, HP: 100%, убит, 7_AleX_3, использу€ Eaglefire !
25.06.2017 11:55:59: \|Gothic|/, HP: 100%, убит, BiGMonKey, использу€ Eaglefire !
25.06.2017 11:57:04: Dc, убит в голову, saikiranshiny8, HP: 100%, использу€ Military Knife !
25.06.2017 11:58:08:  lex был съеден зомби! 
25.06.2017 11:58:42: BiGMonKey был съеден зомби! 
25.06.2017 12:00:43: BiGMonKey совершил суецид!
25.06.2017 12:01:08: maukiska, убит в голову, BiGMonKey, HP: 100%, использу€ Military Knife !
25.06.2017 12:01:47: saikiranshiny8 устал до смерти!
25.06.2017 12:02:34: maukiska, убит в голову, BiGMonKey, HP: 100%, использу€ Military Knife !
25.06.2017 12:02:49: Anarhist, HP: 100%, дралс€ maukiska, и умер!
25.06.2017 12:03:55: saikiranshiny8 истЄк кровью!
25.06.2017 12:04:43: saikiranshiny8 истЄк кровью!
25.06.2017 12:05:00: „ернота разбилс€ насмерть!
25.06.2017 12:05:14: BiGMonKey был съеден зомби! 
25.06.2017 12:06:15: BiGMonKey был съеден зомби! 
25.06.2017 12:08:46: saikiranshiny8 истЄк кровью!
25.06.2017 13:13:47: 
25.06.2017 13:16:44: []Max[] был съеден зомби! 
25.06.2017 13:17:04: kalabin.denis21015 был убит плювальщиком!
25.06.2017 13:19:44: []Max[] совершил суецид!
25.06.2017 13:20:08: kalabin.denis21015 был съеден зомби! 
25.06.2017 13:31:13: denis124 истЄк кровью!
25.06.2017 13:31:14: kalabin.denis21015 был съеден зомби! 
