Не обработано: RocketRcon v2.4.8.0
RocketRcon v2.4.8.0

Client has executed command "players"

TimerTerminateCommand.Enabled with Players:
Players:
PlayerID: 76561198157563744 Name: Jason Voorhees Character: Jason Voorhees Ping: 62
PlayerID: 76561198295801599 Name: Lo[x] Character: Lo[x] Ping: 54
PlayerID: 76561198176817369 Name: ?. Character: GlodiS Ping: 62
PlayerID: 76561198123982483 Name: Mr. Noizy Character: mslvn Ping: 46
PlayerID: 76561198354476455 Name: Unturned Character: данил лари Ping: 54
PlayerID: 76561198327628144 Name: Planeset 25 Character: Planeset 25 Ping: 31
PlayerID: 76561198140053978 Name: 7_AleX_3 Character: 7_AleX_3 Ping: 31
PlayerID: 76561198212068624 Name: Omega Character: MrOmega Ping: 70
PlayerID: 76561198390364391 Name: glowinski Character: kamil;] Ping: 132
PlayerID: 76561198167413206 Name: Doktor Whoo Character: Doktor Whoo Ping: 39
PlayerID: 76561198366549870 Name: Expert13372284200 Character: Expert1337 Ping: 132

TimerTerminateCommand.Enabled with Players:
Client has executed command "bans"

END with Players:
TimerTerminateCommand.Enabled with Bans:
Bans:
PlayerID: 123123
JudgeID: 0
Reason: unspecified Duration: 31536000 Remaining: 31365506
PlayerID: 123
JudgeID: 0
Reason: durila Duration: 4000 Remaining: 4294801300
PlayerID: 76561198274427357
JudgeID: 0
Reason: you were vote kicked Duration: 180 Remaining: 4294829673

END with Bans:
[Area] 7_AleX_3 [7_AleX_3]: "о нет"

[World] Expert1337 [Expert13372284200]: "у меня канистра индустриальная"

Client has executed command "players"

TimerTerminateCommand.Enabled with Players:
Players:
PlayerID: 76561198157563744 Name: Jason Voorhees Character: Jason Voorhees Ping: 62
PlayerID: 76561198295801599 Name: Lo[x] Character: Lo[x] Ping: 39
PlayerID: 76561198176817369 Name: ?. Character: GlodiS Ping: 70
PlayerID: 76561198123982483 Name: Mr. Noizy Character: mslvn Ping: 46
PlayerID: 76561198354476455 Name: Unturned Character: данил лари Ping: 39
PlayerID: 76561198327628144 Name: Planeset 25 Character: Planeset 25 Ping: 31
PlayerID: 76561198140053978 Name: 7_AleX_3 Character: 7_AleX_3 Ping: 31
PlayerID: 76561198212068624 Name: Omega Character: MrOmega Ping: 85
PlayerID: 76561198390364391 Name: glowinski Character: kamil;] Ping: 132
PlayerID: 76561198167413206 Name: Doktor Whoo Character: Doktor Whoo Ping: 31
PlayerID: 76561198366549870 Name: Expert13372284200 Character: Expert1337 Ping: 125

Не обработано: MessageAnnouncer >> Broadcast: Наберите /rules (/r) для просмотра правил
TimerTerminateCommand.Enabled with Players:
MessageAnnouncer >> Broadcast: Наберите /rules (/r) для просмотра правил

Не обработано: MessageAnnouncer >> Наберите /rules (/r) для просмотра правил
TimerTerminateCommand.Enabled with Players:
MessageAnnouncer >> Наберите /rules (/r) для просмотра правил

TimerTerminateCommand.Enabled with Players:
[Area] 7_AleX_3 [7_AleX_3]: "вады"

END with Players:
[World] Expert1337 [Expert13372284200]: "бери"

Не обработано: DeathMessagesRemastered >> Broadcast: данил лари has become a zombie himself!
DeathMessagesRemastered >> Broadcast: данил лари has become a zombie himself!

Не обработано: данил лари [Unturned] was infected to death!
данил лари [Unturned] was infected to death!

Connecting: PlayerID: 76561198385947874 Name: leethirwell Character: leethirwell

Client has executed command "players"

TimerTerminateCommand.Enabled with Players:
Players:
PlayerID: 76561198157563744 Name: Jason Voorhees Character: Jason Voorhees Ping: 62
PlayerID: 76561198295801599 Name: Lo[x] Character: Lo[x] Ping: 62
PlayerID: 76561198176817369 Name: ?. Character: GlodiS Ping: 70
PlayerID: 76561198123982483 Name: Mr. Noizy Character: mslvn Ping: 46
PlayerID: 76561198354476455 Name: Unturned Character: данил лари Ping: 39
PlayerID: 76561198327628144 Name: Planeset 25 Character: Planeset 25 Ping: 31
PlayerID: 76561198140053978 Name: 7_AleX_3 Character: 7_AleX_3 Ping: 39
PlayerID: 76561198212068624 Name: Omega Character: MrOmega Ping: 85
PlayerID: 76561198390364391 Name: glowinski Character: kamil;] Ping: 164
PlayerID: 76561198167413206 Name: Doktor Whoo Character: Doktor Whoo Ping: 54
PlayerID: 76561198366549870 Name: Expert13372284200 Character: Expert1337 Ping: 125
PlayerID: 76561198385947874 Name: leethirwell Character: leethirwell Ping: 359

END with Players:
