Не обработано: RocketRcon v2.4.8.0
RocketRcon v2.4.8.0

Client has executed command "players"

TimerTerminateCommand.Enabled with Players:
Players:
PlayerID: 76561198366549870 Name: Expert13372284200 Character: Expert1337 Ping: 167
PlayerID: 76561198200101595 Name: NEVALYASHA Character: NEVALYASHA Ping: 117
PlayerID: 76561198262994976 Name: XxX_ARMAЗ_XxX Character: shilyaev710 Ping: 66
PlayerID: 76561198303283372 Name: PeR4IK Character: данил Ping: 132
PlayerID: 76561198123840535 Name: ?????? Character: top Ping: 101
PlayerID: 76561198140053978 Name: 7_AleX_3 Character: 7_AleX_3 Ping: 50
PlayerID: 76561198292543416 Name: Mr_GiladKing Character: GamerYT Ping: 62
PlayerID: 76561198295801599 Name: Lo[x] Character: Lo[x] Ping: 50
PlayerID: 76561198314140913 Name: DireHick Character: JeffRee Ping: 27
PlayerID: 76561198314638573 Name: UDODMEN Character: udodmen Ping: 82
PlayerID: 76561198176817369 Name: ?. Character: GlodiS Ping: 82
PlayerID: 76561198241901342 Name: Podarochek Character: Игорь Петрович Ping: 121
PlayerID: 76561198343512987 Name: HappyYerik Character: TheHappyWolf N Ping: 54
PlayerID: 76561198280617288 Name: Незнаю какой придумать Character: Пипр Ping: 50
PlayerID: 76561198276840558 Name: Котик ^-^ Character: kennys Ping: 121
PlayerID: 76561198357648706 Name: lessik1210 Character: Griman18 Ping: 50

TimerTerminateCommand.Enabled with Players:
Client has executed command "bans"

TimerTerminateCommand.Enabled with Bans:
Bans:
PlayerID: 123123
JudgeID: 0
Reason: unspecified Duration: 31536000 Remaining: 31469844
PlayerID: 123
JudgeID: 0
Reason: durila Duration: 4000 Remaining: 4294905638
PlayerID: 76561198274427357
JudgeID: 0
Reason: you were vote kicked Duration: 180 Remaining: 4294934011

[World] top [??????]: "всем пока"

Не обработано: MessageAnnouncer >> Broadcast: Внимание! PvP-режим по субботам! PvP-режим!!!
MessageAnnouncer >> Broadcast: Внимание! PvP-режим по субботам! PvP-режим!!!

Не обработано: MessageAnnouncer >> Внимание! PvP-режим по субботам! PvP-режим!!!
MessageAnnouncer >> Внимание! PvP-режим по субботам! PvP-режим!!!

Не обработано: Disconnecting: PlayerID: 76561198123840535 Name: ?????? Character: top
Disconnecting: PlayerID: 76561198123840535 Name: ?????? Character: top

Client has executed command "players"

TimerTerminateCommand.Enabled with Players:
Players:
PlayerID: 76561198366549870 Name: Expert13372284200 Character: Expert1337 Ping: 144
PlayerID: 76561198200101595 Name: NEVALYASHA Character: NEVALYASHA Ping: 125
PlayerID: 76561198262994976 Name: XxX_ARMAЗ_XxX Character: shilyaev710 Ping: 66
PlayerID: 76561198303283372 Name: PeR4IK Character: данил Ping: 89
PlayerID: 76561198140053978 Name: 7_AleX_3 Character: 7_AleX_3 Ping: 35
PlayerID: 76561198292543416 Name: Mr_GiladKing Character: GamerYT Ping: 58
PlayerID: 76561198295801599 Name: Lo[x] Character: Lo[x] Ping: 58
PlayerID: 76561198314140913 Name: DireHick Character: JeffRee Ping: 19
PlayerID: 76561198314638573 Name: UDODMEN Character: udodmen Ping: 85
PlayerID: 76561198176817369 Name: ?. Character: GlodiS Ping: 78
PlayerID: 76561198241901342 Name: Podarochek Character: Игорь Петрович Ping: 105
PlayerID: 76561198343512987 Name: HappyYerik Character: TheHappyWolf N Ping: 66
PlayerID: 76561198280617288 Name: Незнаю какой придумать Character: Пипр Ping: 281
PlayerID: 76561198276840558 Name: Котик ^-^ Character: kennys Ping: 117
PlayerID: 76561198357648706 Name: lessik1210 Character: Griman18 Ping: 46

TimerTerminateCommand.Enabled with Players:
[World] 7_AleX_3 [7_AleX_3]: "чё та не то"

TimerTerminateCommand.Enabled with Players:
[World] GamerYT [Mr_GiladKing]: "/kit help"

[World] shilyaev710 [XxX_ARMAЗ_XxX]: "/home"

Не обработано: shilyaev710 moved x:-693.744 y:70.48216(+31.37725) z:-624.1819 in the last second (0.2379227)
shilyaev710 moved x:-693.744 y:70.48216(+31.37725) z:-624.1819 in the last second (0.2379227)

Client has executed command "players"

TimerTerminateCommand.Enabled with Players:
Players:
PlayerID: 76561198366549870 Name: Expert13372284200 Character: Expert1337 Ping: 148
PlayerID: 76561198200101595 Name: NEVALYASHA Character: NEVALYASHA Ping: 121
PlayerID: 76561198262994976 Name: XxX_ARMAЗ_XxX Character: shilyaev710 Ping: 74
PlayerID: 76561198303283372 Name: PeR4IK Character: данил Ping: 101
PlayerID: 76561198140053978 Name: 7_AleX_3 Character: 7_AleX_3 Ping: 46
PlayerID: 76561198292543416 Name: Mr_GiladKing Character: GamerYT Ping: 62
PlayerID: 76561198295801599 Name: Lo[x] Character: Lo[x] Ping: 74
PlayerID: 76561198314140913 Name: DireHick Character: JeffRee Ping: 27
PlayerID: 76561198314638573 Name: UDODMEN Character: udodmen Ping: 82
PlayerID: 76561198176817369 Name: ?. Character: GlodiS Ping: 89
PlayerID: 76561198241901342 Name: Podarochek Character: Игорь Петрович Ping: 109
PlayerID: 76561198343512987 Name: HappyYerik Character: TheHappyWolf N Ping: 78
PlayerID: 76561198280617288 Name: Незнаю какой придумать Character: Пипр Ping: 66
PlayerID: 76561198276840558 Name: Котик ^-^ Character: kennys Ping: 78
PlayerID: 76561198357648706 Name: lessik1210 Character: Griman18 Ping: 58

