Не обработано: RocketRcon v2.4.8.0
RocketRcon v2.4.8.0

Client has executed command "players"

TimerTerminateCommand.Enabled with Players:
Players:
PlayerID: 76561198140053978 Name: 7_AleX_3 Character: 7_AleX_3 Ping: 39
PlayerID: 76561198303283372 Name: PeR4IK Character: данил Ping: 78
PlayerID: 76561198341672556 Name: st.vladir Character: st.vladir Ping: 132
PlayerID: 76561198084181376 Name: я слижу завами Character: H0MYak Ping: 0
PlayerID: 76561198198481426 Name: JasonVH Character: JasonVH Ping: 78
PlayerID: 76561198314638573 Name: UDODMEN Character: udodmen Ping: 62
PlayerID: 76561198123840535 Name: ?????? Character: top Ping: 85
PlayerID: 76561198280617288 Name: Незнаю какой придумать Character: Пипр Ping: 31

TimerTerminateCommand.Enabled with Players:
Client has executed command "bans"

END with Players:
TimerTerminateCommand.Enabled with Bans:
Bans:
PlayerID: 123123
JudgeID: 0
Reason: unspecified Duration: 31536000 Remaining: 31296163
PlayerID: 123
JudgeID: 0
Reason: durila Duration: 4000 Remaining: 4294731957
PlayerID: 76561198274427357
JudgeID: 0
Reason: you were vote kicked Duration: 180 Remaining: 4294760330

HemulGM РїРІР°Рї
TimerTerminateCommand.Enabled with Bans:
[World] данил [PeR4IK]: "дай 2 железа приз"

HemulGM РїРІР°Рї
