Не обработано: RocketRcon v2.4.8.0
RocketRcon v2.4.8.0

Client has executed command "players"

TimerTerminateCommand.Enabled with Players:
Players:
PlayerID: 76561198300812301 Name: KiLeR00707 Character: KiLeR00707 Ping: 46
PlayerID: 76561198309800376 Name: polinazamlinskaya Character: Полина Замлынская Ping: 46
PlayerID: 76561198351213164 Name: _АхМеД_ Character: Виндяй Вечеслав Ping: 85
PlayerID: 76561198184777471 Name: -SkullMaker ?? ?? Character: sprokit1111 Ping: 15
PlayerID: 76561198295801599 Name: Lo[x] Character: Lo[x] Ping: 46
PlayerID: 76561198176817369 Name: ?. Character: GlodiS Ping: 54
PlayerID: 76561198336842294 Name: (Мафия) Character: Ind2 Ping: 46
PlayerID: 76561198341672556 Name: st.vladir Character: st.vladir Ping: 156
PlayerID: 76561198349642857 Name: хлеб228 Character: хлеб228 Ping: 148
PlayerID: 76561198375915396 Name: necto.mist Character: danila111223 Ping: 62
PlayerID: 76561198056237987 Name: Calibrovshik Character: Calibrovshik Ping: 93
PlayerID: 76561198256962041 Name: Omega orange Character: CLI Ping: 62

Не обработано: DeathMessagesRemastered >> Broadcast: Ind2 has been mauled by a zombie! 
TimerTerminateCommand.Enabled with Players:
DeathMessagesRemastered >> Broadcast: Ind2 has been mauled by a zombie! 

Не обработано: Ind2 [(Мафия)] was mauled by a zombie!
TimerTerminateCommand.Enabled with Players:
Ind2 [(Мафия)] was mauled by a zombie!

END with Players:
Disconnecting: PlayerID: 76561198336842294 Name: (Мафия) Character: Ind2

Client has executed command "players"

TimerTerminateCommand.Enabled with Players:
Players:
PlayerID: 76561198300812301 Name: KiLeR00707 Character: KiLeR00707 Ping: 31
PlayerID: 76561198309800376 Name: polinazamlinskaya Character: Полина Замлынская Ping: 46
PlayerID: 76561198351213164 Name: _АхМеД_ Character: Виндяй Вечеслав Ping: 125
PlayerID: 76561198184777471 Name: -SkullMaker ?? ?? Character: sprokit1111 Ping: 0
PlayerID: 76561198295801599 Name: Lo[x] Character: Lo[x] Ping: 39
PlayerID: 76561198176817369 Name: ?. Character: GlodiS Ping: 70
PlayerID: 76561198341672556 Name: st.vladir Character: st.vladir Ping: 140
PlayerID: 76561198349642857 Name: хлеб228 Character: хлеб228 Ping: 148
PlayerID: 76561198375915396 Name: necto.mist Character: danila111223 Ping: 93
PlayerID: 76561198056237987 Name: Calibrovshik Character: Calibrovshik Ping: 93
PlayerID: 76561198256962041 Name: Omega orange Character: CLI Ping: 62

TimerTerminateCommand.Enabled with Players:
[World] KiLeR00707 [KiLeR00707]: "/kit help"

END with Players:
[World] CLI [Omega orange]: "эй"

Не обработано: MessageAnnouncer >> Broadcast: Внимание! PvP-режим по субботам! PvP-режим!!!
MessageAnnouncer >> Broadcast: Внимание! PvP-режим по субботам! PvP-режим!!!

Не обработано: MessageAnnouncer >> Внимание! PvP-режим по субботам! PvP-режим!!!
MessageAnnouncer >> Внимание! PvP-режим по субботам! PvP-режим!!!

[World] CLI [Omega orange]: "адмииин"

[World] CLI [Omega orange]: "ты тут?"

Client has executed command "players"

TimerTerminateCommand.Enabled with Players:
Players:
PlayerID: 76561198300812301 Name: KiLeR00707 Character: KiLeR00707 Ping: 15
PlayerID: 76561198309800376 Name: polinazamlinskaya Character: Полина Замлынская Ping: 31
PlayerID: 76561198351213164 Name: _АхМеД_ Character: Виндяй Вечеслав Ping: 109
PlayerID: 76561198184777471 Name: -SkullMaker ?? ?? Character: sprokit1111 Ping: 15
PlayerID: 76561198295801599 Name: Lo[x] Character: Lo[x] Ping: 54
PlayerID: 76561198176817369 Name: ?. Character: GlodiS Ping: 78
PlayerID: 76561198341672556 Name: st.vladir Character: st.vladir Ping: 132
PlayerID: 76561198349642857 Name: хлеб228 Character: хлеб228 Ping: 132
PlayerID: 76561198375915396 Name: necto.mist Character: danila111223 Ping: 62
PlayerID: 76561198056237987 Name: Calibrovshik Character: Calibrovshik Ping: 93
PlayerID: 76561198256962041 Name: Omega orange Character: CLI Ping: 62

TimerTerminateCommand.Enabled with Players:
[World] KiLeR00707 [KiLeR00707]: "да я админ"

TimerTerminateCommand.Enabled with Players:
Disconnecting: PlayerID: 76561198184777471 Name: -SkullMaker ?? ?? Character: sprokit1111

END with Players:
[World] CLI [Omega orange]: "не верится"

[World] KiLeR00707 [KiLeR00707]: "я админку кипил !"

[World] CLI [Omega orange]: "ХАХАХАХА"

[World] KiLeR00707 [KiLeR00707]: "за 1200"

Client has executed command "players"

TimerTerminateCommand.Enabled with Players:
Players:
PlayerID: 76561198300812301 Name: KiLeR00707 Character: KiLeR00707 Ping: 7
PlayerID: 76561198309800376 Name: polinazamlinskaya Character: Полина Замлынская Ping: 31
PlayerID: 76561198351213164 Name: _АхМеД_ Character: Виндяй Вечеслав Ping: 101
PlayerID: 76561198295801599 Name: Lo[x] Character: Lo[x] Ping: 46
PlayerID: 76561198176817369 Name: ?. Character: GlodiS Ping: 62
PlayerID: 76561198341672556 Name: st.vladir Character: st.vladir Ping: 140
PlayerID: 76561198349642857 Name: хлеб228 Character: хлеб228 Ping: 148
PlayerID: 76561198375915396 Name: necto.mist Character: danila111223 Ping: 62
PlayerID: 76561198056237987 Name: Calibrovshik Character: Calibrovshik Ping: 93
PlayerID: 76561198256962041 Name: Omega orange Character: CLI Ping: 62

TimerTerminateCommand.Enabled with Players:
[Area] GlodiS [?.]: "/kit hgm1"

TimerTerminateCommand.Enabled with Players:
[World] KiLeR00707 [KiLeR00707]: "руб"

TimerTerminateCommand.Enabled with Players:
[World] CLI [Omega orange]: "не,я про всевышнего"

END with Players:
[Area] GlodiS [?.]: "/kit claim"

[World] CLI [Omega orange]: "админа"

Не обработано: DeathMessagesRemastered >> Broadcast: Полина Замлынская has been mauled by a zombie! 
DeathMessagesRemastered >> Broadcast: Полина Замлынская has been mauled by a zombie! 

Не обработано: Полина Замлынская [polinazamlinskaya] was mauled by a zombie!
Полина Замлынская [polinazamlinskaya] was mauled by a zombie!

Client has executed command "players"

TimerTerminateCommand.Enabled with Players:
Players:
PlayerID: 76561198300812301 Name: KiLeR00707 Character: KiLeR00707 Ping: 15
PlayerID: 76561198309800376 Name: polinazamlinskaya Character: Полина Замлынская Ping: 31
PlayerID: 76561198351213164 Name: _АхМеД_ Character: Виндяй Вечеслав Ping: 70
PlayerID: 76561198295801599 Name: Lo[x] Character: Lo[x] Ping: 46
PlayerID: 76561198176817369 Name: ?. Character: GlodiS Ping: 54
PlayerID: 76561198341672556 Name: st.vladir Character: st.vladir Ping: 140
PlayerID: 76561198349642857 Name: хлеб228 Character: хлеб228 Ping: 125
PlayerID: 76561198375915396 Name: necto.mist Character: danila111223 Ping: 62
PlayerID: 76561198056237987 Name: Calibrovshik Character: Calibrovshik Ping: 93
PlayerID: 76561198256962041 Name: Omega orange Character: CLI Ping: 62

END with Players:
[World] CLI [Omega orange]: "ну куда подъезжать?"

Client has executed command "players"

TimerTerminateCommand.Enabled with Players:
Players:
PlayerID: 76561198300812301 Name: KiLeR00707 Character: KiLeR00707 Ping: 31
PlayerID: 76561198309800376 Name: polinazamlinskaya Character: Полина Замлынская Ping: 62
PlayerID: 76561198351213164 Name: _АхМеД_ Character: Виндяй Вечеслав Ping: 78
PlayerID: 76561198295801599 Name: Lo[x] Character: Lo[x] Ping: 54
PlayerID: 76561198176817369 Name: ?. Character: GlodiS Ping: 70
PlayerID: 76561198341672556 Name: st.vladir Character: st.vladir Ping: 132
PlayerID: 76561198349642857 Name: хлеб228 Character: хлеб228 Ping: 148
PlayerID: 76561198375915396 Name: necto.mist Character: danila111223 Ping: 78
PlayerID: 76561198056237987 Name: Calibrovshik Character: Calibrovshik Ping: 93
PlayerID: 76561198256962041 Name: Omega orange Character: CLI Ping: 70

END with Players:
Disconnecting: PlayerID: 76561198341672556 Name: st.vladir Character: st.vladir

[World] KiLeR00707 [KiLeR00707]: "аааааа он через 27 дней только будет играть  у него пк сломался"

[World] CLI [Omega orange]: "и добавь меня в стим"

[World] CLI [Omega orange]: "ты за модера?"

[World] CLI [Omega orange]: "или для веселья?"

Client has executed command "players"

TimerTerminateCommand.Enabled with Players:
Players:
PlayerID: 76561198300812301 Name: KiLeR00707 Character: KiLeR00707 Ping: 31
PlayerID: 76561198309800376 Name: polinazamlinskaya Character: Полина Замлынская Ping: 46
PlayerID: 76561198351213164 Name: _АхМеД_ Character: Виндяй Вечеслав Ping: 85
PlayerID: 76561198295801599 Name: Lo[x] Character: Lo[x] Ping: 46
PlayerID: 76561198176817369 Name: ?. Character: GlodiS Ping: 54
PlayerID: 76561198349642857 Name: хлеб228 Character: хлеб228 Ping: 148
PlayerID: 76561198375915396 Name: necto.mist Character: danila111223 Ping: 62
PlayerID: 76561198056237987 Name: Calibrovshik Character: Calibrovshik Ping: 93
PlayerID: 76561198256962041 Name: Omega orange Character: CLI Ping: 62

END with Players:
[World] KiLeR00707 [KiLeR00707]: "Paradise Point туда едь"

Client has executed command "players"

TimerTerminateCommand.Enabled with Players:
Players:
PlayerID: 76561198300812301 Name: KiLeR00707 Character: KiLeR00707 Ping: 23
PlayerID: 76561198309800376 Name: polinazamlinskaya Character: Полина Замлынская Ping: 54
PlayerID: 76561198351213164 Name: _АхМеД_ Character: Виндяй Вечеслав Ping: 93
PlayerID: 76561198295801599 Name: Lo[x] Character: Lo[x] Ping: 54
PlayerID: 76561198176817369 Name: ?. Character: GlodiS Ping: 78
PlayerID: 76561198349642857 Name: хлеб228 Character: хлеб228 Ping: 156
PlayerID: 76561198375915396 Name: necto.mist Character: danila111223 Ping: 62
PlayerID: 76561198056237987 Name: Calibrovshik Character: Calibrovshik Ping: 93
PlayerID: 76561198256962041 Name: Omega orange Character: CLI Ping: 70

TimerTerminateCommand.Enabled with Players:
[World] KiLeR00707 [KiLeR00707]: "за модератора"

END with Players:
Не обработано: MessageAnnouncer >> Broadcast: vk.com/unturned_hgm - группа сервера ВК, уникальный кит в записи!
MessageAnnouncer >> Broadcast: vk.com/unturned_hgm - группа сервера ВК, уникальный кит в записи!

Не обработано: MessageAnnouncer >> vk.com/unturned_hgm - группа сервера ВК, уникальный кит в записи!
MessageAnnouncer >> vk.com/unturned_hgm - группа сервера ВК, уникальный кит в записи!

[World] CLI [Omega orange]: "нее"

[World] CLI [Omega orange]: "спасебо,не над"

[World] CLI [Omega orange]: "далеко"

[World] KiLeR00707 [KiLeR00707]: "эм поч"

Client has executed command "players"

TimerTerminateCommand.Enabled with Players:
Players:
PlayerID: 76561198300812301 Name: KiLeR00707 Character: KiLeR00707 Ping: 31
PlayerID: 76561198309800376 Name: polinazamlinskaya Character: Полина Замлынская Ping: 46
PlayerID: 76561198351213164 Name: _АхМеД_ Character: Виндяй Вечеслав Ping: 70
PlayerID: 76561198295801599 Name: Lo[x] Character: Lo[x] Ping: 39
PlayerID: 76561198176817369 Name: ?. Character: GlodiS Ping: 62
PlayerID: 76561198349642857 Name: хлеб228 Character: хлеб228 Ping: 156
PlayerID: 76561198375915396 Name: necto.mist Character: danila111223 Ping: 62
PlayerID: 76561198056237987 Name: Calibrovshik Character: Calibrovshik Ping: 93
PlayerID: 76561198256962041 Name: Omega orange Character: CLI Ping: 62

END with Players:
[World] KiLeR00707 [KiLeR00707]: "а ты где находишся"

[World] CLI [Omega orange]: "я тебя в стим добавлю"

[World] CLI [Omega orange]: "я в жопе у обамы"

[World] CLI [Omega orange]: "тут темно"

Client has executed command "players"

TimerTerminateCommand.Enabled with Players:
Players:
PlayerID: 76561198300812301 Name: KiLeR00707 Character: KiLeR00707 Ping: 31
PlayerID: 76561198309800376 Name: polinazamlinskaya Character: Полина Замлынская Ping: 46
PlayerID: 76561198351213164 Name: _АхМеД_ Character: Виндяй Вечеслав Ping: 140
PlayerID: 76561198295801599 Name: Lo[x] Character: Lo[x] Ping: 46
PlayerID: 76561198176817369 Name: ?. Character: GlodiS Ping: 62
PlayerID: 76561198349642857 Name: хлеб228 Character: хлеб228 Ping: 156
PlayerID: 76561198375915396 Name: necto.mist Character: danila111223 Ping: 62
PlayerID: 76561198056237987 Name: Calibrovshik Character: Calibrovshik Ping: 93
PlayerID: 76561198256962041 Name: Omega orange Character: CLI Ping: 62

END with Players:
Не обработано: DeathMessagesRemastered >> Broadcast: хлеб228 has been mauled by a zombie! 
DeathMessagesRemastered >> Broadcast: хлеб228 has been mauled by a zombie! 

Не обработано: хлеб228 [хлеб228] was mauled by a zombie!
хлеб228 [хлеб228] was mauled by a zombie!

Client has executed command "players"

TimerTerminateCommand.Enabled with Players:
Players:
PlayerID: 76561198300812301 Name: KiLeR00707 Character: KiLeR00707 Ping: 23
PlayerID: 76561198309800376 Name: polinazamlinskaya Character: Полина Замлынская Ping: 46
PlayerID: 76561198351213164 Name: _АхМеД_ Character: Виндяй Вечеслав Ping: 148
PlayerID: 76561198295801599 Name: Lo[x] Character: Lo[x] Ping: 62
PlayerID: 76561198176817369 Name: ?. Character: GlodiS Ping: 70
PlayerID: 76561198349642857 Name: хлеб228 Character: хлеб228 Ping: 156
PlayerID: 76561198375915396 Name: necto.mist Character: danila111223 Ping: 70
PlayerID: 76561198056237987 Name: Calibrovshik Character: Calibrovshik Ping: 93
PlayerID: 76561198256962041 Name: Omega orange Character: CLI Ping: 70

END with Players:
[World] CLI [Omega orange]: "добавь"

[World] KiLeR00707 [KiLeR00707]: "За оскарбление модера даёться бан на 5 дней !"

Client has executed command "players"

TimerTerminateCommand.Enabled with Players:
Players:
PlayerID: 76561198300812301 Name: KiLeR00707 Character: KiLeR00707 Ping: 23
PlayerID: 76561198309800376 Name: polinazamlinskaya Character: Полина Замлынская Ping: 39
PlayerID: 76561198351213164 Name: _АхМеД_ Character: Виндяй Вечеслав Ping: 164
PlayerID: 76561198295801599 Name: Lo[x] Character: Lo[x] Ping: 46
PlayerID: 76561198176817369 Name: ?. Character: GlodiS Ping: 62
PlayerID: 76561198349642857 Name: хлеб228 Character: хлеб228 Ping: 148
PlayerID: 76561198375915396 Name: necto.mist Character: danila111223 Ping: 62
PlayerID: 76561198056237987 Name: Calibrovshik Character: Calibrovshik Ping: 109
PlayerID: 76561198256962041 Name: Omega orange Character: CLI Ping: 62

END with Players:
Не обработано: DeathMessagesRemastered >> Broadcast: Полина Замлынская was killed by spit!
DeathMessagesRemastered >> Broadcast: Полина Замлынская was killed by spit!

Не обработано: Полина Замлынская [polinazamlinskaya] was dissolved by a zombie!
Полина Замлынская [polinazamlinskaya] was dissolved by a zombie!

[World] CLI [Omega orange]: "кто тебя оскорбил та:"

[World] CLI [Omega orange]: "?7"

[World] KiLeR00707 [KiLeR00707]: "ты"

[Area] хлеб228 [хлеб228]: "КТО ТИМ"

[World] CLI [Omega orange]: "когда"

Client has executed command "players"

TimerTerminateCommand.Enabled with Players:
Players:
PlayerID: 76561198300812301 Name: KiLeR00707 Character: KiLeR00707 Ping: 39
PlayerID: 76561198309800376 Name: polinazamlinskaya Character: Полина Замлынская Ping: 39
PlayerID: 76561198351213164 Name: _АхМеД_ Character: Виндяй Вечеслав Ping: 101
PlayerID: 76561198295801599 Name: Lo[x] Character: Lo[x] Ping: 39
PlayerID: 76561198176817369 Name: ?. Character: GlodiS Ping: 62
PlayerID: 76561198349642857 Name: хлеб228 Character: хлеб228 Ping: 140
PlayerID: 76561198375915396 Name: necto.mist Character: danila111223 Ping: 148
PlayerID: 76561198056237987 Name: Calibrovshik Character: Calibrovshik Ping: 93
PlayerID: 76561198256962041 Name: Omega orange Character: CLI Ping: 70

TimerTerminateCommand.Enabled with Players:
[World] KiLeR00707 [KiLeR00707]: "всё забей"

END with Players:
[World] CLI [Omega orange]: "._."

[World] CLI [Omega orange]: "добавь в стим"

Client has executed command "players"

TimerTerminateCommand.Enabled with Players:
Players:
PlayerID: 76561198300812301 Name: KiLeR00707 Character: KiLeR00707 Ping: 39
PlayerID: 76561198309800376 Name: polinazamlinskaya Character: Полина Замлынская Ping: 39
PlayerID: 76561198351213164 Name: _АхМеД_ Character: Виндяй Вечеслав Ping: 93
PlayerID: 76561198295801599 Name: Lo[x] Character: Lo[x] Ping: 46
PlayerID: 76561198176817369 Name: ?. Character: GlodiS Ping: 62
PlayerID: 76561198349642857 Name: хлеб228 Character: хлеб228 Ping: 132
PlayerID: 76561198375915396 Name: necto.mist Character: danila111223 Ping: 70
PlayerID: 76561198056237987 Name: Calibrovshik Character: Calibrovshik Ping: 101
PlayerID: 76561198256962041 Name: Omega orange Character: CLI Ping: 62

END with Players:
[World] KiLeR00707 [KiLeR00707]: "зачем"

Не обработано: MessageAnnouncer >> Broadcast: Наберите /kit help, чтобы получить первую мед. помощь (бинты, таблетки, еда)
MessageAnnouncer >> Broadcast: Наберите /kit help, чтобы получить первую мед. помощь (бинты, таблетки, еда)

Не обработано: MessageAnnouncer >> Наберите /kit help, чтобы получить первую мед. помощь (бинты, таблетки, еда)
MessageAnnouncer >> Наберите /kit help, чтобы получить первую мед. помощь (бинты, таблетки, еда)

[World] CLI [Omega orange]: "добавь."

[World] KiLeR00707 [KiLeR00707]: "Зачем скажи"

Client has executed command "players"

TimerTerminateCommand.Enabled with Players:
Players:
PlayerID: 76561198300812301 Name: KiLeR00707 Character: KiLeR00707 Ping: 39
PlayerID: 76561198309800376 Name: polinazamlinskaya Character: Полина Замлынская Ping: 62
PlayerID: 76561198351213164 Name: _АхМеД_ Character: Виндяй Вечеслав Ping: 109
PlayerID: 76561198295801599 Name: Lo[x] Character: Lo[x] Ping: 54
PlayerID: 76561198176817369 Name: ?. Character: GlodiS Ping: 54
PlayerID: 76561198349642857 Name: хлеб228 Character: хлеб228 Ping: 148
PlayerID: 76561198375915396 Name: necto.mist Character: danila111223 Ping: 70
PlayerID: 76561198056237987 Name: Calibrovshik Character: Calibrovshik Ping: 93
PlayerID: 76561198256962041 Name: Omega orange Character: CLI Ping: 62

TimerTerminateCommand.Enabled with Players:
[Group] хлеб228 [хлеб228]: "кто тим"

TimerTerminateCommand.Enabled with Players:
[World] CLI [Omega orange]: "ЛС"

END with Players:
[World] CLI [Omega orange]: "личное сообщение отправить"

[World] CLI [Omega orange]: "а то не могу ехать."

Client has executed command "players"

TimerTerminateCommand.Enabled with Players:
Players:
PlayerID: 76561198300812301 Name: KiLeR00707 Character: KiLeR00707 Ping: 23
PlayerID: 76561198309800376 Name: polinazamlinskaya Character: Полина Замлынская Ping: 46
PlayerID: 76561198351213164 Name: _АхМеД_ Character: Виндяй Вечеслав Ping: 85
PlayerID: 76561198295801599 Name: Lo[x] Character: Lo[x] Ping: 46
PlayerID: 76561198176817369 Name: ?. Character: GlodiS Ping: 39
PlayerID: 76561198349642857 Name: хлеб228 Character: хлеб228 Ping: 140
PlayerID: 76561198375915396 Name: necto.mist Character: danila111223 Ping: 62
PlayerID: 76561198056237987 Name: Calibrovshik Character: Calibrovshik Ping: 93
PlayerID: 76561198256962041 Name: Omega orange Character: CLI Ping: 62

END with Players:
[World] CLI [Omega orange]: "мост загорожен"

Не обработано: DeathMessagesRemastered >> Broadcast: Полина Замлынская has been mauled by a zombie! 
DeathMessagesRemastered >> Broadcast: Полина Замлынская has been mauled by a zombie! 

Не обработано: Полина Замлынская [polinazamlinskaya] was mauled by a zombie!
Полина Замлынская [polinazamlinskaya] was mauled by a zombie!

[World] CLI [Omega orange]: "не проехать"

[Group] хлеб228 [хлеб228]: "/tpa сдш"

Client has executed command "players"

TimerTerminateCommand.Enabled with Players:
Players:
PlayerID: 76561198300812301 Name: KiLeR00707 Character: KiLeR00707 Ping: 46
PlayerID: 76561198309800376 Name: polinazamlinskaya Character: Полина Замлынская Ping: 31
PlayerID: 76561198351213164 Name: _АхМеД_ Character: Виндяй Вечеслав Ping: 85
PlayerID: 76561198295801599 Name: Lo[x] Character: Lo[x] Ping: 39
PlayerID: 76561198176817369 Name: ?. Character: GlodiS Ping: 70
PlayerID: 76561198349642857 Name: хлеб228 Character: хлеб228 Ping: 148
PlayerID: 76561198375915396 Name: necto.mist Character: danila111223 Ping: 62
PlayerID: 76561198056237987 Name: Calibrovshik Character: Calibrovshik Ping: 93
PlayerID: 76561198256962041 Name: Omega orange Character: CLI Ping: 62

END with Players:
Не обработано: DeathMessagesRemastered >> Broadcast: KiLeR00707 has killed himself!
DeathMessagesRemastered >> Broadcast: KiLeR00707 has killed himself!

Не обработано: KiLeR00707 [KiLeR00707] killed themself.
KiLeR00707 [KiLeR00707] killed themself.

[World] CLI [Omega orange]: "..."

Disconnecting: PlayerID: 76561198309800376 Name: polinazamlinskaya Character: Полина Замлынская

Client has executed command "players"

TimerTerminateCommand.Enabled with Players:
Players:
PlayerID: 76561198300812301 Name: KiLeR00707 Character: KiLeR00707 Ping: 23
PlayerID: 76561198351213164 Name: _АхМеД_ Character: Виндяй Вечеслав Ping: 109
PlayerID: 76561198295801599 Name: Lo[x] Character: Lo[x] Ping: 31
PlayerID: 76561198176817369 Name: ?. Character: GlodiS Ping: 54
PlayerID: 76561198349642857 Name: хлеб228 Character: хлеб228 Ping: 140
PlayerID: 76561198375915396 Name: necto.mist Character: danila111223 Ping: 70
PlayerID: 76561198056237987 Name: Calibrovshik Character: Calibrovshik Ping: 93
PlayerID: 76561198256962041 Name: Omega orange Character: CLI Ping: 62

END with Players:
[World] CLI [Omega orange]: "добавь в стим"

[Area] хлеб228 [хлеб228]: "/tpa CLI"

Disconnecting: PlayerID: 76561198375915396 Name: necto.mist Character: danila111223

[World] CLI [Omega orange]: "не приму"

Client has executed command "players"

TimerTerminateCommand.Enabled with Players:
Players:
PlayerID: 76561198300812301 Name: KiLeR00707 Character: KiLeR00707 Ping: 31
PlayerID: 76561198351213164 Name: _АхМеД_ Character: Виндяй Вечеслав Ping: 78
PlayerID: 76561198295801599 Name: Lo[x] Character: Lo[x] Ping: 54
PlayerID: 76561198176817369 Name: ?. Character: GlodiS Ping: 54
PlayerID: 76561198349642857 Name: хлеб228 Character: хлеб228 Ping: 148
PlayerID: 76561198056237987 Name: Calibrovshik Character: Calibrovshik Ping: 93
PlayerID: 76561198256962041 Name: Omega orange Character: CLI Ping: 62

END with Players:
[World] CLI [Omega orange]: "бле,где моя кобра"

Client has executed command "players"

TimerTerminateCommand.Enabled with Players:
Players:
PlayerID: 76561198300812301 Name: KiLeR00707 Character: KiLeR00707 Ping: 31
PlayerID: 76561198351213164 Name: _АхМеД_ Character: Виндяй Вечеслав Ping: 78
PlayerID: 76561198295801599 Name: Lo[x] Character: Lo[x] Ping: 54
PlayerID: 76561198176817369 Name: ?. Character: GlodiS Ping: 62
PlayerID: 76561198349642857 Name: хлеб228 Character: хлеб228 Ping: 148
PlayerID: 76561198056237987 Name: Calibrovshik Character: Calibrovshik Ping: 93
PlayerID: 76561198256962041 Name: Omega orange Character: CLI Ping: 62

END with Players:
[World] KiLeR00707 [KiLeR00707]: "Скажи зачем и я добавлю"

Не обработано: MessageAnnouncer >> Broadcast: vk.com/unturned_hgm - цены на премиум, VIP и другие услуги смотрите в группе!
MessageAnnouncer >> Broadcast: vk.com/unturned_hgm - цены на премиум, VIP и другие услуги смотрите в группе!

Не обработано: MessageAnnouncer >> vk.com/unturned_hgm - цены на премиум, VIP и другие услуги смотрите в группе!
MessageAnnouncer >> vk.com/unturned_hgm - цены на премиум, VIP и другие услуги смотрите в группе!

[Area] хлеб228 [хлеб228]: "ПРИМИ"

[World] CLI [Omega orange]: "общаться блин"

Client has executed command "players"

TimerTerminateCommand.Enabled with Players:
Players:
PlayerID: 76561198300812301 Name: KiLeR00707 Character: KiLeR00707 Ping: 39
PlayerID: 76561198351213164 Name: _АхМеД_ Character: Виндяй Вечеслав Ping: 117
PlayerID: 76561198295801599 Name: Lo[x] Character: Lo[x] Ping: 39
PlayerID: 76561198176817369 Name: ?. Character: GlodiS Ping: 62
PlayerID: 76561198349642857 Name: хлеб228 Character: хлеб228 Ping: 140
PlayerID: 76561198056237987 Name: Calibrovshik Character: Calibrovshik Ping: 93
PlayerID: 76561198256962041 Name: Omega orange Character: CLI Ping: 62

END with Players:
[Area] хлеб228 [хлеб228]: ".ДА"

Client has executed command "players"

TimerTerminateCommand.Enabled with Players:
Players:
PlayerID: 76561198300812301 Name: KiLeR00707 Character: KiLeR00707 Ping: 39
PlayerID: 76561198351213164 Name: _АхМеД_ Character: Виндяй Вечеслав Ping: 117
PlayerID: 76561198295801599 Name: Lo[x] Character: Lo[x] Ping: 54
PlayerID: 76561198176817369 Name: ?. Character: GlodiS Ping: 70
PlayerID: 76561198349642857 Name: хлеб228 Character: хлеб228 Ping: 156
PlayerID: 76561198056237987 Name: Calibrovshik Character: Calibrovshik Ping: 93
PlayerID: 76561198256962041 Name: Omega orange Character: CLI Ping: 62

END with Players:
Client has executed command "players"

TimerTerminateCommand.Enabled with Players:
Players:
PlayerID: 76561198300812301 Name: KiLeR00707 Character: KiLeR00707 Ping: 7
PlayerID: 76561198351213164 Name: _АхМеД_ Character: Виндяй Вечеслав Ping: 78
PlayerID: 76561198295801599 Name: Lo[x] Character: Lo[x] Ping: 46
PlayerID: 76561198176817369 Name: ?. Character: GlodiS Ping: 70
PlayerID: 76561198349642857 Name: хлеб228 Character: хлеб228 Ping: 140
PlayerID: 76561198056237987 Name: Calibrovshik Character: Calibrovshik Ping: 93
PlayerID: 76561198256962041 Name: Omega orange Character: CLI Ping: 62

END with Players:
[Group] хлеб228 [хлеб228]: "/KIT HGM"

[World] KiLeR00707 [KiLeR00707]: "всё"

Client has executed command "players"

TimerTerminateCommand.Enabled with Players:
Players:
PlayerID: 76561198300812301 Name: KiLeR00707 Character: KiLeR00707 Ping: 31
PlayerID: 76561198351213164 Name: _АхМеД_ Character: Виндяй Вечеслав Ping: 70
PlayerID: 76561198295801599 Name: Lo[x] Character: Lo[x] Ping: 46
PlayerID: 76561198176817369 Name: ?. Character: GlodiS Ping: 46
PlayerID: 76561198349642857 Name: хлеб228 Character: хлеб228 Ping: 140
PlayerID: 76561198056237987 Name: Calibrovshik Character: Calibrovshik Ping: 93
PlayerID: 76561198256962041 Name: Omega orange Character: CLI Ping: 70

TimerTerminateCommand.Enabled with Players:
[World] CLI [Omega orange]: "ща."

END with Players:
[Area] хлеб228 [хлеб228]: "/KIT HGM"

Client has executed command "players"

TimerTerminateCommand.Enabled with Players:
Players:
PlayerID: 76561198300812301 Name: KiLeR00707 Character: KiLeR00707 Ping: 23
PlayerID: 76561198351213164 Name: _АхМеД_ Character: Виндяй Вечеслав Ping: 85
PlayerID: 76561198295801599 Name: Lo[x] Character: Lo[x] Ping: 54
PlayerID: 76561198176817369 Name: ?. Character: GlodiS Ping: 70
PlayerID: 76561198349642857 Name: хлеб228 Character: хлеб228 Ping: 164
PlayerID: 76561198056237987 Name: Calibrovshik Character: Calibrovshik Ping: 93
PlayerID: 76561198256962041 Name: Omega orange Character: CLI Ping: 62

END with Players:
[Area] хлеб228 [хлеб228]: "/TPA CL"

Client has executed command "players"

TimerTerminateCommand.Enabled with Players:
Players:
PlayerID: 76561198300812301 Name: KiLeR00707 Character: KiLeR00707 Ping: 39
PlayerID: 76561198351213164 Name: _АхМеД_ Character: Виндяй Вечеслав Ping: 78
PlayerID: 76561198295801599 Name: Lo[x] Character: Lo[x] Ping: 46
PlayerID: 76561198176817369 Name: ?. Character: GlodiS Ping: 62
PlayerID: 76561198349642857 Name: хлеб228 Character: хлеб228 Ping: 140
PlayerID: 76561198056237987 Name: Calibrovshik Character: Calibrovshik Ping: 93
PlayerID: 76561198256962041 Name: Omega orange Character: CLI Ping: 62

END with Players:
[Area] хлеб228 [хлеб228]: "CLI ghbvb"

Не обработано: MessageAnnouncer >> Broadcast: Наберите /kit claim, чтобы получить Claim Flag
MessageAnnouncer >> Broadcast: Наберите /kit claim, чтобы получить Claim Flag

Не обработано: MessageAnnouncer >> Наберите /kit claim, чтобы получить Claim Flag
MessageAnnouncer >> Наберите /kit claim, чтобы получить Claim Flag

Client has executed command "players"

TimerTerminateCommand.Enabled with Players:
Players:
PlayerID: 76561198300812301 Name: KiLeR00707 Character: KiLeR00707 Ping: 31
PlayerID: 76561198351213164 Name: _АхМеД_ Character: Виндяй Вечеслав Ping: 93
PlayerID: 76561198295801599 Name: Lo[x] Character: Lo[x] Ping: 54
PlayerID: 76561198176817369 Name: ?. Character: GlodiS Ping: 70
PlayerID: 76561198349642857 Name: хлеб228 Character: хлеб228 Ping: 148
PlayerID: 76561198056237987 Name: Calibrovshik Character: Calibrovshik Ping: 101
PlayerID: 76561198256962041 Name: Omega orange Character: CLI Ping: 62

END with Players:
[Group] хлеб228 [хлеб228]: "cli прими"

[World] Виндяй Вечеслав [_АхМеД_]: "КТО ЗАПРАВИТ МНЕ МАШИНУ"

Client has executed command "players"

TimerTerminateCommand.Enabled with Players:
Players:
PlayerID: 76561198300812301 Name: KiLeR00707 Character: KiLeR00707 Ping: 7
PlayerID: 76561198351213164 Name: _АхМеД_ Character: Виндяй Вечеслав Ping: 109
PlayerID: 76561198295801599 Name: Lo[x] Character: Lo[x] Ping: 62
PlayerID: 76561198176817369 Name: ?. Character: GlodiS Ping: 46
PlayerID: 76561198349642857 Name: хлеб228 Character: хлеб228 Ping: 132
PlayerID: 76561198056237987 Name: Calibrovshik Character: Calibrovshik Ping: 93
PlayerID: 76561198256962041 Name: Omega orange Character: CLI Ping: 70

END with Players:
[World] KiLeR00707 [KiLeR00707]: "я могу"

Client has executed command "players"

TimerTerminateCommand.Enabled with Players:
Players:
PlayerID: 76561198300812301 Name: KiLeR00707 Character: KiLeR00707 Ping: 23
PlayerID: 76561198351213164 Name: _АхМеД_ Character: Виндяй Вечеслав Ping: 117
PlayerID: 76561198295801599 Name: Lo[x] Character: Lo[x] Ping: 46
PlayerID: 76561198176817369 Name: ?. Character: GlodiS Ping: 78
PlayerID: 76561198349642857 Name: хлеб228 Character: хлеб228 Ping: 148
PlayerID: 76561198056237987 Name: Calibrovshik Character: Calibrovshik Ping: 93
PlayerID: 76561198256962041 Name: Omega orange Character: CLI Ping: 70

TimerTerminateCommand.Enabled with Players:
[World] CLI [Omega orange]: "куда лететь"

END with Players:
[World] CLI [Omega orange]: "аэро такси."

[World] Виндяй Вечеслав [_АхМеД_]: "Килер тп"

Client has executed command "players"

TimerTerminateCommand.Enabled with Players:
Players:
PlayerID: 76561198300812301 Name: KiLeR00707 Character: KiLeR00707 Ping: 31
PlayerID: 76561198351213164 Name: _АхМеД_ Character: Виндяй Вечеслав Ping: 78
PlayerID: 76561198295801599 Name: Lo[x] Character: Lo[x] Ping: 54
PlayerID: 76561198176817369 Name: ?. Character: GlodiS Ping: 46
PlayerID: 76561198349642857 Name: хлеб228 Character: хлеб228 Ping: 125
PlayerID: 76561198056237987 Name: Calibrovshik Character: Calibrovshik Ping: 93
PlayerID: 76561198256962041 Name: Omega orange Character: CLI Ping: 62

END with Players:
Connecting: PlayerID: 76561198337394847 Name: snake sarpe Character: snake sarpe

[Area] хлеб228 [хлеб228]: "/tpa riler"

[World] KiLeR00707 [KiLeR00707]: "/tpa в"

[World] Виндяй Вечеслав [_АхМеД_]: "/tpa a"

Client has executed command "players"

TimerTerminateCommand.Enabled with Players:
Players:
PlayerID: 76561198300812301 Name: KiLeR00707 Character: KiLeR00707 Ping: 54
PlayerID: 76561198351213164 Name: _АхМеД_ Character: Виндяй Вечеслав Ping: 101
PlayerID: 76561198295801599 Name: Lo[x] Character: Lo[x] Ping: 46
PlayerID: 76561198176817369 Name: ?. Character: GlodiS Ping: 54
PlayerID: 76561198349642857 Name: хлеб228 Character: хлеб228 Ping: 171
PlayerID: 76561198056237987 Name: Calibrovshik Character: Calibrovshik Ping: 93
PlayerID: 76561198256962041 Name: Omega orange Character: CLI Ping: 62
PlayerID: 76561198337394847 Name: snake sarpe Character: snake sarpe Ping: 78

END with Players:
Client has executed command "players"

TimerTerminateCommand.Enabled with Players:
Players:
PlayerID: 76561198300812301 Name: KiLeR00707 Character: KiLeR00707 Ping: 54
PlayerID: 76561198351213164 Name: _АхМеД_ Character: Виндяй Вечеслав Ping: 93
PlayerID: 76561198295801599 Name: Lo[x] Character: Lo[x] Ping: 46
PlayerID: 76561198176817369 Name: ?. Character: GlodiS Ping: 54
PlayerID: 76561198349642857 Name: хлеб228 Character: хлеб228 Ping: 140
PlayerID: 76561198056237987 Name: Calibrovshik Character: Calibrovshik Ping: 101
PlayerID: 76561198256962041 Name: Omega orange Character: CLI Ping: 62
PlayerID: 76561198337394847 Name: snake sarpe Character: snake sarpe Ping: 85

END with Players:
[World] Виндяй Вечеслав [_АхМеД_]: "и так сможешь"

[Group] snake sarpe [snake sarpe]: "/P"

Не обработано: MessageAnnouncer >> Broadcast: Если модератор ведёт себя неподобающе, пишите в группу или ЛС (vk.com/unturned_hgm, vk.com/hemulgm)
MessageAnnouncer >> Broadcast: Если модератор ведёт себя неподобающе, пишите в группу или ЛС (vk.com/unturned_hgm, vk.com/hemulgm)

Не обработано: MessageAnnouncer >> Если модератор ведёт себя неподобающе, пишите в группу или ЛС (vk.com/unturned_hgm, vk.com/hemulgm)
MessageAnnouncer >> Если модератор ведёт себя неподобающе, пишите в группу или ЛС (vk.com/unturned_hgm, vk.com/hemulgm)

[World] CLI [Omega orange]: "бля"

[World] Виндяй Вечеслав [_АхМеД_]: "так дай мне"

[World] Lo[x] [Lo[x]]: "/kit start"

Connecting: PlayerID: 76561198331293319 Name: blue_lotus232008 Character: blue_lotus232008

[World] Виндяй Вечеслав [_АхМеД_]: "нет"

Client has executed command "players"

TimerTerminateCommand.Enabled with Players:
Players:
PlayerID: 76561198300812301 Name: KiLeR00707 Character: KiLeR00707 Ping: 15
PlayerID: 76561198351213164 Name: _АхМеД_ Character: Виндяй Вечеслав Ping: 109
PlayerID: 76561198295801599 Name: Lo[x] Character: Lo[x] Ping: 54
PlayerID: 76561198176817369 Name: ?. Character: GlodiS Ping: 39
PlayerID: 76561198349642857 Name: хлеб228 Character: хлеб228 Ping: 140
PlayerID: 76561198056237987 Name: Calibrovshik Character: Calibrovshik Ping: 93
PlayerID: 76561198256962041 Name: Omega orange Character: CLI Ping: 62
PlayerID: 76561198337394847 Name: snake sarpe Character: snake sarpe Ping: 78
PlayerID: 76561198331293319 Name: blue_lotus232008 Character: blue_lotus232008 Ping: 429

END with Players:
[World] Виндяй Вечеслав [_АхМеД_]: "ясн ты прост вор ебучий"

Disconnecting: PlayerID: 76561198331293319 Name: blue_lotus232008 Character: blue_lotus232008

[World] CLI [Omega orange]: "я в пути"

Не обработано: DeathMessagesRemastered >> Broadcast: хлеб228 has killed himself!
DeathMessagesRemastered >> Broadcast: хлеб228 has killed himself!

Не обработано: хлеб228 [хлеб228] killed themself.
хлеб228 [хлеб228] killed themself.

Client has executed command "players"

TimerTerminateCommand.Enabled with Players:
Players:
PlayerID: 76561198300812301 Name: KiLeR00707 Character: KiLeR00707 Ping: 46
PlayerID: 76561198351213164 Name: _АхМеД_ Character: Виндяй Вечеслав Ping: 78
PlayerID: 76561198295801599 Name: Lo[x] Character: Lo[x] Ping: 39
PlayerID: 76561198176817369 Name: ?. Character: GlodiS Ping: 62
PlayerID: 76561198349642857 Name: хлеб228 Character: хлеб228 Ping: 140
PlayerID: 76561198056237987 Name: Calibrovshik Character: Calibrovshik Ping: 93
PlayerID: 76561198256962041 Name: Omega orange Character: CLI Ping: 62
PlayerID: 76561198337394847 Name: snake sarpe Character: snake sarpe Ping: 85

END with Players:
Disconnecting: PlayerID: 76561198337394847 Name: snake sarpe Character: snake sarpe

[World] KiLeR00707 [KiLeR00707]: "/home"

Не обработано: KiLeR00707 moved x:843.7886 y:86.94987(+48.47255) z:-482.8979 in the last second (0.2379227)
KiLeR00707 moved x:843.7886 y:86.94987(+48.47255) z:-482.8979 in the last second (0.2379227)

[World] CLI [Omega orange]: "огни видно?"

Client has executed command "players"

TimerTerminateCommand.Enabled with Players:
Players:
PlayerID: 76561198300812301 Name: KiLeR00707 Character: KiLeR00707 Ping: 31
PlayerID: 76561198351213164 Name: _АхМеД_ Character: Виндяй Вечеслав Ping: 78
PlayerID: 76561198295801599 Name: Lo[x] Character: Lo[x] Ping: 39
PlayerID: 76561198176817369 Name: ?. Character: GlodiS Ping: 54
PlayerID: 76561198349642857 Name: хлеб228 Character: хлеб228 Ping: 132
PlayerID: 76561198056237987 Name: Calibrovshik Character: Calibrovshik Ping: 93
PlayerID: 76561198256962041 Name: Omega orange Character: CLI Ping: 62

END with Players:
[World] KiLeR00707 [KiLeR00707]: "нет"

[World] CLI [Omega orange]: "ща."

[World] CLI [Omega orange]: "ыхыхы"

Client has executed command "players"

TimerTerminateCommand.Enabled with Players:
Players:
PlayerID: 76561198300812301 Name: KiLeR00707 Character: KiLeR00707 Ping: 23
PlayerID: 76561198351213164 Name: _АхМеД_ Character: Виндяй Вечеслав Ping: 132
PlayerID: 76561198295801599 Name: Lo[x] Character: Lo[x] Ping: 46
PlayerID: 76561198176817369 Name: ?. Character: GlodiS Ping: 62
PlayerID: 76561198349642857 Name: хлеб228 Character: хлеб228 Ping: 148
PlayerID: 76561198056237987 Name: Calibrovshik Character: Calibrovshik Ping: 93
PlayerID: 76561198256962041 Name: Omega orange Character: CLI Ping: 62
[Area] хлеб228 [хлеб228]: "/tpa cli"

END with Players:
[World] KiLeR00707 [KiLeR00707]: "/home"

[World] CLI [Omega orange]: "я у города"

Client has executed command "players"

TimerTerminateCommand.Enabled with Players:
Players:
PlayerID: 76561198300812301 Name: KiLeR00707 Character: KiLeR00707 Ping: 15
PlayerID: 76561198351213164 Name: _АхМеД_ Character: Виндяй Вечеслав Ping: 125
PlayerID: 76561198295801599 Name: Lo[x] Character: Lo[x] Ping: 39
PlayerID: 76561198176817369 Name: ?. Character: GlodiS Ping: 46
PlayerID: 76561198349642857 Name: хлеб228 Character: хлеб228 Ping: 148
PlayerID: 76561198056237987 Name: Calibrovshik Character: Calibrovshik Ping: 93
PlayerID: 76561198256962041 Name: Omega orange Character: CLI Ping: 62

END with Players:
[World] CLI [Omega orange]: "итс ю?"

Client has executed command "players"

TimerTerminateCommand.Enabled with Players:
Players:
PlayerID: 76561198300812301 Name: KiLeR00707 Character: KiLeR00707 Ping: 23
PlayerID: 76561198351213164 Name: _АхМеД_ Character: Виндяй Вечеслав Ping: 70
PlayerID: 76561198295801599 Name: Lo[x] Character: Lo[x] Ping: 54
PlayerID: 76561198176817369 Name: ?. Character: GlodiS Ping: 46
PlayerID: 76561198349642857 Name: хлеб228 Character: хлеб228 Ping: 140
PlayerID: 76561198056237987 Name: Calibrovshik Character: Calibrovshik Ping: 93
PlayerID: 76561198256962041 Name: Omega orange Character: CLI Ping: 62

TimerTerminateCommand.Enabled with Players:
[World] CLI [Omega orange]: "киллер это ты?"

END with Players:
Не обработано: MessageAnnouncer >> Broadcast: vk.com/hemulgm - ЕДИНСТВЕННЫЙ администратор сервера
MessageAnnouncer >> Broadcast: vk.com/hemulgm - ЕДИНСТВЕННЫЙ администратор сервера

Не обработано: MessageAnnouncer >> vk.com/hemulgm - ЕДИНСТВЕННЫЙ администратор сервера
MessageAnnouncer >> vk.com/hemulgm - ЕДИНСТВЕННЫЙ администратор сервера

Client has executed command "players"

TimerTerminateCommand.Enabled with Players:
Players:
PlayerID: 76561198300812301 Name: KiLeR00707 Character: KiLeR00707 Ping: 23
PlayerID: 76561198351213164 Name: _АхМеД_ Character: Виндяй Вечеслав Ping: 85
PlayerID: 76561198295801599 Name: Lo[x] Character: Lo[x] Ping: 54
PlayerID: 76561198176817369 Name: ?. Character: GlodiS Ping: 62
PlayerID: 76561198349642857 Name: хлеб228 Character: хлеб228 Ping: 156
PlayerID: 76561198056237987 Name: Calibrovshik Character: Calibrovshik Ping: 93
PlayerID: 76561198256962041 Name: Omega orange Character: CLI Ping: 70

END with Players:
[Area] GlodiS [?.]: "/home"

Client has executed command "players"

TimerTerminateCommand.Enabled with Players:
Players:
PlayerID: 76561198300812301 Name: KiLeR00707 Character: KiLeR00707 Ping: 39
PlayerID: 76561198351213164 Name: _АхМеД_ Character: Виндяй Вечеслав Ping: 70
PlayerID: 76561198295801599 Name: Lo[x] Character: Lo[x] Ping: 46
PlayerID: 76561198176817369 Name: ?. Character: GlodiS Ping: 62
PlayerID: 76561198349642857 Name: хлеб228 Character: хлеб228 Ping: 132
PlayerID: 76561198056237987 Name: Calibrovshik Character: Calibrovshik Ping: 93
PlayerID: 76561198256962041 Name: Omega orange Character: CLI Ping: 70

END with Players:
[World] KiLeR00707 [KiLeR00707]: "нет я в доме"

[World] CLI [Omega orange]: "окай"

[World] KiLeR00707 [KiLeR00707]: "в своём"

Client has executed command "players"

TimerTerminateCommand.Enabled with Players:
Players:
PlayerID: 76561198300812301 Name: KiLeR00707 Character: KiLeR00707 Ping: 15
PlayerID: 76561198351213164 Name: _АхМеД_ Character: Виндяй Вечеслав Ping: 70
PlayerID: 76561198295801599 Name: Lo[x] Character: Lo[x] Ping: 54
PlayerID: 76561198176817369 Name: ?. Character: GlodiS Ping: 70
PlayerID: 76561198349642857 Name: хлеб228 Character: хлеб228 Ping: 148
PlayerID: 76561198056237987 Name: Calibrovshik Character: Calibrovshik Ping: 93
PlayerID: 76561198256962041 Name: Omega orange Character: CLI Ping: 62

END with Players:
[World] CLI [Omega orange]: "я у парадайз"

Client has executed command "players"

TimerTerminateCommand.Enabled with Players:
Players:
PlayerID: 76561198300812301 Name: KiLeR00707 Character: KiLeR00707 Ping: 39
PlayerID: 76561198351213164 Name: _АхМеД_ Character: Виндяй Вечеслав Ping: 78
PlayerID: 76561198295801599 Name: Lo[x] Character: Lo[x] Ping: 39
PlayerID: 76561198176817369 Name: ?. Character: GlodiS Ping: 54
PlayerID: 76561198349642857 Name: хлеб228 Character: хлеб228 Ping: 148
PlayerID: 76561198056237987 Name: Calibrovshik Character: Calibrovshik Ping: 93
PlayerID: 76561198256962041 Name: Omega orange Character: CLI Ping: 62

END with Players:
[World] CLI [Omega orange]: "вхере аре ю"

Client has executed command "players"

TimerTerminateCommand.Enabled with Players:
Players:
PlayerID: 76561198300812301 Name: KiLeR00707 Character: KiLeR00707 Ping: 23
PlayerID: 76561198351213164 Name: _АхМеД_ Character: Виндяй Вечеслав Ping: 78
PlayerID: 76561198295801599 Name: Lo[x] Character: Lo[x] Ping: 46
PlayerID: 76561198176817369 Name: ?. Character: GlodiS Ping: 62
PlayerID: 76561198349642857 Name: хлеб228 Character: хлеб228 Ping: 132
PlayerID: 76561198056237987 Name: Calibrovshik Character: Calibrovshik Ping: 93
PlayerID: 76561198256962041 Name: Omega orange Character: CLI Ping: 62

END with Players:
[World] CLI [Omega orange]: "я у входа на базу"

Client has executed command "players"

TimerTerminateCommand.Enabled with Players:
Players:
PlayerID: 76561198300812301 Name: KiLeR00707 Character: KiLeR00707 Ping: 23
PlayerID: 76561198351213164 Name: _АхМеД_ Character: Виндяй Вечеслав Ping: 85
PlayerID: 76561198295801599 Name: Lo[x] Character: Lo[x] Ping: 46
PlayerID: 76561198176817369 Name: ?. Character: GlodiS Ping: 54
PlayerID: 76561198349642857 Name: хлеб228 Character: хлеб228 Ping: 148
PlayerID: 76561198056237987 Name: Calibrovshik Character: Calibrovshik Ping: 93
PlayerID: 76561198256962041 Name: Omega orange Character: CLI Ping: 62

END with Players:
[Area] хлеб228 [хлеб228]: "кли прими"

Не обработано: MessageAnnouncer >> Broadcast: Используйте /report [ник], чтобы отправить жалобу на игрока
MessageAnnouncer >> Broadcast: Используйте /report [ник], чтобы отправить жалобу на игрока

Не обработано: MessageAnnouncer >> Используйте /report [ник], чтобы отправить жалобу на игрока
MessageAnnouncer >> Используйте /report [ник], чтобы отправить жалобу на игрока

[World] CLI [Omega orange]: "я с флаером"

Client has executed command "players"

TimerTerminateCommand.Enabled with Players:
Players:
PlayerID: 76561198300812301 Name: KiLeR00707 Character: KiLeR00707 Ping: 15
PlayerID: 76561198351213164 Name: _АхМеД_ Character: Виндяй Вечеслав Ping: 93
PlayerID: 76561198295801599 Name: Lo[x] Character: Lo[x] Ping: 46
PlayerID: 76561198176817369 Name: ?. Character: GlodiS Ping: 62
PlayerID: 76561198349642857 Name: хлеб228 Character: хлеб228 Ping: 148
PlayerID: 76561198056237987 Name: Calibrovshik Character: Calibrovshik Ping: 93
PlayerID: 76561198256962041 Name: Omega orange Character: CLI Ping: 62

END with Players:
[World] KiLeR00707 [KiLeR00707]: "я тебя вижу"

[World] CLI [Omega orange]: "ага"

[World] CLI [Omega orange]: "ну?"

[World] CLI [Omega orange]: "куда"

Client has executed command "players"

TimerTerminateCommand.Enabled with Players:
Players:
PlayerID: 76561198300812301 Name: KiLeR00707 Character: KiLeR00707 Ping: 23
PlayerID: 76561198351213164 Name: _АхМеД_ Character: Виндяй Вечеслав Ping: 250
PlayerID: 76561198295801599 Name: Lo[x] Character: Lo[x] Ping: 39
PlayerID: 76561198176817369 Name: ?. Character: GlodiS Ping: 62
PlayerID: 76561198349642857 Name: хлеб228 Character: хлеб228 Ping: 132
PlayerID: 76561198056237987 Name: Calibrovshik Character: Calibrovshik Ping: 93
PlayerID: 76561198256962041 Name: Omega orange Character: CLI Ping: 62

TimerTerminateCommand.Enabled with Players:
[World] KiLeR00707 [KiLeR00707]: "щас"

END with Players:
[World] KiLeR00707 [KiLeR00707]: "стой там"

[World] CLI [Omega orange]: "полёт или колёса?"

[World] CLI [Omega orange]: "полёт-даёшь бензин"

Client has executed command "players"

TimerTerminateCommand.Enabled with Players:
Players:
PlayerID: 76561198300812301 Name: KiLeR00707 Character: KiLeR00707 Ping: 23
PlayerID: 76561198351213164 Name: _АхМеД_ Character: Виндяй Вечеслав Ping: 148
PlayerID: 76561198295801599 Name: Lo[x] Character: Lo[x] Ping: 39
PlayerID: 76561198176817369 Name: ?. Character: GlodiS Ping: 54
PlayerID: 76561198349642857 Name: хлеб228 Character: хлеб228 Ping: 132
PlayerID: 76561198056237987 Name: Calibrovshik Character: Calibrovshik Ping: 93
PlayerID: 76561198256962041 Name: Omega orange Character: CLI Ping: 62

END with Players:
Client has executed command "players"

TimerTerminateCommand.Enabled with Players:
Players:
PlayerID: 76561198300812301 Name: KiLeR00707 Character: KiLeR00707 Ping: 31
PlayerID: 76561198351213164 Name: _АхМеД_ Character: Виндяй Вечеслав Ping: 132
PlayerID: 76561198295801599 Name: Lo[x] Character: Lo[x] Ping: 54
PlayerID: 76561198176817369 Name: ?. Character: GlodiS Ping: 62
PlayerID: 76561198349642857 Name: хлеб228 Character: хлеб228 Ping: 148
PlayerID: 76561198056237987 Name: Calibrovshik Character: Calibrovshik Ping: 93
PlayerID: 76561198256962041 Name: Omega orange Character: CLI Ping: 62

Не обработано: DeathMessagesRemastered >> Broadcast: хлеб228 has killed himself!
TimerTerminateCommand.Enabled with Players:
DeathMessagesRemastered >> Broadcast: хлеб228 has killed himself!

Не обработано: хлеб228 [хлеб228] killed themself.
TimerTerminateCommand.Enabled with Players:
хлеб228 [хлеб228] killed themself.

END with Players:
[World] CLI [Omega orange]: "я ща"

Client has executed command "players"

TimerTerminateCommand.Enabled with Players:
Players:
PlayerID: 76561198300812301 Name: KiLeR00707 Character: KiLeR00707 Ping: 54
PlayerID: 76561198351213164 Name: _АхМеД_ Character: Виндяй Вечеслав Ping: 125
PlayerID: 76561198295801599 Name: Lo[x] Character: Lo[x] Ping: 46
PlayerID: 76561198176817369 Name: ?. Character: GlodiS Ping: 62
PlayerID: 76561198349642857 Name: хлеб228 Character: хлеб228 Ping: 132
PlayerID: 76561198056237987 Name: Calibrovshik Character: Calibrovshik Ping: 101
PlayerID: 76561198256962041 Name: Omega orange Character: CLI Ping: 62

END with Players:
[World] CLI [Omega orange]: "всё"

Client has executed command "players"

TimerTerminateCommand.Enabled with Players:
Players:
PlayerID: 76561198300812301 Name: KiLeR00707 Character: KiLeR00707 Ping: 7
PlayerID: 76561198351213164 Name: _АхМеД_ Character: Виндяй Вечеслав Ping: 109
PlayerID: 76561198295801599 Name: Lo[x] Character: Lo[x] Ping: 54
PlayerID: 76561198176817369 Name: ?. Character: GlodiS Ping: 70
PlayerID: 76561198349642857 Name: хлеб228 Character: хлеб228 Ping: 156
PlayerID: 76561198056237987 Name: Calibrovshik Character: Calibrovshik Ping: 93
PlayerID: 76561198256962041 Name: Omega orange Character: CLI Ping: 62

TimerTerminateCommand.Enabled with Players:
[World] Виндяй Вечеслав [_АхМеД_]: "спс"

END with Players:
Не обработано: MessageAnnouncer >> Broadcast: Наберите /rules (/r) для просмотра правил
MessageAnnouncer >> Broadcast: Наберите /rules (/r) для просмотра правил

Не обработано: MessageAnnouncer >> Наберите /rules (/r) для просмотра правил
MessageAnnouncer >> Наберите /rules (/r) для просмотра правил

[World] CLI [Omega orange]: "где канистпв"

[World] CLI [Omega orange]: "с бензо"

Client has executed command "players"

TimerTerminateCommand.Enabled with Players:
Players:
PlayerID: 76561198300812301 Name: KiLeR00707 Character: KiLeR00707 Ping: 31
PlayerID: 76561198351213164 Name: _АхМеД_ Character: Виндяй Вечеслав Ping: 101
PlayerID: 76561198295801599 Name: Lo[x] Character: Lo[x] Ping: 46
PlayerID: 76561198176817369 Name: ?. Character: GlodiS Ping: 62
PlayerID: 76561198349642857 Name: хлеб228 Character: хлеб228 Ping: 140
PlayerID: 76561198056237987 Name: Calibrovshik Character: Calibrovshik Ping: 101
PlayerID: 76561198256962041 Name: Omega orange Character: CLI Ping: 62

END with Players:
[World] CLI [Omega orange]: "поехали"

Client has executed command "players"

TimerTerminateCommand.Enabled with Players:
Players:
PlayerID: 76561198300812301 Name: KiLeR00707 Character: KiLeR00707 Ping: 23
PlayerID: 76561198351213164 Name: _АхМеД_ Character: Виндяй Вечеслав Ping: 109
PlayerID: 76561198295801599 Name: Lo[x] Character: Lo[x] Ping: 39
PlayerID: 76561198176817369 Name: ?. Character: GlodiS Ping: 54
PlayerID: 76561198349642857 Name: хлеб228 Character: хлеб228 Ping: 156
PlayerID: 76561198056237987 Name: Calibrovshik Character: Calibrovshik Ping: 101
PlayerID: 76561198256962041 Name: Omega orange Character: CLI Ping: 62

TimerTerminateCommand.Enabled with Players:
[World] CLI [Omega orange]: "куда?"

END with Players:
