Не обработано: RocketRcon v2.4.8.0
RocketRcon v2.4.8.0

Client has executed command "players"

TimerTerminateCommand.Enabled with Players:
Players:
PlayerID: 76561198140053978 Name: 7_AleX_3 Character: 7_AleX_3 Ping: 46
PlayerID: 76561198314140913 Name: DireHick Character: JeffRee Ping: 42
PlayerID: 76561198280617288 Name: Незнаю какой придумать Character: Пипр Ping: 50
PlayerID: 76561198256523318 Name: baha Character: baha Ping: 42
PlayerID: 76561198176817369 Name: ?. Character: GlodiS Ping: 78
PlayerID: 76561198357648706 Name: lessik1210 Character: Griman18 Ping: 54
PlayerID: 76561198366549870 Name: Expert13372284200 Character: Expert1337 Ping: 144
PlayerID: 76561198295801599 Name: Lo[x] Character: Lo[x] Ping: 54
PlayerID: 76561198276840558 Name: Котик ^-^ Character: kennys Ping: 121
PlayerID: 76561198322193999 Name: ™_Game®_™ Character: Карл Иванович Ping: 46
PlayerID: 76561198262878051 Name: Kolder Character: Kolder Ping: 50
PlayerID: 76561198130434614 Name: ZH3K4 Character: ZH3K4 Ping: 62
PlayerID: 76561198287257345 Name: TheHard27 Character: TheHard27 Ping: 179

END with Players:
TimerTerminateCommand.Enabled with Bans:
Client has executed command "bans"
Bans:
PlayerID: 123123
JudgeID: 0
Reason: unspecified Duration: 31536000 Remaining: 31459052
PlayerID: 123
JudgeID: 0
Reason: durila Duration: 4000 Remaining: 4294894846
PlayerID: 76561198274427357
JudgeID: 0
Reason: you were vote kicked Duration: 180 Remaining: 4294923219

END with Bans:
[World] Expert1337 [Expert13372284200]: "мост тот"

