16.06.2017 17:13:05: Не обработано: RocketRcon v2.4.8.0
16.06.2017 17:13:05: TimerTerminateCommand.Enabled with Players:
16.06.2017 17:13:07: TimerTerminateCommand.Enabled with Players:
16.06.2017 17:13:08: TimerTerminateCommand.Enabled with Players:
16.06.2017 17:13:09: TimerTerminateCommand.Enabled with Players:
16.06.2017 17:13:11: END with Players:
16.06.2017 17:13:11: TimerTerminateCommand.Enabled with Bans:
16.06.2017 17:13:11: TimerTerminateCommand.Enabled with Bans:
16.06.2017 17:13:12: Не обработано: Глеб Муфтеев moved x:-661.2087 y:59.99508(+32.2471) z:-249.9896 in the last second (21.61776)
16.06.2017 17:13:12: TimerTerminateCommand.Enabled with Bans:
16.06.2017 17:13:14: END with Bans:
16.06.2017 17:13:21: Не обработано: DeathMessagesRemastered >> Broadcast: Тугрик был убит плювальщиком!
16.06.2017 17:13:21: Не обработано: DropManager >> 3
16.06.2017 17:13:21: Не обработано: Тугрик [xom9k] was dissolved by a zombie!
16.06.2017 17:13:25: TimerTerminateCommand.Enabled with Players:
16.06.2017 17:13:26: TimerTerminateCommand.Enabled with Players:
16.06.2017 17:13:28: END with Players:
16.06.2017 17:13:28: TimerTerminateCommand.Enabled with Bans:
16.06.2017 17:13:30: END with Bans:
16.06.2017 17:13:37: Не обработано: MessageAnnouncer >> Broadcast: vk.com/unturned_hgm - группа сервера ВК, уникальный кит в записи!
16.06.2017 17:13:38: Не обработано: MessageAnnouncer >> vk.com/unturned_hgm - группа сервера ВК, уникальный кит в записи!
16.06.2017 17:13:45: TimerTerminateCommand.Enabled with Players:
16.06.2017 17:13:46: Не обработано: DeathMessagesRemastered >> Broadcast: Killer истёк кровью!
16.06.2017 17:13:46: TimerTerminateCommand.Enabled with Players:
16.06.2017 17:13:46: Не обработано: DropManager >> 3
16.06.2017 17:13:46: Не обработано: Killer [CakeGamer] bled to death!
16.06.2017 17:13:46: TimerTerminateCommand.Enabled with Players:
16.06.2017 17:13:48: END with Players:
16.06.2017 17:13:48: TimerTerminateCommand.Enabled with Bans:
16.06.2017 17:13:50: END with Bans:
16.06.2017 17:13:51: Не обработано: Пипр moved x:-829.4858 y:78.98849(+37.91972) z:-930.2081 in the last second (0.1034775)
16.06.2017 17:14:07: TimerTerminateCommand.Enabled with Players:
16.06.2017 17:14:08: TimerTerminateCommand.Enabled with Players:
16.06.2017 17:14:10: END with Players:
16.06.2017 17:14:10: TimerTerminateCommand.Enabled with Bans:
16.06.2017 17:14:12: END with Bans:
16.06.2017 17:14:27: TimerTerminateCommand.Enabled with Players:
16.06.2017 17:14:29: END with Players:
16.06.2017 17:14:29: TimerTerminateCommand.Enabled with Bans:
16.06.2017 17:14:30: TimerTerminateCommand.Enabled with Bans:
16.06.2017 17:14:34: TimerTerminateCommand.Enabled with Bans:
16.06.2017 17:14:35: TimerTerminateCommand.Enabled with Bans:
16.06.2017 17:14:36: TimerTerminateCommand.Enabled with Bans:
16.06.2017 17:14:38: END with Bans:
16.06.2017 17:14:47: TimerTerminateCommand.Enabled with Players:
16.06.2017 17:14:48: TimerTerminateCommand.Enabled with Players:
16.06.2017 17:14:48: TimerTerminateCommand.Enabled with Players:
16.06.2017 17:14:50: END with Players:
16.06.2017 17:14:50: TimerTerminateCommand.Enabled with Bans:
16.06.2017 17:14:52: TimerTerminateCommand.Enabled with Bans:
16.06.2017 17:14:54: END with Bans:
16.06.2017 17:15:07: TimerTerminateCommand.Enabled with Players:
16.06.2017 17:15:07: Не обработано: DeathMessagesRemastered >> Broadcast: Глеб Муфтеев был съеден зомби! 
16.06.2017 17:15:07: TimerTerminateCommand.Enabled with Players:
16.06.2017 17:15:08: Не обработано: DropManager >> 3
16.06.2017 17:15:08: TimerTerminateCommand.Enabled with Players:
16.06.2017 17:15:08: Не обработано: Глеб Муфтеев [mufteev.gleb] was mauled by a zombie!
16.06.2017 17:15:08: TimerTerminateCommand.Enabled with Players:
16.06.2017 17:15:09: TimerTerminateCommand.Enabled with Players:
16.06.2017 17:15:11: END with Players:
16.06.2017 17:15:11: TimerTerminateCommand.Enabled with Bans:
16.06.2017 17:15:13: END with Bans:
16.06.2017 17:15:23: Не обработано: Глеб Муфтеев moved x:-661.2087 y:59.99508(+21.51777) z:-249.9896 in the last second (21.61776)
16.06.2017 17:15:27: TimerTerminateCommand.Enabled with Players:
16.06.2017 17:15:29: END with Players:
16.06.2017 17:15:29: TimerTerminateCommand.Enabled with Bans:
16.06.2017 17:15:30: TimerTerminateCommand.Enabled with Bans:
16.06.2017 17:15:31: TimerTerminateCommand.Enabled with Bans:
16.06.2017 17:15:32: TimerTerminateCommand.Enabled with Bans:
16.06.2017 17:15:33: Не обработано: DeathMessagesRemastered >> Broadcast: Тугрик был съеден зомби! 
16.06.2017 17:15:33: TimerTerminateCommand.Enabled with Bans:
16.06.2017 17:15:33: Не обработано: DropManager >> 3
16.06.2017 17:15:33: Не обработано: Тугрик [xom9k] was mauled by a zombie!
16.06.2017 17:15:33: TimerTerminateCommand.Enabled with Bans:
16.06.2017 17:15:35: END with Bans:
