Не обработано: RocketRcon v2.4.8.0
RocketRcon v2.4.8.0

Client has executed command "players"

TimerTerminateCommand.Enabled with Players:
Players:
PlayerID: 76561198200101595 Name: Deus vult Character: Nevalyasha4 Ping: 109
PlayerID: 76561198303283372 Name: PeR4IK Character: данил Ping: 89
PlayerID: 76561198295801599 Name: Lo[x] Character: Lo[x] Ping: 54
PlayerID: 76561198176817369 Name: ?. Character: GlodiS Ping: 58
PlayerID: 76561198292543416 Name: Mr_GiladKing Character: GamerYT Ping: 66
PlayerID: 76561198366549870 Name: Expert13372284200 Character: Expert1337 Ping: 136
PlayerID: 76561198345092267 Name: demid3450 Character: [гл террористов] демид журавлёв Ping: 113
PlayerID: 76561198322193999 Name: ™_Game®_™ Character: Карл Иванович Ping: 54
PlayerID: 76561198318074558 Name: GuNNeR Character: NewName Ping: 70
PlayerID: 76561198391121800 Name: Джеимс Вурхиз Character: Джеимс Вурхиз Ping: 70
PlayerID: 76561198157563744 Name: Jason Voorhees Character: PashokPlay Ping: 74
PlayerID: 76561198273534740 Name: Russian fEnnix Character: stalker Ping: 82
PlayerID: 76561198314638573 Name: UDODMEN Character: udodmen Ping: 82
PlayerID: 76561198198481426 Name: JasonVH Character: JasonVH Ping: 89
PlayerID: 76561198371041527 Name: ¦_s1mple_¦ Character: miguelhormat Ping: 35

TimerTerminateCommand.Enabled with Players:
Client has executed command "bans"

END with Players:
TimerTerminateCommand.Enabled with Bans:
Bans:
PlayerID: 123123
JudgeID: 0
Reason: unspecified Duration: 31536000 Remaining: 31377754
PlayerID: 123
JudgeID: 0
Reason: durila Duration: 4000 Remaining: 4294813548
PlayerID: 76561198274427357
JudgeID: 0
Reason: you were vote kicked Duration: 180 Remaining: 4294841921

END with Bans:
Client has executed command "players"

TimerTerminateCommand.Enabled with Players:
Players:
PlayerID: 76561198200101595 Name: Deus vult Character: Nevalyasha4 Ping: 117
PlayerID: 76561198303283372 Name: PeR4IK Character: данил Ping: 97
PlayerID: 76561198295801599 Name: Lo[x] Character: Lo[x] Ping: 66
PlayerID: 76561198176817369 Name: ?. Character: GlodiS Ping: 66
PlayerID: 76561198292543416 Name: Mr_GiladKing Character: GamerYT Ping: 62
PlayerID: 76561198366549870 Name: Expert13372284200 Character: Expert1337 Ping: 152
PlayerID: 76561198345092267 Name: demid3450 Character: [гл террористов] демид журавлёв Ping: 121
PlayerID: 76561198322193999 Name: ™_Game®_™ Character: Карл Иванович Ping: 62
PlayerID: 76561198318074558 Name: GuNNeR Character: NewName Ping: 117
PlayerID: 76561198391121800 Name: Джеимс Вурхиз Character: Джеимс Вурхиз Ping: 148
PlayerID: 76561198157563744 Name: Jason Voorhees Character: PashokPlay Ping: 82
PlayerID: 76561198273534740 Name: Russian fEnnix Character: stalker Ping: 74
PlayerID: 76561198314638573 Name: UDODMEN Character: udodmen Ping: 85
PlayerID: 76561198198481426 Name: JasonVH Character: JasonVH Ping: 89
PlayerID: 76561198371041527 Name: ¦_s1mple_¦ Character: miguelhormat Ping: 35

END with Players:
Connecting: PlayerID: 76561198130434614 Name: ZH3K4 Character: ZH3K4

Не обработано: MessageAnnouncer >> Broadcast: Если модератор ведёт себя неподобающе, пишите в группу или ЛС (vk.com/unturned_hgm, vk.com/hemulgm)
MessageAnnouncer >> Broadcast: Если модератор ведёт себя неподобающе, пишите в группу или ЛС (vk.com/unturned_hgm, vk.com/hemulgm)

Не обработано: MessageAnnouncer >> Если модератор ведёт себя неподобающе, пишите в группу или ЛС (vk.com/unturned_hgm, vk.com/hemulgm)
MessageAnnouncer >> Если модератор ведёт себя неподобающе, пишите в группу или ЛС (vk.com/unturned_hgm, vk.com/hemulgm)

Client has executed command "players"

TimerTerminateCommand.Enabled with Players:
Players:
PlayerID: 76561198200101595 Name: Deus vult Character: Nevalyasha4 Ping: 125
PlayerID: 76561198303283372 Name: PeR4IK Character: данил Ping: 85
PlayerID: 76561198295801599 Name: Lo[x] Character: Lo[x] Ping: 58
PlayerID: 76561198176817369 Name: ?. Character: GlodiS Ping: 58
PlayerID: 76561198292543416 Name: Mr_GiladKing Character: GamerYT Ping: 58
PlayerID: 76561198366549870 Name: Expert13372284200 Character: Expert1337 Ping: 152
PlayerID: 76561198345092267 Name: demid3450 Character: [гл террористов] демид журавлёв Ping: 109
PlayerID: 76561198322193999 Name: ™_Game®_™ Character: Карл Иванович Ping: 78
PlayerID: 76561198318074558 Name: GuNNeR Character: NewName Ping: 109
PlayerID: 76561198391121800 Name: Джеимс Вурхиз Character: Джеимс Вурхиз Ping: 85
PlayerID: 76561198157563744 Name: Jason Voorhees Character: PashokPlay Ping: 74
PlayerID: 76561198273534740 Name: Russian fEnnix Character: stalker Ping: 82
PlayerID: 76561198314638573 Name: UDODMEN Character: udodmen Ping: 82
PlayerID: 76561198198481426 Name: JasonVH Character: JasonVH Ping: 93
PlayerID: 76561198371041527 Name: ¦_s1mple_¦ Character: miguelhormat Ping: 39
PlayerID: 76561198130434614 Name: ZH3K4 Character: ZH3K4 Ping: 58

END with Players:
[World] udodmen [UDODMEN]: "/tpa jas"

[World] JasonVH [JasonVH]: "/tpa a"

Client has executed command "players"

TimerTerminateCommand.Enabled with Players:
Players:
PlayerID: 76561198200101595 Name: Deus vult Character: Nevalyasha4 Ping: 125
PlayerID: 76561198303283372 Name: PeR4IK Character: данил Ping: 101
PlayerID: 76561198295801599 Name: Lo[x] Character: Lo[x] Ping: 54
PlayerID: 76561198176817369 Name: ?. Character: GlodiS Ping: 66
PlayerID: 76561198292543416 Name: Mr_GiladKing Character: GamerYT Ping: 62
PlayerID: 76561198366549870 Name: Expert13372284200 Character: Expert1337 Ping: 148
PlayerID: 76561198345092267 Name: demid3450 Character: [гл террористов] демид журавлёв Ping: 167
PlayerID: 76561198322193999 Name: ™_Game®_™ Character: Карл Иванович Ping: 58
PlayerID: 76561198318074558 Name: GuNNeR Character: NewName Ping: 93
PlayerID: 76561198391121800 Name: Джеимс Вурхиз Character: Джеимс Вурхиз Ping: 78
PlayerID: 76561198157563744 Name: Jason Voorhees Character: PashokPlay Ping: 82
PlayerID: 76561198273534740 Name: Russian fEnnix Character: stalker Ping: 85
PlayerID: 76561198314638573 Name: UDODMEN Character: udodmen Ping: 82
PlayerID: 76561198198481426 Name: JasonVH Character: JasonVH Ping: 97
PlayerID: 76561198371041527 Name: ¦_s1mple_¦ Character: miguelhormat Ping: 42
PlayerID: 76561198130434614 Name: ZH3K4 Character: ZH3K4 Ping: 54

END with Players:
[World] udodmen [UDODMEN]: "/tpa jas"

Connecting: PlayerID: 76561198276689246 Name: manyvacb Character: manyvacb

Client has executed command "players"

TimerTerminateCommand.Enabled with Players:
Players:
PlayerID: 76561198200101595 Name: Deus vult Character: Nevalyasha4 Ping: 132
PlayerID: 76561198303283372 Name: PeR4IK Character: данил Ping: 97
PlayerID: 76561198295801599 Name: Lo[x] Character: Lo[x] Ping: 70
PlayerID: 76561198176817369 Name: ?. Character: GlodiS Ping: 70
PlayerID: 76561198292543416 Name: Mr_GiladKing Character: GamerYT Ping: 62
PlayerID: 76561198366549870 Name: Expert13372284200 Character: Expert1337 Ping: 179
PlayerID: 76561198345092267 Name: demid3450 Character: [гл террористов] демид журавлёв Ping: 136
PlayerID: 76561198322193999 Name: ™_Game®_™ Character: Карл Иванович Ping: 62
PlayerID: 76561198318074558 Name: GuNNeR Character: NewName Ping: 113
PlayerID: 76561198391121800 Name: Джеимс Вурхиз Character: Джеимс Вурхиз Ping: 70
PlayerID: 76561198157563744 Name: Jason Voorhees Character: PashokPlay Ping: 82
PlayerID: 76561198273534740 Name: Russian fEnnix Character: stalker Ping: 89
PlayerID: 76561198314638573 Name: UDODMEN Character: udodmen Ping: 85
PlayerID: 76561198198481426 Name: JasonVH Character: JasonVH Ping: 93
PlayerID: 76561198371041527 Name: ¦_s1mple_¦ Character: miguelhormat Ping: 54
PlayerID: 76561198130434614 Name: ZH3K4 Character: ZH3K4 Ping: 70
PlayerID: 76561198276689246 Name: manyvacb Character: manyvacb Ping: 78

Не обработано: Джеимс Вурхиз moved x:-698.3193 y:77.84415(+39.17182) z:398.2776 in the last second (0.1058731)
TimerTerminateCommand.Enabled with Players:
Джеимс Вурхиз moved x:-698.3193 y:77.84415(+39.17182) z:398.2776 in the last second (0.1058731)

Не обработано: Карл Иванович moved x:-642.6458 y:80.89893(+42.41117) z:387.3693 in the last second (0.8116455)
TimerTerminateCommand.Enabled with Players:
Карл Иванович moved x:-642.6458 y:80.89893(+42.41117) z:387.3693 in the last second (0.8116455)

TimerTerminateCommand.Enabled with Players:
Connecting: PlayerID: 76561198341672556 Name: st.vladir Character: st.vladir

TimerTerminateCommand.Enabled with Players:
[World] JasonVH [JasonVH]: "/tpa udod"

TimerTerminateCommand.Enabled with Players:
[World] manyvacb [manyvacb]: "/kits"

TimerTerminateCommand.Enabled with Players:
[World] udodmen [UDODMEN]: "/tpa a"

END with Players:
Client has executed command "players"

TimerTerminateCommand.Enabled with Players:
Players:
PlayerID: 76561198200101595 Name: Deus vult Character: Nevalyasha4 Ping: 121
PlayerID: 76561198303283372 Name: PeR4IK Character: данил Ping: 85
PlayerID: 76561198295801599 Name: Lo[x] Character: Lo[x] Ping: 58
PlayerID: 76561198176817369 Name: ?. Character: GlodiS Ping: 62
PlayerID: 76561198292543416 Name: Mr_GiladKing Character: GamerYT Ping: 70
PlayerID: 76561198366549870 Name: Expert13372284200 Character: Expert1337 Ping: 140
PlayerID: 76561198345092267 Name: demid3450 Character: [гл террористов] демид журавлёв Ping: 128
PlayerID: 76561198322193999 Name: ™_Game®_™ Character: Карл Иванович Ping: 70
PlayerID: 76561198318074558 Name: GuNNeR Character: NewName Ping: 128
PlayerID: 76561198391121800 Name: Джеимс Вурхиз Character: Джеимс Вурхиз Ping: 93
PlayerID: 76561198157563744 Name: Jason Voorhees Character: PashokPlay Ping: 78
PlayerID: 76561198273534740 Name: Russian fEnnix Character: stalker Ping: 85
PlayerID: 76561198314638573 Name: UDODMEN Character: udodmen Ping: 93
PlayerID: 76561198198481426 Name: JasonVH Character: JasonVH Ping: 97
PlayerID: 76561198371041527 Name: ¦_s1mple_¦ Character: miguelhormat Ping: 46
PlayerID: 76561198130434614 Name: ZH3K4 Character: ZH3K4 Ping: 58
PlayerID: 76561198276689246 Name: manyvacb Character: manyvacb Ping: 78
PlayerID: 76561198341672556 Name: st.vladir Character: st.vladir Ping: 152

TimerTerminateCommand.Enabled with Players:
[World] manyvacb [manyvacb]: "/kit start"

END with Players:
[World] manyvacb [manyvacb]: "/kit help"

[World] Expert1337 [Expert13372284200]: "/home"

Не обработано: Expert1337 moved x:-686.4483 y:74.73215(+36.25484) z:-616.3519 in the last second (0.2379227)
Expert1337 moved x:-686.4483 y:74.73215(+36.25484) z:-616.3519 in the last second (0.2379227)

Client has executed command "players"

TimerTerminateCommand.Enabled with Players:
Players:
PlayerID: 76561198200101595 Name: Deus vult Character: Nevalyasha4 Ping: 117
PlayerID: 76561198303283372 Name: PeR4IK Character: данил Ping: 85
PlayerID: 76561198295801599 Name: Lo[x] Character: Lo[x] Ping: 62
PlayerID: 76561198176817369 Name: ?. Character: GlodiS Ping: 62
PlayerID: 76561198292543416 Name: Mr_GiladKing Character: GamerYT Ping: 66
PlayerID: 76561198366549870 Name: Expert13372284200 Character: Expert1337 Ping: 136
PlayerID: 76561198345092267 Name: demid3450 Character: [гл террористов] демид журавлёв Ping: 230
PlayerID: 76561198322193999 Name: ™_Game®_™ Character: Карл Иванович Ping: 58
PlayerID: 76561198318074558 Name: GuNNeR Character: NewName Ping: 128
PlayerID: 76561198391121800 Name: Джеимс Вурхиз Character: Джеимс Вурхиз Ping: 66
PlayerID: 76561198157563744 Name: Jason Voorhees Character: PashokPlay Ping: 70
PlayerID: 76561198273534740 Name: Russian fEnnix Character: stalker Ping: 89
PlayerID: 76561198314638573 Name: UDODMEN Character: udodmen Ping: 78
PlayerID: 76561198198481426 Name: JasonVH Character: JasonVH Ping: 89
PlayerID: 76561198371041527 Name: ¦_s1mple_¦ Character: miguelhormat Ping: 39
PlayerID: 76561198130434614 Name: ZH3K4 Character: ZH3K4 Ping: 62
PlayerID: 76561198276689246 Name: manyvacb Character: manyvacb Ping: 66
PlayerID: 76561198341672556 Name: st.vladir Character: st.vladir Ping: 160

END with Players:
Disconnecting: PlayerID: 76561198295801599 Name: Lo[x] Character: Lo[x]

[World] ZH3K4 [ZH3K4]: "что?"

Client has executed command "players"

TimerTerminateCommand.Enabled with Players:
Players:
PlayerID: 76561198200101595 Name: Deus vult Character: Nevalyasha4 Ping: 113
PlayerID: 76561198303283372 Name: PeR4IK Character: данил Ping: 82
PlayerID: 76561198176817369 Name: ?. Character: GlodiS Ping: 62
PlayerID: 76561198292543416 Name: Mr_GiladKing Character: GamerYT Ping: 54
PlayerID: 76561198366549870 Name: Expert13372284200 Character: Expert1337 Ping: 140
PlayerID: 76561198345092267 Name: demid3450 Character: [гл террористов] демид журавлёв Ping: 125
PlayerID: 76561198322193999 Name: ™_Game®_™ Character: Карл Иванович Ping: 66
PlayerID: 76561198318074558 Name: GuNNeR Character: NewName Ping: 97
PlayerID: 76561198391121800 Name: Джеимс Вурхиз Character: Джеимс Вурхиз Ping: 78
PlayerID: 76561198157563744 Name: Jason Voorhees Character: PashokPlay Ping: 74
PlayerID: 76561198273534740 Name: Russian fEnnix Character: stalker Ping: 101
PlayerID: 76561198314638573 Name: UDODMEN Character: udodmen Ping: 78
PlayerID: 76561198198481426 Name: JasonVH Character: JasonVH Ping: 89
PlayerID: 76561198371041527 Name: ¦_s1mple_¦ Character: miguelhormat Ping: 46
PlayerID: 76561198130434614 Name: ZH3K4 Character: ZH3K4 Ping: 66
PlayerID: 76561198276689246 Name: manyvacb Character: manyvacb Ping: 78
PlayerID: 76561198341672556 Name: st.vladir Character: st.vladir Ping: 136

TimerTerminateCommand.Enabled with Players:
[Group] miguelhormat [¦_s1mple_¦]: "я щяс умру"

END with Players:
Не обработано: MessageAnnouncer >> Broadcast: vk.com/hemulgm - ЕДИНСТВЕННЫЙ администратор сервера
MessageAnnouncer >> Broadcast: vk.com/hemulgm - ЕДИНСТВЕННЫЙ администратор сервера

Не обработано: MessageAnnouncer >> vk.com/hemulgm - ЕДИНСТВЕННЫЙ администратор сервера
MessageAnnouncer >> vk.com/hemulgm - ЕДИНСТВЕННЫЙ администратор сервера

Client has executed command "players"

TimerTerminateCommand.Enabled with Players:
Players:
PlayerID: 76561198200101595 Name: Deus vult Character: Nevalyasha4 Ping: 113
PlayerID: 76561198303283372 Name: PeR4IK Character: данил Ping: 85
PlayerID: 76561198176817369 Name: ?. Character: GlodiS Ping: 58
PlayerID: 76561198292543416 Name: Mr_GiladKing Character: GamerYT Ping: 66
PlayerID: 76561198366549870 Name: Expert13372284200 Character: Expert1337 Ping: 136
PlayerID: 76561198345092267 Name: demid3450 Character: [гл террористов] демид журавлёв Ping: 117
PlayerID: 76561198322193999 Name: ™_Game®_™ Character: Карл Иванович Ping: 54
PlayerID: 76561198318074558 Name: GuNNeR Character: NewName Ping: 89
PlayerID: 76561198391121800 Name: Джеимс Вурхиз Character: Джеимс Вурхиз Ping: 58
PlayerID: 76561198157563744 Name: Jason Voorhees Character: PashokPlay Ping: 78
PlayerID: 76561198273534740 Name: Russian fEnnix Character: stalker Ping: 82
PlayerID: 76561198314638573 Name: UDODMEN Character: udodmen Ping: 78
PlayerID: 76561198198481426 Name: JasonVH Character: JasonVH Ping: 109
PlayerID: 76561198371041527 Name: ¦_s1mple_¦ Character: miguelhormat Ping: 35
PlayerID: 76561198130434614 Name: ZH3K4 Character: ZH3K4 Ping: 58
PlayerID: 76561198276689246 Name: manyvacb Character: manyvacb Ping: 70
PlayerID: 76561198341672556 Name: st.vladir Character: st.vladir Ping: 140

END with Players:
[World] Expert1337 [Expert13372284200]: "jn xtuj"

[World] Expert1337 [Expert13372284200]: "от чего"

Не обработано: DeathMessagesRemastered >> Broadcast: miguelhormat has become a zombie himself!
DeathMessagesRemastered >> Broadcast: miguelhormat has become a zombie himself!

Не обработано: miguelhormat [¦_s1mple_¦] was infected to death!
miguelhormat [¦_s1mple_¦] was infected to death!

Client has executed command "players"

TimerTerminateCommand.Enabled with Players:
Players:
PlayerID: 76561198200101595 Name: Deus vult Character: Nevalyasha4 Ping: 117
PlayerID: 76561198303283372 Name: PeR4IK Character: данил Ping: 97
PlayerID: 76561198176817369 Name: ?. Character: GlodiS Ping: 74
PlayerID: 76561198292543416 Name: Mr_GiladKing Character: GamerYT Ping: 66
PlayerID: 76561198366549870 Name: Expert13372284200 Character: Expert1337 Ping: 140
PlayerID: 76561198345092267 Name: demid3450 Character: [гл террористов] демид журавлёв Ping: 105
PlayerID: 76561198322193999 Name: ™_Game®_™ Character: Карл Иванович Ping: 58
PlayerID: 76561198318074558 Name: GuNNeR Character: NewName Ping: 121
PlayerID: 76561198391121800 Name: Джеимс Вурхиз Character: Джеимс Вурхиз Ping: 74
PlayerID: 76561198157563744 Name: Jason Voorhees Character: PashokPlay Ping: 85
PlayerID: 76561198273534740 Name: Russian fEnnix Character: stalker Ping: 89
PlayerID: 76561198314638573 Name: UDODMEN Character: udodmen Ping: 89
PlayerID: 76561198198481426 Name: JasonVH Character: JasonVH Ping: 93
PlayerID: 76561198371041527 Name: ¦_s1mple_¦ Character: miguelhormat Ping: 167
PlayerID: 76561198130434614 Name: ZH3K4 Character: ZH3K4 Ping: 62
PlayerID: 76561198276689246 Name: manyvacb Character: manyvacb Ping: 78
PlayerID: 76561198341672556 Name: st.vladir Character: st.vladir Ping: 152

END with Players:
[World] Expert1337 [Expert13372284200]: "тп"

[Group] miguelhormat [¦_s1mple_¦]: "/tpa Expert1337"

Client has executed command "players"

TimerTerminateCommand.Enabled with Players:
Players:
PlayerID: 76561198200101595 Name: Deus vult Character: Nevalyasha4 Ping: 109
PlayerID: 76561198303283372 Name: PeR4IK Character: данил Ping: 101
PlayerID: 76561198176817369 Name: ?. Character: GlodiS Ping: 74
PlayerID: 76561198292543416 Name: Mr_GiladKing Character: GamerYT Ping: 50
PlayerID: 76561198366549870 Name: Expert13372284200 Character: Expert1337 Ping: 144
PlayerID: 76561198345092267 Name: demid3450 Character: [гл террористов] демид журавлёв Ping: 101
PlayerID: 76561198322193999 Name: ™_Game®_™ Character: Карл Иванович Ping: 62
PlayerID: 76561198318074558 Name: GuNNeR Character: NewName Ping: 97
PlayerID: 76561198391121800 Name: Джеимс Вурхиз Character: Джеимс Вурхиз Ping: 70
PlayerID: 76561198157563744 Name: Jason Voorhees Character: PashokPlay Ping: 70
PlayerID: 76561198273534740 Name: Russian fEnnix Character: stalker Ping: 89
PlayerID: 76561198314638573 Name: UDODMEN Character: udodmen Ping: 85
PlayerID: 76561198198481426 Name: JasonVH Character: JasonVH Ping: 105
PlayerID: 76561198371041527 Name: ¦_s1mple_¦ Character: miguelhormat Ping: 46
PlayerID: 76561198130434614 Name: ZH3K4 Character: ZH3K4 Ping: 54
PlayerID: 76561198276689246 Name: manyvacb Character: manyvacb Ping: 66
PlayerID: 76561198341672556 Name: st.vladir Character: st.vladir Ping: 148

TimerTerminateCommand.Enabled with Players:
[World] Expert1337 [Expert13372284200]: "/tpa a"

Не обработано: miguelhormat moved x:-693.6803 y:74.63216(+36.15485) z:-625.8149 in the last second (0.5999985)
TimerTerminateCommand.Enabled with Players:
miguelhormat moved x:-693.6803 y:74.63216(+36.15485) z:-625.8149 in the last second (0.5999985)

END with Players:
Client has executed command "players"

TimerTerminateCommand.Enabled with Players:
Players:
PlayerID: 76561198200101595 Name: Deus vult Character: Nevalyasha4 Ping: 113
PlayerID: 76561198303283372 Name: PeR4IK Character: данил Ping: 82
PlayerID: 76561198176817369 Name: ?. Character: GlodiS Ping: 70
PlayerID: 76561198292543416 Name: Mr_GiladKing Character: GamerYT Ping: 58
PlayerID: 76561198366549870 Name: Expert13372284200 Character: Expert1337 Ping: 140
PlayerID: 76561198345092267 Name: demid3450 Character: [гл террористов] демид журавлёв Ping: 125
PlayerID: 76561198322193999 Name: ™_Game®_™ Character: Карл Иванович Ping: 58
PlayerID: 76561198318074558 Name: GuNNeR Character: NewName Ping: 132
PlayerID: 76561198391121800 Name: Джеимс Вурхиз Character: Джеимс Вурхиз Ping: 62
PlayerID: 76561198157563744 Name: Jason Voorhees Character: PashokPlay Ping: 78
PlayerID: 76561198273534740 Name: Russian fEnnix Character: stalker Ping: 85
PlayerID: 76561198314638573 Name: UDODMEN Character: udodmen Ping: 85
PlayerID: 76561198198481426 Name: JasonVH Character: JasonVH Ping: 105
PlayerID: 76561198371041527 Name: ¦_s1mple_¦ Character: miguelhormat Ping: 35
PlayerID: 76561198130434614 Name: ZH3K4 Character: ZH3K4 Ping: 66
PlayerID: 76561198276689246 Name: manyvacb Character: manyvacb Ping: 85
PlayerID: 76561198341672556 Name: st.vladir Character: st.vladir Ping: 152

END with Players:
[World] данил [PeR4IK]: "дай гарелку"

[World] Expert1337 [Expert13372284200]: "ща спальник сделаю"

Client has executed command "players"

TimerTerminateCommand.Enabled with Players:
Players:
PlayerID: 76561198200101595 Name: Deus vult Character: Nevalyasha4 Ping: 117
PlayerID: 76561198303283372 Name: PeR4IK Character: данил Ping: 101
PlayerID: 76561198176817369 Name: ?. Character: GlodiS Ping: 62
PlayerID: 76561198292543416 Name: Mr_GiladKing Character: GamerYT Ping: 66
PlayerID: 76561198366549870 Name: Expert13372284200 Character: Expert1337 Ping: 144
PlayerID: 76561198345092267 Name: demid3450 Character: [гл террористов] демид журавлёв Ping: 179
PlayerID: 76561198322193999 Name: ™_Game®_™ Character: Карл Иванович Ping: 58
PlayerID: 76561198318074558 Name: GuNNeR Character: NewName Ping: 89
PlayerID: 76561198391121800 Name: Джеимс Вурхиз Character: Джеимс Вурхиз Ping: 82
PlayerID: 76561198157563744 Name: Jason Voorhees Character: PashokPlay Ping: 97
PlayerID: 76561198273534740 Name: Russian fEnnix Character: stalker Ping: 82
PlayerID: 76561198314638573 Name: UDODMEN Character: udodmen Ping: 85
PlayerID: 76561198198481426 Name: JasonVH Character: JasonVH Ping: 101
PlayerID: 76561198371041527 Name: ¦_s1mple_¦ Character: miguelhormat Ping: 46
PlayerID: 76561198130434614 Name: ZH3K4 Character: ZH3K4 Ping: 50
PlayerID: 76561198276689246 Name: manyvacb Character: manyvacb Ping: 78
PlayerID: 76561198341672556 Name: st.vladir Character: st.vladir Ping: 140

END with Players:
Client has executed command "players"

TimerTerminateCommand.Enabled with Players:
Players:
PlayerID: 76561198200101595 Name: Deus vult Character: Nevalyasha4 Ping: 117
PlayerID: 76561198303283372 Name: PeR4IK Character: данил Ping: 97
PlayerID: 76561198176817369 Name: ?. Character: GlodiS Ping: 70
PlayerID: 76561198292543416 Name: Mr_GiladKing Character: GamerYT Ping: 54
PlayerID: 76561198366549870 Name: Expert13372284200 Character: Expert1337 Ping: 136
PlayerID: 76561198345092267 Name: demid3450 Character: [гл террористов] демид журавлёв Ping: 117
PlayerID: 76561198322193999 Name: ™_Game®_™ Character: Карл Иванович Ping: 54
PlayerID: 76561198318074558 Name: GuNNeR Character: NewName Ping: 152
PlayerID: 76561198391121800 Name: Джеимс Вурхиз Character: Джеимс Вурхиз Ping: 74
PlayerID: 76561198157563744 Name: Jason Voorhees Character: PashokPlay Ping: 85
PlayerID: 76561198273534740 Name: Russian fEnnix Character: stalker Ping: 85
PlayerID: 76561198314638573 Name: UDODMEN Character: udodmen Ping: 74
PlayerID: 76561198198481426 Name: JasonVH Character: JasonVH Ping: 93
PlayerID: 76561198371041527 Name: ¦_s1mple_¦ Character: miguelhormat Ping: 46
PlayerID: 76561198130434614 Name: ZH3K4 Character: ZH3K4 Ping: 70
PlayerID: 76561198276689246 Name: manyvacb Character: manyvacb Ping: 82
PlayerID: 76561198341672556 Name: st.vladir Character: st.vladir Ping: 144

END with Players:
Не обработано: MessageAnnouncer >> Broadcast: Используйте /report [ник], чтобы отправить жалобу на игрока
MessageAnnouncer >> Broadcast: Используйте /report [ник], чтобы отправить жалобу на игрока

Не обработано: MessageAnnouncer >> Используйте /report [ник], чтобы отправить жалобу на игрока
MessageAnnouncer >> Используйте /report [ник], чтобы отправить жалобу на игрока

Client has executed command "players"

TimerTerminateCommand.Enabled with Players:
Players:
PlayerID: 76561198200101595 Name: Deus vult Character: Nevalyasha4 Ping: 117
PlayerID: 76561198303283372 Name: PeR4IK Character: данил Ping: 105
PlayerID: 76561198176817369 Name: ?. Character: GlodiS Ping: 82
PlayerID: 76561198292543416 Name: Mr_GiladKing Character: GamerYT Ping: 70
PlayerID: 76561198366549870 Name: Expert13372284200 Character: Expert1337 Ping: 144
PlayerID: 76561198345092267 Name: demid3450 Character: [гл террористов] демид журавлёв Ping: 132
PlayerID: 76561198322193999 Name: ™_Game®_™ Character: Карл Иванович Ping: 74
PlayerID: 76561198318074558 Name: GuNNeR Character: NewName Ping: 136
PlayerID: 76561198391121800 Name: Джеимс Вурхиз Character: Джеимс Вурхиз Ping: 78
PlayerID: 76561198157563744 Name: Jason Voorhees Character: PashokPlay Ping: 85
PlayerID: 76561198273534740 Name: Russian fEnnix Character: stalker Ping: 82
PlayerID: 76561198314638573 Name: UDODMEN Character: udodmen Ping: 78
PlayerID: 76561198198481426 Name: JasonVH Character: JasonVH Ping: 93
PlayerID: 76561198371041527 Name: ¦_s1mple_¦ Character: miguelhormat Ping: 31
PlayerID: 76561198130434614 Name: ZH3K4 Character: ZH3K4 Ping: 78
PlayerID: 76561198276689246 Name: manyvacb Character: manyvacb Ping: 78
PlayerID: 76561198341672556 Name: st.vladir Character: st.vladir Ping: 144

END with Players:
Client has executed command "players"

TimerTerminateCommand.Enabled with Players:
Players:
PlayerID: 76561198200101595 Name: Deus vult Character: Nevalyasha4 Ping: 167
PlayerID: 76561198303283372 Name: PeR4IK Character: данил Ping: 167
PlayerID: 76561198176817369 Name: ?. Character: GlodiS Ping: 74
PlayerID: 76561198292543416 Name: Mr_GiladKing Character: GamerYT Ping: 58
PlayerID: 76561198366549870 Name: Expert13372284200 Character: Expert1337 Ping: 191
PlayerID: 76561198345092267 Name: demid3450 Character: [гл террористов] демид журавлёв Ping: 171
PlayerID: 76561198322193999 Name: ™_Game®_™ Character: Карл Иванович Ping: 58
PlayerID: 76561198318074558 Name: GuNNeR Character: NewName Ping: 74
PlayerID: 76561198391121800 Name: Джеимс Вурхиз Character: Джеимс Вурхиз Ping: 74
PlayerID: 76561198157563744 Name: Jason Voorhees Character: PashokPlay Ping: 78
PlayerID: 76561198273534740 Name: Russian fEnnix Character: stalker Ping: 136
PlayerID: 76561198314638573 Name: UDODMEN Character: udodmen Ping: 85
PlayerID: 76561198198481426 Name: JasonVH Character: JasonVH Ping: 89
PlayerID: 76561198371041527 Name: ¦_s1mple_¦ Character: miguelhormat Ping: 42
PlayerID: 76561198130434614 Name: ZH3K4 Character: ZH3K4 Ping: 58
PlayerID: 76561198276689246 Name: manyvacb Character: manyvacb Ping: 82
PlayerID: 76561198341672556 Name: st.vladir Character: st.vladir Ping: 191

END with Players:
Client has executed command "players"

TimerTerminateCommand.Enabled with Players:
Players:
PlayerID: 76561198200101595 Name: Deus vult Character: Nevalyasha4 Ping: 125
PlayerID: 76561198303283372 Name: PeR4IK Character: данил Ping: 101
PlayerID: 76561198176817369 Name: ?. Character: GlodiS Ping: 58
PlayerID: 76561198292543416 Name: Mr_GiladKing Character: GamerYT Ping: 62
PlayerID: 76561198366549870 Name: Expert13372284200 Character: Expert1337 Ping: 144
PlayerID: 76561198345092267 Name: demid3450 Character: [гл террористов] демид журавлёв Ping: 132
PlayerID: 76561198322193999 Name: ™_Game®_™ Character: Карл Иванович Ping: 58
PlayerID: 76561198318074558 Name: GuNNeR Character: NewName Ping: 101
PlayerID: 76561198391121800 Name: Джеимс Вурхиз Character: Джеимс Вурхиз Ping: 58
PlayerID: 76561198157563744 Name: Jason Voorhees Character: PashokPlay Ping: 74
PlayerID: 76561198273534740 Name: Russian fEnnix Character: stalker Ping: 82
PlayerID: 76561198314638573 Name: UDODMEN Character: udodmen Ping: 85
PlayerID: 76561198198481426 Name: JasonVH Character: JasonVH Ping: 85
PlayerID: 76561198371041527 Name: ¦_s1mple_¦ Character: miguelhormat Ping: 39
PlayerID: 76561198130434614 Name: ZH3K4 Character: ZH3K4 Ping: 58
PlayerID: 76561198276689246 Name: manyvacb Character: manyvacb Ping: 78
PlayerID: 76561198341672556 Name: st.vladir Character: st.vladir Ping: 144

END with Players:
Disconnecting: PlayerID: 76561198157563744 Name: Jason Voorhees Character: PashokPlay

Client has executed command "players"

TimerTerminateCommand.Enabled with Players:
Players:
PlayerID: 76561198200101595 Name: Deus vult Character: Nevalyasha4 Ping: 121
PlayerID: 76561198303283372 Name: PeR4IK Character: данил Ping: 105
PlayerID: 76561198176817369 Name: ?. Character: GlodiS Ping: 58
PlayerID: 76561198292543416 Name: Mr_GiladKing Character: GamerYT Ping: 70
PlayerID: 76561198366549870 Name: Expert13372284200 Character: Expert1337 Ping: 144
PlayerID: 76561198345092267 Name: demid3450 Character: [гл террористов] демид журавлёв Ping: 117
PlayerID: 76561198322193999 Name: ™_Game®_™ Character: Карл Иванович Ping: 54
PlayerID: 76561198318074558 Name: GuNNeR Character: NewName Ping: 101
PlayerID: 76561198391121800 Name: Джеимс Вурхиз Character: Джеимс Вурхиз Ping: 109
PlayerID: 76561198273534740 Name: Russian fEnnix Character: stalker Ping: 78
PlayerID: 76561198314638573 Name: UDODMEN Character: udodmen Ping: 82
PlayerID: 76561198198481426 Name: JasonVH Character: JasonVH Ping: 85
PlayerID: 76561198371041527 Name: ¦_s1mple_¦ Character: miguelhormat Ping: 42
PlayerID: 76561198130434614 Name: ZH3K4 Character: ZH3K4 Ping: 58
PlayerID: 76561198276689246 Name: manyvacb Character: manyvacb Ping: 89
PlayerID: 76561198341672556 Name: st.vladir Character: st.vladir Ping: 148

