Не обработано: RocketRcon v2.4.8.0
RocketRcon v2.4.8.0

Client has executed command "players"

TimerTerminateCommand.Enabled with Players:
Players:
PlayerID: 76561198280617288 Name: Незнаю какой придумать Character: Пипр Ping: 46
PlayerID: 76561198140053978 Name: 7_AleX_3 Character: 7_AleX_3 Ping: 39
PlayerID: 76561198303283372 Name: PeR4IK Character: данил Ping: 117
PlayerID: 76561198391121800 Name: Джеимс Вурхиз Character: Джеимс Вурхиз Ping: 46
PlayerID: 76561198292543416 Name: Mr_GiladKing Character: GamerYT Ping: 54
PlayerID: 76561198322193999 Name: ™_Game®_™ Character: Карл Иванович Ping: 62
PlayerID: 76561198167413206 Name: Doktor Whoo Character: Doktor Whoo Ping: 39
PlayerID: 76561198341672556 Name: st.vladir Character: st.vladir Ping: 156
PlayerID: 76561198324996335 Name: Mуждей щи Мамалыга Character: []Max[] Ping: 62

TimerTerminateCommand.Enabled with Players:
Client has executed command "bans"

END with Players:
TimerTerminateCommand.Enabled with Bans:
Bans:
PlayerID: 123123
JudgeID: 0
Reason: unspecified Duration: 31536000 Remaining: 31298288
PlayerID: 123
JudgeID: 0
Reason: durila Duration: 4000 Remaining: 4294734082
PlayerID: 76561198274427357
JudgeID: 0
Reason: you were vote kicked Duration: 180 Remaining: 4294762455

???M ????
???M ????
???M ????
END with Bans:
???M ????
???M ????
???M ????
Disconnecting: PlayerID: 76561198341672556 Name: st.vladir Character: st.vladir

???M ????
???M ????
???M ????
???M ????
???M ????
???M ????
Не обработано: MessageAnnouncer >> Broadcast: Используйте /report [ник], чтобы отправить жалобу на игрока
MessageAnnouncer >> Broadcast: Используйте /report [ник], чтобы отправить жалобу на игрока

Не обработано: MessageAnnouncer >> Используйте /report [ник], чтобы отправить жалобу на игрока
MessageAnnouncer >> Используйте /report [ник], чтобы отправить жалобу на игрока

???M ????
???M ????
???M ????
???M ????
???M ????
???M ????
???M ????
???M ????
Client has executed command "players"

TimerTerminateCommand.Enabled with Players:
Players:
PlayerID: 76561198280617288 Name: Незнаю какой придумать Character: Пипр Ping: 62
PlayerID: 76561198140053978 Name: 7_AleX_3 Character: 7_AleX_3 Ping: 39
PlayerID: 76561198303283372 Name: PeR4IK Character: данил Ping: 101
PlayerID: 76561198391121800 Name: Джеимс Вурхиз Character: Джеимс Вурхиз Ping: 46
PlayerID: 76561198292543416 Name: Mr_GiladKing Character: GamerYT Ping: 62
PlayerID: 76561198322193999 Name: ™_Game®_™ Character: Карл Иванович Ping: 62
PlayerID: 76561198167413206 Name: Doktor Whoo Character: Doktor Whoo Ping: 54
PlayerID: 76561198324996335 Name: Mуждей щи Мамалыга Character: []Max[] Ping: 70

???M ????
TimerTerminateCommand.Enabled with Players:
Connecting: PlayerID: 76561198341672556 Name: st.vladir Character: st.vladir

???M ????
???M ????
???M ????
???M ????
END with Players:
???M ????
???M ????
???M ????
???M ????
???M ????
???M ????
???M ????
???M ????
???M ????
???M ????
???M ????
???M ????
???M ????
Client has executed command "players"

TimerTerminateCommand.Enabled with Players:
Players:
PlayerID: 76561198280617288 Name: Незнаю какой придумать Character: Пипр Ping: 70
PlayerID: 76561198140053978 Name: 7_AleX_3 Character: 7_AleX_3 Ping: 46
PlayerID: 76561198303283372 Name: PeR4IK Character: данил Ping: 109
PlayerID: 76561198391121800 Name: Джеимс Вурхиз Character: Джеимс Вурхиз Ping: 39
PlayerID: 76561198292543416 Name: Mr_GiladKing Character: GamerYT Ping: 70
PlayerID: 76561198322193999 Name: ™_Game®_™ Character: Карл Иванович Ping: 85
PlayerID: 76561198167413206 Name: Doktor Whoo Character: Doktor Whoo Ping: 31
PlayerID: 76561198324996335 Name: Mуждей щи Мамалыга Character: []Max[] Ping: 93
PlayerID: 76561198341672556 Name: st.vladir Character: st.vladir Ping: 140

???M ????
???M ????
???M ????
END with Players:
???M ????
???M ????
???M ????
???M ????
???M ????
???M ????
???M ????
???M ????
???M ????
???M ????
???M ????
???M ????
???M ????
???M ????
???M ????
[World] данил [PeR4IK]: "го в группу"

???M ????
???M ????
Client has executed command "players"

TimerTerminateCommand.Enabled with Players:
Players:
PlayerID: 76561198280617288 Name: Незнаю какой придумать Character: Пипр Ping: 54
PlayerID: 76561198140053978 Name: 7_AleX_3 Character: 7_AleX_3 Ping: 39
PlayerID: 76561198303283372 Name: PeR4IK Character: данил Ping: 78
PlayerID: 76561198391121800 Name: Джеимс Вурхиз Character: Джеимс Вурхиз Ping: 39
PlayerID: 76561198292543416 Name: Mr_GiladKing Character: GamerYT Ping: 78
PlayerID: 76561198322193999 Name: ™_Game®_™ Character: Карл Иванович Ping: 62
PlayerID: 76561198167413206 Name: Doktor Whoo Character: Doktor Whoo Ping: 31
PlayerID: 76561198324996335 Name: Mуждей щи Мамалыга Character: []Max[] Ping: 78
PlayerID: 76561198341672556 Name: st.vladir Character: st.vladir Ping: 156

???M ????
???M ????
???M ????
END with Players:
???M ????
???M ????
???M ????
???M ????
???M ????
???M ????
???M ????
???M ????
???M ????
???M ????
???M ????
???M ????
???M ????
???M ????
???M ????
???M ????
[World] Карл Иванович [™_Game®_™]: "/home"

Не обработано: Карл Иванович moved x:-635.241 y:82.18188(+43.10955) z:386.3117 in the last second (0.2379227)
Карл Иванович moved x:-635.241 y:82.18188(+43.10955) z:386.3117 in the last second (0.2379227)

???M ????
Client has executed command "players"

TimerTerminateCommand.Enabled with Players:
Players:
PlayerID: 76561198280617288 Name: Незнаю какой придумать Character: Пипр Ping: 54
PlayerID: 76561198140053978 Name: 7_AleX_3 Character: 7_AleX_3 Ping: 39
PlayerID: 76561198303283372 Name: PeR4IK Character: данил Ping: 85
PlayerID: 76561198391121800 Name: Джеимс Вурхиз Character: Джеимс Вурхиз Ping: 54
PlayerID: 76561198292543416 Name: Mr_GiladKing Character: GamerYT Ping: 62
PlayerID: 76561198322193999 Name: ™_Game®_™ Character: Карл Иванович Ping: 140
PlayerID: 76561198167413206 Name: Doktor Whoo Character: Doktor Whoo Ping: 54
PlayerID: 76561198324996335 Name: Mуждей щи Мамалыга Character: []Max[] Ping: 70
PlayerID: 76561198341672556 Name: st.vladir Character: st.vladir Ping: 132

???M ????
???M ????
???M ????
END with Players:
???M ????
???M ????
[World] данил [PeR4IK]: "выйди из своей"

???M ????
???M ????
???M ????
???M ????
???M ????
???M ????
???M ????
???M ????
???M ????
???M ????
???M ????
???M ????
???M ????
???M ????
???M ????
Client has executed command "players"

TimerTerminateCommand.Enabled with Players:
Players:
PlayerID: 76561198280617288 Name: Незнаю какой придумать Character: Пипр Ping: 39
PlayerID: 76561198140053978 Name: 7_AleX_3 Character: 7_AleX_3 Ping: 39
PlayerID: 76561198303283372 Name: PeR4IK Character: данил Ping: 101
PlayerID: 76561198391121800 Name: Джеимс Вурхиз Character: Джеимс Вурхиз Ping: 31
PlayerID: 76561198292543416 Name: Mr_GiladKing Character: GamerYT Ping: 46
PlayerID: 76561198322193999 Name: ™_Game®_™ Character: Карл Иванович Ping: 39
PlayerID: 76561198167413206 Name: Doktor Whoo Character: Doktor Whoo Ping: 39
PlayerID: 76561198324996335 Name: Mуждей щи Мамалыга Character: []Max[] Ping: 70
PlayerID: 76561198341672556 Name: st.vladir Character: st.vladir Ping: 164

???M ????
???M ????
???M ????
END with Players:
???M ????
???M ????
???M ????
???M ????
[World] данил [PeR4IK]: "выйди"

???M ????
???M ????
???M ????
[World] данил [PeR4IK]: "и ты"

???M ????
???M ????
???M ????
Не обработано: PlayerInfoLib >> No expired player info records found for this batch.
PlayerInfoLib >> No expired player info records found for this batch.

???M ????
???M ????
???M ????
???M ????
???M ????
???M ????
[World] данил [PeR4IK]: "прими"

???M ????
Client has executed command "players"

TimerTerminateCommand.Enabled with Players:
Players:
PlayerID: 76561198280617288 Name: Незнаю какой придумать Character: Пипр Ping: 54
PlayerID: 76561198140053978 Name: 7_AleX_3 Character: 7_AleX_3 Ping: 31
PlayerID: 76561198303283372 Name: PeR4IK Character: данил Ping: 78
PlayerID: 76561198391121800 Name: Джеимс Вурхиз Character: Джеимс Вурхиз Ping: 39
PlayerID: 76561198292543416 Name: Mr_GiladKing Character: GamerYT Ping: 54
PlayerID: 76561198322193999 Name: ™_Game®_™ Character: Карл Иванович Ping: 46
PlayerID: 76561198167413206 Name: Doktor Whoo Character: Doktor Whoo Ping: 46
PlayerID: 76561198324996335 Name: Mуждей щи Мамалыга Character: []Max[] Ping: 359
PlayerID: 76561198341672556 Name: st.vladir Character: st.vladir Ping: 156

???M ????
???M ????
???M ????
END with Players:
???M ????
???M ????
???M ????
[World] данил [PeR4IK]: "алекс"

???M ????
???M ????
???M ????
???M ????
???M ????
???M ????
Не обработано: MessageAnnouncer >> Broadcast: Наберите /rules (/r) для просмотра правил
MessageAnnouncer >> Broadcast: Наберите /rules (/r) для просмотра правил

Не обработано: MessageAnnouncer >> Наберите /rules (/r) для просмотра правил
MessageAnnouncer >> Наберите /rules (/r) для просмотра правил

???M ????
???M ????
???M ????
???M ????
???M ????
???M ????
[World] данил [PeR4IK]: "алекс прими"

???M ????
???M ????
Client has executed command "players"

TimerTerminateCommand.Enabled with Players:
Players:
PlayerID: 76561198280617288 Name: Незнаю какой придумать Character: Пипр Ping: 54
PlayerID: 76561198140053978 Name: 7_AleX_3 Character: 7_AleX_3 Ping: 39
PlayerID: 76561198303283372 Name: PeR4IK Character: данил Ping: 78
PlayerID: 76561198391121800 Name: Джеимс Вурхиз Character: Джеимс Вурхиз Ping: 39
PlayerID: 76561198292543416 Name: Mr_GiladKing Character: GamerYT Ping: 62
PlayerID: 76561198322193999 Name: ™_Game®_™ Character: Карл Иванович Ping: 62
PlayerID: 76561198167413206 Name: Doktor Whoo Character: Doktor Whoo Ping: 46
PlayerID: 76561198324996335 Name: Mуждей щи Мамалыга Character: []Max[] Ping: 85
PlayerID: 76561198341672556 Name: st.vladir Character: st.vladir Ping: 140

???M ????
???M ????
???M ????
END with Players:
???M ????
???M ????
???M ????
???M ????
???M ????
[World] 7_AleX_3 [7_AleX_3]: "/tpa accept"

???M ????
???M ????
???M ????
???M ????
???M ????
???M ????
???M ????
???M ????
???M ????
???M ????
???M ????
???M ????
Client has executed command "players"

TimerTerminateCommand.Enabled with Players:
Players:
PlayerID: 76561198280617288 Name: Незнаю какой придумать Character: Пипр Ping: 31
PlayerID: 76561198140053978 Name: 7_AleX_3 Character: 7_AleX_3 Ping: 39
PlayerID: 76561198303283372 Name: PeR4IK Character: данил Ping: 93
PlayerID: 76561198391121800 Name: Джеимс Вурхиз Character: Джеимс Вурхиз Ping: 31
PlayerID: 76561198292543416 Name: Mr_GiladKing Character: GamerYT Ping: 46
PlayerID: 76561198322193999 Name: ™_Game®_™ Character: Карл Иванович Ping: 54
PlayerID: 76561198167413206 Name: Doktor Whoo Character: Doktor Whoo Ping: 46
PlayerID: 76561198324996335 Name: Mуждей щи Мамалыга Character: []Max[] Ping: 85
PlayerID: 76561198341672556 Name: st.vladir Character: st.vladir Ping: 140

???M ????
???M ????
???M ????
END with Players:
???M ????
???M ????
???M ????
???M ????
???M ????
???M ????
???M ????
???M ????
???M ????
[World] данил [PeR4IK]: "алекс группу прими"

???M ????
???M ????
???M ????
???M ????
???M ????
???M ????
???M ????
???M ????
Client has executed command "players"

TimerTerminateCommand.Enabled with Players:
Players:
PlayerID: 76561198280617288 Name: Незнаю какой придумать Character: Пипр Ping: 31
PlayerID: 76561198140053978 Name: 7_AleX_3 Character: 7_AleX_3 Ping: 31
PlayerID: 76561198303283372 Name: PeR4IK Character: данил Ping: 85
PlayerID: 76561198391121800 Name: Джеимс Вурхиз Character: Джеимс Вурхиз Ping: 31
PlayerID: 76561198292543416 Name: Mr_GiladKing Character: GamerYT Ping: 54
PlayerID: 76561198322193999 Name: ™_Game®_™ Character: Карл Иванович Ping: 54
PlayerID: 76561198167413206 Name: Doktor Whoo Character: Doktor Whoo Ping: 39
PlayerID: 76561198324996335 Name: Mуждей щи Мамалыга Character: []Max[] Ping: 78
PlayerID: 76561198341672556 Name: st.vladir Character: st.vladir Ping: 125

TimerTerminateCommand.Enabled with Players:
[World] данил [PeR4IK]: "примииии"

???M ????
???M ????
???M ????
END with Players:
???M ????
???M ????
???M ????
???M ????
???M ????
???M ????
???M ????
???M ????
???M ????
???M ????
???M ????
???M ????
???M ????
???M ????
???M ????
???M ????
???M ????
Client has executed command "players"

TimerTerminateCommand.Enabled with Players:
Players:
PlayerID: 76561198280617288 Name: Незнаю какой придумать Character: Пипр Ping: 54
PlayerID: 76561198140053978 Name: 7_AleX_3 Character: 7_AleX_3 Ping: 39
PlayerID: 76561198303283372 Name: PeR4IK Character: данил Ping: 62
PlayerID: 76561198391121800 Name: Джеимс Вурхиз Character: Джеимс Вурхиз Ping: 39
PlayerID: 76561198292543416 Name: Mr_GiladKing Character: GamerYT Ping: 39
PlayerID: 76561198322193999 Name: ™_Game®_™ Character: Карл Иванович Ping: 54
PlayerID: 76561198167413206 Name: Doktor Whoo Character: Doktor Whoo Ping: 46
PlayerID: 76561198324996335 Name: Mуждей щи Мамалыга Character: []Max[] Ping: 78
PlayerID: 76561198341672556 Name: st.vladir Character: st.vladir Ping: 148

???M ????
???M ????
???M ????
END with Players:
???M ????
???M ????
???M ????
???M ????
???M ????
???M ????
???M ????
???M ????
???M ????
???M ????
???M ????
???M ????
???M ????
???M ????
???M ????
???M ????
???M ????
Client has executed command "players"

TimerTerminateCommand.Enabled with Players:
Players:
PlayerID: 76561198280617288 Name: Незнаю какой придумать Character: Пипр Ping: 39
PlayerID: 76561198140053978 Name: 7_AleX_3 Character: 7_AleX_3 Ping: 31
PlayerID: 76561198303283372 Name: PeR4IK Character: данил Ping: 93
PlayerID: 76561198391121800 Name: Джеимс Вурхиз Character: Джеимс Вурхиз Ping: 31
PlayerID: 76561198292543416 Name: Mr_GiladKing Character: GamerYT Ping: 93
PlayerID: 76561198322193999 Name: ™_Game®_™ Character: Карл Иванович Ping: 46
PlayerID: 76561198167413206 Name: Doktor Whoo Character: Doktor Whoo Ping: 31
PlayerID: 76561198324996335 Name: Mуждей щи Мамалыга Character: []Max[] Ping: 70
PlayerID: 76561198341672556 Name: st.vladir Character: st.vladir Ping: 148

???M ????
???M ????
???M ????
END with Players:
???M ????
???M ????
???M ????
???M ????
???M ????
???M ????
???M ????
???M ????
???M ????
???M ????
Connecting: PlayerID: 76561198233991680 Name: Вячеслав Фокс Character: Вячеслав Фокс

???M ????
???M ????
[World] данил [PeR4IK]: "ты куда"

???M ????
???M ????
???M ????
???M ????
???M ????
Client has executed command "players"

TimerTerminateCommand.Enabled with Players:
Players:
PlayerID: 76561198280617288 Name: Незнаю какой придумать Character: Пипр Ping: 54
PlayerID: 76561198140053978 Name: 7_AleX_3 Character: 7_AleX_3 Ping: 31
PlayerID: 76561198303283372 Name: PeR4IK Character: данил Ping: 117
PlayerID: 76561198391121800 Name: Джеимс Вурхиз Character: Джеимс Вурхиз Ping: 39
PlayerID: 76561198292543416 Name: Mr_GiladKing Character: GamerYT Ping: 70
PlayerID: 76561198322193999 Name: ™_Game®_™ Character: Карл Иванович Ping: 54
PlayerID: 76561198167413206 Name: Doktor Whoo Character: Doktor Whoo Ping: 39
PlayerID: 76561198324996335 Name: Mуждей щи Мамалыга Character: []Max[] Ping: 78
PlayerID: 76561198341672556 Name: st.vladir Character: st.vladir Ping: 140
PlayerID: 76561198233991680 Name: Вячеслав Фокс Character: Вячеслав Фокс Ping: 242

???M ????
???M ????
???M ????
END with Players:
???M ????
???M ????
???M ????
[World] Вячеслав Фокс [Вячеслав Фокс]: "/kits"

???M ????
???M ????
[World] данил [PeR4IK]: "зачем"

???M ????
???M ????
???M ????
???M ????
Не обработано: MessageAnnouncer >> Broadcast: Добро пожаловать на HEMULGM.RU. Тут рады вам больше, чем на любом другом сервере!
MessageAnnouncer >> Broadcast: Добро пожаловать на HEMULGM.RU. Тут рады вам больше, чем на любом другом сервере!

Не обработано: MessageAnnouncer >> Добро пожаловать на HEMULGM.RU. Тут рады вам больше, чем на любом другом сервере!
MessageAnnouncer >> Добро пожаловать на HEMULGM.RU. Тут рады вам больше, чем на любом другом сервере!

???M ????
???M ????
[World] Вячеслав Фокс [Вячеслав Фокс]: "/kit start"

???M ????
Disconnecting: PlayerID: 76561198292543416 Name: Mr_GiladKing Character: GamerYT

???M ????
???M ????
???M ????
[World] Вячеслав Фокс [Вячеслав Фокс]: "/kit claim"

Client has executed command "players"

TimerTerminateCommand.Enabled with Players:
Players:
PlayerID: 76561198280617288 Name: Незнаю какой придумать Character: Пипр Ping: 54
PlayerID: 76561198140053978 Name: 7_AleX_3 Character: 7_AleX_3 Ping: 31
PlayerID: 76561198303283372 Name: PeR4IK Character: данил Ping: 85
PlayerID: 76561198391121800 Name: Джеимс Вурхиз Character: Джеимс Вурхиз Ping: 31
PlayerID: 76561198322193999 Name: ™_Game®_™ Character: Карл Иванович Ping: 70
PlayerID: 76561198167413206 Name: Doktor Whoo Character: Doktor Whoo Ping: 39
PlayerID: 76561198324996335 Name: Mуждей щи Мамалыга Character: []Max[] Ping: 78
PlayerID: 76561198341672556 Name: st.vladir Character: st.vladir Ping: 140
PlayerID: 76561198233991680 Name: Вячеслав Фокс Character: Вячеслав Фокс Ping: 132

???M ????
???M ????
???M ????
END with Players:
???M ????
???M ????
???M ????
???M ????
???M ????
???M ????
???M ????
???M ????
???M ????
???M ????
???M ????
???M ????
???M ????
Не обработано: Saving server
Saving server

???M ????
???M ????
???M ????
???M ????
Client has executed command "players"

TimerTerminateCommand.Enabled with Players:
Players:
PlayerID: 76561198280617288 Name: Незнаю какой придумать Character: Пипр Ping: 46
PlayerID: 76561198140053978 Name: 7_AleX_3 Character: 7_AleX_3 Ping: 31
PlayerID: 76561198303283372 Name: PeR4IK Character: данил Ping: 85
PlayerID: 76561198391121800 Name: Джеимс Вурхиз Character: Джеимс Вурхиз Ping: 39
PlayerID: 76561198322193999 Name: ™_Game®_™ Character: Карл Иванович Ping: 62
PlayerID: 76561198167413206 Name: Doktor Whoo Character: Doktor Whoo Ping: 39
PlayerID: 76561198324996335 Name: Mуждей щи Мамалыга Character: []Max[] Ping: 78
PlayerID: 76561198341672556 Name: st.vladir Character: st.vladir Ping: 140
PlayerID: 76561198233991680 Name: Вячеслав Фокс Character: Вячеслав Фокс Ping: 164

???M ????
???M ????
TimerTerminateCommand.Enabled with Players:
[World] Вячеслав Фокс [Вячеслав Фокс]: "/kits"

???M ????
???M ????
???M ????
END with Players:
???M ????
???M ????
???M ????
???M ????
???M ????
[World] Вячеслав Фокс [Вячеслав Фокс]: "/kit spes"

???M ????
[World] Вячеслав Фокс [Вячеслав Фокс]: "/kits"

???M ????
???M ????
???M ????
???M ????
???M ????
[World] Вячеслав Фокс [Вячеслав Фокс]: "/kit help"

???M ????
???M ????
???M ????
???M ????
Client has executed command "players"

TimerTerminateCommand.Enabled with Players:
Players:
PlayerID: 76561198280617288 Name: Незнаю какой придумать Character: Пипр Ping: 31
PlayerID: 76561198140053978 Name: 7_AleX_3 Character: 7_AleX_3 Ping: 31
PlayerID: 76561198303283372 Name: PeR4IK Character: данил Ping: 70
PlayerID: 76561198391121800 Name: Джеимс Вурхиз Character: Джеимс Вурхиз Ping: 46
PlayerID: 76561198322193999 Name: ™_Game®_™ Character: Карл Иванович Ping: 54
PlayerID: 76561198167413206 Name: Doktor Whoo Character: Doktor Whoo Ping: 46
PlayerID: 76561198324996335 Name: Mуждей щи Мамалыга Character: []Max[] Ping: 93
PlayerID: 76561198341672556 Name: st.vladir Character: st.vladir Ping: 140
PlayerID: 76561198233991680 Name: Вячеслав Фокс Character: Вячеслав Фокс Ping: 171

???M ????
???M ????
???M ????
END with Players:
???M ????
???M ????
???M ????
[World] данил [PeR4IK]: "чё"

???M ????
???M ????
[World] Вячеслав Фокс [Вячеслав Фокс]: "/balance"

???M ????
[World] Вячеслав Фокс [Вячеслав Фокс]: "/i"

???M ????
[World] Вячеслав Фокс [Вячеслав Фокс]: "/give"

???M ????
Connecting: PlayerID: 76561198236214364 Name: ivan.grishonkov Character: ivan.grishonkov

???M ????
???M ????
[World] Вячеслав Фокс [Вячеслав Фокс]: "/tpa bob"
[World] Вячеслав Фокс [Вячеслав Фокс]: "/tpa bob"

???M ????
[World] данил [PeR4IK]: "переставь сейфы"

???M ????
Client has executed command "players"

TimerTerminateCommand.Enabled with Players:
Players:
PlayerID: 76561198280617288 Name: Незнаю какой придумать Character: Пипр Ping: 46
PlayerID: 76561198140053978 Name: 7_AleX_3 Character: 7_AleX_3 Ping: 54
PlayerID: 76561198303283372 Name: PeR4IK Character: данил Ping: 101
PlayerID: 76561198391121800 Name: Джеимс Вурхиз Character: Джеимс Вурхиз Ping: 31
PlayerID: 76561198322193999 Name: ™_Game®_™ Character: Карл Иванович Ping: 85
PlayerID: 76561198167413206 Name: Doktor Whoo Character: Doktor Whoo Ping: 54
PlayerID: 76561198324996335 Name: Mуждей щи Мамалыга Character: []Max[] Ping: 70
PlayerID: 76561198341672556 Name: st.vladir Character: st.vladir Ping: 148
PlayerID: 76561198233991680 Name: Вячеслав Фокс Character: Вячеслав Фокс Ping: 132
PlayerID: 76561198236214364 Name: ivan.grishonkov Character: ivan.grishonkov Ping: 203

???M ????
???M ????
???M ????
END with Players:
???M ????
???M ????
???M ????
???M ????
???M ????
???M ????
???M ????
Connecting: PlayerID: 76561198084181376 Name: я слижу завами Character: H0MYak

???M ????
Connecting: PlayerID: 76561198301835824 Name: BOB77 Character: киркоров

???M ????
???M ????
???M ????
???M ????
???M ????
???M ????
???M ????
[World] 7_AleX_3 [7_AleX_3]: "куда"

???M ????
???M ????
Client has executed command "players"

TimerTerminateCommand.Enabled with Players:
Players:
PlayerID: 76561198280617288 Name: Незнаю какой придумать Character: Пипр Ping: 46
PlayerID: 76561198140053978 Name: 7_AleX_3 Character: 7_AleX_3 Ping: 31
PlayerID: 76561198303283372 Name: PeR4IK Character: данил Ping: 78
PlayerID: 76561198391121800 Name: Джеимс Вурхиз Character: Джеимс Вурхиз Ping: 39
PlayerID: 76561198322193999 Name: ™_Game®_™ Character: Карл Иванович Ping: 70
PlayerID: 76561198167413206 Name: Doktor Whoo Character: Doktor Whoo Ping: 39
PlayerID: 76561198324996335 Name: Mуждей щи Мамалыга Character: []Max[] Ping: 78
PlayerID: 76561198341672556 Name: st.vladir Character: st.vladir Ping: 140
PlayerID: 76561198233991680 Name: Вячеслав Фокс Character: Вячеслав Фокс Ping: 179
PlayerID: 76561198236214364 Name: ivan.grishonkov Character: ivan.grishonkov Ping: 234
PlayerID: 76561198084181376 Name: я слижу завами Character: H0MYak Ping: 46
PlayerID: 76561198301835824 Name: BOB77 Character: киркоров Ping: 125

???M ????
TimerTerminateCommand.Enabled with Players:
[World] киркоров [BOB77]: "/i"

???M ????
???M ????
???M ????
END with Players:
???M ????
???M ????
???M ????
[World] киркоров [BOB77]: "/tpa фо"

???M ????
???M ????
[World] Вячеслав Фокс [Вячеслав Фокс]: "/tpa a"

???M ????
[World] данил [PeR4IK]: "просто убери поставь"

???M ????
???M ????
???M ????
[World] киркоров [BOB77]: "/kit27015"

???M ????
???M ????
???M ????
???M ????
Connecting: PlayerID: 76561198292543416 Name: Mr_GiladKing Character: GamerYT

???M ????
???M ????
???M ????
[World] данил [PeR4IK]: "я их открывать не могу"

Client has executed command "players"

TimerTerminateCommand.Enabled with Players:
Players:
PlayerID: 76561198280617288 Name: Незнаю какой придумать Character: Пипр Ping: 62
PlayerID: 76561198140053978 Name: 7_AleX_3 Character: 7_AleX_3 Ping: 39
PlayerID: 76561198303283372 Name: PeR4IK Character: данил Ping: 93
PlayerID: 76561198391121800 Name: Джеимс Вурхиз Character: Джеимс Вурхиз Ping: 54
PlayerID: 76561198322193999 Name: ™_Game®_™ Character: Карл Иванович Ping: 62
PlayerID: 76561198167413206 Name: Doktor Whoo Character: Doktor Whoo Ping: 62
PlayerID: 76561198324996335 Name: Mуждей щи Мамалыга Character: []Max[] Ping: 85
PlayerID: 76561198341672556 Name: st.vladir Character: st.vladir Ping: 140
PlayerID: 76561198233991680 Name: Вячеслав Фокс Character: Вячеслав Фокс Ping: 132
PlayerID: 76561198236214364 Name: ivan.grishonkov Character: ivan.grishonkov Ping: 203
PlayerID: 76561198084181376 Name: я слижу завами Character: H0MYak Ping: 23
PlayerID: 76561198301835824 Name: BOB77 Character: киркоров Ping: 109
PlayerID: 76561198292543416 Name: Mr_GiladKing Character: GamerYT Ping: 62

???M ????
TimerTerminateCommand.Enabled with Players:
[World] 7_AleX_3 [7_AleX_3]: "зачем тут лучше не мешают"

???M ????
???M ????
???M ????
END with Players:
???M ????
???M ????
???M ????
???M ????
[World] ivan.grishonkov [ivan.grishonkov]: "привет всем"

???M ????
???M ????
[World] киркоров [BOB77]: "/kits"

???M ????
???M ????
Не обработано: MessageAnnouncer >> Broadcast: Наберите /kit start, чтобы получить стартовый набор (еда, вода, топор)
MessageAnnouncer >> Broadcast: Наберите /kit start, чтобы получить стартовый набор (еда, вода, топор)

Не обработано: MessageAnnouncer >> Наберите /kit start, чтобы получить стартовый набор (еда, вода, топор)
MessageAnnouncer >> Наберите /kit start, чтобы получить стартовый набор (еда, вода, топор)

???M ????
???M ????
[World] H0MYak [я слижу завами]: "/."

???M ????
???M ????
???M ????
???M ????
???M ????
???M ????
[World] киркоров [BOB77]: "/kit start"

Client has executed command "players"

TimerTerminateCommand.Enabled with Players:
Players:
PlayerID: 76561198280617288 Name: Незнаю какой придумать Character: Пипр Ping: 54
PlayerID: 76561198140053978 Name: 7_AleX_3 Character: 7_AleX_3 Ping: 39
PlayerID: 76561198303283372 Name: PeR4IK Character: данил Ping: 156
PlayerID: 76561198391121800 Name: Джеимс Вурхиз Character: Джеимс Вурхиз Ping: 39
PlayerID: 76561198322193999 Name: ™_Game®_™ Character: Карл Иванович Ping: 46
PlayerID: 76561198167413206 Name: Doktor Whoo Character: Doktor Whoo Ping: 39
PlayerID: 76561198324996335 Name: Mуждей щи Мамалыга Character: []Max[] Ping: 85
PlayerID: 76561198341672556 Name: st.vladir Character: st.vladir Ping: 140
PlayerID: 76561198233991680 Name: Вячеслав Фокс Character: Вячеслав Фокс Ping: 156
PlayerID: 76561198236214364 Name: ivan.grishonkov Character: ivan.grishonkov Ping: 218
PlayerID: 76561198084181376 Name: я слижу завами Character: H0MYak Ping: 0
PlayerID: 76561198301835824 Name: BOB77 Character: киркоров Ping: 117
PlayerID: 76561198292543416 Name: Mr_GiladKing Character: GamerYT Ping: 62

???M ????
TimerTerminateCommand.Enabled with Players:
[World] H0MYak [я слижу завами]: "/kits"

???M ????
???M ????
???M ????
END with Players:
???M ????
???M ????
[World] 7_AleX_3 [7_AleX_3]: "давай группу нажми на карте"

???M ????
???M ????
???M ????
???M ????
???M ????
???M ????
???M ????
???M ????
[World] ivan.grishonkov [ivan.grishonkov]: "/kit start"

???M ????
???M ????
???M ????
[World] данил [PeR4IK]: "выйди из группы на сервере"

???M ????
[World] киркоров [BOB77]: "/kits"

[World] 7_AleX_3 [7_AleX_3]: "и там 3 нажми"

???M ????
???M ????
Client has executed command "players"

TimerTerminateCommand.Enabled with Players:
Players:
PlayerID: 76561198280617288 Name: Незнаю какой придумать Character: Пипр Ping: 54
PlayerID: 76561198140053978 Name: 7_AleX_3 Character: 7_AleX_3 Ping: 39
PlayerID: 76561198303283372 Name: PeR4IK Character: данил Ping: 93
PlayerID: 76561198391121800 Name: Джеимс Вурхиз Character: Джеимс Вурхиз Ping: 31
PlayerID: 76561198322193999 Name: ™_Game®_™ Character: Карл Иванович Ping: 46
PlayerID: 76561198167413206 Name: Doktor Whoo Character: Doktor Whoo Ping: 31
PlayerID: 76561198324996335 Name: Mуждей щи Мамалыга Character: []Max[] Ping: 78
PlayerID: 76561198341672556 Name: st.vladir Character: st.vladir Ping: 140
PlayerID: 76561198233991680 Name: Вячеслав Фокс Character: Вячеслав Фокс Ping: 148
PlayerID: 76561198236214364 Name: ivan.grishonkov Character: ivan.grishonkov Ping: 351
PlayerID: 76561198084181376 Name: я слижу завами Character: H0MYak Ping: 15
PlayerID: 76561198301835824 Name: BOB77 Character: киркоров Ping: 125
PlayerID: 76561198292543416 Name: Mr_GiladKing Character: GamerYT Ping: 62

TimerTerminateCommand.Enabled with Players:
Connecting: PlayerID: 76561198342094977 Name: Vocaloid's_Lover Character: Vocaloid's

???M ????
???M ????
???M ????
END with Players:
???M ????
???M ????
???M ????
[World] Вячеслав Фокс [Вячеслав Фокс]: "/kit claim"

???M ????
???M ????
[World] киркоров [BOB77]: "/kit help"

[World] данил [PeR4IK]: "на сервере даун"

???M ????
[World] H0MYak [я слижу завами]: "/kit start"

???M ????
???M ????
???M ????
Disconnecting: PlayerID: 76561198167413206 Name: Doktor Whoo Character: Doktor Whoo

???M ????
???M ????
???M ????
[World] данил [PeR4IK]: "тупой"

???M ????
[World] киркоров [BOB77]: "/kis"

???M ????
???M ????
???M ????
[World] киркоров [BOB77]: "/kits"

???M ????
Client has executed command "players"

TimerTerminateCommand.Enabled with Players:
Players:
PlayerID: 76561198280617288 Name: Незнаю какой придумать Character: Пипр Ping: 39
PlayerID: 76561198140053978 Name: 7_AleX_3 Character: 7_AleX_3 Ping: 39
PlayerID: 76561198303283372 Name: PeR4IK Character: данил Ping: 93
PlayerID: 76561198391121800 Name: Джеимс Вурхиз Character: Джеимс Вурхиз Ping: 39
PlayerID: 76561198322193999 Name: ™_Game®_™ Character: Карл Иванович Ping: 54
PlayerID: 76561198324996335 Name: Mуждей щи Мамалыга Character: []Max[] Ping: 78
PlayerID: 76561198341672556 Name: st.vladir Character: st.vladir Ping: 140
PlayerID: 76561198233991680 Name: Вячеслав Фокс Character: Вячеслав Фокс Ping: 171
PlayerID: 76561198236214364 Name: ivan.grishonkov Character: ivan.grishonkov Ping: 203
PlayerID: 76561198084181376 Name: я слижу завами Character: H0MYak Ping: 15
PlayerID: 76561198301835824 Name: BOB77 Character: киркоров Ping: 117
PlayerID: 76561198292543416 Name: Mr_GiladKing Character: GamerYT Ping: 54
PlayerID: 76561198342094977 Name: Vocaloid's_Lover Character: Vocaloid's Ping: 70

???M ????
???M ????
???M ????
END with Players:
???M ????
???M ????
???M ????
???M ????
???M ????
???M ????
???M ????
???M ????
???M ????
???M ????
???M ????
???M ????
???M ????
???M ????
???M ????
[World] данил [PeR4IK]: "даун"

???M ????
???M ????
Client has executed command "players"

TimerTerminateCommand.Enabled with Players:
Players:
PlayerID: 76561198280617288 Name: Незнаю какой придумать Character: Пипр Ping: 54
PlayerID: 76561198140053978 Name: 7_AleX_3 Character: 7_AleX_3 Ping: 31
PlayerID: 76561198303283372 Name: PeR4IK Character: данил Ping: 117
PlayerID: 76561198391121800 Name: Джеимс Вурхиз Character: Джеимс Вурхиз Ping: 54
PlayerID: 76561198322193999 Name: ™_Game®_™ Character: Карл Иванович Ping: 62
PlayerID: 76561198324996335 Name: Mуждей щи Мамалыга Character: []Max[] Ping: 78
PlayerID: 76561198341672556 Name: st.vladir Character: st.vladir Ping: 148
PlayerID: 76561198233991680 Name: Вячеслав Фокс Character: Вячеслав Фокс Ping: 187
PlayerID: 76561198236214364 Name: ivan.grishonkov Character: ivan.grishonkov Ping: 382
PlayerID: 76561198084181376 Name: я слижу завами Character: H0MYak Ping: 7
PlayerID: 76561198301835824 Name: BOB77 Character: киркоров Ping: 101
PlayerID: 76561198292543416 Name: Mr_GiladKing Character: GamerYT Ping: 54
PlayerID: 76561198342094977 Name: Vocaloid's_Lover Character: Vocaloid's Ping: 70

???M ????
???M ????
TimerTerminateCommand.Enabled with Players:
Disconnecting: PlayerID: 76561198342094977 Name: Vocaloid's_Lover Character: Vocaloid's

???M ????
???M ????
???M ????
END with Players:
???M ????
???M ????
???M ????
???M ????
???M ????
???M ????
???M ????
???M ????
???M ????
???M ????
???M ????
???M ????
???M ????
???M ????
???M ????
Client has executed command "players"

TimerTerminateCommand.Enabled with Players:
Players:
PlayerID: 76561198280617288 Name: Незнаю какой придумать Character: Пипр Ping: 46
PlayerID: 76561198140053978 Name: 7_AleX_3 Character: 7_AleX_3 Ping: 31
PlayerID: 76561198303283372 Name: PeR4IK Character: данил Ping: 109
PlayerID: 76561198391121800 Name: Джеимс Вурхиз Character: Джеимс Вурхиз Ping: 31
PlayerID: 76561198322193999 Name: ™_Game®_™ Character: Карл Иванович Ping: 46
PlayerID: 76561198324996335 Name: Mуждей щи Мамалыга Character: []Max[] Ping: 70
PlayerID: 76561198341672556 Name: st.vladir Character: st.vladir Ping: 156
PlayerID: 76561198233991680 Name: Вячеслав Фокс Character: Вячеслав Фокс Ping: 156
PlayerID: 76561198236214364 Name: ivan.grishonkov Character: ivan.grishonkov Ping: 304
PlayerID: 76561198084181376 Name: я слижу завами Character: H0MYak Ping: 7
PlayerID: 76561198301835824 Name: BOB77 Character: киркоров Ping: 117
PlayerID: 76561198292543416 Name: Mr_GiladKing Character: GamerYT Ping: 54

???M ????
???M ????
???M ????
END with Players:
???M ????
???M ????
???M ????
???M ????
???M ????
???M ????
???M ????
???M ????
???M ????
???M ????
???M ????
???M ????
???M ????
???M ????
???M ????
???M ????
???M ????
Client has executed command "players"

TimerTerminateCommand.Enabled with Players:
Players:
PlayerID: 76561198280617288 Name: Незнаю какой придумать Character: Пипр Ping: 54
PlayerID: 76561198140053978 Name: 7_AleX_3 Character: 7_AleX_3 Ping: 54
PlayerID: 76561198303283372 Name: PeR4IK Character: данил Ping: 93
PlayerID: 76561198391121800 Name: Джеимс Вурхиз Character: Джеимс Вурхиз Ping: 39
PlayerID: 76561198322193999 Name: ™_Game®_™ Character: Карл Иванович Ping: 54
PlayerID: 76561198324996335 Name: Mуждей щи Мамалыга Character: []Max[] Ping: 70
PlayerID: 76561198341672556 Name: st.vladir Character: st.vladir Ping: 156
PlayerID: 76561198233991680 Name: Вячеслав Фокс Character: Вячеслав Фокс Ping: 171
PlayerID: 76561198236214364 Name: ivan.grishonkov Character: ivan.grishonkov Ping: 187
PlayerID: 76561198084181376 Name: я слижу завами Character: H0MYak Ping: 7
PlayerID: 76561198301835824 Name: BOB77 Character: киркоров Ping: 148
PlayerID: 76561198292543416 Name: Mr_GiladKing Character: GamerYT Ping: 54

???M ????
???M ????
???M ????
END with Players:
???M ????
???M ????
???M ????
Connecting: PlayerID: 76561198185404386 Name: ?????????? Character: Денис Сергеивич

???M ????
[World] данил [PeR4IK]: "у меня их штук 10"

???M ????
???M ????
[World] данил [PeR4IK]: "дома"

???M ????
???M ????
Connecting: PlayerID: 76561198363831089 Name: dominic.mccready Character: dom

Не обработано: MessageAnnouncer >> Broadcast: Внимание! PvP-режим по субботам! PvP-режим!!!
MessageAnnouncer >> Broadcast: Внимание! PvP-режим по субботам! PvP-режим!!!

Не обработано: MessageAnnouncer >> Внимание! PvP-режим по субботам! PvP-режим!!!
MessageAnnouncer >> Внимание! PvP-режим по субботам! PvP-режим!!!

???M ????
???M ????
???M ????
???M ????
???M ????
???M ????
Client has executed command "players"

TimerTerminateCommand.Enabled with Players:
Players:
PlayerID: 76561198280617288 Name: Незнаю какой придумать Character: Пипр Ping: 46
PlayerID: 76561198140053978 Name: 7_AleX_3 Character: 7_AleX_3 Ping: 46
PlayerID: 76561198303283372 Name: PeR4IK Character: данил Ping: 85
PlayerID: 76561198391121800 Name: Джеимс Вурхиз Character: Джеимс Вурхиз Ping: 46
PlayerID: 76561198322193999 Name: ™_Game®_™ Character: Карл Иванович Ping: 70
PlayerID: 76561198324996335 Name: Mуждей щи Мамалыга Character: []Max[] Ping: 101
PlayerID: 76561198341672556 Name: st.vladir Character: st.vladir Ping: 148
PlayerID: 76561198233991680 Name: Вячеслав Фокс Character: Вячеслав Фокс Ping: 187
PlayerID: 76561198236214364 Name: ivan.grishonkov Character: ivan.grishonkov Ping: 210
PlayerID: 76561198084181376 Name: я слижу завами Character: H0MYak Ping: 31
PlayerID: 76561198301835824 Name: BOB77 Character: киркоров Ping: 203
PlayerID: 76561198292543416 Name: Mr_GiladKing Character: GamerYT Ping: 62
PlayerID: 76561198185404386 Name: ?????????? Character: Денис Сергеивич Ping: 31
PlayerID: 76561198363831089 Name: dominic.mccready Character: dom Ping: 390

???M ????
???M ????
???M ????
END with Players:
???M ????
???M ????
???M ????
???M ????
???M ????
???M ????
???M ????
???M ????
???M ????
???M ????
???M ????
Connecting: PlayerID: 76561198385317116 Name: dramov82 Character: Семён Бутаков

???M ????
???M ????
Disconnecting: PlayerID: 76561198363831089 Name: dominic.mccready Character: dom

???M ????
Client has executed command "players"

TimerTerminateCommand.Enabled with Players:
Players:
PlayerID: 76561198280617288 Name: Незнаю какой придумать Character: Пипр Ping: 31
PlayerID: 76561198140053978 Name: 7_AleX_3 Character: 7_AleX_3 Ping: 31
PlayerID: 76561198303283372 Name: PeR4IK Character: данил Ping: 78
PlayerID: 76561198391121800 Name: Джеимс Вурхиз Character: Джеимс Вурхиз Ping: 31
PlayerID: 76561198322193999 Name: ™_Game®_™ Character: Карл Иванович Ping: 78
PlayerID: 76561198324996335 Name: Mуждей щи Мамалыга Character: []Max[] Ping: 85
PlayerID: 76561198341672556 Name: st.vladir Character: st.vladir Ping: 140
PlayerID: 76561198233991680 Name: Вячеслав Фокс Character: Вячеслав Фокс Ping: 140
PlayerID: 76561198236214364 Name: ivan.grishonkov Character: ivan.grishonkov Ping: 226
PlayerID: 76561198084181376 Name: я слижу завами Character: H0MYak Ping: 7
PlayerID: 76561198301835824 Name: BOB77 Character: киркоров Ping: 171
PlayerID: 76561198292543416 Name: Mr_GiladKing Character: GamerYT Ping: 39
PlayerID: 76561198185404386 Name: ?????????? Character: Денис Сергеивич Ping: 15
PlayerID: 76561198385317116 Name: dramov82 Character: Семён Бутаков Ping: 132

???M ????
???M ????
TimerTerminateCommand.Enabled with Players:
[World] данил [PeR4IK]: "ты заебал"

???M ????
???M ????
???M ????
END with Players:
???M ????
???M ????
???M ????
???M ????
???M ????
???M ????
???M ????
???M ????
???M ????
???M ????
???M ????
???M ????
???M ????
???M ????
???M ????
Client has executed command "players"

TimerTerminateCommand.Enabled with Players:
Players:
PlayerID: 76561198280617288 Name: Незнаю какой придумать Character: Пипр Ping: 39
PlayerID: 76561198140053978 Name: 7_AleX_3 Character: 7_AleX_3 Ping: 46
PlayerID: 76561198303283372 Name: PeR4IK Character: данил Ping: 78
PlayerID: 76561198391121800 Name: Джеимс Вурхиз Character: Джеимс Вурхиз Ping: 54
PlayerID: 76561198322193999 Name: ™_Game®_™ Character: Карл Иванович Ping: 70
PlayerID: 76561198324996335 Name: Mуждей щи Мамалыга Character: []Max[] Ping: 93
PlayerID: 76561198341672556 Name: st.vladir Character: st.vladir Ping: 148
PlayerID: 76561198233991680 Name: Вячеслав Фокс Character: Вячеслав Фокс Ping: 187
PlayerID: 76561198236214364 Name: ivan.grishonkov Character: ivan.grishonkov Ping: 375
PlayerID: 76561198084181376 Name: я слижу завами Character: H0MYak Ping: 15
PlayerID: 76561198301835824 Name: BOB77 Character: киркоров Ping: 109
PlayerID: 76561198292543416 Name: Mr_GiladKing Character: GamerYT Ping: 70
PlayerID: 76561198185404386 Name: ?????????? Character: Денис Сергеивич Ping: 23
PlayerID: 76561198385317116 Name: dramov82 Character: Семён Бутаков Ping: 171

???M ????
???M ????
???M ????
END with Players:
???M ????
???M ????
???M ????
???M ????
???M ????
???M ????
Disconnecting: PlayerID: 76561198236214364 Name: ivan.grishonkov Character: ivan.grishonkov

???M ????
???M ????
???M ????
???M ????
???M ????
Disconnecting: PlayerID: 76561198385317116 Name: dramov82 Character: Семён Бутаков

???M ????
???M ????
???M ????
???M ????
???M ????
???M ????
Client has executed command "players"

TimerTerminateCommand.Enabled with Players:
Players:
PlayerID: 76561198280617288 Name: Незнаю какой придумать Character: Пипр Ping: 39
PlayerID: 76561198140053978 Name: 7_AleX_3 Character: 7_AleX_3 Ping: 39
PlayerID: 76561198303283372 Name: PeR4IK Character: данил Ping: 109
PlayerID: 76561198391121800 Name: Джеимс Вурхиз Character: Джеимс Вурхиз Ping: 39
PlayerID: 76561198322193999 Name: ™_Game®_™ Character: Карл Иванович Ping: 70
PlayerID: 76561198324996335 Name: Mуждей щи Мамалыга Character: []Max[] Ping: 93
PlayerID: 76561198341672556 Name: st.vladir Character: st.vladir Ping: 148
PlayerID: 76561198233991680 Name: Вячеслав Фокс Character: Вячеслав Фокс Ping: 148
PlayerID: 76561198084181376 Name: я слижу завами Character: H0MYak Ping: 0
PlayerID: 76561198301835824 Name: BOB77 Character: киркоров Ping: 140
PlayerID: 76561198292543416 Name: Mr_GiladKing Character: GamerYT Ping: 46
PlayerID: 76561198185404386 Name: ?????????? Character: Денис Сергеивич Ping: 15

???M ????
???M ????
???M ????
END with Players:
???M ????
Disconnecting: PlayerID: 76561198301835824 Name: BOB77 Character: киркоров

???M ????
???M ????
???M ????
???M ????
???M ????
Disconnecting: PlayerID: 76561198185404386 Name: ?????????? Character: Денис Сергеивич

???M ????
???M ????
Disconnecting: PlayerID: 76561198233991680 Name: Вячеслав Фокс Character: Вячеслав Фокс

???M ????
???M ????
???M ????
???M ????
???M ????
???M ????
???M ????
???M ????
???M ????
Client has executed command "players"

TimerTerminateCommand.Enabled with Players:
Players:
PlayerID: 76561198280617288 Name: Незнаю какой придумать Character: Пипр Ping: 54
PlayerID: 76561198140053978 Name: 7_AleX_3 Character: 7_AleX_3 Ping: 46
PlayerID: 76561198303283372 Name: PeR4IK Character: данил Ping: 109
PlayerID: 76561198391121800 Name: Джеимс Вурхиз Character: Джеимс Вурхиз Ping: 46
PlayerID: 76561198322193999 Name: ™_Game®_™ Character: Карл Иванович Ping: 46
PlayerID: 76561198324996335 Name: Mуждей щи Мамалыга Character: []Max[] Ping: 78
PlayerID: 76561198341672556 Name: st.vladir Character: st.vladir Ping: 148
PlayerID: 76561198084181376 Name: я слижу завами Character: H0MYak Ping: 7
PlayerID: 76561198292543416 Name: Mr_GiladKing Character: GamerYT Ping: 54

???M ????
???M ????
???M ????
END with Players:
???M ????
???M ????
???M ????
???M ????
???M ????
???M ????
???M ????
???M ????
???M ????
???M ????
???M ????
???M ????
???M ????
???M ????
???M ????
???M ????
???M ????
Client has executed command "players"

TimerTerminateCommand.Enabled with Players:
Players:
PlayerID: 76561198280617288 Name: Незнаю какой придумать Character: Пипр Ping: 46
PlayerID: 76561198140053978 Name: 7_AleX_3 Character: 7_AleX_3 Ping: 46
PlayerID: 76561198303283372 Name: PeR4IK Character: данил Ping: 101
PlayerID: 76561198391121800 Name: Джеимс Вурхиз Character: Джеимс Вурхиз Ping: 46
PlayerID: 76561198322193999 Name: ™_Game®_™ Character: Карл Иванович Ping: 54
PlayerID: 76561198324996335 Name: Mуждей щи Мамалыга Character: []Max[] Ping: 85
PlayerID: 76561198341672556 Name: st.vladir Character: st.vladir Ping: 156
PlayerID: 76561198084181376 Name: я слижу завами Character: H0MYak Ping: 15
PlayerID: 76561198292543416 Name: Mr_GiladKing Character: GamerYT Ping: 46

???M ????
???M ????
???M ????
END with Players:
???M ????
???M ????
???M ????
???M ????
???M ????
???M ????
???M ????
???M ????
???M ????
Не обработано: MessageAnnouncer >> Broadcast: vk.com/unturned_hgm - группа сервера ВК, уникальный кит в записи!
MessageAnnouncer >> Broadcast: vk.com/unturned_hgm - группа сервера ВК, уникальный кит в записи!

Не обработано: MessageAnnouncer >> vk.com/unturned_hgm - группа сервера ВК, уникальный кит в записи!
MessageAnnouncer >> vk.com/unturned_hgm - группа сервера ВК, уникальный кит в записи!

???M ????
???M ????
???M ????
[World] Пипр [Незнаю какой придумать]: "GamerYT Откуда у тебя листва на стенах?"

???M ????
???M ????
???M ????
???M ????
???M ????
Client has executed command "players"

TimerTerminateCommand.Enabled with Players:
Players:
PlayerID: 76561198280617288 Name: Незнаю какой придумать Character: Пипр Ping: 31
PlayerID: 76561198140053978 Name: 7_AleX_3 Character: 7_AleX_3 Ping: 31
PlayerID: 76561198303283372 Name: PeR4IK Character: данил Ping: 54
PlayerID: 76561198391121800 Name: Джеимс Вурхиз Character: Джеимс Вурхиз Ping: 31
PlayerID: 76561198322193999 Name: ™_Game®_™ Character: Карл Иванович Ping: 140
PlayerID: 76561198324996335 Name: Mуждей щи Мамалыга Character: []Max[] Ping: 93
PlayerID: 76561198341672556 Name: st.vladir Character: st.vladir Ping: 140
PlayerID: 76561198084181376 Name: я слижу завами Character: H0MYak Ping: 7
PlayerID: 76561198292543416 Name: Mr_GiladKing Character: GamerYT Ping: 31

???M ????
???M ????
???M ????
END with Players:
???M ????
???M ????
???M ????
???M ????
???M ????
???M ????
???M ????
???M ????
[World] данил [PeR4IK]: "перечставь дверь алекс"

???M ????
???M ????
???M ????
???M ????
???M ????
???M ????
???M ????
Connecting: PlayerID: 76561198341997660 Name: Dimacvit1996 Character: Dimacvit1996

???M ????
[World] данил [PeR4IK]: "я открывать не могук"

???M ????
Client has executed command "players"

TimerTerminateCommand.Enabled with Players:
Players:
PlayerID: 76561198280617288 Name: Незнаю какой придумать Character: Пипр Ping: 54
PlayerID: 76561198140053978 Name: 7_AleX_3 Character: 7_AleX_3 Ping: 31
PlayerID: 76561198303283372 Name: PeR4IK Character: данил Ping: 93
PlayerID: 76561198391121800 Name: Джеимс Вурхиз Character: Джеимс Вурхиз Ping: 39
PlayerID: 76561198322193999 Name: ™_Game®_™ Character: Карл Иванович Ping: 54
PlayerID: 76561198324996335 Name: Mуждей щи Мамалыга Character: []Max[] Ping: 70
PlayerID: 76561198341672556 Name: st.vladir Character: st.vladir Ping: 148
PlayerID: 76561198084181376 Name: я слижу завами Character: H0MYak Ping: 15
PlayerID: 76561198292543416 Name: Mr_GiladKing Character: GamerYT Ping: 62
PlayerID: 76561198341997660 Name: Dimacvit1996 Character: Dimacvit1996 Ping: 39

???M ????
???M ????
???M ????
END with Players:
[World] GamerYT [Mr_GiladKing]: "я гелик порвал"

???M ????
???M ????
???M ????
???M ????
???M ????
???M ????
???M ????
???M ????
[World] Пипр [Незнаю какой придумать]: "Аа"

???M ????
???M ????
???M ????
???M ????
[World] GamerYT [Mr_GiladKing]: "/home"

???M ????
???M ????
???M ????
???M ????
???M ????
Client has executed command "players"

TimerTerminateCommand.Enabled with Players:
Players:
PlayerID: 76561198280617288 Name: Незнаю какой придумать Character: Пипр Ping: 62
PlayerID: 76561198140053978 Name: 7_AleX_3 Character: 7_AleX_3 Ping: 31
PlayerID: 76561198303283372 Name: PeR4IK Character: данил Ping: 70
PlayerID: 76561198391121800 Name: Джеимс Вурхиз Character: Джеимс Вурхиз Ping: 31
PlayerID: 76561198322193999 Name: ™_Game®_™ Character: Карл Иванович Ping: 54
PlayerID: 76561198324996335 Name: Mуждей щи Мамалыга Character: []Max[] Ping: 78
PlayerID: 76561198341672556 Name: st.vladir Character: st.vladir Ping: 132
PlayerID: 76561198084181376 Name: я слижу завами Character: H0MYak Ping: 0
PlayerID: 76561198292543416 Name: Mr_GiladKing Character: GamerYT Ping: 46
PlayerID: 76561198341997660 Name: Dimacvit1996 Character: Dimacvit1996 Ping: 62

???M ????
???M ????
???M ????
END with Players:
???M ????
Disconnecting: PlayerID: 76561198341997660 Name: Dimacvit1996 Character: Dimacvit1996

???M ????
???M ????
???M ????
???M ????
???M ????
???M ????
???M ????
???M ????
???M ????
???M ????
???M ????
???M ????
???M ????
???M ????
Client has executed command "players"

TimerTerminateCommand.Enabled with Players:
Players:
PlayerID: 76561198280617288 Name: Незнаю какой придумать Character: Пипр Ping: 70
PlayerID: 76561198140053978 Name: 7_AleX_3 Character: 7_AleX_3 Ping: 39
PlayerID: 76561198303283372 Name: PeR4IK Character: данил Ping: 93
PlayerID: 76561198391121800 Name: Джеимс Вурхиз Character: Джеимс Вурхиз Ping: 39
PlayerID: 76561198322193999 Name: ™_Game®_™ Character: Карл Иванович Ping: 62
PlayerID: 76561198324996335 Name: Mуждей щи Мамалыга Character: []Max[] Ping: 78
PlayerID: 76561198341672556 Name: st.vladir Character: st.vladir Ping: 148
PlayerID: 76561198084181376 Name: я слижу завами Character: H0MYak Ping: 15
PlayerID: 76561198292543416 Name: Mr_GiladKing Character: GamerYT Ping: 54

???M ????
???M ????
???M ????
END with Players:
???M ????
???M ????
???M ????
???M ????
???M ????
???M ????
???M ????
???M ????
???M ????
???M ????
???M ????
???M ????
???M ????
???M ????
???M ????
???M ????
???M ????
Client has executed command "players"

TimerTerminateCommand.Enabled with Players:
Players:
PlayerID: 76561198280617288 Name: Незнаю какой придумать Character: Пипр Ping: 39
PlayerID: 76561198140053978 Name: 7_AleX_3 Character: 7_AleX_3 Ping: 31
PlayerID: 76561198303283372 Name: PeR4IK Character: данил Ping: 54
PlayerID: 76561198391121800 Name: Джеимс Вурхиз Character: Джеимс Вурхиз Ping: 39
PlayerID: 76561198322193999 Name: ™_Game®_™ Character: Карл Иванович Ping: 46
PlayerID: 76561198324996335 Name: Mуждей щи Мамалыга Character: []Max[] Ping: 78
PlayerID: 76561198341672556 Name: st.vladir Character: st.vladir Ping: 148
PlayerID: 76561198084181376 Name: я слижу завами Character: H0MYak Ping: 0
PlayerID: 76561198292543416 Name: Mr_GiladKing Character: GamerYT Ping: 54

???M ????
???M ????
???M ????
END with Players:
???M ????
???M ????
???M ????
???M ????
???M ????
???M ????
???M ????
???M ????
???M ????
???M ????
???M ????
???M ????
???M ????
Client has executed command "players"

TimerTerminateCommand.Enabled with Players:
Players:
PlayerID: 76561198280617288 Name: Незнаю какой придумать Character: Пипр Ping: 31
PlayerID: 76561198140053978 Name: 7_AleX_3 Character: 7_AleX_3 Ping: 31
PlayerID: 76561198303283372 Name: PeR4IK Character: данил Ping: 70
PlayerID: 76561198391121800 Name: Джеимс Вурхиз Character: Джеимс Вурхиз Ping: 39
PlayerID: 76561198322193999 Name: ™_Game®_™ Character: Карл Иванович Ping: 85
PlayerID: 76561198324996335 Name: Mуждей щи Мамалыга Character: []Max[] Ping: 93
PlayerID: 76561198341672556 Name: st.vladir Character: st.vladir Ping: 140
PlayerID: 76561198084181376 Name: я слижу завами Character: H0MYak Ping: 15
PlayerID: 76561198292543416 Name: Mr_GiladKing Character: GamerYT Ping: 54

???M ????
???M ????
???M ????
END with Players:
???M ????
???M ????
???M ????
???M ????
???M ????
???M ????
???M ????
???M ????
???M ????
Не обработано: MessageAnnouncer >> Broadcast: Наберите /kit help, чтобы получить первую мед. помощь (бинты, таблетки, еда)
MessageAnnouncer >> Broadcast: Наберите /kit help, чтобы получить первую мед. помощь (бинты, таблетки, еда)

Не обработано: MessageAnnouncer >> Наберите /kit help, чтобы получить первую мед. помощь (бинты, таблетки, еда)
MessageAnnouncer >> Наберите /kit help, чтобы получить первую мед. помощь (бинты, таблетки, еда)

???M ????
???M ????
???M ????
???M ????
???M ????
???M ????
???M ????
???M ????
Client has executed command "players"

TimerTerminateCommand.Enabled with Players:
Players:
PlayerID: 76561198280617288 Name: Незнаю какой придумать Character: Пипр Ping: 39
PlayerID: 76561198140053978 Name: 7_AleX_3 Character: 7_AleX_3 Ping: 46
PlayerID: 76561198303283372 Name: PeR4IK Character: данил Ping: 85
PlayerID: 76561198391121800 Name: Джеимс Вурхиз Character: Джеимс Вурхиз Ping: 39
PlayerID: 76561198322193999 Name: ™_Game®_™ Character: Карл Иванович Ping: 62
PlayerID: 76561198324996335 Name: Mуждей щи Мамалыга Character: []Max[] Ping: 70
PlayerID: 76561198341672556 Name: st.vladir Character: st.vladir Ping: 164
PlayerID: 76561198084181376 Name: я слижу завами Character: H0MYak Ping: 15
PlayerID: 76561198292543416 Name: Mr_GiladKing Character: GamerYT Ping: 54

???M ????
???M ????
???M ????
END with Players:
???M ????
???M ????
[World] данил [PeR4IK]: "переставь сйфы я их открывать не могу"

???M ????
???M ????
???M ????
???M ????
???M ????
???M ????
???M ????
???M ????
???M ????
???M ????
???M ????
???M ????
???M ????
???M ????
???M ????
Client has executed command "players"

TimerTerminateCommand.Enabled with Players:
Players:
PlayerID: 76561198280617288 Name: Незнаю какой придумать Character: Пипр Ping: 46
PlayerID: 76561198140053978 Name: 7_AleX_3 Character: 7_AleX_3 Ping: 31
PlayerID: 76561198303283372 Name: PeR4IK Character: данил Ping: 78
PlayerID: 76561198391121800 Name: Джеимс Вурхиз Character: Джеимс Вурхиз Ping: 39
PlayerID: 76561198322193999 Name: ™_Game®_™ Character: Карл Иванович Ping: 70
PlayerID: 76561198324996335 Name: Mуждей щи Мамалыга Character: []Max[] Ping: 93
PlayerID: 76561198341672556 Name: st.vladir Character: st.vladir Ping: 140
PlayerID: 76561198084181376 Name: я слижу завами Character: H0MYak Ping: 7
PlayerID: 76561198292543416 Name: Mr_GiladKing Character: GamerYT Ping: 46

???M ????
???M ????
???M ????
END with Players:
???M ????
???M ????
???M ????
???M ????
???M ????
???M ????
???M ????
???M ????
???M ????
???M ????
???M ????
???M ????
???M ????
???M ????
???M ????
Client has executed command "players"

TimerTerminateCommand.Enabled with Players:
Players:
PlayerID: 76561198280617288 Name: Незнаю какой придумать Character: Пипр Ping: 46
PlayerID: 76561198140053978 Name: 7_AleX_3 Character: 7_AleX_3 Ping: 46
PlayerID: 76561198303283372 Name: PeR4IK Character: данил Ping: 93
PlayerID: 76561198391121800 Name: Джеимс Вурхиз Character: Джеимс Вурхиз Ping: 46
PlayerID: 76561198322193999 Name: ™_Game®_™ Character: Карл Иванович Ping: 62
PlayerID: 76561198324996335 Name: Mуждей щи Мамалыга Character: []Max[] Ping: 101
PlayerID: 76561198341672556 Name: st.vladir Character: st.vladir Ping: 156
PlayerID: 76561198084181376 Name: я слижу завами Character: H0MYak Ping: 7
PlayerID: 76561198292543416 Name: Mr_GiladKing Character: GamerYT Ping: 54

???M ????
???M ????
???M ????
TimerTerminateCommand.Enabled with Players:
Connecting: PlayerID: 76561198236214364 Name: ivan.grishonkov Character: ivan.grishonkov

???M ????
???M ????
TimerTerminateCommand.Enabled with Players:
[World] данил [PeR4IK]: "ну"

???M ????
???M ????
???M ????
END with Players:
???M ????
???M ????
???M ????
???M ????
???M ????
???M ????
???M ????
???M ????
???M ????
???M ????
???M ????
???M ????
Client has executed command "players"

TimerTerminateCommand.Enabled with Players:
Players:
PlayerID: 76561198280617288 Name: Незнаю какой придумать Character: Пипр Ping: 46
PlayerID: 76561198140053978 Name: 7_AleX_3 Character: 7_AleX_3 Ping: 31
PlayerID: 76561198303283372 Name: PeR4IK Character: данил Ping: 85
PlayerID: 76561198391121800 Name: Джеимс Вурхиз Character: Джеимс Вурхиз Ping: 39
PlayerID: 76561198322193999 Name: ™_Game®_™ Character: Карл Иванович Ping: 132
PlayerID: 76561198324996335 Name: Mуждей щи Мамалыга Character: []Max[] Ping: 78
PlayerID: 76561198341672556 Name: st.vladir Character: st.vladir Ping: 140
PlayerID: 76561198084181376 Name: я слижу завами Character: H0MYak Ping: 7
PlayerID: 76561198292543416 Name: Mr_GiladKing Character: GamerYT Ping: 39
PlayerID: 76561198236214364 Name: ivan.grishonkov Character: ivan.grishonkov Ping: 351

???M ????
???M ????
???M ????
END with Players:
???M ????
???M ????
???M ????
???M ????
???M ????
???M ????
???M ????
???M ????
???M ????
???M ????
???M ????
???M ????
???M ????
???M ????
Connecting: PlayerID: 76561198198481426 Name: JasonVH Character: JasonVH

???M ????
???M ????
???M ????
Client has executed command "players"

TimerTerminateCommand.Enabled with Players:
Players:
PlayerID: 76561198280617288 Name: Незнаю какой придумать Character: Пипр Ping: 39
PlayerID: 76561198140053978 Name: 7_AleX_3 Character: 7_AleX_3 Ping: 39
PlayerID: 76561198303283372 Name: PeR4IK Character: данил Ping: 140
PlayerID: 76561198391121800 Name: Джеимс Вурхиз Character: Джеимс Вурхиз Ping: 39
PlayerID: 76561198322193999 Name: ™_Game®_™ Character: Карл Иванович Ping: 54
PlayerID: 76561198324996335 Name: Mуждей щи Мамалыга Character: []Max[] Ping: 93
PlayerID: 76561198341672556 Name: st.vladir Character: st.vladir Ping: 148
PlayerID: 76561198084181376 Name: я слижу завами Character: H0MYak Ping: 15
PlayerID: 76561198292543416 Name: Mr_GiladKing Character: GamerYT Ping: 54
PlayerID: 76561198236214364 Name: ivan.grishonkov Character: ivan.grishonkov Ping: 281
PlayerID: 76561198198481426 Name: JasonVH Character: JasonVH Ping: 0

???M ????
???M ????
???M ????
END with Players:
???M ????
???M ????
???M ????
???M ????
???M ????
???M ????
???M ????
???M ????
???M ????
???M ????
???M ????
Connecting: PlayerID: 76561198314638573 Name: UDODMEN Character: udodmen

???M ????
???M ????
???M ????
???M ????
???M ????
???M ????
Client has executed command "players"

TimerTerminateCommand.Enabled with Players:
Players:
PlayerID: 76561198280617288 Name: Незнаю какой придумать Character: Пипр Ping: 46
PlayerID: 76561198140053978 Name: 7_AleX_3 Character: 7_AleX_3 Ping: 31
PlayerID: 76561198303283372 Name: PeR4IK Character: данил Ping: 85
PlayerID: 76561198391121800 Name: Джеимс Вурхиз Character: Джеимс Вурхиз Ping: 39
PlayerID: 76561198322193999 Name: ™_Game®_™ Character: Карл Иванович Ping: 70
PlayerID: 76561198324996335 Name: Mуждей щи Мамалыга Character: []Max[] Ping: 109
PlayerID: 76561198341672556 Name: st.vladir Character: st.vladir Ping: 140
PlayerID: 76561198084181376 Name: я слижу завами Character: H0MYak Ping: 7
PlayerID: 76561198292543416 Name: Mr_GiladKing Character: GamerYT Ping: 78
PlayerID: 76561198236214364 Name: ivan.grishonkov Character: ivan.grishonkov Ping: 226
PlayerID: 76561198198481426 Name: JasonVH Character: JasonVH Ping: 78
PlayerID: 76561198314638573 Name: UDODMEN Character: udodmen Ping: 179

???M ????
???M ????
???M ????
END with Players:
???M ????
???M ????
???M ????
???M ????
???M ????
???M ????
???M ????
Не обработано: MessageAnnouncer >> Broadcast: vk.com/unturned_hgm - цены на премиум, VIP и другие услуги смотрите в группе!
MessageAnnouncer >> Broadcast: vk.com/unturned_hgm - цены на премиум, VIP и другие услуги смотрите в группе!

Не обработано: MessageAnnouncer >> vk.com/unturned_hgm - цены на премиум, VIP и другие услуги смотрите в группе!
MessageAnnouncer >> vk.com/unturned_hgm - цены на премиум, VIP и другие услуги смотрите в группе!

???M ????
???M ????
???M ????
[World] ivan.grishonkov [ivan.grishonkov]: "/p"

???M ????
???M ????
???M ????
???M ????
???M ????
Client has executed command "players"

TimerTerminateCommand.Enabled with Players:
Players:
PlayerID: 76561198280617288 Name: Незнаю какой придумать Character: Пипр Ping: 39
PlayerID: 76561198140053978 Name: 7_AleX_3 Character: 7_AleX_3 Ping: 31
PlayerID: 76561198303283372 Name: PeR4IK Character: данил Ping: 93
PlayerID: 76561198391121800 Name: Джеимс Вурхиз Character: Джеимс Вурхиз Ping: 31
PlayerID: 76561198322193999 Name: ™_Game®_™ Character: Карл Иванович Ping: 62
PlayerID: 76561198324996335 Name: Mуждей щи Мамалыга Character: []Max[] Ping: 109
PlayerID: 76561198341672556 Name: st.vladir Character: st.vladir Ping: 148
PlayerID: 76561198084181376 Name: я слижу завами Character: H0MYak Ping: 7
PlayerID: 76561198292543416 Name: Mr_GiladKing Character: GamerYT Ping: 54
PlayerID: 76561198236214364 Name: ivan.grishonkov Character: ivan.grishonkov Ping: 210
PlayerID: 76561198198481426 Name: JasonVH Character: JasonVH Ping: 70
PlayerID: 76561198314638573 Name: UDODMEN Character: udodmen Ping: 70

???M ????
???M ????
???M ????
END with Players:
???M ????
???M ????
???M ????
???M ????
???M ????
???M ????
???M ????
???M ????
???M ????
???M ????
???M ????
???M ????
???M ????
???M ????
???M ????
???M ????
???M ????
Client has executed command "players"

TimerTerminateCommand.Enabled with Players:
Players:
PlayerID: 76561198280617288 Name: Незнаю какой придумать Character: Пипр Ping: 46
PlayerID: 76561198140053978 Name: 7_AleX_3 Character: 7_AleX_3 Ping: 31
PlayerID: 76561198303283372 Name: PeR4IK Character: данил Ping: 78
PlayerID: 76561198391121800 Name: Джеимс Вурхиз Character: Джеимс Вурхиз Ping: 46
PlayerID: 76561198322193999 Name: ™_Game®_™ Character: Карл Иванович Ping: 46
PlayerID: 76561198324996335 Name: Mуждей щи Мамалыга Character: []Max[] Ping: 93
PlayerID: 76561198341672556 Name: st.vladir Character: st.vladir Ping: 148
PlayerID: 76561198084181376 Name: я слижу завами Character: H0MYak Ping: 7
PlayerID: 76561198292543416 Name: Mr_GiladKing Character: GamerYT Ping: 54
PlayerID: 76561198236214364 Name: ivan.grishonkov Character: ivan.grishonkov Ping: 195
PlayerID: 76561198198481426 Name: JasonVH Character: JasonVH Ping: 78
PlayerID: 76561198314638573 Name: UDODMEN Character: udodmen Ping: 78

???M ????
???M ????
???M ????
END with Players:
???M ????
???M ????
???M ????
???M ????
???M ????
???M ????
???M ????
???M ????
???M ????
???M ????
[World] st.vladir [st.vladir]: "да"

???M ????
???M ????
???M ????
???M ????
???M ????
???M ????
???M ????
Client has executed command "players"

TimerTerminateCommand.Enabled with Players:
Players:
PlayerID: 76561198280617288 Name: Незнаю какой придумать Character: Пипр Ping: 62
PlayerID: 76561198140053978 Name: 7_AleX_3 Character: 7_AleX_3 Ping: 31
PlayerID: 76561198303283372 Name: PeR4IK Character: данил Ping: 78
PlayerID: 76561198391121800 Name: Джеимс Вурхиз Character: Джеимс Вурхиз Ping: 46
PlayerID: 76561198322193999 Name: ™_Game®_™ Character: Карл Иванович Ping: 62
PlayerID: 76561198324996335 Name: Mуждей щи Мамалыга Character: []Max[] Ping: 101
PlayerID: 76561198341672556 Name: st.vladir Character: st.vladir Ping: 148
PlayerID: 76561198084181376 Name: я слижу завами Character: H0MYak Ping: 7
PlayerID: 76561198292543416 Name: Mr_GiladKing Character: GamerYT Ping: 39
PlayerID: 76561198236214364 Name: ivan.grishonkov Character: ivan.grishonkov Ping: 210
PlayerID: 76561198198481426 Name: JasonVH Character: JasonVH Ping: 70
PlayerID: 76561198314638573 Name: UDODMEN Character: udodmen Ping: 62

???M ????
???M ????
???M ????
END with Players:
???M ????
???M ????
???M ????
???M ????
???M ????
[World] ivan.grishonkov [ivan.grishonkov]: "всем привет"

???M ????
???M ????
???M ????
???M ????
Disconnecting: PlayerID: 76561198324996335 Name: Mуждей щи Мамалыга Character: []Max[]

???M ????
???M ????
???M ????
???M ????
???M ????
???M ????
???M ????
???M ????
Client has executed command "players"

TimerTerminateCommand.Enabled with Players:
Players:
PlayerID: 76561198280617288 Name: Незнаю какой придумать Character: Пипр Ping: 54
PlayerID: 76561198140053978 Name: 7_AleX_3 Character: 7_AleX_3 Ping: 31
PlayerID: 76561198303283372 Name: PeR4IK Character: данил Ping: 70

TimerTerminateCommand.Enabled with Players:
PlayerID: 76561198391121800 Name: Джеимс Вурхиз Character: Джеимс Вурхиз Ping: 31
PlayerID: 76561198322193999 Name: ™_Game®_™ Character: Карл Иванович Ping: 46
PlayerID: 76561198341672556 Name: st.vladir Character: st.vladir Ping: 140
PlayerID: 76561198084181376 Name: я слижу завами Character: H0MYak Ping: 0
PlayerID: 76561198292543416 Name: Mr_GiladKing Character: GamerYT Ping: 46
PlayerID: 76561198236214364 Name: ivan.grishonkov Character: ivan.grishonkov Ping: 203
PlayerID: 76561198198481426 Name: JasonVH Character: JasonVH Ping: 85
PlayerID: 76561198314638573 Name: UDODMEN Character: udodmen Ping: 62

???M ????
???M ????
???M ????
END with Players:
???M ????
???M ????
???M ????
???M ????
???M ????
???M ????
???M ????
Connecting: PlayerID: 76561198345771003 Name: reachelmayfield Character: mikey

???M ????
Disconnecting: PlayerID: 76561198391121800 Name: Джеимс Вурхиз Character: Джеимс Вурхиз

???M ????
[World] 7_AleX_3 [7_AleX_3]: "я щас"

???M ????
???M ????
???M ????
???M ????
???M ????
???M ????
???M ????
???M ????
Client has executed command "players"

TimerTerminateCommand.Enabled with Players:
Players:
PlayerID: 76561198280617288 Name: Незнаю какой придумать Character: Пипр Ping: 46
PlayerID: 76561198140053978 Name: 7_AleX_3 Character: 7_AleX_3 Ping: 39
PlayerID: 76561198303283372 Name: PeR4IK Character: данил Ping: 117
PlayerID: 76561198322193999 Name: ™_Game®_™ Character: Карл Иванович Ping: 85
PlayerID: 76561198341672556 Name: st.vladir Character: st.vladir Ping: 140
PlayerID: 76561198084181376 Name: я слижу завами Character: H0MYak Ping: 7
PlayerID: 76561198292543416 Name: Mr_GiladKing Character: GamerYT Ping: 46
PlayerID: 76561198236214364 Name: ivan.grishonkov Character: ivan.grishonkov Ping: 218
PlayerID: 76561198198481426 Name: JasonVH Character: JasonVH Ping: 78
PlayerID: 76561198314638573 Name: UDODMEN Character: udodmen Ping: 62
PlayerID: 76561198345771003 Name: reachelmayfield Character: mikey Ping: 187

???M ????
???M ????
???M ????
END with Players:
???M ????
???M ????
???M ????
[World] 7_AleX_3 [7_AleX_3]: "я на скорпион"

???M ????
???M ????
???M ????
???M ????
???M ????
???M ????
???M ????
???M ????
???M ????
???M ????
???M ????
[World] ivan.grishonkov [ivan.grishonkov]: "здесь есть голосовой чат"

???M ????
???M ????
???M ????
Client has executed command "players"

TimerTerminateCommand.Enabled with Players:
Players:
PlayerID: 76561198280617288 Name: Незнаю какой придумать Character: Пипр Ping: 46
PlayerID: 76561198140053978 Name: 7_AleX_3 Character: 7_AleX_3 Ping: 23
PlayerID: 76561198303283372 Name: PeR4IK Character: данил Ping: 62
PlayerID: 76561198322193999 Name: ™_Game®_™ Character: Карл Иванович Ping: 54
PlayerID: 76561198341672556 Name: st.vladir Character: st.vladir Ping: 132
PlayerID: 76561198084181376 Name: я слижу завами Character: H0MYak Ping: 0
PlayerID: 76561198292543416 Name: Mr_GiladKing Character: GamerYT Ping: 54
PlayerID: 76561198236214364 Name: ivan.grishonkov Character: ivan.grishonkov Ping: 187
PlayerID: 76561198198481426 Name: JasonVH Character: JasonVH Ping: 93
PlayerID: 76561198314638573 Name: UDODMEN Character: udodmen Ping: 62
PlayerID: 76561198345771003 Name: reachelmayfield Character: mikey Ping: 187

???M ????
???M ????
TimerTerminateCommand.Enabled with Players:
Disconnecting: PlayerID: 76561198322193999 Name: ™_Game®_™ Character: Карл Иванович

???M ????
TimerTerminateCommand.Enabled with Players:
[World] 7_AleX_3 [7_AleX_3]: "знаю"

TimerTerminateCommand.Enabled with Players:
[World] Пипр [Незнаю какой придумать]: "Да"

???M ????
???M ????
???M ????
???M ????
END with Players:
[World] Пипр [Незнаю какой придумать]: "Есть"

???M ????
???M ????
???M ????
???M ????
???M ????
Не обработано: MessageAnnouncer >> Broadcast: Наберите /kit claim, чтобы получить Claim Flag
MessageAnnouncer >> Broadcast: Наберите /kit claim, чтобы получить Claim Flag

Не обработано: MessageAnnouncer >> Наберите /kit claim, чтобы получить Claim Flag
MessageAnnouncer >> Наберите /kit claim, чтобы получить Claim Flag

???M ????
???M ????
???M ????
???M ????
???M ????
???M ????
[World] Пипр [Незнаю какой придумать]: "на alt нажми и говори"

???M ????
???M ????
Client has executed command "players"

TimerTerminateCommand.Enabled with Players:
Players:
PlayerID: 76561198280617288 Name: Незнаю какой придумать Character: Пипр Ping: 70
PlayerID: 76561198140053978 Name: 7_AleX_3 Character: 7_AleX_3 Ping: 31
PlayerID: 76561198303283372 Name: PeR4IK Character: данил Ping: 85
PlayerID: 76561198341672556 Name: st.vladir Character: st.vladir Ping: 132
PlayerID: 76561198084181376 Name: я слижу завами Character: H0MYak Ping: 7
PlayerID: 76561198292543416 Name: Mr_GiladKing Character: GamerYT Ping: 39
PlayerID: 76561198236214364 Name: ivan.grishonkov Character: ivan.grishonkov Ping: 226
PlayerID: 76561198198481426 Name: JasonVH Character: JasonVH Ping: 78
PlayerID: 76561198314638573 Name: UDODMEN Character: udodmen Ping: 70
PlayerID: 76561198345771003 Name: reachelmayfield Character: mikey Ping: 187

???M ????
TimerTerminateCommand.Enabled with Players:
Connecting: PlayerID: 76561198315594623 Name: lprneser Character: lprneser

???M ????
???M ????
???M ????
END with Players:
???M ????
[World] udodmen [UDODMEN]: "/home"

???M ????
???M ????
???M ????
???M ????
???M ????
???M ????
???M ????
???M ????
???M ????
???M ????
Не обработано: DeathMessagesRemastered >> Broadcast: mikey has been mauled by a zombie! 
DeathMessagesRemastered >> Broadcast: mikey has been mauled by a zombie! 

Не обработано: mikey [reachelmayfield] was mauled by a zombie!
mikey [reachelmayfield] was mauled by a zombie!

???M ????
???M ????
???M ????
???M ????
???M ????
Client has executed command "players"

TimerTerminateCommand.Enabled with Players:
Players:
PlayerID: 76561198280617288 Name: Незнаю какой придумать Character: Пипр Ping: 39
PlayerID: 76561198140053978 Name: 7_AleX_3 Character: 7_AleX_3 Ping: 31
PlayerID: 76561198303283372 Name: PeR4IK Character: данил Ping: 93
PlayerID: 76561198341672556 Name: st.vladir Character: st.vladir Ping: 132
PlayerID: 76561198084181376 Name: я слижу завами Character: H0MYak Ping: 0
PlayerID: 76561198292543416 Name: Mr_GiladKing Character: GamerYT Ping: 62
PlayerID: 76561198236214364 Name: ivan.grishonkov Character: ivan.grishonkov Ping: 210
PlayerID: 76561198198481426 Name: JasonVH Character: JasonVH Ping: 78
PlayerID: 76561198314638573 Name: UDODMEN Character: udodmen Ping: 62
PlayerID: 76561198345771003 Name: reachelmayfield Character: mikey Ping: 195
PlayerID: 76561198315594623 Name: lprneser Character: lprneser Ping: 171

???M ????
???M ????
???M ????
END with Players:
???M ????
???M ????
???M ????
???M ????
???M ????
???M ????
???M ????
???M ????
???M ????
???M ????
???M ????
???M ????
???M ????
???M ????
???M ????
???M ????
???M ????
Client has executed command "players"

TimerTerminateCommand.Enabled with Players:
Players:
PlayerID: 76561198280617288 Name: Незнаю какой придумать Character: Пипр Ping: 62
PlayerID: 76561198140053978 Name: 7_AleX_3 Character: 7_AleX_3 Ping: 31
PlayerID: 76561198303283372 Name: PeR4IK Character: данил Ping: 109
PlayerID: 76561198341672556 Name: st.vladir Character: st.vladir Ping: 148
PlayerID: 76561198084181376 Name: я слижу завами Character: H0MYak Ping: 15
PlayerID: 76561198292543416 Name: Mr_GiladKing Character: GamerYT Ping: 62
PlayerID: 76561198236214364 Name: ivan.grishonkov Character: ivan.grishonkov Ping: 242
PlayerID: 76561198198481426 Name: JasonVH Character: JasonVH Ping: 117
PlayerID: 76561198314638573 Name: UDODMEN Character: udodmen Ping: 70
PlayerID: 76561198345771003 Name: reachelmayfield Character: mikey Ping: 195
PlayerID: 76561198315594623 Name: lprneser Character: lprneser Ping: 164

???M ????
???M ????
???M ????
END with Players:
???M ????
???M ????
???M ????
???M ????
???M ????
???M ????
???M ????
???M ????
???M ????
???M ????
???M ????
???M ????
???M ????
???M ????
???M ????
???M ????
???M ????
Client has executed command "players"

TimerTerminateCommand.Enabled with Players:
Players:
PlayerID: 76561198280617288 Name: Незнаю какой придумать Character: Пипр Ping: 46
PlayerID: 76561198140053978 Name: 7_AleX_3 Character: 7_AleX_3 Ping: 31
PlayerID: 76561198303283372 Name: PeR4IK Character: данил Ping: 54
PlayerID: 76561198341672556 Name: st.vladir Character: st.vladir Ping: 156
PlayerID: 76561198084181376 Name: я слижу завами Character: H0MYak Ping: 15
PlayerID: 76561198292543416 Name: Mr_GiladKing Character: GamerYT Ping: 54
PlayerID: 76561198236214364 Name: ivan.grishonkov Character: ivan.grishonkov Ping: 273
PlayerID: 76561198198481426 Name: JasonVH Character: JasonVH Ping: 85
PlayerID: 76561198314638573 Name: UDODMEN Character: udodmen Ping: 62
PlayerID: 76561198345771003 Name: reachelmayfield Character: mikey Ping: 187
PlayerID: 76561198315594623 Name: lprneser Character: lprneser Ping: 164

???M ????
???M ????
???M ????
END with Players:
???M ????
???M ????
???M ????
???M ????
[World] lprneser [lprneser]: "/p"

???M ????
???M ????
???M ????
???M ????
???M ????
???M ????
???M ????
???M ????
???M ????
???M ????
???M ????
???M ????
???M ????
Client has executed command "players"

TimerTerminateCommand.Enabled with Players:
Players:
PlayerID: 76561198280617288 Name: Незнаю какой придумать Character: Пипр Ping: 46
PlayerID: 76561198140053978 Name: 7_AleX_3 Character: 7_AleX_3 Ping: 31
PlayerID: 76561198303283372 Name: PeR4IK Character: данил Ping: 93
PlayerID: 76561198341672556 Name: st.vladir Character: st.vladir Ping: 148
PlayerID: 76561198084181376 Name: я слижу завами Character: H0MYak Ping: 7
PlayerID: 76561198292543416 Name: Mr_GiladKing Character: GamerYT Ping: 46
PlayerID: 76561198236214364 Name: ivan.grishonkov Character: ivan.grishonkov Ping: 195
PlayerID: 76561198198481426 Name: JasonVH Character: JasonVH Ping: 78
PlayerID: 76561198314638573 Name: UDODMEN Character: udodmen Ping: 62
PlayerID: 76561198345771003 Name: reachelmayfield Character: mikey Ping: 210
PlayerID: 76561198315594623 Name: lprneser Character: lprneser Ping: 148

???M ????
???M ????
???M ????
TimerTerminateCommand.Enabled with Players:
[World] mikey [reachelmayfield]: "team?"

???M ????
???M ????
???M ????
END with Players:
???M ????
???M ????
???M ????
[World] lprneser [lprneser]: "okey"

???M ????
???M ????
???M ????
???M ????
???M ????
???M ????
[World] lprneser [lprneser]: "lets go"

???M ????
???M ????
???M ????
???M ????
???M ????
Client has executed command "players"

TimerTerminateCommand.Enabled with Players:
Players:
PlayerID: 76561198280617288 Name: Незнаю какой придумать Character: Пипр Ping: 46
PlayerID: 76561198140053978 Name: 7_AleX_3 Character: 7_AleX_3 Ping: 31
PlayerID: 76561198303283372 Name: PeR4IK Character: данил Ping: 70
PlayerID: 76561198341672556 Name: st.vladir Character: st.vladir Ping: 132
PlayerID: 76561198084181376 Name: я слижу завами Character: H0MYak Ping: 0
PlayerID: 76561198292543416 Name: Mr_GiladKing Character: GamerYT Ping: 62
PlayerID: 76561198236214364 Name: ivan.grishonkov Character: ivan.grishonkov Ping: 234
PlayerID: 76561198198481426 Name: JasonVH Character: JasonVH Ping: 85
PlayerID: 76561198314638573 Name: UDODMEN Character: udodmen Ping: 70
PlayerID: 76561198345771003 Name: reachelmayfield Character: mikey Ping: 195
PlayerID: 76561198315594623 Name: lprneser Character: lprneser Ping: 164

???M ????
???M ????
???M ????
END with Players:
???M ????
???M ????
???M ????
???M ????
???M ????
???M ????
???M ????
Disconnecting: PlayerID: 76561198315594623 Name: lprneser Character: lprneser

???M ????
???M ????
Не обработано: MessageAnnouncer >> Broadcast: Если модератор ведёт себя неподобающе, пишите в группу или ЛС (vk.com/unturned_hgm, vk.com/hemulgm)
MessageAnnouncer >> Broadcast: Если модератор ведёт себя неподобающе, пишите в группу или ЛС (vk.com/unturned_hgm, vk.com/hemulgm)

Не обработано: MessageAnnouncer >> Если модератор ведёт себя неподобающе, пишите в группу или ЛС (vk.com/unturned_hgm, vk.com/hemulgm)
MessageAnnouncer >> Если модератор ведёт себя неподобающе, пишите в группу или ЛС (vk.com/unturned_hgm, vk.com/hemulgm)

???M ????
???M ????
[World] mikey [reachelmayfield]: "/kits"

???M ????
???M ????
???M ????
???M ????
???M ????
???M ????
Client has executed command "players"

TimerTerminateCommand.Enabled with Players:
Players:
PlayerID: 76561198280617288 Name: Незнаю какой придумать Character: Пипр Ping: 46
PlayerID: 76561198140053978 Name: 7_AleX_3 Character: 7_AleX_3 Ping: 31
PlayerID: 76561198303283372 Name: PeR4IK Character: данил Ping: 85
PlayerID: 76561198341672556 Name: st.vladir Character: st.vladir Ping: 140
PlayerID: 76561198084181376 Name: я слижу завами Character: H0MYak Ping: 23
PlayerID: 76561198292543416 Name: Mr_GiladKing Character: GamerYT Ping: 39
PlayerID: 76561198236214364 Name: ivan.grishonkov Character: ivan.grishonkov Ping: 203
PlayerID: 76561198198481426 Name: JasonVH Character: JasonVH Ping: 85
PlayerID: 76561198314638573 Name: UDODMEN Character: udodmen Ping: 70
PlayerID: 76561198345771003 Name: reachelmayfield Character: mikey Ping: 210

???M ????
???M ????
???M ????
END with Players:
???M ????
???M ????
???M ????
???M ????
???M ????
???M ????
???M ????
Connecting: PlayerID: 76561198123840535 Name: ?????? Character: top

???M ????
???M ????
???M ????
???M ????
???M ????
???M ????
???M ????
???M ????
???M ????
???M ????
Client has executed command "players"

TimerTerminateCommand.Enabled with Players:
Players:
PlayerID: 76561198280617288 Name: Незнаю какой придумать Character: Пипр Ping: 39
PlayerID: 76561198140053978 Name: 7_AleX_3 Character: 7_AleX_3 Ping: 31
PlayerID: 76561198303283372 Name: PeR4IK Character: данил Ping: 117
PlayerID: 76561198341672556 Name: st.vladir Character: st.vladir Ping: 140
PlayerID: 76561198084181376 Name: я слижу завами Character: H0MYak Ping: 0
PlayerID: 76561198292543416 Name: Mr_GiladKing Character: GamerYT Ping: 54
PlayerID: 76561198236214364 Name: ivan.grishonkov Character: ivan.grishonkov Ping: 218
PlayerID: 76561198198481426 Name: JasonVH Character: JasonVH Ping: 70
PlayerID: 76561198314638573 Name: UDODMEN Character: udodmen Ping: 70
PlayerID: 76561198345771003 Name: reachelmayfield Character: mikey Ping: 203
PlayerID: 76561198123840535 Name: ?????? Character: top Ping: 117

???M ????
???M ????
???M ????
END with Players:
???M ????
???M ????
???M ????
???M ????
???M ????
???M ????
???M ????
???M ????
???M ????
???M ????
???M ????
???M ????
???M ????
???M ????
???M ????
???M ????
???M ????
Client has executed command "players"

TimerTerminateCommand.Enabled with Players:
Players:
PlayerID: 76561198280617288 Name: Незнаю какой придумать Character: Пипр Ping: 62
PlayerID: 76561198140053978 Name: 7_AleX_3 Character: 7_AleX_3 Ping: 31
PlayerID: 76561198303283372 Name: PeR4IK Character: данил Ping: 62
PlayerID: 76561198341672556 Name: st.vladir Character: st.vladir Ping: 132
PlayerID: 76561198084181376 Name: я слижу завами Character: H0MYak Ping: 7
PlayerID: 76561198292543416 Name: Mr_GiladKing Character: GamerYT Ping: 46
PlayerID: 76561198236214364 Name: ivan.grishonkov Character: ivan.grishonkov Ping: 203
PlayerID: 76561198198481426 Name: JasonVH Character: JasonVH Ping: 78
PlayerID: 76561198314638573 Name: UDODMEN Character: udodmen Ping: 62
PlayerID: 76561198345771003 Name: reachelmayfield Character: mikey Ping: 203
PlayerID: 76561198123840535 Name: ?????? Character: top Ping: 78

???M ????
TimerTerminateCommand.Enabled with Players:
[World] top [??????]: "всем привет"

???M ????
???M ????
???M ????
END with Players:
???M ????
[World] данил [PeR4IK]: "прив"

???M ????
???M ????
[World] mikey [reachelmayfield]: "/kits"

[World] Пипр [Незнаю какой придумать]: "Здрасте"

???M ????
???M ????
???M ????
???M ????
???M ????
???M ????
[World] ivan.grishonkov [ivan.grishonkov]: "привет"

???M ????
???M ????
???M ????
[World] mikey [reachelmayfield]: "/kits"

???M ????
???M ????
???M ????
???M ????
Client has executed command "players"

TimerTerminateCommand.Enabled with Players:
Players:
PlayerID: 76561198280617288 Name: Незнаю какой придумать Character: Пипр Ping: 31
PlayerID: 76561198140053978 Name: 7_AleX_3 Character: 7_AleX_3 Ping: 31
PlayerID: 76561198303283372 Name: PeR4IK Character: данил Ping: 70
PlayerID: 76561198341672556 Name: st.vladir Character: st.vladir Ping: 148
PlayerID: 76561198084181376 Name: я слижу завами Character: H0MYak Ping: 15
PlayerID: 76561198292543416 Name: Mr_GiladKing Character: GamerYT Ping: 54
PlayerID: 76561198236214364 Name: ivan.grishonkov Character: ivan.grishonkov Ping: 195
PlayerID: 76561198198481426 Name: JasonVH Character: JasonVH Ping: 78
PlayerID: 76561198314638573 Name: UDODMEN Character: udodmen Ping: 78
PlayerID: 76561198345771003 Name: reachelmayfield Character: mikey Ping: 203
PlayerID: 76561198123840535 Name: ?????? Character: top Ping: 140

???M ????
???M ????
???M ????
END with Players:
???M ????
[World] top [??????]: "кто возле такомы"

???M ????
???M ????
???M ????
???M ????
???M ????
???M ????
???M ????
[World] Пипр [Незнаю какой придумать]: "Ну я"

???M ????
???M ????
???M ????
???M ????
[World] top [??????]: "тп"

???M ????
[World] mikey [reachelmayfield]: "/kit claim"

???M ????
???M ????
???M ????
???M ????
Client has executed command "players"

TimerTerminateCommand.Enabled with Players:
Players:
PlayerID: 76561198280617288 Name: Незнаю какой придумать Character: Пипр Ping: 39
PlayerID: 76561198140053978 Name: 7_AleX_3 Character: 7_AleX_3 Ping: 31
PlayerID: 76561198303283372 Name: PeR4IK Character: данил Ping: 85
PlayerID: 76561198341672556 Name: st.vladir Character: st.vladir Ping: 148
PlayerID: 76561198084181376 Name: я слижу завами Character: H0MYak Ping: 15
PlayerID: 76561198292543416 Name: Mr_GiladKing Character: GamerYT Ping: 54
PlayerID: 76561198236214364 Name: ivan.grishonkov Character: ivan.grishonkov Ping: 195
PlayerID: 76561198198481426 Name: JasonVH Character: JasonVH Ping: 70
PlayerID: 76561198314638573 Name: UDODMEN Character: udodmen Ping: 70
PlayerID: 76561198345771003 Name: reachelmayfield Character: mikey Ping: 203
PlayerID: 76561198123840535 Name: ?????? Character: top Ping: 93

???M ????
???M ????
???M ????
END with Players:
???M ????
???M ????
[World] top [??????]: "/tpa пипр"

???M ????
[World] Пипр [Незнаю какой придумать]: "/tpa a"

???M ????
???M ????
???M ????
???M ????
???M ????
???M ????
???M ????
???M ????
???M ????
???M ????
???M ????
???M ????
???M ????
???M ????
Client has executed command "players"

TimerTerminateCommand.Enabled with Players:
Players:
PlayerID: 76561198280617288 Name: Незнаю какой придумать Character: Пипр Ping: 39
PlayerID: 76561198140053978 Name: 7_AleX_3 Character: 7_AleX_3 Ping: 31
PlayerID: 76561198303283372 Name: PeR4IK Character: данил Ping: 273
PlayerID: 76561198341672556 Name: st.vladir Character: st.vladir Ping: 156
PlayerID: 76561198084181376 Name: я слижу завами Character: H0MYak Ping: 15
PlayerID: 76561198292543416 Name: Mr_GiladKing Character: GamerYT Ping: 62
PlayerID: 76561198236214364 Name: ivan.grishonkov Character: ivan.grishonkov Ping: 226
PlayerID: 76561198198481426 Name: JasonVH Character: JasonVH Ping: 62
PlayerID: 76561198314638573 Name: UDODMEN Character: udodmen Ping: 62
PlayerID: 76561198345771003 Name: reachelmayfield Character: mikey Ping: 195
PlayerID: 76561198123840535 Name: ?????? Character: top Ping: 148

???M ????
???M ????
???M ????
END with Players:
???M ????
???M ????
Не обработано: VehicleEvents >> Broadcast: Брошенный синий седан в Rainbridge Island! Найди его и он твой!
VehicleEvents >> Broadcast: Брошенный синий седан в Rainbridge Island! Найди его и он твой!

???M ????
???M ????
???M ????
