Не обработано: RocketRcon v2.4.8.0
RocketRcon v2.4.8.0

Client has executed command "players"

TimerTerminateCommand.Enabled with Players:
Players:
PlayerID: 76561198309008539 Name: NOOO-SENPAI... Character: Сенпай Ping: 31
PlayerID: 76561198123840535 Name: ?????? Character: top Ping: 93
PlayerID: 76561198151655003 Name: HemulGM Character: HemulGM Ping: 7
PlayerID: 76561198297629847 Name: VeZuN4iK Character: DeN Ping: 46
PlayerID: 76561198147477828 Name: galbatsovmikail Character: galbatsovmikail Ping: 78
PlayerID: 76561198390219785 Name: emokacper110 Character: emokacper110 Ping: 156
PlayerID: 76561198366549870 Name: Expert13372284200 Character: Expert1337 Ping: 140
PlayerID: 76561198376416045 Name: xitrfaratez Character: xitrfaratez Ping: 85
PlayerID: 76561198292678291 Name: WayRaX Character: s1mple Ping: 54
PlayerID: 76561198341646391 Name: bazanova-t Character: Подрывник Ping: 39

TimerTerminateCommand.Enabled with Players:
[World] s1mple [WayRaX]: "пока"

TimerTerminateCommand.Enabled with Players:
[World] Подрывник [bazanova-t]: "Дратути all"

TimerTerminateCommand.Enabled with Players:
Client has executed command "syaa "Z[\]^_`abcdefghijklmn""

END with Players:
Client has executed command "bans"

TimerTerminateCommand.Enabled with Bans:
Bans:
PlayerID: 76561198274427357
JudgeID: 0
Reason: you were vote kicked Duration: 180 Remaining: 4294311405

END with Bans:
Disconnecting: PlayerID: 76561198292678291 Name: WayRaX Character: s1mple

Client has executed command "syaa "Z[\]^_`abcdefghijklmn""

Client has executed command "players"

TimerTerminateCommand.Enabled with Players:
Players:
PlayerID: 76561198309008539 Name: NOOO-SENPAI... Character: Сенпай Ping: 31
PlayerID: 76561198123840535 Name: ?????? Character: top Ping: 109
PlayerID: 76561198151655003 Name: HemulGM Character: HemulGM Ping: 7
PlayerID: 76561198297629847 Name: VeZuN4iK Character: DeN Ping: 62
PlayerID: 76561198147477828 Name: galbatsovmikail Character: galbatsovmikail Ping: 39
PlayerID: 76561198390219785 Name: emokacper110 Character: emokacper110 Ping: 171
PlayerID: 76561198366549870 Name: Expert13372284200 Character: Expert1337 Ping: 140
PlayerID: 76561198376416045 Name: xitrfaratez Character: xitrfaratez Ping: 85
PlayerID: 76561198341646391 Name: bazanova-t Character: Подрывник Ping: 31

TimerTerminateCommand.Enabled with Players:
[World] Подрывник [bazanova-t]: "Охотник на вилианов здесь1"

