Не обработано: RocketRcon v2.4.8.0
RocketRcon v2.4.8.0

Client has executed command "players"

TimerTerminateCommand.Enabled with Players:
Players:
PlayerID: 76561198152466685 Name: Blaster006 Character: Blaster006 Ping: 56
PlayerID: 76561198329269141 Name: Iliyas Character: Iliyas Ping: 113
PlayerID: 76561198130825409 Name: ya.maksim51 Character: ya.maksim51 Ping: 49
PlayerID: 76561198340683253 Name: mitin7373 Character: mitin7373 Ping: 89
PlayerID: 76561198336822099 Name: #Strike »NumbeR ???« Character: EinzOulGaun Ping: 47
PlayerID: 76561198278360341 Name: AcademeG Character: AcademeG Ping: 87
PlayerID: 76561198177412437 Name: korak Character: korak Ping: 165
PlayerID: 76561198232631228 Name: alex115 Character: Charles o"brien Ping: 155
PlayerID: 76561198326805567 Name: adel_babaev_99 Character: adel_babaev_99 Ping: 82
PlayerID: 76561198188791818 Name: no Character: P1rate Ping: 37
PlayerID: 76561198087989905 Name: Nick_Zaporozhets Character: Nick_Zaporozhets Ping: 30
PlayerID: 76561198268161521 Name: DOMIK Character: Listiger_wolf2 Ping: 54
PlayerID: 76561198364457906 Name: Санчоус1337 Character: zobnin.337 Ping: 91

TimerTerminateCommand.Enabled with Players:
[World] Listiger_wolf2 [DOMIK]: "У КОГО ЕСТЬ ПРОТИВОГАЗ?"

END with Players:
Client has executed command "bans"

TimerTerminateCommand.Enabled with Bans:
Bans:
PlayerID: 76561198274427357
JudgeID: 0
Reason: you were vote kicked Duration: 180 Remaining: 4294119038

END with Bans:
Disconnecting: PlayerID: 76561198364457906 Name: Санчоус1337 Character: zobnin.337

[World] adel_babaev_99 [adel_babaev_99]: "/tpa lliyas"

[Area] EinzOulGaun [#Strike »NumbeR ???«]: "ну ладно поапрбую покрафтить что то"

Client has executed command "players"

TimerTerminateCommand.Enabled with Players:
Players:
PlayerID: 76561198152466685 Name: Blaster006 Character: Blaster006 Ping: 60
PlayerID: 76561198329269141 Name: Iliyas Character: Iliyas Ping: 95
PlayerID: 76561198130825409 Name: ya.maksim51 Character: ya.maksim51 Ping: 81
PlayerID: 76561198340683253 Name: mitin7373 Character: mitin7373 Ping: 81
PlayerID: 76561198336822099 Name: #Strike »NumbeR ???« Character: EinzOulGaun Ping: 51
PlayerID: 76561198278360341 Name: AcademeG Character: AcademeG Ping: 79
PlayerID: 76561198177412437 Name: korak Character: korak Ping: 186
PlayerID: 76561198232631228 Name: alex115 Character: Charles o"brien Ping: 159
PlayerID: 76561198326805567 Name: adel_babaev_99 Character: adel_babaev_99 Ping: 64
PlayerID: 76561198188791818 Name: no Character: P1rate Ping: 35
PlayerID: 76561198087989905 Name: Nick_Zaporozhets Character: Nick_Zaporozhets Ping: 86
PlayerID: 76561198268161521 Name: DOMIK Character: Listiger_wolf2 Ping: 58

END with Players:
Client has executed command "bans"

TimerTerminateCommand.Enabled with Bans:
Bans:
PlayerID: 76561198274427357
JudgeID: 0
Reason: you were vote kicked Duration: 180 Remaining: 4294119019

END with Bans:
Disconnecting: PlayerID: 76561198268161521 Name: DOMIK Character: Listiger_wolf2

[Area] EinzOulGaun [#Strike »NumbeR ???«]: "не чё да если я здесь деревья повырубаю"

[World] adel_babaev_99 [adel_babaev_99]: "/tpa lis"

Client has executed command "players"

TimerTerminateCommand.Enabled with Players:
Players:
PlayerID: 76561198152466685 Name: Blaster006 Character: Blaster006 Ping: 64
PlayerID: 76561198329269141 Name: Iliyas Character: Iliyas Ping: 95
PlayerID: 76561198130825409 Name: ya.maksim51 Character: ya.maksim51 Ping: 69
PlayerID: 76561198340683253 Name: mitin7373 Character: mitin7373 Ping: 69
PlayerID: 76561198336822099 Name: #Strike »NumbeR ???« Character: EinzOulGaun Ping: 49
PlayerID: 76561198278360341 Name: AcademeG Character: AcademeG Ping: 81
PlayerID: 76561198177412437 Name: korak Character: korak Ping: 200
PlayerID: 76561198232631228 Name: alex115 Character: Charles o"brien Ping: 159
PlayerID: 76561198326805567 Name: adel_babaev_99 Character: adel_babaev_99 Ping: 72
PlayerID: 76561198188791818 Name: no Character: P1rate Ping: 26
PlayerID: 76561198087989905 Name: Nick_Zaporozhets Character: Nick_Zaporozhets Ping: 48

END with Players:
Client has executed command "bans"

TimerTerminateCommand.Enabled with Bans:
Bans:
PlayerID: 76561198274427357
JudgeID: 0
Reason: you were vote kicked Duration: 180 Remaining: 4294118999

END with Bans:
[World] Iliyas [Iliyas]: "Вырубай"

[Area] EinzOulGaun [#Strike »NumbeR ???«]: "спс"

[World] Iliyas [Iliyas]: "Они всёрвно вырастут"

Client has executed command "players"

TimerTerminateCommand.Enabled with Players:
Players:
PlayerID: 76561198152466685 Name: Blaster006 Character: Blaster006 Ping: 62
PlayerID: 76561198329269141 Name: Iliyas Character: Iliyas Ping: 90
PlayerID: 76561198130825409 Name: ya.maksim51 Character: ya.maksim51 Ping: 67
PlayerID: 76561198340683253 Name: mitin7373 Character: mitin7373 Ping: 85
PlayerID: 76561198336822099 Name: #Strike »NumbeR ???« Character: EinzOulGaun Ping: 52
PlayerID: 76561198278360341 Name: AcademeG Character: AcademeG Ping: 83
PlayerID: 76561198177412437 Name: korak Character: korak Ping: 202
PlayerID: 76561198232631228 Name: alex115 Character: Charles o"brien Ping: 159
PlayerID: 76561198326805567 Name: adel_babaev_99 Character: adel_babaev_99 Ping: 93
PlayerID: 76561198188791818 Name: no Character: P1rate Ping: 36
PlayerID: 76561198087989905 Name: Nick_Zaporozhets Character: Nick_Zaporozhets Ping: 44

END with Players:
Client has executed command "bans"

TimerTerminateCommand.Enabled with Bans:
Bans:
PlayerID: 76561198274427357
JudgeID: 0
Reason: you were vote kicked Duration: 180 Remaining: 4294118979

END with Bans:
Не обработано: DeathMessagesRemastered >> Broadcast: Nick_Zaporozhets has been mauled by a zombie! 
DeathMessagesRemastered >> Broadcast: Nick_Zaporozhets has been mauled by a zombie! 

Не обработано: Nick_Zaporozhets [Nick_Zaporozhets] was mauled by a zombie!
Nick_Zaporozhets [Nick_Zaporozhets] was mauled by a zombie!

[World] Iliyas [Iliyas]: "Стой"

[World] Iliyas [Iliyas]: "Палки не подбирай"

Client has executed command "players"

TimerTerminateCommand.Enabled with Players:
Players:
PlayerID: 76561198152466685 Name: Blaster006 Character: Blaster006 Ping: 58
PlayerID: 76561198329269141 Name: Iliyas Character: Iliyas Ping: 91
PlayerID: 76561198130825409 Name: ya.maksim51 Character: ya.maksim51 Ping: 68
PlayerID: 76561198340683253 Name: mitin7373 Character: mitin7373 Ping: 76
PlayerID: 76561198336822099 Name: #Strike »NumbeR ???« Character: EinzOulGaun Ping: 46
PlayerID: 76561198278360341 Name: AcademeG Character: AcademeG Ping: 81
PlayerID: 76561198177412437 Name: korak Character: korak Ping: 202
PlayerID: 76561198232631228 Name: alex115 Character: Charles o"brien Ping: 159
PlayerID: 76561198326805567 Name: adel_babaev_99 Character: adel_babaev_99 Ping: 71
PlayerID: 76561198188791818 Name: no Character: P1rate Ping: 37
PlayerID: 76561198087989905 Name: Nick_Zaporozhets Character: Nick_Zaporozhets Ping: 45

END with Players:
Client has executed command "bans"

TimerTerminateCommand.Enabled with Bans:
Bans:
PlayerID: 76561198274427357
JudgeID: 0
Reason: you were vote kicked Duration: 180 Remaining: 4294118959

END with Bans:
[Area] EinzOulGaun [#Strike »NumbeR ???«]: "почему?"

Не обработано: DeathMessagesRemastered >> Broadcast: ya.maksim51 has been mauled by a zombie! 
DeathMessagesRemastered >> Broadcast: ya.maksim51 has been mauled by a zombie! 

Не обработано: ya.maksim51 [ya.maksim51] was mauled by a zombie!
ya.maksim51 [ya.maksim51] was mauled by a zombie!

[World] Iliyas [Iliyas]: "Они тебя пока что не понадобятся"

Не обработано: MessageAnnouncer >> Broadcast: Внимание! PvP-режим по субботам! PvP-режим!!!
MessageAnnouncer >> Broadcast: Внимание! PvP-режим по субботам! PvP-режим!!!

Не обработано: MessageAnnouncer >> Внимание! PvP-режим по субботам! PvP-режим!!!
MessageAnnouncer >> Внимание! PvP-режим по субботам! PvP-режим!!!

[Area] EinzOulGaun [#Strike »NumbeR ???«]: "ааа спасибр"

Client has executed command "players"

TimerTerminateCommand.Enabled with Players:
Players:
PlayerID: 76561198152466685 Name: Blaster006 Character: Blaster006 Ping: 62
PlayerID: 76561198329269141 Name: Iliyas Character: Iliyas Ping: 81
PlayerID: 76561198130825409 Name: ya.maksim51 Character: ya.maksim51 Ping: 77
PlayerID: 76561198340683253 Name: mitin7373 Character: mitin7373 Ping: 247
PlayerID: 76561198336822099 Name: #Strike »NumbeR ???« Character: EinzOulGaun Ping: 40
PlayerID: 76561198278360341 Name: AcademeG Character: AcademeG Ping: 79
PlayerID: 76561198177412437 Name: korak Character: korak Ping: 176
PlayerID: 76561198232631228 Name: alex115 Character: Charles o"brien Ping: 155
PlayerID: 76561198326805567 Name: adel_babaev_99 Character: adel_babaev_99 Ping: 72
PlayerID: 76561198188791818 Name: no Character: P1rate Ping: 45
PlayerID: 76561198087989905 Name: Nick_Zaporozhets Character: Nick_Zaporozhets Ping: 27

TimerTerminateCommand.Enabled with Players:
[Area] EinzOulGaun [#Strike »NumbeR ???«]: "спасибо"

END with Players:
Client has executed command "bans"

TimerTerminateCommand.Enabled with Bans:
Bans:
PlayerID: 76561198274427357
JudgeID: 0
Reason: you were vote kicked Duration: 180 Remaining: 4294118938

END with Bans:
[World] Nick_Zaporozhets [Nick_Zaporozhets]: "/tpa P1rate"

[World] P1rate [no]: "/tpa accept"

[World] ya.maksim51 [ya.maksim51]: "/tpa mit"

