Не обработано: RocketRcon v2.4.8.0
RocketRcon v2.4.8.0

END with Players:
TimerTerminateCommand.Enabled with Bans:
Client has executed command "players"
Players:
PlayerID: 76561198366549870 Name: Expert13372284200 Character: Expert1337 Ping: 125
Client has executed command "bans"
Bans:
PlayerID: 123123
JudgeID: 0
Reason: unspecified Duration: 31536000 Remaining: 31309010
PlayerID: 123
JudgeID: 0
Reason: durila Duration: 4000 Remaining: 4294744804
PlayerID: 76561198274427357
JudgeID: 0
Reason: you were vote kicked Duration: 180 Remaining: 4294773177

END with Bans:
Client has executed command "players"

TimerTerminateCommand.Enabled with Players:
Players:
PlayerID: 76561198366549870 Name: Expert13372284200 Character: Expert1337 Ping: 125

TimerTerminateCommand.Enabled with Players:
Connecting: PlayerID: 76561198346009739 Name: СпЕкТоР Character: Николай Белый

END with Players:
Client has executed command "players"

TimerTerminateCommand.Enabled with Players:
Players:
PlayerID: 76561198366549870 Name: Expert13372284200 Character: Expert1337 Ping: 132
PlayerID: 76561198346009739 Name: СпЕкТоР Character: Николай Белый Ping: 437

Не обработано: PlayerInfoLib >> No expired player info records found for this batch.
TimerTerminateCommand.Enabled with Players:
PlayerInfoLib >> No expired player info records found for this batch.

END with Players:
Client has executed command "players"

TimerTerminateCommand.Enabled with Players:
Players:
PlayerID: 76561198366549870 Name: Expert13372284200 Character: Expert1337 Ping: 117
PlayerID: 76561198346009739 Name: СпЕкТоР Character: Николай Белый Ping: 39

END with Players:
Не обработано: MessageAnnouncer >> Broadcast: vk.com/hemulgm - ЕДИНСТВЕННЫЙ администратор сервера
MessageAnnouncer >> Broadcast: vk.com/hemulgm - ЕДИНСТВЕННЫЙ администратор сервера

Не обработано: MessageAnnouncer >> vk.com/hemulgm - ЕДИНСТВЕННЫЙ администратор сервера
MessageAnnouncer >> vk.com/hemulgm - ЕДИНСТВЕННЫЙ администратор сервера

Client has executed command "players"

TimerTerminateCommand.Enabled with Players:
Players:
PlayerID: 76561198366549870 Name: Expert13372284200 Character: Expert1337 Ping: 125
PlayerID: 76561198346009739 Name: СпЕкТоР Character: Николай Белый Ping: 23

END with Players:
Client has executed command "say "Privet vsem""

[World] Expert1337 [Expert13372284200]: "ку"

Client has executed command "players"

TimerTerminateCommand.Enabled with Players:
Players:
PlayerID: 76561198366549870 Name: Expert13372284200 Character: Expert1337 Ping: 132
PlayerID: 76561198346009739 Name: СпЕкТоР Character: Николай Белый Ping: 31

END with Players:
[World] Николай Белый [СпЕкТоР]: "меня зарейдили бл"

Client has executed command "say "???M: ??????????""

Client has executed command "players"

TimerTerminateCommand.Enabled with Players:
Players:
PlayerID: 76561198366549870 Name: Expert13372284200 Character: Expert1337 Ping: 125
PlayerID: 76561198346009739 Name: СпЕкТоР Character: Николай Белый Ping: 23

TimerTerminateCommand.Enabled with Players:
[World] Николай Белый [СпЕкТоР]: "надоели уже третий раз !"

END with Players:
Client has executed command "players"

TimerTerminateCommand.Enabled with Players:
Players:
PlayerID: 76561198366549870 Name: Expert13372284200 Character: Expert1337 Ping: 140
PlayerID: 76561198346009739 Name: СпЕкТоР Character: Николай Белый Ping: 31

TimerTerminateCommand.Enabled with Players:
[World] Expert1337 [Expert13372284200]: "меня много раз рейдили и я ушел с того места"

END with Players:
Client has executed command "players"

TimerTerminateCommand.Enabled with Players:
Players:
PlayerID: 76561198366549870 Name: Expert13372284200 Character: Expert1337 Ping: 132
PlayerID: 76561198346009739 Name: СпЕкТоР Character: Николай Белый Ping: 23

END with Players:
Client has executed command "players"

TimerTerminateCommand.Enabled with Players:
Players:
PlayerID: 76561198366549870 Name: Expert13372284200 Character: Expert1337 Ping: 140
PlayerID: 76561198346009739 Name: СпЕкТоР Character: Николай Белый Ping: 23

END with Players:
Не обработано: MessageAnnouncer >> Broadcast: Используйте /report [ник], чтобы отправить жалобу на игрока
MessageAnnouncer >> Broadcast: Используйте /report [ник], чтобы отправить жалобу на игрока

Не обработано: MessageAnnouncer >> Используйте /report [ник], чтобы отправить жалобу на игрока
MessageAnnouncer >> Используйте /report [ник], чтобы отправить жалобу на игрока

Client has executed command "players"

TimerTerminateCommand.Enabled with Players:
Players:
PlayerID: 76561198366549870 Name: Expert13372284200 Character: Expert1337 Ping: 140
PlayerID: 76561198346009739 Name: СпЕкТоР Character: Николай Белый Ping: 31

END with Players:
