Не обработано: RocketRcon v2.4.8.0
RocketRcon v2.4.8.0

Client has executed command "players"

TimerTerminateCommand.Enabled with Players:
Players:
PlayerID: 76561198341997660 Name: Dimacvit1996 Character: Dimacvit1996 Ping: 62
PlayerID: 76561198305732269 Name: Owl Character: Owl Ping: 62
PlayerID: 76561198309008539 Name: NOOO-SENPAI... Character: Сенпай Ping: 31
PlayerID: 76561198123840535 Name: ?????? Character: top Ping: 85
PlayerID: 76561198151655003 Name: HemulGM Character: HemulGM Ping: 0
PlayerID: 76561198297629847 Name: VeZuN4iK Character: DeN Ping: 62
PlayerID: 76561198147477828 Name: galbatsovmikail Character: galbatsovmikail Ping: 54
PlayerID: 76561198390219785 Name: emokacper110 Character: emokacper110 Ping: 132
PlayerID: 76561198140053978 Name: 7_AleX_3 Character: 7_AleX_3 Ping: 31

END with Players:
Client has executed command "bans"

TimerTerminateCommand.Enabled with Bans:
Bans:
PlayerID: 76561198274427357
JudgeID: 0
Reason: you were vote kicked Duration: 180 Remaining: 4294312753

END with Bans:
[World] top [??????]: "/tpa a a,y"

Client has executed command "say "()*""

