Ќе обработано: RocketRcon v2.4.8.0
RocketRcon v2.4.8.0

Client has executed command "players"

TimerTerminateCommand.Enabled with Players:
Players:
PlayerID: 76561198300812301 Name: KiLeR00707 Character: KiLeR00707 Ping: 23
PlayerID: 76561198351213164 Name: _јхћеƒ_ Character: ¬инд€й ¬ечеслав Ping: 62
PlayerID: 76561198295801599 Name: Lo[x] Character: Lo[x] Ping: 54
PlayerID: 76561198176817369 Name: ?. Character: GlodiS Ping: 54
PlayerID: 76561198349642857 Name: хлеб228 Character: хлеб228 Ping: 156
PlayerID: 76561198056237987 Name: Calibrovshik Character: Calibrovshik Ping: 101

END with Players:
Client has executed command "players"

TimerTerminateCommand.Enabled with Players:
Players:
PlayerID: 76561198300812301 Name: KiLeR00707 Character: KiLeR00707 Ping: 7
PlayerID: 76561198351213164 Name: _јхћеƒ_ Character: ¬инд€й ¬ечеслав Ping: 101
PlayerID: 76561198295801599 Name: Lo[x] Character: Lo[x] Ping: 54
PlayerID: 76561198176817369 Name: ?. Character: GlodiS Ping: 54
PlayerID: 76561198349642857 Name: хлеб228 Character: хлеб228 Ping: 148
PlayerID: 76561198056237987 Name: Calibrovshik Character: Calibrovshik Ping: 132

END with Players:
Ќе обработано: MessageAnnouncer >> Broadcast: ƒобро пожаловать на HEMULGM.RU. “ут рады вам больше, чем на любом другом сервере!
MessageAnnouncer >> Broadcast: ƒобро пожаловать на HEMULGM.RU. “ут рады вам больше, чем на любом другом сервере!

Ќе обработано: MessageAnnouncer >> ƒобро пожаловать на HEMULGM.RU. “ут рады вам больше, чем на любом другом сервере!
MessageAnnouncer >> ƒобро пожаловать на HEMULGM.RU. “ут рады вам больше, чем на любом другом сервере!

Connecting: PlayerID: 76561198282625830 Name: Mafia Character: serj-goryn

Client has executed command "players"

TimerTerminateCommand.Enabled with Players:
Players:
PlayerID: 76561198300812301 Name: KiLeR00707 Character: KiLeR00707 Ping: 15
PlayerID: 76561198351213164 Name: _јхћеƒ_ Character: ¬инд€й ¬ечеслав Ping: 93
PlayerID: 76561198295801599 Name: Lo[x] Character: Lo[x] Ping: 39
PlayerID: 76561198176817369 Name: ?. Character: GlodiS Ping: 62
PlayerID: 76561198349642857 Name: хлеб228 Character: хлеб228 Ping: 140
PlayerID: 76561198056237987 Name: Calibrovshik Character: Calibrovshik Ping: 101
PlayerID: 76561198282625830 Name: Mafia Character: serj-goryn Ping: 117

END with Players:
Connecting: PlayerID: 76561198263636845 Name: matic Character: matic

Client has executed command "players"

TimerTerminateCommand.Enabled with Players:
Players:
PlayerID: 76561198300812301 Name: KiLeR00707 Character: KiLeR00707 Ping: 31
PlayerID: 76561198351213164 Name: _јхћеƒ_ Character: ¬инд€й ¬ечеслав Ping: 132
PlayerID: 76561198295801599 Name: Lo[x] Character: Lo[x] Ping: 54
PlayerID: 76561198176817369 Name: ?. Character: GlodiS Ping: 54
PlayerID: 76561198349642857 Name: хлеб228 Character: хлеб228 Ping: 132
PlayerID: 76561198056237987 Name: Calibrovshik Character: Calibrovshik Ping: 125
PlayerID: 76561198282625830 Name: Mafia Character: serj-goryn Ping: 140
PlayerID: 76561198263636845 Name: matic Character: matic Ping: 93

TimerTerminateCommand.Enabled with Players:
[World] KiLeR00707 [KiLeR00707]: "за взрыв чЄжой машины бан !"

END with Players:
Client has executed command "players"

TimerTerminateCommand.Enabled with Players:
Players:
PlayerID: 76561198300812301 Name: KiLeR00707 Character: KiLeR00707 Ping: 15
PlayerID: 76561198351213164 Name: _јхћеƒ_ Character: ¬инд€й ¬ечеслав Ping: 109
PlayerID: 76561198295801599 Name: Lo[x] Character: Lo[x] Ping: 46
PlayerID: 76561198176817369 Name: ?. Character: GlodiS Ping: 62
PlayerID: 76561198349642857 Name: хлеб228 Character: хлеб228 Ping: 140
PlayerID: 76561198056237987 Name: Calibrovshik Character: Calibrovshik Ping: 109
PlayerID: 76561198282625830 Name: Mafia Character: serj-goryn Ping: 140
PlayerID: 76561198263636845 Name: matic Character: matic Ping: 109

END with Players:
[Area] serj-goryn [Mafia]: "/kits"

[World] KiLeR00707 [KiLeR00707]: "венл€ндий ты щас бан получишь"

Client has executed command "players"

TimerTerminateCommand.Enabled with Players:
Players:
PlayerID: 76561198300812301 Name: KiLeR00707 Character: KiLeR00707 Ping: 15
PlayerID: 76561198351213164 Name: _јхћеƒ_ Character: ¬инд€й ¬ечеслав Ping: 78
PlayerID: 76561198295801599 Name: Lo[x] Character: Lo[x] Ping: 39
PlayerID: 76561198176817369 Name: ?. Character: GlodiS Ping: 62
PlayerID: 76561198349642857 Name: хлеб228 Character: хлеб228 Ping: 132
PlayerID: 76561198056237987 Name: Calibrovshik Character: Calibrovshik Ping: 93
PlayerID: 76561198282625830 Name: Mafia Character: serj-goryn Ping: 156
PlayerID: 76561198263636845 Name: matic Character: matic Ping: 93

END with Players:
[World] ¬инд€й ¬ечеслав [_јхћеƒ_]: "всЄ досвидос"

[World] ¬инд€й ¬ечеслав [_јхћеƒ_]: "будешь знать как лапать мои машины"

