28.07.2017 13:48:10: Полное лечение 76561198297456229
28.07.2017 13:48:10: Полное лечение 76561198296821721
28.07.2017 15:48:46: Вызван массовый Airdrop (x10)
28.07.2017 15:48:46: Successfully set airdrop!
28.07.2017 15:48:46: Successfully set airdrop!
28.07.2017 15:48:46: Successfully set airdrop!
28.07.2017 15:48:46: Successfully set airdrop!
28.07.2017 15:48:47: Successfully set airdrop!
28.07.2017 15:48:47: Successfully set airdrop!
28.07.2017 15:48:47: Successfully set airdrop!
28.07.2017 15:48:47: Successfully set airdrop!
28.07.2017 15:48:47: Successfully set airdrop!
28.07.2017 15:48:47: Successfully set airdrop!
28.07.2017 16:48:51: Полное лечение 76561198370069787
28.07.2017 16:48:51: Полное лечение 76561198297456229
28.07.2017 16:48:51: Полное лечение 76561198362984632
28.07.2017 16:48:51: Полное лечение 76561198401989153
28.07.2017 16:48:51: Полное лечение 76561198391626023
28.07.2017 16:48:51: Полное лечение 76561198193531966
28.07.2017 19:49:26: Полное лечение 76561198385399503
28.07.2017 19:49:26: Полное лечение 76561198406572551
28.07.2017 19:49:26: Полное лечение 76561198297629847
28.07.2017 19:49:26: Полное лечение 76561198394183723
28.07.2017 19:49:26: Полное лечение 76561198282184031
28.07.2017 19:49:26: Полное лечение 76561198262296580
28.07.2017 19:49:26: Полное лечение 76561198310890097
28.07.2017 19:49:26: Полное лечение 76561198364715076
28.07.2017 19:49:26: Полное лечение 76561198394673463
28.07.2017 19:49:26: Полное лечение 76561198387955069
28.07.2017 20:49:26: Вызван массовый Airdrop (x10)
28.07.2017 20:49:26: Successfully set airdrop!
28.07.2017 20:49:26: Successfully set airdrop!
28.07.2017 20:49:26: Successfully set airdrop!
28.07.2017 20:49:26: Successfully set airdrop!
28.07.2017 20:49:26: Successfully set airdrop!
28.07.2017 20:49:27: Successfully set airdrop!
28.07.2017 20:49:27: Successfully set airdrop!
28.07.2017 20:49:27: Successfully set airdrop!
28.07.2017 20:49:27: Successfully set airdrop!
28.07.2017 20:49:27: Successfully set airdrop!
28.07.2017 22:49:26: Полное лечение 76561198385399503
28.07.2017 22:49:26: Полное лечение 76561198406572551
29.07.2017 3:59:59: Вызван массовый Airdrop (x10)
29.07.2017 3:59:59: Successfully set airdrop!
29.07.2017 3:59:59: Successfully set airdrop!
29.07.2017 3:59:59: Successfully set airdrop!
29.07.2017 3:59:59: Successfully set airdrop!
29.07.2017 3:59:59: Successfully set airdrop!
29.07.2017 3:59:59: Successfully set airdrop!
29.07.2017 3:59:59: Successfully set airdrop!
29.07.2017 3:59:59: Successfully set airdrop!
29.07.2017 4:00:00: Successfully set airdrop!
29.07.2017 4:00:00: Successfully set airdrop!
29.07.2017 7:59:58: Вызван массовый Airdrop (x10)
29.07.2017 7:59:58: Successfully set airdrop!
29.07.2017 7:59:59: Successfully set airdrop!
29.07.2017 7:59:59: Successfully set airdrop!
29.07.2017 7:59:59: Successfully set airdrop!
29.07.2017 7:59:59: Successfully set airdrop!
29.07.2017 7:59:59: Successfully set airdrop!
29.07.2017 7:59:59: Successfully set airdrop!
29.07.2017 7:59:59: Successfully set airdrop!
29.07.2017 7:59:59: Successfully set airdrop!
29.07.2017 7:59:59: Successfully set airdrop!
29.07.2017 12:05:01: Вызван массовый Airdrop (x10)
29.07.2017 15:32:00: Successfully saved the game.
29.07.2017 15:38:20: Successfully gave hovermort 4 x1!
29.07.2017 15:40:46: Successfully gave hovermort 116 x1!
29.07.2017 15:41:48: Successfully gave hovermort 43 x1!
29.07.2017 15:45:15: Successfully gave hovermort 1377 x1!
29.07.2017 15:49:01: Successfully gave hovermort 4 x1!
29.07.2017 16:05:55: Вызван массовый Airdrop (x10)
29.07.2017 16:05:55: Successfully set airdrop!
29.07.2017 16:05:55: Successfully set airdrop!
29.07.2017 16:05:55: Successfully set airdrop!
29.07.2017 16:05:55: Successfully set airdrop!
29.07.2017 16:05:56: Successfully set airdrop!
29.07.2017 16:05:56: Successfully set airdrop!
29.07.2017 16:05:56: Successfully set airdrop!
29.07.2017 16:05:56: Successfully set airdrop!
29.07.2017 16:05:56: Successfully set airdrop!
29.07.2017 16:05:56: Successfully set airdrop!
29.07.2017 17:19:23: Successfully gave hovermort 116 x1!
29.07.2017 17:20:22: Successfully gave hovermort 116 x1!
29.07.2017 17:24:26: Successfully gave hovermort 1377 x1!
29.07.2017 17:28:47: Successfully gave hovermort 13!
29.07.2017 17:35:05: Successfully gave hovermort 334 x1!
29.07.2017 17:40:07: Successfully gave hovermort 369 x1!
29.07.2017 17:42:01: Successfully gave hovermort 1131 x1!
29.07.2017 17:42:42: Successfully gave hovermort 1131 x1!
29.07.2017 17:43:15: Successfully gave hovermort 1131 x1!
29.07.2017 17:44:10: Successfully gave hovermort 17 x1!
29.07.2017 17:45:07: Successfully gave hovermort 1131 x1!
29.07.2017 17:46:15: Successfully gave hovermort 17 x1!
29.07.2017 17:47:43: Successfully gave hovermort 1194 x1!
29.07.2017 17:49:01: Successfully gave hovermort 369 x1!
29.07.2017 17:49:43: Successfully gave hovermort 379 x1!
29.07.2017 20:06:15: Вызван массовый Airdrop (x10)
29.07.2017 20:06:15: Successfully set airdrop!
29.07.2017 20:06:15: Successfully set airdrop!
29.07.2017 20:06:15: Successfully set airdrop!
29.07.2017 20:06:15: Successfully set airdrop!
29.07.2017 20:06:15: Successfully set airdrop!
29.07.2017 20:06:15: Successfully set airdrop!
29.07.2017 20:06:16: Successfully set airdrop!
29.07.2017 20:06:16: Successfully set airdrop!
29.07.2017 20:06:16: Successfully set airdrop!
29.07.2017 20:06:16: Successfully set airdrop!
30.07.2017 4:59:59: Вызван массовый Airdrop (x10)
30.07.2017 4:59:59: Successfully set airdrop!
30.07.2017 4:59:59: Successfully set airdrop!
30.07.2017 4:59:59: Successfully set airdrop!
30.07.2017 4:59:59: Successfully set airdrop!
30.07.2017 4:59:59: Successfully set airdrop!
30.07.2017 4:59:59: Successfully set airdrop!
30.07.2017 4:59:59: Successfully set airdrop!
30.07.2017 4:59:59: Successfully set airdrop!
30.07.2017 4:59:59: Successfully set airdrop!
30.07.2017 5:00:00: Successfully set airdrop!
30.07.2017 6:11:47: Successfully set time to day!
30.07.2017 6:18:40: Successfully gave hovermort 369 x1!
30.07.2017 6:20:59: Successfully gave hovermort 132 x1!
30.07.2017 6:23:49: Successfully gave hovermort 55!
30.07.2017 7:11:52: Successfully gave hovermort 18 x1!
30.07.2017 7:12:25: Successfully gave hovermort 296 x1!
30.07.2017 7:13:52: Successfully gave hovermort 369 x1!
30.07.2017 7:14:32: Successfully gave hovermort 369 x1!
30.07.2017 7:15:09: Successfully gave hovermort 369 x1!
30.07.2017 7:15:44: Successfully gave hovermort 369 x1!
30.07.2017 7:16:27: Successfully gave hovermort 371 x1!
30.07.2017 7:17:16: Successfully gave hovermort 374 x1!
30.07.2017 7:18:43: Successfully gave hovermort 374 x1!
30.07.2017 7:21:03: Successfully gave hovermort 374 x1!
30.07.2017 7:22:11: Successfully gave hovermort 374 x1!
30.07.2017 7:22:46: Successfully gave hovermort 374 x1!
30.07.2017 7:23:18: Successfully gave hovermort 374 x1!
30.07.2017 7:23:52: Successfully gave hovermort 374 x1!
30.07.2017 7:24:29: Successfully gave hovermort 374 x2!
30.07.2017 7:25:05: Successfully gave hovermort 371 x6!
30.07.2017 7:26:01: Successfully gave hovermort 370 x1!
30.07.2017 7:26:31: Successfully gave hovermort 286 x1!
30.07.2017 7:27:30: Successfully gave hovermort 1243 x1!
30.07.2017 7:32:17: Successfully gave hovermort 53!
30.07.2017 7:46:51: Successfully gave hovermort 84!
30.07.2017 7:49:32: Successfully gave hovermort 133!
30.07.2017 7:50:33: Successfully set time to day!
30.07.2017 7:52:07: Successfully gave hovermort 96 x1!
30.07.2017 7:52:39: Successfully gave hovermort 95 x1!
30.07.2017 7:53:08: Successfully gave hovermort 44!
30.07.2017 7:54:42: Successfully gave hovermort 1132 x6!
30.07.2017 7:55:28: Successfully gave hovermort 1100 x4!
30.07.2017 7:56:02: Successfully gave hovermort 1240 x1!
30.07.2017 7:56:43: Successfully gave hovermort 1101 x1!
30.07.2017 7:57:55: Successfully gave hovermort 133!
30.07.2017 8:09:16: Successfully gave hovermort 231 x1!
30.07.2017 8:09:51: Successfully gave hovermort 237 x1!
30.07.2017 8:11:06: Successfully gave hovermort 4 x1!
30.07.2017 8:11:59: Successfully gave hovermort 77!
30.07.2017 8:13:26: Failed to find parameters in format [SteamID | Player]/[VehicleID].
30.07.2017 8:18:06: Successfully gave hovermort 116 x1!
30.07.2017 8:18:40: Successfully gave hovermort 116 x1!
30.07.2017 8:19:18: Successfully gave hovermort 132 x1!
30.07.2017 8:20:03: Successfully gave hovermort 17 x1!
30.07.2017 8:20:38: Successfully gave hovermort 17 x1!
30.07.2017 8:21:58: Successfully gave hovermort 310 x1!
30.07.2017 8:22:40: Successfully gave hovermort 310 x1!
30.07.2017 8:23:16: Successfully gave hovermort 1137 x1!
30.07.2017 8:23:46: Successfully gave hovermort 1173 x1!
30.07.2017 8:25:22: Successfully gave hovermort 238 x1!
30.07.2017 8:26:49: Successfully gave hovermort 379 x1!
30.07.2017 8:28:02: Successfully gave hovermort 1194 x1!
30.07.2017 8:29:12: Successfully gave hovermort 362 x1!
30.07.2017 8:29:23: Successfully set time to day!
30.07.2017 8:32:00: Successfully saved the game.
30.07.2017 9:00:01: Полное лечение 76561198330212465
30.07.2017 9:00:01: Полное лечение 76561198359535455
30.07.2017 9:00:01: Полное лечение 76561198213580945
30.07.2017 10:00:01: Вызван массовый Airdrop (x10)
30.07.2017 11:31:07: Вызван массовый Airdrop (x10)
30.07.2017 11:31:07: Successfully set airdrop!
30.07.2017 11:31:08: Successfully set airdrop!
30.07.2017 11:31:08: Successfully set airdrop!
30.07.2017 11:31:08: Successfully set airdrop!
30.07.2017 11:31:08: Successfully set airdrop!
30.07.2017 11:31:08: Successfully set airdrop!
30.07.2017 11:31:08: Successfully set airdrop!
30.07.2017 11:31:08: Successfully set airdrop!
30.07.2017 11:31:08: Successfully set airdrop!
30.07.2017 11:31:08: Successfully set airdrop!
30.07.2017 12:00:16: Полное лечение 76561198140053978
30.07.2017 12:00:16: Полное лечение 76561198308378369
30.07.2017 12:00:16: Полное лечение 76561198404885194
30.07.2017 12:42:11: Failed to find parameters in format [SteamID | Player]/[ItemID]/[Amount].
30.07.2017 12:42:45: Successfully gave hovermort 116 x1!
30.07.2017 12:44:37: Successfully gave hovermort 116 x1!
30.07.2017 12:45:36: Successfully gave hovermort 4 x1!
30.07.2017 12:47:03: Successfully gave hovermort 17 x1!
30.07.2017 12:53:09: Successfully gave hovermort 18 x1!
30.07.2017 12:55:22: Successfully gave hovermort 488 x1!
30.07.2017 15:00:54: Вызван массовый Airdrop (x10)
30.07.2017 15:00:54: Полное лечение 76561198380072991
30.07.2017 15:00:54: Полное лечение 76561198327443597
30.07.2017 15:00:54: Successfully set airdrop!
30.07.2017 15:00:54: Successfully set airdrop!
30.07.2017 15:00:54: Successfully set airdrop!
30.07.2017 15:00:54: Successfully set airdrop!
30.07.2017 15:00:54: Successfully set airdrop!
30.07.2017 15:00:54: Successfully set airdrop!
30.07.2017 15:00:55: Successfully set airdrop!
30.07.2017 15:00:55: Successfully set airdrop!
30.07.2017 15:00:55: Successfully set airdrop!
30.07.2017 15:00:55: Successfully set airdrop!
30.07.2017 18:00:58: Полное лечение 76561198297456229
30.07.2017 18:00:58: Полное лечение 76561198355959070
30.07.2017 18:00:58: Полное лечение 76561198294618708
30.07.2017 20:01:21: Вызван массовый Airdrop (x10)
30.07.2017 20:01:21: Successfully set airdrop!
30.07.2017 20:01:21: Successfully set airdrop!
30.07.2017 20:01:21: Successfully set airdrop!
30.07.2017 20:01:21: Successfully set airdrop!
30.07.2017 20:01:21: Successfully set airdrop!
30.07.2017 20:01:21: Successfully set airdrop!
30.07.2017 20:01:21: Successfully set airdrop!
30.07.2017 20:01:21: Successfully set airdrop!
30.07.2017 20:01:22: Successfully set airdrop!
30.07.2017 20:01:22: Successfully set airdrop!
30.07.2017 21:01:21: Полное лечение 76561198325813296
31.07.2017 4:59:58: Вызван массовый Airdrop (x10)
31.07.2017 4:59:58: Successfully set airdrop!
31.07.2017 4:59:59: Successfully set airdrop!
31.07.2017 4:59:59: Successfully set airdrop!
31.07.2017 4:59:59: Successfully set airdrop!
31.07.2017 4:59:59: Successfully set airdrop!
31.07.2017 4:59:59: Successfully set airdrop!
31.07.2017 4:59:59: Successfully set airdrop!
31.07.2017 4:59:59: Successfully set airdrop!
31.07.2017 4:59:59: Successfully set airdrop!
31.07.2017 4:59:59: Successfully set airdrop!
31.07.2017 10:00:13: Вызван массовый Airdrop (x10)
31.07.2017 10:00:13: Successfully set airdrop!
31.07.2017 10:00:13: Successfully set airdrop!
31.07.2017 10:00:13: Successfully set airdrop!
31.07.2017 10:00:14: Successfully set airdrop!
31.07.2017 10:00:14: Successfully set airdrop!
31.07.2017 10:00:14: Successfully set airdrop!
31.07.2017 10:00:14: Successfully set airdrop!
31.07.2017 10:00:14: Successfully set airdrop!
31.07.2017 10:00:14: Successfully set airdrop!
31.07.2017 10:00:14: Successfully set airdrop!
31.07.2017 12:00:50: Полное лечение 76561198297456229
31.07.2017 12:00:50: Полное лечение 76561198310973228
31.07.2017 14:08:27: Successfully set time to day!
31.07.2017 14:09:46: Successfully gave hovermort 4 x1!
31.07.2017 14:11:11: Successfully gave hovermort 4 x1!
31.07.2017 14:11:51: Successfully gave hovermort 166 x1!
31.07.2017 14:12:20: Failed to find parameters in format [SteamID | Player]/[VehicleID].
31.07.2017 14:12:48: Successfully gave hovermort 166 x1!
31.07.2017 14:13:37: Successfully gave hovermort 116 x1!
31.07.2017 14:13:59: Successfully gave hovermort 17!
31.07.2017 14:20:31: Successfully gave hovermort 133!
31.07.2017 14:21:36: Successfully gave hovermort 133!
31.07.2017 14:22:37: Successfully gave hovermort 133!
31.07.2017 14:24:10: Successfully gave hovermort 133!
31.07.2017 15:01:23: Вызван массовый Airdrop (x10)
31.07.2017 15:01:23: Полное лечение 76561198297456229
31.07.2017 15:01:23: Полное лечение 76561198370069787
31.07.2017 15:01:23: Полное лечение 76561198355959070
31.07.2017 15:01:23: Successfully set airdrop!
31.07.2017 15:01:23: Successfully set airdrop!
31.07.2017 15:01:23: Successfully set airdrop!
31.07.2017 15:01:23: Successfully set airdrop!
31.07.2017 15:01:23: Successfully set airdrop!
31.07.2017 15:01:23: Successfully set airdrop!
31.07.2017 15:01:24: Successfully set airdrop!
31.07.2017 15:01:24: Successfully set airdrop!
31.07.2017 15:01:24: Successfully set airdrop!
31.07.2017 15:01:24: Successfully set airdrop!
31.07.2017 18:02:00: Полное лечение 76561198361146653
31.07.2017 18:02:00: Полное лечение 76561198052876838
31.07.2017 18:02:00: Полное лечение 76561198310890097
31.07.2017 18:02:00: Полное лечение 76561198336674385
31.07.2017 20:02:19: Вызван массовый Airdrop (x10)
31.07.2017 20:02:19: Successfully set airdrop!
31.07.2017 20:02:19: Successfully set airdrop!
31.07.2017 20:02:19: Successfully set airdrop!
31.07.2017 20:02:19: Successfully set airdrop!
31.07.2017 20:02:19: Successfully set airdrop!
31.07.2017 20:02:19: Successfully set airdrop!
31.07.2017 20:02:19: Successfully set airdrop!
31.07.2017 20:02:19: Successfully set airdrop!
31.07.2017 20:02:20: Successfully set airdrop!
31.07.2017 20:02:20: Successfully set airdrop!
01.08.2017 5:00:18: Вызван массовый Airdrop (x10)
01.08.2017 5:00:18: Successfully set airdrop!
01.08.2017 5:00:19: Successfully set airdrop!
01.08.2017 5:00:19: Successfully set airdrop!
01.08.2017 5:00:19: Successfully set airdrop!
01.08.2017 5:00:19: Successfully set airdrop!
01.08.2017 5:00:19: Successfully set airdrop!
01.08.2017 5:00:19: Successfully set airdrop!
01.08.2017 5:00:19: Successfully set airdrop!
01.08.2017 5:00:19: Successfully set airdrop!
01.08.2017 5:00:19: Successfully set airdrop!
01.08.2017 10:00:42: Вызван массовый Airdrop (x10)
01.08.2017 10:00:42: Successfully set airdrop!
01.08.2017 10:00:42: Successfully set airdrop!
01.08.2017 10:00:42: Successfully set airdrop!
01.08.2017 10:00:43: Successfully set airdrop!
01.08.2017 10:00:43: Successfully set airdrop!
01.08.2017 10:00:43: Successfully set airdrop!
01.08.2017 10:00:43: Successfully set airdrop!
01.08.2017 10:00:43: Successfully set airdrop!
01.08.2017 10:00:43: Successfully set airdrop!
01.08.2017 10:00:43: Successfully set airdrop!
01.08.2017 12:00:56: Полное лечение 76561198310890097
01.08.2017 15:02:24: Вызван массовый Airdrop (x10)
01.08.2017 15:02:24: Полное лечение 76561198370069787
01.08.2017 15:02:24: Полное лечение 76561198294618708
01.08.2017 15:02:24: Полное лечение 76561198361146653
01.08.2017 15:02:24: Полное лечение 76561197972261763
01.08.2017 15:02:24: Полное лечение 76561198168976359
01.08.2017 15:02:24: Полное лечение 76561198297456229
01.08.2017 15:02:24: Полное лечение 76561198393884282
01.08.2017 15:02:24: Полное лечение 76561198027292728
01.08.2017 15:02:24: Полное лечение 76561198406572551
01.08.2017 15:02:24: Successfully set airdrop!
01.08.2017 15:02:24: Successfully set airdrop!
01.08.2017 15:02:24: Successfully set airdrop!
01.08.2017 15:02:25: Successfully set airdrop!
01.08.2017 15:02:25: Successfully set airdrop!
01.08.2017 15:02:25: Successfully set airdrop!
01.08.2017 15:02:25: Successfully set airdrop!
01.08.2017 15:02:25: Successfully set airdrop!
01.08.2017 15:02:25: Successfully set airdrop!
01.08.2017 15:02:25: Successfully set airdrop!
01.08.2017 18:02:49: Полное лечение 76561198168976359
01.08.2017 18:02:49: Полное лечение 76561198397192477
01.08.2017 18:02:49: Полное лечение 76561198388407573
01.08.2017 20:02:51: Вызван массовый Airdrop (x10)
01.08.2017 20:02:51: Successfully set airdrop!
01.08.2017 20:02:52: Successfully set airdrop!
01.08.2017 20:02:52: Successfully set airdrop!
01.08.2017 20:02:52: Successfully set airdrop!
01.08.2017 20:02:52: Successfully set airdrop!
01.08.2017 20:02:52: Successfully set airdrop!
01.08.2017 20:02:52: Successfully set airdrop!
01.08.2017 20:02:52: Successfully set airdrop!
01.08.2017 20:02:52: Successfully set airdrop!
01.08.2017 20:02:52: Successfully set airdrop!
01.08.2017 21:02:54: Полное лечение 76561198310890097
01.08.2017 21:02:54: Полное лечение 76561198362992824
01.08.2017 21:02:54: Полное лечение 76561198245392824
02.08.2017 5:00:00: Вызван массовый Airdrop (x10)
02.08.2017 5:00:00: Successfully set airdrop!
02.08.2017 5:00:01: Successfully set airdrop!
02.08.2017 5:00:01: Successfully set airdrop!
02.08.2017 5:00:01: Successfully set airdrop!
02.08.2017 5:00:01: Successfully set airdrop!
02.08.2017 5:00:01: Successfully set airdrop!
02.08.2017 5:00:01: Successfully set airdrop!
02.08.2017 5:00:01: Successfully set airdrop!
02.08.2017 5:00:01: Successfully set airdrop!
02.08.2017 5:00:01: Successfully set airdrop!
02.08.2017 10:00:01: Вызван массовый Airdrop (x10)
02.08.2017 10:00:01: Successfully set airdrop!
02.08.2017 10:00:01: Successfully set airdrop!
02.08.2017 10:00:01: Successfully set airdrop!
02.08.2017 10:00:01: Successfully set airdrop!
02.08.2017 10:00:01: Successfully set airdrop!
02.08.2017 10:00:01: Successfully set airdrop!
02.08.2017 10:00:01: Successfully set airdrop!
02.08.2017 10:00:01: Successfully set airdrop!
02.08.2017 10:00:01: Successfully set airdrop!
02.08.2017 10:00:02: Successfully set airdrop!
02.08.2017 10:06:28: Successfully saved the game.
02.08.2017 11:31:34: Вызван массовый Airdrop (x10)
02.08.2017 11:31:34: Successfully set airdrop!
02.08.2017 11:31:35: Successfully set airdrop!
02.08.2017 11:31:35: Successfully set airdrop!
02.08.2017 11:31:35: Successfully set airdrop!
02.08.2017 11:31:35: Successfully set airdrop!
02.08.2017 11:31:35: Successfully set airdrop!
02.08.2017 11:31:35: Successfully set airdrop!
02.08.2017 11:31:35: Successfully set airdrop!
02.08.2017 11:31:35: Successfully set airdrop!
02.08.2017 11:31:35: Successfully set airdrop!
02.08.2017 12:00:33: Полное лечение 76561198314638573
02.08.2017 12:00:33: Полное лечение 76561198370069787
02.08.2017 12:00:33: Полное лечение 76561198297456229
02.08.2017 12:00:33: Полное лечение 76561198310890097
02.08.2017 15:01:11: Вызван массовый Airdrop (x10)
02.08.2017 15:01:11: Полное лечение 76561198310890097
02.08.2017 15:01:11: Полное лечение 76561198329094266
02.08.2017 15:01:11: Полное лечение 76561198198481426
02.08.2017 15:01:11: Полное лечение 76561198393884282
02.08.2017 15:01:11: Полное лечение 76561198361146653
02.08.2017 15:01:11: Полное лечение 76561198314638573
02.08.2017 15:01:11: Полное лечение 76561198201341435
02.08.2017 15:01:11: Полное лечение 76561198397192477
02.08.2017 15:01:11: Полное лечение 76561198061291604
02.08.2017 15:01:11: Полное лечение 76561198391626023
02.08.2017 15:01:11: Полное лечение 76561198334339779
02.08.2017 15:01:11: Полное лечение 76561198347159083
02.08.2017 15:01:11: Полное лечение 76561198367881217
02.08.2017 15:01:11: Полное лечение 76561198391280324
02.08.2017 15:01:11: Полное лечение 76561198352143504
02.08.2017 15:01:11: Successfully set airdrop!
02.08.2017 15:01:11: Successfully set airdrop!
02.08.2017 15:01:11: Successfully set airdrop!
02.08.2017 15:01:11: Successfully set airdrop!
02.08.2017 15:01:11: Successfully set airdrop!
02.08.2017 15:01:11: Successfully set airdrop!
02.08.2017 15:01:11: Successfully set airdrop!
02.08.2017 15:01:11: Successfully set airdrop!
02.08.2017 15:01:11: Successfully set airdrop!
02.08.2017 15:01:12: Successfully set airdrop!
02.08.2017 16:08:52: Вызван Airdrop
02.08.2017 16:08:52: Successfully set airdrop!
02.08.2017 18:03:36: Полное лечение 76561198361146653
02.08.2017 18:03:36: Полное лечение 76561198385399503
02.08.2017 18:03:36: Полное лечение 76561198297456229
02.08.2017 18:03:36: Полное лечение 76561198370069787
02.08.2017 18:03:36: Полное лечение 76561198408416585
02.08.2017 18:03:36: Полное лечение 76561198393884282
02.08.2017 18:03:36: Полное лечение 76561198333974646
02.08.2017 18:03:36: Полное лечение 76561198367881217
02.08.2017 18:03:36: Полное лечение 76561198329094266
02.08.2017 18:03:37: Полное лечение 76561198262981170
02.08.2017 18:03:37: Полное лечение 76561198288183515
02.08.2017 18:03:37: Полное лечение 76561198304375811
02.08.2017 18:03:37: Полное лечение 76561198405792146
02.08.2017 18:03:37: Полное лечение 76561198201653095
02.08.2017 18:03:37: Полное лечение 76561198339713154
02.08.2017 20:03:50: Вызван массовый Airdrop (x10)
02.08.2017 20:03:50: Successfully set airdrop!
02.08.2017 20:03:50: Successfully set airdrop!
02.08.2017 20:03:50: Successfully set airdrop!
02.08.2017 20:03:50: Successfully set airdrop!
02.08.2017 20:03:50: Successfully set airdrop!
02.08.2017 20:03:50: Successfully set airdrop!
02.08.2017 20:03:50: Successfully set airdrop!
02.08.2017 20:03:50: Successfully set airdrop!
02.08.2017 20:03:50: Successfully set airdrop!
02.08.2017 20:03:51: Successfully set airdrop!
02.08.2017 21:03:51: Полное лечение 76561198107107032
02.08.2017 21:03:51: Полное лечение 76561198285787095
02.08.2017 21:03:51: Полное лечение 76561198108271885
02.08.2017 21:03:51: Полное лечение 76561198061493984
02.08.2017 21:03:51: Полное лечение 76561198307433319
02.08.2017 21:03:51: Полное лечение 76561198341997660
02.08.2017 21:03:51: Полное лечение 76561198305732269
02.08.2017 21:03:51: Полное лечение 76561198364331750
02.08.2017 21:03:51: Полное лечение 76561198304375811
03.08.2017 5:00:22: Вызван массовый Airdrop (x10)
03.08.2017 5:00:22: Successfully set airdrop!
03.08.2017 5:00:22: Successfully set airdrop!
03.08.2017 5:00:22: Successfully set airdrop!
03.08.2017 5:00:22: Successfully set airdrop!
03.08.2017 5:00:22: Successfully set airdrop!
03.08.2017 5:00:22: Successfully set airdrop!
03.08.2017 5:00:22: Successfully set airdrop!
03.08.2017 5:00:22: Successfully set airdrop!
03.08.2017 5:00:22: Successfully set airdrop!
03.08.2017 5:00:22: Successfully set airdrop!
03.08.2017 6:00:22: Полное лечение 76561198333974646
03.08.2017 9:00:21: Полное лечение 76561198370069787
03.08.2017 9:00:21: Полное лечение 76561198297456229
03.08.2017 9:13:07: Отправлена команда: give 76561198262981170 76
03.08.2017 9:13:07: Successfully gave KoT 76 x1!
03.08.2017 10:00:28: Вызван массовый Airdrop (x10)
03.08.2017 10:00:28: Successfully set airdrop!
03.08.2017 10:00:28: Successfully set airdrop!
03.08.2017 10:00:28: Successfully set airdrop!
03.08.2017 10:00:28: Successfully set airdrop!
03.08.2017 10:00:28: Successfully set airdrop!
03.08.2017 10:00:28: Successfully set airdrop!
03.08.2017 10:00:29: Successfully set airdrop!
03.08.2017 10:00:29: Successfully set airdrop!
03.08.2017 10:00:29: Successfully set airdrop!
03.08.2017 10:00:29: Successfully set airdrop!
03.08.2017 10:19:13: Отправлена команда: give 76561198211969648 1374
03.08.2017 10:19:13: Successfully gave I_souts_I 1374 x1!
03.08.2017 10:20:54: Отправлена команда: give 76561198211969648 1377
03.08.2017 10:20:54: Successfully gave I_souts_I 1377 x1!
03.08.2017 10:21:31: Отправлена команда: give 76561198211969648 alice
03.08.2017 10:21:51: Отправлена команда: give 76561198211969648 253
03.08.2017 10:21:51: Successfully gave I_souts_I 253 x1!
