Не обработано: RocketRcon v2.4.8.0
RocketRcon v2.4.8.0

Client has executed command "players"

TimerTerminateCommand.Enabled with Players:
Players:
PlayerID: 76561198114070067 Name: Маг1стрЙ0да- Character: Samurai Ping: 46
PlayerID: 76561198305732269 Name: Owl Character: Owl Ping: 54
PlayerID: 76561198152466685 Name: Blaster006 Character: Blaster006 Ping: 54
PlayerID: 76561198261276323 Name: Phantom Character: Phantom Ping: 148
PlayerID: 76561198199039913 Name: VirusShow Character: VirusShow Ping: 39
PlayerID: 76561198261527485 Name: Shadovprise Character: Shadovprise Ping: 85
PlayerID: 76561198140053978 Name: 7_AleX_3 Character: 7_AleX_3 Ping: 31
PlayerID: 76561198165822970 Name: Indigo Character: Indigo Ping: 39
PlayerID: 76561198361727631 Name: daniil.pushistov Character: Daniil_Pushistov Ping: 335
PlayerID: 76561198383289470 Name: jrgearty11 Character: sniper Ping: 289

TimerTerminateCommand.Enabled with Players:
[World] VirusShow [VirusShow]: "/tpa Phantom"

END with Players:
Client has executed command "bans"

TimerTerminateCommand.Enabled with Bans:
Bans:
PlayerID: 76561198274427357
JudgeID: 0
Reason: you were vote kicked Duration: 180 Remaining: 4294207777

END with Bans:
Client has executed command "admins"

TimerTerminateCommand.Enabled with Admins:
Admins:
PlayerID: 76561198119509031
JudgeID: 0

END with Admins:
[World] Phantom [Phantom]: "/tpa accept"

Client has executed command "storm"

Successfully set storm!

Client has executed command "players"

TimerTerminateCommand.Enabled with Players:
Players:
PlayerID: 76561198114070067 Name: Маг1стрЙ0да- Character: Samurai Ping: 39
PlayerID: 76561198305732269 Name: Owl Character: Owl Ping: 54
PlayerID: 76561198152466685 Name: Blaster006 Character: Blaster006 Ping: 54
PlayerID: 76561198261276323 Name: Phantom Character: Phantom Ping: 148
PlayerID: 76561198199039913 Name: VirusShow Character: VirusShow Ping: 46
PlayerID: 76561198261527485 Name: Shadovprise Character: Shadovprise Ping: 78
PlayerID: 76561198140053978 Name: 7_AleX_3 Character: 7_AleX_3 Ping: 31
PlayerID: 76561198165822970 Name: Indigo Character: Indigo Ping: 46
PlayerID: 76561198361727631 Name: daniil.pushistov Character: Daniil_Pushistov Ping: 54
PlayerID: 76561198383289470 Name: jrgearty11 Character: sniper Ping: 328

END with Players:
Client has executed command "bans"

TimerTerminateCommand.Enabled with Bans:
Bans:
PlayerID: 76561198274427357
JudgeID: 0
Reason: you were vote kicked Duration: 180 Remaining: 4294207757

Не обработано: MessageAnnouncer >> Broadcast: Наберите /kit start, чтобы получить стартовый набор (еда, вода, топор)
TimerTerminateCommand.Enabled with Bans:
MessageAnnouncer >> Broadcast: Наберите /kit start, чтобы получить стартовый набор (еда, вода, топор)

Не обработано: MessageAnnouncer >> Наберите /kit start, чтобы получить стартовый набор (еда, вода, топор)
TimerTerminateCommand.Enabled with Bans:
MessageAnnouncer >> Наберите /kit start, чтобы получить стартовый набор (еда, вода, топор)

TimerTerminateCommand.Enabled with Bans:
Client has executed command "heal 76561198152466685"

Не обработано: Blaster006 был исцелён
TimerTerminateCommand.Enabled with Bans:
Blaster006 был исцелён

END with Bans:
Connecting: PlayerID: 76561198364522098 Name: IHAPI Character: IHAPI

[World] Owl [Owl]: "/home"

Не обработано: Owl moved x:-925.2153 y:82.87634(+23.66041) z:-535.648 in the last second (0.2379227)
Owl moved x:-925.2153 y:82.87634(+23.66041) z:-535.648 in the last second (0.2379227)

[World] Indigo [Indigo]: "/home"

Не обработано: Indigo moved x:589.6238 y:75.34626(+16.26443) z:721.3943 in the last second (0.2379227)
Indigo moved x:589.6238 y:75.34626(+16.26443) z:721.3943 in the last second (0.2379227)

Disconnecting: PlayerID: 76561198383289470 Name: jrgearty11 Character: sniper

Client has executed command "players"

TimerTerminateCommand.Enabled with Players:
Players:
PlayerID: 76561198114070067 Name: Маг1стрЙ0да- Character: Samurai Ping: 39
PlayerID: 76561198305732269 Name: Owl Character: Owl Ping: 46
PlayerID: 76561198152466685 Name: Blaster006 Character: Blaster006 Ping: 62
PlayerID: 76561198261276323 Name: Phantom Character: Phantom Ping: 156
PlayerID: 76561198199039913 Name: VirusShow Character: VirusShow Ping: 54
PlayerID: 76561198261527485 Name: Shadovprise Character: Shadovprise Ping: 85
PlayerID: 76561198140053978 Name: 7_AleX_3 Character: 7_AleX_3 Ping: 31
PlayerID: 76561198165822970 Name: Indigo Character: Indigo Ping: 78
PlayerID: 76561198361727631 Name: daniil.pushistov Character: Daniil_Pushistov Ping: 46
PlayerID: 76561198364522098 Name: IHAPI Character: IHAPI Ping: 453

END with Players:
Client has executed command "bans"

TimerTerminateCommand.Enabled with Bans:
Bans:
PlayerID: 76561198274427357
JudgeID: 0
Reason: you were vote kicked Duration: 180 Remaining: 4294207736

END with Bans:
Client has executed command "players"

TimerTerminateCommand.Enabled with Players:
Players:
PlayerID: 76561198114070067 Name: Маг1стрЙ0да- Character: Samurai Ping: 46
PlayerID: 76561198305732269 Name: Owl Character: Owl Ping: 62
PlayerID: 76561198152466685 Name: Blaster006 Character: Blaster006 Ping: 54
PlayerID: 76561198261276323 Name: Phantom Character: Phantom Ping: 164
PlayerID: 76561198199039913 Name: VirusShow Character: VirusShow Ping: 46
PlayerID: 76561198261527485 Name: Shadovprise Character: Shadovprise Ping: 78
PlayerID: 76561198140053978 Name: 7_AleX_3 Character: 7_AleX_3 Ping: 31
PlayerID: 76561198165822970 Name: Indigo Character: Indigo Ping: 46
PlayerID: 76561198361727631 Name: daniil.pushistov Character: Daniil_Pushistov Ping: 46
PlayerID: 76561198364522098 Name: IHAPI Character: IHAPI Ping: 101

END with Players:
Client has executed command "bans"

TimerTerminateCommand.Enabled with Bans:
Bans:
PlayerID: 76561198274427357
JudgeID: 0
Reason: you were vote kicked Duration: 180 Remaining: 4294207716

END with Bans:
[World] IHAPI [IHAPI]: "/kit"

Client has executed command "players"

TimerTerminateCommand.Enabled with Players:
Players:
PlayerID: 76561198114070067 Name: Маг1стрЙ0да- Character: Samurai Ping: 39
PlayerID: 76561198305732269 Name: Owl Character: Owl Ping: 70
PlayerID: 76561198152466685 Name: Blaster006 Character: Blaster006 Ping: 62
PlayerID: 76561198261276323 Name: Phantom Character: Phantom Ping: 140
PlayerID: 76561198199039913 Name: VirusShow Character: VirusShow Ping: 54
PlayerID: 76561198261527485 Name: Shadovprise Character: Shadovprise Ping: 109
PlayerID: 76561198140053978 Name: 7_AleX_3 Character: 7_AleX_3 Ping: 31
PlayerID: 76561198165822970 Name: Indigo Character: Indigo Ping: 46
PlayerID: 76561198361727631 Name: daniil.pushistov Character: Daniil_Pushistov Ping: 54
PlayerID: 76561198364522098 Name: IHAPI Character: IHAPI Ping: 101

END with Players:
Client has executed command "bans"

TimerTerminateCommand.Enabled with Bans:
Bans:
PlayerID: 76561198274427357
JudgeID: 0
Reason: you were vote kicked Duration: 180 Remaining: 4294207696

END with Bans:
[World] IHAPI [IHAPI]: "/kits"

[World] 7_AleX_3 [7_AleX_3]: "/home"

Не обработано: 7_AleX_3 moved x:-664.8975 y:82.011(+21.83288) z:357.0413 in the last second (0.05000305)
7_AleX_3 moved x:-664.8975 y:82.011(+21.83288) z:357.0413 in the last second (0.05000305)

Client has executed command "players"

TimerTerminateCommand.Enabled with Players:
Players:
PlayerID: 76561198114070067 Name: Маг1стрЙ0да- Character: Samurai Ping: 31
PlayerID: 76561198305732269 Name: Owl Character: Owl Ping: 62
PlayerID: 76561198152466685 Name: Blaster006 Character: Blaster006 Ping: 54
PlayerID: 76561198261276323 Name: Phantom Character: Phantom Ping: 148
PlayerID: 76561198199039913 Name: VirusShow Character: VirusShow Ping: 54
PlayerID: 76561198261527485 Name: Shadovprise Character: Shadovprise Ping: 70
PlayerID: 76561198140053978 Name: 7_AleX_3 Character: 7_AleX_3 Ping: 54
PlayerID: 76561198165822970 Name: Indigo Character: Indigo Ping: 78
PlayerID: 76561198361727631 Name: daniil.pushistov Character: Daniil_Pushistov Ping: 46
PlayerID: 76561198364522098 Name: IHAPI Character: IHAPI Ping: 101

Не обработано: Daniil_Pushistov [daniil.pushistov] is calling a vote to kick Shadovprise [Shadovprise]
TimerTerminateCommand.Enabled with Players:
Daniil_Pushistov [daniil.pushistov] is calling a vote to kick Shadovprise [Shadovprise]

END with Players:
Client has executed command "bans"

TimerTerminateCommand.Enabled with Bans:
Connecting: PlayerID: 76561198341997660 Name: Dimacvit1996 Character: Dimacvit1996
Bans:
PlayerID: 76561198274427357
JudgeID: 0
Reason: you were vote kicked Duration: 180 Remaining: 4294207675

END with Bans:
