Не обработано: RocketRcon v2.4.8.0
RocketRcon v2.4.8.0

Client has executed command "players"

TimerTerminateCommand.Enabled with Players:
Players:
PlayerID: 76561198140053978 Name: 7_AleX_3 Character: 7_AleX_3 Ping: 27
PlayerID: 76561198176817369 Name: ?. Character: GlodiS Ping: 78
PlayerID: 76561198295801599 Name: Lo[x] Character: Lo[x] Ping: 58
PlayerID: 76561198276840558 Name: Котик ^-^ Character: kennys Ping: 105
PlayerID: 76561198262878051 Name: Kolder Character: Kolder Ping: 50
PlayerID: 76561198287257345 Name: TheHard27 Character: TheHard27 Ping: 183
PlayerID: 76561198351213164 Name: _АхМеД_ Character: Виндяй Вечеслав Ping: 62
PlayerID: 76561198391510049 Name: matushkin_99 Character: matushkin_99 Ping: 62
PlayerID: 76561198272573142 Name: Bloody СУП Character: СУП Ping: 50
PlayerID: 76561198130434614 Name: ZH3K4 Character: ZH3K4 Ping: 58

TimerTerminateCommand.Enabled with Players:
Client has executed command "bans"

END with Players:
TimerTerminateCommand.Enabled with Bans:
Bans:
PlayerID: 123123
JudgeID: 0
Reason: unspecified Duration: 31536000 Remaining: 31457825
PlayerID: 123
JudgeID: 0
Reason: durila Duration: 4000 Remaining: 4294893619
PlayerID: 76561198274427357
JudgeID: 0
Reason: you were vote kicked Duration: 180 Remaining: 4294921992

END with Bans:
[Area] Виндяй Вечеслав [_АхМеД_]: "ладно я покидаю беседу"

[Area] Виндяй Вечеслав [_АхМеД_]: "пока"

[Area] Виндяй Вечеслав [_АхМеД_]: "и удачи тебе"

Client has executed command "players"

TimerTerminateCommand.Enabled with Players:
Players:
PlayerID: 76561198140053978 Name: 7_AleX_3 Character: 7_AleX_3 Ping: 54
PlayerID: 76561198176817369 Name: ?. Character: GlodiS Ping: 70
PlayerID: 76561198295801599 Name: Lo[x] Character: Lo[x] Ping: 58
PlayerID: 76561198276840558 Name: Котик ^-^ Character: kennys Ping: 93
PlayerID: 76561198262878051 Name: Kolder Character: Kolder Ping: 50
PlayerID: 76561198287257345 Name: TheHard27 Character: TheHard27 Ping: 160
PlayerID: 76561198351213164 Name: _АхМеД_ Character: Виндяй Вечеслав Ping: 70
PlayerID: 76561198391510049 Name: matushkin_99 Character: matushkin_99 Ping: 70
PlayerID: 76561198272573142 Name: Bloody СУП Character: СУП Ping: 54
PlayerID: 76561198130434614 Name: ZH3K4 Character: ZH3K4 Ping: 58

TimerTerminateCommand.Enabled with Players:
[World] СУП [Bloody СУП]: "/kit start"

TimerTerminateCommand.Enabled with Players:
Client has executed command "say "ugu""

END with Players:
[World] Kolder [Kolder]: "/tpa сцуп"

[World] Kolder [Kolder]: "/tpa суп"

Disconnecting: PlayerID: 76561198351213164 Name: _АхМеД_ Character: Виндяй Вечеслав

Client has executed command "players"

TimerTerminateCommand.Enabled with Players:
Players:
PlayerID: 76561198140053978 Name: 7_AleX_3 Character: 7_AleX_3 Ping: 50
PlayerID: 76561198176817369 Name: ?. Character: GlodiS Ping: 66
PlayerID: 76561198295801599 Name: Lo[x] Character: Lo[x] Ping: 54
PlayerID: 76561198276840558 Name: Котик ^-^ Character: kennys Ping: 121
PlayerID: 76561198262878051 Name: Kolder Character: Kolder Ping: 46
PlayerID: 76561198287257345 Name: TheHard27 Character: TheHard27 Ping: 183
PlayerID: 76561198391510049 Name: matushkin_99 Character: matushkin_99 Ping: 74
PlayerID: 76561198272573142 Name: Bloody СУП Character: СУП Ping: 50
PlayerID: 76561198130434614 Name: ZH3K4 Character: ZH3K4 Ping: 58

END with Players:
Client has executed command "players"

TimerTerminateCommand.Enabled with Players:
Players:
PlayerID: 76561198140053978 Name: 7_AleX_3 Character: 7_AleX_3 Ping: 58
PlayerID: 76561198176817369 Name: ?. Character: GlodiS Ping: 70
PlayerID: 76561198295801599 Name: Lo[x] Character: Lo[x] Ping: 50
PlayerID: 76561198276840558 Name: Котик ^-^ Character: kennys Ping: 101
PlayerID: 76561198262878051 Name: Kolder Character: Kolder Ping: 50
PlayerID: 76561198287257345 Name: TheHard27 Character: TheHard27 Ping: 191
PlayerID: 76561198391510049 Name: matushkin_99 Character: matushkin_99 Ping: 74
PlayerID: 76561198272573142 Name: Bloody СУП Character: СУП Ping: 85
PlayerID: 76561198130434614 Name: ZH3K4 Character: ZH3K4 Ping: 66

END with Players:
Disconnecting: PlayerID: 76561198272573142 Name: Bloody СУП Character: СУП

Client has executed command "players"

TimerTerminateCommand.Enabled with Players:
Players:
PlayerID: 76561198140053978 Name: 7_AleX_3 Character: 7_AleX_3 Ping: 50
PlayerID: 76561198176817369 Name: ?. Character: GlodiS Ping: 78
PlayerID: 76561198295801599 Name: Lo[x] Character: Lo[x] Ping: 50
PlayerID: 76561198276840558 Name: Котик ^-^ Character: kennys Ping: 105
PlayerID: 76561198262878051 Name: Kolder Character: Kolder Ping: 54
PlayerID: 76561198287257345 Name: TheHard27 Character: TheHard27 Ping: 191
PlayerID: 76561198391510049 Name: matushkin_99 Character: matushkin_99 Ping: 78
PlayerID: 76561198130434614 Name: ZH3K4 Character: ZH3K4 Ping: 54

END with Players:
Не обработано: DeathMessagesRemastered >> Broadcast: matushkin_99 has been mauled by a zombie! 
DeathMessagesRemastered >> Broadcast: matushkin_99 has been mauled by a zombie! 

Не обработано: matushkin_99 [matushkin_99] was mauled by a zombie!
matushkin_99 [matushkin_99] was mauled by a zombie!

[World] Kolder [Kolder]: "/tpa lo"

Client has executed command "players"

TimerTerminateCommand.Enabled with Players:
Players:
PlayerID: 76561198140053978 Name: 7_AleX_3 Character: 7_AleX_3 Ping: 50
PlayerID: 76561198176817369 Name: ?. Character: GlodiS Ping: 54
PlayerID: 76561198295801599 Name: Lo[x] Character: Lo[x] Ping: 50
PlayerID: 76561198276840558 Name: Котик ^-^ Character: kennys Ping: 121
PlayerID: 76561198262878051 Name: Kolder Character: Kolder Ping: 50
PlayerID: 76561198287257345 Name: TheHard27 Character: TheHard27 Ping: 179
PlayerID: 76561198391510049 Name: matushkin_99 Character: matushkin_99 Ping: 70
PlayerID: 76561198130434614 Name: ZH3K4 Character: ZH3K4 Ping: 58

END with Players:
Не обработано: MessageAnnouncer >> Broadcast: Наберите /kit help, чтобы получить первую мед. помощь (бинты, таблетки, еда)
MessageAnnouncer >> Broadcast: Наберите /kit help, чтобы получить первую мед. помощь (бинты, таблетки, еда)

Не обработано: MessageAnnouncer >> Наберите /kit help, чтобы получить первую мед. помощь (бинты, таблетки, еда)
MessageAnnouncer >> Наберите /kit help, чтобы получить первую мед. помощь (бинты, таблетки, еда)

Client has executed command "players"

TimerTerminateCommand.Enabled with Players:
Players:
PlayerID: 76561198140053978 Name: 7_AleX_3 Character: 7_AleX_3 Ping: 46
PlayerID: 76561198176817369 Name: ?. Character: GlodiS Ping: 70
PlayerID: 76561198295801599 Name: Lo[x] Character: Lo[x] Ping: 62
PlayerID: 76561198276840558 Name: Котик ^-^ Character: kennys Ping: 101
PlayerID: 76561198262878051 Name: Kolder Character: Kolder Ping: 46
PlayerID: 76561198287257345 Name: TheHard27 Character: TheHard27 Ping: 179
PlayerID: 76561198391510049 Name: matushkin_99 Character: matushkin_99 Ping: 74
PlayerID: 76561198130434614 Name: ZH3K4 Character: ZH3K4 Ping: 62

END with Players:
[World] ZH3K4 [ZH3K4]: "/kit start"

Client has executed command "players"

TimerTerminateCommand.Enabled with Players:
Players:
PlayerID: 76561198140053978 Name: 7_AleX_3 Character: 7_AleX_3 Ping: 39
PlayerID: 76561198176817369 Name: ?. Character: GlodiS Ping: 66
PlayerID: 76561198295801599 Name: Lo[x] Character: Lo[x] Ping: 58
PlayerID: 76561198276840558 Name: Котик ^-^ Character: kennys Ping: 85
PlayerID: 76561198262878051 Name: Kolder Character: Kolder Ping: 50
PlayerID: 76561198287257345 Name: TheHard27 Character: TheHard27 Ping: 195
PlayerID: 76561198391510049 Name: matushkin_99 Character: matushkin_99 Ping: 74
PlayerID: 76561198130434614 Name: ZH3K4 Character: ZH3K4 Ping: 66

END with Players:
Не обработано: DeathMessagesRemastered >> Broadcast: TheHard27 has bled to death!
DeathMessagesRemastered >> Broadcast: TheHard27 has bled to death!

Не обработано: TheHard27 [TheHard27] bled to death!
TheHard27 [TheHard27] bled to death!

Client has executed command "players"

TimerTerminateCommand.Enabled with Players:
Players:
PlayerID: 76561198140053978 Name: 7_AleX_3 Character: 7_AleX_3 Ping: 46
PlayerID: 76561198176817369 Name: ?. Character: GlodiS Ping: 89
PlayerID: 76561198295801599 Name: Lo[x] Character: Lo[x] Ping: 62
PlayerID: 76561198276840558 Name: Котик ^-^ Character: kennys Ping: 152
PlayerID: 76561198262878051 Name: Kolder Character: Kolder Ping: 46
PlayerID: 76561198287257345 Name: TheHard27 Character: TheHard27 Ping: 191
PlayerID: 76561198391510049 Name: matushkin_99 Character: matushkin_99 Ping: 70
PlayerID: 76561198130434614 Name: ZH3K4 Character: ZH3K4 Ping: 58

TimerTerminateCommand.Enabled with Players:
[World] Kolder [Kolder]: "/tpa 7 alex 3"

TimerTerminateCommand.Enabled with Players:
[World] TheHard27 [TheHard27]: "/tpa kenn"

END with Players:
[World] kennys [Котик ^-^]: "/tpa a"

Connecting: PlayerID: 76561198272573142 Name: Bloody СУП Character: СУП

Client has executed command "players"

TimerTerminateCommand.Enabled with Players:
Players:
PlayerID: 76561198140053978 Name: 7_AleX_3 Character: 7_AleX_3 Ping: 42
PlayerID: 76561198176817369 Name: ?. Character: GlodiS Ping: 82
PlayerID: 76561198295801599 Name: Lo[x] Character: Lo[x] Ping: 58
PlayerID: 76561198276840558 Name: Котик ^-^ Character: kennys Ping: 117
PlayerID: 76561198262878051 Name: Kolder Character: Kolder Ping: 54
PlayerID: 76561198287257345 Name: TheHard27 Character: TheHard27 Ping: 175
PlayerID: 76561198391510049 Name: matushkin_99 Character: matushkin_99 Ping: 74
PlayerID: 76561198130434614 Name: ZH3K4 Character: ZH3K4 Ping: 54
PlayerID: 76561198272573142 Name: Bloody СУП Character: СУП Ping: 214

END with Players:
Client has executed command "players"

TimerTerminateCommand.Enabled with Players:
Players:
PlayerID: 76561198140053978 Name: 7_AleX_3 Character: 7_AleX_3 Ping: 74
PlayerID: 76561198176817369 Name: ?. Character: GlodiS Ping: 78
PlayerID: 76561198295801599 Name: Lo[x] Character: Lo[x] Ping: 62
PlayerID: 76561198276840558 Name: Котик ^-^ Character: kennys Ping: 125
PlayerID: 76561198262878051 Name: Kolder Character: Kolder Ping: 58
PlayerID: 76561198287257345 Name: TheHard27 Character: TheHard27 Ping: 175
PlayerID: 76561198391510049 Name: matushkin_99 Character: matushkin_99 Ping: 70
PlayerID: 76561198130434614 Name: ZH3K4 Character: ZH3K4 Ping: 62
PlayerID: 76561198272573142 Name: Bloody СУП Character: СУП Ping: 62

END with Players:
[World] 7_AleX_3 [7_AleX_3]: "/tpa accept"

Не обработано: Kolder moved x:-685.6097 y:74.4438(+35.96648) z:-614.9332 in the last second (0.411644)
Kolder moved x:-685.6097 y:74.4438(+35.96648) z:-614.9332 in the last second (0.411644)

[World] СУП [Bloody СУП]: "/kit hgm"

[World] kennys [Котик ^-^]: "Продам горелку"

[World] СУП [Bloody СУП]: "/kit hgm1"

Client has executed command "players"

TimerTerminateCommand.Enabled with Players:
Players:
PlayerID: 76561198140053978 Name: 7_AleX_3 Character: 7_AleX_3 Ping: 46
PlayerID: 76561198176817369 Name: ?. Character: GlodiS Ping: 70
PlayerID: 76561198295801599 Name: Lo[x] Character: Lo[x] Ping: 62
PlayerID: 76561198276840558 Name: Котик ^-^ Character: kennys Ping: 152
PlayerID: 76561198262878051 Name: Kolder Character: Kolder Ping: 54
PlayerID: 76561198287257345 Name: TheHard27 Character: TheHard27 Ping: 203
PlayerID: 76561198391510049 Name: matushkin_99 Character: matushkin_99 Ping: 82
PlayerID: 76561198130434614 Name: ZH3K4 Character: ZH3K4 Ping: 66
PlayerID: 76561198272573142 Name: Bloody СУП Character: СУП Ping: 62

END with Players:
[Area] matushkin_99 [matushkin_99]: "/kits"

Не обработано: MessageAnnouncer >> Broadcast: vk.com/unturned_hgm - цены на премиум, VIP и другие услуги смотрите в группе!
MessageAnnouncer >> Broadcast: vk.com/unturned_hgm - цены на премиум, VIP и другие услуги смотрите в группе!

Не обработано: MessageAnnouncer >> vk.com/unturned_hgm - цены на премиум, VIP и другие услуги смотрите в группе!
MessageAnnouncer >> vk.com/unturned_hgm - цены на премиум, VIP и другие услуги смотрите в группе!

Client has executed command "players"

TimerTerminateCommand.Enabled with Players:
Players:
PlayerID: 76561198140053978 Name: 7_AleX_3 Character: 7_AleX_3 Ping: 54
PlayerID: 76561198176817369 Name: ?. Character: GlodiS Ping: 66
PlayerID: 76561198295801599 Name: Lo[x] Character: Lo[x] Ping: 58
PlayerID: 76561198276840558 Name: Котик ^-^ Character: kennys Ping: 121
PlayerID: 76561198262878051 Name: Kolder Character: Kolder Ping: 54
PlayerID: 76561198287257345 Name: TheHard27 Character: TheHard27 Ping: 203
PlayerID: 76561198391510049 Name: matushkin_99 Character: matushkin_99 Ping: 74
PlayerID: 76561198130434614 Name: ZH3K4 Character: ZH3K4 Ping: 58
PlayerID: 76561198272573142 Name: Bloody СУП Character: СУП Ping: 54

END with Players:
[Area] matushkin_99 [matushkin_99]: "/kit start"

