18.07.2017 16:31:09: ClientSocketLookup
18.07.2017 16:31:10: ClientSocketConnecting
18.07.2017 16:31:10: ClientSocketConnect
18.07.2017 16:31:10: ClientSocketWrite
18.07.2017 16:31:32: ClientSocketDisconnect
18.07.2017 16:31:32: ClientSocketLookup
18.07.2017 16:31:32: ClientSocketConnecting
18.07.2017 16:31:32: ClientSocketConnect
18.07.2017 16:31:32: ClientSocketWrite
18.07.2017 16:31:32: ClientSocketDisconnect
18.07.2017 16:31:37: ClientSocketLookup
18.07.2017 16:31:37: ClientSocketConnecting
18.07.2017 16:31:37: ClientSocketConnect
18.07.2017 16:31:37: ClientSocketWrite
18.07.2017 16:31:37: ClientSocketDisconnect
18.07.2017 16:31:43: ClientSocketLookup
18.07.2017 16:31:43: ClientSocketConnecting
18.07.2017 16:31:43: ClientSocketConnect
18.07.2017 16:31:43: ClientSocketWrite
18.07.2017 16:31:43: ClientSocketDisconnect
18.07.2017 16:31:43: ClientSocketLookup
18.07.2017 16:31:43: ClientSocketConnecting
18.07.2017 16:31:43: ClientSocketConnect
18.07.2017 16:31:43: ClientSocketWrite
18.07.2017 16:31:43: ClientSocketDisconnect
18.07.2017 16:31:43: ClientSocketLookup
18.07.2017 16:31:43: ClientSocketConnecting
18.07.2017 16:31:43: ClientSocketConnect
18.07.2017 16:31:43: ClientSocketWrite
18.07.2017 16:31:43: ClientSocketDisconnect
18.07.2017 16:31:43: ClientSocketLookup
18.07.2017 16:31:43: ClientSocketConnecting
18.07.2017 16:31:43: ClientSocketConnect
18.07.2017 16:31:43: ClientSocketWrite
18.07.2017 16:31:43: ClientSocketDisconnect
18.07.2017 16:34:25: ClientSocketLookup
18.07.2017 16:34:25: ClientSocketConnecting
18.07.2017 16:34:25: ClientSocketConnect
18.07.2017 16:34:25: ClientSocketWrite
18.07.2017 16:34:25: ClientSocketDisconnect
18.07.2017 16:34:28: ClientSocketLookup
18.07.2017 16:34:28: ClientSocketConnecting
18.07.2017 16:34:28: ClientSocketConnect
18.07.2017 16:34:28: ClientSocketWrite
18.07.2017 16:34:28: ClientSocketDisconnect
18.07.2017 16:34:29: ClientSocketLookup
18.07.2017 16:34:29: ClientSocketConnecting
18.07.2017 16:34:29: ClientSocketConnect
18.07.2017 16:34:29: ClientSocketWrite
18.07.2017 16:34:29: ClientSocketDisconnect
18.07.2017 16:34:35: ClientSocketLookup
18.07.2017 16:34:35: ClientSocketConnecting
18.07.2017 16:34:35: ClientSocketConnect
18.07.2017 16:34:35: ClientSocketWrite
18.07.2017 16:34:35: ClientSocketDisconnect
