Не обработано: RocketRcon v2.4.8.0
RocketRcon v2.4.8.0

Client has executed command "players"

TimerTerminateCommand.Enabled with Players:
Players:
PlayerID: 76561198309008539 Name: NOOO-SENPAI... Character: Сенпай Ping: 23
PlayerID: 76561198151655003 Name: HemulGM Character: HemulGM Ping: 0
PlayerID: 76561198297629847 Name: VeZuN4iK Character: DeN Ping: 54
PlayerID: 76561198147477828 Name: galbatsovmikail Character: galbatsovmikail Ping: 78
PlayerID: 76561198390219785 Name: emokacper110 Character: emokacper110 Ping: 132
PlayerID: 76561198366549870 Name: Expert13372284200 Character: Expert1337 Ping: 148
PlayerID: 76561198376416045 Name: xitrfaratez Character: xitrfaratez Ping: 78
PlayerID: 76561198363828451 Name: Ничоси Character: Кеша Ping: 31

TimerTerminateCommand.Enabled with Players:
Client has executed command "syaa "?«¬­®?°±???|?«¬­®?°±???""

END with Players:
Client has executed command "bans"

TimerTerminateCommand.Enabled with Bans:
Bans:
PlayerID: 76561198274427357
JudgeID: 0
Reason: you were vote kicked Duration: 180 Remaining: 4294311314

END with Bans:
