25.06.2017 13:49:34: 
25.06.2017 13:49:47: _TagerYT_ был съеден зомби! 
25.06.2017 13:49:50: Rus-Killer был съеден зомби! 
25.06.2017 13:51:08: _TagerYT_ был съеден зомби! 
25.06.2017 13:57:47: []Max[] был съеден зомби! 
25.06.2017 13:58:21: _TagerYT_ был съеден зомби! 
25.06.2017 13:59:44: _TagerYT_ был съеден зомби! 
25.06.2017 14:00:49: _TagerYT_ совершил суецид!
25.06.2017 14:01:39: _TagerYT_ совершил суецид!
25.06.2017 14:05:34: _TagerYT_ был съеден зомби! 
25.06.2017 14:12:26: JustMAX был съеден зомби! 
25.06.2017 14:12:50: торвей совершил суецид!
25.06.2017 14:30:21: Stanat умер от голода!
25.06.2017 14:36:40: Pozitiv истёк кровью!
25.06.2017 14:37:33: kalabin.denis21015 был съеден зомби! 
25.06.2017 14:39:18: lur был съеден зомби! 
25.06.2017 14:51:54: nachoxnash был съеден зомби! 
25.06.2017 15:00:42: LOLERO KOP истёк кровью!
25.06.2017 15:00:59: denis124 был съеден зомби! 
25.06.2017 15:01:56: LOLERO KOP был съеден зомби! 
25.06.2017 15:06:45: xImRoZZy был съеден зомби! 
25.06.2017 15:08:23: XxAndy007 совершил суецид!
25.06.2017 15:10:38: XxAndy007 был убит плювальщиком!
25.06.2017 15:11:09: xImRoZZy был съеден зомби! 
25.06.2017 15:11:26: denis124 был съеден зомби! 
25.06.2017 15:13:35: PaNdA отравился!
25.06.2017 15:15:04: kalabin.denis21015 сгорел!
25.06.2017 15:25:49: METOOD истёк кровью!
25.06.2017 15:26:06: denis124 был съеден зомби! 
25.06.2017 15:32:35: daanbastiaan истёк кровью!
25.06.2017 15:34:10: daanbastiaan был съеден зомби! 
25.06.2017 15:35:40: ryzhulya05 был съеден зомби! 
25.06.2017 15:35:46: OrAnGe был съеден зомби! 
25.06.2017 15:35:57: DEEZNUTZ был съеден зомби! 
25.06.2017 15:37:17: ryzhulya05 совершил суецид!
25.06.2017 15:39:45: tejano был съеден зомби! 
25.06.2017 15:40:50: shadowraid20 был съеден зомби! 
25.06.2017 15:43:06: METOOD был съеден зомби! 
25.06.2017 15:44:25: OrAnGe был съеден зомби! 
25.06.2017 15:47:17: NEXUS истёк кровью!
25.06.2017 15:47:42: denis124 истёк кровью!
25.06.2017 15:47:53: торвей был съеден зомби! 
25.06.2017 15:49:29: DEEZNUTZ был съеден зомби! 
25.06.2017 16:02:41: DEEZNUTZ был съеден зомби! 
25.06.2017 16:03:46: OrAnGe был съеден зомби! 
25.06.2017 16:05:32: DEEZNUTZ died of holding his breath for too long!
25.06.2017 16:07:01: DEEZNUTZ был съеден зомби! 
25.06.2017 16:10:46: OrAnGe истёк кровью!
25.06.2017 16:12:37: ryzhulya05 совершил суецид!
25.06.2017 16:14:56: волчьи ушки был съеден зомби! 
25.06.2017 16:25:25: 7_AleX_3 был съеден зомби! 
25.06.2017 16:35:59: MonsterJesper был съеден зомби! 
25.06.2017 16:52:31: unicapzaakung был съеден зомби! 
25.06.2017 17:05:07: торвей совершил суецид!
25.06.2017 17:05:41: _TagerYT_ был съеден зомби! 
25.06.2017 17:16:22: (наёмник) кабан был убит плювальщиком!
25.06.2017 17:16:33: kostkin.7033 был убит плювальщиком!
25.06.2017 17:20:45: торвей был убит плювальщиком!
25.06.2017 17:25:12: Pozitiv был убит плювальщиком!
25.06.2017 17:25:26: Костя был убит плювальщиком!
25.06.2017 17:25:39: nikanorova2 был съеден зомби! 
25.06.2017 17:31:14: lolek был съеден зомби! 
25.06.2017 17:33:05: lolek был съеден зомби! 
25.06.2017 18:26:04: BonnieBoy был съеден зомби! 
25.06.2017 18:34:30: deadpoolomay сгорел!
25.06.2017 18:52:33: MakFrost был съеден зомби! 
25.06.2017 18:54:09: MakFrost был съеден зомби! 
25.06.2017 19:06:22: BonnieBoy был съеден зомби! 
25.06.2017 19:16:30: Dancer был убит взрывной волной от машины!
25.06.2017 19:17:13: Nocomments.no был съеден зомби! 
25.06.2017 19:20:22: BonnieBoy истёк кровью!
25.06.2017 19:22:29: mr.dimas был съеден зомби! 
25.06.2017 19:24:29: BonnieBoy истёк кровью!
25.06.2017 19:30:59: Silver разбился насмерть!
25.06.2017 19:31:10: BonnieBoy был съеден зомби! 
25.06.2017 19:34:24: BonnieBoy был съеден зомби! 
25.06.2017 19:36:30: BonnieBoy совершил суецид!
25.06.2017 19:36:48: BonnieBoy совершил суецид!
25.06.2017 19:38:23: BiGMonKey отравился!
25.06.2017 19:40:30: BonnieBoy был съеден зомби! 
25.06.2017 19:47:10: BiGMonKey был съеден зомби! 
25.06.2017 19:47:15: vladimir.karelin.04 утонул!
25.06.2017 19:52:28: BiGMonKey был съеден зомби! 
25.06.2017 19:53:51: BiGMonKey был съеден зомби! 
25.06.2017 19:57:48: BiGMonKey был съеден зомби! 
25.06.2017 20:03:10: Dancer истёк кровью!
25.06.2017 20:05:20: aaaaaaaaaa был съеден зомби! 
25.06.2017 20:11:17: aaaaaaaaaa истёк кровью!
25.06.2017 20:11:53: aaaaaaaaaa был убит плювальщиком!
25.06.2017 20:13:41: JesusAVGN был съеден зомби! 
25.06.2017 20:20:09: JesusAVGN был убит плювальщиком!
25.06.2017 20:25:12: Chipilip был съеден зомби! 
25.06.2017 20:28:58: BiGMonKey истёк кровью!
25.06.2017 20:29:37: aaaaaaaaaa истёк кровью!
25.06.2017 20:30:31: Brodyaga совершил суецид!
25.06.2017 20:34:54: BiGMonKey был съеден зомби! 
25.06.2017 20:37:12: AdaptedEye был съеден зомби! 
25.06.2017 20:46:18: aaaaaaaaaa был съеден зомби! 
25.06.2017 21:01:00: stas умер от голода!
25.06.2017 21:31:04: stas был съеден зомби! 
25.06.2017 21:32:18: BiGMonKey истёк кровью!
25.06.2017 21:32:27: 12dfybkm123 истёк кровью!
25.06.2017 21:33:03: Yefet_The_Man сгорел!
25.06.2017 21:34:27: 12dfybkm123 был съеден зомби! 
25.06.2017 21:34:31: stas был съеден зомби! 
25.06.2017 21:42:23: 12dfybkm123 died of holding his breath for too long!
25.06.2017 21:44:43: HoOoKsHoOt был съеден зомби! 
25.06.2017 21:45:11: Wedge Antilles был съеден зомби! 
25.06.2017 21:45:25: aaaaaaaaaa был съеден зомби! 
25.06.2017 21:47:09: ninja был убит камушком!
25.06.2017 21:48:09: Wedge Antilles был съеден зомби! 
25.06.2017 21:50:09: MC HAMMER отравился!
25.06.2017 21:50:38: FolmanPlay был съеден зомби! 
25.06.2017 21:51:54: FolmanPlay истёк кровью!
25.06.2017 21:59:48: 12dfybkm123 был убит плювальщиком!
25.06.2017 21:59:52: stas был убит плювальщиком!
25.06.2017 22:01:44: kostkin.7033 был съеден зомби! 
25.06.2017 22:10:57: 12dfybkm123 был съеден зомби! 
25.06.2017 22:26:57: REHDI2 был съеден зомби! 
25.06.2017 22:30:07: REHDI2 совершил суецид!
25.06.2017 22:33:16: dobblshotYT истёк кровью!
25.06.2017 22:36:48: stas утонул!
25.06.2017 22:40:27: desdenlua был съеден зомби! 
25.06.2017 22:43:23: REHDI2 был съеден зомби! 
25.06.2017 22:45:12: zavickisneo истёк кровью!
25.06.2017 22:51:22: REHDI2 был съеден зомби! 
25.06.2017 22:51:49: Xeum был съеден зомби! 
25.06.2017 22:52:00: BiGMonKey совершил суецид!
25.06.2017 22:52:11: REHDI2 совершил суецид!
25.06.2017 22:52:15: 7_AleX_3 был съеден зомби! 
25.06.2017 22:52:17: zavickisneo был съеден зомби! 
25.06.2017 22:53:30: ninja был убит плювальщиком!
25.06.2017 22:53:37: Xeum был убит плювальщиком!
25.06.2017 22:53:45: REHDI2 был убит плювальщиком!
25.06.2017 22:53:50: 7_AleX_3 был убит плювальщиком!
25.06.2017 22:58:04: zavickisneo истёк кровью!
25.06.2017 22:58:12: dobblshotYT истёк кровью!
25.06.2017 23:01:14: {xp}Disold истёк кровью!
25.06.2017 23:02:21: libros1810 истёк кровью!
25.06.2017 23:02:42: dobblshotYT истёк кровью!
25.06.2017 23:05:05: miguelhea был съеден зомби! 
25.06.2017 23:08:02: Fiz истёк кровью!
25.06.2017 23:16:28: zavickisneo был съеден зомби! 
25.06.2017 23:17:06: dobblshotYT истёк кровью!
25.06.2017 23:20:26: Brodyaga истёк кровью!
25.06.2017 23:21:11: NightLightWILDCASE.COM был съеден зомби! 
25.06.2017 23:22:28: ninja истёк кровью!
25.06.2017 23:23:38: dobblshotYT истёк кровью!
25.06.2017 23:26:42: fijo разбился насмерть!
25.06.2017 23:27:43: Brodyaga совершил суецид!
25.06.2017 23:32:04: BiGMonKey утонул!
25.06.2017 23:33:01: fijo истёк кровью!
25.06.2017 23:35:05: GHOUL был съеден зомби! 
25.06.2017 23:35:16: Santims123123 совершил суецид!
25.06.2017 23:40:37: farid был съеден зомби! 
25.06.2017 23:41:45: miguelhea died of holding his breath for too long!
25.06.2017 23:53:41: aramzic был убит плювальщиком!
25.06.2017 23:58:01: aramzic был убит плювальщиком!
26.06.2017 0:11:03: BiGMonKey утонул!
26.06.2017 0:11:11: BiGMonKey совершил суецид!
26.06.2017 0:13:27: aaaaaaaaaa истёк кровью!
26.06.2017 0:25:10: FerretNahooi был съеден зомби! 
26.06.2017 0:26:05: lolek был съеден зомби! 
26.06.2017 0:30:25: FerretNahooi был съеден зомби! 
26.06.2017 0:32:01: FerretNahooi был съеден зомби! 
26.06.2017 0:36:54: FerretNahooi был съеден зомби! 
26.06.2017 0:37:59: Tommy истёк кровью!
26.06.2017 0:39:06: TopChan был съеден зомби! 
26.06.2017 0:41:50: TopChan был съеден зомби! 
26.06.2017 0:56:24: [RACK]MrKolfi совершил суецид!
26.06.2017 1:13:04: y3lnizkurt был съеден зомби! 
26.06.2017 1:25:49: maxdetisbest истёк кровью!
26.06.2017 1:26:55: Flippen1999 совершил суецид!
26.06.2017 1:27:15: _TagerYT_ был убит взрывной волной от машины!
26.06.2017 1:28:31: Flippen1999 истёк кровью!
26.06.2017 1:29:58: Flippen1999 совершил суецид!
26.06.2017 1:32:49: _TagerYT_ был убит взрывной волной от машины!
26.06.2017 1:38:20: Flippen1999 был съеден зомби! 
26.06.2017 1:45:08: maxdetisbest истёк кровью!
26.06.2017 1:48:19: Flippen1999 был съеден зомби! 
26.06.2017 1:48:46: Flippen1999 совершил суецид!
26.06.2017 1:48:57: Flippen1999 совершил суецид!
26.06.2017 1:49:02: Flippen1999 совершил суецид!
26.06.2017 1:49:26: Flippen1999 совершил суецид!
26.06.2017 1:49:57: maxdetisbest был съеден зомби! 
26.06.2017 1:50:03: Flippen1999 совершил суецид!
26.06.2017 1:50:43: maxdetisbest совершил суецид!
26.06.2017 1:51:07: maxdetisbest совершил суецид!
26.06.2017 1:59:02: maxdetisbest был убит взрывной волной от машины!
26.06.2017 2:02:43: maxdetisbest был съеден зомби! 
26.06.2017 2:03:55: Flippen1999 был съеден зомби! 
26.06.2017 2:13:36: Flippen1999 был съеден зомби! 
26.06.2017 2:14:38: Flippen1999 был съеден зомби! 
26.06.2017 2:20:24: Zephlin206 был съеден зомби! 
26.06.2017 2:20:28: coffee21206 был съеден зомби! 
26.06.2017 2:22:55: coffee21206 совершил суецид!
26.06.2017 2:47:56: MC HAMMER утонул!
26.06.2017 3:02:17: coffee21206 утонул!
26.06.2017 3:02:46: Zephlin206 утонул!
26.06.2017 3:03:34: coffee21206 совершил суецид!
26.06.2017 3:03:51: MC HAMMER истёк кровью!
26.06.2017 3:04:53: coffee21206 совершил суецид!
26.06.2017 3:05:38: MC HAMMER истёк кровью!
26.06.2017 3:13:14: coffee21206 совершил суецид!
26.06.2017 3:13:18: Zephlin206 совершил суецид!
26.06.2017 3:14:10: coffee21206 совершил суецид!
26.06.2017 3:14:22: coffee21206 совершил суецид!
26.06.2017 3:14:48: coffee21206 был съеден зомби! 
26.06.2017 3:58:12: dragonlpzw истёк кровью!
26.06.2017 3:58:34: notneeded истёк кровью!
26.06.2017 4:25:40: notneeded был съеден зомби! 
26.06.2017 4:25:54: dragonlpzw был съеден зомби! 
26.06.2017 5:32:21: dragonlpzw утонул!
26.06.2017 5:34:36: notneeded был убит плювальщиком!
26.06.2017 5:41:45: dragonlpzw был съеден зомби! 
26.06.2017 5:42:12: notneeded истёк кровью!
26.06.2017 7:53:01: MasterZ239 истёк кровью!
26.06.2017 7:54:20: MasterZ239 был съеден зомби! 
26.06.2017 7:56:32: MasterZ239 был съеден зомби! 
26.06.2017 7:58:24: MasterZ239 был съеден зомби! 
26.06.2017 8:47:42: Evil Mickey был съеден зомби! 
26.06.2017 8:54:12: Evil Mickey истёк кровью!
26.06.2017 9:42:36: Evil Mickey отравился!
