Не обработано: RocketRcon v2.4.8.0
RocketRcon v2.4.8.0

Client has executed command "players"

TimerTerminateCommand.Enabled with Players:
Players:
PlayerID: 76561198309008539 Name: NOOO-SENPAI... Character: Сенпай Ping: 31
PlayerID: 76561198151655003 Name: HemulGM Character: HemulGM Ping: 7
PlayerID: 76561198147477828 Name: galbatsovmikail Character: galbatsovmikail Ping: 54
PlayerID: 76561198140053978 Name: 7_AleX_3 Character: 7_AleX_3 Ping: 39
PlayerID: 76561198080300844 Name: $.W.A.T. Character: $.W.A.T. Ping: 54
PlayerID: 76561198366549870 Name: Expert13372284200 Character: Expert1337 Ping: 156
PlayerID: 76561198297629847 Name: VeZuN4iK Character: DeN Ping: 54

TimerTerminateCommand.Enabled with Players:
Client has executed command "say "TestOano""

TimerTerminateCommand.Enabled with Players:
[World] galbatsovmikail [galbatsovmikail]: "дома"

END with Players:
Client has executed command "bans"

TimerTerminateCommand.Enabled with Bans:
Bans:
PlayerID: 76561198274427357
JudgeID: 0
Reason: you were vote kicked Duration: 180 Remaining: 4294310414

END with Bans:
[World] Сенпай [NOOO-SENPAI...]: "типо самлоет пролетает и сбрасывате ящик?"

