Не обработано: RocketRcon v2.4.8.0
RocketRcon v2.4.8.0

Client has executed command "players"

TimerTerminateCommand.Enabled with Players:
Players:
PlayerID: 76561198366549870 Name: Expert13372284200 Character: Expert1337 Ping: 125
PlayerID: 76561198376380342 Name: Sergeant Gamezer Character: Dr.Lee Gamezer  Ping: 109
PlayerID: 76561198319470051 Name: _TATAP_ Character: TATAP123 Ping: 62
PlayerID: 76561198381173735 Name: ingener_spring Character: ingener_spring Ping: 54
PlayerID: 76561198345092267 Name: demid3450 Character: [гл террористов] демид журавлёв Ping: 101
PlayerID: 76561198242024664 Name: роршах Character: psk_quadro Ping: 343

TimerTerminateCommand.Enabled with Players:
Client has executed command "bans"

END with Players:
TimerTerminateCommand.Enabled with Bans:
Bans:
PlayerID: 123123
JudgeID: 0
Reason: unspecified Duration: 31536000 Remaining: 31306109
PlayerID: 123
JudgeID: 0
Reason: durila Duration: 4000 Remaining: 4294741903
PlayerID: 76561198274427357
JudgeID: 0
Reason: you were vote kicked Duration: 180 Remaining: 4294770276

END with Bans:
[World] Dr.Lee Gamezer  [Sergeant Gamezer]: "hello"

Client has executed command "say "???M: ????????""

[Area] psk_quadro [роршах]: "/kits"

Client has executed command "players"

TimerTerminateCommand.Enabled with Players:
Players:
PlayerID: 76561198366549870 Name: Expert13372284200 Character: Expert1337 Ping: 140
PlayerID: 76561198376380342 Name: Sergeant Gamezer Character: Dr.Lee Gamezer  Ping: 140
PlayerID: 76561198319470051 Name: _TATAP_ Character: TATAP123 Ping: 62
PlayerID: 76561198381173735 Name: ingener_spring Character: ingener_spring Ping: 54
PlayerID: 76561198345092267 Name: demid3450 Character: [гл террористов] демид журавлёв Ping: 171
PlayerID: 76561198242024664 Name: роршах Character: psk_quadro Ping: 359

END with Players:
