17.06.2017 13:09:58: top был съеден зомби! 
17.06.2017 13:10:47: Danil_Boss совершил суецид!
17.06.2017 13:12:23: “угрик истЄк кровью!
17.06.2017 13:14:46: ƒанил ћакеев, HP: 68%, убит, Danil_Boss, использу€ Scalar !
17.06.2017 13:15:57: Stanat was shot down by a sentry
17.06.2017 13:18:20: yelowruben, HP: 79%, убит, Sans_super, использу€ Fusilaut !
17.06.2017 13:18:28: Danil_Boss истЄк кровью!
17.06.2017 13:20:03: top истЄк кровью!
17.06.2017 13:20:34: Danil_Boss был съеден зомби! 
17.06.2017 13:22:52: Danil_Boss был съеден зомби! 
17.06.2017 13:23:21: Sans_super истЄк кровью!
17.06.2017 13:24:22: Zlo, HP: 100%, ran over nikanorova2, использу€ Bouncer!
17.06.2017 13:34:23: Ana, убит в голову, yelowruben, HP: 100%, использу€ Fusilaut !
17.06.2017 13:36:44: Danil_Boss был съеден зомби! 
17.06.2017 13:36:52: Sans_super был съеден зомби! 
17.06.2017 13:37:30: Danil_Boss истЄк кровью!
17.06.2017 13:37:45: Sans_super был съеден зомби! 
17.06.2017 13:41:51: Dmitriy_Ivan0v был убит плювальщиком!
17.06.2017 13:43:20: ѕипр, убит в голову, »ндиго, HP: 100%, использу€ Ekho !
17.06.2017 13:43:54: ѕипр был съеден зомби! 
17.06.2017 13:44:04: »ндиго был съеден зомби! 
17.06.2017 13:44:32: BAX был съеден зомби! 
17.06.2017 13:44:49: ƒанил ћакеев был съеден зомби! 
17.06.2017 13:45:13: nikanorova2, убит в голову, yelowruben, HP: 85%, использу€ Fusilaut !
17.06.2017 13:45:16: Sans_super совершил суецид!
17.06.2017 13:46:26: nikanorova2 был съеден зомби! 
17.06.2017 13:46:42: ƒанил ћакеев был съеден зомби! 
17.06.2017 13:46:47: yelowruben истЄк кровью!
17.06.2017 13:47:22: Danil_Boss был съеден зомби! 
17.06.2017 13:48:50: yelowruben был убит плювальщиком!
17.06.2017 13:51:28: yelowruben совершил суецид!
17.06.2017 13:51:52: ѕипр, убит в голову, nikanorova2, HP: 100%, использу€ Fusilaut !
17.06.2017 13:53:39: ѕипр, убит в голову, Mr. Pozitiv, HP: 68%, использу€ Military Knife !
17.06.2017 13:54:47: heng.robert совершил суецид!
17.06.2017 13:58:44: Ana был съеден зомби! 
17.06.2017 14:00:15: какаша убит в голову, Zlo, HP: 99%!
17.06.2017 14:00:45: Dmitriy_Ivan0v, HP: 100%, был отравлен, (Ace) Jevun V4, и умер! использу€ Military Knife
17.06.2017 14:04:16: BAX, убит в голову, (Ace) Jevun V4, HP: 74%, использу€ Ace !
17.06.2017 14:05:22: Mr. Pozitiv, убит в голову, ѕипр, HP: 32%, использу€ Paintball Gun !
17.06.2017 14:08:26: Expert1337, убит в голову, ѕипр, HP: 99%, использу€ Paintball Gun !
17.06.2017 14:13:20: ѕипр, убит в голову, »ндиго, HP: 46%, использу€ Paintball Gun !
17.06.2017 14:17:49: nikanorova2, убит в голову, »ндиго, HP: 100%, использу€ Paintball Gun !
17.06.2017 14:22:24: nikanorova2, убит в голову, »ндиго, HP: 100%, использу€ Paintball Gun !
17.06.2017 14:25:23: nikanorova2  was killed by splash damage!
17.06.2017 14:25:23: Mr. Pozitiv, убит в голову, Zlo, HP: 8%, использу€ Shadowstalker Mk. II !
17.06.2017 14:25:23: Zlo  was killed by splash damage!
17.06.2017 14:26:03: nikanorova2 истЄк кровью!
17.06.2017 14:31:49: Expert1337, убит в голову, Mr. Pozitiv, HP: 75%, использу€ Sabertooth !
17.06.2017 14:38:02: Ana истЄк кровью!
17.06.2017 14:38:18: (Ace) Jevun V4, убит в голову, Expert1337, HP: 100%, использу€ Ekho !
17.06.2017 14:41:30: ѕипр  was killed by splash damage!
17.06.2017 14:42:50: Ana  was killed by splash damage!
17.06.2017 14:43:33: ѕипр был съеден зомби! 
17.06.2017 14:59:52: nikanorova2  was killed by splash damage!
17.06.2017 15:00:05: Dancer, убит в голову, Mr. Pozitiv, HP: 100%, использу€ Military Knife !
17.06.2017 15:00:25: Zlo, HP: 100%, убит,  ост€, использу€ Shadowstalker Mk. II !
17.06.2017 15:00:52: nikanorova2  was killed by splash damage!
17.06.2017 15:02:20: nikanorova2  was killed by splash damage!
17.06.2017 15:02:22: top, убит в голову, какаша, HP: 95%, использу€ Grizzly !
17.06.2017 15:02:28: Ќиколай Ѕелый истЄк кровью!
17.06.2017 15:02:33: RoflanEbalo истЄк кровью!
17.06.2017 15:04:43: Pisos Otsos, убит в голову, Zlo, HP: 100%, использу€ Matamorez !
17.06.2017 15:05:35: Dancer был съеден зомби! 
17.06.2017 15:07:15: Zlo, убит в голову, какаша, HP: 95%, использу€ Grizzly !
17.06.2017 15:10:43: Dancer, HP: 62%, был отравлен, nikanorova2, и умер! использу€ Military Knife
17.06.2017 15:10:45: Dancer убит в голову, Zlo, HP: 100%!
17.06.2017 15:11:57: Ќиколай Ѕелый, HP: 93%, убит, Pisos Otsos, использу€ Eaglefire !
17.06.2017 15:12:18: Ќиколай Ѕелый, HP: 93%, убит, Pisos Otsos, использу€ Eaglefire !
17.06.2017 15:12:35: RoflanEbalo был съеден зомби! 
17.06.2017 15:15:35: Zlo, HP: 100%, убит, Dancer, использу€ Shadowstalker Mk. II !
17.06.2017 15:16:00: Dancer  was killed by splash damage!
17.06.2017 15:17:05: Zlo  was killed by splash damage!
17.06.2017 15:17:10: Pisos Otsos был съеден зомби! 
17.06.2017 15:18:00: Zlo, убит в голову, Dancer, HP: 100%, использу€ Chainsaw !
17.06.2017 15:18:02: nikanorova2, убит в голову, Dancer, HP: 100%, использу€ Chainsaw !
17.06.2017 15:18:25: Pisos Otsos, убит в голову, Alexandr_Evil, HP: 34%, использу€ Avenger !
17.06.2017 15:18:44: Zlo, HP: 100%, был отравлен, Dancer, и умер! использу€ Chainsaw
17.06.2017 15:20:19: Sneber был съеден зомби! 
17.06.2017 15:21:25: RoflanEbalo был съеден зомби! 
17.06.2017 15:21:34: RoflanEbalo, HP: 100%, был отравлен, Dima_Praymoglyadov, и умер! использу€ Military Knife
17.06.2017 15:22:43: Dancer истЄк кровью!
17.06.2017 15:23:35: Ќиколай Ѕелый истЄк кровью!
17.06.2017 15:23:42: top, HP: 66%, ran over Dancer, использу€ Black Rover!
17.06.2017 15:24:23: Ќиколай Ѕелый, HP: 100%, был отравлен, Dancer, и умер! использу€ Military Knife
17.06.2017 15:24:57: Alexandr_Evil был съеден зомби! 
17.06.2017 15:25:02: Sneber был съеден зомби! 
17.06.2017 15:25:29: Ќиколай Ѕелый, HP: 100%, был отравлен, Dancer, и умер! использу€ Butterfly Knife
17.06.2017 15:26:14: Dancer, убит в голову, Ќиколай Ѕелый, HP: 73%, использу€ Military Knife !
17.06.2017 15:26:14: labrasaur был съеден зомби! 
17.06.2017 15:26:29: nikanorova2 был съеден зомби! 
17.06.2017 15:26:59: Sneber был съеден зомби! 
17.06.2017 15:27:04: Alexandr_Evil, убит в голову, Sans_super, HP: 72%, использу€ Heartbreaker !
17.06.2017 15:27:26: RoflanEbalo сгорел!
17.06.2017 15:28:37: Dancer, убит в голову, Ќиколай Ѕелый, HP: 86%, использу€ Butterfly Knife !
17.06.2017 15:30:32: Sans_super был съеден зомби! 
17.06.2017 15:34:50: Sans_super, убит в голову, Mr. Pozitiv, HP: 80%, использу€ Military Knife !
17.06.2017 15:38:25: Sans_super совершил суецид!
17.06.2017 15:38:51: Mr. Pozitiv  was killed by splash damage!
17.06.2017 15:38:52:  ост€  was killed by splash damage!
17.06.2017 15:41:52: nikanorova2, убит в голову, Mr. Pozitiv, HP: 100%, использу€ Butterfly Knife !
17.06.2017 15:45:00: Mr. Pozitiv, убит в голову, какаша, HP: 69%, использу€ Zubeknakov !
17.06.2017 15:46:26: BAX истЄк кровью!
17.06.2017 15:47:27: top был убит взрывной волной от машины!
17.06.2017 15:47:49: какаша  was killed by splash damage!
17.06.2017 15:48:49: Mr. Pozitiv был убит плювальщиком!
17.06.2017 15:51:27: GG, HP: 76%, убит, BAX, использу€ Cobra !
17.06.2017 15:51:44: oo был съеден зомби! 
17.06.2017 15:52:49: nikanorova2 был съеден зомби! 
17.06.2017 15:53:23: Mr. Pozitiv был съеден зомби! 
17.06.2017 15:54:21: nikanorova2 был съеден зомби! 
17.06.2017 15:55:29:  ост€, убит в голову, Mr. Pozitiv, HP: 100%, использу€ Butterfly Knife !
17.06.2017 15:55:52: Mr. Pozitiv убит в голову, какаша, HP: 63%!
17.06.2017 15:56:29: Mr. Pozitiv, убит в голову, какаша, HP: 63%, использу€ Butterfly Knife !
17.06.2017 15:57:13: какаша  was killed by splash damage!
17.06.2017 15:57:30: nikanorova2 истЄк кровью!
17.06.2017 16:01:51: Mr. Pozitiv, HP: 56%, убит, oo, использу€ Calling Card !
17.06.2017 16:03:26: GG, HP: 69%, убит, Mr. Pozitiv, использу€ Cobra !
17.06.2017 16:04:04: GG, убит в голову, Mr. Pozitiv, HP: 100%, использу€ Heartbreaker !
17.06.2017 16:04:05: oo, убит в голову, Mr. Pozitiv, HP: 100%, использу€ Heartbreaker !
17.06.2017 16:05:46: oo был убит плювальщиком!
17.06.2017 16:07:32: Itsysmolo был съеден зомби! 
17.06.2017 16:11:00: nikanorova2  was killed by splash damage!
17.06.2017 16:11:44: какаша, HP: 9%, убит, Zlo, использу€ Matamorez !
17.06.2017 16:15:20: nikanorova2  was killed by splash damage!
17.06.2017 16:20:04: @noundsss был съеден зомби! 
17.06.2017 16:25:00: BAX совершил суецид!
17.06.2017 16:26:28: BAX был съеден зомби! 
17.06.2017 16:27:47: BAX сгорел!
17.06.2017 16:28:51: BAX был съеден зомби! 
17.06.2017 16:29:58: BAX совершил суецид!
17.06.2017 16:38:39: ћиша разбилс€ насмерть!
17.06.2017 16:49:39: Dancer истЄк кровью!
17.06.2017 16:51:12: Dancer был съеден зомби! 
17.06.2017 16:59:01: Mr. Pozitiv, убит в голову, Fresh, HP: 77%, использу€ Cobra !
17.06.2017 17:02:55: Fresh, HP: 77%, убит, Mr. Pozitiv, использу€ Cobra !
17.06.2017 17:18:50: ѕипр, убит в голову, Madness, HP: 100%, использу€ Military Knife !
17.06.2017 17:22:24: Fresh, убит в голову, Madness, HP: 100%, использу€ Cobra !
17.06.2017 17:26:34: Madness, HP: 42%, убит, Fresh, использу€ Cobra !
17.06.2017 17:36:04: rusik.zulkashev, убит в голову, Fresh, HP: 79%, использу€ Flashlight !
17.06.2017 17:40:00: ¬лад_бомж, убит в голову, јртемий, HP: 100%, использу€ Camp Axe !
17.06.2017 17:40:38: natal.svist.yandex.ru был съеден зомби! 
17.06.2017 17:41:51: јртемий, убит в голову, ¬лад_бомж, HP: 83%, использу€ Cobra !
17.06.2017 17:47:32: BAX истЄк кровью!
17.06.2017 18:09:39: Dancer был съеден зомби! 
17.06.2017 18:13:40: Fresh, HP: 59%, убит, ѕипр, использу€ Avenger !
17.06.2017 18:17:06: natal.svist.yandex.ru был съеден зомби! 
17.06.2017 18:18:46: natal.svist.yandex.ru был съеден зомби! 
17.06.2017 18:21:33: natal.svist.yandex.ru был съеден зомби! 
17.06.2017 18:26:39: natal.svist.yandex.ru был съеден зомби! 
17.06.2017 18:27:27:  илас был съеден зомби! 
17.06.2017 18:33:56:  илас был съеден зомби! 
17.06.2017 18:34:13: natal.svist.yandex.ru, убит в голову, Fresh, HP: 69%, использу€ Avenger !
17.06.2017 18:37:08: natal.svist.yandex.ru был съеден зомби! 
17.06.2017 18:39:32: DiktorGaim, убит в голову, Fresh, HP: 69%, использу€ Avenger !
17.06.2017 18:39:35: natal.svist.yandex.ru был съеден зомби! 
17.06.2017 18:40:50: DiktorGaim был съеден зомби! 
17.06.2017 18:41:19: korak, убит в голову, Zlo, HP: 100%, использу€ Chainsaw !
17.06.2017 18:43:31: DiktorGaim истЄк кровью!
17.06.2017 18:44:12: natal.svist.yandex.ru был съеден зомби! 
17.06.2017 18:46:16: DiktorGaim был съеден зомби! 
17.06.2017 18:48:15: YT/FalTonik совершил суецид!
17.06.2017 18:55:02: natal.svist.yandex.ru был съеден зомби! 
17.06.2017 18:56:20: Zlo  was killed by splash damage!
17.06.2017 18:57:54: natal.svist.yandex.ru был съеден зомби! 
17.06.2017 19:02:27: natal.svist.yandex.ru, убит в голову, YT/FalTonik, HP: 100%, использу€ Sabertooth !
17.06.2017 19:08:03: natal.svist.yandex.ru был съеден зомби! 
17.06.2017 19:08:35: DiktorGaim был съеден зомби! 
17.06.2017 19:13:39: DiktorGaim, убит в голову, Zlo, HP: 100%, использу€ Chainsaw !
17.06.2017 19:17:48:  илас был съеден зомби! 
17.06.2017 19:22:09: Bumstern  was killed by splash damage!
17.06.2017 19:22:39: Dancer истЄк кровью!
17.06.2017 19:30:55: YT/FalTonik был съеден зомби! 
17.06.2017 19:33:44: survivalist был съеден зомби! 
17.06.2017 19:33:58: Ana истЄк кровью!
17.06.2017 19:34:07: aboka истЄк кровью!
17.06.2017 19:34:35: YT/FalTonik был убит плювальщиком!
17.06.2017 19:34:39: melih batuhan123 был съеден зомби! 
17.06.2017 19:34:56: Ana был съеден зомби! 
17.06.2017 19:35:13: Hoxton сгорел!
17.06.2017 19:37:22: Zlo, HP: 100%, убит, korak, использу€ HMG !
17.06.2017 19:40:48: Ana был съеден зомби! 
17.06.2017 19:41:12: DiktorGaim, убит в голову, MRDolar, HP: 90%, использу€ Honeybadger !
17.06.2017 19:42:21: Lazer228  was killed by splash damage!
17.06.2017 19:42:34: YT/FalTonik был съеден зомби! 
17.06.2017 19:43:15: Ana был съеден зомби! 
17.06.2017 19:46:12:  илас, убит в голову, MRDolar, HP: 100%, использу€ Honeybadger !
17.06.2017 19:46:13: YT/FalTonik, убит в голову, MRDolar, HP: 100%, использу€ Honeybadger !
17.06.2017 19:46:22: DiktorGaim совершил суецид!
17.06.2017 19:46:25: survivalist  was killed by splash damage!
17.06.2017 19:47:33:  илас сгорел!
17.06.2017 19:47:42: DiktorGaim совершил суецид!
17.06.2017 19:49:05: DiktorGaim  was killed by splash damage!
17.06.2017 19:49:26: survivalist  was killed by splash damage!
17.06.2017 19:50:10: DiktorGaim, убит в голову, aboka, HP: 71%, использу€ Military Knife !
17.06.2017 19:50:21: survivalist  was killed by splash damage!
17.06.2017 19:54:31: Lazer228 устал до смерти!
17.06.2017 19:58:26: manuel.zirwes died of holding his breath for too long!
17.06.2017 20:01:07: [PFC]...:Oleg:..., HP: 100%, убит, Dancer, использу€ Cobra !
17.06.2017 20:05:23: Dancer, убит в голову, [PFC]...:Oleg:..., HP: 100%, использу€ Cobra !
17.06.2017 20:06:16: Dancer, HP: 100%, был отравлен, YT/FalTonik, и умер! использу€ Military Knife
17.06.2017 20:07:22: Dancer, убит в голову, Zlo, HP: 26%, использу€ Matamorez !
17.06.2017 20:07:48: 7_AleX_3, убит в голову, survivalist, HP: 25%, использу€ Scalar !
17.06.2017 20:08:26: XxSAVAGExX, убит в голову, 7_AleX_3, HP: 100%, использу€ Flashlight !
17.06.2017 20:09:11: 7_AleX_3, убит в голову, Dancer, HP: 100%, использу€ Military Knife !
17.06.2017 20:13:40: blank , HP: 100%, убит, akahn6, использу€ Timberwolf !
17.06.2017 20:14:27: 7_AleX_3 истЄк кровью!
17.06.2017 20:15:10: Zlo, HP: 100%, убит, 7_AleX_3, использу€ Honeybadger !
17.06.2017 20:15:38: Zlo, HP: 100%, убит, survivalist, использу€ Honeybadger !
17.06.2017 20:16:15: Zlo, HP: 100%, убит, survivalist, использу€ Honeybadger !
17.06.2017 20:16:37: akahn6, убит в голову, kurbatoff.nikita2014, HP: 100%, использу€ Baseball Bat !
17.06.2017 20:16:51: 7_AleX_3, убит в голову, blank , HP: 100%, использу€ Determinator !
17.06.2017 20:17:11: survivalist, убит в голову, blank , HP: 100%, использу€ Determinator !
17.06.2017 20:17:37: survivalist, убит в голову, Zlo, HP: 100%, использу€ Honeybadger !
17.06.2017 20:19:52: survivalist, убит в голову, Zlo, HP: 100%, использу€ Honeybadger !
17.06.2017 20:24:59: 7_AleX_3, убит в голову, blank , HP: 100%, использу€ Maplestrike !
17.06.2017 20:26:14: blank , HP: 100%, убит, 7_AleX_3, использу€ Determinator !
17.06.2017 20:26:32: 7_AleX_3, убит в голову, blank , HP: 100%, использу€ Maplestrike !
17.06.2017 20:26:39: blank , HP: 100%, убит, survivalist, использу€ Maplestrike !
17.06.2017 20:26:43: blank , HP: 100%, убит, aboka, использу€ Maplestrike !
17.06.2017 20:27:01: survivalist, убит в голову, blank , HP: 100%, использу€ Determinator !
17.06.2017 20:28:13: 7_AleX_3, убит в голову, blank , HP: 85%, использу€ Determinator !
17.06.2017 20:28:55: 7_AleX_3, убит в голову, Zlo, HP: 100%, использу€ Maplestrike !
17.06.2017 20:30:08: survivalist, убит в голову, blank , HP: 85%, использу€ Determinator !
17.06.2017 20:30:53: blank , HP: 85%, убит, 7_AleX_3, использу€ Determinator !
17.06.2017 20:31:41: 7_AleX_3, убит в голову, Zlo, HP: 100%, использу€ Maplestrike !
17.06.2017 20:31:58: Ana, HP: 100%, убит, 7_AleX_3, использу€ Teklowvka !
17.06.2017 20:35:30: blank , HP: 100%, убит, 7_AleX_3, использу€ Maplestrike !
17.06.2017 20:36:20: Zlo, HP: 100%, ran over 7_AleX_3, использу€ Bouncer!
17.06.2017 20:39:28: 7_AleX_3, убит в голову, Zlo, HP: 100%, использу€ Maplestrike !
17.06.2017 20:39:46: CRYSIS, убит в голову, Timka6434, HP: 100%, использу€ Scalar !
17.06.2017 20:41:10: blank , HP: 100%, убит, Timka6434, использу€ Maplestrike !
17.06.2017 20:42:01: Timka6434, убит в голову, Zlo, HP: 72%, использу€ Maplestrike !
17.06.2017 20:42:38: Zlo, HP: 100%, убит, Ana, использу€ Maplestrike !
17.06.2017 20:43:13: Ana совершил суецид!
17.06.2017 20:44:09: Zlo, HP: 100%, убит, Timka6434, использу€ Maplestrike !
17.06.2017 20:45:34: blank , HP: 89%, убит, CRYSIS, использу€ Maplestrike !
17.06.2017 20:46:07: Zlo, HP: 100%, убит, Ana, использу€ Maplestrike !
17.06.2017 20:46:18: GORLUM, убит в голову, blank , HP: 85%, использу€ Maplestrike !
17.06.2017 20:46:41: Zlo, HP: 100%, убит, Timka6434, использу€ Maplestrike !
17.06.2017 20:49:16: GORLUM был съеден зомби! 
17.06.2017 20:51:23: survivalist, убит в голову, Zlo, HP: 100%, использу€ Maplestrike !
17.06.2017 20:51:58: Ana был съеден зомби! 
17.06.2017 20:52:11: blank , убит в голову, 7_AleX_3, HP: 100%, использу€ Augewehr !
17.06.2017 20:52:23: GORLUM, убит в голову, Zlo, HP: 100%, использу€ Maplestrike !
17.06.2017 20:52:26: 7_AleX_3, HP: 100%, убит, Zlo, использу€ Augewehr !
17.06.2017 20:52:49: 7_AleX_3, убит в голову, Zlo, HP: 99%, использу€ Chainsaw !
17.06.2017 20:53:31: 7_AleX_3  was killed by splash damage!
17.06.2017 20:54:05: Timka6434 совершил суецид!
17.06.2017 20:55:51: 7_AleX_3, убит в голову, blank , HP: 100%, использу€ Blowtorch !
17.06.2017 20:55:55: survivalist, убит в голову, blank , HP: 100%, использу€ Blowtorch !
17.06.2017 20:57:13: 7_AleX_3, убит в голову, blank , HP: 100%, использу€ Maplestrike !
