Не обработано: RocketRcon v2.4.8.0
RocketRcon v2.4.8.0

Client has executed command "players"

TimerTerminateCommand.Enabled with Players:
Players:
PlayerID: 76561198278360341 Name: AcademeG Character: AcademeG Ping: 92
PlayerID: 76561198268161521 Name: DOMIK Character: Listiger_wolf2 Ping: 51
PlayerID: 76561198391815543 Name: dinorendulic03 Character: dinorendulic03 Ping: 181
PlayerID: 76561198326929390 Name: kuki Character: soliclukas Ping: 101
PlayerID: 76561198282144710 Name: Max_Prom Character: Max_Prom Ping: 220
PlayerID: 76561198152412351 Name: superCDHC Character: superCDHC Ping: 72
PlayerID: 76561198254435217 Name: MKN Character: MKN Ping: 111
PlayerID: 76561198360396058 Name: SoSi PeSoS Character: НеИзВеСтНыЙ Ping: 8

END with Players:
Client has executed command "bans"

TimerTerminateCommand.Enabled with Bans:
Bans:
PlayerID: 76561198274427357
JudgeID: 0
Reason: you were vote kicked Duration: 180 Remaining: 4294116093

TimerTerminateCommand.Enabled with Bans:
Connecting: PlayerID: 76561198165822970 Name: Indigo Character: Indigo

END with Bans:
[World] НеИзВеСтНыЙ [SoSi PeSoS]: "/p"

Не обработано: DeathMessagesRemastered >> Broadcast: MKN has been mauled by a zombie! 
DeathMessagesRemastered >> Broadcast: MKN has been mauled by a zombie! 

Не обработано: MKN [MKN] was mauled by a zombie!
MKN [MKN] was mauled by a zombie!

Client has executed command "players"

TimerTerminateCommand.Enabled with Players:
Players:
PlayerID: 76561198278360341 Name: AcademeG Character: AcademeG Ping: 92
PlayerID: 76561198268161521 Name: DOMIK Character: Listiger_wolf2 Ping: 64
PlayerID: 76561198391815543 Name: dinorendulic03 Character: dinorendulic03 Ping: 177
PlayerID: 76561198326929390 Name: kuki Character: soliclukas Ping: 106
PlayerID: 76561198282144710 Name: Max_Prom Character: Max_Prom Ping: 169
PlayerID: 76561198152412351 Name: superCDHC Character: superCDHC Ping: 71
PlayerID: 76561198254435217 Name: MKN Character: MKN Ping: 122
PlayerID: 76561198360396058 Name: SoSi PeSoS Character: НеИзВеСтНыЙ Ping: 52
PlayerID: 76561198165822970 Name: Indigo Character: Indigo Ping: 165

END with Players:
Client has executed command "bans"

TimerTerminateCommand.Enabled with Bans:
Bans:
PlayerID: 76561198274427357
JudgeID: 0
Reason: you were vote kicked Duration: 180 Remaining: 4294116073

END with Bans:
Не обработано: DeathMessagesRemastered >> Broadcast: superCDHC has been mauled by a zombie! 
DeathMessagesRemastered >> Broadcast: superCDHC has been mauled by a zombie! 

Не обработано: superCDHC [superCDHC] was mauled by a zombie!
superCDHC [superCDHC] was mauled by a zombie!

Connecting: PlayerID: 76561198137518896 Name: fitman Character: fitman

Не обработано: MessageAnnouncer >> Broadcast: Наберите /kit help, чтобы получить первую мед. помощь (бинты, таблетки, еда)
MessageAnnouncer >> Broadcast: Наберите /kit help, чтобы получить первую мед. помощь (бинты, таблетки, еда)

Не обработано: MessageAnnouncer >> Наберите /kit help, чтобы получить первую мед. помощь (бинты, таблетки, еда)
MessageAnnouncer >> Наберите /kit help, чтобы получить первую мед. помощь (бинты, таблетки, еда)

[Group] soliclukas [kuki]: "ff"

Client has executed command "players"

TimerTerminateCommand.Enabled with Players:
Players:
PlayerID: 76561198278360341 Name: AcademeG Character: AcademeG Ping: 141
PlayerID: 76561198268161521 Name: DOMIK Character: Listiger_wolf2 Ping: 57
PlayerID: 76561198391815543 Name: dinorendulic03 Character: dinorendulic03 Ping: 150
PlayerID: 76561198326929390 Name: kuki Character: soliclukas Ping: 116
PlayerID: 76561198282144710 Name: Max_Prom Character: Max_Prom Ping: 187
PlayerID: 76561198152412351 Name: superCDHC Character: superCDHC Ping: 208
PlayerID: 76561198254435217 Name: MKN Character: MKN Ping: 107
PlayerID: 76561198360396058 Name: SoSi PeSoS Character: НеИзВеСтНыЙ Ping: 52
PlayerID: 76561198165822970 Name: Indigo Character: Indigo Ping: 58
PlayerID: 76561198137518896 Name: fitman Character: fitman Ping: 34

TimerTerminateCommand.Enabled with Players:
[World] dinorendulic03 [dinorendulic03]: "/tpa soliclukas"

TimerTerminateCommand.Enabled with Players:
[World] НеИзВеСтНыЙ [SoSi PeSoS]: "/kit start"

TimerTerminateCommand.Enabled with Players:
Disconnecting: PlayerID: 76561198152412351 Name: superCDHC Character: superCDHC

TimerTerminateCommand.Enabled with Players:
Connecting: PlayerID: 76561198152466685 Name: Blaster006 Character: Blaster006

TimerTerminateCommand.Enabled with Players:
[Group] soliclukas [kuki]: "/tpa a"

END with Players:
Client has executed command "bans"

TimerTerminateCommand.Enabled with Bans:
Bans:
PlayerID: 76561198274427357
JudgeID: 0
Reason: you were vote kicked Duration: 180 Remaining: 4294116049

END with Bans:
