Не обработано: RocketRcon v2.4.8.0
RocketRcon v2.4.8.0

Client has executed command "players"

TimerTerminateCommand.Enabled with Players:
Players:
PlayerID: 76561198280617288 Name: Незнаю какой придумать Character: Пипр Ping: 39
PlayerID: 76561198140053978 Name: 7_AleX_3 Character: 7_AleX_3 Ping: 31
PlayerID: 76561198303283372 Name: PeR4IK Character: данил Ping: 70
PlayerID: 76561198341672556 Name: st.vladir Character: st.vladir Ping: 148
PlayerID: 76561198084181376 Name: я слижу завами Character: H0MYak Ping: 7
PlayerID: 76561198292543416 Name: Mr_GiladKing Character: GamerYT Ping: 156
PlayerID: 76561198198481426 Name: JasonVH Character: JasonVH Ping: 85
PlayerID: 76561198314638573 Name: UDODMEN Character: udodmen Ping: 62
PlayerID: 76561198123840535 Name: ?????? Character: top Ping: 117

TimerTerminateCommand.Enabled with Players:
Client has executed command "bans"

END with Players:
TimerTerminateCommand.Enabled with Bans:
Bans:
PlayerID: 123123
JudgeID: 0
Reason: unspecified Duration: 31536000 Remaining: 31296622
PlayerID: 123
JudgeID: 0
Reason: durila Duration: 4000 Remaining: 4294732416
PlayerID: 76561198274427357
JudgeID: 0
Reason: you were vote kicked Duration: 180 Remaining: 4294760789

???M ?вап
???M ?вап
???M ?вап
END with Bans:
???M ?вап
???M ?вап
[World] top [??????]: "/tpa пипр"
???M ?вап
???M ?вап
???M ?вап
[World] Пипр [Незнаю какой придумать]: "/tpa a"
???M ?вап
???M ?вап
???M ?вап
???M ?вап
???M ?вап
[World] Пипр [Незнаю какой придумать]: "/home"
Не обработано: 7_AleX_3 moved x:441.2053 y:63.99398(+25.51666) z:-666.0734 in the last second (0.1007919)
7_AleX_3 moved x:441.2053 y:63.99398(+25.51666) z:-666.0734 in the last second (0.1007919)

???M ?вап
Не обработано: Пипр moved x:-695.5986 y:82.72859(+50.69753) z:324.784 in the last second (0.2379227)
Пипр moved x:-695.5986 y:82.72859(+50.69753) z:324.784 in the last second (0.2379227)
???M ?вап
???M ?вап
???M ?вап
???M ?вап