Не обработано: RocketRcon v2.4.8.0
RocketRcon v2.4.8.0

Client has executed command "players"

TimerTerminateCommand.Enabled with Players:
Players:
PlayerID: 76561198300812301 Name: KiLeR00707 Character: KiLeR00707 Ping: 15
PlayerID: 76561198295801599 Name: Lo[x] Character: Lo[x] Ping: 46
PlayerID: 76561198176817369 Name: ?. Character: GlodiS Ping: 54
PlayerID: 76561198349642857 Name: хлеб228 Character: хлеб228 Ping: 156
PlayerID: 76561198282625830 Name: Mafia Character: serj-goryn Ping: 148
PlayerID: 76561198371161101 Name: TheOneWinner4 Character: rauno.pikk Ping: 70
PlayerID: 76561198238373696 Name: SecretGuyRasmus Character: SecretGuyRasmus Ping: 93
PlayerID: 76561198341997660 Name: Dimacvit1996 Character: Dimacvit1996 Ping: 70
PlayerID: 76561198305732269 Name: Owl Character: Owl Ping: 62
PlayerID: 76561198303283372 Name: PeR4IK Character: данил Ping: 70
PlayerID: 76561198327682533 Name: CROCUSCSGOSHOP.SU Character: pikachu Ping: 78
PlayerID: 76561198167413206 Name: Doktor Whoo Character: Doktor Whoo Ping: 54
PlayerID: 76561198392416847 Name: smileprost0 Character: Хач-Ловкач Ping: 85
PlayerID: 76561198386338752 Name: pastuhov.vladik17 Character: Пастухов Владиcлав Ping: 70

END with Players:
Client has executed command "bans"

TimerTerminateCommand.Enabled with Bans:
Bans:
PlayerID: 123123
JudgeID: 0
Reason: unspecified Duration: 31536000 Remaining: 31280317
PlayerID: 123
JudgeID: 0
Reason: durila Duration: 4000 Remaining: 4294716111
PlayerID: 76561198274427357
JudgeID: 0
Reason: you were vote kicked Duration: 180 Remaining: 4294744484

END with Bans:
Client has executed command "players"

TimerTerminateCommand.Enabled with Players:
Players:
PlayerID: 76561198300812301 Name: KiLeR00707 Character: KiLeR00707 Ping: 0
PlayerID: 76561198295801599 Name: Lo[x] Character: Lo[x] Ping: 54
PlayerID: 76561198176817369 Name: ?. Character: GlodiS Ping: 62
PlayerID: 76561198349642857 Name: хлеб228 Character: хлеб228 Ping: 156
PlayerID: 76561198282625830 Name: Mafia Character: serj-goryn Ping: 132
PlayerID: 76561198371161101 Name: TheOneWinner4 Character: rauno.pikk Ping: 62
PlayerID: 76561198238373696 Name: SecretGuyRasmus Character: SecretGuyRasmus Ping: 70
PlayerID: 76561198341997660 Name: Dimacvit1996 Character: Dimacvit1996 Ping: 70
PlayerID: 76561198305732269 Name: Owl Character: Owl Ping: 70
PlayerID: 76561198303283372 Name: PeR4IK Character: данил Ping: 78
PlayerID: 76561198327682533 Name: CROCUSCSGOSHOP.SU Character: pikachu Ping: 93
PlayerID: 76561198167413206 Name: Doktor Whoo Character: Doktor Whoo Ping: 46
PlayerID: 76561198392416847 Name: smileprost0 Character: Хач-Ловкач Ping: 93
PlayerID: 76561198386338752 Name: pastuhov.vladik17 Character: Пастухов Владиcлав Ping: 78

TimerTerminateCommand.Enabled with Players:
Client has executed command "players"

END with Players:
TimerTerminateCommand.Enabled with Players:
Players:
PlayerID: 76561198300812301 Name: KiLeR00707 Character: KiLeR00707 Ping: 7
PlayerID: 76561198295801599 Name: Lo[x] Character: Lo[x] Ping: 54
PlayerID: 76561198176817369 Name: ?. Character: GlodiS Ping: 62
PlayerID: 76561198349642857 Name: хлеб228 Character: хлеб228 Ping: 164
PlayerID: 76561198282625830 Name: Mafia Character: serj-goryn Ping: 125
PlayerID: 76561198371161101 Name: TheOneWinner4 Character: rauno.pikk Ping: 54
PlayerID: 76561198238373696 Name: SecretGuyRasmus Character: SecretGuyRasmus Ping: 70
PlayerID: 76561198341997660 Name: Dimacvit1996 Character: Dimacvit1996 Ping: 70
PlayerID: 76561198305732269 Name: Owl Character: Owl Ping: 70
PlayerID: 76561198303283372 Name: PeR4IK Character: данил Ping: 78
PlayerID: 76561198327682533 Name: CROCUSCSGOSHOP.SU Character: pikachu Ping: 62
PlayerID: 76561198167413206 Name: Doktor Whoo Character: Doktor Whoo Ping: 46
PlayerID: 76561198392416847 Name: smileprost0 Character: Хач-Ловкач Ping: 93
PlayerID: 76561198386338752 Name: pastuhov.vladik17 Character: Пастухов Владиcлав Ping: 78

TimerTerminateCommand.Enabled with Players:
Client has executed command "bans"

END with Players:
TimerTerminateCommand.Enabled with Bans:
Bans:
PlayerID: 123123
JudgeID: 0
Reason: unspecified Duration: 31536000 Remaining: 31280298
PlayerID: 123
JudgeID: 0
Reason: durila Duration: 4000 Remaining: 4294716092
PlayerID: 76561198274427357
JudgeID: 0
Reason: you were vote kicked Duration: 180 Remaining: 4294744465

TimerTerminateCommand.Enabled with Bans:
Client has executed command "bans"

END with Bans:
TimerTerminateCommand.Enabled with Bans:
Bans:
PlayerID: 123123
JudgeID: 0
Reason: unspecified Duration: 31536000 Remaining: 31280298
PlayerID: 123
JudgeID: 0
Reason: durila Duration: 4000 Remaining: 4294716092
PlayerID: 76561198274427357
JudgeID: 0
Reason: you were vote kicked Duration: 180 Remaining: 4294744465

END with Bans:
