Не обработано: RocketRcon v2.4.8.0
RocketRcon v2.4.8.0

Client has executed command "players"

TimerTerminateCommand.Enabled with Players:
Players:
PlayerID: 76561198140053978 Name: 7_AleX_3 Character: 7_AleX_3 Ping: 39
PlayerID: 76561198303283372 Name: PeR4IK Character: данил Ping: 101
PlayerID: 76561198341672556 Name: st.vladir Character: st.vladir Ping: 140
PlayerID: 76561198084181376 Name: я слижу завами Character: H0MYak Ping: 7
PlayerID: 76561198198481426 Name: JasonVH Character: JasonVH Ping: 70
PlayerID: 76561198314638573 Name: UDODMEN Character: udodmen Ping: 78
PlayerID: 76561198123840535 Name: ?????? Character: top Ping: 117
PlayerID: 76561198280617288 Name: Незнаю какой придумать Character: Пипр Ping: 70
PlayerID: 76561198236214364 Name: ivan.grishonkov Character: ivan.grishonkov Ping: 593

TimerTerminateCommand.Enabled with Players:
Client has executed command "bans"

END with Players:
TimerTerminateCommand.Enabled with Bans:
Bans:
PlayerID: 123123
JudgeID: 0
Reason: unspecified Duration: 31536000 Remaining: 31296243
PlayerID: 123
JudgeID: 0
Reason: durila Duration: 4000 Remaining: 4294732037
PlayerID: 76561198274427357
JudgeID: 0
Reason: you were vote kicked Duration: 180 Remaining: 4294760410

HemulGM РїРІР°Рї
HemulGM РїРІР°Рї
HemulGM РїРІР°Рї
END with Bans:
HemulGM РїРІР°Рї
HemulGM РїРІР°Рї
HemulGM РїРІР°Рї
HemulGM РїРІР°Рї
Не обработано: MessageAnnouncer >> Broadcast: Наберите /kit help, чтобы получить первую мед. помощь (бинты, таблетки, еда)
MessageAnnouncer >> Broadcast: Наберите /kit help, чтобы получить первую мед. помощь (бинты, таблетки, еда)

Не обработано: MessageAnnouncer >> Наберите /kit help, чтобы получить первую мед. помощь (бинты, таблетки, еда)
MessageAnnouncer >> Наберите /kit help, чтобы получить первую мед. помощь (бинты, таблетки, еда)

HemulGM РїРІР°Рї
HemulGM РїРІР°Рї
HemulGM РїРІР°Рї
HemulGM РїРІР°Рї
HemulGM РїРІР°Рї
HemulGM РїРІР°Рї
HemulGM РїРІР°Рї
HemulGM РїРІР°Рї
HemulGM РїРІР°Рї
HemulGM РїРІР°Рї
[World] JasonVH [JasonVH]: "/home"

[World] Пипр [Незнаю какой придумать]: "Мне?"

HemulGM РїРІР°Рї
HemulGM РїРІР°Рї
HemulGM РїРІР°Рї
Client has executed command "players"

TimerTerminateCommand.Enabled with Players:
Players:
PlayerID: 76561198140053978 Name: 7_AleX_3 Character: 7_AleX_3 Ping: 39
PlayerID: 76561198303283372 Name: PeR4IK Character: данил Ping: 78
PlayerID: 76561198341672556 Name: st.vladir Character: st.vladir Ping: 132
PlayerID: 76561198084181376 Name: я слижу завами Character: H0MYak Ping: 7
PlayerID: 76561198198481426 Name: JasonVH Character: JasonVH Ping: 343
PlayerID: 76561198314638573 Name: UDODMEN Character: udodmen Ping: 62
PlayerID: 76561198123840535 Name: ?????? Character: top Ping: 171
PlayerID: 76561198280617288 Name: Незнаю какой придумать Character: Пипр Ping: 54
PlayerID: 76561198236214364 Name: ivan.grishonkov Character: ivan.grishonkov Ping: 554

HemulGM РїРІР°Рї
HemulGM РїРІР°Рї
HemulGM РїРІР°Рї
END with Players:
[World] 7_AleX_3 [7_AleX_3]: "давай рядом построишся"

[World] top [??????]: "не"

HemulGM РїРІР°Рї
HemulGM РїРІР°Рї
HemulGM РїРІР°Рї
[World] Пипр [Незнаю какой придумать]: "А я думал :D"

HemulGM РїРІР°Рї
HemulGM РїРІР°Рї
HemulGM РїРІР°Рї
HemulGM РїРІР°Рї
[World] ivan.grishonkov [ivan.grishonkov]: "/kit help"

HemulGM РїРІР°Рї
Не обработано: Saving server
Saving server

HemulGM РїРІР°Рї
HemulGM РїРІР°Рї
