20.07.2017 16:38:22: Не обработано: Expert1337 включен Godmode
20.07.2017 16:38:30: Не обработано: 7_AleX_3 был телепортирован к Expert1337
20.07.2017 16:38:31: Не обработано: 7_AleX_3 moved x:1275.232 y:80.7201(+45.12837) z:244.6289 in the last second (0.5999832)
20.07.2017 16:39:03: Сохранение сервера
20.07.2017 16:39:41: Не обработано: Expert1337 телепортирован к Ostsee Compound
20.07.2017 16:39:45: Не обработано: 7_AleX_3 был телепортирован к Expert1337
20.07.2017 16:41:37: Не обработано: Expert1337 moved x:1014.876 y:122.9148(+59.74099) z:1819.263 in the last second (0.8117676)
20.07.2017 16:41:38: Не обработано: 7_AleX_3 moved x:1017.872 y:123.5638(+60.62059) z:1820.115 in the last second (0.4899826)
20.07.2017 16:42:22: Не обработано: Expert1337 телепортирован к дед дэдпул
20.07.2017 16:42:32: Не обработано: 7_AleX_3 был телепортирован к Expert1337
20.07.2017 16:42:46: Не обработано: (бандит) Пилот  [Drop the Universe] was dissolved by a zombie!
20.07.2017 16:43:11: Не обработано: дед дэдпул moved x:-3015.854 y:500.7401(+457.317) z:3009.74 in the last second (0.8499756)
20.07.2017 16:43:11: Не обработано: 7_AleX_3 moved x:-3015.854 y:500.7401(+457.3579) z:3009.74 in the last second (0.8499756)
20.07.2017 16:43:16: Не обработано: Expert1337 moved x:-3015.854 y:500.7401(+457.3354) z:3009.74 in the last second (0.8499756)
20.07.2017 16:43:49: Не обработано: 7_AleX_3 [7_AleX_3] was dissolved by a zombie!
20.07.2017 16:44:16: Не обработано: PrivateMessages >> Sorry, you haven't received a message!
20.07.2017 16:44:32: Не обработано: TERAvey [TERAvey] bled to death!
20.07.2017 16:45:35: Не обработано: 7_AleX_3 был телепортирован к Expert1337
20.07.2017 16:45:35: Не обработано: 7_AleX_3 moved x:-3020.061 y:500.3473(+445.9873) z:3007.819 in the last second (0.6000061)
20.07.2017 16:46:58: Не обработано: TheMaker(Deus) [TheMaker(Deus)] bled to death!
20.07.2017 16:48:24: Не обработано: дед дэдпул moved x:-3015.854 y:500.7401(+457.3773) z:3009.74 in the last second (0.8499756)
20.07.2017 16:49:16: Не обработано: 7_AleX_3 был телепортирован к Expert1337
20.07.2017 16:49:19: Не обработано: Expert1337 телепортирован к Limestone Quarry
20.07.2017 16:49:19: Не обработано: Expert1337 moved x:-536.2391 y:220.7316(+177.5197) z:1404.996 in the last second (1)
20.07.2017 16:49:44: Не обработано: дед дэдпул moved x:-3015.854 y:500.7401(+457.3327) z:3009.74 in the last second (0.8499756)
20.07.2017 16:49:49: Не обработано: 7_AleX_3 moved x:-3015.854 y:500.7401(+457.3058) z:3009.74 in the last second (0.8499756)
20.07.2017 16:50:46: Не обработано: Expert1337 включен Godmode
20.07.2017 16:55:22: Не обработано: dim072001 [dim072001] was mauled by a zombie!
20.07.2017 16:55:58: Не обработано: 7_AleX_3 [7_AleX_3] was mauled by a zombie!
20.07.2017 16:56:11: Не обработано: Стриж [vovaplas2001] was mauled by a zombie!
20.07.2017 16:57:42: Не обработано: 7_AleX_3 moved x:-2977.464 y:500.5283(+458.4258) z:2984.373 in the last second (0.4722595)
20.07.2017 16:57:43: Не обработано: Expert1337 телепортирован к дед дэдпул
20.07.2017 16:57:43: Не обработано: Expert1337 moved x:-2977.464 y:500.7167(+302.3948) z:2984.373 in the last second (0.660614)
20.07.2017 16:59:41: Не обработано: dim072001 [dim072001] was mauled by a zombie!
20.07.2017 17:00:38: Не обработано: Expert1337 телепортирован к Owl
