Не обработано: RocketRcon v2.4.8.0
RocketRcon v2.4.8.0

Client has executed command "players"

TimerTerminateCommand.Enabled with Players:
Players:
PlayerID: 76561198280617288 Name: Незнаю какой придумать Character: Пипр Ping: 31
PlayerID: 76561198140053978 Name: 7_AleX_3 Character: 7_AleX_3 Ping: 31
PlayerID: 76561198303283372 Name: PeR4IK Character: данил Ping: 62
PlayerID: 76561198341672556 Name: st.vladir Character: st.vladir Ping: 140
PlayerID: 76561198084181376 Name: я слижу завами Character: H0MYak Ping: 7
PlayerID: 76561198292543416 Name: Mr_GiladKing Character: GamerYT Ping: 54
PlayerID: 76561198198481426 Name: JasonVH Character: JasonVH Ping: 85
PlayerID: 76561198314638573 Name: UDODMEN Character: udodmen Ping: 62
PlayerID: 76561198123840535 Name: ?????? Character: top Ping: 132

TimerTerminateCommand.Enabled with Players:
Client has executed command "bans"

END with Players:
TimerTerminateCommand.Enabled with Bans:
Bans:
PlayerID: 123123
JudgeID: 0
Reason: unspecified Duration: 31536000 Remaining: 31296852
PlayerID: 123
JudgeID: 0
Reason: durila Duration: 4000 Remaining: 4294732646
PlayerID: 76561198274427357
JudgeID: 0
Reason: you were vote kicked Duration: 180 Remaining: 4294761019

TimerTerminateCommand.Enabled with Bans:
[World] данил [PeR4IK]: "а где твой дом находится"

Не обработано: MessageAnnouncer >> Broadcast: Наберите /rules (/r) для просмотра правил
Не обработано: MessageAnnouncer >> Наберите /rules (/r) для просмотра правил
TimerTerminateCommand.Enabled with Bans:
MessageAnnouncer >> Broadcast: Наберите /rules (/r) для просмотра правил
MessageAnnouncer >> Наберите /rules (/r) для просмотра правил

TimerTerminateCommand.Enabled with Bans:
[World] 7_AleX_3 [7_AleX_3]: "я хз"

