27.06.2017 14:53:10: Не обработано: InvalidCastException: Cannot cast from source type to destination type. - SDG.Unturned.UseableMelee.askInteractMelee (CSteamID steamID)
27.06.2017 14:53:10: Не обработано: System.Reflection.MonoMethod.Invoke (System.Object obj, BindingFlags invokeAttr, System.Reflection.Binder binder, System.Object[] parameters, System.Globalization.CultureInfo culture)
27.06.2017 14:53:10: Не обработано: Rethrow as TargetInvocationException: Exception has been thrown by the target of an invocation.
27.06.2017 14:53:10: Не обработано: System.Reflection.MonoMethod.Invoke (System.Object obj, BindingFlags invokeAttr, System.Reflection.Binder binder, System.Object[] parameters, System.Globalization.CultureInfo culture)
27.06.2017 14:53:10: Не обработано: System.Reflection.MethodBase.Invoke (System.Object obj, System.Object[] parameters)
27.06.2017 14:53:10: Не обработано: SDG.Unturned.SteamChannel.receive (CSteamID steamID, System.Byte[] packet, Int32 offset, Int32 size)
27.06.2017 14:53:10: Не обработано: SDG.Unturned.Provider.receiveServer (CSteamID steamID, System.Byte[] packet, Int32 offset, Int32 size, Int32 channel)
27.06.2017 14:53:10: Не обработано: SDG.Unturned.Provider.listenServer (Int32 channel)
27.06.2017 14:53:10: Не обработано: SDG.Unturned.Provider.listen ()
27.06.2017 14:53:10: Не обработано: SDG.Unturned.Provider.Update ()
27.06.2017 14:53:18: Не обработано: InvalidCastException: Cannot cast from source type to destination type. - SDG.Unturned.UseableMelee.askInteractMelee (CSteamID steamID)
27.06.2017 14:53:18: Не обработано: System.Reflection.MonoMethod.Invoke (System.Object obj, BindingFlags invokeAttr, System.Reflection.Binder binder, System.Object[] parameters, System.Globalization.CultureInfo culture)
27.06.2017 14:53:18: Не обработано: Rethrow as TargetInvocationException: Exception has been thrown by the target of an invocation.
27.06.2017 14:53:18: Не обработано: System.Reflection.MonoMethod.Invoke (System.Object obj, BindingFlags invokeAttr, System.Reflection.Binder binder, System.Object[] parameters, System.Globalization.CultureInfo culture)
27.06.2017 14:53:18: Не обработано: System.Reflection.MethodBase.Invoke (System.Object obj, System.Object[] parameters)
27.06.2017 14:53:18: Не обработано: SDG.Unturned.SteamChannel.receive (CSteamID steamID, System.Byte[] packet, Int32 offset, Int32 size)
27.06.2017 14:53:18: Не обработано: SDG.Unturned.Provider.receiveServer (CSteamID steamID, System.Byte[] packet, Int32 offset, Int32 size, Int32 channel)
27.06.2017 14:53:18: Не обработано: SDG.Unturned.Provider.listenServer (Int32 channel)
27.06.2017 14:53:18: Не обработано: SDG.Unturned.Provider.listen ()
27.06.2017 14:53:18: Не обработано: SDG.Unturned.Provider.Update ()
27.06.2017 14:53:22: Не обработано: InvalidCastException: Cannot cast from source type to destination type. - SDG.Unturned.UseableMelee.askInteractMelee (CSteamID steamID)
27.06.2017 14:53:22: Не обработано: System.Reflection.MonoMethod.Invoke (System.Object obj, BindingFlags invokeAttr, System.Reflection.Binder binder, System.Object[] parameters, System.Globalization.CultureInfo culture)
27.06.2017 14:53:22: Не обработано: Rethrow as TargetInvocationException: Exception has been thrown by the target of an invocation.
27.06.2017 14:53:22: Не обработано: System.Reflection.MonoMethod.Invoke (System.Object obj, BindingFlags invokeAttr, System.Reflection.Binder binder, System.Object[] parameters, System.Globalization.CultureInfo culture)
27.06.2017 14:53:22: Не обработано: System.Reflection.MethodBase.Invoke (System.Object obj, System.Object[] parameters)
27.06.2017 14:53:22: Не обработано: SDG.Unturned.SteamChannel.receive (CSteamID steamID, System.Byte[] packet, Int32 offset, Int32 size)
27.06.2017 14:53:22: Не обработано: SDG.Unturned.Provider.receiveServer (CSteamID steamID, System.Byte[] packet, Int32 offset, Int32 size, Int32 channel)
27.06.2017 14:53:22: Не обработано: SDG.Unturned.Provider.listenServer (Int32 channel)
27.06.2017 14:53:22: Не обработано: SDG.Unturned.Provider.listen ()
27.06.2017 14:53:22: Не обработано: SDG.Unturned.Provider.Update ()
27.06.2017 14:53:23: Не обработано: InvalidCastException: Cannot cast from source type to destination type. - SDG.Unturned.UseableMelee.askInteractMelee (CSteamID steamID)
27.06.2017 14:53:23: Не обработано: System.Reflection.MonoMethod.Invoke (System.Object obj, BindingFlags invokeAttr, System.Reflection.Binder binder, System.Object[] parameters, System.Globalization.CultureInfo culture)
27.06.2017 14:53:23: Не обработано: Rethrow as TargetInvocationException: Exception has been thrown by the target of an invocation.
27.06.2017 14:53:23: Не обработано: System.Reflection.MonoMethod.Invoke (System.Object obj, BindingFlags invokeAttr, System.Reflection.Binder binder, System.Object[] parameters, System.Globalization.CultureInfo culture)
27.06.2017 14:53:23: Не обработано: System.Reflection.MethodBase.Invoke (System.Object obj, System.Object[] parameters)
27.06.2017 14:53:23: Не обработано: SDG.Unturned.SteamChannel.receive (CSteamID steamID, System.Byte[] packet, Int32 offset, Int32 size)
27.06.2017 14:53:23: Не обработано: SDG.Unturned.Provider.receiveServer (CSteamID steamID, System.Byte[] packet, Int32 offset, Int32 size, Int32 channel)
27.06.2017 14:53:23: Не обработано: SDG.Unturned.Provider.listenServer (Int32 channel)
27.06.2017 14:53:23: Не обработано: SDG.Unturned.Provider.listen ()
27.06.2017 14:53:23: Не обработано: SDG.Unturned.Provider.Update ()
27.06.2017 14:53:28: Не обработано: InvalidCastException: Cannot cast from source type to destination type. - SDG.Unturned.UseableMelee.askInteractMelee (CSteamID steamID)
27.06.2017 14:53:28: Не обработано: System.Reflection.MonoMethod.Invoke (System.Object obj, BindingFlags invokeAttr, System.Reflection.Binder binder, System.Object[] parameters, System.Globalization.CultureInfo culture)
27.06.2017 14:53:28: Не обработано: Rethrow as TargetInvocationException: Exception has been thrown by the target of an invocation.
27.06.2017 14:53:28: Не обработано: System.Reflection.MonoMethod.Invoke (System.Object obj, BindingFlags invokeAttr, System.Reflection.Binder binder, System.Object[] parameters, System.Globalization.CultureInfo culture)
27.06.2017 14:53:28: Не обработано: System.Reflection.MethodBase.Invoke (System.Object obj, System.Object[] parameters)
27.06.2017 14:53:28: Не обработано: SDG.Unturned.SteamChannel.receive (CSteamID steamID, System.Byte[] packet, Int32 offset, Int32 size)
27.06.2017 14:53:28: Не обработано: SDG.Unturned.Provider.receiveServer (CSteamID steamID, System.Byte[] packet, Int32 offset, Int32 size, Int32 channel)
27.06.2017 14:53:28: Не обработано: SDG.Unturned.Provider.listenServer (Int32 channel)
27.06.2017 14:53:28: Не обработано: SDG.Unturned.Provider.listen ()
27.06.2017 14:53:28: Не обработано: SDG.Unturned.Provider.Update ()
27.06.2017 14:53:34: Не обработано: InvalidCastException: Cannot cast from source type to destination type. - SDG.Unturned.UseableMelee.askInteractMelee (CSteamID steamID)
27.06.2017 14:53:34: Не обработано: System.Reflection.MonoMethod.Invoke (System.Object obj, BindingFlags invokeAttr, System.Reflection.Binder binder, System.Object[] parameters, System.Globalization.CultureInfo culture)
27.06.2017 14:53:34: Не обработано: Rethrow as TargetInvocationException: Exception has been thrown by the target of an invocation.
27.06.2017 14:53:34: Не обработано: System.Reflection.MonoMethod.Invoke (System.Object obj, BindingFlags invokeAttr, System.Reflection.Binder binder, System.Object[] parameters, System.Globalization.CultureInfo culture)
27.06.2017 14:53:34: Не обработано: System.Reflection.MethodBase.Invoke (System.Object obj, System.Object[] parameters)
27.06.2017 14:53:34: Не обработано: SDG.Unturned.SteamChannel.receive (CSteamID steamID, System.Byte[] packet, Int32 offset, Int32 size)
27.06.2017 14:53:34: Не обработано: SDG.Unturned.Provider.receiveServer (CSteamID steamID, System.Byte[] packet, Int32 offset, Int32 size, Int32 channel)
27.06.2017 14:53:34: Не обработано: SDG.Unturned.Provider.listenServer (Int32 channel)
27.06.2017 14:53:34: Не обработано: SDG.Unturned.Provider.listen ()
27.06.2017 14:53:34: Не обработано: SDG.Unturned.Provider.Update ()
27.06.2017 14:53:39: Не обработано: InvalidCastException: Cannot cast from source type to destination type. - SDG.Unturned.UseableMelee.askInteractMelee (CSteamID steamID)
27.06.2017 14:53:39: Не обработано: System.Reflection.MonoMethod.Invoke (System.Object obj, BindingFlags invokeAttr, System.Reflection.Binder binder, System.Object[] parameters, System.Globalization.CultureInfo culture)
27.06.2017 14:53:39: Не обработано: Rethrow as TargetInvocationException: Exception has been thrown by the target of an invocation.
27.06.2017 14:53:39: Не обработано: System.Reflection.MonoMethod.Invoke (System.Object obj, BindingFlags invokeAttr, System.Reflection.Binder binder, System.Object[] parameters, System.Globalization.CultureInfo culture)
27.06.2017 14:53:39: Не обработано: System.Reflection.MethodBase.Invoke (System.Object obj, System.Object[] parameters)
27.06.2017 14:53:39: Не обработано: SDG.Unturned.SteamChannel.receive (CSteamID steamID, System.Byte[] packet, Int32 offset, Int32 size)
27.06.2017 14:53:39: Не обработано: SDG.Unturned.Provider.receiveServer (CSteamID steamID, System.Byte[] packet, Int32 offset, Int32 size, Int32 channel)
27.06.2017 14:53:39: Не обработано: SDG.Unturned.Provider.listenServer (Int32 channel)
27.06.2017 14:53:39: Не обработано: SDG.Unturned.Provider.listen ()
27.06.2017 14:53:39: Не обработано: SDG.Unturned.Provider.Update ()
27.06.2017 14:53:39: Не обработано: InvalidCastException: Cannot cast from source type to destination type. - SDG.Unturned.UseableMelee.askInteractMelee (CSteamID steamID)
27.06.2017 14:53:39: Не обработано: System.Reflection.MonoMethod.Invoke (System.Object obj, BindingFlags invokeAttr, System.Reflection.Binder binder, System.Object[] parameters, System.Globalization.CultureInfo culture)
27.06.2017 14:53:39: Не обработано: Rethrow as TargetInvocationException: Exception has been thrown by the target of an invocation.
27.06.2017 14:53:39: Не обработано: System.Reflection.MonoMethod.Invoke (System.Object obj, BindingFlags invokeAttr, System.Reflection.Binder binder, System.Object[] parameters, System.Globalization.CultureInfo culture)
27.06.2017 14:53:39: Не обработано: System.Reflection.MethodBase.Invoke (System.Object obj, System.Object[] parameters)
27.06.2017 14:53:39: Не обработано: SDG.Unturned.SteamChannel.receive (CSteamID steamID, System.Byte[] packet, Int32 offset, Int32 size)
27.06.2017 14:53:39: Не обработано: SDG.Unturned.Provider.receiveServer (CSteamID steamID, System.Byte[] packet, Int32 offset, Int32 size, Int32 channel)
27.06.2017 14:53:39: Не обработано: SDG.Unturned.Provider.listenServer (Int32 channel)
27.06.2017 14:53:39: Не обработано: SDG.Unturned.Provider.listen ()
27.06.2017 14:53:39: Не обработано: SDG.Unturned.Provider.Update ()
27.06.2017 14:53:39: Не обработано: InvalidCastException: Cannot cast from source type to destination type. - SDG.Unturned.UseableMelee.askInteractMelee (CSteamID steamID)
27.06.2017 14:53:39: Не обработано: System.Reflection.MonoMethod.Invoke (System.Object obj, BindingFlags invokeAttr, System.Reflection.Binder binder, System.Object[] parameters, System.Globalization.CultureInfo culture)
27.06.2017 14:53:39: Не обработано: Rethrow as TargetInvocationException: Exception has been thrown by the target of an invocation.
27.06.2017 14:53:39: Не обработано: System.Reflection.MonoMethod.Invoke (System.Object obj, BindingFlags invokeAttr, System.Reflection.Binder binder, System.Object[] parameters, System.Globalization.CultureInfo culture)
27.06.2017 14:53:39: Не обработано: System.Reflection.MethodBase.Invoke (System.Object obj, System.Object[] parameters)
27.06.2017 14:53:39: Не обработано: SDG.Unturned.SteamChannel.receive (CSteamID steamID, System.Byte[] packet, Int32 offset, Int32 size)
27.06.2017 14:53:39: Не обработано: SDG.Unturned.Provider.receiveServer (CSteamID steamID, System.Byte[] packet, Int32 offset, Int32 size, Int32 channel)
27.06.2017 14:53:39: Не обработано: SDG.Unturned.Provider.listenServer (Int32 channel)
27.06.2017 14:53:39: Не обработано: SDG.Unturned.Provider.listen ()
27.06.2017 14:53:39: Не обработано: SDG.Unturned.Provider.Update ()
