Не обработано: RocketRcon v2.4.8.0
RocketRcon v2.4.8.0

Client has executed command "players"

TimerTerminateCommand.Enabled with Players:
Players:
PlayerID: 76561198309008539 Name: NOOO-SENPAI... Character: Сенпай Ping: 31
PlayerID: 76561198123840535 Name: ?????? Character: top Ping: 117
PlayerID: 76561198151655003 Name: HemulGM Character: HemulGM Ping: 7
PlayerID: 76561198297629847 Name: VeZuN4iK Character: DeN Ping: 54
PlayerID: 76561198147477828 Name: galbatsovmikail Character: galbatsovmikail Ping: 62
PlayerID: 76561198390219785 Name: emokacper110 Character: emokacper110 Ping: 132
PlayerID: 76561198366549870 Name: Expert13372284200 Character: Expert1337 Ping: 148
PlayerID: 76561198376416045 Name: xitrfaratez Character: xitrfaratez Ping: 93
PlayerID: 76561198292678291 Name: WayRaX Character: s1mple Ping: 101

TimerTerminateCommand.Enabled with Players:
Client has executed command "say "AaA""

TimerTerminateCommand.Enabled with Players:
[World] top [??????]: "/tpa a a,y"

Не обработано: s1mple moved x:316.5699 y:44.20767(+15.20434) z:-720.721 in the last second (0.608181)
TimerTerminateCommand.Enabled with Players:
s1mple moved x:316.5699 y:44.20767(+15.20434) z:-720.721 in the last second (0.608181)

END with Players:
Client has executed command "bans"

TimerTerminateCommand.Enabled with Bans:
Bans:
PlayerID: 76561198274427357
JudgeID: 0
Reason: you were vote kicked Duration: 180 Remaining: 4294311725

END with Bans:
