06.03.2017 10:50:26: Players:
PlayerID: 76561198056237987 Name: Oblivion Character: Oblivion Ping: 226
PlayerID: 76561198317325667 Name: TreeperTaTaP Character: Хатико Ping: 132

06.03.2017 10:50:26: Client has executed command "players"

06.03.2017 10:50:09: MessageAnnouncer >> Наберите /kit start, чтобы получить стартовый набор (еда, вода, топор)

06.03.2017 10:50:09: MessageAnnouncer >> Broadcast: Наберите /kit start, чтобы получить стартовый набор (еда, вода, топор)

06.03.2017 10:50:09: END
06.03.2017 10:50:06: Players:
PlayerID: 76561198056237987 Name: Oblivion Character: Oblivion Ping: 117
PlayerID: 76561198317325667 Name: TreeperTaTaP Character: Хатико Ping: 171

06.03.2017 10:50:06: Client has executed command "players"

06.03.2017 10:49:59: PlayerInfoLib >> No expired player info records found for this batch.

06.03.2017 10:49:49: END
06.03.2017 10:49:46: PlayerID: 76561198056237987 Name: Oblivion Character: Oblivion Ping: 125
PlayerID: 76561198317325667 Name: TreeperTaTaP Character: Хатико Ping: 85

06.03.2017 10:49:46: Players:

06.03.2017 10:49:46: Client has executed command "players"

06.03.2017 10:49:29: END
06.03.2017 10:49:26: Players:
PlayerID: 76561198056237987 Name: Oblivion Character: Oblivion Ping: 148
PlayerID: 76561198317325667 Name: TreeperTaTaP Character: Хатико Ping: 70

06.03.2017 10:49:26: Client has executed command "players"

06.03.2017 10:49:09: END
06.03.2017 10:49:06: Players:
PlayerID: 76561198056237987 Name: Oblivion Character: Oblivion Ping: 132
PlayerID: 76561198317325667 Name: TreeperTaTaP Character: Хатико Ping: 78

06.03.2017 10:49:06: Client has executed command "players"

06.03.2017 10:48:51: [World] Хатико [TreeperTaTaP]: "/kit help"

06.03.2017 10:48:49: END
06.03.2017 10:48:46: Players:
PlayerID: 76561198056237987 Name: Oblivion Character: Oblivion Ping: 148
PlayerID: 76561198317325667 Name: TreeperTaTaP Character: Хатико Ping: 117

06.03.2017 10:48:46: Client has executed command "players"

06.03.2017 10:48:41: [World] Хатико [TreeperTaTaP]: "/kit hgm"

06.03.2017 10:48:37: [World] Хатико [TreeperTaTaP]: "/kits"

06.03.2017 10:48:35: [World] Хатико [TreeperTaTaP]: "/kit start"

06.03.2017 10:48:29: END
06.03.2017 10:48:26: Players:
PlayerID: 76561198056237987 Name: Oblivion Character: Oblivion Ping: 171
PlayerID: 76561198317325667 Name: TreeperTaTaP Character: Хатико Ping: 0

06.03.2017 10:48:26: Client has executed command "players"

06.03.2017 10:48:26: PlayerID: 76561198056237987 Name: Oblivion Character: Oblivion Ping: 171
PlayerID: 76561198317325667 Name: TreeperTaTaP Character: Хатико Ping: 0

06.03.2017 10:48:26: Players:

06.03.2017 10:48:26: Client has executed command "players"

06.03.2017 10:48:25: Connecting: PlayerID: 76561198317325667 Name: TreeperTaTaP Character: Хатико

06.03.2017 10:48:09: MessageAnnouncer >> Добро пожаловать на HEMULGM.RU. Тут рады вам больше, чем на любом другом сервере!

06.03.2017 10:48:09: MessageAnnouncer >> Broadcast: Добро пожаловать на HEMULGM.RU. Тут рады вам больше, чем на любом другом сервере!

06.03.2017 10:48:09: END
06.03.2017 10:48:06: Players:
PlayerID: 76561198056237987 Name: Oblivion Character: Oblivion Ping: 117

06.03.2017 10:48:06: Client has executed command "players"

06.03.2017 10:47:49: END
06.03.2017 10:47:46: Players:
PlayerID: 76561198056237987 Name: Oblivion Character: Oblivion Ping: 210

06.03.2017 10:47:46: Client has executed command "players"

06.03.2017 10:47:29: END
06.03.2017 10:47:26: PlayerID: 76561198056237987 Name: Oblivion Character: Oblivion Ping: 132

06.03.2017 10:47:26: Players:

06.03.2017 10:47:26: Client has executed command "players"

06.03.2017 10:47:09: END
06.03.2017 10:47:06: PlayerID: 76561198056237987 Name: Oblivion Character: Oblivion Ping: 164

06.03.2017 10:47:06: Players:

06.03.2017 10:47:06: Client has executed command "players"

06.03.2017 10:46:49: END
06.03.2017 10:46:46: PlayerID: 76561198056237987 Name: Oblivion Character: Oblivion Ping: 218

06.03.2017 10:46:46: Players:

06.03.2017 10:46:46: Client has executed command "players"

06.03.2017 10:46:29: END
06.03.2017 10:46:26: PlayerID: 76561198056237987 Name: Oblivion Character: Oblivion Ping: 179

06.03.2017 10:46:26: Players:

06.03.2017 10:46:26: Client has executed command "players"

06.03.2017 10:46:09: MessageAnnouncer >> Наберите /rules (/r) для просмотра правил

06.03.2017 10:46:09: MessageAnnouncer >> Broadcast: Наберите /rules (/r) для просмотра правил

06.03.2017 10:46:09: END
06.03.2017 10:46:06: PlayerID: 76561198056237987 Name: Oblivion Character: Oblivion Ping: 125

06.03.2017 10:46:06: Players:

06.03.2017 10:46:06: Client has executed command "players"

06.03.2017 10:45:49: END
06.03.2017 10:45:46: PlayerID: 76561198056237987 Name: Oblivion Character: Oblivion Ping: 125

06.03.2017 10:45:46: Players:

06.03.2017 10:45:46: Client has executed command "players"

06.03.2017 10:45:29: END
06.03.2017 10:45:26: PlayerID: 76561198056237987 Name: Oblivion Character: Oblivion Ping: 210

06.03.2017 10:45:26: Players:

06.03.2017 10:45:26: Client has executed command "players"

06.03.2017 10:45:09: END
06.03.2017 10:45:06: PlayerID: 76561198056237987 Name: Oblivion Character: Oblivion Ping: 156

06.03.2017 10:45:06: Players:

06.03.2017 10:45:06: Client has executed command "players"

06.03.2017 10:44:49: END
06.03.2017 10:44:46: Players:
PlayerID: 76561198056237987 Name: Oblivion Character: Oblivion Ping: 132

06.03.2017 10:44:46: Client has executed command "players"

06.03.2017 10:44:29: END
06.03.2017 10:44:26: PlayerID: 76561198056237987 Name: Oblivion Character: Oblivion Ping: 171

06.03.2017 10:44:26: Players:

06.03.2017 10:44:26: Client has executed command "players"

06.03.2017 10:44:09: MessageAnnouncer >> Используйте /report [ник], чтобы отправить жалобу на игрока

06.03.2017 10:44:09: MessageAnnouncer >> Broadcast: Используйте /report [ник], чтобы отправить жалобу на игрока

06.03.2017 10:44:09: END
06.03.2017 10:44:06: PlayerID: 76561198056237987 Name: Oblivion Character: Oblivion Ping: 234

06.03.2017 10:44:06: Players:

06.03.2017 10:44:06: Client has executed command "players"

06.03.2017 10:43:49: END
06.03.2017 10:43:46: PlayerID: 76561198056237987 Name: Oblivion Character: Oblivion Ping: 171

06.03.2017 10:43:46: Players:

06.03.2017 10:43:46: Client has executed command "players"

06.03.2017 10:43:29: END
06.03.2017 10:43:26: PlayerID: 76561198056237987 Name: Oblivion Character: Oblivion Ping: 132

06.03.2017 10:43:26: Players:

06.03.2017 10:43:26: Client has executed command "players"

06.03.2017 10:43:09: END
06.03.2017 10:43:06: PlayerID: 76561198056237987 Name: Oblivion Character: Oblivion Ping: 125

06.03.2017 10:43:06: Players:

06.03.2017 10:43:06: Client has executed command "players"

06.03.2017 10:42:49: END
06.03.2017 10:42:46: PlayerID: 76561198056237987 Name: Oblivion Character: Oblivion Ping: 171

06.03.2017 10:42:46: Players:

06.03.2017 10:42:46: Client has executed command "players"

06.03.2017 10:42:29: END
06.03.2017 10:42:26: PlayerID: 76561198056237987 Name: Oblivion Character: Oblivion Ping: 195

06.03.2017 10:42:26: Players:

06.03.2017 10:42:26: Client has executed command "players"

06.03.2017 10:42:26: MessageAnnouncer >> vk.com/hemulgm - ЕДИНСТВЕННЫЙ администратор сервера

06.03.2017 10:42:09: MessageAnnouncer >> Broadcast: vk.com/hemulgm - ЕДИНСТВЕННЫЙ администратор сервера

06.03.2017 10:42:09: END
06.03.2017 10:42:06: PlayerID: 76561198056237987 Name: Oblivion Character: Oblivion Ping: 0

06.03.2017 10:42:06: Players:

06.03.2017 10:42:06: Client has executed command "players"

06.03.2017 10:42:03: PlayerID: 76561198056237987 Name: Oblivion Character: Oblivion Ping: 0

06.03.2017 10:42:03: Players:

06.03.2017 10:42:03: Client has executed command "players"

06.03.2017 10:42:03: Connecting: PlayerID: 76561198056237987 Name: Oblivion Character: Oblivion

06.03.2017 10:42:02: Failed to find any players.

06.03.2017 10:42:02: Client has executed command "players"

06.03.2017 10:42:02: END
06.03.2017 10:41:59: Failed to find any players.

06.03.2017 10:41:59: Client has executed command "players"

06.03.2017 10:41:59: END
06.03.2017 10:41:56: Failed to find any players.

06.03.2017 10:41:56: Client has executed command "players"

06.03.2017 10:41:56: Failed to find any players.

06.03.2017 10:41:56: Failed to find any players.

06.03.2017 10:41:56: Client has executed command "players"

06.03.2017 10:41:56: Client has executed command "players"

06.03.2017 10:41:56: Failed to find any players.

06.03.2017 10:41:56: Client has executed command "players"

06.03.2017 10:41:56: Failed to find any players.

06.03.2017 10:41:56: Client has executed command "players"

06.03.2017 10:41:56: Failed to find any players.

06.03.2017 10:41:56: Client has executed command "players"

06.03.2017 10:41:56: Failed to find any players.

06.03.2017 10:41:56: Client has executed command "players"

06.03.2017 10:41:55: Failed to find any players.

06.03.2017 10:41:55: Client has executed command "players"

06.03.2017 10:41:55: Failed to find any players.

06.03.2017 10:41:55: Client has executed command "players"

06.03.2017 10:41:55: Failed to find any players.

06.03.2017 10:41:55: Client has executed command "players"

06.03.2017 10:41:55: Failed to find any players.

06.03.2017 10:41:55: Client has executed command "players"

06.03.2017 10:41:55: Failed to find any players.

06.03.2017 10:41:55: Client has executed command "players"

06.03.2017 10:41:55: Failed to find any players.

06.03.2017 10:41:55: Client has executed command "players"

06.03.2017 10:41:55: Failed to find any players.

06.03.2017 10:41:55: Client has executed command "players"

06.03.2017 10:41:55: Failed to find any players.

06.03.2017 10:41:55: Client has executed command "players"

06.03.2017 10:41:54: Failed to find any players.

06.03.2017 10:41:54: Client has executed command "players"

06.03.2017 10:41:54: Failed to find any players.

06.03.2017 10:41:54: Client has executed command "players"

06.03.2017 10:41:54: Failed to find any players.

06.03.2017 10:41:54: Client has executed command "players"

06.03.2017 10:41:54: Failed to find any players.

06.03.2017 10:41:54: Client has executed command "players"

06.03.2017 10:41:54: Failed to find any players.

06.03.2017 10:41:54: Client has executed command "players"

06.03.2017 10:41:54: Failed to find any players.

06.03.2017 10:41:54: Client has executed command "players"

06.03.2017 10:41:54: Failed to find any players.

06.03.2017 10:41:54: Client has executed command "players"

06.03.2017 10:41:53: Failed to find any players.

06.03.2017 10:41:53: Client has executed command "players"

06.03.2017 10:41:53: Failed to find any players.

06.03.2017 10:41:53: Client has executed command "players"

06.03.2017 10:41:53: Failed to find any players.

06.03.2017 10:41:53: Client has executed command "players"

06.03.2017 10:41:53: Failed to find any players.

06.03.2017 10:41:53: Client has executed command "players"

06.03.2017 10:41:53: Failed to find any players.

06.03.2017 10:41:53: Client has executed command "players"

06.03.2017 10:41:53: Failed to find any players.

06.03.2017 10:41:53: Client has executed command "players"

06.03.2017 10:41:53: Failed to find any players.

06.03.2017 10:41:53: Client has executed command "players"

06.03.2017 10:41:53: Failed to find any players.

06.03.2017 10:41:53: Client has executed command "players"

06.03.2017 10:41:52: Failed to find any players.

06.03.2017 10:41:52: Client has executed command "players"

06.03.2017 10:41:52: Failed to find any players.

06.03.2017 10:41:52: Client has executed command "players"

06.03.2017 10:41:52: Failed to find any players.

06.03.2017 10:41:52: Client has executed command "players"

06.03.2017 10:41:52: Failed to find any players.

06.03.2017 10:41:52: Client has executed command "players"

06.03.2017 10:41:52: Failed to find any players.

06.03.2017 10:41:52: Client has executed command "players"

06.03.2017 10:41:52: Failed to find any players.

06.03.2017 10:41:52: Client has executed command "players"

06.03.2017 10:41:52: Failed to find any players.

06.03.2017 10:41:52: Client has executed command "players"

06.03.2017 10:41:52: Failed to find any players.

06.03.2017 10:41:52: Client has executed command "players"

06.03.2017 10:41:51: Failed to find any players.

06.03.2017 10:41:51: Client has executed command "players"

06.03.2017 10:41:51: Failed to find any players.

06.03.2017 10:41:51: Client has executed command "players"

06.03.2017 10:41:51: Failed to find any players.

06.03.2017 10:41:51: Client has executed command "players"

06.03.2017 10:41:51: Failed to find any players.

06.03.2017 10:41:51: Client has executed command "players"

06.03.2017 10:41:51: Failed to find any players.

06.03.2017 10:41:51: Client has executed command "players"

06.03.2017 10:41:51: Failed to find any players.

06.03.2017 10:41:51: Client has executed command "players"

06.03.2017 10:41:51: Failed to find any players.

06.03.2017 10:41:51: Client has executed command "players"

06.03.2017 10:41:50: Failed to find any players.

06.03.2017 10:41:50: Client has executed command "players"

06.03.2017 10:41:50: Failed to find any players.

06.03.2017 10:41:50: Client has executed command "players"

06.03.2017 10:41:50: Failed to find any players.

06.03.2017 10:41:50: Client has executed command "players"

06.03.2017 10:41:50: Failed to find any players.

06.03.2017 10:41:50: Client has executed command "players"

06.03.2017 10:41:50: Failed to find any players.

06.03.2017 10:41:50: Client has executed command "players"

06.03.2017 10:41:50: Failed to find any players.

06.03.2017 10:41:50: Client has executed command "players"

06.03.2017 10:41:50: Failed to find any players.

06.03.2017 10:41:50: Client has executed command "players"

06.03.2017 10:41:50: Failed to find any players.

06.03.2017 10:41:50: Client has executed command "players"

06.03.2017 10:41:49: Failed to find any players.

06.03.2017 10:41:49: Client has executed command "players"

06.03.2017 10:41:49: Failed to find any players.

06.03.2017 10:41:49: Client has executed command "players"

06.03.2017 10:41:49: Failed to find any players.

06.03.2017 10:41:49: Client has executed command "players"

06.03.2017 10:41:49: Failed to find any players.

06.03.2017 10:41:49: Client has executed command "players"

06.03.2017 10:41:49: Failed to find any players.

06.03.2017 10:41:49: Client has executed command "players"

06.03.2017 10:41:49: Failed to find any players.

06.03.2017 10:41:49: Client has executed command "players"

06.03.2017 10:41:49: Failed to find any players.

06.03.2017 10:41:49: Client has executed command "players"

06.03.2017 10:41:49: Failed to find any players.

06.03.2017 10:41:49: Client has executed command "players"

06.03.2017 10:41:48: Failed to find any players.

06.03.2017 10:41:48: Client has executed command "players"

06.03.2017 10:41:48: Failed to find any players.

06.03.2017 10:41:48: Client has executed command "players"

06.03.2017 10:41:48: Failed to find any players.

06.03.2017 10:41:48: Client has executed command "players"

06.03.2017 10:41:48: Failed to find any players.

06.03.2017 10:41:48: Client has executed command "players"

06.03.2017 10:41:48: Failed to find any players.

06.03.2017 10:41:48: Client has executed command "players"

06.03.2017 10:41:48: Failed to find any players.

06.03.2017 10:41:48: Client has executed command "players"

06.03.2017 10:41:48: Failed to find any players.

06.03.2017 10:41:48: Client has executed command "players"

06.03.2017 10:41:48: Failed to find any players.

06.03.2017 10:41:48: Client has executed command "players"

06.03.2017 10:41:47: Failed to find any players.

06.03.2017 10:41:47: Client has executed command "players"

06.03.2017 10:41:47: Failed to find any players.

06.03.2017 10:41:47: Client has executed command "players"

06.03.2017 10:41:47: Failed to find any players.

06.03.2017 10:41:47: Client has executed command "players"

06.03.2017 10:41:47: Failed to find any players.

06.03.2017 10:41:47: Client has executed command "players"

06.03.2017 10:41:47: Failed to find any players.

06.03.2017 10:41:47: Client has executed command "players"

06.03.2017 10:41:47: Failed to find any players.

06.03.2017 10:41:47: Client has executed command "players"

06.03.2017 10:41:47: Failed to find any players.

06.03.2017 10:41:47: Client has executed command "players"

06.03.2017 10:41:46: Failed to find any players.

06.03.2017 10:41:46: Client has executed command "players"

06.03.2017 10:41:46: Failed to find any players.

06.03.2017 10:41:46: Client has executed command "players"

06.03.2017 10:41:46: Failed to find any players.

06.03.2017 10:41:46: Client has executed command "players"

06.03.2017 10:41:46: Failed to find any players.

06.03.2017 10:41:46: Client has executed command "players"

06.03.2017 10:41:46: Failed to find any players.

06.03.2017 10:41:46: Client has executed command "players"

06.03.2017 10:41:46: Failed to find any players.

06.03.2017 10:41:46: Client has executed command "players"

06.03.2017 10:41:46: Failed to find any players.

06.03.2017 10:41:46: Client has executed command "players"

06.03.2017 10:41:46: Failed to find any players.

06.03.2017 10:41:46: Client has executed command "players"

06.03.2017 10:41:43: Failed to find any players.

06.03.2017 10:41:43: Client has executed command "players"

06.03.2017 10:41:43: END
06.03.2017 10:41:40: Failed to find any players.

06.03.2017 10:41:40: Client has executed command "players"

06.03.2017 10:41:40: END
06.03.2017 10:41:37: Failed to find any players.

06.03.2017 10:41:37: Client has executed command "players"

06.03.2017 10:41:37: END
06.03.2017 10:41:34: Failed to find any players.

06.03.2017 10:41:34: Client has executed command "players"

06.03.2017 10:41:34: END
06.03.2017 10:41:31: Failed to find any players.

06.03.2017 10:41:31: Client has executed command "players"

06.03.2017 10:41:31: END
06.03.2017 10:41:28: Failed to find any players.

06.03.2017 10:41:28: Client has executed command "players"

06.03.2017 10:41:28: Failed to find any players.

06.03.2017 10:41:28: Failed to find any players.

06.03.2017 10:41:28: Client has executed command "players"

06.03.2017 10:41:28: Client has executed command "players"

06.03.2017 10:41:28: Failed to find any players.

06.03.2017 10:41:28: Client has executed command "players"

06.03.2017 10:41:28: Failed to find any players.

06.03.2017 10:41:28: Client has executed command "players"

06.03.2017 10:41:28: Failed to find any players.

06.03.2017 10:41:28: Client has executed command "players"

06.03.2017 10:41:28: Failed to find any players.

06.03.2017 10:41:28: Client has executed command "players"

06.03.2017 10:41:28: Failed to find any players.

06.03.2017 10:41:27: Client has executed command "players"

06.03.2017 10:41:27: Failed to find any players.

06.03.2017 10:41:27: Client has executed command "players"

06.03.2017 10:41:27: Failed to find any players.

06.03.2017 10:41:27: Client has executed command "players"

06.03.2017 10:41:27: Failed to find any players.

06.03.2017 10:41:27: Client has executed command "players"

06.03.2017 10:41:27: Failed to find any players.

06.03.2017 10:41:27: Client has executed command "players"

06.03.2017 10:41:27: Failed to find any players.

06.03.2017 10:41:27: Client has executed command "players"

06.03.2017 10:41:27: Failed to find any players.

06.03.2017 10:41:27: Client has executed command "players"

06.03.2017 10:41:26: Failed to find any players.

06.03.2017 10:41:26: Client has executed command "players"

06.03.2017 10:41:26: Failed to find any players.

06.03.2017 10:41:26: Client has executed command "players"

06.03.2017 10:41:26: Failed to find any players.

06.03.2017 10:41:26: Client has executed command "players"

06.03.2017 10:41:26: Failed to find any players.

06.03.2017 10:41:26: Client has executed command "players"

06.03.2017 10:41:26: Failed to find any players.

06.03.2017 10:41:26: Client has executed command "players"

06.03.2017 10:41:26: Failed to find any players.

06.03.2017 10:41:26: Client has executed command "players"

06.03.2017 10:41:26: Failed to find any players.

06.03.2017 10:41:26: Client has executed command "players"

06.03.2017 10:41:25: Failed to find any players.

06.03.2017 10:41:25: Client has executed command "players"

06.03.2017 10:41:25: END
06.03.2017 10:41:22: Failed to find any players.

06.03.2017 10:41:22: Client has executed command "players"

06.03.2017 10:41:22: END
06.03.2017 10:41:19: Failed to find any players.

06.03.2017 10:41:19: Client has executed command "players"

06.03.2017 10:41:19: END
06.03.2017 10:41:16: Failed to find any players.

06.03.2017 10:41:16: Client has executed command "players"

06.03.2017 10:41:16: END
06.03.2017 10:41:13: Failed to find any players.

06.03.2017 10:41:13: Client has executed command "players"

06.03.2017 10:41:13: END
06.03.2017 10:41:10: Saving server

06.03.2017 10:41:09: Failed to find any players.

06.03.2017 10:41:09: Client has executed command "players"

06.03.2017 10:41:09: END
06.03.2017 10:41:06: Failed to find any players.

06.03.2017 10:41:06: Client has executed command "players"

06.03.2017 10:41:06: RocketRcon v2.4.8.0

