25.02.2017 15:39:34: PlayerID: 76561198237249506 Name: Диано4ка Character: Диана Шурыгина Ping: 90
PlayerID: 76561198302710263 Name: Ever heard of Flusha? Character: Ever heard of Flusha? Ping: 115

25.02.2017 15:39:34: PlayerID: 76561198161875320 Name: zakhar69 Character: zakhar69 Ping: 60
PlayerID: 76561198329039763 Name: сталкер Character: semenok-08 Ping: 152
PlayerID: 76561198309533811 Name: CoolRol Character: CoolRol Ping: 98
PlayerID: 76561198277011210 Name: Mini-Dog Character: pavel.gitman Ping: 107
PlayerID: 76561198312765417 Name: БУСТЕР Character: БУСТЕР Ping: 79
PlayerID: 76561198282864662 Name: ??Unanick?? Character: Unanick Ping: 72

25.02.2017 15:39:34: PlayerID: 76561198367480230 Name: vadasurik Character: Rento Ping: 81
PlayerID: 76561198345369673 Name: tema42233 Character: tema42233 Ping: 80
PlayerID: 76561198299082320 Name: MrCotoclyzm Character: moder113 Ping: 71
PlayerID: 76561198355305702 Name: Kolbaska_189 Character: Kolbaska_189 Ping: 71
PlayerID: 76561198248055000 Name: pavel-antonov3 Character: pavel Ping: 149
PlayerID: 76561198130684447 Name: (sniper) Character: pon4ik Ping: 42

25.02.2017 15:39:34: Players:

25.02.2017 15:39:34: Client has executed command "players"

25.02.2017 15:39:32: [World] tema42233 [tema42233]: "ренто добавь в др в стиме"

25.02.2017 15:39:14: PlayerID: 76561198302710263 Name: Ever heard of Flusha? Character: Ever heard of Flusha? Ping: 108

25.02.2017 15:39:14: PlayerID: 76561198312765417 Name: БУСТЕР Character: БУСТЕР Ping: 77
PlayerID: 76561198282864662 Name: ??Unanick?? Character: Unanick Ping: 78
PlayerID: 76561198237249506 Name: Диано4ка Character: Диана Шурыгина Ping: 94

25.02.2017 15:39:14: PlayerID: 76561198309533811 Name: CoolRol Character: CoolRol Ping: 85
PlayerID: 76561198277011210 Name: Mini-Dog Character: pavel.gitman Ping: 110

25.02.2017 15:39:14: PlayerID: 76561198161875320 Name: zakhar69 Character: zakhar69 Ping: 76
PlayerID: 76561198329039763 Name: сталкер Character: semenok-08 Ping: 153

25.02.2017 15:39:14: PlayerID: 76561198130684447 Name: (sniper) Character: pon4ik Ping: 32

25.02.2017 15:39:14: PlayerID: 76561198355305702 Name: Kolbaska_189 Character: Kolbaska_189 Ping: 57
PlayerID: 76561198248055000 Name: pavel-antonov3 Character: pavel Ping: 148

25.02.2017 15:39:14: PlayerID: 76561198299082320 Name: MrCotoclyzm Character: moder113 Ping: 62

25.02.2017 15:39:14: PlayerID: 76561198345369673 Name: tema42233 Character: tema42233 Ping: 87

25.02.2017 15:39:14: PlayerID: 76561198367480230 Name: vadasurik Character: Rento Ping: 93

25.02.2017 15:39:14: Players:

25.02.2017 15:39:14: Client has executed command "players"

25.02.2017 15:39:14: RocketRcon v2.4.8.0

