06.03.2017 11:34:33: RocketRcon v2.4.8.0

06.03.2017 11:34:34: Client has executed command "players"

06.03.2017 11:34:34: Players:

06.03.2017 11:34:34: PlayerID: 76561198056237987 Name: Oblivion Character: Oblivion Ping: 124

06.03.2017 11:34:40: Client has executed command "bans"

06.03.2017 11:34:40: Bans:

06.03.2017 11:34:40: PlayerID: 76561198281067448
JudgeID: 0
Reason: you were vote kicked Duration: 180 Remaining: 4274534875
PlayerID: 76561198252299988
JudgeID: 0

06.03.2017 11:34:40: Reason: you were vote kicked Duration: 180 Remaining: 4275492373
PlayerID: 76561198330498560
JudgeID: 0
Reason: you were vote kicked Duration: 180 Remaining: 4280701306
PlayerID: 76561198334115769
JudgeID: 0
Reason: you were vote kicked Duration: 180 Remaining: 4284273811
PlayerID: 76561198211384633
JudgeID: 0

06.03.2017 11:34:40: Reason: you were vote kicked Duration: 180 Remaining: 4285238796
PlayerID: 76561198278172955
JudgeID: 0
Reason: you were vote kicked Duration: 180 Remaining: 4285642499
PlayerID: 76561198295006780
JudgeID: 0
Reason: you were vote kicked Duration: 180 Remaining: 4285753417
PlayerID: 76561198344343756
JudgeID: 0
Reason: unspecified Duration: 31536000 Remaining: 24105091
PlayerID: 76561198307420614
JudgeID: 76561198310448124
Reason: unspecified Duration: 31536000 Remaining: 24710982
PlayerID: 76561198139479273
JudgeID: 76561198310448124

06.03.2017 11:34:40: Reason: unspecified Duration: 31536000 Remaining: 24715527
PlayerID: 76561198342579978
JudgeID: 76561198310448124
Reason: unspecified Duration: 31536000 Remaining: 25597183
PlayerID: 76561198354762253
JudgeID: 0
Reason: you were vote kicked Duration: 180 Remaining: 4289570279
PlayerID: 76561198341938994
JudgeID: 0
Reason: you were vote kicked Duration: 180 Remaining: 4290048526
PlayerID: 76561198342608854
JudgeID: 0
Reason: you were vote kicked Duration: 180 Remaining: 4291357570
PlayerID: 76561198324833313
JudgeID: 76561198310448124
Reason: unspecified Duration: 31536000 Remaining: 28787550
PlayerID: 76561198034473774
JudgeID: 76561198310448124
Reason: ׁסמוג Duration: 31536000 Remaining: 28789781
PlayerID: 76561198338923844
JudgeID: 76561198310448124
Reason: unspecified Duration: 31536000 Remaining: 28792204
PlayerID: 76561198354828944
JudgeID: 76561198182216738
Reason: 10 Duration: 31536000 Remaining: 29329176
PlayerID: 76561198357353975
JudgeID: 0
Reason: unspecified Duration: 31536000 Remaining: 30172787
PlayerID: 76561198327386016
JudgeID: 0
Reason: unspecified Duration: 31536000 Remaining: 30172803

06.03.2017 11:34:40: Client has executed command "say "bans""

06.03.2017 11:34:43: END
06.03.2017 11:34:53: Client has executed command "players"

06.03.2017 11:34:53: Players:

06.03.2017 11:34:53: PlayerID: 76561198056237987 Name: Oblivion Character: Oblivion Ping: 121

