25.02.2017 15:50:01: Упс, чет не моё: БАБА ЗИНА [Flash] was mauled by a zombie!
25.02.2017 15:50:01: Упс, чет не моё: MessageAnnouncer >> Добро пожаловать на HEMULGM.RU. Тут рады вам больше, чем на любом другом сервере!
25.02.2017 15:50:01: Упс, чет не моё: MessageAnnouncer >> Broadcast: Добро пожаловать на HEMULGM.RU. Тут рады вам больше, чем на любом другом сервере!
25.02.2017 15:50:01: Disconnecting: PlayerID: 76561198351288713 Name: kovdima2006 Character: kovdima2006

25.02.2017 15:50:00: БАБА ЗИНА [Flash] was mauled by a zombie!

25.02.2017 15:50:00: MessageAnnouncer >> Добро пожаловать на HEMULGM.RU. Тут рады вам больше, чем на любом другом сервере!

25.02.2017 15:50:00: MessageAnnouncer >> Broadcast: Добро пожаловать на HEMULGM.RU. Тут рады вам больше, чем на любом другом сервере!

25.02.2017 15:49:59: PlayerID: 76561198367480230 Name: vadasurik Character: Rento Ping: 130
PlayerID: 76561198283135683 Name: Flash Character: БАБА ЗИНА Ping: 0

25.02.2017 15:49:59: PlayerID: 76561198312308164 Name: lol1223 Character: Макс_Младший Ping: 80
PlayerID: 76561198163282818 Name: FLIP-Je Character: FLIP-Je Ping: 65
PlayerID: 76561198308425560 Name: _-_Бешенный Кот_-_ Character: _-_Бешенный Кот_-_ Ping: 124
PlayerID: 76561198351288713 Name: kovdima2006 Character: kovdima2006 Ping: 103

25.02.2017 15:49:59: PlayerID: 76561198248055000 Name: pavel-antonov3 Character: pavel Ping: 105
PlayerID: 76561198329039763 Name: сталкер Character: semenok-08 Ping: 152
PlayerID: 76561198309533811 Name: CoolRol Character: CoolRol Ping: 98
PlayerID: 76561198277011210 Name: Mini-Dog Character: pavel.gitman Ping: 116
PlayerID: 76561198312765417 Name: БУСТЕР Character: БУСТЕР Ping: 80
PlayerID: 76561198282864662 Name: ??Unanick?? Character: Unanick Ping: 73

25.02.2017 15:49:59: Client has executed command "players"
Players:
PlayerID: 76561198355305702 Name: Kolbaska_189 Character: Kolbaska_189 Ping: 52

25.02.2017 15:49:57: Connecting: PlayerID: 76561198283135683 Name: Flash Character: БАБА ЗИНА

25.02.2017 15:49:57: PlayerID: 76561198163282818 Name: FLIP-Je Character: FLIP-Je Ping: 55
PlayerID: 76561198308425560 Name: _-_Бешенный Кот_-_ Character: _-_Бешенный Кот_-_ Ping: 120
PlayerID: 76561198351288713 Name: kovdima2006 Character: kovdima2006 Ping: 103
PlayerID: 76561198367480230 Name: vadasurik Character: Rento Ping: 142

25.02.2017 15:49:57: PlayerID: 76561198277011210 Name: Mini-Dog Character: pavel.gitman Ping: 120
PlayerID: 76561198312765417 Name: БУСТЕР Character: БУСТЕР Ping: 77
PlayerID: 76561198282864662 Name: ??Unanick?? Character: Unanick Ping: 70
PlayerID: 76561198312308164 Name: lol1223 Character: Макс_Младший Ping: 77

25.02.2017 15:49:57: PlayerID: 76561198248055000 Name: pavel-antonov3 Character: pavel Ping: 104
PlayerID: 76561198329039763 Name: сталкер Character: semenok-08 Ping: 157
PlayerID: 76561198309533811 Name: CoolRol Character: CoolRol Ping: 88

25.02.2017 15:49:57: Players:
PlayerID: 76561198355305702 Name: Kolbaska_189 Character: Kolbaska_189 Ping: 73

25.02.2017 15:49:57: Client has executed command "players"

25.02.2017 15:49:57: END
25.02.2017 15:49:54: Disconnecting: PlayerID: 76561198363692349 Name: NIKITOS Character: derkach_nikita00

25.02.2017 15:49:51: Unanick moved x:-1622.876 y:165.8406(+47.5958) z:1925.753 in the last second (0.8116455)

25.02.2017 15:49:47: END
25.02.2017 15:49:44: PlayerID: 76561198308425560 Name: _-_Бешенный Кот_-_ Character: _-_Бешенный Кот_-_ Ping: 129
PlayerID: 76561198363692349 Name: NIKITOS Character: derkach_nikita00 Ping: 102
PlayerID: 76561198351288713 Name: kovdima2006 Character: kovdima2006 Ping: 89
PlayerID: 76561198367480230 Name: vadasurik Character: Rento Ping: 43

25.02.2017 15:49:44: PlayerID: 76561198277011210 Name: Mini-Dog Character: pavel.gitman Ping: 120
PlayerID: 76561198312765417 Name: БУСТЕР Character: БУСТЕР Ping: 100
PlayerID: 76561198282864662 Name: ??Unanick?? Character: Unanick Ping: 90
PlayerID: 76561198312308164 Name: lol1223 Character: Макс_Младший Ping: 101
PlayerID: 76561198163282818 Name: FLIP-Je Character: FLIP-Je Ping: 72

25.02.2017 15:49:44: Players:
PlayerID: 76561198355305702 Name: Kolbaska_189 Character: Kolbaska_189 Ping: 78
PlayerID: 76561198248055000 Name: pavel-antonov3 Character: pavel Ping: 175
PlayerID: 76561198329039763 Name: сталкер Character: semenok-08 Ping: 159
PlayerID: 76561198309533811 Name: CoolRol Character: CoolRol Ping: 120

25.02.2017 15:49:44: Client has executed command "players"

25.02.2017 15:49:44: END
25.02.2017 15:49:41: Disconnecting: PlayerID: 76561198367189591 Name: eya bleat Character: FUCK YOU BITCHES

25.02.2017 15:49:40: Connecting: PlayerID: 76561198367480230 Name: vadasurik Character: Rento

25.02.2017 15:49:39: PlayerID: 76561198351288713 Name: kovdima2006 Character: kovdima2006 Ping: 62

25.02.2017 15:49:39: PlayerID: 76561198363692349 Name: NIKITOS Character: derkach_nikita00 Ping: 78

25.02.2017 15:49:39: PlayerID: 76561198163282818 Name: FLIP-Je Character: FLIP-Je Ping: 63
PlayerID: 76561198308425560 Name: _-_Бешенный Кот_-_ Character: _-_Бешенный Кот_-_ Ping: 129

25.02.2017 15:49:39: PlayerID: 76561198367189591 Name: eya bleat Character: FUCK YOU BITCHES Ping: 137
PlayerID: 76561198312308164 Name: lol1223 Character: Макс_Младший Ping: 63

25.02.2017 15:49:39: PlayerID: 76561198282864662 Name: ??Unanick?? Character: Unanick Ping: 69

25.02.2017 15:49:39: PlayerID: 76561198312765417 Name: БУСТЕР Character: БУСТЕР Ping: 92

25.02.2017 15:49:39: PlayerID: 76561198277011210 Name: Mini-Dog Character: pavel.gitman Ping: 105

25.02.2017 15:49:39: PlayerID: 76561198309533811 Name: CoolRol Character: CoolRol Ping: 96

25.02.2017 15:49:39: PlayerID: 76561198329039763 Name: сталкер Character: semenok-08 Ping: 169

25.02.2017 15:49:39: PlayerID: 76561198248055000 Name: pavel-antonov3 Character: pavel Ping: 124

25.02.2017 15:49:39: PlayerID: 76561198355305702 Name: Kolbaska_189 Character: Kolbaska_189 Ping: 62

25.02.2017 15:49:39: Players:

25.02.2017 15:49:39: Client has executed command "players"

25.02.2017 15:49:39: RocketRcon v2.4.8.0

