25.02.2017 16:11:35: [World] _-_Бешенный Кот_-_ [_-_Бешенный Кот_-_]: "/tpa PLIP-je"

25.02.2017 16:11:27: END
25.02.2017 16:11:24: PlayerID: 76561198309625109 Name: FT7-F.O.X Character: тойга Ping: 231
PlayerID: 76561198157079221 Name: Xx_D_A_N_Y_A_R_xX Character: Xx_D_A_N_Y_A_R_xX Ping: 121
PlayerID: 76561198176542755 Name: Undead Wolf :3 Character: Kind Wolf Ping: 90
PlayerID: 76561198157457284 Name: autist Character: Autist Ping: 74
PlayerID: 76561198163282818 Name: FLIP-Je Character: FLIP-Je Ping: 70

25.02.2017 16:11:24: PlayerID: 76561197991227717 Name: 2K17_ORO/TOP/ONE Character: Frostgil Ping: 48
PlayerID: 76561198329039763 Name: сталкер Character: semenok-08 Ping: 159
PlayerID: 76561198282864662 Name: ??Unanick?? Character: Unanick Ping: 61
PlayerID: 76561198277011210 Name: Mini-Dog Character: pavel.gitman Ping: 104

25.02.2017 16:11:24: PlayerID: 76561198308425560 Name: _-_Бешенный Кот_-_ Character: _-_Бешенный Кот_-_ Ping: 137
PlayerID: 76561198283135683 Name: Flash Character: БАБА ЗИНА Ping: 53

25.02.2017 16:11:24: Players:

25.02.2017 16:11:24: Client has executed command "players"

25.02.2017 16:11:05: PlayerID: 76561198157457284 Name: autist Character: Autist Ping: 73
PlayerID: 76561198163282818 Name: FLIP-Je Character: FLIP-Je Ping: 68

25.02.2017 16:11:05: PlayerID: 76561198308425560 Name: _-_Бешенный Кот_-_ Character: _-_Бешенный Кот_-_ Ping: 135
PlayerID: 76561198283135683 Name: Flash Character: БАБА ЗИНА Ping: 43
PlayerID: 76561197991227717 Name: 2K17_ORO/TOP/ONE Character: Frostgil Ping: 60
PlayerID: 76561198329039763 Name: сталкер Character: semenok-08 Ping: 148
PlayerID: 76561198282864662 Name: ??Unanick?? Character: Unanick Ping: 68
PlayerID: 76561198277011210 Name: Mini-Dog Character: pavel.gitman Ping: 117
PlayerID: 76561198309625109 Name: FT7-F.O.X Character: тойга Ping: 231
PlayerID: 76561198157079221 Name: Xx_D_A_N_Y_A_R_xX Character: Xx_D_A_N_Y_A_R_xX Ping: 124
PlayerID: 76561198176542755 Name: Undead Wolf :3 Character: Kind Wolf Ping: 88

25.02.2017 16:11:05: Упс, чет не моё: Client has executed command "players"
25.02.2017 16:11:05: Players:

25.02.2017 16:11:05: Client has executed command "players"

25.02.2017 16:11:04: PlayerID: 76561198163282818 Name: FLIP-Je Character: FLIP-Je Ping: 70

25.02.2017 16:11:04: PlayerID: 76561198309625109 Name: FT7-F.O.X Character: тойга Ping: 236
PlayerID: 76561198157079221 Name: Xx_D_A_N_Y_A_R_xX Character: Xx_D_A_N_Y_A_R_xX Ping: 127
PlayerID: 76561198176542755 Name: Undead Wolf :3 Character: Kind Wolf Ping: 92
PlayerID: 76561198157457284 Name: autist Character: Autist Ping: 77

25.02.2017 16:11:04: PlayerID: 76561198282864662 Name: ??Unanick?? Character: Unanick Ping: 69
PlayerID: 76561198277011210 Name: Mini-Dog Character: pavel.gitman Ping: 114

25.02.2017 16:11:04: PlayerID: 76561197991227717 Name: 2K17_ORO/TOP/ONE Character: Frostgil Ping: 53
PlayerID: 76561198329039763 Name: сталкер Character: semenok-08 Ping: 158

25.02.2017 16:11:04: PlayerID: 76561198283135683 Name: Flash Character: БАБА ЗИНА Ping: 37

25.02.2017 16:11:04: PlayerID: 76561198308425560 Name: _-_Бешенный Кот_-_ Character: _-_Бешенный Кот_-_ Ping: 132

25.02.2017 16:11:04: Players:

25.02.2017 16:11:04: Client has executed command "players"

25.02.2017 16:11:04: RocketRcon v2.4.8.0

