25.02.2017 11:43:58: MessageAnnouncer >> Используйте /report [ник], чтобы отправить жалобу на игрока

25.02.2017 11:43:58: MessageAnnouncer >> Broadcast: Используйте /report [ник], чтобы отправить жалобу на игрока

25.02.2017 11:43:56: PlayerID: 76561198277011210 Name: POI9 Character: pavel.gitman Ping: 100
PlayerID: 76561198345369673 Name: tema42233 Character: tema42233 Ping: 43
PlayerID: 76561198302975346 Name: Skiletrons Character: Майкл Маерс Ping: 74
PlayerID: 76561198367480230 Name: vadasurik Character: Rento Ping: 72
PlayerID: 76561198074664553 Name: stalker Character: ClayShooter Ping: 143

25.02.2017 11:43:56: Players:

25.02.2017 11:43:56: Client has executed command "players"

25.02.2017 11:43:36: PlayerID: 76561198277011210 Name: POI9 Character: pavel.gitman Ping: 105
PlayerID: 76561198345369673 Name: tema42233 Character: tema42233 Ping: 32
PlayerID: 76561198302975346 Name: Skiletrons Character: Майкл Маерс Ping: 69
PlayerID: 76561198367480230 Name: vadasurik Character: Rento Ping: 71
PlayerID: 76561198074664553 Name: stalker Character: ClayShooter Ping: 287

25.02.2017 11:43:36: Упс, чет не моёClient has executed command "players"
25.02.2017 11:43:36: Players:

25.02.2017 11:43:36: Client has executed command "players"

25.02.2017 11:43:34: PlayerID: 76561198345369673 Name: tema42233 Character: tema42233 Ping: 35
PlayerID: 76561198302975346 Name: Skiletrons Character: Майкл Маерс Ping: 69
PlayerID: 76561198367480230 Name: vadasurik Character: Rento Ping: 74
PlayerID: 76561198074664553 Name: stalker Character: ClayShooter Ping: 136

25.02.2017 11:43:34: PlayerID: 76561198277011210 Name: POI9 Character: pavel.gitman Ping: 103

25.02.2017 11:43:34: Players:

25.02.2017 11:43:34: Client has executed command "players"

25.02.2017 11:43:34: PlayerID: 76561198345369673 Name: tema42233 Character: tema42233 Ping: 42
PlayerID: 76561198302975346 Name: Skiletrons Character: Майкл Маерс Ping: 69
PlayerID: 76561198367480230 Name: vadasurik Character: Rento Ping: 74
PlayerID: 76561198074664553 Name: stalker Character: ClayShooter Ping: 136

25.02.2017 11:43:34: Упс, чет не моёClient has executed command "players"
25.02.2017 11:43:34: Players:
PlayerID: 76561198277011210 Name: POI9 Character: pavel.gitman Ping: 106

25.02.2017 11:43:34: Client has executed command "players"

25.02.2017 11:43:33: PlayerID: 76561198345369673 Name: tema42233 Character: tema42233 Ping: 42
PlayerID: 76561198302975346 Name: Skiletrons Character: Майкл Маерс Ping: 69
PlayerID: 76561198367480230 Name: vadasurik Character: Rento Ping: 74
PlayerID: 76561198074664553 Name: stalker Character: ClayShooter Ping: 136

25.02.2017 11:43:33: PlayerID: 76561198277011210 Name: POI9 Character: pavel.gitman Ping: 106

25.02.2017 11:43:33: Players:

25.02.2017 11:43:33: Client has executed command "players"

25.02.2017 11:43:24: [World] ClayShooter [stalker]: "/p"

25.02.2017 11:43:16: PlayerID: 76561198074664553 Name: stalker Character: ClayShooter Ping: 135

25.02.2017 11:43:16: PlayerID: 76561198277011210 Name: POI9 Character: pavel.gitman Ping: 111
PlayerID: 76561198345369673 Name: tema42233 Character: tema42233 Ping: 37
PlayerID: 76561198302975346 Name: Skiletrons Character: Майкл Маерс Ping: 81
PlayerID: 76561198367480230 Name: vadasurik Character: Rento Ping: 76

25.02.2017 11:43:16: Players:

25.02.2017 11:43:16: Client has executed command "players"

25.02.2017 11:43:14: [Area] Rento [vadasurik]: "как думаешь где?"

25.02.2017 11:43:01: PlayerID: 76561198345369673 Name: tema42233 Character: tema42233 Ping: 48
PlayerID: 76561198302975346 Name: Skiletrons Character: Майкл Маерс Ping: 66
PlayerID: 76561198367480230 Name: vadasurik Character: Rento Ping: 75
PlayerID: 76561198074664553 Name: stalker Character: ClayShooter Ping: 110

25.02.2017 11:43:01: PlayerID: 76561198277011210 Name: POI9 Character: pavel.gitman Ping: 102

25.02.2017 11:43:01: Players:

25.02.2017 11:43:01: Client has executed command "players"

25.02.2017 11:43:01: [Area] tema42233 [tema42233]: "оо"

25.02.2017 11:42:58: Connecting: PlayerID: 76561198074664553 Name: stalker Character: ClayShooter

25.02.2017 11:42:57: [Area] Rento [vadasurik]: "где много железа?"

25.02.2017 11:42:56: PlayerID: 76561198302975346 Name: Skiletrons Character: Майкл Маерс Ping: 67
PlayerID: 76561198367480230 Name: vadasurik Character: Rento Ping: 79

25.02.2017 11:42:56: PlayerID: 76561198345369673 Name: tema42233 Character: tema42233 Ping: 46

25.02.2017 11:42:56: PlayerID: 76561198277011210 Name: POI9 Character: pavel.gitman Ping: 115

25.02.2017 11:42:56: Players:

25.02.2017 11:42:56: Client has executed command "players"

25.02.2017 11:42:56: RocketRcon v2.4.8.0

