05.03.2017 23:06:33: The player ƒен Ћандау has no permission to execute the command kit

05.03.2017 23:06:33: [World] ƒен Ћандау [chlenixx.exe]: "/kit  map"

05.03.2017 23:06:28: END
05.03.2017 23:06:25: PlayerID: 76561198249174516 Name: chlenixx.exe Character: ƒен Ћандау Ping: 70
PlayerID: 76561198327413238 Name: AutomatKalashnikovaЩ Character: AutomatKalashnikova Ping: 210
PlayerID: 76561198084544206 Name: ƒежурный Character: D.Masta Ping: 164
PlayerID: 76561198051446787 Name: Pugna triple kill Character: Opticor Ping: 218

05.03.2017 23:06:25: Players:

05.03.2017 23:06:25: Client has executed command "players"

05.03.2017 23:06:16: [World] ƒен Ћандау [chlenixx.exe]: "/kit  help"

05.03.2017 23:06:05: [World] AutomatKalashnikova [AutomatKalashnikovaЩ]: "/kit start"

05.03.2017 23:06:05: PlayerID: 76561198249174516 Name: chlenixx.exe Character: ƒен Ћандау Ping: 54
PlayerID: 76561198327413238 Name: AutomatKalashnikovaЩ Character: AutomatKalashnikova Ping: 195
PlayerID: 76561198084544206 Name: ƒежурный Character: D.Masta Ping: 140
PlayerID: 76561198051446787 Name: Pugna triple kill Character: Opticor Ping: 117

05.03.2017 23:06:05: Players:

05.03.2017 23:06:05: Client has executed command "players"

05.03.2017 23:06:03: ƒен Ћандау [chlenixx.exe] was mauled by a zombie!

05.03.2017 23:05:58: MessageAnnouncer >> Ќаберите /kit start, чтобы получить стартовый набор (еда, вода, топор)

05.03.2017 23:05:58: MessageAnnouncer >> Broadcast: Ќаберите /kit start, чтобы получить стартовый набор (еда, вода, топор)

05.03.2017 23:05:48: END
05.03.2017 23:05:45: PlayerID: 76561198249174516 Name: chlenixx.exe Character: ƒен Ћандау Ping: 85
PlayerID: 76561198327413238 Name: AutomatKalashnikovaЩ Character: AutomatKalashnikova Ping: 203
PlayerID: 76561198084544206 Name: ƒежурный Character: D.Masta Ping: 101
PlayerID: 76561198051446787 Name: Pugna triple kill Character: Opticor Ping: 101

05.03.2017 23:05:45: Players:

05.03.2017 23:05:45: Client has executed command "players"

05.03.2017 23:05:28: END
05.03.2017 23:05:25: PlayerID: 76561198327413238 Name: AutomatKalashnikovaЩ Character: AutomatKalashnikova Ping: 203
PlayerID: 76561198084544206 Name: ƒежурный Character: D.Masta Ping: 125
PlayerID: 76561198051446787 Name: Pugna triple kill Character: Opticor Ping: 148

05.03.2017 23:05:25: Players:
PlayerID: 76561198249174516 Name: chlenixx.exe Character: ƒен Ћандау Ping: 62

05.03.2017 23:05:25: Client has executed command "players"

05.03.2017 23:05:08: END
05.03.2017 23:05:05: PlayerID: 76561198249174516 Name: chlenixx.exe Character: ƒен Ћандау Ping: 62
PlayerID: 76561198327413238 Name: AutomatKalashnikovaЩ Character: AutomatKalashnikova Ping: 242
PlayerID: 76561198084544206 Name: ƒежурный Character: D.Masta Ping: 164
PlayerID: 76561198051446787 Name: Pugna triple kill Character: Opticor Ping: 132

05.03.2017 23:05:05: Players:

05.03.2017 23:05:05: Client has executed command "players"

05.03.2017 23:04:48: END
05.03.2017 23:04:45: PlayerID: 76561198249174516 Name: chlenixx.exe Character: ƒен Ћандау Ping: 109
PlayerID: 76561198327413238 Name: AutomatKalashnikovaЩ Character: AutomatKalashnikova Ping: 195
PlayerID: 76561198084544206 Name: ƒежурный Character: D.Masta Ping: 117
PlayerID: 76561198051446787 Name: Pugna triple kill Character: Opticor Ping: 109

05.03.2017 23:04:45: Players:

05.03.2017 23:04:45: Client has executed command "players"

05.03.2017 23:04:28: END
05.03.2017 23:04:25: PlayerID: 76561198249174516 Name: chlenixx.exe Character: ƒен Ћандау Ping: 54
PlayerID: 76561198327413238 Name: AutomatKalashnikovaЩ Character: AutomatKalashnikova Ping: 203
PlayerID: 76561198084544206 Name: ƒежурный Character: D.Masta Ping: 132
PlayerID: 76561198051446787 Name: Pugna triple kill Character: Opticor Ping: 117

05.03.2017 23:04:25: Players:

05.03.2017 23:04:25: Client has executed command "players"

05.03.2017 23:04:08: END
05.03.2017 23:04:05: PlayerID: 76561198084544206 Name: ƒежурный Character: D.Masta Ping: 125
PlayerID: 76561198051446787 Name: Pugna triple kill Character: Opticor Ping: 0

05.03.2017 23:04:05: PlayerID: 76561198249174516 Name: chlenixx.exe Character: ƒен Ћандау Ping: 54
PlayerID: 76561198327413238 Name: AutomatKalashnikovaЩ Character: AutomatKalashnikova Ping: 218

05.03.2017 23:04:05: Players:

05.03.2017 23:04:05: Client has executed command "players"

05.03.2017 23:04:05: PlayerID: 76561198084544206 Name: ƒежурный Character: D.Masta Ping: 125
PlayerID: 76561198051446787 Name: Pugna triple kill Character: Opticor Ping: 0

05.03.2017 23:04:05: PlayerID: 76561198249174516 Name: chlenixx.exe Character: ƒен Ћандау Ping: 54
PlayerID: 76561198327413238 Name: AutomatKalashnikovaЩ Character: AutomatKalashnikova Ping: 218

05.03.2017 23:04:05: Players:

05.03.2017 23:04:05: Client has executed command "players"

05.03.2017 23:04:04: Connecting: PlayerID: 76561198051446787 Name: Pugna triple kill Character: Opticor

05.03.2017 23:04:01: ”пс, чет не моЄ: MessageAnnouncer >> ƒобро пожаловать на HEMULGM.RU. “ут рады вам больше, чем на любом другом сервере!
05.03.2017 23:04:01: ”пс, чет не моЄ: MessageAnnouncer >> Broadcast: ƒобро пожаловать на HEMULGM.RU. “ут рады вам больше, чем на любом другом сервере!
05.03.2017 23:04:01: END
05.03.2017 23:03:58: MessageAnnouncer >> ƒобро пожаловать на HEMULGM.RU. “ут рады вам больше, чем на любом другом сервере!

05.03.2017 23:03:58: MessageAnnouncer >> Broadcast: ƒобро пожаловать на HEMULGM.RU. “ут рады вам больше, чем на любом другом сервере!

05.03.2017 23:03:57: PlayerID: 76561198084544206 Name: ƒежурный Character: D.Masta Ping: 171

05.03.2017 23:03:57: PlayerID: 76561198249174516 Name: chlenixx.exe Character: ƒен Ћандау Ping: 31
PlayerID: 76561198327413238 Name: AutomatKalashnikovaЩ Character: AutomatKalashnikova Ping: 187

05.03.2017 23:03:57: Players:

05.03.2017 23:03:57: Client has executed command "players"

05.03.2017 23:03:57: END
05.03.2017 23:03:54: Disconnecting: PlayerID: 76561198272757745 Name: BobitoBGYT Character: BobitoBGYT

05.03.2017 23:03:48: END
05.03.2017 23:03:45: PlayerID: 76561198249174516 Name: chlenixx.exe Character: ƒен Ћандау Ping: 54
PlayerID: 76561198327413238 Name: AutomatKalashnikovaЩ Character: AutomatKalashnikova Ping: 210
PlayerID: 76561198084544206 Name: ƒежурный Character: D.Masta Ping: 171

05.03.2017 23:03:45: PlayerID: 76561198272757745 Name: BobitoBGYT Character: BobitoBGYT Ping: 164

05.03.2017 23:03:45: Players:

05.03.2017 23:03:45: Client has executed command "players"

05.03.2017 23:03:30: END
05.03.2017 23:03:27: PlayerID: 76561198327413238 Name: AutomatKalashnikovaЩ Character: AutomatKalashnikova Ping: 187
PlayerID: 76561198084544206 Name: ƒежурный Character: D.Masta Ping: 140

05.03.2017 23:03:27: PlayerID: 76561198272757745 Name: BobitoBGYT Character: BobitoBGYT Ping: 148
PlayerID: 76561198249174516 Name: chlenixx.exe Character: ƒен Ћандау Ping: 46

05.03.2017 23:03:27: Players:

05.03.2017 23:03:27: Client has executed command "players"

05.03.2017 23:03:25: PlayerID: 76561198084544206 Name: ƒежурный Character: D.Masta Ping: 140

05.03.2017 23:03:25: PlayerID: 76561198272757745 Name: BobitoBGYT Character: BobitoBGYT Ping: 140
PlayerID: 76561198249174516 Name: chlenixx.exe Character: ƒен Ћандау Ping: 46
PlayerID: 76561198327413238 Name: AutomatKalashnikovaЩ Character: AutomatKalashnikova Ping: 171

05.03.2017 23:03:25: Players:

05.03.2017 23:03:25: Client has executed command "players"

05.03.2017 23:03:25: RocketRcon v2.4.8.0

