05.03.2017 22:24:16: END
05.03.2017 22:24:13: PlayerID: 76561198084544206 Name: Дежурный Character: D.Masta Ping: 140
PlayerID: 76561198083471163 Name: Revers Character: Revers Ping: 148

05.03.2017 22:24:13: Players:

05.03.2017 22:24:13: Client has executed command "players"

05.03.2017 22:23:57: MessageAnnouncer >> Внимание! PvP-режим по субботам! PvP-режим!!!

05.03.2017 22:23:57: MessageAnnouncer >> Broadcast: Внимание! PvP-режим по субботам! PvP-режим!!!

05.03.2017 22:23:56: END
05.03.2017 22:23:53: PlayerID: 76561198084544206 Name: Дежурный Character: D.Masta Ping: 93
PlayerID: 76561198083471163 Name: Revers Character: Revers Ping: 125

05.03.2017 22:23:53: Players:

05.03.2017 22:23:53: Client has executed command "players"

05.03.2017 22:23:36: END
05.03.2017 22:23:33: PlayerID: 76561198084544206 Name: Дежурный Character: D.Masta Ping: 101
PlayerID: 76561198083471163 Name: Revers Character: Revers Ping: 93

05.03.2017 22:23:33: Players:

05.03.2017 22:23:33: Client has executed command "players"

05.03.2017 22:23:31: END
05.03.2017 22:23:28: PlayerID: 76561198084544206 Name: Дежурный Character: D.Masta Ping: 93
PlayerID: 76561198083471163 Name: Revers Character: Revers Ping: 117

05.03.2017 22:23:28: Players:

05.03.2017 22:23:28: Client has executed command "players"

05.03.2017 22:23:28: END
05.03.2017 22:23:25: Disconnecting: PlayerID: 76561198036844993 Name: Draid Character: Cупер Док

05.03.2017 22:23:16: END
05.03.2017 22:23:13: PlayerID: 76561198084544206 Name: Дежурный Character: D.Masta Ping: 179
PlayerID: 76561198083471163 Name: Revers Character: Revers Ping: 156
PlayerID: 76561198036844993 Name: Draid Character: Cупер Док Ping: 125

05.03.2017 22:23:13: Players:

05.03.2017 22:23:13: Client has executed command "players"

05.03.2017 22:23:05: [World] Cупер Док [Draid]: "/tpa Auto"

05.03.2017 22:22:57: [World] Cупер Док [Draid]: "/tpa Automat"

05.03.2017 22:22:56: END
05.03.2017 22:22:53: PlayerID: 76561198084544206 Name: Дежурный Character: D.Masta Ping: 109
PlayerID: 76561198083471163 Name: Revers Character: Revers Ping: 93
PlayerID: 76561198036844993 Name: Draid Character: Cупер Док Ping: 54

05.03.2017 22:22:53: Players:

05.03.2017 22:22:53: Client has executed command "players"

05.03.2017 22:22:36: END
05.03.2017 22:22:33: PlayerID: 76561198084544206 Name: Дежурный Character: D.Masta Ping: 101
PlayerID: 76561198083471163 Name: Revers Character: Revers Ping: 93
PlayerID: 76561198036844993 Name: Draid Character: Cупер Док Ping: 78

05.03.2017 22:22:33: Players:

05.03.2017 22:22:33: Client has executed command "players"

05.03.2017 22:22:16: END
05.03.2017 22:22:13: PlayerID: 76561198084544206 Name: Дежурный Character: D.Masta Ping: 164
PlayerID: 76561198083471163 Name: Revers Character: Revers Ping: 156
PlayerID: 76561198036844993 Name: Draid Character: Cупер Док Ping: 140

05.03.2017 22:22:13: Players:

05.03.2017 22:22:13: Client has executed command "players"

05.03.2017 22:21:57: MessageAnnouncer >> Наберите /kit start, чтобы получить стартовый набор (еда, вода, топор)

05.03.2017 22:21:57: MessageAnnouncer >> Broadcast: Наберите /kit start, чтобы получить стартовый набор (еда, вода, топор)

05.03.2017 22:21:56: END
05.03.2017 22:21:53: PlayerID: 76561198084544206 Name: Дежурный Character: D.Masta Ping: 156
PlayerID: 76561198083471163 Name: Revers Character: Revers Ping: 148
PlayerID: 76561198036844993 Name: Draid Character: Cупер Док Ping: 109

05.03.2017 22:21:53: Players:

05.03.2017 22:21:53: Client has executed command "players"

05.03.2017 22:21:36: END
05.03.2017 22:21:33: PlayerID: 76561198084544206 Name: Дежурный Character: D.Masta Ping: 101
PlayerID: 76561198083471163 Name: Revers Character: Revers Ping: 109
PlayerID: 76561198036844993 Name: Draid Character: Cупер Док Ping: 46

05.03.2017 22:21:33: Players:

05.03.2017 22:21:33: Client has executed command "players"

05.03.2017 22:21:16: END
05.03.2017 22:21:13: PlayerID: 76561198084544206 Name: Дежурный Character: D.Masta Ping: 101
PlayerID: 76561198083471163 Name: Revers Character: Revers Ping: 85
PlayerID: 76561198036844993 Name: Draid Character: Cупер Док Ping: 85

05.03.2017 22:21:13: Players:

05.03.2017 22:21:13: Client has executed command "players"

05.03.2017 22:20:56: END
05.03.2017 22:20:53: PlayerID: 76561198084544206 Name: Дежурный Character: D.Masta Ping: 125
PlayerID: 76561198083471163 Name: Revers Character: Revers Ping: 140
PlayerID: 76561198036844993 Name: Draid Character: Cупер Док Ping: 62

05.03.2017 22:20:53: Players:

05.03.2017 22:20:53: Client has executed command "players"

05.03.2017 22:20:36: END
05.03.2017 22:20:33: PlayerID: 76561198084544206 Name: Дежурный Character: D.Masta Ping: 195
PlayerID: 76561198083471163 Name: Revers Character: Revers Ping: 226
PlayerID: 76561198036844993 Name: Draid Character: Cупер Док Ping: 187

05.03.2017 22:20:33: Players:

05.03.2017 22:20:33: Client has executed command "players"

05.03.2017 22:20:16: END
05.03.2017 22:20:13: PlayerID: 76561198084544206 Name: Дежурный Character: D.Masta Ping: 101
PlayerID: 76561198083471163 Name: Revers Character: Revers Ping: 93
PlayerID: 76561198036844993 Name: Draid Character: Cупер Док Ping: 78

05.03.2017 22:20:13: Players:

05.03.2017 22:20:13: Client has executed command "players"

05.03.2017 22:19:57: VehicleEvents >> Broadcast: Брошенный зелёный хетчбек в Alika Base! Найди его и он твой!

05.03.2017 22:19:57: MessageAnnouncer >> Добро пожаловать на HEMULGM.RU. Тут рады вам больше, чем на любом другом сервере!

05.03.2017 22:19:57: MessageAnnouncer >> Broadcast: Добро пожаловать на HEMULGM.RU. Тут рады вам больше, чем на любом другом сервере!

05.03.2017 22:19:57: Vehicle Events by CryTheSly has been loaded!

05.03.2017 22:19:57: 
[loading] VehicleEvents
05.03.2017 22:19:57: [registered] /pay (fr34kyn01535.Uconomy.CommandPay/pay)

05.03.2017 22:19:57: 
[loading] Uconomy[registered] /balance (fr34kyn01535.Uconomy.CommandBalance/balance)

05.03.2017 22:19:57: TPA by LeeIzaZombie, Version 1.7.0.2
...
Current configuration:
...
Cooldown TPA requests: enabled, Seconds: 90
Delay teleporting: disabled, Seconds: 10
Cancel teleport if bleeding: disabled
NinjaTP: disabled, EffectID: 45
[Delay] Cancel teleport if hurt: disabled
...
Checking for problems:
No errors have been found!
...
Always welcome to suggestions! If you find a bug, please report it!

05.03.2017 22:19:57: [registered] /tpa (RocketMod_TPA.CommandTPA/tpa)

05.03.2017 22:19:57: 
[loading] RocketMod_TPA
05.03.2017 22:19:57: PlayerInfoLib >> PlayerInfoLib plugin has been loaded, Server Instance ID is: 1
Adding UnturnedPlayerComponent: PlayerInfoLibPComponent

05.03.2017 22:19:57: [registered] /rnint (PlayerInfoLibrary.CommandRnInstance/rnint)
[registered] /investigate (PlayerInfoLibrary.CommandInvestigate/investigate)

05.03.2017 22:19:57: [registered] /delint (PlayerInfoLibrary.CommandDelInstance/delint)

05.03.2017 22:19:57: 
[loading] PlayerInfoLib
05.03.2017 22:19:57: [registered] /rules (fr34kyn01535.MessageAnnouncer.RocketTextCommand/rules)
[registered] /r (fr34kyn01535.MessageAnnouncer.RocketTextCommand/r)
[registered] /kits (fr34kyn01535.MessageAnnouncer.RocketTextCommand/kits)

05.03.2017 22:19:57: MessageAnnouncer >> Load

05.03.2017 22:19:57: 
[loading] MessageAnnouncer
05.03.2017 22:19:57: Setting up Item Restrictions by LeeIzaZombie. v2.0
--
Black listed items found: 8
--
Item Restrictions is ready!

05.03.2017 22:19:57: 
[loading] LeeIzaZombie.ItemRestrictions
05.03.2017 22:19:57: Kits >> Optional dependency Uconomy is not present.

05.03.2017 22:19:57: [registered] /kit (fr34kyn01535.Kits.CommandKit/kit)

05.03.2017 22:19:57: 
[loading] Kits
05.03.2017 22:19:57: 
[loading] JoinLeaveMessages
05.03.2017 22:19:57: Loading RocketMod_TPA from C:\Program Files (x86)\Steam\steamapps\common\Unturned\Servers\Russia_HGM\Rocket\Plugins\RocketMod_TPA.dll
Loading Uconomy from C:\Program Files (x86)\Steam\steamapps\common\Unturned\Servers\Russia_HGM\Rocket\Plugins\Uconomy.dll
Loading VehicleEvents from C:\Program Files (x86)\Steam\steamapps\common\Unturned\Servers\Russia_HGM\Rocket\Plugins\VehicleEvents.dll

05.03.2017 22:19:57: Loading Kits from C:\Program Files (x86)\Steam\steamapps\common\Unturned\Servers\Russia_HGM\Rocket\Plugins\Kits.dll
Loading LeeIzaZombie.ItemRestrictions from C:\Program Files (x86)\Steam\steamapps\common\Unturned\Servers\Russia_HGM\Rocket\Plugins\LeeIzaZombie.ItemRestrictions.dll
Loading MessageAnnouncer from C:\Program Files (x86)\Steam\steamapps\common\Unturned\Servers\Russia_HGM\Rocket\Plugins\MessageAnnouncer.dll
Loading PlayerInfoLib from C:\Program Files (x86)\Steam\steamapps\common\Unturned\Servers\Russia_HGM\Rocket\Plugins\PlayerInfoLib.dll

05.03.2017 22:19:57: Loading JoinLeaveMessages from C:\Program Files (x86)\Steam\steamapps\common\Unturned\Servers\Russia_HGM\Rocket\Plugins\JoinLeaveMessages.dll

05.03.2017 22:19:57: Client has executed command "say "rocket reload""

05.03.2017 22:19:57: 
[unloading] Uconomy
[unloading] RocketMod_TPA
[unloading] PlayerInfoLib
[unloading] MessageAnnouncerMessageAnnouncer >> Unload

[unloading] LeeIzaZombie.ItemRestrictions
[unloading] Kits
[unloading] JoinLeaveMessages
05.03.2017 22:19:57: 
[unloading] VehicleEvents
05.03.2017 22:19:57: Перезагрузка Rocket

05.03.2017 22:19:57: Упс, чет не моё: MessageAnnouncer >> Наберите /kit help, чтобы получить первую мед. помощь (бинты, таблетки, еда)
05.03.2017 22:19:57: Упс, чет не моё: MessageAnnouncer >> Broadcast: Наберите /kit help, чтобы получить первую мед. помощь (бинты, таблетки, еда)
05.03.2017 22:19:57: Client has executed command "rocket reload"

05.03.2017 22:19:55: MessageAnnouncer >> Наберите /kit help, чтобы получить первую мед. помощь (бинты, таблетки, еда)

05.03.2017 22:19:55: MessageAnnouncer >> Broadcast: Наберите /kit help, чтобы получить первую мед. помощь (бинты, таблетки, еда)

05.03.2017 22:19:53: PlayerID: 76561198084544206 Name: Дежурный Character: D.Masta Ping: 109
PlayerID: 76561198083471163 Name: Revers Character: Revers Ping: 85
PlayerID: 76561198036844993 Name: Draid Character: Cупер Док Ping: 70

05.03.2017 22:19:53: Players:

05.03.2017 22:19:53: Client has executed command "players"

05.03.2017 22:19:36: END
05.03.2017 22:19:33: PlayerID: 76561198084544206 Name: Дежурный Character: D.Masta Ping: 179
PlayerID: 76561198083471163 Name: Revers Character: Revers Ping: 179
PlayerID: 76561198036844993 Name: Draid Character: Cупер Док Ping: 125

05.03.2017 22:19:33: Players:

05.03.2017 22:19:33: Client has executed command "players"

05.03.2017 22:19:16: END
05.03.2017 22:19:13: PlayerID: 76561198084544206 Name: Дежурный Character: D.Masta Ping: 109
PlayerID: 76561198083471163 Name: Revers Character: Revers Ping: 93
PlayerID: 76561198036844993 Name: Draid Character: Cупер Док Ping: 156

05.03.2017 22:19:13: Players:

05.03.2017 22:19:13: Client has executed command "players"

05.03.2017 22:19:05: END
05.03.2017 22:19:02: PlayerID: 76561198084544206 Name: Дежурный Character: D.Masta Ping: 109
PlayerID: 76561198083471163 Name: Revers Character: Revers Ping: 109
PlayerID: 76561198036844993 Name: Draid Character: Cупер Док Ping: 70

05.03.2017 22:19:02: Players:

05.03.2017 22:19:02: Client has executed command "players"

05.03.2017 22:19:02: END
05.03.2017 22:18:59: Disconnecting: PlayerID: 76561198327413238 Name: AutomatKalashnikova™ Character: AutomatKalashnikova

05.03.2017 22:18:57: [World] Cупер Док [Draid]: "я всёравно пойду"

05.03.2017 22:18:56: END
05.03.2017 22:18:53: PlayerID: 76561198084544206 Name: Дежурный Character: D.Masta Ping: 125
PlayerID: 76561198083471163 Name: Revers Character: Revers Ping: 164
PlayerID: 76561198036844993 Name: Draid Character: Cупер Док Ping: 125
PlayerID: 76561198327413238 Name: AutomatKalashnikova™ Character: AutomatKalashnikova Ping: 226

05.03.2017 22:18:53: Players:

05.03.2017 22:18:53: Client has executed command "players"

05.03.2017 22:18:37: [World] AutomatKalashnikova [AutomatKalashnikova™]: "Я там сдох"

05.03.2017 22:18:36: END
05.03.2017 22:18:33: PlayerID: 76561198084544206 Name: Дежурный Character: D.Masta Ping: 171
PlayerID: 76561198083471163 Name: Revers Character: Revers Ping: 125
PlayerID: 76561198036844993 Name: Draid Character: Cупер Док Ping: 62
PlayerID: 76561198327413238 Name: AutomatKalashnikova™ Character: AutomatKalashnikova Ping: 242

05.03.2017 22:18:33: Players:

05.03.2017 22:18:33: Client has executed command "players"

05.03.2017 22:18:30: END
05.03.2017 22:18:27: PlayerID: 76561198083471163 Name: Revers Character: Revers Ping: 117
PlayerID: 76561198036844993 Name: Draid Character: Cупер Док Ping: 70
PlayerID: 76561198327413238 Name: AutomatKalashnikova™ Character: AutomatKalashnikova Ping: 210

05.03.2017 22:18:27: Players:
PlayerID: 76561198084544206 Name: Дежурный Character: D.Masta Ping: 117

05.03.2017 22:18:27: Client has executed command "players"

05.03.2017 22:18:14: [World] Cупер Док [Draid]: "/tpa Automat"

05.03.2017 22:18:13: PlayerID: 76561198036844993 Name: Draid Character: Cупер Док Ping: 85
PlayerID: 76561198327413238 Name: AutomatKalashnikova™ Character: AutomatKalashnikova Ping: 195

05.03.2017 22:18:13: PlayerID: 76561198084544206 Name: Дежурный Character: D.Masta Ping: 164
PlayerID: 76561198083471163 Name: Revers Character: Revers Ping: 156

05.03.2017 22:18:13: Players:

05.03.2017 22:18:13: Client has executed command "players"

05.03.2017 22:18:13: RocketRcon v2.4.8.0

