22.02.2017 15:39:42: Players:
PlayerID: 76561198272327937 Name: Thug Life Character: Семёныч Ping: 62
PlayerID: 76561198243530780 Name: LuckyMan ^-^csgo-happy.ru Character: LuckyMan ^-^ Ping: 138
PlayerID: 76561198326392297 Name: VorontsEmil Character:  VorontsEmil Ping: 99
PlayerID: 76561198272167056 Name: ¦ Alexandr ¦ Character: Alexandr  Kotov Ping: 72
PlayerID: 76561198198578146 Name: NightCatSan Character: NightCatSan Ping: 60
PlayerID: 76561198278618116 Name: Mizuki Character: Mizuki Ping: 255

22.02.2017 15:39:41: Client has executed command "players"

22.02.2017 15:39:40: Players:
PlayerID: 76561198272327937 Name: Thug Life Character: Семёныч Ping: 58
PlayerID: 76561198243530780 Name: LuckyMan ^-^csgo-happy.ru Character: LuckyMan ^-^ Ping: 123
PlayerID: 76561198326392297 Name: VorontsEmil Character:  VorontsEmil Ping: 107
PlayerID: 76561198272167056 Name: ¦ Alexandr ¦ Character: Alexandr  Kotov Ping: 72
PlayerID: 76561198198578146 Name: NightCatSan Character: NightCatSan Ping: 56
PlayerID: 76561198278618116 Name: Mizuki Character: Mizuki Ping: 76

22.02.2017 15:39:39: Client has executed command "players"

22.02.2017 15:39:38: [World] NightCatSan [NightCatSan]: "Неа"

22.02.2017 15:39:38: PlayerID: 76561198278618116 Name: Mizuki Character: Mizuki Ping: 125

22.02.2017 15:39:38: Players:
PlayerID: 76561198272327937 Name: Thug Life Character: Семёныч Ping: 70
PlayerID: 76561198243530780 Name: LuckyMan ^-^csgo-happy.ru Character: LuckyMan ^-^ Ping: 123
PlayerID: 76561198326392297 Name: VorontsEmil Character:  VorontsEmil Ping: 82
PlayerID: 76561198272167056 Name: ¦ Alexandr ¦ Character: Alexandr  Kotov Ping: 70
PlayerID: 76561198198578146 Name: NightCatSan Character: NightCatSan Ping: 58

22.02.2017 15:39:37: Client has executed command "players"

22.02.2017 15:39:36: Players:
PlayerID: 76561198272327937 Name: Thug Life Character: Семёныч Ping: 175
PlayerID: 76561198243530780 Name: LuckyMan ^-^csgo-happy.ru Character: LuckyMan ^-^ Ping: 130
PlayerID: 76561198326392297 Name: VorontsEmil Character:  VorontsEmil Ping: 60
PlayerID: 76561198272167056 Name: ¦ Alexandr ¦ Character: Alexandr  Kotov Ping: 74
PlayerID: 76561198198578146 Name: NightCatSan Character: NightCatSan Ping: 64
PlayerID: 76561198278618116 Name: Mizuki Character: Mizuki Ping: 132

22.02.2017 15:39:35: Client has executed command "players"

22.02.2017 15:39:34: Players:
PlayerID: 76561198272327937 Name: Thug Life Character: Семёныч Ping: 345
PlayerID: 76561198243530780 Name: LuckyMan ^-^csgo-happy.ru Character: LuckyMan ^-^ Ping: 136
PlayerID: 76561198326392297 Name: VorontsEmil Character:  VorontsEmil Ping: 78
PlayerID: 76561198272167056 Name: ¦ Alexandr ¦ Character: Alexandr  Kotov Ping: 80
PlayerID: 76561198198578146 Name: NightCatSan Character: NightCatSan Ping: 62
PlayerID: 76561198278618116 Name: Mizuki Character: Mizuki Ping: 261

22.02.2017 15:39:33: Client has executed command "players"

22.02.2017 15:39:32: [World] Семёныч [Thug Life]: "тебе не надо?"

22.02.2017 15:39:32: Players:
PlayerID: 76561198272327937 Name: Thug Life Character: Семёныч Ping: 238
PlayerID: 76561198243530780 Name: LuckyMan ^-^csgo-happy.ru Character: LuckyMan ^-^ Ping: 138
PlayerID: 76561198326392297 Name: VorontsEmil Character:  VorontsEmil Ping: 70
PlayerID: 76561198272167056 Name: ¦ Alexandr ¦ Character: Alexandr  Kotov Ping: 74
PlayerID: 76561198198578146 Name: NightCatSan Character: NightCatSan Ping: 66
PlayerID: 76561198278618116 Name: Mizuki Character: Mizuki Ping: 255

22.02.2017 15:39:31: Client has executed command "players"

22.02.2017 15:39:30: Client has executed command "players"
Players:
PlayerID: 76561198272327937 Name: Thug Life Character: Семёныч Ping: 126
PlayerID: 76561198243530780 Name: LuckyMan ^-^csgo-happy.ru Character: LuckyMan ^-^ Ping: 128
PlayerID: 76561198326392297 Name: VorontsEmil Character:  VorontsEmil Ping: 80
PlayerID: 76561198272167056 Name: ¦ Alexandr ¦ Character: Alexandr  Kotov Ping: 68
PlayerID: 76561198198578146 Name: NightCatSan Character: NightCatSan Ping: 83
PlayerID: 76561198278618116 Name: Mizuki Character: Mizuki Ping: 189

22.02.2017 15:39:29: PlayerID: 76561198278618116 Name: Mizuki Character: Mizuki Ping: 70

22.02.2017 15:39:28: Players:
PlayerID: 76561198272327937 Name: Thug Life Character: Семёныч Ping: 140
PlayerID: 76561198243530780 Name: LuckyMan ^-^csgo-happy.ru Character: LuckyMan ^-^ Ping: 125
PlayerID: 76561198326392297 Name: VorontsEmil Character:  VorontsEmil Ping: 97
PlayerID: 76561198272167056 Name: ¦ Alexandr ¦ Character: Alexandr  Kotov Ping: 70
PlayerID: 76561198198578146 Name: NightCatSan Character: NightCatSan Ping: 80

22.02.2017 15:39:27: Client has executed command "players"

22.02.2017 15:39:26: VehicleEvents >> Broadcast: Брошенный чёрный внедорожник в Silo 22! Найди его и он твой!

22.02.2017 15:39:26: Players:
PlayerID: 76561198272327937 Name: Thug Life Character: Семёныч Ping: 70
PlayerID: 76561198243530780 Name: LuckyMan ^-^csgo-happy.ru Character: LuckyMan ^-^ Ping: 123
PlayerID: 76561198326392297 Name: VorontsEmil Character:  VorontsEmil Ping: 80
PlayerID: 76561198272167056 Name: ¦ Alexandr ¦ Character: Alexandr  Kotov Ping: 78
PlayerID: 76561198198578146 Name: NightCatSan Character: NightCatSan Ping: 58
PlayerID: 76561198278618116 Name: Mizuki Character: Mizuki Ping: 64

22.02.2017 15:39:25: Client has executed command "players"

22.02.2017 15:39:24: Client has executed command "players"
Players:
PlayerID: 76561198272327937 Name: Thug Life Character: Семёныч Ping: 68
PlayerID: 76561198243530780 Name: LuckyMan ^-^csgo-happy.ru Character: LuckyMan ^-^ Ping: 123
PlayerID: 76561198326392297 Name: VorontsEmil Character:  VorontsEmil Ping: 74
PlayerID: 76561198272167056 Name: ¦ Alexandr ¦ Character: Alexandr  Kotov Ping: 80
PlayerID: 76561198198578146 Name: NightCatSan Character: NightCatSan Ping: 64
PlayerID: 76561198278618116 Name: Mizuki Character: Mizuki Ping: 72

22.02.2017 15:39:23: PlayerID: 76561198278618116 Name: Mizuki Character: Mizuki Ping: 76

22.02.2017 15:39:22: Client has executed command "players"
Players:
PlayerID: 76561198272327937 Name: Thug Life Character: Семёныч Ping: 74
PlayerID: 76561198243530780 Name: LuckyMan ^-^csgo-happy.ru Character: LuckyMan ^-^ Ping: 128
PlayerID: 76561198326392297 Name: VorontsEmil Character:  VorontsEmil Ping: 91
PlayerID: 76561198272167056 Name: ¦ Alexandr ¦ Character: Alexandr  Kotov Ping: 76
PlayerID: 76561198198578146 Name: NightCatSan Character: NightCatSan Ping: 74

22.02.2017 15:39:21: PlayerID: 76561198278618116 Name: Mizuki Character: Mizuki Ping: 70

22.02.2017 15:39:20: Players:
PlayerID: 76561198272327937 Name: Thug Life Character: Семёныч Ping: 117
PlayerID: 76561198243530780 Name: LuckyMan ^-^csgo-happy.ru Character: LuckyMan ^-^ Ping: 126
PlayerID: 76561198326392297 Name: VorontsEmil Character:  VorontsEmil Ping: 101
PlayerID: 76561198272167056 Name: ¦ Alexandr ¦ Character: Alexandr  Kotov Ping: 78
PlayerID: 76561198198578146 Name: NightCatSan Character: NightCatSan Ping: 91

22.02.2017 15:39:19: Client has executed command "players"

22.02.2017 15:39:18: Players:
PlayerID: 76561198272327937 Name: Thug Life Character: Семёныч Ping: 195
PlayerID: 76561198243530780 Name: LuckyMan ^-^csgo-happy.ru Character: LuckyMan ^-^ Ping: 134
PlayerID: 76561198326392297 Name: VorontsEmil Character:  VorontsEmil Ping: 91
PlayerID: 76561198272167056 Name: ¦ Alexandr ¦ Character: Alexandr  Kotov Ping: 78
PlayerID: 76561198198578146 Name: NightCatSan Character: NightCatSan Ping: 85
PlayerID: 76561198278618116 Name: Mizuki Character: Mizuki Ping: 78

22.02.2017 15:39:17: Client has executed command "players"

22.02.2017 15:39:16: Players:
PlayerID: 76561198272327937 Name: Thug Life Character: Семёныч Ping: 138
PlayerID: 76561198243530780 Name: LuckyMan ^-^csgo-happy.ru Character: LuckyMan ^-^ Ping: 138
PlayerID: 76561198326392297 Name: VorontsEmil Character:  VorontsEmil Ping: 76
PlayerID: 76561198272167056 Name: ¦ Alexandr ¦ Character: Alexandr  Kotov Ping: 70
PlayerID: 76561198198578146 Name: NightCatSan Character: NightCatSan Ping: 64
PlayerID: 76561198278618116 Name: Mizuki Character: Mizuki Ping: 97

22.02.2017 15:39:16: Client has executed command "players"

22.02.2017 15:39:14: Players:
PlayerID: 76561198272327937 Name: Thug Life Character: Семёныч Ping: 48
PlayerID: 76561198243530780 Name: LuckyMan ^-^csgo-happy.ru Character: LuckyMan ^-^ Ping: 130
PlayerID: 76561198326392297 Name: VorontsEmil Character:  VorontsEmil Ping: 66
PlayerID: 76561198272167056 Name: ¦ Alexandr ¦ Character: Alexandr  Kotov Ping: 66
PlayerID: 76561198198578146 Name: NightCatSan Character: NightCatSan Ping: 54
PlayerID: 76561198278618116 Name: Mizuki Character: Mizuki Ping: 93

22.02.2017 15:39:13: Client has executed command "players"

22.02.2017 15:39:12: RocketRcon v2.4.8.0

