22.02.2017 14:57:52: MessageAnnouncer >> Наберите /kit start, чтобы получить стартовый набор (еда, вода, топор)
 with _> "Операция успешно завершена"
22.02.2017 14:57:51: MessageAnnouncer >> Broadcast: Наберите /kit start, чтобы получить стартовый набор (еда, вода, топор)
 with _> "Операция успешно завершена"
22.02.2017 14:57:51:  VorontsEmil moved x:1379.275 y:70.69705(+17.01986) z:-671.223 in the last second (0.811615)
 with _> "Операция успешно завершена"
22.02.2017 14:57:48: 76561198326392297 Name: Voro with _> "Операция успешно завершена"
22.02.2017 14:57:48: 76561198243530780 Name: Luck with _> "Операция успешно завершена"
22.02.2017 14:57:48: 76561198139007097 Name: Not_ with _> "Операция успешно завершена"
22.02.2017 14:57:48: 76561198272327937 Name: Thug with _> "Операция успешно завершена"
22.02.2017 14:57:48: Players:
PlayerID: 76561198272327937 Name: Thug Life Character: Семёныч Ping: 48
PlayerID: 76561198139007097 Name: Not_Shkolnik Character: 4eLoVeK Ping: 42
PlayerID: 76561198243530780 Name: LuckyMan ^-^csgo-happy.ru Character: LuckyMan ^-^ Ping: 193
PlayerID: 76561198326392297 Name: VorontsEmil Character:  VorontsEmil Ping: 87
 with _> "Операция успешно завершена"
22.02.2017 14:57:48: Client has executed command "players"
 with _> "Операция успешно завершена"
22.02.2017 14:57:39: RocketRcon v2.4.8.0
 with _> "Операция успешно завершена"
