22.02.2017 16:57:22: [World] DEN [DEN]: "/tpa luck"

22.02.2017 16:57:19: Players:
PlayerID: 76561198243530780 Name: LuckyMan ^-^csgo-happy.ru Character: LuckyMan ^-^ Ping: 144
PlayerID: 76561198330195927 Name: DEN Character: DEN Ping: 109
PlayerID: 76561198198578146 Name: NightCatSan Character: NightCatSan Ping: 83
PlayerID: 76561198278618116 Name: Mizuki Character: Mizuki Ping: 62
PlayerID: 76561198145908893 Name: Pumba Character: Hoovy Ping: 0

22.02.2017 16:57:19: Client has executed command "players"

22.02.2017 16:57:18: Players:
PlayerID: 76561198243530780 Name: LuckyMan ^-^csgo-happy.ru Character: LuckyMan ^-^ Ping: 146
PlayerID: 76561198330195927 Name: DEN Character: DEN Ping: 125
PlayerID: 76561198198578146 Name: NightCatSan Character: NightCatSan Ping: 87
PlayerID: 76561198278618116 Name: Mizuki Character: Mizuki Ping: 66
PlayerID: 76561198145908893 Name: Pumba Character: Hoovy Ping: 0

22.02.2017 16:57:18: Client has executed command "players"

22.02.2017 16:57:18: Connecting: PlayerID: 76561198145908893 Name: Pumba Character: Hoovy

22.02.2017 16:57:13: DEN [DEN] bled to death!

22.02.2017 16:56:59: Players:
PlayerID: 76561198243530780 Name: LuckyMan ^-^csgo-happy.ru Character: LuckyMan ^-^ Ping: 156
PlayerID: 76561198330195927 Name: DEN Character: DEN Ping: 125
PlayerID: 76561198198578146 Name: NightCatSan Character: NightCatSan Ping: 52
PlayerID: 76561198278618116 Name: Mizuki Character: Mizuki Ping: 85

22.02.2017 16:56:59: Client has executed command "players"

22.02.2017 16:56:39: Players:
PlayerID: 76561198243530780 Name: LuckyMan ^-^csgo-happy.ru Character: LuckyMan ^-^ Ping: 150
PlayerID: 76561198330195927 Name: DEN Character: DEN Ping: 99
PlayerID: 76561198198578146 Name: NightCatSan Character: NightCatSan Ping: 78
PlayerID: 76561198278618116 Name: Mizuki Character: Mizuki Ping: 82

22.02.2017 16:56:39: Client has executed command "players"

22.02.2017 16:56:19: Players:
PlayerID: 76561198243530780 Name: LuckyMan ^-^csgo-happy.ru Character: LuckyMan ^-^ Ping: 136
PlayerID: 76561198330195927 Name: DEN Character: DEN Ping: 125
PlayerID: 76561198198578146 Name: NightCatSan Character: NightCatSan Ping: 97
PlayerID: 76561198278618116 Name: Mizuki Character: Mizuki Ping: 125

22.02.2017 16:56:19: Client has executed command "players"

22.02.2017 16:55:59: Players:
PlayerID: 76561198243530780 Name: LuckyMan ^-^csgo-happy.ru Character: LuckyMan ^-^ Ping: 152
PlayerID: 76561198330195927 Name: DEN Character: DEN Ping: 101
PlayerID: 76561198198578146 Name: NightCatSan Character: NightCatSan Ping: 54
PlayerID: 76561198278618116 Name: Mizuki Character: Mizuki Ping: 72

22.02.2017 16:55:59: Client has executed command "players"

22.02.2017 16:55:53: MessageAnnouncer >> vk.com/unturned_hgm - цены на премиум, VIP и другие услуги смотрите в группе!

22.02.2017 16:55:53: MessageAnnouncer >> Broadcast: vk.com/unturned_hgm - цены на премиум, VIP и другие услуги смотрите в группе!

22.02.2017 16:55:39: Players:
PlayerID: 76561198243530780 Name: LuckyMan ^-^csgo-happy.ru Character: LuckyMan ^-^ Ping: 117
PlayerID: 76561198330195927 Name: DEN Character: DEN Ping: 101
PlayerID: 76561198198578146 Name: NightCatSan Character: NightCatSan Ping: 83
PlayerID: 76561198278618116 Name: Mizuki Character: Mizuki Ping: 68

22.02.2017 16:55:39: Client has executed command "players"

22.02.2017 16:55:28: Players:
PlayerID: 76561198243530780 Name: LuckyMan ^-^csgo-happy.ru Character: LuckyMan ^-^ Ping: 177
PlayerID: 76561198330195927 Name: DEN Character: DEN Ping: 97
PlayerID: 76561198198578146 Name: NightCatSan Character: NightCatSan Ping: 80
PlayerID: 76561198278618116 Name: Mizuki Character: Mizuki Ping: 64

22.02.2017 16:55:28: Client has executed command "players"

22.02.2017 16:55:28: Disconnecting: PlayerID: 76561198090556160 Name: COmpro[miss] Character: Compromiss

22.02.2017 16:55:19: Players:
PlayerID: 76561198243530780 Name: LuckyMan ^-^csgo-happy.ru Character: LuckyMan ^-^ Ping: 128
PlayerID: 76561198330195927 Name: DEN Character: DEN Ping: 103
PlayerID: 76561198198578146 Name: NightCatSan Character: NightCatSan Ping: 54
PlayerID: 76561198278618116 Name: Mizuki Character: Mizuki Ping: 91
PlayerID: 76561198090556160 Name: COmpro[miss] Character: Compromiss Ping: 121

22.02.2017 16:55:19: Client has executed command "players"

22.02.2017 16:55:13: Compromiss [COmpro[miss]] was dissolved by a zombie!

22.02.2017 16:54:59: Players:
PlayerID: 76561198243530780 Name: LuckyMan ^-^csgo-happy.ru Character: LuckyMan ^-^ Ping: 134
PlayerID: 76561198330195927 Name: DEN Character: DEN Ping: 95
PlayerID: 76561198198578146 Name: NightCatSan Character: NightCatSan Ping: 83
PlayerID: 76561198278618116 Name: Mizuki Character: Mizuki Ping: 83
PlayerID: 76561198090556160 Name: COmpro[miss] Character: Compromiss Ping: 113

22.02.2017 16:54:59: Client has executed command "players"

22.02.2017 16:54:44: Players:
PlayerID: 76561198243530780 Name: LuckyMan ^-^csgo-happy.ru Character: LuckyMan ^-^ Ping: 121
PlayerID: 76561198330195927 Name: DEN Character: DEN Ping: 105
PlayerID: 76561198198578146 Name: NightCatSan Character: NightCatSan Ping: 52
PlayerID: 76561198278618116 Name: Mizuki Character: Mizuki Ping: 85
PlayerID: 76561198090556160 Name: COmpro[miss] Character: Compromiss Ping: 121

22.02.2017 16:54:44: Client has executed command "players"

22.02.2017 16:54:44: Disconnecting: PlayerID: 76561198327741536 Name: matvejmincenko37 Character: matvejmincenko37

22.02.2017 16:54:39: Players:
PlayerID: 76561198243530780 Name: LuckyMan ^-^csgo-happy.ru Character: LuckyMan ^-^ Ping: 121
PlayerID: 76561198330195927 Name: DEN Character: DEN Ping: 105
PlayerID: 76561198198578146 Name: NightCatSan Character: NightCatSan Ping: 66
PlayerID: 76561198327741536 Name: matvejmincenko37 Character: matvejmincenko37 Ping: 226
PlayerID: 76561198278618116 Name: Mizuki Character: Mizuki Ping: 70
PlayerID: 76561198090556160 Name: COmpro[miss] Character: Compromiss Ping: 113

22.02.2017 16:54:39: Client has executed command "players"

22.02.2017 16:54:19: Players:
PlayerID: 76561198243530780 Name: LuckyMan ^-^csgo-happy.ru Character: LuckyMan ^-^ Ping: 125
PlayerID: 76561198330195927 Name: DEN Character: DEN Ping: 95
PlayerID: 76561198198578146 Name: NightCatSan Character: NightCatSan Ping: 89
PlayerID: 76561198327741536 Name: matvejmincenko37 Character: matvejmincenko37 Ping: 82
PlayerID: 76561198278618116 Name: Mizuki Character: Mizuki Ping: 76
PlayerID: 76561198090556160 Name: COmpro[miss] Character: Compromiss Ping: 115

22.02.2017 16:54:19: Client has executed command "players"

22.02.2017 16:54:04: [Group] NightCatSan [NightCatSan]: "По сейфам моим не лазий"

22.02.2017 16:53:59: Players:
PlayerID: 76561198243530780 Name: LuckyMan ^-^csgo-happy.ru Character: LuckyMan ^-^ Ping: 117
PlayerID: 76561198330195927 Name: DEN Character: DEN Ping: 93
PlayerID: 76561198198578146 Name: NightCatSan Character: NightCatSan Ping: 80
PlayerID: 76561198327741536 Name: matvejmincenko37 Character: matvejmincenko37 Ping: 113
PlayerID: 76561198278618116 Name: Mizuki Character: Mizuki Ping: 82
PlayerID: 76561198090556160 Name: COmpro[miss] Character: Compromiss Ping: 109

22.02.2017 16:53:59: Client has executed command "players"

22.02.2017 16:53:53: MessageAnnouncer >> Наберите /kit help, чтобы получить первую мед. помощь (бинты, таблетки, еда)

22.02.2017 16:53:53: MessageAnnouncer >> Broadcast: Наберите /kit help, чтобы получить первую мед. помощь (бинты, таблетки, еда)

22.02.2017 16:53:40: [Group] NightCatSan [NightCatSan]: "Филтров мало"

22.02.2017 16:53:39: Players:
PlayerID: 76561198243530780 Name: LuckyMan ^-^csgo-happy.ru Character: LuckyMan ^-^ Ping: 115
PlayerID: 76561198330195927 Name: DEN Character: DEN Ping: 99
PlayerID: 76561198198578146 Name: NightCatSan Character: NightCatSan Ping: 76
PlayerID: 76561198327741536 Name: matvejmincenko37 Character: matvejmincenko37 Ping: 68
PlayerID: 76561198278618116 Name: Mizuki Character: Mizuki Ping: 85
PlayerID: 76561198090556160 Name: COmpro[miss] Character: Compromiss Ping: 113

22.02.2017 16:53:39: Client has executed command "players"

22.02.2017 16:53:19: Players:
PlayerID: 76561198243530780 Name: LuckyMan ^-^csgo-happy.ru Character: LuckyMan ^-^ Ping: 171
PlayerID: 76561198330195927 Name: DEN Character: DEN Ping: 187
PlayerID: 76561198198578146 Name: NightCatSan Character: NightCatSan Ping: 64
PlayerID: 76561198327741536 Name: matvejmincenko37 Character: matvejmincenko37 Ping: 64
PlayerID: 76561198278618116 Name: Mizuki Character: Mizuki Ping: 78
PlayerID: 76561198090556160 Name: COmpro[miss] Character: Compromiss Ping: 117

22.02.2017 16:53:19: Client has executed command "players"

22.02.2017 16:53:13: Compromiss [COmpro[miss]] bled to death!

22.02.2017 16:53:12: [Group] NightCatSan [NightCatSan]: "Гигу убил"

22.02.2017 16:52:59: Players:
PlayerID: 76561198243530780 Name: LuckyMan ^-^csgo-happy.ru Character: LuckyMan ^-^ Ping: 125
PlayerID: 76561198330195927 Name: DEN Character: DEN Ping: 107
PlayerID: 76561198198578146 Name: NightCatSan Character: NightCatSan Ping: 82
PlayerID: 76561198327741536 Name: matvejmincenko37 Character: matvejmincenko37 Ping: 91
PlayerID: 76561198278618116 Name: Mizuki Character: Mizuki Ping: 91
PlayerID: 76561198090556160 Name: COmpro[miss] Character: Compromiss Ping: 125

22.02.2017 16:52:59: Client has executed command "players"

22.02.2017 16:52:56: NightCatSan moved x:-1972.939 y:141.8358(+43.56226) z:489.0353 in the last second (1.000122)

22.02.2017 16:52:39: Players:
PlayerID: 76561198243530780 Name: LuckyMan ^-^csgo-happy.ru Character: LuckyMan ^-^ Ping: 126
PlayerID: 76561198330195927 Name: DEN Character: DEN Ping: 97
PlayerID: 76561198198578146 Name: NightCatSan Character: NightCatSan Ping: 41
PlayerID: 76561198327741536 Name: matvejmincenko37 Character: matvejmincenko37 Ping: 76
PlayerID: 76561198278618116 Name: Mizuki Character: Mizuki Ping: 82
PlayerID: 76561198090556160 Name: COmpro[miss] Character: Compromiss Ping: 117

22.02.2017 16:52:39: Client has executed command "players"

22.02.2017 16:52:33: [World] matvejmincenko37 [matvejmincenko37]: "/tpa ni"

22.02.2017 16:52:19: Players:
PlayerID: 76561198243530780 Name: LuckyMan ^-^csgo-happy.ru Character: LuckyMan ^-^ Ping: 128
PlayerID: 76561198330195927 Name: DEN Character: DEN Ping: 105
PlayerID: 76561198198578146 Name: NightCatSan Character: NightCatSan Ping: 66
PlayerID: 76561198327741536 Name: matvejmincenko37 Character: matvejmincenko37 Ping: 85
PlayerID: 76561198278618116 Name: Mizuki Character: Mizuki Ping: 87
PlayerID: 76561198090556160 Name: COmpro[miss] Character: Compromiss Ping: 105

22.02.2017 16:52:19: Client has executed command "players"

22.02.2017 16:52:15: DEN moved x:-1443.219 y:118.7448(+73.07945) z:1422.104 in the last second (0.5999908)

22.02.2017 16:52:15: [World] LuckyMan ^-^ [LuckyMan ^-^csgo-happy.ru]: "/tpa a"

22.02.2017 16:52:10: [World] DEN [DEN]: "/tpa luck"

22.02.2017 16:51:59: Players:
PlayerID: 76561198243530780 Name: LuckyMan ^-^csgo-happy.ru Character: LuckyMan ^-^ Ping: 115
PlayerID: 76561198330195927 Name: DEN Character: DEN Ping: 93
PlayerID: 76561198198578146 Name: NightCatSan Character: NightCatSan Ping: 76
PlayerID: 76561198327741536 Name: matvejmincenko37 Character: matvejmincenko37 Ping: 62
PlayerID: 76561198278618116 Name: Mizuki Character: Mizuki Ping: 66
PlayerID: 76561198090556160 Name: COmpro[miss] Character: Compromiss Ping: 115

22.02.2017 16:51:59: Client has executed command "players"

22.02.2017 16:51:53: MessageAnnouncer >> vk.com/unturned_hgm - группа сервера ВК, уникальный кит в записи!

22.02.2017 16:51:53: MessageAnnouncer >> Broadcast: vk.com/unturned_hgm - группа сервера ВК, уникальный кит в записи!

22.02.2017 16:51:51: [World] LuckyMan ^-^ [LuckyMan ^-^csgo-happy.ru]: "го тп ко мне"

22.02.2017 16:51:39: Players:
PlayerID: 76561198243530780 Name: LuckyMan ^-^csgo-happy.ru Character: LuckyMan ^-^ Ping: 126
PlayerID: 76561198330195927 Name: DEN Character: DEN Ping: 101
PlayerID: 76561198198578146 Name: NightCatSan Character: NightCatSan Ping: 62
PlayerID: 76561198327741536 Name: matvejmincenko37 Character: matvejmincenko37 Ping: 82
PlayerID: 76561198278618116 Name: Mizuki Character: Mizuki Ping: 60
PlayerID: 76561198090556160 Name: COmpro[miss] Character: Compromiss Ping: 115

22.02.2017 16:51:39: Client has executed command "players"

22.02.2017 16:51:38: [World] DEN [DEN]: "тпхните на военку"

22.02.2017 16:51:24: [World] DEN [DEN]: "/kit start"

22.02.2017 16:51:19: Players:
PlayerID: 76561198243530780 Name: LuckyMan ^-^csgo-happy.ru Character: LuckyMan ^-^ Ping: 130
PlayerID: 76561198330195927 Name: DEN Character: DEN Ping: 95
PlayerID: 76561198198578146 Name: NightCatSan Character: NightCatSan Ping: 60
PlayerID: 76561198327741536 Name: matvejmincenko37 Character: matvejmincenko37 Ping: 78
PlayerID: 76561198278618116 Name: Mizuki Character: Mizuki Ping: 60
PlayerID: 76561198090556160 Name: COmpro[miss] Character: Compromiss Ping: 121

22.02.2017 16:51:19: Client has executed command "players"

22.02.2017 16:50:59: Players:
PlayerID: 76561198243530780 Name: LuckyMan ^-^csgo-happy.ru Character: LuckyMan ^-^ Ping: 126
PlayerID: 76561198330195927 Name: DEN Character: DEN Ping: 99
PlayerID: 76561198198578146 Name: NightCatSan Character: NightCatSan Ping: 64
PlayerID: 76561198327741536 Name: matvejmincenko37 Character: matvejmincenko37 Ping: 80
PlayerID: 76561198278618116 Name: Mizuki Character: Mizuki Ping: 82
PlayerID: 76561198090556160 Name: COmpro[miss] Character: Compromiss Ping: 0

22.02.2017 16:50:59: Client has executed command "players"

22.02.2017 16:50:58: Players:
PlayerID: 76561198243530780 Name: LuckyMan ^-^csgo-happy.ru Character: LuckyMan ^-^ Ping: 130
PlayerID: 76561198330195927 Name: DEN Character: DEN Ping: 99
PlayerID: 76561198198578146 Name: NightCatSan Character: NightCatSan Ping: 70
PlayerID: 76561198327741536 Name: matvejmincenko37 Character: matvejmincenko37 Ping: 64
PlayerID: 76561198278618116 Name: Mizuki Character: Mizuki Ping: 76
PlayerID: 76561198090556160 Name: COmpro[miss] Character: Compromiss Ping: 0

22.02.2017 16:50:58: Client has executed command "players"

22.02.2017 16:50:58: Connecting: PlayerID: 76561198090556160 Name: COmpro[miss] Character: Compromiss

22.02.2017 16:50:39: Players:
PlayerID: 76561198243530780 Name: LuckyMan ^-^csgo-happy.ru Character: LuckyMan ^-^ Ping: 128
PlayerID: 76561198330195927 Name: DEN Character: DEN Ping: 97
PlayerID: 76561198198578146 Name: NightCatSan Character: NightCatSan Ping: 80
PlayerID: 76561198327741536 Name: matvejmincenko37 Character: matvejmincenko37 Ping: 101
PlayerID: 76561198278618116 Name: Mizuki Character: Mizuki Ping: 89

22.02.2017 16:50:39: Client has executed command "players"

22.02.2017 16:50:19: Players:
PlayerID: 76561198243530780 Name: LuckyMan ^-^csgo-happy.ru Character: LuckyMan ^-^ Ping: 132
PlayerID: 76561198330195927 Name: DEN Character: DEN Ping: 97
PlayerID: 76561198198578146 Name: NightCatSan Character: NightCatSan Ping: 82
PlayerID: 76561198327741536 Name: matvejmincenko37 Character: matvejmincenko37 Ping: 119
PlayerID: 76561198278618116 Name: Mizuki Character: Mizuki Ping: 95

22.02.2017 16:50:19: Client has executed command "players"

22.02.2017 16:50:09: DEN [DEN] was mauled by a zombie!

22.02.2017 16:50:00: PlayerID: 76561198198578146 Name: NightCatSan Character: NightCatSan Ping: 50
PlayerID: 76561198327741536 Name: matvejmincenko37 Character: matvejmincenko37 Ping: 66
PlayerID: 76561198278618116 Name: Mizuki Character: Mizuki Ping: 80

22.02.2017 16:50:00: PlayerID: 76561198330195927 Name: DEN Character: DEN Ping: 105

22.02.2017 16:49:59: Players:
PlayerID: 76561198243530780 Name: LuckyMan ^-^csgo-happy.ru Character: LuckyMan ^-^ Ping: 136

22.02.2017 16:49:59: Client has executed command "players"

22.02.2017 16:49:53: MessageAnnouncer >> Внимание! PvP-режим по субботам! PvP-режим!!!

22.02.2017 16:49:53: MessageAnnouncer >> Broadcast: Внимание! PvP-режим по субботам! PvP-режим!!!

22.02.2017 16:49:39: Players:
PlayerID: 76561198243530780 Name: LuckyMan ^-^csgo-happy.ru Character: LuckyMan ^-^ Ping: 128
PlayerID: 76561198330195927 Name: DEN Character: DEN Ping: 103
PlayerID: 76561198198578146 Name: NightCatSan Character: NightCatSan Ping: 74
PlayerID: 76561198327741536 Name: matvejmincenko37 Character: matvejmincenko37 Ping: 83
PlayerID: 76561198278618116 Name: Mizuki Character: Mizuki Ping: 130

22.02.2017 16:49:39: Client has executed command "players"

22.02.2017 16:49:19: Players:
PlayerID: 76561198243530780 Name: LuckyMan ^-^csgo-happy.ru Character: LuckyMan ^-^ Ping: 136
PlayerID: 76561198330195927 Name: DEN Character: DEN Ping: 113
PlayerID: 76561198198578146 Name: NightCatSan Character: NightCatSan Ping: 52
PlayerID: 76561198327741536 Name: matvejmincenko37 Character: matvejmincenko37 Ping: 97
PlayerID: 76561198278618116 Name: Mizuki Character: Mizuki Ping: 97

22.02.2017 16:49:19: Client has executed command "players"

22.02.2017 16:48:59: Players:
PlayerID: 76561198243530780 Name: LuckyMan ^-^csgo-happy.ru Character: LuckyMan ^-^ Ping: 128
PlayerID: 76561198330195927 Name: DEN Character: DEN Ping: 97
PlayerID: 76561198198578146 Name: NightCatSan Character: NightCatSan Ping: 89
PlayerID: 76561198327741536 Name: matvejmincenko37 Character: matvejmincenko37 Ping: 70
PlayerID: 76561198278618116 Name: Mizuki Character: Mizuki Ping: 72

22.02.2017 16:48:59: Client has executed command "players"

22.02.2017 16:48:39: Players:
PlayerID: 76561198243530780 Name: LuckyMan ^-^csgo-happy.ru Character: LuckyMan ^-^ Ping: 128
PlayerID: 76561198330195927 Name: DEN Character: DEN Ping: 103
PlayerID: 76561198198578146 Name: NightCatSan Character: NightCatSan Ping: 70
PlayerID: 76561198327741536 Name: matvejmincenko37 Character: matvejmincenko37 Ping: 89
PlayerID: 76561198278618116 Name: Mizuki Character: Mizuki Ping: 70

22.02.2017 16:48:39: Client has executed command "players"

22.02.2017 16:48:19: Players:
PlayerID: 76561198243530780 Name: LuckyMan ^-^csgo-happy.ru Character: LuckyMan ^-^ Ping: 128
PlayerID: 76561198330195927 Name: DEN Character: DEN Ping: 107
PlayerID: 76561198198578146 Name: NightCatSan Character: NightCatSan Ping: 64
PlayerID: 76561198327741536 Name: matvejmincenko37 Character: matvejmincenko37 Ping: 156
PlayerID: 76561198278618116 Name: Mizuki Character: Mizuki Ping: 74

22.02.2017 16:48:19: Client has executed command "players"

22.02.2017 16:48:16: matvejmincenko37 moved x:-1954.073 y:138.7076(+20.72544) z:480.9346 in the last second (0.04998779)

22.02.2017 16:48:15: [World] matvejmincenko37 [matvejmincenko37]: "/home"

22.02.2017 16:48:00: [Group] NightCatSan [NightCatSan]: "Блять"

22.02.2017 16:47:59: Players:
PlayerID: 76561198243530780 Name: LuckyMan ^-^csgo-happy.ru Character: LuckyMan ^-^ Ping: 142
PlayerID: 76561198330195927 Name: DEN Character: DEN Ping: 97
PlayerID: 76561198198578146 Name: NightCatSan Character: NightCatSan Ping: 60
PlayerID: 76561198327741536 Name: matvejmincenko37 Character: matvejmincenko37 Ping: 85
PlayerID: 76561198278618116 Name: Mizuki Character: Mizuki Ping: 87

22.02.2017 16:47:59: Client has executed command "players"

22.02.2017 16:47:58: Players:
PlayerID: 76561198243530780 Name: LuckyMan ^-^csgo-happy.ru Character: LuckyMan ^-^ Ping: 132
PlayerID: 76561198330195927 Name: DEN Character: DEN Ping: 101
PlayerID: 76561198198578146 Name: NightCatSan Character: NightCatSan Ping: 56
PlayerID: 76561198327741536 Name: matvejmincenko37 Character: matvejmincenko37 Ping: 80
PlayerID: 76561198278618116 Name: Mizuki Character: Mizuki Ping: 74

22.02.2017 16:47:58: Client has executed command "players"

22.02.2017 16:47:58: Disconnecting: PlayerID: 76561198313634839 Name: romanglebov1502 Character: romaglebov1502

22.02.2017 16:47:57: [Group] NightCatSan [NightCatSan]: "Успакойся"

22.02.2017 16:47:53: MessageAnnouncer >> Наберите /kit start, чтобы получить стартовый набор (еда, вода, топор)

22.02.2017 16:47:53: MessageAnnouncer >> Broadcast: Наберите /kit start, чтобы получить стартовый набор (еда, вода, топор)

22.02.2017 16:47:39: Players:
PlayerID: 76561198243530780 Name: LuckyMan ^-^csgo-happy.ru Character: LuckyMan ^-^ Ping: 126
PlayerID: 76561198330195927 Name: DEN Character: DEN Ping: 89
PlayerID: 76561198198578146 Name: NightCatSan Character: NightCatSan Ping: 50
PlayerID: 76561198327741536 Name: matvejmincenko37 Character: matvejmincenko37 Ping: 154
PlayerID: 76561198278618116 Name: Mizuki Character: Mizuki Ping: 62
PlayerID: 76561198313634839 Name: romanglebov1502 Character: romaglebov1502 Ping: 46

22.02.2017 16:47:39: Client has executed command "players"

22.02.2017 16:47:19: Players:
PlayerID: 76561198243530780 Name: LuckyMan ^-^csgo-happy.ru Character: LuckyMan ^-^ Ping: 130
PlayerID: 76561198330195927 Name: DEN Character: DEN Ping: 103
PlayerID: 76561198198578146 Name: NightCatSan Character: NightCatSan Ping: 85
PlayerID: 76561198327741536 Name: matvejmincenko37 Character: matvejmincenko37 Ping: 82
PlayerID: 76561198278618116 Name: Mizuki Character: Mizuki Ping: 89
PlayerID: 76561198313634839 Name: romanglebov1502 Character: romaglebov1502 Ping: 76

22.02.2017 16:47:19: Client has executed command "players"

22.02.2017 16:47:11: Players:
PlayerID: 76561198243530780 Name: LuckyMan ^-^csgo-happy.ru Character: LuckyMan ^-^ Ping: 136
PlayerID: 76561198330195927 Name: DEN Character: DEN Ping: 103
PlayerID: 76561198198578146 Name: NightCatSan Character: NightCatSan Ping: 76
PlayerID: 76561198327741536 Name: matvejmincenko37 Character: matvejmincenko37 Ping: 66
PlayerID: 76561198278618116 Name: Mizuki Character: Mizuki Ping: 76
PlayerID: 76561198313634839 Name: romanglebov1502 Character: romaglebov1502 Ping: 0

22.02.2017 16:47:11: Client has executed command "players"

22.02.2017 16:47:11: Connecting: PlayerID: 76561198313634839 Name: romanglebov1502 Character: romaglebov1502

22.02.2017 16:47:05: [Area] NightCatSan [NightCatSan]: "Капс выключи"

22.02.2017 16:46:59: Players:
PlayerID: 76561198243530780 Name: LuckyMan ^-^csgo-happy.ru Character: LuckyMan ^-^ Ping: 119
PlayerID: 76561198330195927 Name: DEN Character: DEN Ping: 103
PlayerID: 76561198198578146 Name: NightCatSan Character: NightCatSan Ping: 64
PlayerID: 76561198327741536 Name: matvejmincenko37 Character: matvejmincenko37 Ping: 80
PlayerID: 76561198278618116 Name: Mizuki Character: Mizuki Ping: 85

22.02.2017 16:46:59: Client has executed command "players"

22.02.2017 16:46:58: [World] matvejmincenko37 [matvejmincenko37]: "ДА НЕ ССЫ"

22.02.2017 16:46:52: [Area] NightCatSan [NightCatSan]: "Ручками"

22.02.2017 16:46:50: [Area] NightCatSan [NightCatSan]: "не пали"

22.02.2017 16:46:49: [Area] NightCatSan [NightCatSan]: "Матвей"

22.02.2017 16:46:46: Players:
PlayerID: 76561198243530780 Name: LuckyMan ^-^csgo-happy.ru Character: LuckyMan ^-^ Ping: 128
PlayerID: 76561198330195927 Name: DEN Character: DEN Ping: 99
PlayerID: 76561198198578146 Name: NightCatSan Character: NightCatSan Ping: 64
PlayerID: 76561198327741536 Name: matvejmincenko37 Character: matvejmincenko37 Ping: 74
PlayerID: 76561198278618116 Name: Mizuki Character: Mizuki Ping: 70

22.02.2017 16:46:46: Client has executed command "players"

22.02.2017 16:46:46: Disconnecting: PlayerID: 76561198099486583 Name: Joey Character: Stefhan

22.02.2017 16:46:39: Players:
PlayerID: 76561198243530780 Name: LuckyMan ^-^csgo-happy.ru Character: LuckyMan ^-^ Ping: 140
PlayerID: 76561198330195927 Name: DEN Character: DEN Ping: 103
PlayerID: 76561198198578146 Name: NightCatSan Character: NightCatSan Ping: 60
PlayerID: 76561198327741536 Name: matvejmincenko37 Character: matvejmincenko37 Ping: 76
PlayerID: 76561198278618116 Name: Mizuki Character: Mizuki Ping: 64
PlayerID: 76561198099486583 Name: Joey Character: Stefhan Ping: 214

22.02.2017 16:46:39: Client has executed command "players"

22.02.2017 16:46:35: matvejmincenko37 moved x:-1303.684 y:114.2798(+20.03665) z:1373.492 in the last second (1)

22.02.2017 16:46:35: [Area] NightCatSan [NightCatSan]: "Стелс"

22.02.2017 16:46:33: NightCatSan moved x:-1312.971 y:113.5228(+18.51777) z:1366.943 in the last second (0.9999924)

22.02.2017 16:46:19: Players:
PlayerID: 76561198243530780 Name: LuckyMan ^-^csgo-happy.ru Character: LuckyMan ^-^ Ping: 126
PlayerID: 76561198330195927 Name: DEN Character: DEN Ping: 109
PlayerID: 76561198198578146 Name: NightCatSan Character: NightCatSan Ping: 82
PlayerID: 76561198327741536 Name: matvejmincenko37 Character: matvejmincenko37 Ping: 89
PlayerID: 76561198278618116 Name: Mizuki Character: Mizuki Ping: 72
PlayerID: 76561198099486583 Name: Joey Character: Stefhan Ping: 148

22.02.2017 16:46:19: Client has executed command "players"

22.02.2017 16:45:59: Players:
PlayerID: 76561198243530780 Name: LuckyMan ^-^csgo-happy.ru Character: LuckyMan ^-^ Ping: 142
PlayerID: 76561198330195927 Name: DEN Character: DEN Ping: 113
PlayerID: 76561198198578146 Name: NightCatSan Character: NightCatSan Ping: 64
PlayerID: 76561198327741536 Name: matvejmincenko37 Character: matvejmincenko37 Ping: 113
PlayerID: 76561198278618116 Name: Mizuki Character: Mizuki Ping: 68
PlayerID: 76561198099486583 Name: Joey Character: Stefhan Ping: 158

22.02.2017 16:45:59: Client has executed command "players"

22.02.2017 16:45:53: MessageAnnouncer >> Добро пожаловать на HEMULGM.RU. Тут рады вам больше, чем на любом другом сервере!

22.02.2017 16:45:53: MessageAnnouncer >> Broadcast: Добро пожаловать на HEMULGM.RU. Тут рады вам больше, чем на любом другом сервере!

22.02.2017 16:45:41: [Area] NightCatSan [NightCatSan]: "Там пристройка была)"

22.02.2017 16:45:39: Players:
PlayerID: 76561198243530780 Name: LuckyMan ^-^csgo-happy.ru Character: LuckyMan ^-^ Ping: 154
PlayerID: 76561198330195927 Name: DEN Character: DEN Ping: 123
PlayerID: 76561198198578146 Name: NightCatSan Character: NightCatSan Ping: 70
PlayerID: 76561198327741536 Name: matvejmincenko37 Character: matvejmincenko37 Ping: 103
PlayerID: 76561198278618116 Name: Mizuki Character: Mizuki Ping: 64
PlayerID: 76561198099486583 Name: Joey Character: Stefhan Ping: 134

22.02.2017 16:45:39: Client has executed command "players"

22.02.2017 16:45:37: [Area] NightCatSan [NightCatSan]: "Ну"

22.02.2017 16:45:31: [Area] NightCatSan [NightCatSan]: "Ты умер, я взал твой элис"

22.02.2017 16:45:27: [World] Stefhan [Joey]: "привет всем"

22.02.2017 16:45:21: [Area] NightCatSan [NightCatSan]: "А второй я на нефтянике нашёл"

22.02.2017 16:45:19: Players:
PlayerID: 76561198243530780 Name: LuckyMan ^-^csgo-happy.ru Character: LuckyMan ^-^ Ping: 138
PlayerID: 76561198330195927 Name: DEN Character: DEN Ping: 97
PlayerID: 76561198198578146 Name: NightCatSan Character: NightCatSan Ping: 76
PlayerID: 76561198327741536 Name: matvejmincenko37 Character: matvejmincenko37 Ping: 68
PlayerID: 76561198278618116 Name: Mizuki Character: Mizuki Ping: 62
PlayerID: 76561198099486583 Name: Joey Character: Stefhan Ping: 226

22.02.2017 16:45:19: Client has executed command "players"

22.02.2017 16:45:18: VehicleEvents >> Vehicle has been despawned

22.02.2017 16:45:13: [Area] NightCatSan [NightCatSan]: "С тебя"

22.02.2017 16:44:59: Players:
PlayerID: 76561198243530780 Name: LuckyMan ^-^csgo-happy.ru Character: LuckyMan ^-^ Ping: 134
PlayerID: 76561198330195927 Name: DEN Character: DEN Ping: 97
PlayerID: 76561198198578146 Name: NightCatSan Character: NightCatSan Ping: 66
PlayerID: 76561198327741536 Name: matvejmincenko37 Character: matvejmincenko37 Ping: 76
PlayerID: 76561198278618116 Name: Mizuki Character: Mizuki Ping: 70
PlayerID: 76561198099486583 Name: Joey Character: Stefhan Ping: 113

22.02.2017 16:44:59: Client has executed command "players"

22.02.2017 16:44:53: Players:
PlayerID: 76561198243530780 Name: LuckyMan ^-^csgo-happy.ru Character: LuckyMan ^-^ Ping: 125
PlayerID: 76561198330195927 Name: DEN Character: DEN Ping: 97
PlayerID: 76561198198578146 Name: NightCatSan Character: NightCatSan Ping: 76
PlayerID: 76561198327741536 Name: matvejmincenko37 Character: matvejmincenko37 Ping: 80
PlayerID: 76561198278618116 Name: Mizuki Character: Mizuki Ping: 66
PlayerID: 76561198099486583 Name: Joey Character: Stefhan Ping: 0

22.02.2017 16:44:53: Client has executed command "players"

22.02.2017 16:44:53: Connecting: PlayerID: 76561198099486583 Name: Joey Character: Stefhan

22.02.2017 16:44:40: [Area] NightCatSan [NightCatSan]: "На текеловке"

22.02.2017 16:44:39: Players:
PlayerID: 76561198243530780 Name: LuckyMan ^-^csgo-happy.ru Character: LuckyMan ^-^ Ping: 125
PlayerID: 76561198330195927 Name: DEN Character: DEN Ping: 103
PlayerID: 76561198198578146 Name: NightCatSan Character: NightCatSan Ping: 95
PlayerID: 76561198327741536 Name: matvejmincenko37 Character: matvejmincenko37 Ping: 62
PlayerID: 76561198278618116 Name: Mizuki Character: Mizuki Ping: 91

22.02.2017 16:44:39: Client has executed command "players"

22.02.2017 16:44:27: Players:
PlayerID: 76561198243530780 Name: LuckyMan ^-^csgo-happy.ru Character: LuckyMan ^-^ Ping: 138
PlayerID: 76561198330195927 Name: DEN Character: DEN Ping: 95
PlayerID: 76561198198578146 Name: NightCatSan Character: NightCatSan Ping: 54
PlayerID: 76561198327741536 Name: matvejmincenko37 Character: matvejmincenko37 Ping: 80
PlayerID: 76561198278618116 Name: Mizuki Character: Mizuki Ping: 93

22.02.2017 16:44:27: Client has executed command "players"

22.02.2017 16:44:27: Disconnecting: PlayerID: 76561198272167056 Name: ¦ Alexandr ¦ Character: Alexandr  Kotov

22.02.2017 16:44:19: Players:
PlayerID: 76561198243530780 Name: LuckyMan ^-^csgo-happy.ru Character: LuckyMan ^-^ Ping: 121
PlayerID: 76561198272167056 Name: ¦ Alexandr ¦ Character: Alexandr  Kotov Ping: 68
PlayerID: 76561198330195927 Name: DEN Character: DEN Ping: 99
PlayerID: 76561198198578146 Name: NightCatSan Character: NightCatSan Ping: 72
PlayerID: 76561198327741536 Name: matvejmincenko37 Character: matvejmincenko37 Ping: 80
PlayerID: 76561198278618116 Name: Mizuki Character: Mizuki Ping: 66

22.02.2017 16:44:19: Client has executed command "players"

22.02.2017 16:44:10: [Group] Alexandr  Kotov [¦ Alexandr ¦]: "пОКА"

22.02.2017 16:43:59: Players:
PlayerID: 76561198243530780 Name: LuckyMan ^-^csgo-happy.ru Character: LuckyMan ^-^ Ping: 115
PlayerID: 76561198272167056 Name: ¦ Alexandr ¦ Character: Alexandr  Kotov Ping: 74
PlayerID: 76561198330195927 Name: DEN Character: DEN Ping: 101
PlayerID: 76561198198578146 Name: NightCatSan Character: NightCatSan Ping: 82
PlayerID: 76561198327741536 Name: matvejmincenko37 Character: matvejmincenko37 Ping: 76
PlayerID: 76561198278618116 Name: Mizuki Character: Mizuki Ping: 82

22.02.2017 16:43:59: Client has executed command "players"

22.02.2017 16:43:53: MessageAnnouncer >> Наберите /rules (/r) для просмотра правил

22.02.2017 16:43:53: MessageAnnouncer >> Broadcast: Наберите /rules (/r) для просмотра правил

22.02.2017 16:43:39: Players:
PlayerID: 76561198243530780 Name: LuckyMan ^-^csgo-happy.ru Character: LuckyMan ^-^ Ping: 128
PlayerID: 76561198272167056 Name: ¦ Alexandr ¦ Character: Alexandr  Kotov Ping: 82
PlayerID: 76561198330195927 Name: DEN Character: DEN Ping: 101
PlayerID: 76561198198578146 Name: NightCatSan Character: NightCatSan Ping: 76
PlayerID: 76561198327741536 Name: matvejmincenko37 Character: matvejmincenko37 Ping: 76
PlayerID: 76561198278618116 Name: Mizuki Character: Mizuki Ping: 95

22.02.2017 16:43:39: Client has executed command "players"

22.02.2017 16:43:35: [Area] NightCatSan [NightCatSan]: "Водуа"

22.02.2017 16:43:26: [Area] NightCatSan [NightCatSan]: "Воду"

22.02.2017 16:43:19: Players:
PlayerID: 76561198243530780 Name: LuckyMan ^-^csgo-happy.ru Character: LuckyMan ^-^ Ping: 132
PlayerID: 76561198272167056 Name: ¦ Alexandr ¦ Character: Alexandr  Kotov Ping: 66
PlayerID: 76561198330195927 Name: DEN Character: DEN Ping: 103
PlayerID: 76561198198578146 Name: NightCatSan Character: NightCatSan Ping: 66
PlayerID: 76561198327741536 Name: matvejmincenko37 Character: matvejmincenko37 Ping: 76
PlayerID: 76561198278618116 Name: Mizuki Character: Mizuki Ping: 82

22.02.2017 16:43:19: Client has executed command "players"

22.02.2017 16:43:18: matvejmincenko37 moved x:82.53449 y:94.86531(+44.37476) z:964.4006 in the last second (0.1222687)

22.02.2017 16:43:16: NightCatSan moved x:82.68695 y:93.99393(+43.50337) z:960.3417 in the last second (0.1280823)

22.02.2017 16:43:09: [Area] NightCatSan [NightCatSan]: "Тут нету такого тупого закона"

22.02.2017 16:43:03: [Area] NightCatSan [NightCatSan]: "Нет."

22.02.2017 16:42:59: Players:
PlayerID: 76561198243530780 Name: LuckyMan ^-^csgo-happy.ru Character: LuckyMan ^-^ Ping: 132
PlayerID: 76561198272167056 Name: ¦ Alexandr ¦ Character: Alexandr  Kotov Ping: 74
PlayerID: 76561198330195927 Name: DEN Character: DEN Ping: 105
PlayerID: 76561198198578146 Name: NightCatSan Character: NightCatSan Ping: 74
PlayerID: 76561198327741536 Name: matvejmincenko37 Character: matvejmincenko37 Ping: 82
PlayerID: 76561198278618116 Name: Mizuki Character: Mizuki Ping: 83

22.02.2017 16:42:59: Client has executed command "players"

22.02.2017 16:42:49: [Area] NightCatSan [NightCatSan]: "Надо гараж улучшать"

22.02.2017 16:42:39: Players:
PlayerID: 76561198243530780 Name: LuckyMan ^-^csgo-happy.ru Character: LuckyMan ^-^ Ping: 132
PlayerID: 76561198272167056 Name: ¦ Alexandr ¦ Character: Alexandr  Kotov Ping: 70
PlayerID: 76561198330195927 Name: DEN Character: DEN Ping: 91
PlayerID: 76561198198578146 Name: NightCatSan Character: NightCatSan Ping: 87
PlayerID: 76561198327741536 Name: matvejmincenko37 Character: matvejmincenko37 Ping: 64
PlayerID: 76561198278618116 Name: Mizuki Character: Mizuki Ping: 76

22.02.2017 16:42:39: Client has executed command "players"

22.02.2017 16:42:19: Players:
PlayerID: 76561198243530780 Name: LuckyMan ^-^csgo-happy.ru Character: LuckyMan ^-^ Ping: 136
PlayerID: 76561198272167056 Name: ¦ Alexandr ¦ Character: Alexandr  Kotov Ping: 99
PlayerID: 76561198330195927 Name: DEN Character: DEN Ping: 99
PlayerID: 76561198198578146 Name: NightCatSan Character: NightCatSan Ping: 82
PlayerID: 76561198327741536 Name: matvejmincenko37 Character: matvejmincenko37 Ping: 103
PlayerID: 76561198278618116 Name: Mizuki Character: Mizuki Ping: 111

22.02.2017 16:42:19: Client has executed command "players"

22.02.2017 16:42:08: [Area] NightCatSan [NightCatSan]: "Брал"

22.02.2017 16:41:59: Players:
PlayerID: 76561198243530780 Name: LuckyMan ^-^csgo-happy.ru Character: LuckyMan ^-^ Ping: 140
PlayerID: 76561198272167056 Name: ¦ Alexandr ¦ Character: Alexandr  Kotov Ping: 76
PlayerID: 76561198330195927 Name: DEN Character: DEN Ping: 126
PlayerID: 76561198198578146 Name: NightCatSan Character: NightCatSan Ping: 74
PlayerID: 76561198327741536 Name: matvejmincenko37 Character: matvejmincenko37 Ping: 85
PlayerID: 76561198278618116 Name: Mizuki Character: Mizuki Ping: 83

22.02.2017 16:41:59: Client has executed command "players"

22.02.2017 16:41:53: MessageAnnouncer >> Используйте /report [ник], чтобы отправить жалобу на игрока

22.02.2017 16:41:52: MessageAnnouncer >> Broadcast: Используйте /report [ник], чтобы отправить жалобу на игрока

22.02.2017 16:41:39: Players:
PlayerID: 76561198243530780 Name: LuckyMan ^-^csgo-happy.ru Character: LuckyMan ^-^ Ping: 158
PlayerID: 76561198272167056 Name: ¦ Alexandr ¦ Character: Alexandr  Kotov Ping: 80
PlayerID: 76561198330195927 Name: DEN Character: DEN Ping: 99
PlayerID: 76561198198578146 Name: NightCatSan Character: NightCatSan Ping: 76
PlayerID: 76561198327741536 Name: matvejmincenko37 Character: matvejmincenko37 Ping: 76
PlayerID: 76561198278618116 Name: Mizuki Character: Mizuki Ping: 85

22.02.2017 16:41:39: Client has executed command "players"

22.02.2017 16:41:19: Players:
PlayerID: 76561198243530780 Name: LuckyMan ^-^csgo-happy.ru Character: LuckyMan ^-^ Ping: 126
PlayerID: 76561198272167056 Name: ¦ Alexandr ¦ Character: Alexandr  Kotov Ping: 87
PlayerID: 76561198330195927 Name: DEN Character: DEN Ping: 99
PlayerID: 76561198198578146 Name: NightCatSan Character: NightCatSan Ping: 72
PlayerID: 76561198327741536 Name: matvejmincenko37 Character: matvejmincenko37 Ping: 87
PlayerID: 76561198278618116 Name: Mizuki Character: Mizuki Ping: 91

22.02.2017 16:41:19: Client has executed command "players"

22.02.2017 16:40:59: Players:
PlayerID: 76561198243530780 Name: LuckyMan ^-^csgo-happy.ru Character: LuckyMan ^-^ Ping: 134
PlayerID: 76561198272167056 Name: ¦ Alexandr ¦ Character: Alexandr  Kotov Ping: 74
PlayerID: 76561198330195927 Name: DEN Character: DEN Ping: 93
PlayerID: 76561198198578146 Name: NightCatSan Character: NightCatSan Ping: 76
PlayerID: 76561198327741536 Name: matvejmincenko37 Character: matvejmincenko37 Ping: 76
PlayerID: 76561198278618116 Name: Mizuki Character: Mizuki Ping: 99

22.02.2017 16:40:59: Client has executed command "players"

22.02.2017 16:40:47: [Area] NightCatSan [NightCatSan]: "Нет.."

22.02.2017 16:40:43: [Area] NightCatSan [NightCatSan]: "??"

22.02.2017 16:40:40: [Area] NightCatSan [NightCatSan]: "Угу"

22.02.2017 16:40:39: Players:
PlayerID: 76561198243530780 Name: LuckyMan ^-^csgo-happy.ru Character: LuckyMan ^-^ Ping: 132
PlayerID: 76561198272167056 Name: ¦ Alexandr ¦ Character: Alexandr  Kotov Ping: 82
PlayerID: 76561198330195927 Name: DEN Character: DEN Ping: 115
PlayerID: 76561198198578146 Name: NightCatSan Character: NightCatSan Ping: 70
PlayerID: 76561198327741536 Name: matvejmincenko37 Character: matvejmincenko37 Ping: 85
PlayerID: 76561198278618116 Name: Mizuki Character: Mizuki Ping: 83

22.02.2017 16:40:39: Client has executed command "players"

22.02.2017 16:40:37: [Area] NightCatSan [NightCatSan]: "мне друг дал"

22.02.2017 16:40:33: [Area] NightCatSan [NightCatSan]: "Неа"

22.02.2017 16:40:19: Players:
PlayerID: 76561198243530780 Name: LuckyMan ^-^csgo-happy.ru Character: LuckyMan ^-^ Ping: 144
PlayerID: 76561198272167056 Name: ¦ Alexandr ¦ Character: Alexandr  Kotov Ping: 62
PlayerID: 76561198330195927 Name: DEN Character: DEN Ping: 91
PlayerID: 76561198198578146 Name: NightCatSan Character: NightCatSan Ping: 87
PlayerID: 76561198327741536 Name: matvejmincenko37 Character: matvejmincenko37 Ping: 87
PlayerID: 76561198278618116 Name: Mizuki Character: Mizuki Ping: 70

22.02.2017 16:40:19: Client has executed command "players"

22.02.2017 16:39:59: Players:
PlayerID: 76561198243530780 Name: LuckyMan ^-^csgo-happy.ru Character: LuckyMan ^-^ Ping: 134
PlayerID: 76561198272167056 Name: ¦ Alexandr ¦ Character: Alexandr  Kotov Ping: 68
PlayerID: 76561198330195927 Name: DEN Character: DEN Ping: 101
PlayerID: 76561198198578146 Name: NightCatSan Character: NightCatSan Ping: 48
PlayerID: 76561198327741536 Name: matvejmincenko37 Character: matvejmincenko37 Ping: 68
PlayerID: 76561198278618116 Name: Mizuki Character: Mizuki Ping: 117

22.02.2017 16:39:59: Client has executed command "players"

22.02.2017 16:39:59: [Area] NightCatSan [NightCatSan]: "Аир ищем"

22.02.2017 16:39:53: MessageAnnouncer >> vk.com/hemulgm - ЕДИНСТВЕННЫЙ администратор сервера

22.02.2017 16:39:52: MessageAnnouncer >> Broadcast: vk.com/hemulgm - ЕДИНСТВЕННЫЙ администратор сервера

22.02.2017 16:39:39: Players:
PlayerID: 76561198243530780 Name: LuckyMan ^-^csgo-happy.ru Character: LuckyMan ^-^ Ping: 117
PlayerID: 76561198272167056 Name: ¦ Alexandr ¦ Character: Alexandr  Kotov Ping: 74
PlayerID: 76561198330195927 Name: DEN Character: DEN Ping: 99
PlayerID: 76561198198578146 Name: NightCatSan Character: NightCatSan Ping: 68
PlayerID: 76561198327741536 Name: matvejmincenko37 Character: matvejmincenko37 Ping: 76
PlayerID: 76561198278618116 Name: Mizuki Character: Mizuki Ping: 113

22.02.2017 16:39:39: Client has executed command "players"

22.02.2017 16:39:25: [World] Mizuki [Mizuki]: "ЩА"

22.02.2017 16:39:19: Players:
PlayerID: 76561198243530780 Name: LuckyMan ^-^csgo-happy.ru Character: LuckyMan ^-^ Ping: 125
PlayerID: 76561198272167056 Name: ¦ Alexandr ¦ Character: Alexandr  Kotov Ping: 70
PlayerID: 76561198330195927 Name: DEN Character: DEN Ping: 97
PlayerID: 76561198198578146 Name: NightCatSan Character: NightCatSan Ping: 52
PlayerID: 76561198327741536 Name: matvejmincenko37 Character: matvejmincenko37 Ping: 72
PlayerID: 76561198278618116 Name: Mizuki Character: Mizuki Ping: 109

22.02.2017 16:39:19: Client has executed command "players"

22.02.2017 16:39:19: [Group] Alexandr  Kotov [¦ Alexandr ¦]: "Скайп"

22.02.2017 16:38:59: Players:
PlayerID: 76561198243530780 Name: LuckyMan ^-^csgo-happy.ru Character: LuckyMan ^-^ Ping: 128
PlayerID: 76561198272167056 Name: ¦ Alexandr ¦ Character: Alexandr  Kotov Ping: 66
PlayerID: 76561198330195927 Name: DEN Character: DEN Ping: 95
PlayerID: 76561198198578146 Name: NightCatSan Character: NightCatSan Ping: 46
PlayerID: 76561198327741536 Name: matvejmincenko37 Character: matvejmincenko37 Ping: 68
PlayerID: 76561198278618116 Name: Mizuki Character: Mizuki Ping: 74

22.02.2017 16:38:59: Client has executed command "players"

22.02.2017 16:38:39: Players:
PlayerID: 76561198243530780 Name: LuckyMan ^-^csgo-happy.ru Character: LuckyMan ^-^ Ping: 115
PlayerID: 76561198272167056 Name: ¦ Alexandr ¦ Character: Alexandr  Kotov Ping: 76
PlayerID: 76561198330195927 Name: DEN Character: DEN Ping: 103
PlayerID: 76561198198578146 Name: NightCatSan Character: NightCatSan Ping: 42
PlayerID: 76561198327741536 Name: matvejmincenko37 Character: matvejmincenko37 Ping: 82
PlayerID: 76561198278618116 Name: Mizuki Character: Mizuki Ping: 82

22.02.2017 16:38:39: Client has executed command "players"

22.02.2017 16:38:19: Players:
PlayerID: 76561198243530780 Name: LuckyMan ^-^csgo-happy.ru Character: LuckyMan ^-^ Ping: 119
PlayerID: 76561198272167056 Name: ¦ Alexandr ¦ Character: Alexandr  Kotov Ping: 74
PlayerID: 76561198330195927 Name: DEN Character: DEN Ping: 101
PlayerID: 76561198198578146 Name: NightCatSan Character: NightCatSan Ping: 74
PlayerID: 76561198327741536 Name: matvejmincenko37 Character: matvejmincenko37 Ping: 76
PlayerID: 76561198278618116 Name: Mizuki Character: Mizuki Ping: 82

22.02.2017 16:38:19: Client has executed command "players"

22.02.2017 16:38:13: [World] matvejmincenko37 [matvejmincenko37]: "/KIT HGM1"

22.02.2017 16:38:10: [World] NightCatSan [NightCatSan]: "/TPA A"

22.02.2017 16:38:05: [World] matvejmincenko37 [matvejmincenko37]: "/KIT START"

22.02.2017 16:37:59: Players:
PlayerID: 76561198243530780 Name: LuckyMan ^-^csgo-happy.ru Character: LuckyMan ^-^ Ping: 134
PlayerID: 76561198272167056 Name: ¦ Alexandr ¦ Character: Alexandr  Kotov Ping: 62
PlayerID: 76561198330195927 Name: DEN Character: DEN Ping: 101
PlayerID: 76561198198578146 Name: NightCatSan Character: NightCatSan Ping: 74
PlayerID: 76561198327741536 Name: matvejmincenko37 Character: matvejmincenko37 Ping: 62
PlayerID: 76561198278618116 Name: Mizuki Character: Mizuki Ping: 103

22.02.2017 16:37:59: Client has executed command "players"

22.02.2017 16:37:55: [World] matvejmincenko37 [matvejmincenko37]: "/KIT START]"

22.02.2017 16:37:53: MessageAnnouncer >> Если модератор ведёт себя неподобающе, пишите в группу или ЛС (vk.com/unturned_hgm, vk.com/hemulgm)

22.02.2017 16:37:52: MessageAnnouncer >> Broadcast: Если модератор ведёт себя неподобающе, пишите в группу или ЛС (vk.com/unturned_hgm, vk.com/hemulgm)

22.02.2017 16:37:49: [World] matvejmincenko37 [matvejmincenko37]: "/KITS"

22.02.2017 16:37:43: [World] matvejmincenko37 [matvejmincenko37]: "/KIT STARTER"

22.02.2017 16:37:39: Players:
PlayerID: 76561198243530780 Name: LuckyMan ^-^csgo-happy.ru Character: LuckyMan ^-^ Ping: 130
PlayerID: 76561198272167056 Name: ¦ Alexandr ¦ Character: Alexandr  Kotov Ping: 62
PlayerID: 76561198330195927 Name: DEN Character: DEN Ping: 97
PlayerID: 76561198198578146 Name: NightCatSan Character: NightCatSan Ping: 50
PlayerID: 76561198327741536 Name: matvejmincenko37 Character: matvejmincenko37 Ping: 66
PlayerID: 76561198278618116 Name: Mizuki Character: Mizuki Ping: 78

22.02.2017 16:37:39: Client has executed command "players"

22.02.2017 16:37:33: [World] matvejmincenko37 [matvejmincenko37]: "/KIT STARTER"

22.02.2017 16:37:26: [World] matvejmincenko37 [matvejmincenko37]: "/KIT SATRT"

22.02.2017 16:37:19: Players:
PlayerID: 76561198243530780 Name: LuckyMan ^-^csgo-happy.ru Character: LuckyMan ^-^ Ping: 138
PlayerID: 76561198272167056 Name: ¦ Alexandr ¦ Character: Alexandr  Kotov Ping: 68
PlayerID: 76561198330195927 Name: DEN Character: DEN Ping: 97
PlayerID: 76561198198578146 Name: NightCatSan Character: NightCatSan Ping: 60
PlayerID: 76561198327741536 Name: matvejmincenko37 Character: matvejmincenko37 Ping: 74
PlayerID: 76561198278618116 Name: Mizuki Character: Mizuki Ping: 64

22.02.2017 16:37:19: Client has executed command "players"

22.02.2017 16:37:00: [World] matvejmincenko37 [matvejmincenko37]: "/TPA NI"

22.02.2017 16:36:59: Players:
PlayerID: 76561198243530780 Name: LuckyMan ^-^csgo-happy.ru Character: LuckyMan ^-^ Ping: 146
PlayerID: 76561198272167056 Name: ¦ Alexandr ¦ Character: Alexandr  Kotov Ping: 72
PlayerID: 76561198330195927 Name: DEN Character: DEN Ping: 111
PlayerID: 76561198198578146 Name: NightCatSan Character: NightCatSan Ping: 54
PlayerID: 76561198327741536 Name: matvejmincenko37 Character: matvejmincenko37 Ping: 70
PlayerID: 76561198278618116 Name: Mizuki Character: Mizuki Ping: 82

22.02.2017 16:36:59: Client has executed command "players"

22.02.2017 16:36:58: VehicleEvents >> Broadcast: Брошенный гольфкар в Mount Nivek! Найди его и он твой!

22.02.2017 16:36:51: [World] matvejmincenko37 [matvejmincenko37]: "/TPA HI"

22.02.2017 16:36:39: Players:
PlayerID: 76561198243530780 Name: LuckyMan ^-^csgo-happy.ru Character: LuckyMan ^-^ Ping: 130
PlayerID: 76561198272167056 Name: ¦ Alexandr ¦ Character: Alexandr  Kotov Ping: 70
PlayerID: 76561198330195927 Name: DEN Character: DEN Ping: 99
PlayerID: 76561198198578146 Name: NightCatSan Character: NightCatSan Ping: 70
PlayerID: 76561198327741536 Name: matvejmincenko37 Character: matvejmincenko37 Ping: 76
PlayerID: 76561198278618116 Name: Mizuki Character: Mizuki Ping: 70

22.02.2017 16:36:39: Client has executed command "players"

22.02.2017 16:36:26: Players:
PlayerID: 76561198243530780 Name: LuckyMan ^-^csgo-happy.ru Character: LuckyMan ^-^ Ping: 136
PlayerID: 76561198272167056 Name: ¦ Alexandr ¦ Character: Alexandr  Kotov Ping: 68
PlayerID: 76561198330195927 Name: DEN Character: DEN Ping: 93
PlayerID: 76561198198578146 Name: NightCatSan Character: NightCatSan Ping: 72
PlayerID: 76561198327741536 Name: matvejmincenko37 Character: matvejmincenko37 Ping: 74
PlayerID: 76561198278618116 Name: Mizuki Character: Mizuki Ping: 78

22.02.2017 16:36:25: Client has executed command "players"

22.02.2017 16:36:25: Disconnecting: PlayerID: 76561198176772491 Name: setepakha Character: Piskaed

22.02.2017 16:36:19: Players:
PlayerID: 76561198243530780 Name: LuckyMan ^-^csgo-happy.ru Character: LuckyMan ^-^ Ping: 115
PlayerID: 76561198272167056 Name: ¦ Alexandr ¦ Character: Alexandr  Kotov Ping: 70
PlayerID: 76561198330195927 Name: DEN Character: DEN Ping: 99
PlayerID: 76561198198578146 Name: NightCatSan Character: NightCatSan Ping: 76
PlayerID: 76561198176772491 Name: setepakha Character: Piskaed Ping: 115
PlayerID: 76561198327741536 Name: matvejmincenko37 Character: matvejmincenko37 Ping: 70
PlayerID: 76561198278618116 Name: Mizuki Character: Mizuki Ping: 62

22.02.2017 16:36:19: Client has executed command "players"

22.02.2017 16:36:04: [World] Mizuki [Mizuki]: "ЩА 5 СЕК"

22.02.2017 16:36:00: [World] Mizuki [Mizuki]: "И СКУП СКИНУЛСЯ"

22.02.2017 16:35:59: Players:
PlayerID: 76561198243530780 Name: LuckyMan ^-^csgo-happy.ru Character: LuckyMan ^-^ Ping: 126
PlayerID: 76561198272167056 Name: ¦ Alexandr ¦ Character: Alexandr  Kotov Ping: 74
PlayerID: 76561198330195927 Name: DEN Character: DEN Ping: 101
PlayerID: 76561198198578146 Name: NightCatSan Character: NightCatSan Ping: 68
PlayerID: 76561198176772491 Name: setepakha Character: Piskaed Ping: 56
PlayerID: 76561198327741536 Name: matvejmincenko37 Character: matvejmincenko37 Ping: 74
PlayerID: 76561198278618116 Name: Mizuki Character: Mizuki Ping: 74

22.02.2017 16:35:59: Client has executed command "players"

22.02.2017 16:35:59: Players:
PlayerID: 76561198243530780 Name: LuckyMan ^-^csgo-happy.ru Character: LuckyMan ^-^ Ping: 126
PlayerID: 76561198272167056 Name: ¦ Alexandr ¦ Character: Alexandr  Kotov Ping: 70
PlayerID: 76561198330195927 Name: DEN Character: DEN Ping: 101
PlayerID: 76561198198578146 Name: NightCatSan Character: NightCatSan Ping: 64
PlayerID: 76561198176772491 Name: setepakha Character: Piskaed Ping: 56
PlayerID: 76561198327741536 Name: matvejmincenko37 Character: matvejmincenko37 Ping: 70
PlayerID: 76561198278618116 Name: Mizuki Character: Mizuki Ping: 70

22.02.2017 16:35:59: Client has executed command "players"

22.02.2017 16:35:59: Disconnecting: PlayerID: 76561198343358492 Name: MrventureA Character: thenooblygamer

22.02.2017 16:35:53: [World] Mizuki [Mizuki]: "ВЫЛЕТЛ"

22.02.2017 16:35:52: MessageAnnouncer >> Наберите /kit claim, чтобы получить Claim Flag

22.02.2017 16:35:52: MessageAnnouncer >> Broadcast: Наберите /kit claim, чтобы получить Claim Flag

22.02.2017 16:35:49: PlayerInfoLib >> No expired player info records found for this batch.

22.02.2017 16:35:39: Players:
PlayerID: 76561198243530780 Name: LuckyMan ^-^csgo-happy.ru Character: LuckyMan ^-^ Ping: 130
PlayerID: 76561198272167056 Name: ¦ Alexandr ¦ Character: Alexandr  Kotov Ping: 74
PlayerID: 76561198330195927 Name: DEN Character: DEN Ping: 105
PlayerID: 76561198198578146 Name: NightCatSan Character: NightCatSan Ping: 48
PlayerID: 76561198176772491 Name: setepakha Character: Piskaed Ping: 39
PlayerID: 76561198327741536 Name: matvejmincenko37 Character: matvejmincenko37 Ping: 74
PlayerID: 76561198278618116 Name: Mizuki Character: Mizuki Ping: 68
PlayerID: 76561198343358492 Name: MrventureA Character: thenooblygamer Ping: 441

22.02.2017 16:35:39: Client has executed command "players"

22.02.2017 16:35:24: [World] Piskaed [setepakha]: "/airdrop"

22.02.2017 16:35:23: Successfully set airdrop!

22.02.2017 16:35:22: Client has executed command "airdrop"

22.02.2017 16:35:19: Players:
PlayerID: 76561198243530780 Name: LuckyMan ^-^csgo-happy.ru Character: LuckyMan ^-^ Ping: 128
PlayerID: 76561198272167056 Name: ¦ Alexandr ¦ Character: Alexandr  Kotov Ping: 70
PlayerID: 76561198330195927 Name: DEN Character: DEN Ping: 103
PlayerID: 76561198198578146 Name: NightCatSan Character: NightCatSan Ping: 80
PlayerID: 76561198176772491 Name: setepakha Character: Piskaed Ping: 29
PlayerID: 76561198327741536 Name: matvejmincenko37 Character: matvejmincenko37 Ping: 60
PlayerID: 76561198278618116 Name: Mizuki Character: Mizuki Ping: 78
PlayerID: 76561198343358492 Name: MrventureA Character: thenooblygamer Ping: 513

22.02.2017 16:35:19: Client has executed command "players"

22.02.2017 16:35:13: [Area] NightCatSan [NightCatSan]: "ДААА"

22.02.2017 16:35:09: Client has executed command "say airdrop?"

22.02.2017 16:35:07: [Area] NightCatSan [NightCatSan]: "Чувак"

22.02.2017 16:35:00: Players:
PlayerID: 76561198243530780 Name: LuckyMan ^-^csgo-happy.ru Character: LuckyMan ^-^ Ping: 144
PlayerID: 76561198272167056 Name: ¦ Alexandr ¦ Character: Alexandr  Kotov Ping: 80
PlayerID: 76561198330195927 Name: DEN Character: DEN Ping: 99
PlayerID: 76561198198578146 Name: NightCatSan Character: NightCatSan Ping: 101
PlayerID: 76561198176772491 Name: setepakha Character: Piskaed Ping: 37
PlayerID: 76561198327741536 Name: matvejmincenko37 Character: matvejmincenko37 Ping: 80
PlayerID: 76561198278618116 Name: Mizuki Character: Mizuki Ping: 54
PlayerID: 76561198343358492 Name: MrventureA Character: thenooblygamer Ping: 539

22.02.2017 16:35:00: Client has executed command "players"

22.02.2017 16:34:59: RocketRcon v2.4.8.0

