22.02.2017 15:18:05: [World] Семёныч [Thug Life]: "да ну?"
 with _> "Операция успешно завершена"
22.02.2017 15:18:03: [World] NightCatSan [NightCatSan]: "Я автобус пригнал"
 with _> "Операция успешно завершена"
22.02.2017 15:18:03: Players:
PlayerID: 76561198272327937 Name: Thug Life Character: Семёныч Ping: 58
PlayerID: 76561198243530780 Name: LuckyMan ^-^csgo-happy.ru Character: LuckyMan ^-^ Ping: 119
PlayerID: 76561198326392297 Name: VorontsEmil Character:  VorontsEmil Ping: 72
PlayerID: 76561198272167056 Name: ¦ Alexandr ¦ Character: Alexandr  Kotov Ping: 66
PlayerID: 76561198322193999 Name: _MaKeR_ Character: (POLISE)_MaKeR_ Ping: 66
PlayerID: 76561198358472544 Name: Dust Character: Dust Ping: 111
PlayerID: 76561198198578146 Name: NightCatSan Character: NightCatSan Ping: 93
 with _> "Операция успешно завершена"
22.02.2017 15:18:03: Client has executed command "players"
 with _> "Операция успешно завершена"
22.02.2017 15:18:01: Players:
PlayerID: 76561198272327937 Name: Thug Life Character: Семёныч Ping: 56
PlayerID: 76561198243530780 Name: LuckyMan ^-^csgo-happy.ru Character: LuckyMan ^-^ Ping: 121
PlayerID: 76561198326392297 Name: VorontsEmil Character:  VorontsEmil Ping: 83
PlayerID: 76561198272167056 Name: ¦ Alexandr ¦ Character: Alexandr  Kotov Ping: 66
PlayerID: 76561198322193999 Name: _MaKeR_ Character: (POLISE)_MaKeR_ Ping: 72
PlayerID: 76561198358472544 Name: Dust Character: Dust Ping: 97
PlayerID: 76561198198578146 Name: NightCatSan Character: NightCatSan Ping: 93
 with _> "Операция успешно завершена"
22.02.2017 15:18:01: Client has executed command "players"
 with _> "Операция успешно завершена"
22.02.2017 15:18:00: Client has executed command "players"
Players:
PlayerID: 76561198272327937 Name: Thug Life Character: Семёныч Ping: 56
PlayerID: 76561198243530780 Name: LuckyMan ^-^csgo-happy.ru Character: LuckyMan ^-^ Ping: 126
PlayerID: 76561198326392297 Name: VorontsEmil Character:  VorontsEmil Ping: 78
PlayerID: 76561198272167056 Name: ¦ Alexandr ¦ Character: Alexandr  Kotov Ping: 74
PlayerID: 76561198322193999 Name: _MaKeR_ Character: (POLISE)_MaKeR_ Ping: 80
PlayerID: 76561198358472544 Name: Dust Character: Dust Ping: 93
PlayerID: 76561198198578146 Name: NightCatSan Character: NightCatSan Ping: 74
 with _> "Операция успешно завершена"
22.02.2017 15:18:00: PlayerID: 76561198198578146 Name: NightCatSan Character: NightCatSan Ping: 62
 with _> "Операция успешно завершена"
22.02.2017 15:17:59: Players:
PlayerID: 76561198272327937 Name: Thug Life Character: Семёныч Ping: 52
PlayerID: 76561198243530780 Name: LuckyMan ^-^csgo-happy.ru Character: LuckyMan ^-^ Ping: 126
PlayerID: 76561198326392297 Name: VorontsEmil Character:  VorontsEmil Ping: 80
PlayerID: 76561198272167056 Name: ¦ Alexandr ¦ Character: Alexandr  Kotov Ping: 78
PlayerID: 76561198322193999 Name: _MaKeR_ Character: (POLISE)_MaKeR_ Ping: 76
PlayerID: 76561198358472544 Name: Dust Character: Dust Ping: 101
 with _> "Операция успешно завершена"
22.02.2017 15:17:59: Client has executed command "players"
 with _> "Операция успешно завершена"
22.02.2017 15:17:57: Players:
PlayerID: 76561198272327937 Name: Thug Life Character: Семёныч Ping: 52
PlayerID: 76561198243530780 Name: LuckyMan ^-^csgo-happy.ru Character: LuckyMan ^-^ Ping: 126
PlayerID: 76561198326392297 Name: VorontsEmil Character:  VorontsEmil Ping: 76
PlayerID: 76561198272167056 Name: ¦ Alexandr ¦ Character: Alexandr  Kotov Ping: 80
PlayerID: 76561198322193999 Name: _MaKeR_ Character: (POLISE)_MaKeR_ Ping: 66
PlayerID: 76561198358472544 Name: Dust Character: Dust Ping: 107
PlayerID: 76561198198578146 Name: NightCatSan Character: NightCatSan Ping: 58
 with _> "Операция успешно завершена"
22.02.2017 15:17:57: Client has executed command "players"
 with _> "Операция успешно завершена"
22.02.2017 15:17:56: Players:
PlayerID: 76561198272327937 Name: Thug Life Character: Семёныч Ping: 56
PlayerID: 76561198243530780 Name: LuckyMan ^-^csgo-happy.ru Character: LuckyMan ^-^ Ping: 128
PlayerID: 76561198326392297 Name: VorontsEmil Character:  VorontsEmil Ping: 82
PlayerID: 76561198272167056 Name: ¦ Alexandr ¦ Character: Alexandr  Kotov Ping: 78
PlayerID: 76561198322193999 Name: _MaKeR_ Character: (POLISE)_MaKeR_ Ping: 62
PlayerID: 76561198358472544 Name: Dust Character: Dust Ping: 111
PlayerID: 76561198198578146 Name: NightCatSan Character: NightCatSan Ping: 54
 with _> "Операция успешно завершена"
22.02.2017 15:17:56: Client has executed command "players"
 with _> "Операция успешно завершена"
22.02.2017 15:17:55: Players:
PlayerID: 76561198272327937 Name: Thug Life Character: Семёныч Ping: 54
PlayerID: 76561198243530780 Name: LuckyMan ^-^csgo-happy.ru Character: LuckyMan ^-^ Ping: 142
PlayerID: 76561198326392297 Name: VorontsEmil Character:  VorontsEmil Ping: 74
PlayerID: 76561198272167056 Name: ¦ Alexandr ¦ Character: Alexandr  Kotov Ping: 76
PlayerID: 76561198322193999 Name: _MaKeR_ Character: (POLISE)_MaKeR_ Ping: 60
PlayerID: 76561198358472544 Name: Dust Character: Dust Ping: 103
PlayerID: 76561198198578146 Name: NightCatSan Character: NightCatSan Ping: 60
 with _> "Операция успешно завершена"
22.02.2017 15:17:55: Client has executed command "players"
 with _> "Операция успешно завершена"
22.02.2017 15:17:55: [World] NightCatSan [NightCatSan]: "Да  мне пофиг на него"
 with _> "Операция успешно завершена"
22.02.2017 15:17:54: Players:
PlayerID: 76561198272327937 Name: Thug Life Character: Семёныч Ping: 56
PlayerID: 76561198243530780 Name: LuckyMan ^-^csgo-happy.ru Character: LuckyMan ^-^ Ping: 134
PlayerID: 76561198326392297 Name: VorontsEmil Character:  VorontsEmil Ping: 60
PlayerID: 76561198272167056 Name: ¦ Alexandr ¦ Character: Alexandr  Kotov Ping: 74
PlayerID: 76561198322193999 Name: _MaKeR_ Character: (POLISE)_MaKeR_ Ping: 58
PlayerID: 76561198358472544 Name: Dust Character: Dust Ping: 103
PlayerID: 76561198198578146 Name: NightCatSan Character: NightCatSan Ping: 62
 with _> "Операция успешно завершена"
22.02.2017 15:17:54: Client has executed command "players"
 with _> "Операция успешно завершена"
22.02.2017 15:17:53: Players:
PlayerID: 76561198272327937 Name: Thug Life Character: Семёныч Ping: 64
PlayerID: 76561198243530780 Name: LuckyMan ^-^csgo-happy.ru Character: LuckyMan ^-^ Ping: 128
PlayerID: 76561198326392297 Name: VorontsEmil Character:  VorontsEmil Ping: 62
PlayerID: 76561198272167056 Name: ¦ Alexandr ¦ Character: Alexandr  Kotov Ping: 76
PlayerID: 76561198322193999 Name: _MaKeR_ Character: (POLISE)_MaKeR_ Ping: 72
PlayerID: 76561198358472544 Name: Dust Character: Dust Ping: 107
PlayerID: 76561198198578146 Name: NightCatSan Character: NightCatSan Ping: 52
 with _> "Операция успешно завершена"
22.02.2017 15:17:52: Client has executed command "players"
 with _> "Операция успешно завершена"
22.02.2017 15:17:52: [Group] Dust [Dust]: "/kit bonys"
 with _> "Операция успешно завершена"
22.02.2017 15:17:52: [World] Семёныч [Thug Life]: "XD"
 with _> "Операция успешно завершена"
22.02.2017 15:17:52: MessageAnnouncer >> Добро пожаловать на HEMULGM.RU. Тут рады вам больше, чем на любом другом сервере!
 with _> "Операция успешно завершена"
22.02.2017 15:17:52: MessageAnnouncer >> Broadcast: Добро пожаловать на HEMULGM.RU. Тут рады вам больше, чем на любом другом сервере!
 with _> "Операция успешно завершена"
22.02.2017 15:17:51: Players:
PlayerID: 76561198272327937 Name: Thug Life Character: Семёныч Ping: 58
PlayerID: 76561198243530780 Name: LuckyMan ^-^csgo-happy.ru Character: LuckyMan ^-^ Ping: 128
PlayerID: 76561198326392297 Name: VorontsEmil Character:  VorontsEmil Ping: 68
PlayerID: 76561198272167056 Name: ¦ Alexandr ¦ Character: Alexandr  Kotov Ping: 76
PlayerID: 76561198322193999 Name: _MaKeR_ Character: (POLISE)_MaKeR_ Ping: 74
PlayerID: 76561198358472544 Name: Dust Character: Dust Ping: 101
PlayerID: 76561198198578146 Name: NightCatSan Character: NightCatSan Ping: 62
 with _> "Операция успешно завершена"
22.02.2017 15:17:51: Client has executed command "players"
 with _> "Операция успешно завершена"
22.02.2017 15:17:50: Players:
PlayerID: 76561198272327937 Name: Thug Life Character: Семёныч Ping: 58
PlayerID: 76561198243530780 Name: LuckyMan ^-^csgo-happy.ru Character: LuckyMan ^-^ Ping: 128
PlayerID: 76561198326392297 Name: VorontsEmil Character:  VorontsEmil Ping: 74
PlayerID: 76561198272167056 Name: ¦ Alexandr ¦ Character: Alexandr  Kotov Ping: 74
PlayerID: 76561198322193999 Name: _MaKeR_ Character: (POLISE)_MaKeR_ Ping: 80
PlayerID: 76561198358472544 Name: Dust Character: Dust Ping: 109
PlayerID: 76561198198578146 Name: NightCatSan Character: NightCatSan Ping: 60
 with _> "Операция успешно завершена"
22.02.2017 15:17:50: Client has executed command "players"
 with _> "Операция успешно завершена"
22.02.2017 15:17:49: Players:
PlayerID: 76561198272327937 Name: Thug Life Character: Семёныч Ping: 50
PlayerID: 76561198243530780 Name: LuckyMan ^-^csgo-happy.ru Character: LuckyMan ^-^ Ping: 132
PlayerID: 76561198326392297 Name: VorontsEmil Character:  VorontsEmil Ping: 85
PlayerID: 76561198272167056 Name: ¦ Alexandr ¦ Character: Alexandr  Kotov Ping: 72
PlayerID: 76561198322193999 Name: _MaKeR_ Character: (POLISE)_MaKeR_ Ping: 72
PlayerID: 76561198358472544 Name: Dust Character: Dust Ping: 105
PlayerID: 76561198198578146 Name: NightCatSan Character: NightCatSan Ping: 72
 with _> "Операция успешно завершена"
22.02.2017 15:17:49: Client has executed command "players"
 with _> "Операция успешно завершена"
22.02.2017 15:17:48: Players:
PlayerID: 76561198272327937 Name: Thug Life Character: Семёныч Ping: 52
PlayerID: 76561198243530780 Name: LuckyMan ^-^csgo-happy.ru Character: LuckyMan ^-^ Ping: 138
PlayerID: 76561198326392297 Name: VorontsEmil Character:  VorontsEmil Ping: 89
PlayerID: 76561198272167056 Name: ¦ Alexandr ¦ Character: Alexandr  Kotov Ping: 74
PlayerID: 76561198322193999 Name: _MaKeR_ Character: (POLISE)_MaKeR_ Ping: 74
PlayerID: 76561198358472544 Name: Dust Character: Dust Ping: 115
PlayerID: 76561198198578146 Name: NightCatSan Character: NightCatSan Ping: 66
 with _> "Операция успешно завершена"
22.02.2017 15:17:48: Client has executed command "players"
 with _> "Операция успешно завершена"
22.02.2017 15:17:47: Players:
PlayerID: 76561198272327937 Name: Thug Life Character: Семёныч Ping: 58
PlayerID: 76561198243530780 Name: LuckyMan ^-^csgo-happy.ru Character: LuckyMan ^-^ Ping: 136
PlayerID: 76561198326392297 Name: VorontsEmil Character:  VorontsEmil Ping: 105
PlayerID: 76561198272167056 Name: ¦ Alexandr ¦ Character: Alexandr  Kotov Ping: 74
PlayerID: 76561198322193999 Name: _MaKeR_ Character: (POLISE)_MaKeR_ Ping: 74
PlayerID: 76561198358472544 Name: Dust Character: Dust Ping: 109
PlayerID: 76561198198578146 Name: NightCatSan Character: NightCatSan Ping: 66
 with _> "Операция успешно завершена"
22.02.2017 15:17:47: Client has executed command "players"
 with _> "Операция успешно завершена"
22.02.2017 15:17:45: Players:
PlayerID: 76561198272327937 Name: Thug Life Character: Семёныч Ping: 60
PlayerID: 76561198243530780 Name: LuckyMan ^-^csgo-happy.ru Character: LuckyMan ^-^ Ping: 142
PlayerID: 76561198326392297 Name: VorontsEmil Character:  VorontsEmil Ping: 103
PlayerID: 76561198272167056 Name: ¦ Alexandr ¦ Character: Alexandr  Kotov Ping: 80
PlayerID: 76561198322193999 Name: _MaKeR_ Character: (POLISE)_MaKeR_ Ping: 76
PlayerID: 76561198358472544 Name: Dust Character: Dust Ping: 107
PlayerID: 76561198198578146 Name: NightCatSan Character: NightCatSan Ping: 72
 with _> "Операция успешно завершена"
22.02.2017 15:17:45: Client has executed command "players"
 with _> "Операция успешно завершена"
22.02.2017 15:17:44: Players:
PlayerID: 76561198272327937 Name: Thug Life Character: Семёныч Ping: 58
PlayerID: 76561198243530780 Name: LuckyMan ^-^csgo-happy.ru Character: LuckyMan ^-^ Ping: 140
PlayerID: 76561198326392297 Name: VorontsEmil Character:  VorontsEmil Ping: 93
PlayerID: 76561198272167056 Name: ¦ Alexandr ¦ Character: Alexandr  Kotov Ping: 78
PlayerID: 76561198322193999 Name: _MaKeR_ Character: (POLISE)_MaKeR_ Ping: 74
PlayerID: 76561198358472544 Name: Dust Character: Dust Ping: 107
PlayerID: 76561198198578146 Name: NightCatSan Character: NightCatSan Ping: 78
 with _> "Операция успешно завершена"
22.02.2017 15:17:44: Client has executed command "players"
 with _> "Операция успешно завершена"
22.02.2017 15:17:43: Players:
PlayerID: 76561198272327937 Name: Thug Life Character: Семёныч Ping: 58
PlayerID: 76561198243530780 Name: LuckyMan ^-^csgo-happy.ru Character: LuckyMan ^-^ Ping: 136
PlayerID: 76561198326392297 Name: VorontsEmil Character:  VorontsEmil Ping: 58
PlayerID: 76561198272167056 Name: ¦ Alexandr ¦ Character: Alexandr  Kotov Ping: 78
PlayerID: 76561198322193999 Name: _MaKeR_ Character: (POLISE)_MaKeR_ Ping: 66
PlayerID: 76561198358472544 Name: Dust Character: Dust Ping: 105
PlayerID: 76561198198578146 Name: NightCatSan Character: NightCatSan Ping: 83
 with _> "Операция успешно завершена"
22.02.2017 15:17:43: Client has executed command "players"
 with _> "Операция успешно завершена"
22.02.2017 15:17:42: Players:
PlayerID: 76561198272327937 Name: Thug Life Character: Семёныч Ping: 50
PlayerID: 76561198243530780 Name: LuckyMan ^-^csgo-happy.ru Character: LuckyMan ^-^ Ping: 128
PlayerID: 76561198326392297 Name: VorontsEmil Character:  VorontsEmil Ping: 52
PlayerID: 76561198272167056 Name: ¦ Alexandr ¦ Character: Alexandr  Kotov Ping: 80
PlayerID: 76561198322193999 Name: _MaKeR_ Character: (POLISE)_MaKeR_ Ping: 72
PlayerID: 76561198358472544 Name: Dust Character: Dust Ping: 107
PlayerID: 76561198198578146 Name: NightCatSan Character: NightCatSan Ping: 70
 with _> "Операция успешно завершена"
22.02.2017 15:17:42: Client has executed command "players"
 with _> "Операция успешно завершена"
22.02.2017 15:17:42: [World] Семёныч [Thug Life]: "ты случаем не свое авто в питере оставил?"
 with _> "Операция успешно завершена"
22.02.2017 15:17:41: [World] NightCatSan [NightCatSan]: "xD"
 with _> "Операция успешно завершена"
22.02.2017 15:17:41: Players:
PlayerID: 76561198272327937 Name: Thug Life Character: Семёныч Ping: 58
PlayerID: 76561198243530780 Name: LuckyMan ^-^csgo-happy.ru Character: LuckyMan ^-^ Ping: 130
PlayerID: 76561198326392297 Name: VorontsEmil Character:  VorontsEmil Ping: 60
PlayerID: 76561198272167056 Name: ¦ Alexandr ¦ Character: Alexandr  Kotov Ping: 80
PlayerID: 76561198322193999 Name: _MaKeR_ Character: (POLISE)_MaKeR_ Ping: 72
PlayerID: 76561198358472544 Name: Dust Character: Dust Ping: 105
PlayerID: 76561198198578146 Name: NightCatSan Character: NightCatSan Ping: 70
 with _> "Операция успешно завершена"
22.02.2017 15:17:41: Client has executed command "players"
 with _> "Операция успешно завершена"
22.02.2017 15:17:37: [World] NightCatSan [NightCatSan]: "мне три годика"
 with _> "Операция успешно завершена"
22.02.2017 15:17:36: [Group] Dust [Dust]: "/kit bonys"
 with _> "Операция успешно завершена"
22.02.2017 15:17:33: [World] NightCatSan [NightCatSan]: "Да вот, из садика вернулся."
 with _> "Операция успешно завершена"
22.02.2017 15:17:31: [World] (POLISE)_MaKeR_ [_MaKeR_]: "норм"
 with _> "Операция успешно завершена"
22.02.2017 15:17:27: [World] (POLISE)_MaKeR_ [_MaKeR_]: "привет"
 with _> "Операция успешно завершена"
22.02.2017 15:17:17: [World] Семёныч [Thug Life]: "как дела?"
 with _> "Операция успешно завершена"
22.02.2017 15:17:15: [Group] Dust [Dust]: "/kit start"
 with _> "Операция успешно завершена"
22.02.2017 15:17:14: [World] Семёныч [Thug Life]: "привет!)"
 with _> "Операция успешно завершена"
22.02.2017 15:17:06: [World] NightCatSan [NightCatSan]: "Семёныч дароу"
 with _> "Операция успешно завершена"
22.02.2017 15:17:01: [Group] Dust [Dust]: "/kit"
 with _> "Операция успешно завершена"
22.02.2017 15:16:48: Connecting: PlayerID: 76561198198578146 Name: NightCatSan Character: NightCatSan
 with _> "Операция успешно завершена"
22.02.2017 15:16:37: Connecting: PlayerID: 76561198358472544 Name: Dust Character: Dust
 with _> "Операция успешно завершена"
22.02.2017 15:16:29: Players:
PlayerID: 76561198272327937 Name: Thug Life Character: Семёныч Ping: 48
PlayerID: 76561198243530780 Name: LuckyMan ^-^csgo-happy.ru Character: LuckyMan ^-^ Ping: 134
PlayerID: 76561198326392297 Name: VorontsEmil Character:  VorontsEmil Ping: 54
PlayerID: 76561198272167056 Name: ¦ Alexandr ¦ Character: Alexandr  Kotov Ping: 74
PlayerID: 76561198322193999 Name: _MaKeR_ Character: (POLISE)_MaKeR_ Ping: 68
 with _> "Операция успешно завершена"
22.02.2017 15:16:29: Client has executed command "players"
 with _> "Операция успешно завершена"
22.02.2017 15:16:29: Players:
PlayerID: 76561198272327937 Name: Thug Life Character: Семёныч Ping: 48
PlayerID: 76561198243530780 Name: LuckyMan ^-^csgo-happy.ru Character: LuckyMan ^-^ Ping: 134
PlayerID: 76561198326392297 Name: VorontsEmil Character:  VorontsEmil Ping: 54
PlayerID: 76561198272167056 Name: ¦ Alexandr ¦ Character: Alexandr  Kotov Ping: 74
PlayerID: 76561198322193999 Name: _MaKeR_ Character: (POLISE)_MaKeR_ Ping: 68
 with _> "Операция успешно завершена"
22.02.2017 15:16:29: Client has executed command "players"
 with _> "Операция успешно завершена"
22.02.2017 15:16:29: Players:
PlayerID: 76561198272327937 Name: Thug Life Character: Семёныч Ping: 48
PlayerID: 76561198243530780 Name: LuckyMan ^-^csgo-happy.ru Character: LuckyMan ^-^ Ping: 134
PlayerID: 76561198326392297 Name: VorontsEmil Character:  VorontsEmil Ping: 54
PlayerID: 76561198272167056 Name: ¦ Alexandr ¦ Character: Alexandr  Kotov Ping: 74
PlayerID: 76561198322193999 Name: _MaKeR_ Character: (POLISE)_MaKeR_ Ping: 68
 with _> "Операция успешно завершена"
22.02.2017 15:16:29: Client has executed command "players"
 with _> "Операция успешно завершена"
22.02.2017 15:16:29: Players:
PlayerID: 76561198272327937 Name: Thug Life Character: Семёныч Ping: 50
PlayerID: 76561198243530780 Name: LuckyMan ^-^csgo-happy.ru Character: LuckyMan ^-^ Ping: 144
PlayerID: 76561198326392297 Name: VorontsEmil Character:  VorontsEmil Ping: 56
PlayerID: 76561198272167056 Name: ¦ Alexandr ¦ Character: Alexandr  Kotov Ping: 76
PlayerID: 76561198322193999 Name: _MaKeR_ Character: (POLISE)_MaKeR_ Ping: 70
 with _> "Операция успешно завершена"
22.02.2017 15:16:29: Client has executed command "players"
 with _> "Операция успешно завершена"
22.02.2017 15:16:28: Players:
PlayerID: 76561198272327937 Name: Thug Life Character: Семёныч Ping: 50
PlayerID: 76561198243530780 Name: LuckyMan ^-^csgo-happy.ru Character: LuckyMan ^-^ Ping: 144
PlayerID: 76561198326392297 Name: VorontsEmil Character:  VorontsEmil Ping: 56
PlayerID: 76561198272167056 Name: ¦ Alexandr ¦ Character: Alexandr  Kotov Ping: 76
PlayerID: 76561198322193999 Name: _MaKeR_ Character: (POLISE)_MaKeR_ Ping: 70
 with _> "Операция успешно завершена"
22.02.2017 15:16:28: Client has executed command "players"
 with _> "Операция успешно завершена"
22.02.2017 15:16:28: Players:
PlayerID: 76561198272327937 Name: Thug Life Character: Семёныч Ping: 50
PlayerID: 76561198243530780 Name: LuckyMan ^-^csgo-happy.ru Character: LuckyMan ^-^ Ping: 144
PlayerID: 76561198326392297 Name: VorontsEmil Character:  VorontsEmil Ping: 56
PlayerID: 76561198272167056 Name: ¦ Alexandr ¦ Character: Alexandr  Kotov Ping: 76
PlayerID: 76561198322193999 Name: _MaKeR_ Character: (POLISE)_MaKeR_ Ping: 70
 with _> "Операция успешно завершена"
22.02.2017 15:16:28: Client has executed command "players"
 with _> "Операция успешно завершена"
22.02.2017 15:16:28: Players:
PlayerID: 76561198272327937 Name: Thug Life Character: Семёныч Ping: 50
PlayerID: 76561198243530780 Name: LuckyMan ^-^csgo-happy.ru Character: LuckyMan ^-^ Ping: 136
PlayerID: 76561198326392297 Name: VorontsEmil Character:  VorontsEmil Ping: 56
PlayerID: 76561198272167056 Name: ¦ Alexandr ¦ Character: Alexandr  Kotov Ping: 76
PlayerID: 76561198322193999 Name: _MaKeR_ Character: (POLISE)_MaKeR_ Ping: 70
 with _> "Операция успешно завершена"
22.02.2017 15:16:28: Client has executed command "players"
 with _> "Операция успешно завершена"
22.02.2017 15:16:27: Players:
PlayerID: 76561198272327937 Name: Thug Life Character: Семёныч Ping: 48
PlayerID: 76561198243530780 Name: LuckyMan ^-^csgo-happy.ru Character: LuckyMan ^-^ Ping: 136
PlayerID: 76561198326392297 Name: VorontsEmil Character:  VorontsEmil Ping: 72
PlayerID: 76561198272167056 Name: ¦ Alexandr ¦ Character: Alexandr  Kotov Ping: 76
PlayerID: 76561198322193999 Name: _MaKeR_ Character: (POLISE)_MaKeR_ Ping: 76
 with _> "Операция успешно завершена"
22.02.2017 15:16:27: Client has executed command "players"
 with _> "Операция успешно завершена"
22.02.2017 15:16:27: Players:
PlayerID: 76561198272327937 Name: Thug Life Character: Семёныч Ping: 48
PlayerID: 76561198243530780 Name: LuckyMan ^-^csgo-happy.ru Character: LuckyMan ^-^ Ping: 136
PlayerID: 76561198326392297 Name: VorontsEmil Character:  VorontsEmil Ping: 72
PlayerID: 76561198272167056 Name: ¦ Alexandr ¦ Character: Alexandr  Kotov Ping: 76
PlayerID: 76561198322193999 Name: _MaKeR_ Character: (POLISE)_MaKeR_ Ping: 76
 with _> "Операция успешно завершена"
22.02.2017 15:16:27: Client has executed command "players"
 with _> "Операция успешно завершена"
22.02.2017 15:16:27: Client has executed command "players"
Players:
PlayerID: 76561198272327937 Name: Thug Life Character: Семёныч Ping: 48
PlayerID: 76561198243530780 Name: LuckyMan ^-^csgo-happy.ru Character: LuckyMan ^-^ Ping: 136
PlayerID: 76561198326392297 Name: VorontsEmil Character:  VorontsEmil Ping: 72
PlayerID: 76561198272167056 Name: ¦ Alexandr ¦ Character: Alexandr  Kotov Ping: 76
PlayerID: 76561198322193999 Name: _MaKeR_ Character: (POLISE)_MaKeR_ Ping: 76
 with _> "Операция успешно завершена"
22.02.2017 15:16:27: PlayerID: 76561198322193999 Name: _MaKeR_ Character: (POLISE)_MaKeR_ Ping: 70
 with _> "Операция успешно завершена"
22.02.2017 15:16:27: Players:
PlayerID: 76561198272327937 Name: Thug Life Character: Семёныч Ping: 56
PlayerID: 76561198243530780 Name: LuckyMan ^-^csgo-happy.ru Character: LuckyMan ^-^ Ping: 138
PlayerID: 76561198326392297 Name: VorontsEmil Character:  VorontsEmil Ping: 87
PlayerID: 76561198272167056 Name: ¦ Alexandr ¦ Character: Alexandr  Kotov Ping: 76
 with _> "Операция успешно завершена"
22.02.2017 15:16:27: Client has executed command "players"
 with _> "Операция успешно завершена"
22.02.2017 15:16:26: Players:
PlayerID: 76561198272327937 Name: Thug Life Character: Семёныч Ping: 56
PlayerID: 76561198243530780 Name: LuckyMan ^-^csgo-happy.ru Character: LuckyMan ^-^ Ping: 138
PlayerID: 76561198326392297 Name: VorontsEmil Character:  VorontsEmil Ping: 87
PlayerID: 76561198272167056 Name: ¦ Alexandr ¦ Character: Alexandr  Kotov Ping: 76
PlayerID: 76561198322193999 Name: _MaKeR_ Character: (POLISE)_MaKeR_ Ping: 70
 with _> "Операция успешно завершена"
22.02.2017 15:16:26: Client has executed command "players"
 with _> "Операция успешно завершена"
22.02.2017 15:16:26: Players:
PlayerID: 76561198272327937 Name: Thug Life Character: Семёныч Ping: 56
PlayerID: 76561198243530780 Name: LuckyMan ^-^csgo-happy.ru Character: LuckyMan ^-^ Ping: 138
PlayerID: 76561198326392297 Name: VorontsEmil Character:  VorontsEmil Ping: 87
PlayerID: 76561198272167056 Name: ¦ Alexandr ¦ Character: Alexandr  Kotov Ping: 76
PlayerID: 76561198322193999 Name: _MaKeR_ Character: (POLISE)_MaKeR_ Ping: 70
 with _> "Операция успешно завершена"
22.02.2017 15:16:26: Client has executed command "players"
 with _> "Операция успешно завершена"
22.02.2017 15:16:26: Players:
PlayerID: 76561198272327937 Name: Thug Life Character: Семёныч Ping: 56
PlayerID: 76561198243530780 Name: LuckyMan ^-^csgo-happy.ru Character: LuckyMan ^-^ Ping: 138
PlayerID: 76561198326392297 Name: VorontsEmil Character:  VorontsEmil Ping: 87
PlayerID: 76561198272167056 Name: ¦ Alexandr ¦ Character: Alexandr  Kotov Ping: 76
PlayerID: 76561198322193999 Name: _MaKeR_ Character: (POLISE)_MaKeR_ Ping: 70
 with _> "Операция успешно завершена"
22.02.2017 15:16:26: Client has executed command "players"
 with _> "Операция успешно завершена"
22.02.2017 15:16:25: Players:
PlayerID: 76561198272327937 Name: Thug Life Character: Семёныч Ping: 56
PlayerID: 76561198243530780 Name: LuckyMan ^-^csgo-happy.ru Character: LuckyMan ^-^ Ping: 136
PlayerID: 76561198326392297 Name: VorontsEmil Character:  VorontsEmil Ping: 89
PlayerID: 76561198272167056 Name: ¦ Alexandr ¦ Character: Alexandr  Kotov Ping: 78
PlayerID: 76561198322193999 Name: _MaKeR_ Character: (POLISE)_MaKeR_ Ping: 72
 with _> "Операция успешно завершена"
22.02.2017 15:16:25: Client has executed command "players"
 with _> "Операция успешно завершена"
22.02.2017 15:16:25: Players:
PlayerID: 76561198272327937 Name: Thug Life Character: Семёныч Ping: 56
PlayerID: 76561198243530780 Name: LuckyMan ^-^csgo-happy.ru Character: LuckyMan ^-^ Ping: 136
PlayerID: 76561198326392297 Name: VorontsEmil Character:  VorontsEmil Ping: 89
PlayerID: 76561198272167056 Name: ¦ Alexandr ¦ Character: Alexandr  Kotov Ping: 78
PlayerID: 76561198322193999 Name: _MaKeR_ Character: (POLISE)_MaKeR_ Ping: 72
 with _> "Операция успешно завершена"
22.02.2017 15:16:25: Client has executed command "players"
 with _> "Операция успешно завершена"
22.02.2017 15:16:25: Players:
PlayerID: 76561198272327937 Name: Thug Life Character: Семёныч Ping: 56
PlayerID: 76561198243530780 Name: LuckyMan ^-^csgo-happy.ru Character: LuckyMan ^-^ Ping: 136
PlayerID: 76561198326392297 Name: VorontsEmil Character:  VorontsEmil Ping: 89
PlayerID: 76561198272167056 Name: ¦ Alexandr ¦ Character: Alexandr  Kotov Ping: 78
PlayerID: 76561198322193999 Name: _MaKeR_ Character: (POLISE)_MaKeR_ Ping: 72
 with _> "Операция успешно завершена"
22.02.2017 15:16:25: Client has executed command "players"
 with _> "Операция успешно завершена"
22.02.2017 15:16:25: Players:
PlayerID: 76561198272327937 Name: Thug Life Character: Семёныч Ping: 56
PlayerID: 76561198243530780 Name: LuckyMan ^-^csgo-happy.ru Character: LuckyMan ^-^ Ping: 138
PlayerID: 76561198326392297 Name: VorontsEmil Character:  VorontsEmil Ping: 89
PlayerID: 76561198272167056 Name: ¦ Alexandr ¦ Character: Alexandr  Kotov Ping: 78
PlayerID: 76561198322193999 Name: _MaKeR_ Character: (POLISE)_MaKeR_ Ping: 72
 with _> "Операция успешно завершена"
22.02.2017 15:16:25: Client has executed command "players"
 with _> "Операция успешно завершена"
22.02.2017 15:16:24: Players:
PlayerID: 76561198272327937 Name: Thug Life Character: Семёныч Ping: 56
PlayerID: 76561198243530780 Name: LuckyMan ^-^csgo-happy.ru Character: LuckyMan ^-^ Ping: 138
PlayerID: 76561198326392297 Name: VorontsEmil Character:  VorontsEmil Ping: 89
PlayerID: 76561198272167056 Name: ¦ Alexandr ¦ Character: Alexandr  Kotov Ping: 78
PlayerID: 76561198322193999 Name: _MaKeR_ Character: (POLISE)_MaKeR_ Ping: 66
 with _> "Операция успешно завершена"
22.02.2017 15:16:24: Client has executed command "players"
 with _> "Операция успешно завершена"
22.02.2017 15:16:24: Players:
PlayerID: 76561198272327937 Name: Thug Life Character: Семёныч Ping: 56
PlayerID: 76561198243530780 Name: LuckyMan ^-^csgo-happy.ru Character: LuckyMan ^-^ Ping: 138
PlayerID: 76561198326392297 Name: VorontsEmil Character:  VorontsEmil Ping: 89
PlayerID: 76561198272167056 Name: ¦ Alexandr ¦ Character: Alexandr  Kotov Ping: 78
PlayerID: 76561198322193999 Name: _MaKeR_ Character: (POLISE)_MaKeR_ Ping: 66
 with _> "Операция успешно завершена"
22.02.2017 15:16:24: Client has executed command "players"
 with _> "Операция успешно завершена"
22.02.2017 15:16:24: PlayerID: 76561198272327937 Name: Thug Life Character: Семёныч Ping: 56
PlayerID: 76561198243530780 Name: LuckyMan ^-^csgo-happy.ru Character: LuckyMan ^-^ Ping: 138
PlayerID: 76561198326392297 Name: VorontsEmil Character:  VorontsEmil Ping: 89
PlayerID: 76561198272167056 Name: ¦ Alexandr ¦ Character: Alexandr  Kotov Ping: 78
PlayerID: 76561198322193999 Name: _MaKeR_ Character: (POLISE)_MaKeR_ Ping: 66
 with _> "Операция успешно завершена"
22.02.2017 15:16:24: Players:
 with _> "Операция успешно завершена"
22.02.2017 15:16:24: Client has executed command "players"
 with _> "Операция успешно завершена"
22.02.2017 15:16:24: Players:
PlayerID: 76561198272327937 Name: Thug Life Character: Семёныч Ping: 56
PlayerID: 76561198243530780 Name: LuckyMan ^-^csgo-happy.ru Character: LuckyMan ^-^ Ping: 138
PlayerID: 76561198326392297 Name: VorontsEmil Character:  VorontsEmil Ping: 89
PlayerID: 76561198272167056 Name: ¦ Alexandr ¦ Character: Alexandr  Kotov Ping: 78
PlayerID: 76561198322193999 Name: _MaKeR_ Character: (POLISE)_MaKeR_ Ping: 66
 with _> "Операция успешно завершена"
22.02.2017 15:16:24: Client has executed command "players"
 with _> "Операция успешно завершена"
22.02.2017 15:16:23: Players:
PlayerID: 76561198272327937 Name: Thug Life Character: Семёныч Ping: 72
PlayerID: 76561198243530780 Name: LuckyMan ^-^csgo-happy.ru Character: LuckyMan ^-^ Ping: 144
PlayerID: 76561198326392297 Name: VorontsEmil Character:  VorontsEmil Ping: 82
PlayerID: 76561198272167056 Name: ¦ Alexandr ¦ Character: Alexandr  Kotov Ping: 80
PlayerID: 76561198322193999 Name: _MaKeR_ Character: (POLISE)_MaKeR_ Ping: 68
 with _> "Операция успешно завершена"
22.02.2017 15:16:23: Client has executed command "players"
 with _> "Операция успешно завершена"
22.02.2017 15:16:23: Players:
PlayerID: 76561198272327937 Name: Thug Life Character: Семёныч Ping: 72
PlayerID: 76561198243530780 Name: LuckyMan ^-^csgo-happy.ru Character: LuckyMan ^-^ Ping: 144
PlayerID: 76561198326392297 Name: VorontsEmil Character:  VorontsEmil Ping: 82
PlayerID: 76561198272167056 Name: ¦ Alexandr ¦ Character: Alexandr  Kotov Ping: 80
PlayerID: 76561198322193999 Name: _MaKeR_ Character: (POLISE)_MaKeR_ Ping: 68
 with _> "Операция успешно завершена"
22.02.2017 15:16:23: Client has executed command "players"
 with _> "Операция успешно завершена"
22.02.2017 15:16:23: Players:
PlayerID: 76561198272327937 Name: Thug Life Character: Семёныч Ping: 72
PlayerID: 76561198243530780 Name: LuckyMan ^-^csgo-happy.ru Character: LuckyMan ^-^ Ping: 144
PlayerID: 76561198326392297 Name: VorontsEmil Character:  VorontsEmil Ping: 82
PlayerID: 76561198272167056 Name: ¦ Alexandr ¦ Character: Alexandr  Kotov Ping: 80
PlayerID: 76561198322193999 Name: _MaKeR_ Character: (POLISE)_MaKeR_ Ping: 68
 with _> "Операция успешно завершена"
22.02.2017 15:16:23: Client has executed command "players"
 with _> "Операция успешно завершена"
22.02.2017 15:16:23: Players:
PlayerID: 76561198272327937 Name: Thug Life Character: Семёныч Ping: 72
PlayerID: 76561198243530780 Name: LuckyMan ^-^csgo-happy.ru Character: LuckyMan ^-^ Ping: 144
PlayerID: 76561198326392297 Name: VorontsEmil Character:  VorontsEmil Ping: 82
PlayerID: 76561198272167056 Name: ¦ Alexandr ¦ Character: Alexandr  Kotov Ping: 80
PlayerID: 76561198322193999 Name: _MaKeR_ Character: (POLISE)_MaKeR_ Ping: 68
 with _> "Операция успешно завершена"
22.02.2017 15:16:23: Client has executed command "players"
 with _> "Операция успешно завершена"
22.02.2017 15:16:22: Players:
PlayerID: 76561198272327937 Name: Thug Life Character: Семёныч Ping: 70
PlayerID: 76561198243530780 Name: LuckyMan ^-^csgo-happy.ru Character: LuckyMan ^-^ Ping: 144
PlayerID: 76561198326392297 Name: VorontsEmil Character:  VorontsEmil Ping: 72
PlayerID: 76561198272167056 Name: ¦ Alexandr ¦ Character: Alexandr  Kotov Ping: 78
PlayerID: 76561198322193999 Name: _MaKeR_ Character: (POLISE)_MaKeR_ Ping: 72
 with _> "Операция успешно завершена"
22.02.2017 15:16:22: Client has executed command "players"
 with _> "Операция успешно завершена"
22.02.2017 15:16:22: Players:
PlayerID: 76561198272327937 Name: Thug Life Character: Семёныч Ping: 70
PlayerID: 76561198243530780 Name: LuckyMan ^-^csgo-happy.ru Character: LuckyMan ^-^ Ping: 144
PlayerID: 76561198326392297 Name: VorontsEmil Character:  VorontsEmil Ping: 72
PlayerID: 76561198272167056 Name: ¦ Alexandr ¦ Character: Alexandr  Kotov Ping: 78
PlayerID: 76561198322193999 Name: _MaKeR_ Character: (POLISE)_MaKeR_ Ping: 72
 with _> "Операция успешно завершена"
22.02.2017 15:16:22: Client has executed command "players"
 with _> "Операция успешно завершена"
22.02.2017 15:16:22: Players:
PlayerID: 76561198272327937 Name: Thug Life Character: Семёныч Ping: 70
PlayerID: 76561198243530780 Name: LuckyMan ^-^csgo-happy.ru Character: LuckyMan ^-^ Ping: 144
PlayerID: 76561198326392297 Name: VorontsEmil Character:  VorontsEmil Ping: 72
PlayerID: 76561198272167056 Name: ¦ Alexandr ¦ Character: Alexandr  Kotov Ping: 78
PlayerID: 76561198322193999 Name: _MaKeR_ Character: (POLISE)_MaKeR_ Ping: 72
 with _> "Операция успешно завершена"
22.02.2017 15:16:22: Client has executed command "players"
 with _> "Операция успешно завершена"
22.02.2017 15:16:22: Players:
PlayerID: 76561198272327937 Name: Thug Life Character: Семёныч Ping: 70
PlayerID: 76561198243530780 Name: LuckyMan ^-^csgo-happy.ru Character: LuckyMan ^-^ Ping: 144
PlayerID: 76561198326392297 Name: VorontsEmil Character:  VorontsEmil Ping: 72
PlayerID: 76561198272167056 Name: ¦ Alexandr ¦ Character: Alexandr  Kotov Ping: 78
PlayerID: 76561198322193999 Name: _MaKeR_ Character: (POLISE)_MaKeR_ Ping: 72
 with _> "Операция успешно завершена"
22.02.2017 15:16:22: Client has executed command "players"
 with _> "Операция успешно завершена"
22.02.2017 15:16:22: Players:
PlayerID: 76561198272327937 Name: Thug Life Character: Семёныч Ping: 70
PlayerID: 76561198243530780 Name: LuckyMan ^-^csgo-happy.ru Character: LuckyMan ^-^ Ping: 140
PlayerID: 76561198326392297 Name: VorontsEmil Character:  VorontsEmil Ping: 72
PlayerID: 76561198272167056 Name: ¦ Alexandr ¦ Character: Alexandr  Kotov Ping: 78
PlayerID: 76561198322193999 Name: _MaKeR_ Character: (POLISE)_MaKeR_ Ping: 72
 with _> "Операция успешно завершена"
22.02.2017 15:16:22: Client has executed command "players"
 with _> "Операция успешно завершена"
22.02.2017 15:16:21: Players:
PlayerID: 76561198272327937 Name: Thug Life Character: Семёныч Ping: 72
PlayerID: 76561198243530780 Name: LuckyMan ^-^csgo-happy.ru Character: LuckyMan ^-^ Ping: 140
PlayerID: 76561198326392297 Name: VorontsEmil Character:  VorontsEmil Ping: 117
PlayerID: 76561198272167056 Name: ¦ Alexandr ¦ Character: Alexandr  Kotov Ping: 80
PlayerID: 76561198322193999 Name: _MaKeR_ Character: (POLISE)_MaKeR_ Ping: 66
 with _> "Операция успешно завершена"
22.02.2017 15:16:21: Client has executed command "players"
 with _> "Операция успешно завершена"
22.02.2017 15:16:21: Players:
PlayerID: 76561198272327937 Name: Thug Life Character: Семёныч Ping: 72
PlayerID: 76561198243530780 Name: LuckyMan ^-^csgo-happy.ru Character: LuckyMan ^-^ Ping: 140
PlayerID: 76561198326392297 Name: VorontsEmil Character:  VorontsEmil Ping: 117
PlayerID: 76561198272167056 Name: ¦ Alexandr ¦ Character: Alexandr  Kotov Ping: 80
PlayerID: 76561198322193999 Name: _MaKeR_ Character: (POLISE)_MaKeR_ Ping: 66
 with _> "Операция успешно завершена"
22.02.2017 15:16:21: Client has executed command "players"
 with _> "Операция успешно завершена"
22.02.2017 15:16:21: Players:
PlayerID: 76561198272327937 Name: Thug Life Character: Семёныч Ping: 72
PlayerID: 76561198243530780 Name: LuckyMan ^-^csgo-happy.ru Character: LuckyMan ^-^ Ping: 140
PlayerID: 76561198326392297 Name: VorontsEmil Character:  VorontsEmil Ping: 117
PlayerID: 76561198272167056 Name: ¦ Alexandr ¦ Character: Alexandr  Kotov Ping: 80
PlayerID: 76561198322193999 Name: _MaKeR_ Character: (POLISE)_MaKeR_ Ping: 66
 with _> "Операция успешно завершена"
22.02.2017 15:16:21: Client has executed command "players"
 with _> "Операция успешно завершена"
22.02.2017 15:16:21: Players:
PlayerID: 76561198272327937 Name: Thug Life Character: Семёныч Ping: 72
PlayerID: 76561198243530780 Name: LuckyMan ^-^csgo-happy.ru Character: LuckyMan ^-^ Ping: 126
PlayerID: 76561198326392297 Name: VorontsEmil Character:  VorontsEmil Ping: 117
PlayerID: 76561198272167056 Name: ¦ Alexandr ¦ Character: Alexandr  Kotov Ping: 80
PlayerID: 76561198322193999 Name: _MaKeR_ Character: (POLISE)_MaKeR_ Ping: 66
 with _> "Операция успешно завершена"
22.02.2017 15:16:21: Client has executed command "players"
 with _> "Операция успешно завершена"
22.02.2017 15:16:20: Players:
PlayerID: 76561198272327937 Name: Thug Life Character: Семёныч Ping: 76
PlayerID: 76561198243530780 Name: LuckyMan ^-^csgo-happy.ru Character: LuckyMan ^-^ Ping: 126
PlayerID: 76561198326392297 Name: VorontsEmil Character:  VorontsEmil Ping: 121
PlayerID: 76561198272167056 Name: ¦ Alexandr ¦ Character: Alexandr  Kotov Ping: 78
PlayerID: 76561198322193999 Name: _MaKeR_ Character: (POLISE)_MaKeR_ Ping: 70
 with _> "Операция успешно завершена"
22.02.2017 15:16:20: Client has executed command "players"
 with _> "Операция успешно завершена"
22.02.2017 15:16:20: Players:
PlayerID: 76561198272327937 Name: Thug Life Character: Семёныч Ping: 76
PlayerID: 76561198243530780 Name: LuckyMan ^-^csgo-happy.ru Character: LuckyMan ^-^ Ping: 126
PlayerID: 76561198326392297 Name: VorontsEmil Character:  VorontsEmil Ping: 121
PlayerID: 76561198272167056 Name: ¦ Alexandr ¦ Character: Alexandr  Kotov Ping: 78
PlayerID: 76561198322193999 Name: _MaKeR_ Character: (POLISE)_MaKeR_ Ping: 70
 with _> "Операция успешно завершена"
22.02.2017 15:16:20: Client has executed command "players"
 with _> "Операция успешно завершена"
22.02.2017 15:16:20: Players:
PlayerID: 76561198272327937 Name: Thug Life Character: Семёныч Ping: 76
PlayerID: 76561198243530780 Name: LuckyMan ^-^csgo-happy.ru Character: LuckyMan ^-^ Ping: 126
PlayerID: 76561198326392297 Name: VorontsEmil Character:  VorontsEmil Ping: 121
PlayerID: 76561198272167056 Name: ¦ Alexandr ¦ Character: Alexandr  Kotov Ping: 78
PlayerID: 76561198322193999 Name: _MaKeR_ Character: (POLISE)_MaKeR_ Ping: 70
 with _> "Операция успешно завершена"
22.02.2017 15:16:20: Client has executed command "players"
 with _> "Операция успешно завершена"
22.02.2017 15:16:20: Players:
PlayerID: 76561198272327937 Name: Thug Life Character: Семёныч Ping: 76
PlayerID: 76561198243530780 Name: LuckyMan ^-^csgo-happy.ru Character: LuckyMan ^-^ Ping: 126
PlayerID: 76561198326392297 Name: VorontsEmil Character:  VorontsEmil Ping: 121
PlayerID: 76561198272167056 Name: ¦ Alexandr ¦ Character: Alexandr  Kotov Ping: 78
PlayerID: 76561198322193999 Name: _MaKeR_ Character: (POLISE)_MaKeR_ Ping: 70
 with _> "Операция успешно завершена"
22.02.2017 15:16:20: Client has executed command "players"
 with _> "Операция успешно завершена"
22.02.2017 15:16:19: Players:
PlayerID: 76561198272327937 Name: Thug Life Character: Семёныч Ping: 68
PlayerID: 76561198243530780 Name: LuckyMan ^-^csgo-happy.ru Character: LuckyMan ^-^ Ping: 136
PlayerID: 76561198326392297 Name: VorontsEmil Character:  VorontsEmil Ping: 119
PlayerID: 76561198272167056 Name: ¦ Alexandr ¦ Character: Alexandr  Kotov Ping: 76
PlayerID: 76561198322193999 Name: _MaKeR_ Character: (POLISE)_MaKeR_ Ping: 68
 with _> "Операция успешно завершена"
22.02.2017 15:16:19: Client has executed command "players"
 with _> "Операция успешно завершена"
22.02.2017 15:16:19: Players:
PlayerID: 76561198272327937 Name: Thug Life Character: Семёныч Ping: 68
PlayerID: 76561198243530780 Name: LuckyMan ^-^csgo-happy.ru Character: LuckyMan ^-^ Ping: 136
PlayerID: 76561198326392297 Name: VorontsEmil Character:  VorontsEmil Ping: 119
PlayerID: 76561198272167056 Name: ¦ Alexandr ¦ Character: Alexandr  Kotov Ping: 76
PlayerID: 76561198322193999 Name: _MaKeR_ Character: (POLISE)_MaKeR_ Ping: 68
 with _> "Операция успешно завершена"
22.02.2017 15:16:19: Client has executed command "players"
 with _> "Операция успешно завершена"
22.02.2017 15:16:19: Players:
PlayerID: 76561198272327937 Name: Thug Life Character: Семёныч Ping: 68
PlayerID: 76561198243530780 Name: LuckyMan ^-^csgo-happy.ru Character: LuckyMan ^-^ Ping: 136
PlayerID: 76561198326392297 Name: VorontsEmil Character:  VorontsEmil Ping: 119
PlayerID: 76561198272167056 Name: ¦ Alexandr ¦ Character: Alexandr  Kotov Ping: 76
PlayerID: 76561198322193999 Name: _MaKeR_ Character: (POLISE)_MaKeR_ Ping: 68
 with _> "Операция успешно завершена"
22.02.2017 15:16:19: Client has executed command "players"
 with _> "Операция успешно завершена"
22.02.2017 15:16:19: Players:
PlayerID: 76561198272327937 Name: Thug Life Character: Семёныч Ping: 68
PlayerID: 76561198243530780 Name: LuckyMan ^-^csgo-happy.ru Character: LuckyMan ^-^ Ping: 136
PlayerID: 76561198326392297 Name: VorontsEmil Character:  VorontsEmil Ping: 119
PlayerID: 76561198272167056 Name: ¦ Alexandr ¦ Character: Alexandr  Kotov Ping: 76
PlayerID: 76561198322193999 Name: _MaKeR_ Character: (POLISE)_MaKeR_ Ping: 68
 with _> "Операция успешно завершена"
22.02.2017 15:16:19: Client has executed command "players"
 with _> "Операция успешно завершена"
22.02.2017 15:16:19: Players:
PlayerID: 76561198272327937 Name: Thug Life Character: Семёныч Ping: 68
PlayerID: 76561198243530780 Name: LuckyMan ^-^csgo-happy.ru Character: LuckyMan ^-^ Ping: 148
PlayerID: 76561198326392297 Name: VorontsEmil Character:  VorontsEmil Ping: 119
PlayerID: 76561198272167056 Name: ¦ Alexandr ¦ Character: Alexandr  Kotov Ping: 76
PlayerID: 76561198322193999 Name: _MaKeR_ Character: (POLISE)_MaKeR_ Ping: 68
 with _> "Операция успешно завершена"
22.02.2017 15:16:18: Client has executed command "players"
 with _> "Операция успешно завершена"
22.02.2017 15:16:18: Players:
PlayerID: 76561198272327937 Name: Thug Life Character: Семёныч Ping: 64
PlayerID: 76561198243530780 Name: LuckyMan ^-^csgo-happy.ru Character: LuckyMan ^-^ Ping: 148
PlayerID: 76561198326392297 Name: VorontsEmil Character:  VorontsEmil Ping: 130
PlayerID: 76561198272167056 Name: ¦ Alexandr ¦ Character: Alexandr  Kotov Ping: 80
PlayerID: 76561198322193999 Name: _MaKeR_ Character: (POLISE)_MaKeR_ Ping: 72
 with _> "Операция успешно завершена"
22.02.2017 15:16:18: Client has executed command "players"
 with _> "Операция успешно завершена"
22.02.2017 15:16:18: Players:
PlayerID: 76561198272327937 Name: Thug Life Character: Семёныч Ping: 64
PlayerID: 76561198243530780 Name: LuckyMan ^-^csgo-happy.ru Character: LuckyMan ^-^ Ping: 148
PlayerID: 76561198326392297 Name: VorontsEmil Character:  VorontsEmil Ping: 130
PlayerID: 76561198272167056 Name: ¦ Alexandr ¦ Character: Alexandr  Kotov Ping: 80
PlayerID: 76561198322193999 Name: _MaKeR_ Character: (POLISE)_MaKeR_ Ping: 72
 with _> "Операция успешно завершена"
22.02.2017 15:16:18: Client has executed command "players"
 with _> "Операция успешно завершена"
22.02.2017 15:16:18: Players:
PlayerID: 76561198272327937 Name: Thug Life Character: Семёныч Ping: 64
PlayerID: 76561198243530780 Name: LuckyMan ^-^csgo-happy.ru Character: LuckyMan ^-^ Ping: 148
PlayerID: 76561198326392297 Name: VorontsEmil Character:  VorontsEmil Ping: 130
PlayerID: 76561198272167056 Name: ¦ Alexandr ¦ Character: Alexandr  Kotov Ping: 80
PlayerID: 76561198322193999 Name: _MaKeR_ Character: (POLISE)_MaKeR_ Ping: 72
 with _> "Операция успешно завершена"
22.02.2017 15:16:18: Client has executed command "players"
 with _> "Операция успешно завершена"
22.02.2017 15:16:18: Players:
PlayerID: 76561198272327937 Name: Thug Life Character: Семёныч Ping: 64
PlayerID: 76561198243530780 Name: LuckyMan ^-^csgo-happy.ru Character: LuckyMan ^-^ Ping: 148
PlayerID: 76561198326392297 Name: VorontsEmil Character:  VorontsEmil Ping: 85
PlayerID: 76561198272167056 Name: ¦ Alexandr ¦ Character: Alexandr  Kotov Ping: 80
PlayerID: 76561198322193999 Name: _MaKeR_ Character: (POLISE)_MaKeR_ Ping: 72
 with _> "Операция успешно завершена"
22.02.2017 15:16:18: Client has executed command "players"
 with _> "Операция успешно завершена"
22.02.2017 15:16:17: Players:
PlayerID: 76561198272327937 Name: Thug Life Character: Семёныч Ping: 64
PlayerID: 76561198243530780 Name: LuckyMan ^-^csgo-happy.ru Character: LuckyMan ^-^ Ping: 144
PlayerID: 76561198326392297 Name: VorontsEmil Character:  VorontsEmil Ping: 85
PlayerID: 76561198272167056 Name: ¦ Alexandr ¦ Character: Alexandr  Kotov Ping: 80
PlayerID: 76561198322193999 Name: _MaKeR_ Character: (POLISE)_MaKeR_ Ping: 72
 with _> "Операция успешно завершена"
22.02.2017 15:16:17: Client has executed command "players"
 with _> "Операция успешно завершена"
22.02.2017 15:16:17: Players:
PlayerID: 76561198272327937 Name: Thug Life Character: Семёныч Ping: 64
PlayerID: 76561198243530780 Name: LuckyMan ^-^csgo-happy.ru Character: LuckyMan ^-^ Ping: 144
PlayerID: 76561198326392297 Name: VorontsEmil Character:  VorontsEmil Ping: 85
PlayerID: 76561198272167056 Name: ¦ Alexandr ¦ Character: Alexandr  Kotov Ping: 80
PlayerID: 76561198322193999 Name: _MaKeR_ Character: (POLISE)_MaKeR_ Ping: 72
 with _> "Операция успешно завершена"
22.02.2017 15:16:17: Client has executed command "players"
 with _> "Операция успешно завершена"
22.02.2017 15:16:17: Players:
PlayerID: 76561198272327937 Name: Thug Life Character: Семёныч Ping: 64
PlayerID: 76561198243530780 Name: LuckyMan ^-^csgo-happy.ru Character: LuckyMan ^-^ Ping: 144
PlayerID: 76561198326392297 Name: VorontsEmil Character:  VorontsEmil Ping: 85
PlayerID: 76561198272167056 Name: ¦ Alexandr ¦ Character: Alexandr  Kotov Ping: 80
PlayerID: 76561198322193999 Name: _MaKeR_ Character: (POLISE)_MaKeR_ Ping: 72
 with _> "Операция успешно завершена"
22.02.2017 15:16:17: Client has executed command "players"
 with _> "Операция успешно завершена"
22.02.2017 15:16:17: Players:
PlayerID: 76561198272327937 Name: Thug Life Character: Семёныч Ping: 64
PlayerID: 76561198243530780 Name: LuckyMan ^-^csgo-happy.ru Character: LuckyMan ^-^ Ping: 144
PlayerID: 76561198326392297 Name: VorontsEmil Character:  VorontsEmil Ping: 85
PlayerID: 76561198272167056 Name: ¦ Alexandr ¦ Character: Alexandr  Kotov Ping: 80
PlayerID: 76561198322193999 Name: _MaKeR_ Character: (POLISE)_MaKeR_ Ping: 72
 with _> "Операция успешно завершена"
22.02.2017 15:16:17: Client has executed command "players"
 with _> "Операция успешно завершена"
22.02.2017 15:16:16: Players:
PlayerID: 76561198272327937 Name: Thug Life Character: Семёныч Ping: 64
PlayerID: 76561198243530780 Name: LuckyMan ^-^csgo-happy.ru Character: LuckyMan ^-^ Ping: 158
PlayerID: 76561198326392297 Name: VorontsEmil Character:  VorontsEmil Ping: 85
PlayerID: 76561198272167056 Name: ¦ Alexandr ¦ Character: Alexandr  Kotov Ping: 80
PlayerID: 76561198322193999 Name: _MaKeR_ Character: (POLISE)_MaKeR_ Ping: 72
 with _> "Операция успешно завершена"
22.02.2017 15:16:16: Client has executed command "players"
 with _> "Операция успешно завершена"
22.02.2017 15:16:16: Players:
PlayerID: 76561198272327937 Name: Thug Life Character: Семёныч Ping: 56
PlayerID: 76561198243530780 Name: LuckyMan ^-^csgo-happy.ru Character: LuckyMan ^-^ Ping: 158
PlayerID: 76561198326392297 Name: VorontsEmil Character:  VorontsEmil Ping: 87
PlayerID: 76561198272167056 Name: ¦ Alexandr ¦ Character: Alexandr  Kotov Ping: 82
PlayerID: 76561198322193999 Name: _MaKeR_ Character: (POLISE)_MaKeR_ Ping: 74
 with _> "Операция успешно завершена"
22.02.2017 15:16:16: Client has executed command "players"
 with _> "Операция успешно завершена"
22.02.2017 15:16:16: Players:
PlayerID: 76561198272327937 Name: Thug Life Character: Семёныч Ping: 56
PlayerID: 76561198243530780 Name: LuckyMan ^-^csgo-happy.ru Character: LuckyMan ^-^ Ping: 158
PlayerID: 76561198326392297 Name: VorontsEmil Character:  VorontsEmil Ping: 87
PlayerID: 76561198272167056 Name: ¦ Alexandr ¦ Character: Alexandr  Kotov Ping: 82
PlayerID: 76561198322193999 Name: _MaKeR_ Character: (POLISE)_MaKeR_ Ping: 74
 with _> "Операция успешно завершена"
22.02.2017 15:16:16: Client has executed command "players"
 with _> "Операция успешно завершена"
22.02.2017 15:16:16: Players:
PlayerID: 76561198272327937 Name: Thug Life Character: Семёныч Ping: 56
PlayerID: 76561198243530780 Name: LuckyMan ^-^csgo-happy.ru Character: LuckyMan ^-^ Ping: 158
PlayerID: 76561198326392297 Name: VorontsEmil Character:  VorontsEmil Ping: 87
PlayerID: 76561198272167056 Name: ¦ Alexandr ¦ Character: Alexandr  Kotov Ping: 82
PlayerID: 76561198322193999 Name: _MaKeR_ Character: (POLISE)_MaKeR_ Ping: 74
 with _> "Операция успешно завершена"
22.02.2017 15:16:16: Client has executed command "players"
 with _> "Операция успешно завершена"
22.02.2017 15:16:15: Players:
PlayerID: 76561198272327937 Name: Thug Life Character: Семёныч Ping: 50
PlayerID: 76561198243530780 Name: LuckyMan ^-^csgo-happy.ru Character: LuckyMan ^-^ Ping: 140
PlayerID: 76561198326392297 Name: VorontsEmil Character:  VorontsEmil Ping: 89
PlayerID: 76561198272167056 Name: ¦ Alexandr ¦ Character: Alexandr  Kotov Ping: 83
PlayerID: 76561198322193999 Name: _MaKeR_ Character: (POLISE)_MaKeR_ Ping: 68
 with _> "Операция успешно завершена"
22.02.2017 15:16:15: Client has executed command "players"
 with _> "Операция успешно завершена"
22.02.2017 15:16:15: Players:
PlayerID: 76561198272327937 Name: Thug Life Character: Семёныч Ping: 50
PlayerID: 76561198243530780 Name: LuckyMan ^-^csgo-happy.ru Character: LuckyMan ^-^ Ping: 140
PlayerID: 76561198326392297 Name: VorontsEmil Character:  VorontsEmil Ping: 89
PlayerID: 76561198272167056 Name: ¦ Alexandr ¦ Character: Alexandr  Kotov Ping: 83
PlayerID: 76561198322193999 Name: _MaKeR_ Character: (POLISE)_MaKeR_ Ping: 68
 with _> "Операция успешно завершена"
22.02.2017 15:16:15: Client has executed command "players"
 with _> "Операция успешно завершена"
22.02.2017 15:16:15: Client has executed command "players"
Players:
PlayerID: 76561198272327937 Name: Thug Life Character: Семёныч Ping: 50
PlayerID: 76561198243530780 Name: LuckyMan ^-^csgo-happy.ru Character: LuckyMan ^-^ Ping: 140
PlayerID: 76561198326392297 Name: VorontsEmil Character:  VorontsEmil Ping: 89
PlayerID: 76561198272167056 Name: ¦ Alexandr ¦ Character: Alexandr  Kotov Ping: 83
PlayerID: 76561198322193999 Name: _MaKeR_ Character: (POLISE)_MaKeR_ Ping: 68
 with _> "Операция успешно завершена"
22.02.2017 15:16:15: Players:
PlayerID: 76561198272327937 Name: Thug Life Character: Семёныч Ping: 50
PlayerID: 76561198243530780 Name: LuckyMan ^-^csgo-happy.ru Character: LuckyMan ^-^ Ping: 140
PlayerID: 76561198326392297 Name: VorontsEmil Character:  VorontsEmil Ping: 89
PlayerID: 76561198272167056 Name: ¦ Alexandr ¦ Character: Alexandr  Kotov Ping: 83
PlayerID: 76561198322193999 Name: _MaKeR_ Character: (POLISE)_MaKeR_ Ping: 68
 with _> "Операция успешно завершена"
22.02.2017 15:16:15: Client has executed command "players"
 with _> "Операция успешно завершена"
22.02.2017 15:16:14: Players:
PlayerID: 76561198272327937 Name: Thug Life Character: Семёныч Ping: 50
PlayerID: 76561198243530780 Name: LuckyMan ^-^csgo-happy.ru Character: LuckyMan ^-^ Ping: 130
PlayerID: 76561198326392297 Name: VorontsEmil Character:  VorontsEmil Ping: 80
PlayerID: 76561198272167056 Name: ¦ Alexandr ¦ Character: Alexandr  Kotov Ping: 78
PlayerID: 76561198322193999 Name: _MaKeR_ Character: (POLISE)_MaKeR_ Ping: 58
 with _> "Операция успешно завершена"
22.02.2017 15:16:14: Client has executed command "players"
 with _> "Операция успешно завершена"
22.02.2017 15:16:14: Players:
PlayerID: 76561198272327937 Name: Thug Life Character: Семёныч Ping: 48
PlayerID: 76561198243530780 Name: LuckyMan ^-^csgo-happy.ru Character: LuckyMan ^-^ Ping: 130
PlayerID: 76561198326392297 Name: VorontsEmil Character:  VorontsEmil Ping: 80
PlayerID: 76561198272167056 Name: ¦ Alexandr ¦ Character: Alexandr  Kotov Ping: 78
PlayerID: 76561198322193999 Name: _MaKeR_ Character: (POLISE)_MaKeR_ Ping: 58
 with _> "Операция успешно завершена"
22.02.2017 15:16:14: Client has executed command "players"
 with _> "Операция успешно завершена"
22.02.2017 15:16:14: Players:
PlayerID: 76561198272327937 Name: Thug Life Character: Семёныч Ping: 48
PlayerID: 76561198243530780 Name: LuckyMan ^-^csgo-happy.ru Character: LuckyMan ^-^ Ping: 130
PlayerID: 76561198326392297 Name: VorontsEmil Character:  VorontsEmil Ping: 80
PlayerID: 76561198272167056 Name: ¦ Alexandr ¦ Character: Alexandr  Kotov Ping: 78
PlayerID: 76561198322193999 Name: _MaKeR_ Character: (POLISE)_MaKeR_ Ping: 58
 with _> "Операция успешно завершена"
22.02.2017 15:16:14: Client has executed command "players"
 with _> "Операция успешно завершена"
22.02.2017 15:16:14: Players:
PlayerID: 76561198272327937 Name: Thug Life Character: Семёныч Ping: 48
PlayerID: 76561198243530780 Name: LuckyMan ^-^csgo-happy.ru Character: LuckyMan ^-^ Ping: 130
PlayerID: 76561198326392297 Name: VorontsEmil Character:  VorontsEmil Ping: 80
PlayerID: 76561198272167056 Name: ¦ Alexandr ¦ Character: Alexandr  Kotov Ping: 78
PlayerID: 76561198322193999 Name: _MaKeR_ Character: (POLISE)_MaKeR_ Ping: 58
 with _> "Операция успешно завершена"
22.02.2017 15:16:14: Client has executed command "players"
 with _> "Операция успешно завершена"
22.02.2017 15:16:13: Players:
PlayerID: 76561198272327937 Name: Thug Life Character: Семёныч Ping: 48
PlayerID: 76561198243530780 Name: LuckyMan ^-^csgo-happy.ru Character: LuckyMan ^-^ Ping: 136
PlayerID: 76561198326392297 Name: VorontsEmil Character:  VorontsEmil Ping: 80
PlayerID: 76561198272167056 Name: ¦ Alexandr ¦ Character: Alexandr  Kotov Ping: 78
PlayerID: 76561198322193999 Name: _MaKeR_ Character: (POLISE)_MaKeR_ Ping: 58
 with _> "Операция успешно завершена"
22.02.2017 15:16:13: Client has executed command "players"
 with _> "Операция успешно завершена"
22.02.2017 15:16:13: Players:
PlayerID: 76561198272327937 Name: Thug Life Character: Семёныч Ping: 48
PlayerID: 76561198243530780 Name: LuckyMan ^-^csgo-happy.ru Character: LuckyMan ^-^ Ping: 136
PlayerID: 76561198326392297 Name: VorontsEmil Character:  VorontsEmil Ping: 83
PlayerID: 76561198272167056 Name: ¦ Alexandr ¦ Character: Alexandr  Kotov Ping: 76
PlayerID: 76561198322193999 Name: _MaKeR_ Character: (POLISE)_MaKeR_ Ping: 58
 with _> "Операция успешно завершена"
22.02.2017 15:16:13: Client has executed command "players"
 with _> "Операция успешно завершена"
22.02.2017 15:16:13: Disconnecting: PlayerID: 76561198342981110 Name: Vvp112 Character: Vvp112
 with _> "Операция успешно завершена"
22.02.2017 15:16:13: Players:
PlayerID: 76561198272327937 Name: Thug Life Character: Семёныч Ping: 48
PlayerID: 76561198243530780 Name: LuckyMan ^-^csgo-happy.ru Character: LuckyMan ^-^ Ping: 136
PlayerID: 76561198326392297 Name: VorontsEmil Character:  VorontsEmil Ping: 83
PlayerID: 76561198272167056 Name: ¦ Alexandr ¦ Character: Alexandr  Kotov Ping: 76
PlayerID: 76561198322193999 Name: _MaKeR_ Character: (POLISE)_MaKeR_ Ping: 58
PlayerID: 76561198342981110 Name: Vvp112 Character: Vvp112 Ping: 80
 with _> "Операция успешно завершена"
22.02.2017 15:16:13: Client has executed command "players"
 with _> "Операция успешно завершена"
22.02.2017 15:16:13: Client has executed command "players"
Players:
PlayerID: 76561198272327937 Name: Thug Life Character: Семёныч Ping: 48
PlayerID: 76561198243530780 Name: LuckyMan ^-^csgo-happy.ru Character: LuckyMan ^-^ Ping: 136
PlayerID: 76561198326392297 Name: VorontsEmil Character:  VorontsEmil Ping: 83
PlayerID: 76561198272167056 Name: ¦ Alexandr ¦ Character: Alexandr  Kotov Ping: 76
PlayerID: 76561198322193999 Name: _MaKeR_ Character: (POLISE)_MaKeR_ Ping: 58
PlayerID: 76561198342981110 Name: Vvp112 Character: Vvp112 Ping: 80
 with _> "Операция успешно завершена"
22.02.2017 15:16:13: PlayerID: 76561198342981110 Name: Vvp112 Character: Vvp112 Ping: 80
 with _> "Операция успешно завершена"
22.02.2017 15:16:12: Players:
PlayerID: 76561198272327937 Name: Thug Life Character: Семёныч Ping: 48
PlayerID: 76561198243530780 Name: LuckyMan ^-^csgo-happy.ru Character: LuckyMan ^-^ Ping: 125
PlayerID: 76561198326392297 Name: VorontsEmil Character:  VorontsEmil Ping: 78
PlayerID: 76561198272167056 Name: ¦ Alexandr ¦ Character: Alexandr  Kotov Ping: 78
PlayerID: 76561198322193999 Name: _MaKeR_ Character: (POLISE)_MaKeR_ Ping: 52
 with _> "Операция успешно завершена"
22.02.2017 15:16:12: Client has executed command "players"
 with _> "Операция успешно завершена"
22.02.2017 15:16:12: Players:
PlayerID: 76561198272327937 Name: Thug Life Character: Семёныч Ping: 52
PlayerID: 76561198243530780 Name: LuckyMan ^-^csgo-happy.ru Character: LuckyMan ^-^ Ping: 125
PlayerID: 76561198326392297 Name: VorontsEmil Character:  VorontsEmil Ping: 78
PlayerID: 76561198272167056 Name: ¦ Alexandr ¦ Character: Alexandr  Kotov Ping: 78
PlayerID: 76561198322193999 Name: _MaKeR_ Character: (POLISE)_MaKeR_ Ping: 52
PlayerID: 76561198342981110 Name: Vvp112 Character: Vvp112 Ping: 80
 with _> "Операция успешно завершена"
22.02.2017 15:16:12: Client has executed command "players"
 with _> "Операция успешно завершена"
22.02.2017 15:16:12: Players:
PlayerID: 76561198272327937 Name: Thug Life Character: Семёныч Ping: 52
PlayerID: 76561198243530780 Name: LuckyMan ^-^csgo-happy.ru Character: LuckyMan ^-^ Ping: 125
PlayerID: 76561198326392297 Name: VorontsEmil Character:  VorontsEmil Ping: 78
PlayerID: 76561198272167056 Name: ¦ Alexandr ¦ Character: Alexandr  Kotov Ping: 78
PlayerID: 76561198322193999 Name: _MaKeR_ Character: (POLISE)_MaKeR_ Ping: 52
PlayerID: 76561198342981110 Name: Vvp112 Character: Vvp112 Ping: 80
 with _> "Операция успешно завершена"
22.02.2017 15:16:12: Client has executed command "players"
 with _> "Операция успешно завершена"
22.02.2017 15:16:11: Players:
PlayerID: 76561198272327937 Name: Thug Life Character: Семёныч Ping: 50
PlayerID: 76561198243530780 Name: LuckyMan ^-^csgo-happy.ru Character: LuckyMan ^-^ Ping: 132
PlayerID: 76561198326392297 Name: VorontsEmil Character:  VorontsEmil Ping: 78
PlayerID: 76561198272167056 Name: ¦ Alexandr ¦ Character: Alexandr  Kotov Ping: 78
PlayerID: 76561198322193999 Name: _MaKeR_ Character: (POLISE)_MaKeR_ Ping: 60
PlayerID: 76561198342981110 Name: Vvp112 Character: Vvp112 Ping: 80
 with _> "Операция успешно завершена"
22.02.2017 15:16:11: Client has executed command "players"
 with _> "Операция успешно завершена"
22.02.2017 15:16:11: Players:
PlayerID: 76561198272327937 Name: Thug Life Character: Семёныч Ping: 50
PlayerID: 76561198243530780 Name: LuckyMan ^-^csgo-happy.ru Character: LuckyMan ^-^ Ping: 132
PlayerID: 76561198326392297 Name: VorontsEmil Character:  VorontsEmil Ping: 78
PlayerID: 76561198272167056 Name: ¦ Alexandr ¦ Character: Alexandr  Kotov Ping: 78
PlayerID: 76561198322193999 Name: _MaKeR_ Character: (POLISE)_MaKeR_ Ping: 60
PlayerID: 76561198342981110 Name: Vvp112 Character: Vvp112 Ping: 80
 with _> "Операция успешно завершена"
22.02.2017 15:16:11: Client has executed command "players"
 with _> "Операция успешно завершена"
22.02.2017 15:16:11: Players:
PlayerID: 76561198272327937 Name: Thug Life Character: Семёныч Ping: 50
PlayerID: 76561198243530780 Name: LuckyMan ^-^csgo-happy.ru Character: LuckyMan ^-^ Ping: 132
PlayerID: 76561198326392297 Name: VorontsEmil Character:  VorontsEmil Ping: 78
PlayerID: 76561198272167056 Name: ¦ Alexandr ¦ Character: Alexandr  Kotov Ping: 78
PlayerID: 76561198322193999 Name: _MaKeR_ Character: (POLISE)_MaKeR_ Ping: 60
PlayerID: 76561198342981110 Name: Vvp112 Character: Vvp112 Ping: 80
 with _> "Операция успешно завершена"
22.02.2017 15:16:11: Client has executed command "players"
 with _> "Операция успешно завершена"
22.02.2017 15:16:11: Client has executed command "players"
Players:
PlayerID: 76561198272327937 Name: Thug Life Character: Семёныч Ping: 50
PlayerID: 76561198243530780 Name: LuckyMan ^-^csgo-happy.ru Character: LuckyMan ^-^ Ping: 132
PlayerID: 76561198326392297 Name: VorontsEmil Character:  VorontsEmil Ping: 78
PlayerID: 76561198272167056 Name: ¦ Alexandr ¦ Character: Alexandr  Kotov Ping: 78
PlayerID: 76561198322193999 Name: _MaKeR_ Character: (POLISE)_MaKeR_ Ping: 60
PlayerID: 76561198342981110 Name: Vvp112 Character: Vvp112 Ping: 80
 with _> "Операция успешно завершена"
22.02.2017 15:16:10: PlayerID: 76561198342981110 Name: Vvp112 Character: Vvp112 Ping: 80
 with _> "Операция успешно завершена"
22.02.2017 15:16:10: Players:
PlayerID: 76561198272327937 Name: Thug Life Character: Семёныч Ping: 58
PlayerID: 76561198243530780 Name: LuckyMan ^-^csgo-happy.ru Character: LuckyMan ^-^ Ping: 130
PlayerID: 76561198326392297 Name: VorontsEmil Character:  VorontsEmil Ping: 72
PlayerID: 76561198272167056 Name: ¦ Alexandr ¦ Character: Alexandr  Kotov Ping: 82
PlayerID: 76561198322193999 Name: _MaKeR_ Character: (POLISE)_MaKeR_ Ping: 62
 with _> "Операция успешно завершена"
22.02.2017 15:16:10: Client has executed command "players"
 with _> "Операция успешно завершена"
22.02.2017 15:16:10: Players:
PlayerID: 76561198272327937 Name: Thug Life Character: Семёныч Ping: 58
PlayerID: 76561198243530780 Name: LuckyMan ^-^csgo-happy.ru Character: LuckyMan ^-^ Ping: 130
PlayerID: 76561198326392297 Name: VorontsEmil Character:  VorontsEmil Ping: 72
PlayerID: 76561198272167056 Name: ¦ Alexandr ¦ Character: Alexandr  Kotov Ping: 82
PlayerID: 76561198322193999 Name: _MaKeR_ Character: (POLISE)_MaKeR_ Ping: 62
PlayerID: 76561198342981110 Name: Vvp112 Character: Vvp112 Ping: 80
 with _> "Операция успешно завершена"
22.02.2017 15:16:10: Client has executed command "players"
 with _> "Операция успешно завершена"
22.02.2017 15:16:10: Players:
PlayerID: 76561198272327937 Name: Thug Life Character: Семёныч Ping: 58
PlayerID: 76561198243530780 Name: LuckyMan ^-^csgo-happy.ru Character: LuckyMan ^-^ Ping: 130
PlayerID: 76561198326392297 Name: VorontsEmil Character:  VorontsEmil Ping: 72
PlayerID: 76561198272167056 Name: ¦ Alexandr ¦ Character: Alexandr  Kotov Ping: 82
PlayerID: 76561198322193999 Name: _MaKeR_ Character: (POLISE)_MaKeR_ Ping: 62
PlayerID: 76561198342981110 Name: Vvp112 Character: Vvp112 Ping: 80
 with _> "Операция успешно завершена"
22.02.2017 15:16:10: Client has executed command "players"
 with _> "Операция успешно завершена"
22.02.2017 15:16:10: Players:
PlayerID: 76561198272327937 Name: Thug Life Character: Семёныч Ping: 58
PlayerID: 76561198243530780 Name: LuckyMan ^-^csgo-happy.ru Character: LuckyMan ^-^ Ping: 130
PlayerID: 76561198326392297 Name: VorontsEmil Character:  VorontsEmil Ping: 72
PlayerID: 76561198272167056 Name: ¦ Alexandr ¦ Character: Alexandr  Kotov Ping: 82
PlayerID: 76561198322193999 Name: _MaKeR_ Character: (POLISE)_MaKeR_ Ping: 62
PlayerID: 76561198342981110 Name: Vvp112 Character: Vvp112 Ping: 80
 with _> "Операция успешно завершена"
22.02.2017 15:16:10: Client has executed command "players"
 with _> "Операция успешно завершена"
22.02.2017 15:16:09: Client has executed command "players"
Players:
PlayerID: 76561198272327937 Name: Thug Life Character: Семёныч Ping: 58
PlayerID: 76561198243530780 Name: LuckyMan ^-^csgo-happy.ru Character: LuckyMan ^-^ Ping: 171
PlayerID: 76561198326392297 Name: VorontsEmil Character:  VorontsEmil Ping: 70
PlayerID: 76561198272167056 Name: ¦ Alexandr ¦ Character: Alexandr  Kotov Ping: 76
PlayerID: 76561198322193999 Name: _MaKeR_ Character: (POLISE)_MaKeR_ Ping: 62
PlayerID: 76561198342981110 Name: Vvp112 Character: Vvp112 Ping: 80
 with _> "Операция успешно завершена"
22.02.2017 15:16:09: PlayerID: 76561198342981110 Name: Vvp112 Character: Vvp112 Ping: 80
 with _> "Операция успешно завершена"
22.02.2017 15:16:09: Client has executed command "players"
Players:
PlayerID: 76561198272327937 Name: Thug Life Character: Семёныч Ping: 58
PlayerID: 76561198243530780 Name: LuckyMan ^-^csgo-happy.ru Character: LuckyMan ^-^ Ping: 171
PlayerID: 76561198326392297 Name: VorontsEmil Character:  VorontsEmil Ping: 70
PlayerID: 76561198272167056 Name: ¦ Alexandr ¦ Character: Alexandr  Kotov Ping: 76
PlayerID: 76561198322193999 Name: _MaKeR_ Character: (POLISE)_MaKeR_ Ping: 70
 with _> "Операция успешно завершена"
22.02.2017 15:16:09: PlayerID: 76561198342981110 Name: Vvp112 Character: Vvp112 Ping: 80
 with _> "Операция успешно завершена"
22.02.2017 15:16:09: Players:
PlayerID: 76561198272327937 Name: Thug Life Character: Семёныч Ping: 58
PlayerID: 76561198243530780 Name: LuckyMan ^-^csgo-happy.ru Character: LuckyMan ^-^ Ping: 171
PlayerID: 76561198326392297 Name: VorontsEmil Character:  VorontsEmil Ping: 70
PlayerID: 76561198272167056 Name: ¦ Alexandr ¦ Character: Alexandr  Kotov Ping: 76
PlayerID: 76561198322193999 Name: _MaKeR_ Character: (POLISE)_MaKeR_ Ping: 70
 with _> "Операция успешно завершена"
22.02.2017 15:16:09: Client has executed command "players"
 with _> "Операция успешно завершена"
22.02.2017 15:16:09: Players:
PlayerID: 76561198272327937 Name: Thug Life Character: Семёныч Ping: 58
PlayerID: 76561198243530780 Name: LuckyMan ^-^csgo-happy.ru Character: LuckyMan ^-^ Ping: 171
PlayerID: 76561198326392297 Name: VorontsEmil Character:  VorontsEmil Ping: 70
PlayerID: 76561198272167056 Name: ¦ Alexandr ¦ Character: Alexandr  Kotov Ping: 76
PlayerID: 76561198322193999 Name: _MaKeR_ Character: (POLISE)_MaKeR_ Ping: 70
PlayerID: 76561198342981110 Name: Vvp112 Character: Vvp112 Ping: 80
 with _> "Операция успешно завершена"
22.02.2017 15:16:09: Client has executed command "players"
 with _> "Операция успешно завершена"
22.02.2017 15:16:09: PlayerID: 76561198342981110 Name: Vvp112 Character: Vvp112 Ping: 80
Client has executed command "players"
Players:
PlayerID: 76561198272327937 Name: Thug Life Character: Семёныч Ping: 58
PlayerID: 76561198243530780 Name: LuckyMan ^-^csgo-happy.ru Character: LuckyMan ^-^ Ping: 171
PlayerID: 76561198326392297 Name: VorontsEmil Character:  VorontsEmil Ping: 70
PlayerID: 76561198272167056 Name: ¦ Alexandr ¦ Character: Alexandr  Kotov Ping: 76
PlayerID: 76561198322193999 Name: _MaKeR_ Character: (POLISE)_MaKeR_ Ping: 70
PlayerID: 76561198342981110 Name: Vvp112 Character: Vvp112 Ping: 80
Client has executed command "players"
Players:
PlayerID: 76561198272327937 Name: Thug Life Character: Семёныч Ping: 58
PlayerID: 76561198243530780 Name: LuckyMan ^-^csgo-happy.ru Character: LuckyMan ^-^ Ping: 171
PlayerID: 76561198326392297 Name: VorontsEmil Character:  VorontsEmil Ping: 70
PlayerID: 76561198272167056 Name: ¦ Alexandr ¦ Character: Alexandr  Kotov Ping: 76
PlayerID: 76561198322193999 Name: _MaKeR_ Character: (POLISE)_MaKeR_ Ping: 70
PlayerID: 76561198342981110 Name: Vvp112 Character: Vvp112 Ping: 80
 with _> "Операция успешно завершена"
22.02.2017 15:16:08: Client has executed command "players"
Players:
PlayerID: 76561198272327937 Name: Thug Life Character: Семёныч Ping: 58
PlayerID: 76561198243530780 Name: LuckyMan ^-^csgo-happy.ru Character: LuckyMan ^-^ Ping: 187
PlayerID: 76561198326392297 Name: VorontsEmil Character:  VorontsEmil Ping: 70
PlayerID: 76561198272167056 Name: ¦ Alexandr ¦ Character: Alexandr  Kotov Ping: 76
PlayerID: 76561198322193999 Name: _MaKeR_ Character: (POLISE)_MaKeR_ Ping: 70
 with _> "Операция успешно завершена"
22.02.2017 15:16:08: Client has executed command "players"
Players:
PlayerID: 76561198272327937 Name: Thug Life Character: Семёныч Ping: 58
PlayerID: 76561198243530780 Name: LuckyMan ^-^csgo-happy.ru Character: LuckyMan ^-^ Ping: 187
PlayerID: 76561198326392297 Name: VorontsEmil Character:  VorontsEmil Ping: 70
PlayerID: 76561198272167056 Name: ¦ Alexandr ¦ Character: Alexandr  Kotov Ping: 76
PlayerID: 76561198322193999 Name: _MaKeR_ Character: (POLISE)_MaKeR_ Ping: 70
PlayerID: 76561198342981110 Name: Vvp112 Character: Vvp112 Ping: 80
 with _> "Операция успешно завершена"
22.02.2017 15:16:08: Client has executed command "players"
Players:
PlayerID: 76561198272327937 Name: Thug Life Character: Семёныч Ping: 58
PlayerID: 76561198243530780 Name: LuckyMan ^-^csgo-happy.ru Character: LuckyMan ^-^ Ping: 183
PlayerID: 76561198326392297 Name: VorontsEmil Character:  VorontsEmil Ping: 74
PlayerID: 76561198272167056 Name: ¦ Alexandr ¦ Character: Alexandr  Kotov Ping: 76
PlayerID: 76561198322193999 Name: _MaKeR_ Character: (POLISE)_MaKeR_ Ping: 70
PlayerID: 76561198342981110 Name: Vvp112 Character: Vvp112 Ping: 80
 with _> "Операция успешно завершена"
22.02.2017 15:16:05: Client has executed command "players"
Players:
PlayerID: 76561198272327937 Name: Thug Life Character: Семёныч Ping: 68
PlayerID: 76561198243530780 Name: LuckyMan ^-^csgo-happy.ru Character: LuckyMan ^-^ Ping: 167
PlayerID: 76561198326392297 Name: VorontsEmil Character:  VorontsEmil Ping: 119
PlayerID: 76561198272167056 Name: ¦ Alexandr ¦ Character: Alexandr  Kotov Ping: 82
PlayerID: 76561198322193999 Name: _MaKeR_ Character: (POLISE)_MaKeR_ Ping: 82
PlayerID: 76561198342981110 Name: Vvp112 Character: Vvp112 Ping: 80
 with _> "Операция успешно завершена"
22.02.2017 15:16:05: PlayerID: 76561198342981110 Name: Vvp112 Character: Vvp112 Ping: 80
 with _> "Операция успешно завершена"
22.02.2017 15:16:03: Players:
PlayerID: 76561198272327937 Name: Thug Life Character: Семёныч Ping: 70
PlayerID: 76561198243530780 Name: LuckyMan ^-^csgo-happy.ru Character: LuckyMan ^-^ Ping: 162
PlayerID: 76561198326392297 Name: VorontsEmil Character:  VorontsEmil Ping: 121
PlayerID: 76561198272167056 Name: ¦ Alexandr ¦ Character: Alexandr  Kotov Ping: 83
PlayerID: 76561198322193999 Name: _MaKeR_ Character: (POLISE)_MaKeR_ Ping: 83
 with _> "Операция успешно завершена"
22.02.2017 15:16:03: Client has executed command "players"
 with _> "Операция успешно завершена"
22.02.2017 15:16:01: Players:
PlayerID: 76561198272327937 Name: Thug Life Character: Семёныч Ping: 52
PlayerID: 76561198243530780 Name: LuckyMan ^-^csgo-happy.ru Character: LuckyMan ^-^ Ping: 150
PlayerID: 76561198326392297 Name: VorontsEmil Character:  VorontsEmil Ping: 93
PlayerID: 76561198272167056 Name: ¦ Alexandr ¦ Character: Alexandr  Kotov Ping: 72
PlayerID: 76561198322193999 Name: _MaKeR_ Character: (POLISE)_MaKeR_ Ping: 66
PlayerID: 76561198342981110 Name: Vvp112 Character: Vvp112 Ping: 68
 with _> "Операция успешно завершена"
22.02.2017 15:16:01: Client has executed command "players"
 with _> "Операция успешно завершена"
22.02.2017 15:15:59: Players:
PlayerID: 76561198272327937 Name: Thug Life Character: Семёныч Ping: 56
PlayerID: 76561198243530780 Name: LuckyMan ^-^csgo-happy.ru Character: LuckyMan ^-^ Ping: 166
PlayerID: 76561198326392297 Name: VorontsEmil Character:  VorontsEmil Ping: 82
PlayerID: 76561198272167056 Name: ¦ Alexandr ¦ Character: Alexandr  Kotov Ping: 82
PlayerID: 76561198322193999 Name: _MaKeR_ Character: (POLISE)_MaKeR_ Ping: 60
PlayerID: 76561198342981110 Name: Vvp112 Character: Vvp112 Ping: 158
 with _> "Операция успешно завершена"
22.02.2017 15:15:59: Client has executed command "players"
 with _> "Операция успешно завершена"
22.02.2017 15:15:55: Players:
PlayerID: 76561198272327937 Name: Thug Life Character: Семёныч Ping: 52
PlayerID: 76561198243530780 Name: LuckyMan ^-^csgo-happy.ru Character: LuckyMan ^-^ Ping: 130
PlayerID: 76561198326392297 Name: VorontsEmil Character:  VorontsEmil Ping: 64
PlayerID: 76561198272167056 Name: ¦ Alexandr ¦ Character: Alexandr  Kotov Ping: 68
PlayerID: 76561198322193999 Name: _MaKeR_ Character: (POLISE)_MaKeR_ Ping: 72
PlayerID: 76561198342981110 Name: Vvp112 Character: Vvp112 Ping: 83
 with _> "Операция успешно завершена"
22.02.2017 15:15:55: Client has executed command "players"
 with _> "Операция успешно завершена"
22.02.2017 15:15:53: Connecting: PlayerID: 76561198342981110 Name: Vvp112 Character: Vvp112
 with _> "Операция успешно завершена"
22.02.2017 15:15:53: MessageAnnouncer >> Broadcast: Наберите /rules (/r) для просмотра правил
MessageAnnouncer >> Наберите /rules (/r) для просмотра правил
Client has executed command "players"
Players:
PlayerID: 76561198272327937 Name: Thug Life Character: Семёныч Ping: 48
PlayerID: 76561198243530780 Name: LuckyMan ^-^csgo-happy.ru Character: LuckyMan ^-^ Ping: 189
PlayerID: 76561198326392297 Name: VorontsEmil Character:  VorontsEmil Ping: 54
PlayerID: 76561198272167056 Name: ¦ Alexandr ¦ Character: Alexandr  Kotov Ping: 64
PlayerID: 76561198322193999 Name: _MaKeR_ Character: (POLISE)_MaKeR_ Ping: 62
 with _> "Операция успешно завершена"
22.02.2017 15:15:51: Players:
PlayerID: 76561198272327937 Name: Thug Life Character: Семёныч Ping: 44
PlayerID: 76561198243530780 Name: LuckyMan ^-^csgo-happy.ru Character: LuckyMan ^-^ Ping: 197
PlayerID: 76561198326392297 Name: VorontsEmil Character:  VorontsEmil Ping: 56
PlayerID: 76561198272167056 Name: ¦ Alexandr ¦ Character: Alexandr  Kotov Ping: 62
PlayerID: 76561198322193999 Name: _MaKeR_ Character: (POLISE)_MaKeR_ Ping: 60
 with _> "Операция успешно завершена"
22.02.2017 15:15:51: Client has executed command "players"
 with _> "Операция успешно завершена"
22.02.2017 15:15:51: Client has executed command "players"
Players:
PlayerID: 76561198272327937 Name: Thug Life Character: Семёныч Ping: 44
PlayerID: 76561198243530780 Name: LuckyMan ^-^csgo-happy.ru Character: LuckyMan ^-^ Ping: 191
PlayerID: 76561198326392297 Name: VorontsEmil Character:  VorontsEmil Ping: 66
PlayerID: 76561198272167056 Name: ¦ Alexandr ¦ Character: Alexandr  Kotov Ping: 66
PlayerID: 76561198322193999 Name: _MaKeR_ Character: (POLISE)_MaKeR_ Ping: 64
 with _> "Операция успешно завершена"
22.02.2017 15:15:50: Players:
PlayerID: 76561198272327937 Name: Thug Life Character: Семёныч Ping: 46
PlayerID: 76561198243530780 Name: LuckyMan ^-^csgo-happy.ru Character: LuckyMan ^-^ Ping: 193
PlayerID: 76561198326392297 Name: VorontsEmil Character:  VorontsEmil Ping: 76
PlayerID: 76561198272167056 Name: ¦ Alexandr ¦ Character: Alexandr  Kotov Ping: 70
PlayerID: 76561198322193999 Name: _MaKeR_ Character: (POLISE)_MaKeR_ Ping: 60
 with _> "Операция успешно завершена"
22.02.2017 15:15:49: Client has executed command "players"
 with _> "Операция успешно завершена"
22.02.2017 15:15:49: Players:
PlayerID: 76561198272327937 Name: Thug Life Character: Семёныч Ping: 50
PlayerID: 76561198243530780 Name: LuckyMan ^-^csgo-happy.ru Character: LuckyMan ^-^ Ping: 150
PlayerID: 76561198326392297 Name: VorontsEmil Character:  VorontsEmil Ping: 83
PlayerID: 76561198272167056 Name: ¦ Alexandr ¦ Character: Alexandr  Kotov Ping: 78
PlayerID: 76561198322193999 Name: _MaKeR_ Character: (POLISE)_MaKeR_ Ping: 70
 with _> "Операция успешно завершена"
22.02.2017 15:15:49: Client has executed command "players"
 with _> "Операция успешно завершена"
22.02.2017 15:15:48: Players:
PlayerID: 76561198272327937 Name: Thug Life Character: Семёныч Ping: 50
PlayerID: 76561198243530780 Name: LuckyMan ^-^csgo-happy.ru Character: LuckyMan ^-^ Ping: 136
PlayerID: 76561198326392297 Name: VorontsEmil Character:  VorontsEmil Ping: 83
PlayerID: 76561198272167056 Name: ¦ Alexandr ¦ Character: Alexandr  Kotov Ping: 78
PlayerID: 76561198322193999 Name: _MaKeR_ Character: (POLISE)_MaKeR_ Ping: 70
 with _> "Операция успешно завершена"
22.02.2017 15:15:48: Client has executed command "players"
 with _> "Операция успешно завершена"
22.02.2017 15:15:46: Players:
PlayerID: 76561198272327937 Name: Thug Life Character: Семёныч Ping: 58
PlayerID: 76561198243530780 Name: LuckyMan ^-^csgo-happy.ru Character: LuckyMan ^-^ Ping: 134
PlayerID: 76561198326392297 Name: VorontsEmil Character:  VorontsEmil Ping: 83
PlayerID: 76561198272167056 Name: ¦ Alexandr ¦ Character: Alexandr  Kotov Ping: 78
PlayerID: 76561198322193999 Name: _MaKeR_ Character: (POLISE)_MaKeR_ Ping: 70
 with _> "Операция успешно завершена"
22.02.2017 15:15:46: Client has executed command "players"
 with _> "Операция успешно завершена"
22.02.2017 15:14:27: Players:
PlayerID: 76561198272327937 Name: Thug Life Character: Семёныч Ping: 56
PlayerID: 76561198243530780 Name: LuckyMan ^-^csgo-happy.ru Character: LuckyMan ^-^ Ping: 121
PlayerID: 76561198326392297 Name: VorontsEmil Character:  VorontsEmil Ping: 97
PlayerID: 76561198272167056 Name: ¦ Alexandr ¦ Character: Alexandr  Kotov Ping: 70
PlayerID: 76561198322193999 Name: _MaKeR_ Character: (POLISE)_MaKeR_ Ping: 64
 with _> "Операция успешно завершена"
22.02.2017 15:14:26: Client has executed command "players"
 with _> "Операция успешно завершена"
22.02.2017 15:14:25: Players:
PlayerID: 76561198272327937 Name: Thug Life Character: Семёныч Ping: 60
PlayerID: 76561198243530780 Name: LuckyMan ^-^csgo-happy.ru Character: LuckyMan ^-^ Ping: 119
PlayerID: 76561198326392297 Name: VorontsEmil Character:  VorontsEmil Ping: 89
PlayerID: 76561198272167056 Name: ¦ Alexandr ¦ Character: Alexandr  Kotov Ping: 74
PlayerID: 76561198322193999 Name: _MaKeR_ Character: (POLISE)_MaKeR_ Ping: 62
 with _> "Операция успешно завершена"
22.02.2017 15:14:25: Client has executed command "players"
 with _> "Операция успешно завершена"
22.02.2017 15:14:23: Disconnecting: PlayerID: 76561198302324989 Name: sapiwak Character: sapiwak
 with _> "Операция успешно завершена"
22.02.2017 15:14:20: [World] (POLISE)_MaKeR_ [_MaKeR_]: "/home"
 with _> "Операция успешно завершена"
22.02.2017 15:14:19: Players:
PlayerID: 76561198272327937 Name: Thug Life Character: Семёныч Ping: 52
PlayerID: 76561198243530780 Name: LuckyMan ^-^csgo-happy.ru Character: LuckyMan ^-^ Ping: 134
PlayerID: 76561198326392297 Name: VorontsEmil Character:  VorontsEmil Ping: 103
PlayerID: 76561198272167056 Name: ¦ Alexandr ¦ Character: Alexandr  Kotov Ping: 72
PlayerID: 76561198322193999 Name: _MaKeR_ Character: (POLISE)_MaKeR_ Ping: 72
PlayerID: 76561198302324989 Name: sapiwak Character: sapiwak Ping: 72
 with _> "Операция успешно завершена"
22.02.2017 15:14:19: Client has executed command "players"
 with _> "Операция успешно завершена"
22.02.2017 15:14:18: Players:
PlayerID: 76561198272327937 Name: Thug Life Character: Семёныч Ping: 54
PlayerID: 76561198243530780 Name: LuckyMan ^-^csgo-happy.ru Character: LuckyMan ^-^ Ping: 136
PlayerID: 76561198326392297 Name: VorontsEmil Character:  VorontsEmil Ping: 85
PlayerID: 76561198272167056 Name: ¦ Alexandr ¦ Character: Alexandr  Kotov Ping: 72
PlayerID: 76561198322193999 Name: _MaKeR_ Character: (POLISE)_MaKeR_ Ping: 66
PlayerID: 76561198302324989 Name: sapiwak Character: sapiwak Ping: 72
 with _> "Операция успешно завершена"
22.02.2017 15:14:18: Client has executed command "players"
 with _> "Операция успешно завершена"
22.02.2017 15:14:18: Players:
PlayerID: 76561198272327937 Name: Thug Life Character: Семёныч Ping: 54
PlayerID: 76561198243530780 Name: LuckyMan ^-^csgo-happy.ru Character: LuckyMan ^-^ Ping: 136
PlayerID: 76561198326392297 Name: VorontsEmil Character:  VorontsEmil Ping: 85
PlayerID: 76561198272167056 Name: ¦ Alexandr ¦ Character: Alexandr  Kotov Ping: 72
PlayerID: 76561198322193999 Name: _MaKeR_ Character: (POLISE)_MaKeR_ Ping: 66
PlayerID: 76561198302324989 Name: sapiwak Character: sapiwak Ping: 72
 with _> "Операция успешно завершена"
22.02.2017 15:14:17: Client has executed command "players"
 with _> "Операция успешно завершена"
22.02.2017 15:14:14: Players:
PlayerID: 76561198272327937 Name: Thug Life Character: Семёныч Ping: 68
PlayerID: 76561198243530780 Name: LuckyMan ^-^csgo-happy.ru Character: LuckyMan ^-^ Ping: 130
PlayerID: 76561198326392297 Name: VorontsEmil Character:  VorontsEmil Ping: 97
PlayerID: 76561198272167056 Name: ¦ Alexandr ¦ Character: Alexandr  Kotov Ping: 78
PlayerID: 76561198322193999 Name: _MaKeR_ Character: (POLISE)_MaKeR_ Ping: 78
PlayerID: 76561198302324989 Name: sapiwak Character: sapiwak Ping: 72
 with _> "Операция успешно завершена"
22.02.2017 15:14:14: Client has executed command "players"
 with _> "Операция успешно завершена"
22.02.2017 15:14:13: Players:
PlayerID: 76561198272327937 Name: Thug Life Character: Семёныч Ping: 62
PlayerID: 76561198243530780 Name: LuckyMan ^-^csgo-happy.ru Character: LuckyMan ^-^ Ping: 140
PlayerID: 76561198326392297 Name: VorontsEmil Character:  VorontsEmil Ping: 85
PlayerID: 76561198272167056 Name: ¦ Alexandr ¦ Character: Alexandr  Kotov Ping: 72
PlayerID: 76561198322193999 Name: _MaKeR_ Character: (POLISE)_MaKeR_ Ping: 72
PlayerID: 76561198302324989 Name: sapiwak Character: sapiwak Ping: 72
 with _> "Операция успешно завершена"
22.02.2017 15:14:13: Client has executed command "players"
 with _> "Операция успешно завершена"
22.02.2017 15:14:12: Players:
PlayerID: 76561198272327937 Name: Thug Life Character: Семёныч Ping: 56
PlayerID: 76561198243530780 Name: LuckyMan ^-^csgo-happy.ru Character: LuckyMan ^-^ Ping: 134
PlayerID: 76561198326392297 Name: VorontsEmil Character:  VorontsEmil Ping: 91
PlayerID: 76561198272167056 Name: ¦ Alexandr ¦ Character: Alexandr  Kotov Ping: 72
PlayerID: 76561198322193999 Name: _MaKeR_ Character: (POLISE)_MaKeR_ Ping: 72
PlayerID: 76561198302324989 Name: sapiwak Character: sapiwak Ping: 72
 with _> "Операция успешно завершена"
22.02.2017 15:14:11: Client has executed command "players"
 with _> "Операция успешно завершена"
22.02.2017 15:14:11: Client has executed command "players"
Players:
PlayerID: 76561198272327937 Name: Thug Life Character: Семёныч Ping: 54
PlayerID: 76561198243530780 Name: LuckyMan ^-^csgo-happy.ru Character: LuckyMan ^-^ Ping: 142
PlayerID: 76561198326392297 Name: VorontsEmil Character:  VorontsEmil Ping: 97
PlayerID: 76561198272167056 Name: ¦ Alexandr ¦ Character: Alexandr  Kotov Ping: 72
PlayerID: 76561198322193999 Name: _MaKeR_ Character: (POLISE)_MaKeR_ Ping: 72
PlayerID: 76561198302324989 Name: sapiwak Character: sapiwak Ping: 72
 with _> "Операция успешно завершена"
22.02.2017 15:14:11: PlayerID: 76561198302324989 Name: sapiwak Character: sapiwak Ping: 66
 with _> "Операция успешно завершена"
22.02.2017 15:14:10: Players:
PlayerID: 76561198272327937 Name: Thug Life Character: Семёныч Ping: 52
PlayerID: 76561198243530780 Name: LuckyMan ^-^csgo-happy.ru Character: LuckyMan ^-^ Ping: 138
PlayerID: 76561198326392297 Name: VorontsEmil Character:  VorontsEmil Ping: 85
PlayerID: 76561198272167056 Name: ¦ Alexandr ¦ Character: Alexandr  Kotov Ping: 74
PlayerID: 76561198322193999 Name: _MaKeR_ Character: (POLISE)_MaKeR_ Ping: 66
 with _> "Операция успешно завершена"
22.02.2017 15:14:10: Client has executed command "players"
 with _> "Операция успешно завершена"
22.02.2017 15:14:09: Players:
PlayerID: 76561198272327937 Name: Thug Life Character: Семёныч Ping: 48
PlayerID: 76561198243530780 Name: LuckyMan ^-^csgo-happy.ru Character: LuckyMan ^-^ Ping: 132
PlayerID: 76561198326392297 Name: VorontsEmil Character:  VorontsEmil Ping: 87
PlayerID: 76561198272167056 Name: ¦ Alexandr ¦ Character: Alexandr  Kotov Ping: 78
PlayerID: 76561198322193999 Name: _MaKeR_ Character: (POLISE)_MaKeR_ Ping: 70
PlayerID: 76561198302324989 Name: sapiwak Character: sapiwak Ping: 70
 with _> "Операция успешно завершена"
22.02.2017 15:14:09: Client has executed command "players"
 with _> "Операция успешно завершена"
22.02.2017 15:14:08: Client has executed command "players"
Players:
PlayerID: 76561198272327937 Name: Thug Life Character: Семёныч Ping: 48
PlayerID: 76561198243530780 Name: LuckyMan ^-^csgo-happy.ru Character: LuckyMan ^-^ Ping: 132
PlayerID: 76561198326392297 Name: VorontsEmil Character:  VorontsEmil Ping: 87
PlayerID: 76561198272167056 Name: ¦ Alexandr ¦ Character: Alexandr  Kotov Ping: 78
PlayerID: 76561198322193999 Name: _MaKeR_ Character: (POLISE)_MaKeR_ Ping: 70
PlayerID: 76561198302324989 Name: sapiwak Character: sapiwak Ping: 70
 with _> "Операция успешно завершена"
22.02.2017 15:14:08: PlayerID: 76561198302324989 Name: sapiwak Character: sapiwak Ping: 66
 with _> "Операция успешно завершена"
22.02.2017 15:14:07: Players:
PlayerID: 76561198272327937 Name: Thug Life Character: Семёныч Ping: 50
PlayerID: 76561198243530780 Name: LuckyMan ^-^csgo-happy.ru Character: LuckyMan ^-^ Ping: 128
PlayerID: 76561198326392297 Name: VorontsEmil Character:  VorontsEmil Ping: 83
PlayerID: 76561198272167056 Name: ¦ Alexandr ¦ Character: Alexandr  Kotov Ping: 85
PlayerID: 76561198322193999 Name: _MaKeR_ Character: (POLISE)_MaKeR_ Ping: 66
 with _> "Операция успешно завершена"
22.02.2017 15:14:07: Client has executed command "players"
 with _> "Операция успешно завершена"
22.02.2017 15:14:06: Players:
PlayerID: 76561198272327937 Name: Thug Life Character: Семёныч Ping: 50
PlayerID: 76561198243530780 Name: LuckyMan ^-^csgo-happy.ru Character: LuckyMan ^-^ Ping: 125
PlayerID: 76561198326392297 Name: VorontsEmil Character:  VorontsEmil Ping: 82
PlayerID: 76561198272167056 Name: ¦ Alexandr ¦ Character: Alexandr  Kotov Ping: 83
PlayerID: 76561198322193999 Name: _MaKeR_ Character: (POLISE)_MaKeR_ Ping: 58
PlayerID: 76561198302324989 Name: sapiwak Character: sapiwak Ping: 64
 with _> "Операция успешно завершена"
22.02.2017 15:14:06: Client has executed command "players"
 with _> "Операция успешно завершена"
22.02.2017 15:14:03: Players:
PlayerID: 76561198272327937 Name: Thug Life Character: Семёныч Ping: 56
PlayerID: 76561198243530780 Name: LuckyMan ^-^csgo-happy.ru Character: LuckyMan ^-^ Ping: 140
PlayerID: 76561198326392297 Name: VorontsEmil Character:  VorontsEmil Ping: 103
PlayerID: 76561198272167056 Name: ¦ Alexandr ¦ Character: Alexandr  Kotov Ping: 78
PlayerID: 76561198322193999 Name: _MaKeR_ Character: (POLISE)_MaKeR_ Ping: 66
PlayerID: 76561198302324989 Name: sapiwak Character: sapiwak Ping: 60
 with _> "Операция успешно завершена"
22.02.2017 15:14:03: Client has executed command "players"
 with _> "Операция успешно завершена"
22.02.2017 15:13:59: RocketRcon v2.4.8.0
 with _> "Операция успешно завершена"
