05.03.2017 23:16:28: [World] albert  [vitalevis]: "кто тим"

05.03.2017 23:16:19: [World] albert  [vitalevis]: "/кто тим"

05.03.2017 23:16:18: [World] Opticor [Pugna triple kill]: "что нужно начина€ от предметов общего пользовани€ заканчива€ алиспаком и противогазом"

05.03.2017 23:16:17: END
05.03.2017 23:16:14: PlayerID: 76561198084544206 Name: ƒежурный Character: D.Masta Ping: 171
PlayerID: 76561198051446787 Name: Pugna triple kill Character: Opticor Ping: 171
PlayerID: 76561198348035002 Name: vitalevis Character: albert  Ping: 156
PlayerID: 76561198260975734 Name: Ultimanit Character: Ultimanit Ping: 132

05.03.2017 23:16:14: PlayerID: 76561198249174516 Name: chlenixx.exe Character: ƒен Ћандау Ping: 62
PlayerID: 76561198327413238 Name: AutomatKalashnikovaЩ Character: AutomatKalashnikova Ping: 210

05.03.2017 23:16:14: Players:

05.03.2017 23:16:14: Client has executed command "players"

05.03.2017 23:16:05: [World] AutomatKalashnikova [AutomatKalashnikovaЩ]: "€ нашЄл мою машину,ток черную"

05.03.2017 23:16:04: PlayerID: 76561198249174516 Name: chlenixx.exe Character: ƒен Ћандау Ping: 46
PlayerID: 76561198327413238 Name: AutomatKalashnikovaЩ Character: AutomatKalashnikova Ping: 234
PlayerID: 76561198084544206 Name: ƒежурный Character: D.Masta Ping: 140
PlayerID: 76561198051446787 Name: Pugna triple kill Character: Opticor Ping: 117
PlayerID: 76561198348035002 Name: vitalevis Character: albert  Ping: 140
PlayerID: 76561198260975734 Name: Ultimanit Character: Ultimanit Ping: 46

05.03.2017 23:16:04: Players:

05.03.2017 23:16:04: Client has executed command "players"

05.03.2017 23:16:04: END
05.03.2017 23:16:01: Connecting: PlayerID: 76561198260975734 Name: Ultimanit Character: Ultimanit

05.03.2017 23:15:59: MessageAnnouncer >> Ќаберите /kit claim, чтобы получить Claim Flag

05.03.2017 23:15:59: MessageAnnouncer >> Broadcast: Ќаберите /kit claim, чтобы получить Claim Flag

05.03.2017 23:15:57: END
05.03.2017 23:15:54: PlayerID: 76561198084544206 Name: ƒежурный Character: D.Masta Ping: 148
PlayerID: 76561198051446787 Name: Pugna triple kill Character: Opticor Ping: 78
PlayerID: 76561198348035002 Name: vitalevis Character: albert  Ping: 171

05.03.2017 23:15:54: PlayerID: 76561198249174516 Name: chlenixx.exe Character: ƒен Ћандау Ping: 70
PlayerID: 76561198327413238 Name: AutomatKalashnikovaЩ Character: AutomatKalashnikova Ping: 234

05.03.2017 23:15:54: Players:

05.03.2017 23:15:54: Client has executed command "players"

05.03.2017 23:15:54: [World] Opticor [Pugna triple kill]: "€ не кидаю слов на ветер ... ибо за 6 часов общего времени достал всЄ"

05.03.2017 23:15:49: END
05.03.2017 23:15:46: PlayerID: 76561198084544206 Name: ƒежурный Character: D.Masta Ping: 164
PlayerID: 76561198051446787 Name: Pugna triple kill Character: Opticor Ping: 164
PlayerID: 76561198348035002 Name: vitalevis Character: albert  Ping: 140

05.03.2017 23:15:46: PlayerID: 76561198249174516 Name: chlenixx.exe Character: ƒен Ћандау Ping: 101
PlayerID: 76561198327413238 Name: AutomatKalashnikovaЩ Character: AutomatKalashnikova Ping: 210

05.03.2017 23:15:46: Players:

05.03.2017 23:15:46: Client has executed command "players"

05.03.2017 23:15:46: END
05.03.2017 23:15:43: Disconnecting: PlayerID: 76561198260975734 Name: Ultimanit Character: Kazimir7000

05.03.2017 23:15:37: END
05.03.2017 23:15:34: PlayerID: 76561198260975734 Name: Ultimanit Character: Kazimir7000 Ping: 132
PlayerID: 76561198348035002 Name: vitalevis Character: albert  Ping: 132

05.03.2017 23:15:34: PlayerID: 76561198327413238 Name: AutomatKalashnikovaЩ Character: AutomatKalashnikova Ping: 210
PlayerID: 76561198084544206 Name: ƒежурный Character: D.Masta Ping: 164
PlayerID: 76561198051446787 Name: Pugna triple kill Character: Opticor Ping: 109

05.03.2017 23:15:34: PlayerID: 76561198249174516 Name: chlenixx.exe Character: ƒен Ћандау Ping: 62

05.03.2017 23:15:34: Players:

05.03.2017 23:15:34: Client has executed command "players"

05.03.2017 23:15:34: RocketRcon v2.4.8.0

