07.03.2017 19:38:19: RocketRcon v2.4.8.0

07.03.2017 19:38:20: Client has executed command "players"

07.03.2017 19:38:20: Players:

07.03.2017 19:38:20: TimerTerminateCommand.Enabled with Players:
07.03.2017 19:38:20: PlayerID: 76561198296488677 Name: FOX Character: джони Ping: 119
PlayerID: 76561198202898414 Name: adam.pogorelov Character: adam.pogorelov Ping: 93

07.03.2017 19:38:20: TimerTerminateCommand.Enabled with Players:
07.03.2017 19:38:20: PlayerID: 76561198309495789 Name: ..::PATRICK::.. Character: Пчела Антон Ping: 91
PlayerID: 76561198258896573 Name: ??FRIZE_BRIXE?? Character: an.primachenko Ping: 58
PlayerID: 76561198174709183 Name: _-=(FlaseR)=-_CS.MONEY Character: -$-Я уточка-$- Ping: 60

07.03.2017 19:38:20: TimerTerminateCommand.Enabled with Players:
07.03.2017 19:38:23: END
07.03.2017 19:38:36: Client has executed command "players"

07.03.2017 19:38:36: Players:

07.03.2017 19:38:36: TimerTerminateCommand.Enabled with Players:
07.03.2017 19:38:36: PlayerID: 76561198296488677 Name: FOX Character: джони Ping: 109
PlayerID: 76561198202898414 Name: adam.pogorelov Character: adam.pogorelov Ping: 93

07.03.2017 19:38:36: TimerTerminateCommand.Enabled with Players:
07.03.2017 19:38:36: PlayerID: 76561198309495789 Name: ..::PATRICK::.. Character: Пчела Антон Ping: 187
PlayerID: 76561198258896573 Name: ??FRIZE_BRIXE?? Character: an.primachenko Ping: 70
PlayerID: 76561198174709183 Name: _-=(FlaseR)=-_CS.MONEY Character: -$-Я уточка-$- Ping: 58

07.03.2017 19:38:36: TimerTerminateCommand.Enabled with Players:
07.03.2017 19:38:39: END
07.03.2017 19:38:56: Client has executed command "players"

07.03.2017 19:38:56: Players:

07.03.2017 19:38:56: TimerTerminateCommand.Enabled with Players:
07.03.2017 19:38:56: PlayerID: 76561198296488677 Name: FOX Character: джони Ping: 117
PlayerID: 76561198202898414 Name: adam.pogorelov Character: adam.pogorelov Ping: 91
PlayerID: 76561198309495789 Name: ..::PATRICK::.. Character: Пчела Антон Ping: 101

07.03.2017 19:38:56: TimerTerminateCommand.Enabled with Players:
07.03.2017 19:38:56: PlayerID: 76561198258896573 Name: ??FRIZE_BRIXE?? Character: an.primachenko Ping: 54
PlayerID: 76561198174709183 Name: _-=(FlaseR)=-_CS.MONEY Character: -$-Я уточка-$- Ping: 56

07.03.2017 19:38:56: TimerTerminateCommand.Enabled with Players:
07.03.2017 19:38:59: END
07.03.2017 19:39:16: Client has executed command "players"

07.03.2017 19:39:16: Players:

07.03.2017 19:39:16: TimerTerminateCommand.Enabled with Players:
07.03.2017 19:39:16: PlayerID: 76561198296488677 Name: FOX Character: джони Ping: 187
PlayerID: 76561198202898414 Name: adam.pogorelov Character: adam.pogorelov Ping: 195

07.03.2017 19:39:16: TimerTerminateCommand.Enabled with Players:
07.03.2017 19:39:16: PlayerID: 76561198309495789 Name: ..::PATRICK::.. Character: Пчела Антон Ping: 83
PlayerID: 76561198258896573 Name: ??FRIZE_BRIXE?? Character: an.primachenko Ping: 54
PlayerID: 76561198174709183 Name: _-=(FlaseR)=-_CS.MONEY Character: -$-Я уточка-$- Ping: 54

07.03.2017 19:39:16: TimerTerminateCommand.Enabled with Players:
07.03.2017 19:39:19: END
