07.03.2017 19:25:00: RocketRcon v2.4.8.0

07.03.2017 19:25:01: Client has executed command "players"

07.03.2017 19:25:01: Players:

07.03.2017 19:25:01: TimerTerminateCommand.Enabled with Players:
07.03.2017 19:25:01: PlayerID: 76561198296488677 Name: FOX Character: джони Ping: 107
PlayerID: 76561198272167056 Name: ¦ Alexandr ¦ Character:  Alexandr  Ping: 78

07.03.2017 19:25:01: TimerTerminateCommand.Enabled with Players:
07.03.2017 19:25:01: PlayerID: 76561198278618116 Name: Mizuki Character: Mizuki Hamada Ping: 78
PlayerID: 76561198202898414 Name: adam.pogorelov Character: adam.pogorelov Ping: 89
PlayerID: 76561198309495789 Name: ..::PATRICK::.. Character: Пчела Антон Ping: 89
PlayerID: 76561198258896573 Name: ??FRIZE_BRIXE?? Character: an.primachenko Ping: 78
PlayerID: 76561198174709183 Name: _-=(FlaseR)=-_CS.MONEY Character: -$-Я уточка-$- Ping: 70

07.03.2017 19:25:01: TimerTerminateCommand.Enabled with Players:
07.03.2017 19:25:01: PlayerID: 76561198295110412 Name: daniel.com Character: xRubyPvP Ping: 91

07.03.2017 19:25:01: TimerTerminateCommand.Enabled with Players:
07.03.2017 19:25:04: END
07.03.2017 19:25:04: RocketRcon v2.4.8.0

07.03.2017 19:25:04: Client has executed command "players"

07.03.2017 19:25:04: Players:

07.03.2017 19:25:04: TimerTerminateCommand.Enabled with Players:
07.03.2017 19:25:04: PlayerID: 76561198296488677 Name: FOX Character: джони Ping: 119
PlayerID: 76561198272167056 Name: ¦ Alexandr ¦ Character:  Alexandr  Ping: 78
PlayerID: 76561198278618116 Name: Mizuki Character: Mizuki Hamada Ping: 78

07.03.2017 19:25:04: TimerTerminateCommand.Enabled with Players:
07.03.2017 19:25:04: PlayerID: 76561198202898414 Name: adam.pogorelov Character: adam.pogorelov Ping: 99
PlayerID: 76561198309495789 Name: ..::PATRICK::.. Character: Пчела Антон Ping: 83
PlayerID: 76561198258896573 Name: ??FRIZE_BRIXE?? Character: an.primachenko Ping: 66
PlayerID: 76561198174709183 Name: _-=(FlaseR)=-_CS.MONEY Character: -$-Я уточка-$- Ping: 58
PlayerID: 76561198295110412 Name: daniel.com Character: xRubyPvP Ping: 105

07.03.2017 19:25:04: TimerTerminateCommand.Enabled with Players:
07.03.2017 19:25:05: Client has disconnected! (IP: 192.168.0.83:40994)

07.03.2017 19:25:05: TimerTerminateCommand.Enabled with Players:
07.03.2017 19:25:05: RocketRcon v2.4.8.0

07.03.2017 19:25:05: TimerTerminateCommand.Enabled with Players:
07.03.2017 19:25:06: Client has executed command "players"

07.03.2017 19:25:06: TimerTerminateCommand.Enabled with Players:
07.03.2017 19:25:06: Players:

07.03.2017 19:25:06: Упс, чет не моё: Client has disconnected! (IP: 192.168.0.83:40994)
07.03.2017 19:25:06: Упс, чет не моё: RocketRcon v2.4.8.0
07.03.2017 19:25:06: Упс, чет не моё: 
07.03.2017 19:25:06: PlayerID: 76561198296488677 Name: FOX Character: джони Ping: 105
PlayerID: 76561198272167056 Name: ¦ Alexandr ¦ Character:  Alexandr  Ping: 78
PlayerID: 76561198278618116 Name: Mizuki Character: Mizuki Hamada Ping: 78
PlayerID: 76561198202898414 Name: adam.pogorelov Character: adam.pogorelov Ping: 95
PlayerID: 76561198309495789 Name: ..::PATRICK::.. Character: Пчела Антон Ping: 91
PlayerID: 76561198258896573 Name: ??FRIZE_BRIXE?? Character: an.primachenko Ping: 66
PlayerID: 76561198174709183 Name: _-=(FlaseR)=-_CS.MONEY Character: -$-Я уточка-$- Ping: 60
PlayerID: 76561198295110412 Name: daniel.com Character: xRubyPvP Ping: 107

07.03.2017 19:25:07: Client has disconnected! (IP: 192.168.0.83:40999)

07.03.2017 19:25:10:  Alexandr  [¦ Alexandr ¦] suffocated to death!

07.03.2017 19:25:13:  Alexandr  moved x:823.0804 y:46.6427(+15.48209) z:-1453.421 in the last second (1)

07.03.2017 19:25:19: Client has executed command "players"

07.03.2017 19:25:19: Players:

07.03.2017 19:25:19: TimerTerminateCommand.Enabled with Players:
07.03.2017 19:25:19: PlayerID: 76561198296488677 Name: FOX Character: джони Ping: 95
PlayerID: 76561198272167056 Name: ¦ Alexandr ¦ Character:  Alexandr  Ping: 76
PlayerID: 76561198278618116 Name: Mizuki Character: Mizuki Hamada Ping: 76
PlayerID: 76561198202898414 Name: adam.pogorelov Character: adam.pogorelov Ping: 91
PlayerID: 76561198309495789 Name: ..::PATRICK::.. Character: Пчела Антон Ping: 95
PlayerID: 76561198258896573 Name: ??FRIZE_BRIXE?? Character: an.primachenko Ping: 50

07.03.2017 19:25:19: TimerTerminateCommand.Enabled with Players:
07.03.2017 19:25:19: PlayerID: 76561198174709183 Name: _-=(FlaseR)=-_CS.MONEY Character: -$-Я уточка-$- Ping: 52
PlayerID: 76561198295110412 Name: daniel.com Character: xRubyPvP Ping: 95

07.03.2017 19:25:19: TimerTerminateCommand.Enabled with Players:
07.03.2017 19:25:20: [World]  Alexandr  [¦ Alexandr ¦]: "/tpa mizuki"

07.03.2017 19:25:20: TimerTerminateCommand.Enabled with Players:
07.03.2017 19:25:23: END
07.03.2017 19:25:23: Упс, чет не моё: 
07.03.2017 19:25:34: [World] Mizuki Hamada [Mizuki]: "/tpa a"

07.03.2017 19:25:39: Client has executed command "players"

07.03.2017 19:25:39: Players:

07.03.2017 19:25:39: TimerTerminateCommand.Enabled with Players:
07.03.2017 19:25:39: PlayerID: 76561198296488677 Name: FOX Character: джони Ping: 115
PlayerID: 76561198272167056 Name: ¦ Alexandr ¦ Character:  Alexandr  Ping: 66
PlayerID: 76561198278618116 Name: Mizuki Character: Mizuki Hamada Ping: 74
PlayerID: 76561198202898414 Name: adam.pogorelov Character: adam.pogorelov Ping: 78
PlayerID: 76561198309495789 Name: ..::PATRICK::.. Character: Пчела Антон Ping: 80
PlayerID: 76561198258896573 Name: ??FRIZE_BRIXE?? Character: an.primachenko Ping: 66
PlayerID: 76561198174709183 Name: _-=(FlaseR)=-_CS.MONEY Character: -$-Я уточка-$- Ping: 66
PlayerID: 76561198295110412 Name: daniel.com Character: xRubyPvP Ping: 97

07.03.2017 19:25:39: TimerTerminateCommand.Enabled with Players:
07.03.2017 19:25:42: END
07.03.2017 19:25:47: xRubyPvP [daniel.com] bled to death!

07.03.2017 19:25:59: Client has executed command "players"

07.03.2017 19:25:59: Players:

07.03.2017 19:25:59: TimerTerminateCommand.Enabled with Players:
07.03.2017 19:25:59: PlayerID: 76561198296488677 Name: FOX Character: джони Ping: 117
PlayerID: 76561198272167056 Name: ¦ Alexandr ¦ Character:  Alexandr  Ping: 80
PlayerID: 76561198278618116 Name: Mizuki Character: Mizuki Hamada Ping: 74

07.03.2017 19:25:59: TimerTerminateCommand.Enabled with Players:
07.03.2017 19:25:59: PlayerID: 76561198202898414 Name: adam.pogorelov Character: adam.pogorelov Ping: 128
PlayerID: 76561198309495789 Name: ..::PATRICK::.. Character: Пчела Антон Ping: 82
PlayerID: 76561198258896573 Name: ??FRIZE_BRIXE?? Character: an.primachenko Ping: 68
PlayerID: 76561198174709183 Name: _-=(FlaseR)=-_CS.MONEY Character: -$-Я уточка-$- Ping: 72
PlayerID: 76561198295110412 Name: daniel.com Character: xRubyPvP Ping: 97

07.03.2017 19:25:59: TimerTerminateCommand.Enabled with Players:
07.03.2017 19:26:02: END
07.03.2017 19:26:14: [World] xRubyPvP [daniel.com]: "/kit"

07.03.2017 19:26:19: Client has executed command "players"

07.03.2017 19:26:19: Players:

07.03.2017 19:26:19: TimerTerminateCommand.Enabled with Players:
07.03.2017 19:26:19: PlayerID: 76561198296488677 Name: FOX Character: джони Ping: 101
PlayerID: 76561198272167056 Name: ¦ Alexandr ¦ Character:  Alexandr  Ping: 72

07.03.2017 19:26:19: TimerTerminateCommand.Enabled with Players:
07.03.2017 19:26:19: PlayerID: 76561198278618116 Name: Mizuki Character: Mizuki Hamada Ping: 83
PlayerID: 76561198202898414 Name: adam.pogorelov Character: adam.pogorelov Ping: 80
PlayerID: 76561198309495789 Name: ..::PATRICK::.. Character: Пчела Антон Ping: 89
PlayerID: 76561198258896573 Name: ??FRIZE_BRIXE?? Character: an.primachenko Ping: 66
PlayerID: 76561198174709183 Name: _-=(FlaseR)=-_CS.MONEY Character: -$-Я уточка-$- Ping: 66
PlayerID: 76561198295110412 Name: daniel.com Character: xRubyPvP Ping: 109

07.03.2017 19:26:19: TimerTerminateCommand.Enabled with Players:
07.03.2017 19:26:19: MessageAnnouncer >> Broadcast: vk.com/unturned_hgm - цены на премиум, VIP и другие услуги смотрите в группе!
MessageAnnouncer >> vk.com/unturned_hgm - цены на премиум, VIP и другие услуги смотрите в группе!

07.03.2017 19:26:19: TimerTerminateCommand.Enabled with Players:
07.03.2017 19:26:21: [World] xRubyPvP [daniel.com]: "/kit help"

07.03.2017 19:26:21: TimerTerminateCommand.Enabled with Players:
07.03.2017 19:26:24: END
07.03.2017 19:26:24: Упс, чет не моё: MessageAnnouncer >> Broadcast: vk.com/unturned_hgm - цены на премиум, VIP и другие услуги смотрите в группе!
07.03.2017 19:26:24: Упс, чет не моё: MessageAnnouncer >> vk.com/unturned_hgm - цены на премиум, VIP и другие услуги смотрите в группе!
07.03.2017 19:26:24: Упс, чет не моё: 
07.03.2017 19:26:39: Client has executed command "players"

07.03.2017 19:26:39: Players:
PlayerID: 76561198296488677 Name: FOX Character: джони Ping: 103

07.03.2017 19:26:39: TimerTerminateCommand.Enabled with Players:
07.03.2017 19:26:39: PlayerID: 76561198272167056 Name: ¦ Alexandr ¦ Character:  Alexandr  Ping: 70
PlayerID: 76561198278618116 Name: Mizuki Character: Mizuki Hamada Ping: 91
PlayerID: 76561198202898414 Name: adam.pogorelov Character: adam.pogorelov Ping: 80
PlayerID: 76561198309495789 Name: ..::PATRICK::.. Character: Пчела Антон Ping: 89
PlayerID: 76561198258896573 Name: ??FRIZE_BRIXE?? Character: an.primachenko Ping: 60
PlayerID: 76561198174709183 Name: _-=(FlaseR)=-_CS.MONEY Character: -$-Я уточка-$- Ping: 62

07.03.2017 19:26:39: TimerTerminateCommand.Enabled with Players:
07.03.2017 19:26:39: PlayerID: 76561198295110412 Name: daniel.com Character: xRubyPvP Ping: 97

07.03.2017 19:26:39: TimerTerminateCommand.Enabled with Players:
07.03.2017 19:26:42: END
07.03.2017 19:26:59: Client has executed command "players"

07.03.2017 19:26:59: Players:

07.03.2017 19:26:59: TimerTerminateCommand.Enabled with Players:
07.03.2017 19:26:59: PlayerID: 76561198296488677 Name: FOX Character: джони Ping: 83
PlayerID: 76561198272167056 Name: ¦ Alexandr ¦ Character:  Alexandr  Ping: 72
PlayerID: 76561198278618116 Name: Mizuki Character: Mizuki Hamada Ping: 72
PlayerID: 76561198202898414 Name: adam.pogorelov Character: adam.pogorelov Ping: 78
PlayerID: 76561198309495789 Name: ..::PATRICK::.. Character: Пчела Антон Ping: 83
PlayerID: 76561198258896573 Name: ??FRIZE_BRIXE?? Character: an.primachenko Ping: 66

07.03.2017 19:26:59: TimerTerminateCommand.Enabled with Players:
07.03.2017 19:26:59: PlayerID: 76561198174709183 Name: _-=(FlaseR)=-_CS.MONEY Character: -$-Я уточка-$- Ping: 66
PlayerID: 76561198295110412 Name: daniel.com Character: xRubyPvP Ping: 101

07.03.2017 19:26:59: TimerTerminateCommand.Enabled with Players:
07.03.2017 19:27:02: END
07.03.2017 19:27:19: Client has executed command "players"

07.03.2017 19:27:19: Players:

07.03.2017 19:27:19: TimerTerminateCommand.Enabled with Players:
07.03.2017 19:27:19: PlayerID: 76561198296488677 Name: FOX Character: джони Ping: 119
PlayerID: 76561198272167056 Name: ¦ Alexandr ¦ Character:  Alexandr  Ping: 83

07.03.2017 19:27:19: TimerTerminateCommand.Enabled with Players:
07.03.2017 19:27:19: PlayerID: 76561198278618116 Name: Mizuki Character: Mizuki Hamada Ping: 83
PlayerID: 76561198202898414 Name: adam.pogorelov Character: adam.pogorelov Ping: 119
PlayerID: 76561198309495789 Name: ..::PATRICK::.. Character: Пчела Антон Ping: 89
PlayerID: 76561198258896573 Name: ??FRIZE_BRIXE?? Character: an.primachenko Ping: 50
PlayerID: 76561198174709183 Name: _-=(FlaseR)=-_CS.MONEY Character: -$-Я уточка-$- Ping: 54

07.03.2017 19:27:19: TimerTerminateCommand.Enabled with Players:
07.03.2017 19:27:19: PlayerID: 76561198295110412 Name: daniel.com Character: xRubyPvP Ping: 89

07.03.2017 19:27:19: TimerTerminateCommand.Enabled with Players:
07.03.2017 19:27:22: END
07.03.2017 19:27:39: Client has executed command "players"

07.03.2017 19:27:39: Players:

07.03.2017 19:27:39: TimerTerminateCommand.Enabled with Players:
07.03.2017 19:27:39: PlayerID: 76561198296488677 Name: FOX Character: джони Ping: 93
PlayerID: 76561198272167056 Name: ¦ Alexandr ¦ Character:  Alexandr  Ping: 66
PlayerID: 76561198278618116 Name: Mizuki Character: Mizuki Hamada Ping: 62
PlayerID: 76561198202898414 Name: adam.pogorelov Character: adam.pogorelov Ping: 78
PlayerID: 76561198309495789 Name: ..::PATRICK::.. Character: Пчела Антон Ping: 89
PlayerID: 76561198258896573 Name: ??FRIZE_BRIXE?? Character: an.primachenko Ping: 62
PlayerID: 76561198174709183 Name: _-=(FlaseR)=-_CS.MONEY Character: -$-Я уточка-$- Ping: 62
PlayerID: 76561198295110412 Name: daniel.com Character: xRubyPvP Ping: 89

07.03.2017 19:27:39: TimerTerminateCommand.Enabled with Players:
07.03.2017 19:27:39: [World] xRubyPvP [daniel.com]: "/kit gun"

07.03.2017 19:27:39: TimerTerminateCommand.Enabled with Players:
07.03.2017 19:27:39:  Alexandr  [¦ Alexandr ¦] suffocated to death!

07.03.2017 19:27:39: TimerTerminateCommand.Enabled with Players:
07.03.2017 19:27:42: END
07.03.2017 19:27:42: Упс, чет не моё: 
07.03.2017 19:27:42: Упс, чет не моё:  Alexandr  [¦ Alexandr ¦] suffocated to death!
07.03.2017 19:27:50: [World]  Alexandr  [¦ Alexandr ¦]: "/tpa mizuki"

07.03.2017 19:27:51: [World] xRubyPvP [daniel.com]: "/kit guns"

07.03.2017 19:27:54: [World] Mizuki Hamada [Mizuki]: "/tpa a"

07.03.2017 19:27:59: Client has executed command "players"

07.03.2017 19:27:59: Players:

07.03.2017 19:27:59: TimerTerminateCommand.Enabled with Players:
07.03.2017 19:27:59: PlayerID: 76561198296488677 Name: FOX Character: джони Ping: 111
PlayerID: 76561198272167056 Name: ¦ Alexandr ¦ Character:  Alexandr  Ping: 66
PlayerID: 76561198278618116 Name: Mizuki Character: Mizuki Hamada Ping: 66

07.03.2017 19:27:59: TimerTerminateCommand.Enabled with Players:
07.03.2017 19:27:59: PlayerID: 76561198202898414 Name: adam.pogorelov Character: adam.pogorelov Ping: 83
PlayerID: 76561198309495789 Name: ..::PATRICK::.. Character: Пчела Антон Ping: 83
PlayerID: 76561198258896573 Name: ??FRIZE_BRIXE?? Character: an.primachenko Ping: 66
PlayerID: 76561198174709183 Name: _-=(FlaseR)=-_CS.MONEY Character: -$-Я уточка-$- Ping: 66
PlayerID: 76561198295110412 Name: daniel.com Character: xRubyPvP Ping: 105

07.03.2017 19:27:59: TimerTerminateCommand.Enabled with Players:
07.03.2017 19:28:02: END
07.03.2017 19:28:16: Disconnecting: PlayerID: 76561198295110412 Name: daniel.com Character: xRubyPvP

07.03.2017 19:28:16: TimerTerminateCommand.Enabled with Disconnecting: PlayerID: 76561198295110412 Name: daniel.com Character: xRubyPvP
07.03.2017 19:28:19: END
07.03.2017 19:28:19: Client has executed command "players"

07.03.2017 19:28:19: Players:

07.03.2017 19:28:19: TimerTerminateCommand.Enabled with Players:
07.03.2017 19:28:19: PlayerID: 76561198296488677 Name: FOX Character: джони Ping: 148
PlayerID: 76561198272167056 Name: ¦ Alexandr ¦ Character:  Alexandr  Ping: 72
PlayerID: 76561198278618116 Name: Mizuki Character: Mizuki Hamada Ping: 52
PlayerID: 76561198202898414 Name: adam.pogorelov Character: adam.pogorelov Ping: 101
PlayerID: 76561198309495789 Name: ..::PATRICK::.. Character: Пчела Антон Ping: 91

07.03.2017 19:28:19: TimerTerminateCommand.Enabled with Players:
07.03.2017 19:28:19: PlayerID: 76561198258896573 Name: ??FRIZE_BRIXE?? Character: an.primachenko Ping: 62
PlayerID: 76561198174709183 Name: _-=(FlaseR)=-_CS.MONEY Character: -$-Я уточка-$- Ping: 52

07.03.2017 19:28:19: TimerTerminateCommand.Enabled with Players:
07.03.2017 19:28:19: Client has executed command "players"

07.03.2017 19:28:19: TimerTerminateCommand.Enabled with Players:
07.03.2017 19:28:19: Players:

07.03.2017 19:28:19: Упс, чет не моё: 
07.03.2017 19:28:19: PlayerID: 76561198296488677 Name: FOX Character: джони Ping: 152
PlayerID: 76561198272167056 Name: ¦ Alexandr ¦ Character:  Alexandr  Ping: 76
PlayerID: 76561198278618116 Name: Mizuki Character: Mizuki Hamada Ping: 52
PlayerID: 76561198202898414 Name: adam.pogorelov Character: adam.pogorelov Ping: 105
PlayerID: 76561198309495789 Name: ..::PATRICK::.. Character: Пчела Антон Ping: 95
PlayerID: 76561198258896573 Name: ??FRIZE_BRIXE?? Character: an.primachenko Ping: 62
PlayerID: 76561198174709183 Name: _-=(FlaseR)=-_CS.MONEY Character: -$-Я уточка-$- Ping: 52

07.03.2017 19:28:19: MessageAnnouncer >> Broadcast: Наберите /kit claim, чтобы получить Claim Flag

07.03.2017 19:28:19: MessageAnnouncer >> Наберите /kit claim, чтобы получить Claim Flag

07.03.2017 19:28:39: Client has executed command "players"

07.03.2017 19:28:39: Players:

07.03.2017 19:28:39: TimerTerminateCommand.Enabled with Players:
07.03.2017 19:28:39: PlayerID: 76561198296488677 Name: FOX Character: джони Ping: 87
PlayerID: 76561198272167056 Name: ¦ Alexandr ¦ Character:  Alexandr  Ping: 62
PlayerID: 76561198278618116 Name: Mizuki Character: Mizuki Hamada Ping: 78
PlayerID: 76561198202898414 Name: adam.pogorelov Character: adam.pogorelov Ping: 74
PlayerID: 76561198309495789 Name: ..::PATRICK::.. Character: Пчела Антон Ping: 89

07.03.2017 19:28:39: TimerTerminateCommand.Enabled with Players:
07.03.2017 19:28:39: PlayerID: 76561198258896573 Name: ??FRIZE_BRIXE?? Character: an.primachenko Ping: 58
PlayerID: 76561198174709183 Name: _-=(FlaseR)=-_CS.MONEY Character: -$-Я уточка-$- Ping: 60

07.03.2017 19:28:39: TimerTerminateCommand.Enabled with Players:
07.03.2017 19:28:42: END
07.03.2017 19:28:59: Client has executed command "players"

07.03.2017 19:28:59: Players:

07.03.2017 19:28:59: TimerTerminateCommand.Enabled with Players:
07.03.2017 19:28:59: PlayerID: 76561198296488677 Name: FOX Character: джони Ping: 95
PlayerID: 76561198272167056 Name: ¦ Alexandr ¦ Character:  Alexandr  Ping: 72
PlayerID: 76561198278618116 Name: Mizuki Character: Mizuki Hamada Ping: 83
PlayerID: 76561198202898414 Name: adam.pogorelov Character: adam.pogorelov Ping: 109
PlayerID: 76561198309495789 Name: ..::PATRICK::.. Character: Пчела Антон Ping: 91
PlayerID: 76561198258896573 Name: ??FRIZE_BRIXE?? Character: an.primachenko Ping: 50
PlayerID: 76561198174709183 Name: _-=(FlaseR)=-_CS.MONEY Character: -$-Я уточка-$- Ping: 62

07.03.2017 19:28:59: TimerTerminateCommand.Enabled with Players:
07.03.2017 19:29:02: END
07.03.2017 19:29:19: Client has executed command "players"

07.03.2017 19:29:19: Players:

07.03.2017 19:29:19: TimerTerminateCommand.Enabled with Players:
07.03.2017 19:29:19: PlayerID: 76561198296488677 Name: FOX Character: джони Ping: 95
PlayerID: 76561198272167056 Name: ¦ Alexandr ¦ Character:  Alexandr  Ping: 60
PlayerID: 76561198278618116 Name: Mizuki Character: Mizuki Hamada Ping: 70
PlayerID: 76561198202898414 Name: adam.pogorelov Character: adam.pogorelov Ping: 85
PlayerID: 76561198309495789 Name: ..::PATRICK::.. Character: Пчела Антон Ping: 85
PlayerID: 76561198258896573 Name: ??FRIZE_BRIXE?? Character: an.primachenko Ping: 58

07.03.2017 19:29:19: TimerTerminateCommand.Enabled with Players:
07.03.2017 19:29:19: PlayerID: 76561198174709183 Name: _-=(FlaseR)=-_CS.MONEY Character: -$-Я уточка-$- Ping: 56

07.03.2017 19:29:19: TimerTerminateCommand.Enabled with Players:
07.03.2017 19:29:22: END
07.03.2017 19:29:31: Disconnecting: PlayerID: 76561198272167056 Name: ¦ Alexandr ¦ Character:  Alexandr 

07.03.2017 19:29:31: TimerTerminateCommand.Enabled with Disconnecting: PlayerID: 76561198272167056 Name: ¦ Alexandr ¦ Character:  Alexandr 
07.03.2017 19:29:34: END
07.03.2017 19:29:34: Client has executed command "players"

07.03.2017 19:29:34: Players:

07.03.2017 19:29:34: TimerTerminateCommand.Enabled with Players:
07.03.2017 19:29:34: PlayerID: 76561198296488677 Name: FOX Character: джони Ping: 95
PlayerID: 76561198278618116 Name: Mizuki Character: Mizuki Hamada Ping: 85
PlayerID: 76561198202898414 Name: adam.pogorelov Character: adam.pogorelov Ping: 97

07.03.2017 19:29:34: TimerTerminateCommand.Enabled with Players:
07.03.2017 19:29:34: PlayerID: 76561198309495789 Name: ..::PATRICK::.. Character: Пчела Антон Ping: 89
PlayerID: 76561198258896573 Name: ??FRIZE_BRIXE?? Character: an.primachenko Ping: 64
PlayerID: 76561198174709183 Name: _-=(FlaseR)=-_CS.MONEY Character: -$-Я уточка-$- Ping: 64

07.03.2017 19:29:34: TimerTerminateCommand.Enabled with Players:
07.03.2017 19:29:36: an.primachenko [??FRIZE_BRIXE??] was mauled by a zombie!

07.03.2017 19:29:36: TimerTerminateCommand.Enabled with Players:
07.03.2017 19:29:39: Client has executed command "players"

07.03.2017 19:29:39: TimerTerminateCommand.Enabled with Players:
07.03.2017 19:29:39: Players:

07.03.2017 19:29:39: Упс, чет не моё: an.primachenko [??FRIZE_BRIXE??] was mauled by a zombie!
07.03.2017 19:29:39: Упс, чет не моё: 
07.03.2017 19:29:39: PlayerID: 76561198296488677 Name: FOX Character: джони Ping: 148
PlayerID: 76561198278618116 Name: Mizuki Character: Mizuki Hamada Ping: 95
PlayerID: 76561198202898414 Name: adam.pogorelov Character: adam.pogorelov Ping: 105
PlayerID: 76561198309495789 Name: ..::PATRICK::.. Character: Пчела Антон Ping: 105
PlayerID: 76561198258896573 Name: ??FRIZE_BRIXE?? Character: an.primachenko Ping: 74
PlayerID: 76561198174709183 Name: _-=(FlaseR)=-_CS.MONEY Character: -$-Я уточка-$- Ping: 74

07.03.2017 19:29:44: PlayerInfoLib >> No expired player info records found for this batch.

07.03.2017 19:29:45: Saving server

07.03.2017 19:29:59: Client has executed command "players"

07.03.2017 19:29:59: Players:

07.03.2017 19:29:59: TimerTerminateCommand.Enabled with Players:
07.03.2017 19:29:59: PlayerID: 76561198296488677 Name: FOX Character: джони Ping: 105
PlayerID: 76561198278618116 Name: Mizuki Character: Mizuki Hamada Ping: 123
PlayerID: 76561198202898414 Name: adam.pogorelov Character: adam.pogorelov Ping: 85
PlayerID: 76561198309495789 Name: ..::PATRICK::.. Character: Пчела Антон Ping: 95
PlayerID: 76561198258896573 Name: ??FRIZE_BRIXE?? Character: an.primachenko Ping: 72
PlayerID: 76561198174709183 Name: _-=(FlaseR)=-_CS.MONEY Character: -$-Я уточка-$- Ping: 72

07.03.2017 19:29:59: TimerTerminateCommand.Enabled with Players:
07.03.2017 19:30:02: END
07.03.2017 19:30:19: Client has executed command "players"

07.03.2017 19:30:19: Players:

07.03.2017 19:30:19: TimerTerminateCommand.Enabled with Players:
07.03.2017 19:30:19: PlayerID: 76561198296488677 Name: FOX Character: джони Ping: 107
PlayerID: 76561198278618116 Name: Mizuki Character: Mizuki Hamada Ping: 70

07.03.2017 19:30:19: TimerTerminateCommand.Enabled with Players:
07.03.2017 19:30:19: PlayerID: 76561198202898414 Name: adam.pogorelov Character: adam.pogorelov Ping: 83
PlayerID: 76561198309495789 Name: ..::PATRICK::.. Character: Пчела Антон Ping: 105
PlayerID: 76561198258896573 Name: ??FRIZE_BRIXE?? Character: an.primachenko Ping: 50
PlayerID: 76561198174709183 Name: _-=(FlaseR)=-_CS.MONEY Character: -$-Я уточка-$- Ping: 58

07.03.2017 19:30:19: TimerTerminateCommand.Enabled with Players:
07.03.2017 19:30:19: MessageAnnouncer >> Broadcast: Если модератор ведёт себя неподобающе, пишите в группу или ЛС (vk.com/unturned_hgm, vk.com/hemulgm)

07.03.2017 19:30:19: TimerTerminateCommand.Enabled with Players:
07.03.2017 19:30:19: MessageAnnouncer >> Если модератор ведёт себя неподобающе, пишите в группу или ЛС (vk.com/unturned_hgm, vk.com/hemulgm)

07.03.2017 19:30:19: TimerTerminateCommand.Enabled with Players:
07.03.2017 19:30:22: END
07.03.2017 19:30:22: Упс, чет не моё: MessageAnnouncer >> Broadcast: Если модератор ведёт себя неподобающе, пишите в группу или ЛС (vk.com/unturned_hgm, vk.com/hemulgm)
07.03.2017 19:30:22: Упс, чет не моё: MessageAnnouncer >> Если модератор ведёт себя неподобающе, пишите в группу или ЛС (vk.com/unturned_hgm, vk.com/hemulgm)
07.03.2017 19:30:26: [World] -$-Я уточка-$- [_-=(FlaseR)=-_CS.MONEY]: "/tpa an.primatchenko"

07.03.2017 19:30:39: Client has executed command "players"

07.03.2017 19:30:39: Players:

07.03.2017 19:30:39: TimerTerminateCommand.Enabled with Players:
07.03.2017 19:30:39: PlayerID: 76561198296488677 Name: FOX Character: джони Ping: 89

07.03.2017 19:30:39: TimerTerminateCommand.Enabled with Players:
07.03.2017 19:30:39: PlayerID: 76561198278618116 Name: Mizuki Character: Mizuki Hamada Ping: 76
PlayerID: 76561198202898414 Name: adam.pogorelov Character: adam.pogorelov Ping: 107
PlayerID: 76561198309495789 Name: ..::PATRICK::.. Character: Пчела Антон Ping: 89
PlayerID: 76561198258896573 Name: ??FRIZE_BRIXE?? Character: an.primachenko Ping: 87
PlayerID: 76561198174709183 Name: _-=(FlaseR)=-_CS.MONEY Character: -$-Я уточка-$- Ping: 68

07.03.2017 19:30:39: TimerTerminateCommand.Enabled with Players:
07.03.2017 19:30:40: [World] -$-Я уточка-$- [_-=(FlaseR)=-_CS.MONEY]: "/tpa an.primachenko"

07.03.2017 19:30:40: TimerTerminateCommand.Enabled with Players:
07.03.2017 19:30:43: END
07.03.2017 19:30:43: Упс, чет не моё: 
07.03.2017 19:30:47: Mizuki Hamada [Mizuki] was mauled by a zombie!

07.03.2017 19:30:56: Disconnecting: PlayerID: 76561198278618116 Name: Mizuki Character: Mizuki Hamada

07.03.2017 19:30:56: TimerTerminateCommand.Enabled with Disconnecting: PlayerID: 76561198278618116 Name: Mizuki Character: Mizuki Hamada
07.03.2017 19:30:59: Client has executed command "players"

07.03.2017 19:30:59: TimerTerminateCommand.Enabled with Disconnecting: PlayerID: 76561198278618116 Name: Mizuki Character: Mizuki Hamada
07.03.2017 19:30:59: Players:

07.03.2017 19:30:59: PlayerID: 76561198296488677 Name: FOX Character: джони Ping: 101
PlayerID: 76561198202898414 Name: adam.pogorelov Character: adam.pogorelov Ping: 87
PlayerID: 76561198309495789 Name: ..::PATRICK::.. Character: Пчела Антон Ping: 113
PlayerID: 76561198258896573 Name: ??FRIZE_BRIXE?? Character: an.primachenko Ping: 70
PlayerID: 76561198174709183 Name: _-=(FlaseR)=-_CS.MONEY Character: -$-Я уточка-$- Ping: 54

07.03.2017 19:30:59: Client has executed command "players"

07.03.2017 19:30:59: Players:

07.03.2017 19:30:59: TimerTerminateCommand.Enabled with Players:
07.03.2017 19:30:59: PlayerID: 76561198296488677 Name: FOX Character: джони Ping: 101
PlayerID: 76561198202898414 Name: adam.pogorelov Character: adam.pogorelov Ping: 87
PlayerID: 76561198309495789 Name: ..::PATRICK::.. Character: Пчела Антон Ping: 113
PlayerID: 76561198258896573 Name: ??FRIZE_BRIXE?? Character: an.primachenko Ping: 70
PlayerID: 76561198174709183 Name: _-=(FlaseR)=-_CS.MONEY Character: -$-Я уточка-$- Ping: 54

07.03.2017 19:30:59: TimerTerminateCommand.Enabled with Players:
07.03.2017 19:31:02: END
07.03.2017 19:31:13: [World] an.primachenko [??FRIZE_BRIXE??]: "/tpa accept"

07.03.2017 19:31:19: Client has executed command "players"

07.03.2017 19:31:19: Players:

07.03.2017 19:31:19: TimerTerminateCommand.Enabled with Players:
07.03.2017 19:31:19: PlayerID: 76561198296488677 Name: FOX Character: джони Ping: 99
PlayerID: 76561198202898414 Name: adam.pogorelov Character: adam.pogorelov Ping: 83

07.03.2017 19:31:19: TimerTerminateCommand.Enabled with Players:
07.03.2017 19:31:19: PlayerID: 76561198309495789 Name: ..::PATRICK::.. Character: Пчела Антон Ping: 83
PlayerID: 76561198258896573 Name: ??FRIZE_BRIXE?? Character: an.primachenko Ping: 82
PlayerID: 76561198174709183 Name: _-=(FlaseR)=-_CS.MONEY Character: -$-Я уточка-$- Ping: 58

07.03.2017 19:31:19: TimerTerminateCommand.Enabled with Players:
07.03.2017 19:31:22: END
07.03.2017 19:31:39: Client has executed command "players"

07.03.2017 19:31:39: Players:

07.03.2017 19:31:39: TimerTerminateCommand.Enabled with Players:
07.03.2017 19:31:39: PlayerID: 76561198296488677 Name: FOX Character: джони Ping: 99
PlayerID: 76561198202898414 Name: adam.pogorelov Character: adam.pogorelov Ping: 93
PlayerID: 76561198309495789 Name: ..::PATRICK::.. Character: Пчела Антон Ping: 95

07.03.2017 19:31:39: TimerTerminateCommand.Enabled with Players:
07.03.2017 19:31:39: PlayerID: 76561198258896573 Name: ??FRIZE_BRIXE?? Character: an.primachenko Ping: 62
PlayerID: 76561198174709183 Name: _-=(FlaseR)=-_CS.MONEY Character: -$-Я уточка-$- Ping: 56

07.03.2017 19:31:39: TimerTerminateCommand.Enabled with Players:
07.03.2017 19:31:42: END
07.03.2017 19:31:59: Client has executed command "players"

07.03.2017 19:31:59: Players:

07.03.2017 19:31:59: TimerTerminateCommand.Enabled with Players:
07.03.2017 19:31:59: PlayerID: 76561198296488677 Name: FOX Character: джони Ping: 89
PlayerID: 76561198202898414 Name: adam.pogorelov Character: adam.pogorelov Ping: 85
PlayerID: 76561198309495789 Name: ..::PATRICK::.. Character: Пчела Антон Ping: 82

07.03.2017 19:31:59: TimerTerminateCommand.Enabled with Players:
07.03.2017 19:31:59: PlayerID: 76561198258896573 Name: ??FRIZE_BRIXE?? Character: an.primachenko Ping: 56
PlayerID: 76561198174709183 Name: _-=(FlaseR)=-_CS.MONEY Character: -$-Я уточка-$- Ping: 62

07.03.2017 19:31:59: TimerTerminateCommand.Enabled with Players:
07.03.2017 19:32:02: END
07.03.2017 19:32:02: adam.pogorelov [adam.pogorelov] was mauled by a zombie!

07.03.2017 19:32:17: [World] adam.pogorelov [adam.pogorelov]: "/tpa джо"

07.03.2017 19:32:19: Client has executed command "players"

07.03.2017 19:32:19: Players:

07.03.2017 19:32:19: TimerTerminateCommand.Enabled with Players:
07.03.2017 19:32:19: PlayerID: 76561198296488677 Name: FOX Character: джони Ping: 91
PlayerID: 76561198202898414 Name: adam.pogorelov Character: adam.pogorelov Ping: 83
PlayerID: 76561198309495789 Name: ..::PATRICK::.. Character: Пчела Антон Ping: 78

07.03.2017 19:32:19: TimerTerminateCommand.Enabled with Players:
07.03.2017 19:32:19: PlayerID: 76561198258896573 Name: ??FRIZE_BRIXE?? Character: an.primachenko Ping: 82
PlayerID: 76561198174709183 Name: _-=(FlaseR)=-_CS.MONEY Character: -$-Я уточка-$- Ping: 62

07.03.2017 19:32:19: TimerTerminateCommand.Enabled with Players:
07.03.2017 19:32:19: MessageAnnouncer >> Broadcast: vk.com/hemulgm - ЕДИНСТВЕННЫЙ администратор сервера

07.03.2017 19:32:19: TimerTerminateCommand.Enabled with Players:
07.03.2017 19:32:19: MessageAnnouncer >> vk.com/hemulgm - ЕДИНСТВЕННЫЙ администратор сервера

07.03.2017 19:32:19: TimerTerminateCommand.Enabled with Players:
07.03.2017 19:32:22: END
07.03.2017 19:32:22: Упс, чет не моё: MessageAnnouncer >> Broadcast: vk.com/hemulgm - ЕДИНСТВЕННЫЙ администратор сервера
07.03.2017 19:32:22: Упс, чет не моё: MessageAnnouncer >> vk.com/hemulgm - ЕДИНСТВЕННЫЙ администратор сервера
07.03.2017 19:32:24: [World] джони [FOX]: "/tpa accept"

07.03.2017 19:32:25: adam.pogorelov moved x:-51.26225 y:236.3635(+128.8622) z:701.8783 in the last second (0.4116364)

07.03.2017 19:32:39: Client has executed command "players"

07.03.2017 19:32:39: Players:

07.03.2017 19:32:39: TimerTerminateCommand.Enabled with Players:
07.03.2017 19:32:39: PlayerID: 76561198296488677 Name: FOX Character: джони Ping: 91
PlayerID: 76561198202898414 Name: adam.pogorelov Character: adam.pogorelov Ping: 87
PlayerID: 76561198309495789 Name: ..::PATRICK::.. Character: Пчела Антон Ping: 93
PlayerID: 76561198258896573 Name: ??FRIZE_BRIXE?? Character: an.primachenko Ping: 62
PlayerID: 76561198174709183 Name: _-=(FlaseR)=-_CS.MONEY Character: -$-Я уточка-$- Ping: 56

07.03.2017 19:32:39: TimerTerminateCommand.Enabled with Players:
07.03.2017 19:32:42: END
07.03.2017 19:32:59: Client has executed command "players"

07.03.2017 19:32:59: Players:

07.03.2017 19:32:59: TimerTerminateCommand.Enabled with Players:
07.03.2017 19:32:59: PlayerID: 76561198296488677 Name: FOX Character: джони Ping: 107

07.03.2017 19:32:59: TimerTerminateCommand.Enabled with Players:
07.03.2017 19:32:59: PlayerID: 76561198202898414 Name: adam.pogorelov Character: adam.pogorelov Ping: 70
PlayerID: 76561198309495789 Name: ..::PATRICK::.. Character: Пчела Антон Ping: 78
PlayerID: 76561198258896573 Name: ??FRIZE_BRIXE?? Character: an.primachenko Ping: 52
PlayerID: 76561198174709183 Name: _-=(FlaseR)=-_CS.MONEY Character: -$-Я уточка-$- Ping: 54

07.03.2017 19:32:59: TimerTerminateCommand.Enabled with Players:
07.03.2017 19:33:02: END
07.03.2017 19:33:19: Client has executed command "players"

07.03.2017 19:33:19: Players:

07.03.2017 19:33:19: TimerTerminateCommand.Enabled with Players:
07.03.2017 19:33:19: PlayerID: 76561198296488677 Name: FOX Character: джони Ping: 95
PlayerID: 76561198202898414 Name: adam.pogorelov Character: adam.pogorelov Ping: 78
PlayerID: 76561198309495789 Name: ..::PATRICK::.. Character: Пчела Антон Ping: 80
PlayerID: 76561198258896573 Name: ??FRIZE_BRIXE?? Character: an.primachenko Ping: 64

07.03.2017 19:33:19: TimerTerminateCommand.Enabled with Players:
07.03.2017 19:33:19: PlayerID: 76561198174709183 Name: _-=(FlaseR)=-_CS.MONEY Character: -$-Я уточка-$- Ping: 68

07.03.2017 19:33:19: TimerTerminateCommand.Enabled with Players:
07.03.2017 19:33:22: END
07.03.2017 19:33:39: Client has executed command "players"

07.03.2017 19:33:39: Players:

07.03.2017 19:33:39: TimerTerminateCommand.Enabled with Players:
07.03.2017 19:33:39: PlayerID: 76561198296488677 Name: FOX Character: джони Ping: 113
PlayerID: 76561198202898414 Name: adam.pogorelov Character: adam.pogorelov Ping: 76
PlayerID: 76561198309495789 Name: ..::PATRICK::.. Character: Пчела Антон Ping: 80
PlayerID: 76561198258896573 Name: ??FRIZE_BRIXE?? Character: an.primachenko Ping: 56

07.03.2017 19:33:39: TimerTerminateCommand.Enabled with Players:
07.03.2017 19:33:39: PlayerID: 76561198174709183 Name: _-=(FlaseR)=-_CS.MONEY Character: -$-Я уточка-$- Ping: 48

07.03.2017 19:33:39: TimerTerminateCommand.Enabled with Players:
07.03.2017 19:33:42: END
07.03.2017 19:33:59: Client has executed command "players"

07.03.2017 19:33:59: Players:

07.03.2017 19:33:59: TimerTerminateCommand.Enabled with Players:
07.03.2017 19:33:59: PlayerID: 76561198296488677 Name: FOX Character: джони Ping: 109
PlayerID: 76561198202898414 Name: adam.pogorelov Character: adam.pogorelov Ping: 80
PlayerID: 76561198309495789 Name: ..::PATRICK::.. Character: Пчела Антон Ping: 87
PlayerID: 76561198258896573 Name: ??FRIZE_BRIXE?? Character: an.primachenko Ping: 56
PlayerID: 76561198174709183 Name: _-=(FlaseR)=-_CS.MONEY Character: -$-Я уточка-$- Ping: 52

07.03.2017 19:33:59: TimerTerminateCommand.Enabled with Players:
07.03.2017 19:34:02: END
07.03.2017 19:34:19: Client has executed command "players"

07.03.2017 19:34:19: Players:

07.03.2017 19:34:19: TimerTerminateCommand.Enabled with Players:
07.03.2017 19:34:19: PlayerID: 76561198296488677 Name: FOX Character: джони Ping: 107
PlayerID: 76561198202898414 Name: adam.pogorelov Character: adam.pogorelov Ping: 87
PlayerID: 76561198309495789 Name: ..::PATRICK::.. Character: Пчела Антон Ping: 87
PlayerID: 76561198258896573 Name: ??FRIZE_BRIXE?? Character: an.primachenko Ping: 54
PlayerID: 76561198174709183 Name: _-=(FlaseR)=-_CS.MONEY Character: -$-Я уточка-$- Ping: 50

07.03.2017 19:34:19: TimerTerminateCommand.Enabled with Players:
07.03.2017 19:34:19: MessageAnnouncer >> Broadcast: Используйте /report [ник], чтобы отправить жалобу на игрока

07.03.2017 19:34:19: TimerTerminateCommand.Enabled with Players:
07.03.2017 19:34:19: MessageAnnouncer >> Используйте /report [ник], чтобы отправить жалобу на игрока

07.03.2017 19:34:19: TimerTerminateCommand.Enabled with Players:
07.03.2017 19:34:22: END
07.03.2017 19:34:22: Упс, чет не моё: MessageAnnouncer >> Broadcast: Используйте /report [ник], чтобы отправить жалобу на игрока
07.03.2017 19:34:22: Упс, чет не моё: MessageAnnouncer >> Используйте /report [ник], чтобы отправить жалобу на игрока
07.03.2017 19:34:39: Client has executed command "players"

07.03.2017 19:34:39: Players:

07.03.2017 19:34:39: TimerTerminateCommand.Enabled with Players:
07.03.2017 19:34:39: PlayerID: 76561198296488677 Name: FOX Character: джони Ping: 89

07.03.2017 19:34:39: TimerTerminateCommand.Enabled with Players:
07.03.2017 19:34:39: PlayerID: 76561198202898414 Name: adam.pogorelov Character: adam.pogorelov Ping: 89

07.03.2017 19:34:39: TimerTerminateCommand.Enabled with Players:
07.03.2017 19:34:39: PlayerID: 76561198309495789 Name: ..::PATRICK::.. Character: Пчела Антон Ping: 87
PlayerID: 76561198258896573 Name: ??FRIZE_BRIXE?? Character: an.primachenko Ping: 60
PlayerID: 76561198174709183 Name: _-=(FlaseR)=-_CS.MONEY Character: -$-Я уточка-$- Ping: 62

07.03.2017 19:34:39: TimerTerminateCommand.Enabled with Players:
07.03.2017 19:34:42: END
07.03.2017 19:34:59: Client has executed command "players"

07.03.2017 19:34:59: Players:

07.03.2017 19:34:59: TimerTerminateCommand.Enabled with Players:
07.03.2017 19:34:59: PlayerID: 76561198296488677 Name: FOX Character: джони Ping: 99
PlayerID: 76561198202898414 Name: adam.pogorelov Character: adam.pogorelov Ping: 93

07.03.2017 19:34:59: TimerTerminateCommand.Enabled with Players:
07.03.2017 19:34:59: PlayerID: 76561198309495789 Name: ..::PATRICK::.. Character: Пчела Антон Ping: 93
PlayerID: 76561198258896573 Name: ??FRIZE_BRIXE?? Character: an.primachenko Ping: 56
PlayerID: 76561198174709183 Name: _-=(FlaseR)=-_CS.MONEY Character: -$-Я уточка-$- Ping: 54

07.03.2017 19:34:59: TimerTerminateCommand.Enabled with Players:
07.03.2017 19:35:02: END
07.03.2017 19:35:19: Client has executed command "players"

07.03.2017 19:35:19: Players:

07.03.2017 19:35:19: TimerTerminateCommand.Enabled with Players:
07.03.2017 19:35:19: PlayerID: 76561198296488677 Name: FOX Character: джони Ping: 125
PlayerID: 76561198202898414 Name: adam.pogorelov Character: adam.pogorelov Ping: 87
PlayerID: 76561198309495789 Name: ..::PATRICK::.. Character: Пчела Антон Ping: 87

07.03.2017 19:35:19: TimerTerminateCommand.Enabled with Players:
07.03.2017 19:35:19: PlayerID: 76561198258896573 Name: ??FRIZE_BRIXE?? Character: an.primachenko Ping: 60
PlayerID: 76561198174709183 Name: _-=(FlaseR)=-_CS.MONEY Character: -$-Я уточка-$- Ping: 60

07.03.2017 19:35:19: TimerTerminateCommand.Enabled with Players:
07.03.2017 19:35:22: END
07.03.2017 19:35:39: Client has executed command "players"

07.03.2017 19:35:39: Players:

07.03.2017 19:35:39: TimerTerminateCommand.Enabled with Players:
07.03.2017 19:35:39: PlayerID: 76561198296488677 Name: FOX Character: джони Ping: 89
PlayerID: 76561198202898414 Name: adam.pogorelov Character: adam.pogorelov Ping: 93
PlayerID: 76561198309495789 Name: ..::PATRICK::.. Character: Пчела Антон Ping: 97
PlayerID: 76561198258896573 Name: ??FRIZE_BRIXE?? Character: an.primachenko Ping: 48
PlayerID: 76561198174709183 Name: _-=(FlaseR)=-_CS.MONEY Character: -$-Я уточка-$- Ping: 68

07.03.2017 19:35:39: TimerTerminateCommand.Enabled with Players:
07.03.2017 19:35:42: END
07.03.2017 19:35:59: Client has executed command "players"

07.03.2017 19:35:59: Players:

07.03.2017 19:35:59: TimerTerminateCommand.Enabled with Players:
07.03.2017 19:35:59: PlayerID: 76561198296488677 Name: FOX Character: джони Ping: 87

07.03.2017 19:35:59: TimerTerminateCommand.Enabled with Players:
07.03.2017 19:35:59: PlayerID: 76561198202898414 Name: adam.pogorelov Character: adam.pogorelov Ping: 78
PlayerID: 76561198309495789 Name: ..::PATRICK::.. Character: Пчела Антон Ping: 80
PlayerID: 76561198258896573 Name: ??FRIZE_BRIXE?? Character: an.primachenko Ping: 52
PlayerID: 76561198174709183 Name: _-=(FlaseR)=-_CS.MONEY Character: -$-Я уточка-$- Ping: 56

07.03.2017 19:35:59: TimerTerminateCommand.Enabled with Players:
07.03.2017 19:36:02: END
07.03.2017 19:36:19: Client has executed command "players"

07.03.2017 19:36:19: Players:
PlayerID: 76561198296488677 Name: FOX Character: джони Ping: 87

07.03.2017 19:36:19: TimerTerminateCommand.Enabled with Players:
07.03.2017 19:36:19: PlayerID: 76561198202898414 Name: adam.pogorelov Character: adam.pogorelov Ping: 97
PlayerID: 76561198309495789 Name: ..::PATRICK::.. Character: Пчела Антон Ping: 80
PlayerID: 76561198258896573 Name: ??FRIZE_BRIXE?? Character: an.primachenko Ping: 66
PlayerID: 76561198174709183 Name: _-=(FlaseR)=-_CS.MONEY Character: -$-Я уточка-$- Ping: 70

07.03.2017 19:36:19: TimerTerminateCommand.Enabled with Players:
07.03.2017 19:36:19: MessageAnnouncer >> Broadcast: Наберите /rules (/r) для просмотра правил

07.03.2017 19:36:19: TimerTerminateCommand.Enabled with Players:
07.03.2017 19:36:19: MessageAnnouncer >> Наберите /rules (/r) для просмотра правил

07.03.2017 19:36:19: TimerTerminateCommand.Enabled with Players:
07.03.2017 19:36:22: END
07.03.2017 19:36:22: Упс, чет не моё: MessageAnnouncer >> Broadcast: Наберите /rules (/r) для просмотра правил
07.03.2017 19:36:22: Упс, чет не моё: MessageAnnouncer >> Наберите /rules (/r) для просмотра правил
07.03.2017 19:36:39: Client has executed command "players"

07.03.2017 19:36:39: Players:

07.03.2017 19:36:39: TimerTerminateCommand.Enabled with Players:
07.03.2017 19:36:39: PlayerID: 76561198296488677 Name: FOX Character: джони Ping: 121
PlayerID: 76561198202898414 Name: adam.pogorelov Character: adam.pogorelov Ping: 87
PlayerID: 76561198309495789 Name: ..::PATRICK::.. Character: Пчела Антон Ping: 87
PlayerID: 76561198258896573 Name: ??FRIZE_BRIXE?? Character: an.primachenko Ping: 60
PlayerID: 76561198174709183 Name: _-=(FlaseR)=-_CS.MONEY Character: -$-Я уточка-$- Ping: 64

07.03.2017 19:36:39: TimerTerminateCommand.Enabled with Players:
07.03.2017 19:36:42: END
07.03.2017 19:36:56: Connecting: PlayerID: 76561198363997302 Name: saugattrainer Character: saugattrainer

07.03.2017 19:36:56: TimerTerminateCommand.Enabled with Connecting: PlayerID: 76561198363997302 Name: saugattrainer Character: saugattrainer
07.03.2017 19:36:59: END
07.03.2017 19:36:59: Client has executed command "players"

07.03.2017 19:36:59: Players:

07.03.2017 19:36:59: TimerTerminateCommand.Enabled with Players:
07.03.2017 19:36:59: PlayerID: 76561198296488677 Name: FOX Character: джони Ping: 117
PlayerID: 76561198202898414 Name: adam.pogorelov Character: adam.pogorelov Ping: 87
PlayerID: 76561198309495789 Name: ..::PATRICK::.. Character: Пчела Антон Ping: 82
PlayerID: 76561198258896573 Name: ??FRIZE_BRIXE?? Character: an.primachenko Ping: 76

07.03.2017 19:36:59: TimerTerminateCommand.Enabled with Players:
07.03.2017 19:36:59: PlayerID: 76561198174709183 Name: _-=(FlaseR)=-_CS.MONEY Character: -$-Я уточка-$- Ping: 76
PlayerID: 76561198363997302 Name: saugattrainer Character: saugattrainer Ping: 0

07.03.2017 19:36:59: TimerTerminateCommand.Enabled with Players:
07.03.2017 19:36:59: Client has executed command "players"

07.03.2017 19:36:59: TimerTerminateCommand.Enabled with Players:
07.03.2017 19:36:59: Players:

07.03.2017 19:36:59: Упс, чет не моё: 
07.03.2017 19:36:59: PlayerID: 76561198296488677 Name: FOX Character: джони Ping: 111
PlayerID: 76561198202898414 Name: adam.pogorelov Character: adam.pogorelov Ping: 91
PlayerID: 76561198309495789 Name: ..::PATRICK::.. Character: Пчела Антон Ping: 83
PlayerID: 76561198258896573 Name: ??FRIZE_BRIXE?? Character: an.primachenko Ping: 74
PlayerID: 76561198174709183 Name: _-=(FlaseR)=-_CS.MONEY Character: -$-Я уточка-$- Ping: 72

07.03.2017 19:36:59: PlayerID: 76561198363997302 Name: saugattrainer Character: saugattrainer Ping: 0

07.03.2017 19:37:19: Client has executed command "players"

07.03.2017 19:37:19: Players:

07.03.2017 19:37:19: TimerTerminateCommand.Enabled with Players:
07.03.2017 19:37:19: PlayerID: 76561198296488677 Name: FOX Character: джони Ping: 119
PlayerID: 76561198202898414 Name: adam.pogorelov Character: adam.pogorelov Ping: 107
PlayerID: 76561198309495789 Name: ..::PATRICK::.. Character: Пчела Антон Ping: 76

07.03.2017 19:37:19: TimerTerminateCommand.Enabled with Players:
07.03.2017 19:37:19: PlayerID: 76561198258896573 Name: ??FRIZE_BRIXE?? Character: an.primachenko Ping: 64
PlayerID: 76561198174709183 Name: _-=(FlaseR)=-_CS.MONEY Character: -$-Я уточка-$- Ping: 64
PlayerID: 76561198363997302 Name: saugattrainer Character: saugattrainer Ping: 449

07.03.2017 19:37:19: TimerTerminateCommand.Enabled with Players:
07.03.2017 19:37:22: END
07.03.2017 19:37:26: Disconnecting: PlayerID: 76561198363997302 Name: saugattrainer Character: saugattrainer

07.03.2017 19:37:26: TimerTerminateCommand.Enabled with Disconnecting: PlayerID: 76561198363997302 Name: saugattrainer Character: saugattrainer
07.03.2017 19:37:29: END
07.03.2017 19:37:29: Client has executed command "players"

07.03.2017 19:37:29: Players:

07.03.2017 19:37:29: TimerTerminateCommand.Enabled with Players:
07.03.2017 19:37:29: PlayerID: 76561198296488677 Name: FOX Character: джони Ping: 113
PlayerID: 76561198202898414 Name: adam.pogorelov Character: adam.pogorelov Ping: 76

07.03.2017 19:37:29: TimerTerminateCommand.Enabled with Players:
07.03.2017 19:37:29: PlayerID: 76561198309495789 Name: ..::PATRICK::.. Character: Пчела Антон Ping: 97
PlayerID: 76561198258896573 Name: ??FRIZE_BRIXE?? Character: an.primachenko Ping: 62
PlayerID: 76561198174709183 Name: _-=(FlaseR)=-_CS.MONEY Character: -$-Я уточка-$- Ping: 52

07.03.2017 19:37:29: TimerTerminateCommand.Enabled with Players:
07.03.2017 19:37:32: END
07.03.2017 19:37:39: Client has executed command "players"

07.03.2017 19:37:39: Players:

07.03.2017 19:37:39: TimerTerminateCommand.Enabled with Players:
07.03.2017 19:37:39: PlayerID: 76561198296488677 Name: FOX Character: джони Ping: 99
PlayerID: 76561198202898414 Name: adam.pogorelov Character: adam.pogorelov Ping: 87
PlayerID: 76561198309495789 Name: ..::PATRICK::.. Character: Пчела Антон Ping: 72
PlayerID: 76561198258896573 Name: ??FRIZE_BRIXE?? Character: an.primachenko Ping: 56

07.03.2017 19:37:39: TimerTerminateCommand.Enabled with Players:
07.03.2017 19:37:39: PlayerID: 76561198174709183 Name: _-=(FlaseR)=-_CS.MONEY Character: -$-Я уточка-$- Ping: 62

07.03.2017 19:37:39: TimerTerminateCommand.Enabled with Players:
07.03.2017 19:37:42: END
