11.03.2017 19:33:23: RocketRcon v2.4.8.0

11.03.2017 19:33:23: Client has executed command "players"

11.03.2017 19:33:23: Failed to find any players.

11.03.2017 19:33:23: TimerTerminateCommand.Enabled with Failed to find any players.
11.03.2017 19:33:26: END
11.03.2017 19:33:35: RocketRcon v2.4.8.0

11.03.2017 19:33:36: Client has executed command "players"

11.03.2017 19:33:36: Failed to find any players.

11.03.2017 19:33:36: TimerTerminateCommand.Enabled with Failed to find any players.
11.03.2017 19:33:36: RocketRcon v2.4.8.0

11.03.2017 19:33:36: TimerTerminateCommand.Enabled with Failed to find any players.
11.03.2017 19:33:36: Client has executed command "players"

11.03.2017 19:33:36: TimerTerminateCommand.Enabled with Failed to find any players.
11.03.2017 19:33:37: Failed to find any players.

11.03.2017 19:33:37: Client has disconnected! (IP: 192.168.0.83:35717)

11.03.2017 19:33:38: Client has disconnected! (IP: 192.168.0.83:35731)

11.03.2017 19:33:40: Client has executed command "players"

11.03.2017 19:33:40: Failed to find any players.

11.03.2017 19:33:40: TimerTerminateCommand.Enabled with Failed to find any players.
11.03.2017 19:33:40: Client has executed command "players"

11.03.2017 19:33:40: TimerTerminateCommand.Enabled with Failed to find any players.
11.03.2017 19:33:40: Failed to find any players.

11.03.2017 19:33:43: Client has executed command "players"

11.03.2017 19:33:43: Failed to find any players.

11.03.2017 19:33:43: TimerTerminateCommand.Enabled with Failed to find any players.
11.03.2017 19:33:46: END
