25.02.2017 11:52:55: [Area] tema42233 [tema42233]: "стой"

25.02.2017 11:52:53: [Area] Rento [vadasurik]: "тп"

25.02.2017 11:52:48: PlayerID: 76561198074664553 Name: stalker Character: ClayShooter Ping: 136
PlayerID: 76561198309266497 Name: Oganek4 Character: Oganek Ping: 102

25.02.2017 11:52:48: PlayerID: 76561198277011210 Name: POI9 Character: pavel.gitman Ping: 104
PlayerID: 76561198345369673 Name: tema42233 Character: tema42233 Ping: 108
PlayerID: 76561198302975346 Name: Skiletrons Character: Майкл Маерс Ping: 67
PlayerID: 76561198367480230 Name: vadasurik Character: Rento Ping: 67

25.02.2017 11:52:48: Упс, чет не моё: Client has executed command "players"
25.02.2017 11:52:48: Players:

25.02.2017 11:52:48: Client has executed command "players"

25.02.2017 11:52:47: PlayerID: 76561198309266497 Name: Oganek4 Character: Oganek Ping: 101

25.02.2017 11:52:47: PlayerID: 76561198302975346 Name: Skiletrons Character: Майкл Маерс Ping: 66
PlayerID: 76561198367480230 Name: vadasurik Character: Rento Ping: 72
PlayerID: 76561198074664553 Name: stalker Character: ClayShooter Ping: 137

25.02.2017 11:52:47: PlayerID: 76561198345369673 Name: tema42233 Character: tema42233 Ping: 71

25.02.2017 11:52:47: PlayerID: 76561198277011210 Name: POI9 Character: pavel.gitman Ping: 104

25.02.2017 11:52:47: Players:

25.02.2017 11:52:47: Client has executed command "players"

25.02.2017 11:52:47: RocketRcon v2.4.8.0

