10.03.2017 20:54:36: RocketRcon v2.4.8.0

10.03.2017 20:54:36: Client has executed command "players"

10.03.2017 20:54:36: Players:

10.03.2017 20:54:36: TimerTerminateCommand.Enabled with Players:
10.03.2017 20:54:36: PlayerID: 76561198367480230 Name: vadasurik Character: [MLG] Rento Ping: 83
PlayerID: 76561198338115720 Name: eaglewatch704 Character: eaglewatch704 Ping: 192

10.03.2017 20:54:36: TimerTerminateCommand.Enabled with Players:
10.03.2017 20:54:38: [World] [MLG] Rento [vadasurik]: "hi"

10.03.2017 20:54:38: TimerTerminateCommand.Enabled with Players:
10.03.2017 20:54:40: Client has executed command "players"

10.03.2017 20:54:40: TimerTerminateCommand.Enabled with Players:
10.03.2017 20:54:40: Players:

10.03.2017 20:54:40: ”пс, чет не моЄ: 
10.03.2017 20:54:40: ”пс, чет не моЄ: 
10.03.2017 20:54:40: PlayerID: 76561198367480230 Name: vadasurik Character: [MLG] Rento Ping: 72
PlayerID: 76561198338115720 Name: eaglewatch704 Character: eaglewatch704 Ping: 196

10.03.2017 20:54:41: Client has executed command "players"

10.03.2017 20:54:41: Players:

10.03.2017 20:54:41: TimerTerminateCommand.Enabled with Players:
10.03.2017 20:54:41: PlayerID: 76561198367480230 Name: vadasurik Character: [MLG] Rento Ping: 73
PlayerID: 76561198338115720 Name: eaglewatch704 Character: eaglewatch704 Ping: 194

10.03.2017 20:54:41: TimerTerminateCommand.Enabled with Players:
