22.02.2017 16:00:25: Disconnecting: PlayerID: 76561198198578146 Name: NightCatSan Character: NightCatSan

22.02.2017 16:00:24: [World] RP кашка [a.bykov.ru]: "ичто"

22.02.2017 16:00:13: [World] NightCatSan [NightCatSan]: "Писать научись"

22.02.2017 16:00:05: [World] RP кашка [a.bykov.ru]: "ишто"

22.02.2017 15:59:52: MessageAnnouncer >> Наберите /rules (/r) для просмотра правил

22.02.2017 15:59:52: MessageAnnouncer >> Broadcast: Наберите /rules (/r) для просмотра правил

22.02.2017 15:59:48: [World] NightCatSan [NightCatSan]: "Ночной рейдер с гиги выпал"

22.02.2017 15:59:26: [World] RP кашка [a.bykov.ru]: "значит не даш"

22.02.2017 15:59:23: Players:
PlayerID: 76561198272327937 Name: Thug Life Character: Семёныч Ping: 68
PlayerID: 76561198243530780 Name: LuckyMan ^-^csgo-happy.ru Character: LuckyMan ^-^ Ping: 125
PlayerID: 76561198272167056 Name: ¦ Alexandr ¦ Character: Alexandr  Kotov Ping: 78
PlayerID: 76561198198578146 Name: NightCatSan Character: NightCatSan Ping: 66
PlayerID: 76561198302975346 Name: Максим Character: Skiletrons Ping: 91
PlayerID: 76561198352754645 Name: Assassin Character: Assassin Ping: 152
PlayerID: 76561198330212465 Name: O:FlyWith:D Character: [Свобода]SnoopDogg Ping: 142
PlayerID: 76561198278618116 Name: Mizuki Character: Mizuki Ping: 238
PlayerID: 76561198290368848 Name: жнец Character: иван Ping: 52
PlayerID: 76561198219589236 Name: ANDREW?? Character: Anrysha Ping: 125
PlayerID: 76561198076319498 Name: a.bykov.ru Character: RP кашка Ping: 35

22.02.2017 15:59:23: Client has executed command "players"

22.02.2017 15:59:23: RocketRcon v2.4.8.0

