25.02.2017 16:06:00: MessageAnnouncer >> vk.com/hemulgm - ЕДИНСТВЕННЫЙ администратор сервера

25.02.2017 16:06:00: MessageAnnouncer >> Broadcast: vk.com/hemulgm - ЕДИНСТВЕННЫЙ администратор сервера

25.02.2017 16:05:57: END
25.02.2017 16:05:54: PlayerID: 76561198157079221 Name: Xx_D_A_N_Y_A_R_xX Character: Xx_D_A_N_Y_A_R_xX Ping: 0

25.02.2017 16:05:54: PlayerID: 76561198329039763 Name: сталкер Character: semenok-08 Ping: 160
PlayerID: 76561198282864662 Name: ??Unanick?? Character: Unanick Ping: 63
PlayerID: 76561198310855158 Name: tbassie11 Character: teriepouwernl Ping: 333
PlayerID: 76561198277011210 Name: Mini-Dog Character: pavel.gitman Ping: 103
PlayerID: 76561198309625109 Name: FT7-F.O.X Character: тойга Ping: 240

25.02.2017 16:05:54: PlayerID: 76561198308425560 Name: _-_Бешенный Кот_-_ Character: _-_Бешенный Кот_-_ Ping: 132
PlayerID: 76561198283135683 Name: Flash Character: БАБА ЗИНА Ping: 36
PlayerID: 76561197991227717 Name: 2K17_ORO/TOP/ONE Character: Frostgil Ping: 44
PlayerID: 76561198367480230 Name: vadasurik Character: Rento Ping: 92

25.02.2017 16:05:54: Players:

25.02.2017 16:05:54: Client has executed command "players"

25.02.2017 16:05:54: Client has executed command "players"
Players:
PlayerID: 76561198308425560 Name: _-_Бешенный Кот_-_ Character: _-_Бешенный Кот_-_ Ping: 132
PlayerID: 76561198283135683 Name: Flash Character: БАБА ЗИНА Ping: 36
PlayerID: 76561197991227717 Name: 2K17_ORO/TOP/ONE Character: Frostgil Ping: 44
PlayerID: 76561198367480230 Name: vadasurik Character: Rento Ping: 92
PlayerID: 76561198329039763 Name: сталкер Character: semenok-08 Ping: 160
PlayerID: 76561198282864662 Name: ??Unanick?? Character: Unanick Ping: 63
PlayerID: 76561198310855158 Name: tbassie11 Character: teriepouwernl Ping: 333
PlayerID: 76561198277011210 Name: Mini-Dog Character: pavel.gitman Ping: 103
PlayerID: 76561198309625109 Name: FT7-F.O.X Character: тойга Ping: 240
PlayerID: 76561198157079221 Name: Xx_D_A_N_Y_A_R_xX Character: Xx_D_A_N_Y_A_R_xX Ping: 0

25.02.2017 16:05:53: Connecting: PlayerID: 76561198157079221 Name: Xx_D_A_N_Y_A_R_xX Character: Xx_D_A_N_Y_A_R_xX

25.02.2017 16:05:37: END
25.02.2017 16:05:34: PlayerID: 76561198277011210 Name: Mini-Dog Character: pavel.gitman Ping: 104
PlayerID: 76561198309625109 Name: FT7-F.O.X Character: тойга Ping: 229

25.02.2017 16:05:34: PlayerID: 76561198282864662 Name: ??Unanick?? Character: Unanick Ping: 63
PlayerID: 76561198310855158 Name: tbassie11 Character: teriepouwernl Ping: 351

25.02.2017 16:05:34: PlayerID: 76561198367480230 Name: vadasurik Character: Rento Ping: 84
PlayerID: 76561198329039763 Name: сталкер Character: semenok-08 Ping: 146

25.02.2017 16:05:34: PlayerID: 76561197991227717 Name: 2K17_ORO/TOP/ONE Character: Frostgil Ping: 45

25.02.2017 16:05:34: PlayerID: 76561198283135683 Name: Flash Character: БАБА ЗИНА Ping: 41

25.02.2017 16:05:34: PlayerID: 76561198308425560 Name: _-_Бешенный Кот_-_ Character: _-_Бешенный Кот_-_ Ping: 135

25.02.2017 16:05:34: Players:

25.02.2017 16:05:34: Client has executed command "players"

25.02.2017 16:05:34: RocketRcon v2.4.8.0

