22.02.2017 15:57:15: Players:
PlayerID: 76561198272327937 Name: Thug Life Character: Семёныч Ping: 54
PlayerID: 76561198243530780 Name: LuckyMan ^-^csgo-happy.ru Character: LuckyMan ^-^ Ping: 130
PlayerID: 76561198272167056 Name: ¦ Alexandr ¦ Character: Alexandr  Kotov Ping: 72
PlayerID: 76561198198578146 Name: NightCatSan Character: NightCatSan Ping: 70
PlayerID: 76561198302975346 Name: Максим Character: Skiletrons Ping: 83
PlayerID: 76561198352754645 Name: Assassin Character: Assassin Ping: 152
PlayerID: 76561198330212465 Name: O:FlyWith:D Character: [Свобода]SnoopDogg Ping: 152
PlayerID: 76561198278618116 Name: Mizuki Character: Mizuki Ping: 78
PlayerID: 76561198290368848 Name: жнец Character: иван Ping: 70
PlayerID: 76561198219589236 Name: ANDREW?? Character: Anrysha Ping: 103
PlayerID: 76561198076319498 Name: a.bykov.ru Character: RP кашка Ping: 248

22.02.2017 15:57:15: Client has executed command "players"

22.02.2017 15:57:10: Connecting: PlayerID: 76561198076319498 Name: a.bykov.ru Character: RP кашка

22.02.2017 15:57:09: Players:
PlayerID: 76561198272327937 Name: Thug Life Character: Семёныч Ping: 74
PlayerID: 76561198243530780 Name: LuckyMan ^-^csgo-happy.ru Character: LuckyMan ^-^ Ping: 119
PlayerID: 76561198272167056 Name: ¦ Alexandr ¦ Character: Alexandr  Kotov Ping: 72
PlayerID: 76561198198578146 Name: NightCatSan Character: NightCatSan Ping: 68
PlayerID: 76561198302975346 Name: Максим Character: Skiletrons Ping: 72
PlayerID: 76561198352754645 Name: Assassin Character: Assassin Ping: 167
PlayerID: 76561198330212465 Name: O:FlyWith:D Character: [Свобода]SnoopDogg Ping: 136
PlayerID: 76561198278618116 Name: Mizuki Character: Mizuki Ping: 85
PlayerID: 76561198290368848 Name: жнец Character: иван Ping: 54
PlayerID: 76561198219589236 Name: ANDREW?? Character: Anrysha Ping: 125

22.02.2017 15:57:09: Client has executed command "players"

22.02.2017 15:56:55: Disconnecting: PlayerID: 76561198184777471 Name: -SkullMaker ?? ?? Character: sprokit1111

22.02.2017 15:56:49: Players:
PlayerID: 76561198272327937 Name: Thug Life Character: Семёныч Ping: 82
PlayerID: 76561198243530780 Name: LuckyMan ^-^csgo-happy.ru Character: LuckyMan ^-^ Ping: 125
PlayerID: 76561198272167056 Name: ¦ Alexandr ¦ Character: Alexandr  Kotov Ping: 72
PlayerID: 76561198198578146 Name: NightCatSan Character: NightCatSan Ping: 56
PlayerID: 76561198302975346 Name: Максим Character: Skiletrons Ping: 82
PlayerID: 76561198352754645 Name: Assassin Character: Assassin Ping: 150
PlayerID: 76561198330212465 Name: O:FlyWith:D Character: [Свобода]SnoopDogg Ping: 142
PlayerID: 76561198278618116 Name: Mizuki Character: Mizuki Ping: 291
PlayerID: 76561198184777471 Name: -SkullMaker ?? ?? Character: sprokit1111 Ping: 25
PlayerID: 76561198290368848 Name: жнец Character: иван Ping: 74
PlayerID: 76561198219589236 Name: ANDREW?? Character: Anrysha Ping: 101

22.02.2017 15:56:49: Client has executed command "players"

22.02.2017 15:56:29: RocketRcon v2.4.8.0

