05.03.2017 22:36:16: END
05.03.2017 22:36:13: PlayerID: 76561198084544206 Name: Дежурный Character: D.Masta Ping: 101
PlayerID: 76561198083471163 Name: Revers Character: Revers Ping: 93

05.03.2017 22:36:13: Players:

05.03.2017 22:36:13: Client has executed command "players"

05.03.2017 22:35:58: MessageAnnouncer >> vk.com/hemulgm - ЕДИНСТВЕННЫЙ администратор сервера

05.03.2017 22:35:58: MessageAnnouncer >> Broadcast: vk.com/hemulgm - ЕДИНСТВЕННЫЙ администратор сервера

05.03.2017 22:35:56: END
05.03.2017 22:35:53: PlayerID: 76561198084544206 Name: Дежурный Character: D.Masta Ping: 148
PlayerID: 76561198083471163 Name: Revers Character: Revers Ping: 148

05.03.2017 22:35:53: Players:

05.03.2017 22:35:53: Client has executed command "players"

05.03.2017 22:35:34: Disconnecting: PlayerID: 76561198284241506 Name: gentrit0111gen Character: theburnisreal

05.03.2017 22:35:33: PlayerID: 76561198084544206 Name: Дежурный Character: D.Masta Ping: 156
PlayerID: 76561198083471163 Name: Revers Character: Revers Ping: 179
PlayerID: 76561198284241506 Name: gentrit0111gen Character: theburnisreal Ping: 140

05.03.2017 22:35:33: Players:

05.03.2017 22:35:33: Client has executed command "players"

05.03.2017 22:35:18: [World] theburnisreal [gentrit0111gen]: "/kit start"

05.03.2017 22:35:16: END
05.03.2017 22:35:13: Players:
PlayerID: 76561198084544206 Name: Дежурный Character: D.Masta Ping: 101
PlayerID: 76561198083471163 Name: Revers Character: Revers Ping: 117
PlayerID: 76561198284241506 Name: gentrit0111gen Character: theburnisreal Ping: 109

05.03.2017 22:35:13: Client has executed command "players"

05.03.2017 22:35:13: PlayerID: 76561198084544206 Name: Дежурный Character: D.Masta Ping: 101
PlayerID: 76561198083471163 Name: Revers Character: Revers Ping: 117
PlayerID: 76561198284241506 Name: gentrit0111gen Character: theburnisreal Ping: 109

05.03.2017 22:35:13: Players:

05.03.2017 22:35:13: Client has executed command "players"

05.03.2017 22:35:10: Disconnecting: PlayerID: 76561198367765093 Name: dimapalyha2016 Character: dimapalyha2016

05.03.2017 22:35:00: theburnisreal [gentrit0111gen] was mauled by a zombie!

05.03.2017 22:34:56: END
05.03.2017 22:34:53: PlayerID: 76561198083471163 Name: Revers Character: Revers Ping: 117
PlayerID: 76561198284241506 Name: gentrit0111gen Character: theburnisreal Ping: 132
PlayerID: 76561198367765093 Name: dimapalyha2016 Character: dimapalyha2016 Ping: 164

05.03.2017 22:34:53: PlayerID: 76561198084544206 Name: Дежурный Character: D.Masta Ping: 117

05.03.2017 22:34:53: Players:

05.03.2017 22:34:53: Client has executed command "players"

05.03.2017 22:34:36: END
05.03.2017 22:34:33: PlayerID: 76561198284241506 Name: gentrit0111gen Character: theburnisreal Ping: 132
PlayerID: 76561198367765093 Name: dimapalyha2016 Character: dimapalyha2016 Ping: 140

05.03.2017 22:34:33: PlayerID: 76561198084544206 Name: Дежурный Character: D.Masta Ping: 125
PlayerID: 76561198083471163 Name: Revers Character: Revers Ping: 109

05.03.2017 22:34:33: Players:

05.03.2017 22:34:33: Client has executed command "players"

05.03.2017 22:34:33: RocketRcon v2.4.8.0

