12.03.2017 10:20:12: RocketRcon v2.4.8.0

12.03.2017 10:20:12: Client has executed command "players"

12.03.2017 10:20:12: Players:

12.03.2017 10:20:12: TimerTerminateCommand.Enabled with Players:
12.03.2017 10:20:12: PlayerID: 76561198202314258 Name: Atom Tost Character: Yighido Ping: 166
PlayerID: 76561198336949752 Name: tashlykov.2004 Character: Saha Ping: 57
PlayerID: 76561198326392297 Name: VorontsEmil Character:  VorontsEmil Ping: 81

12.03.2017 10:20:12: TimerTerminateCommand.Enabled with Players:
12.03.2017 10:20:15: END
12.03.2017 10:20:31: Client has executed command "players"

12.03.2017 10:20:31: Players:

12.03.2017 10:20:31: TimerTerminateCommand.Enabled with Players:
12.03.2017 10:20:31: PlayerID: 76561198202314258 Name: Atom Tost Character: Yighido Ping: 157
PlayerID: 76561198336949752 Name: tashlykov.2004 Character: Saha Ping: 59
PlayerID: 76561198326392297 Name: VorontsEmil Character:  VorontsEmil Ping: 91

12.03.2017 10:20:31: TimerTerminateCommand.Enabled with Players:
12.03.2017 10:20:35: END
12.03.2017 10:20:51: Client has executed command "players"

12.03.2017 10:20:51: Players:

12.03.2017 10:20:51: TimerTerminateCommand.Enabled with Players:
12.03.2017 10:20:51: PlayerID: 76561198202314258 Name: Atom Tost Character: Yighido Ping: 158
PlayerID: 76561198336949752 Name: tashlykov.2004 Character: Saha Ping: 55
PlayerID: 76561198326392297 Name: VorontsEmil Character:  VorontsEmil Ping: 88

12.03.2017 10:20:51: TimerTerminateCommand.Enabled with Players:
12.03.2017 10:20:54: END
12.03.2017 10:21:08: Saha [tashlykov.2004] was mauled by a zombie!

12.03.2017 10:21:12: Client has executed command "players"

12.03.2017 10:21:12: Players:

12.03.2017 10:21:12: TimerTerminateCommand.Enabled with Players:
12.03.2017 10:21:12: PlayerID: 76561198202314258 Name: Atom Tost Character: Yighido Ping: 159
PlayerID: 76561198336949752 Name: tashlykov.2004 Character: Saha Ping: 60
PlayerID: 76561198326392297 Name: VorontsEmil Character:  VorontsEmil Ping: 85

12.03.2017 10:21:12: TimerTerminateCommand.Enabled with Players:
12.03.2017 10:21:15: END
12.03.2017 10:21:26: MessageAnnouncer >> Broadcast: vk.com/unturned_hgm - группа сервера ВК, уникальный кит в записи!

12.03.2017 10:21:26: MessageAnnouncer >> vk.com/unturned_hgm - группа сервера ВК, уникальный кит в записи!

12.03.2017 10:21:31: Client has executed command "players"

12.03.2017 10:21:31: Players:

12.03.2017 10:21:31: TimerTerminateCommand.Enabled with Players:
12.03.2017 10:21:31: PlayerID: 76561198202314258 Name: Atom Tost Character: Yighido Ping: 170
PlayerID: 76561198336949752 Name: tashlykov.2004 Character: Saha Ping: 52
PlayerID: 76561198326392297 Name: VorontsEmil Character:  VorontsEmil Ping: 83

12.03.2017 10:21:31: TimerTerminateCommand.Enabled with Players:
12.03.2017 10:21:34: END
12.03.2017 10:21:51: Client has executed command "players"

12.03.2017 10:21:51: Players:

12.03.2017 10:21:51: TimerTerminateCommand.Enabled with Players:
12.03.2017 10:21:51: PlayerID: 76561198202314258 Name: Atom Tost Character: Yighido Ping: 166
PlayerID: 76561198336949752 Name: tashlykov.2004 Character: Saha Ping: 50
PlayerID: 76561198326392297 Name: VorontsEmil Character:  VorontsEmil Ping: 104

12.03.2017 10:21:51: TimerTerminateCommand.Enabled with Players:
12.03.2017 10:21:53: [World]  VorontsEmil [VorontsEmil]: "/tpa Sa"

12.03.2017 10:21:53: TimerTerminateCommand.Enabled with Players:
12.03.2017 10:21:56: END
12.03.2017 10:21:56: Упс, чет не моё: 
12.03.2017 10:22:11: Client has executed command "players"

12.03.2017 10:22:11: Players:

12.03.2017 10:22:11: TimerTerminateCommand.Enabled with Players:
12.03.2017 10:22:11: PlayerID: 76561198202314258 Name: Atom Tost Character: Yighido Ping: 159
PlayerID: 76561198336949752 Name: tashlykov.2004 Character: Saha Ping: 55
PlayerID: 76561198326392297 Name: VorontsEmil Character:  VorontsEmil Ping: 354

12.03.2017 10:22:11: TimerTerminateCommand.Enabled with Players:
12.03.2017 10:22:14: END
12.03.2017 10:22:17: [World]  VorontsEmil [VorontsEmil]: "/day"

12.03.2017 10:22:31: Client has executed command "players"

12.03.2017 10:22:31: Players:

12.03.2017 10:22:31: TimerTerminateCommand.Enabled with Players:
12.03.2017 10:22:31: PlayerID: 76561198202314258 Name: Atom Tost Character: Yighido Ping: 155
PlayerID: 76561198336949752 Name: tashlykov.2004 Character: Saha Ping: 56
PlayerID: 76561198326392297 Name: VorontsEmil Character:  VorontsEmil Ping: 141

12.03.2017 10:22:31: TimerTerminateCommand.Enabled with Players:
