22.02.2017 15:19:37: Players:
PlayerID: 76561198272327937 Name: Thug Life Character: Семёныч Ping: 68
PlayerID: 76561198243530780 Name: LuckyMan ^-^csgo-happy.ru Character: LuckyMan ^-^ Ping: 121
PlayerID: 76561198326392297 Name: VorontsEmil Character:  VorontsEmil Ping: 107
PlayerID: 76561198272167056 Name: ¦ Alexandr ¦ Character: Alexandr  Kotov Ping: 83
PlayerID: 76561198322193999 Name: _MaKeR_ Character: (POLISE)_MaKeR_ Ping: 68
PlayerID: 76561198358472544 Name: Dust Character: Dust Ping: 105
PlayerID: 76561198198578146 Name: NightCatSan Character: NightCatSan Ping: 72
 with _> "Операция успешно завершена"
22.02.2017 15:19:37: Client has executed command "players"
 with _> "Операция успешно завершена"
22.02.2017 15:19:36: Players:
PlayerID: 76561198272327937 Name: Thug Life Character: Семёныч Ping: 62
PlayerID: 76561198243530780 Name: LuckyMan ^-^csgo-happy.ru Character: LuckyMan ^-^ Ping: 125
PlayerID: 76561198326392297 Name: VorontsEmil Character:  VorontsEmil Ping: 99
PlayerID: 76561198272167056 Name: ¦ Alexandr ¦ Character: Alexandr  Kotov Ping: 68
PlayerID: 76561198322193999 Name: _MaKeR_ Character: (POLISE)_MaKeR_ Ping: 66
PlayerID: 76561198358472544 Name: Dust Character: Dust Ping: 109
PlayerID: 76561198198578146 Name: NightCatSan Character: NightCatSan Ping: 58
 with _> "Операция успешно завершена"
22.02.2017 15:19:36: Client has executed command "players"
 with _> "Операция успешно завершена"
22.02.2017 15:19:30: [World] (POLISE)_MaKeR_ [_MaKeR_]: "прими"
 with _> "Операция успешно завершена"
22.02.2017 15:19:10: Client has executed command "players"
Players:
PlayerID: 76561198272327937 Name: Thug Life Character: Семёныч Ping: 83
PlayerID: 76561198243530780 Name: LuckyMan ^-^csgo-happy.ru Character: LuckyMan ^-^ Ping: 138
PlayerID: 76561198326392297 Name: VorontsEmil Character:  VorontsEmil Ping: 76
PlayerID: 76561198272167056 Name: ¦ Alexandr ¦ Character: Alexandr  Kotov Ping: 74
PlayerID: 76561198322193999 Name: _MaKeR_ Character: (POLISE)_MaKeR_ Ping: 64
PlayerID: 76561198358472544 Name: Dust Character: Dust Ping: 101
PlayerID: 76561198198578146 Name: NightCatSan Character: NightCatSan Ping: 48
 with _> "Операция успешно завершена"
22.02.2017 15:19:10: PlayerID: 76561198198578146 Name: NightCatSan Character: NightCatSan Ping: 46
 with _> "Операция успешно завершена"
22.02.2017 15:19:09: Players:
PlayerID: 76561198272327937 Name: Thug Life Character: Семёныч Ping: 91
PlayerID: 76561198243530780 Name: LuckyMan ^-^csgo-happy.ru Character: LuckyMan ^-^ Ping: 140
PlayerID: 76561198326392297 Name: VorontsEmil Character:  VorontsEmil Ping: 66
PlayerID: 76561198272167056 Name: ¦ Alexandr ¦ Character: Alexandr  Kotov Ping: 72
PlayerID: 76561198322193999 Name: _MaKeR_ Character: (POLISE)_MaKeR_ Ping: 72
PlayerID: 76561198358472544 Name: Dust Character: Dust Ping: 101
 with _> "Операция успешно завершена"
22.02.2017 15:19:09: Client has executed command "players"
 with _> "Операция успешно завершена"
22.02.2017 15:19:04: Players:
PlayerID: 76561198272327937 Name: Thug Life Character: Семёныч Ping: 82
PlayerID: 76561198243530780 Name: LuckyMan ^-^csgo-happy.ru Character: LuckyMan ^-^ Ping: 128
PlayerID: 76561198326392297 Name: VorontsEmil Character:  VorontsEmil Ping: 93
PlayerID: 76561198272167056 Name: ¦ Alexandr ¦ Character: Alexandr  Kotov Ping: 85
PlayerID: 76561198322193999 Name: _MaKeR_ Character: (POLISE)_MaKeR_ Ping: 62
PlayerID: 76561198358472544 Name: Dust Character: Dust Ping: 91
PlayerID: 76561198198578146 Name: NightCatSan Character: NightCatSan Ping: 99
 with _> "Операция успешно завершена"
22.02.2017 15:19:04: Client has executed command "players"
 with _> "Операция успешно завершена"
22.02.2017 15:19:01: Players:
PlayerID: 76561198272327937 Name: Thug Life Character: Семёныч Ping: 101
PlayerID: 76561198243530780 Name: LuckyMan ^-^csgo-happy.ru Character: LuckyMan ^-^ Ping: 132
PlayerID: 76561198326392297 Name: VorontsEmil Character:  VorontsEmil Ping: 74
PlayerID: 76561198272167056 Name: ¦ Alexandr ¦ Character: Alexandr  Kotov Ping: 78
PlayerID: 76561198322193999 Name: _MaKeR_ Character: (POLISE)_MaKeR_ Ping: 68
PlayerID: 76561198358472544 Name: Dust Character: Dust Ping: 97
PlayerID: 76561198198578146 Name: NightCatSan Character: NightCatSan Ping: 76
 with _> "Операция успешно завершена"
22.02.2017 15:19:01: Client has executed command "players"
 with _> "Операция успешно завершена"
22.02.2017 15:18:56: RocketRcon v2.4.8.0
 with _> "Операция успешно завершена"
