22.02.2017 16:34:49: Players:
PlayerID: 76561198243530780 Name: LuckyMan ^-^csgo-happy.ru Character: LuckyMan ^-^ Ping: 136
PlayerID: 76561198272167056 Name: ¦ Alexandr ¦ Character: Alexandr  Kotov Ping: 74
PlayerID: 76561198330195927 Name: DEN Character: DEN Ping: 97
PlayerID: 76561198198578146 Name: NightCatSan Character: NightCatSan Ping: 64
PlayerID: 76561198176772491 Name: setepakha Character: Piskaed Ping: 35
PlayerID: 76561198327741536 Name: matvejmincenko37 Character: matvejmincenko37 Ping: 74
PlayerID: 76561198278618116 Name: Mizuki Character: Mizuki Ping: 64
PlayerID: 76561198343358492 Name: MrventureA Character: thenooblygamer Ping: 464

22.02.2017 16:34:49: Client has executed command "players"

22.02.2017 16:34:48: [World] Piskaed [setepakha]: "/kit claim"

22.02.2017 16:34:40: [World] Piskaed [setepakha]: "/kit start"

22.02.2017 16:34:38: [Group] Alexandr  Kotov [¦ Alexandr ¦]: "ςϋ χεγξ"

22.02.2017 16:34:37: Failed to find parameters in format [Text]/[R]/[G]/[B].

22.02.2017 16:34:37: Client has executed command "say [World] Piskaed [setepakha]: "/kits""

22.02.2017 16:34:37: Failed to find parameters in format [Text]/[R]/[G]/[B].

22.02.2017 16:34:37: Client has executed command "say [World] Piskaed [setepakha]: "/kits""

22.02.2017 16:34:32: [World] Piskaed [setepakha]: "/kits"

22.02.2017 16:34:29: Players:
PlayerID: 76561198243530780 Name: LuckyMan ^-^csgo-happy.ru Character: LuckyMan ^-^ Ping: 130
PlayerID: 76561198272167056 Name: ¦ Alexandr ¦ Character: Alexandr  Kotov Ping: 70
PlayerID: 76561198330195927 Name: DEN Character: DEN Ping: 101
PlayerID: 76561198198578146 Name: NightCatSan Character: NightCatSan Ping: 85
PlayerID: 76561198176772491 Name: setepakha Character: Piskaed Ping: 33
PlayerID: 76561198327741536 Name: matvejmincenko37 Character: matvejmincenko37 Ping: 74
PlayerID: 76561198278618116 Name: Mizuki Character: Mizuki Ping: 78
PlayerID: 76561198343358492 Name: MrventureA Character: thenooblygamer Ping: 503

22.02.2017 16:34:29: Client has executed command "players"

22.02.2017 16:34:29: RocketRcon v2.4.8.0

