06.03.2017 10:23:57: Failed to find any players.

06.03.2017 10:23:57: Client has executed command "players"

06.03.2017 10:23:57: END
06.03.2017 10:23:54: Failed to find any players.

06.03.2017 10:23:54: Client has executed command "players"

06.03.2017 10:23:54: END
06.03.2017 10:23:51: Failed to find any players.

06.03.2017 10:23:51: Client has executed command "players"

06.03.2017 10:23:51: END
06.03.2017 10:23:48: Failed to find any players.

06.03.2017 10:23:48: Client has executed command "players"

06.03.2017 10:23:48: END
06.03.2017 10:23:45: Failed to find any players.

06.03.2017 10:23:45: Client has executed command "players"

06.03.2017 10:23:45: END
06.03.2017 10:23:42: Failed to find any players.

06.03.2017 10:23:42: Client has executed command "players"

06.03.2017 10:23:41: Client has executed command "players"
Failed to find any players.

06.03.2017 10:23:41: Failed to find any players.

06.03.2017 10:23:41: Client has executed command "players"

06.03.2017 10:23:41: Failed to find any players.

06.03.2017 10:23:41: Client has executed command "players"

06.03.2017 10:23:38: Failed to find any players.

06.03.2017 10:23:38: Client has executed command "players"

06.03.2017 10:23:38: END
06.03.2017 10:23:35: Failed to find any players.

06.03.2017 10:23:35: Client has executed command "players"

06.03.2017 10:23:35: END
06.03.2017 10:23:32: Failed to find any players.

06.03.2017 10:23:32: Client has executed command "players"

06.03.2017 10:23:32: END
06.03.2017 10:23:29: Failed to find any players.

06.03.2017 10:23:29: Client has executed command "players"

06.03.2017 10:23:29: END
06.03.2017 10:23:26: Failed to find any players.

06.03.2017 10:23:26: Client has executed command "players"

06.03.2017 10:23:26: END
06.03.2017 10:23:23: Client has executed command "players"
Failed to find any players.

06.03.2017 10:23:22: Client has executed command "players"
Failed to find any players.

06.03.2017 10:23:22: Failed to find any players.

06.03.2017 10:23:22: Client has executed command "players"

06.03.2017 10:23:22: Failed to find any players.

06.03.2017 10:23:22: Client has executed command "players"

06.03.2017 10:23:22: Failed to find any players.

06.03.2017 10:23:22: Client has executed command "players"

06.03.2017 10:23:22: Failed to find any players.

06.03.2017 10:23:22: Client has executed command "players"

06.03.2017 10:23:21: Failed to find any players.

06.03.2017 10:23:21: Client has executed command "players"

06.03.2017 10:23:21: Failed to find any players.

06.03.2017 10:23:21: Client has executed command "players"

06.03.2017 10:23:21: Failed to find any players.

06.03.2017 10:23:21: Client has executed command "players"

06.03.2017 10:23:21: Failed to find any players.

06.03.2017 10:23:21: Client has executed command "players"

06.03.2017 10:23:21: Failed to find any players.

06.03.2017 10:23:21: Client has executed command "players"

06.03.2017 10:23:21: Failed to find any players.

06.03.2017 10:23:21: Client has executed command "players"

06.03.2017 10:23:21: Failed to find any players.

06.03.2017 10:23:21: Client has executed command "players"

06.03.2017 10:23:21: Failed to find any players.

06.03.2017 10:23:21: Client has executed command "players"

06.03.2017 10:23:20: Failed to find any players.

06.03.2017 10:23:20: Client has executed command "players"

06.03.2017 10:23:20: END
06.03.2017 10:23:17: Failed to find any players.

06.03.2017 10:23:17: Client has executed command "players"

06.03.2017 10:23:17: END
06.03.2017 10:23:14: Failed to find any players.

06.03.2017 10:23:14: Client has executed command "players"

06.03.2017 10:23:13: END
06.03.2017 10:23:10: Failed to find any players.

06.03.2017 10:23:10: Client has executed command "players"

06.03.2017 10:23:10: END
06.03.2017 10:23:07: Failed to find any players.

06.03.2017 10:23:07: Client has executed command "players"

06.03.2017 10:23:07: END
06.03.2017 10:23:04: Failed to find any players.

06.03.2017 10:23:04: Client has executed command "players"

06.03.2017 10:23:04: Failed to find any players.

06.03.2017 10:23:04: Failed to find any players.

06.03.2017 10:23:04: Client has executed command "players"

06.03.2017 10:23:04: Client has executed command "players"

06.03.2017 10:23:04: Failed to find any players.

06.03.2017 10:23:04: Client has executed command "players"

06.03.2017 10:23:04: Failed to find any players.

06.03.2017 10:23:04: Client has executed command "players"

06.03.2017 10:23:04: Failed to find any players.

06.03.2017 10:23:04: Client has executed command "players"

06.03.2017 10:23:04: Failed to find any players.

06.03.2017 10:23:04: Client has executed command "players"

06.03.2017 10:23:03: Failed to find any players.

06.03.2017 10:23:03: Client has executed command "players"

06.03.2017 10:23:03: Failed to find any players.

06.03.2017 10:23:03: Client has executed command "players"

06.03.2017 10:23:03: Failed to find any players.

06.03.2017 10:23:03: Client has executed command "players"

06.03.2017 10:23:03: Failed to find any players.

06.03.2017 10:23:03: Client has executed command "players"

06.03.2017 10:23:03: Failed to find any players.

06.03.2017 10:23:03: Client has executed command "players"

06.03.2017 10:23:03: Failed to find any players.

06.03.2017 10:23:03: Client has executed command "players"

06.03.2017 10:23:03: Failed to find any players.

06.03.2017 10:23:03: Client has executed command "players"

06.03.2017 10:23:02: Failed to find any players.

06.03.2017 10:23:02: Client has executed command "players"

06.03.2017 10:23:02: Failed to find any players.

06.03.2017 10:23:02: Client has executed command "players"

06.03.2017 10:23:02: Failed to find any players.

06.03.2017 10:23:02: Client has executed command "players"

06.03.2017 10:23:02: Failed to find any players.

06.03.2017 10:23:02: Client has executed command "players"

06.03.2017 10:23:02: Failed to find any players.

06.03.2017 10:23:02: Client has executed command "players"

06.03.2017 10:23:02: Failed to find any players.

06.03.2017 10:23:02: Client has executed command "players"

06.03.2017 10:23:02: Failed to find any players.

06.03.2017 10:23:02: Client has executed command "players"

06.03.2017 10:23:02: Failed to find any players.

06.03.2017 10:23:02: Client has executed command "players"

06.03.2017 10:23:01: Failed to find any players.

06.03.2017 10:23:01: Client has executed command "players"

06.03.2017 10:23:01: Failed to find any players.

06.03.2017 10:23:01: Client has executed command "players"

06.03.2017 10:23:01: Failed to find any players.

06.03.2017 10:23:01: Client has executed command "players"

06.03.2017 10:23:01: Failed to find any players.

06.03.2017 10:23:01: Client has executed command "players"

06.03.2017 10:23:01: Failed to find any players.

06.03.2017 10:23:01: Client has executed command "players"

06.03.2017 10:23:01: Failed to find any players.

06.03.2017 10:23:01: Client has executed command "players"

06.03.2017 10:23:01: Failed to find any players.

06.03.2017 10:23:01: Client has executed command "players"

06.03.2017 10:23:01: Failed to find any players.

06.03.2017 10:23:01: Client has executed command "players"

06.03.2017 10:22:58: Failed to find any players.

06.03.2017 10:22:58: Client has executed command "players"

06.03.2017 10:22:58: END
06.03.2017 10:22:55: Failed to find any players.

06.03.2017 10:22:55: Client has executed command "players"

06.03.2017 10:22:54: END
06.03.2017 10:22:51: Failed to find any players.

06.03.2017 10:22:51: Client has executed command "players"

06.03.2017 10:22:51: END
06.03.2017 10:22:48: Failed to find any players.

06.03.2017 10:22:48: Client has executed command "players"

06.03.2017 10:22:48: END
06.03.2017 10:22:45: Failed to find any players.

06.03.2017 10:22:45: Client has executed command "players"

06.03.2017 10:22:45: END
06.03.2017 10:22:42: Failed to find any players.

06.03.2017 10:22:42: Client has executed command "players"

06.03.2017 10:22:42: Failed to find any players.
Failed to find any players.

06.03.2017 10:22:42: Client has executed command "players"

06.03.2017 10:22:42: Client has executed command "players"

06.03.2017 10:22:42: Failed to find any players.

06.03.2017 10:22:42: Client has executed command "players"

06.03.2017 10:22:42: Failed to find any players.

06.03.2017 10:22:42: Client has executed command "players"

06.03.2017 10:22:42: Failed to find any players.

06.03.2017 10:22:42: Client has executed command "players"

06.03.2017 10:22:42: Failed to find any players.

06.03.2017 10:22:42: Client has executed command "players"

06.03.2017 10:22:41: Failed to find any players.

06.03.2017 10:22:41: Client has executed command "players"

06.03.2017 10:22:41: Failed to find any players.

06.03.2017 10:22:41: Client has executed command "players"

06.03.2017 10:22:41: Failed to find any players.

06.03.2017 10:22:41: Client has executed command "players"

06.03.2017 10:22:41: Failed to find any players.

06.03.2017 10:22:41: Client has executed command "players"

06.03.2017 10:22:41: Failed to find any players.

06.03.2017 10:22:41: Client has executed command "players"

06.03.2017 10:22:41: Failed to find any players.

06.03.2017 10:22:41: Client has executed command "players"

06.03.2017 10:22:41: Failed to find any players.

06.03.2017 10:22:41: Client has executed command "players"

06.03.2017 10:22:40: Failed to find any players.

06.03.2017 10:22:40: Client has executed command "players"

06.03.2017 10:22:40: END
06.03.2017 10:22:37: Failed to find any players.

06.03.2017 10:22:37: Client has executed command "players"

06.03.2017 10:22:37: END
06.03.2017 10:22:34: Failed to find any players.

06.03.2017 10:22:34: Client has executed command "players"

06.03.2017 10:22:34: END
06.03.2017 10:22:31: Failed to find any players.

06.03.2017 10:22:31: Client has executed command "players"

06.03.2017 10:22:31: END
06.03.2017 10:22:28: Failed to find any players.

06.03.2017 10:22:28: Client has executed command "players"

06.03.2017 10:22:28: END
06.03.2017 10:22:25: Failed to find any players.

06.03.2017 10:22:25: Client has executed command "players"

06.03.2017 10:22:25: END
06.03.2017 10:22:22: Failed to find any players.

06.03.2017 10:22:22: Client has executed command "players"

06.03.2017 10:22:22: Failed to find any players.
Failed to find any players.

06.03.2017 10:22:22: Client has executed command "players"

06.03.2017 10:22:22: Client has executed command "players"

06.03.2017 10:22:21: Failed to find any players.

06.03.2017 10:22:21: Client has executed command "players"

06.03.2017 10:22:21: Failed to find any players.

06.03.2017 10:22:21: Client has executed command "players"

06.03.2017 10:22:21: Failed to find any players.

06.03.2017 10:22:21: Client has executed command "players"

06.03.2017 10:22:21: Failed to find any players.

06.03.2017 10:22:21: Client has executed command "players"

06.03.2017 10:22:21: Failed to find any players.

06.03.2017 10:22:21: Client has executed command "players"

06.03.2017 10:22:21: Failed to find any players.

06.03.2017 10:22:21: Client has executed command "players"

06.03.2017 10:22:21: Failed to find any players.

06.03.2017 10:22:21: Client has executed command "players"

06.03.2017 10:22:21: Failed to find any players.

06.03.2017 10:22:21: Client has executed command "players"

06.03.2017 10:22:18: Failed to find any players.

06.03.2017 10:22:18: Client has executed command "players"

06.03.2017 10:22:18: END
06.03.2017 10:22:15: Failed to find any players.

06.03.2017 10:22:15: Client has executed command "players"

06.03.2017 10:22:15: END
06.03.2017 10:22:12: Failed to find any players.

06.03.2017 10:22:12: Client has executed command "players"

06.03.2017 10:22:12: END
06.03.2017 10:22:09: MessageAnnouncer >> Используйте /report [ник], чтобы отправить жалобу на игрока

06.03.2017 10:22:09: MessageAnnouncer >> Broadcast: Используйте /report [ник], чтобы отправить жалобу на игрока

06.03.2017 10:22:06: Failed to find any players.

06.03.2017 10:22:06: Client has executed command "players"

06.03.2017 10:22:06: END
06.03.2017 10:22:03: Failed to find any players.

06.03.2017 10:22:03: Client has executed command "players"

06.03.2017 10:22:03: Client has executed command "players"
Failed to find any players.

06.03.2017 10:22:03: Failed to find any players.

06.03.2017 10:22:03: Client has executed command "players"

06.03.2017 10:22:03: Failed to find any players.

06.03.2017 10:22:03: Client has executed command "players"

06.03.2017 10:22:02: Failed to find any players.

06.03.2017 10:22:02: Client has executed command "players"

06.03.2017 10:22:02: Failed to find any players.

06.03.2017 10:22:02: Client has executed command "players"

06.03.2017 10:22:02: Failed to find any players.

06.03.2017 10:22:02: Client has executed command "players"

06.03.2017 10:22:02: Failed to find any players.

06.03.2017 10:22:02: Client has executed command "players"

06.03.2017 10:22:02: Failed to find any players.

06.03.2017 10:22:02: Client has executed command "players"

06.03.2017 10:22:02: Failed to find any players.

06.03.2017 10:22:02: Client has executed command "players"

06.03.2017 10:22:02: Failed to find any players.

06.03.2017 10:22:02: Client has executed command "players"

06.03.2017 10:22:02: Failed to find any players.

06.03.2017 10:22:02: Client has executed command "players"

06.03.2017 10:22:01: Failed to find any players.

06.03.2017 10:22:01: Client has executed command "players"

06.03.2017 10:22:01: Failed to find any players.

06.03.2017 10:22:01: Client has executed command "players"

06.03.2017 10:22:01: Failed to find any players.

06.03.2017 10:22:01: Client has executed command "players"

06.03.2017 10:22:01: Failed to find any players.

06.03.2017 10:22:01: Client has executed command "players"

06.03.2017 10:22:01: Failed to find any players.

06.03.2017 10:22:01: Client has executed command "players"

06.03.2017 10:22:01: Failed to find any players.

06.03.2017 10:22:01: Client has executed command "players"

06.03.2017 10:22:01: Failed to find any players.

06.03.2017 10:22:01: Client has executed command "players"

06.03.2017 10:22:01: Failed to find any players.

06.03.2017 10:22:01: Client has executed command "players"

06.03.2017 10:21:59: VehicleEvents >> Broadcast: Брошенный красный внедорожник в Keaau! Найди его и он твой!

06.03.2017 10:21:56: Failed to find any players.

06.03.2017 10:21:56: Client has executed command "players"

06.03.2017 10:21:56: END
06.03.2017 10:21:53: Failed to find any players.

06.03.2017 10:21:53: Client has executed command "players"

06.03.2017 10:21:53: END
06.03.2017 10:21:50: Failed to find any players.

06.03.2017 10:21:50: Client has executed command "players"

06.03.2017 10:21:50: END
06.03.2017 10:21:47: Failed to find any players.

06.03.2017 10:21:47: Client has executed command "players"

06.03.2017 10:21:47: END
06.03.2017 10:21:44: Failed to find any players.

06.03.2017 10:21:44: Client has executed command "players"

06.03.2017 10:21:44: END
06.03.2017 10:21:41: Failed to find any players.

06.03.2017 10:21:41: Client has executed command "players"

06.03.2017 10:21:23: Disconnecting: PlayerID: 76561198056237987 Name: Oblivion Character: camp

06.03.2017 10:21:21: Players:
PlayerID: 76561198056237987 Name: Oblivion Character: camp Ping: 117

06.03.2017 10:21:21: Client has executed command "players"

06.03.2017 10:21:04: END
06.03.2017 10:21:01: Players:
PlayerID: 76561198056237987 Name: Oblivion Character: camp Ping: 140

06.03.2017 10:21:01: Client has executed command "players"

06.03.2017 10:20:44: END
06.03.2017 10:20:41: PlayerID: 76561198056237987 Name: Oblivion Character: camp Ping: 187

06.03.2017 10:20:41: Players:

06.03.2017 10:20:41: Client has executed command "players"

06.03.2017 10:20:24: END
06.03.2017 10:20:21: Client has executed command "players"
Players:
PlayerID: 76561198056237987 Name: Oblivion Character: camp Ping: 156

06.03.2017 10:20:21: MessageAnnouncer >> vk.com/hemulgm - ЕДИНСТВЕННЫЙ администратор сервера

06.03.2017 10:20:09: MessageAnnouncer >> Broadcast: vk.com/hemulgm - ЕДИНСТВЕННЫЙ администратор сервера

06.03.2017 10:20:08: END
06.03.2017 10:20:05: Players:
PlayerID: 76561198056237987 Name: Oblivion Character: camp Ping: 0

06.03.2017 10:20:05: Client has executed command "players"

06.03.2017 10:20:05: Connecting: PlayerID: 76561198056237987 Name: Oblivion Character: camp

06.03.2017 10:20:05: Failed to find any players.

06.03.2017 10:20:05: Client has executed command "players"

06.03.2017 10:20:05: END
06.03.2017 10:20:02: Failed to find any players.

06.03.2017 10:20:02: Client has executed command "players"

06.03.2017 10:20:02: Failed to find any players.
Failed to find any players.

06.03.2017 10:20:02: Client has executed command "players"

06.03.2017 10:20:02: Client has executed command "players"

06.03.2017 10:20:01: Failed to find any players.

06.03.2017 10:20:01: Client has executed command "players"

06.03.2017 10:20:01: Failed to find any players.

06.03.2017 10:20:01: Client has executed command "players"

06.03.2017 10:20:01: Failed to find any players.

06.03.2017 10:20:01: Client has executed command "players"

06.03.2017 10:20:01: Failed to find any players.

06.03.2017 10:20:01: Client has executed command "players"

06.03.2017 10:20:01: Failed to find any players.

06.03.2017 10:20:01: Client has executed command "players"

06.03.2017 10:20:01: Failed to find any players.

06.03.2017 10:20:01: Client has executed command "players"

06.03.2017 10:20:01: Failed to find any players.

06.03.2017 10:20:01: Client has executed command "players"

06.03.2017 10:20:01: Failed to find any players.

06.03.2017 10:20:01: Client has executed command "players"

06.03.2017 10:19:59: PlayerInfoLib >> No expired player info records found for this batch.

06.03.2017 10:19:56: Failed to find any players.

06.03.2017 10:19:56: Client has executed command "players"

06.03.2017 10:19:55: END
06.03.2017 10:19:52: Failed to find any players.

06.03.2017 10:19:52: Client has executed command "players"

06.03.2017 10:19:51: Client has executed command "players"
Failed to find any players.

06.03.2017 10:19:51: Failed to find any players.

06.03.2017 10:19:51: Client has executed command "players"

06.03.2017 10:19:51: Failed to find any players.

06.03.2017 10:19:51: Client has executed command "players"

06.03.2017 10:19:51: Failed to find any players.

06.03.2017 10:19:51: Client has executed command "players"

06.03.2017 10:19:51: Failed to find any players.

06.03.2017 10:19:51: Client has executed command "players"

06.03.2017 10:19:51: Failed to find any players.

06.03.2017 10:19:51: Client has executed command "players"

06.03.2017 10:19:51: Failed to find any players.

06.03.2017 10:19:51: Client has executed command "players"

06.03.2017 10:19:51: Failed to find any players.

06.03.2017 10:19:51: Client has executed command "players"

06.03.2017 10:19:50: Failed to find any players.

06.03.2017 10:19:50: Client has executed command "players"

06.03.2017 10:19:50: Failed to find any players.

06.03.2017 10:19:50: Client has executed command "players"

06.03.2017 10:19:50: Failed to find any players.

06.03.2017 10:19:50: Client has executed command "players"

06.03.2017 10:19:50: Failed to find any players.

06.03.2017 10:19:50: Client has executed command "players"

06.03.2017 10:19:50: Failed to find any players.

06.03.2017 10:19:50: Client has executed command "players"

06.03.2017 10:19:50: Failed to find any players.

06.03.2017 10:19:50: Client has executed command "players"

06.03.2017 10:19:50: Failed to find any players.

06.03.2017 10:19:50: Client has executed command "players"

06.03.2017 10:19:50: Failed to find any players.

06.03.2017 10:19:50: Client has executed command "players"

06.03.2017 10:19:49: Failed to find any players.

06.03.2017 10:19:49: Client has executed command "players"

06.03.2017 10:19:49: Failed to find any players.

06.03.2017 10:19:49: Client has executed command "players"

06.03.2017 10:19:49: Failed to find any players.

06.03.2017 10:19:49: Client has executed command "players"

06.03.2017 10:19:49: Failed to find any players.

06.03.2017 10:19:49: Client has executed command "players"

06.03.2017 10:19:49: Failed to find any players.

06.03.2017 10:19:49: Client has executed command "players"

06.03.2017 10:19:49: Failed to find any players.

06.03.2017 10:19:49: Client has executed command "players"

06.03.2017 10:19:49: Failed to find any players.

06.03.2017 10:19:49: Client has executed command "players"

06.03.2017 10:19:49: Failed to find any players.

06.03.2017 10:19:49: Client has executed command "players"

06.03.2017 10:19:48: Failed to find any players.

06.03.2017 10:19:48: Client has executed command "players"

06.03.2017 10:19:48: Failed to find any players.

06.03.2017 10:19:48: Client has executed command "players"

06.03.2017 10:19:48: Failed to find any players.

06.03.2017 10:19:48: Client has executed command "players"

06.03.2017 10:19:48: Failed to find any players.

06.03.2017 10:19:48: Client has executed command "players"

06.03.2017 10:19:48: Failed to find any players.

06.03.2017 10:19:48: Client has executed command "players"

06.03.2017 10:19:48: Failed to find any players.

06.03.2017 10:19:48: Client has executed command "players"

06.03.2017 10:19:48: Failed to find any players.

06.03.2017 10:19:48: Client has executed command "players"

06.03.2017 10:19:47: Failed to find any players.

06.03.2017 10:19:47: Client has executed command "players"

06.03.2017 10:19:47: Failed to find any players.

06.03.2017 10:19:47: Client has executed command "players"

06.03.2017 10:19:47: Failed to find any players.

06.03.2017 10:19:47: Client has executed command "players"

06.03.2017 10:19:47: Failed to find any players.

06.03.2017 10:19:47: Client has executed command "players"

06.03.2017 10:19:47: Failed to find any players.

06.03.2017 10:19:47: Client has executed command "players"

06.03.2017 10:19:47: Failed to find any players.

06.03.2017 10:19:47: Client has executed command "players"

06.03.2017 10:19:47: Failed to find any players.

06.03.2017 10:19:47: Client has executed command "players"

06.03.2017 10:19:47: Failed to find any players.

06.03.2017 10:19:47: Client has executed command "players"

06.03.2017 10:19:46: Failed to find any players.

06.03.2017 10:19:46: Client has executed command "players"

06.03.2017 10:19:46: Failed to find any players.

06.03.2017 10:19:46: Client has executed command "players"

06.03.2017 10:19:46: Failed to find any players.

06.03.2017 10:19:46: Client has executed command "players"

06.03.2017 10:19:46: Failed to find any players.

06.03.2017 10:19:46: Client has executed command "players"

06.03.2017 10:19:46: Failed to find any players.

06.03.2017 10:19:46: Client has executed command "players"

06.03.2017 10:19:46: Failed to find any players.

06.03.2017 10:19:46: Client has executed command "players"

06.03.2017 10:19:46: Failed to find any players.

06.03.2017 10:19:46: Client has executed command "players"

06.03.2017 10:19:46: Failed to find any players.

06.03.2017 10:19:46: Client has executed command "players"

06.03.2017 10:19:45: Failed to find any players.

06.03.2017 10:19:45: Client has executed command "players"

06.03.2017 10:19:45: Failed to find any players.

06.03.2017 10:19:45: Client has executed command "players"

06.03.2017 10:19:45: Failed to find any players.

06.03.2017 10:19:45: Client has executed command "players"

06.03.2017 10:19:45: Failed to find any players.

06.03.2017 10:19:45: Client has executed command "players"

06.03.2017 10:19:45: Failed to find any players.

06.03.2017 10:19:45: Client has executed command "players"

06.03.2017 10:19:45: Failed to find any players.

06.03.2017 10:19:45: Client has executed command "players"

06.03.2017 10:19:45: Failed to find any players.

06.03.2017 10:19:45: Client has executed command "players"

06.03.2017 10:19:45: Failed to find any players.

06.03.2017 10:19:45: Client has executed command "players"

06.03.2017 10:19:44: Failed to find any players.

06.03.2017 10:19:44: Client has executed command "players"

06.03.2017 10:19:44: Failed to find any players.

06.03.2017 10:19:44: Client has executed command "players"

06.03.2017 10:19:44: Failed to find any players.

06.03.2017 10:19:44: Client has executed command "players"

06.03.2017 10:19:44: Failed to find any players.

06.03.2017 10:19:44: Client has executed command "players"

06.03.2017 10:19:44: Failed to find any players.

06.03.2017 10:19:44: Client has executed command "players"

06.03.2017 10:19:44: Failed to find any players.

06.03.2017 10:19:44: Client has executed command "players"

06.03.2017 10:19:44: Failed to find any players.

06.03.2017 10:19:44: Client has executed command "players"

06.03.2017 10:19:44: Failed to find any players.

06.03.2017 10:19:44: Client has executed command "players"

06.03.2017 10:19:43: Failed to find any players.

06.03.2017 10:19:43: Client has executed command "players"

06.03.2017 10:19:43: Failed to find any players.

06.03.2017 10:19:43: Client has executed command "players"

06.03.2017 10:19:43: Failed to find any players.

06.03.2017 10:19:43: Client has executed command "players"

06.03.2017 10:19:43: Failed to find any players.

06.03.2017 10:19:43: Client has executed command "players"

06.03.2017 10:19:43: Failed to find any players.

06.03.2017 10:19:43: Client has executed command "players"

06.03.2017 10:19:43: Failed to find any players.

06.03.2017 10:19:43: Client has executed command "players"

06.03.2017 10:19:43: Failed to find any players.

06.03.2017 10:19:43: Client has executed command "players"

06.03.2017 10:19:43: Failed to find any players.

06.03.2017 10:19:43: Client has executed command "players"

06.03.2017 10:19:42: Failed to find any players.

06.03.2017 10:19:42: Client has executed command "players"

06.03.2017 10:19:42: Failed to find any players.

06.03.2017 10:19:42: Client has executed command "players"

06.03.2017 10:19:42: Failed to find any players.

06.03.2017 10:19:42: Client has executed command "players"

06.03.2017 10:19:42: Failed to find any players.

06.03.2017 10:19:42: Client has executed command "players"

06.03.2017 10:19:42: Failed to find any players.

06.03.2017 10:19:42: Client has executed command "players"

06.03.2017 10:19:42: Failed to find any players.

06.03.2017 10:19:42: Client has executed command "players"

06.03.2017 10:19:41: Failed to find any players.

06.03.2017 10:19:41: Client has executed command "players"

06.03.2017 10:19:41: Failed to find any players.

06.03.2017 10:19:41: Client has executed command "players"

06.03.2017 10:19:41: Failed to find any players.

06.03.2017 10:19:41: Client has executed command "players"

06.03.2017 10:19:41: Failed to find any players.

06.03.2017 10:19:41: Client has executed command "players"

06.03.2017 10:19:41: Failed to find any players.

06.03.2017 10:19:41: Client has executed command "players"

06.03.2017 10:19:41: Failed to find any players.

06.03.2017 10:19:41: Client has executed command "players"

06.03.2017 10:19:41: Failed to find any players.

06.03.2017 10:19:41: Client has executed command "players"

06.03.2017 10:19:41: Failed to find any players.

06.03.2017 10:19:41: Client has executed command "players"

06.03.2017 10:19:40: Failed to find any players.

06.03.2017 10:19:40: Client has executed command "players"

06.03.2017 10:19:40: END
06.03.2017 10:19:37: Failed to find any players.

06.03.2017 10:19:37: Client has executed command "players"

06.03.2017 10:19:37: END
06.03.2017 10:19:34: Failed to find any players.

06.03.2017 10:19:34: Client has executed command "players"

06.03.2017 10:19:34: END
06.03.2017 10:19:31: Failed to find any players.

06.03.2017 10:19:31: Client has executed command "players"

06.03.2017 10:19:31: END
06.03.2017 10:19:28: Failed to find any players.

06.03.2017 10:19:28: Client has executed command "players"

06.03.2017 10:19:28: Failed to find any players.
Failed to find any players.

06.03.2017 10:19:28: Client has executed command "players"

06.03.2017 10:19:28: Client has executed command "players"

06.03.2017 10:19:27: Failed to find any players.

06.03.2017 10:19:27: Client has executed command "players"

06.03.2017 10:19:27: Failed to find any players.

06.03.2017 10:19:27: Client has executed command "players"

06.03.2017 10:19:27: Failed to find any players.

06.03.2017 10:19:27: Client has executed command "players"

06.03.2017 10:19:27: Failed to find any players.

06.03.2017 10:19:27: Client has executed command "players"

06.03.2017 10:19:27: Failed to find any players.

06.03.2017 10:19:27: Client has executed command "players"

06.03.2017 10:19:27: Failed to find any players.

06.03.2017 10:19:27: Client has executed command "players"

06.03.2017 10:19:27: Failed to find any players.

06.03.2017 10:19:27: Client has executed command "players"

06.03.2017 10:19:27: Failed to find any players.

06.03.2017 10:19:27: Client has executed command "players"

06.03.2017 10:19:26: Failed to find any players.

06.03.2017 10:19:26: Client has executed command "players"

06.03.2017 10:19:26: Failed to find any players.

06.03.2017 10:19:26: Client has executed command "players"

06.03.2017 10:19:26: Failed to find any players.

06.03.2017 10:19:26: Client has executed command "players"

06.03.2017 10:19:26: Failed to find any players.

06.03.2017 10:19:26: Client has executed command "players"

06.03.2017 10:19:26: Failed to find any players.

06.03.2017 10:19:26: Client has executed command "players"

06.03.2017 10:19:26: Failed to find any players.

06.03.2017 10:19:26: Client has executed command "players"

06.03.2017 10:19:26: Failed to find any players.

06.03.2017 10:19:26: Client has executed command "players"

06.03.2017 10:19:25: Failed to find any players.

06.03.2017 10:19:25: Client has executed command "players"

06.03.2017 10:19:25: Failed to find any players.

06.03.2017 10:19:25: Client has executed command "players"

06.03.2017 10:19:25: Failed to find any players.

06.03.2017 10:19:25: Client has executed command "players"

06.03.2017 10:19:25: Failed to find any players.

06.03.2017 10:19:25: Client has executed command "players"

06.03.2017 10:19:25: Failed to find any players.

06.03.2017 10:19:25: Client has executed command "players"

06.03.2017 10:19:25: Failed to find any players.

06.03.2017 10:19:25: Client has executed command "players"

06.03.2017 10:19:25: Failed to find any players.

06.03.2017 10:19:25: Client has executed command "players"

06.03.2017 10:19:25: Failed to find any players.

06.03.2017 10:19:25: Client has executed command "players"

06.03.2017 10:19:24: Failed to find any players.

06.03.2017 10:19:24: Client has executed command "players"

06.03.2017 10:19:24: Failed to find any players.

06.03.2017 10:19:24: Client has executed command "players"

06.03.2017 10:19:24: Failed to find any players.

06.03.2017 10:19:24: Client has executed command "players"

06.03.2017 10:19:24: Failed to find any players.

06.03.2017 10:19:24: Client has executed command "players"

06.03.2017 10:19:24: Failed to find any players.

06.03.2017 10:19:24: Client has executed command "players"

06.03.2017 10:19:24: Failed to find any players.

06.03.2017 10:19:24: Client has executed command "players"

06.03.2017 10:19:24: Failed to find any players.

06.03.2017 10:19:24: Client has executed command "players"

06.03.2017 10:19:24: Failed to find any players.

06.03.2017 10:19:24: Client has executed command "players"

06.03.2017 10:19:23: Failed to find any players.

06.03.2017 10:19:23: Client has executed command "players"

06.03.2017 10:19:23: Failed to find any players.

06.03.2017 10:19:23: Client has executed command "players"

06.03.2017 10:19:23: Failed to find any players.

06.03.2017 10:19:23: Client has executed command "players"

06.03.2017 10:19:23: Failed to find any players.

06.03.2017 10:19:23: Client has executed command "players"

06.03.2017 10:19:23: Failed to find any players.

06.03.2017 10:19:23: Client has executed command "players"

06.03.2017 10:19:23: Failed to find any players.

06.03.2017 10:19:23: Client has executed command "players"

06.03.2017 10:19:23: Failed to find any players.

06.03.2017 10:19:23: Client has executed command "players"

06.03.2017 10:19:23: Failed to find any players.

06.03.2017 10:19:23: Client has executed command "players"

06.03.2017 10:19:22: Failed to find any players.

06.03.2017 10:19:22: Client has executed command "players"

06.03.2017 10:19:22: Failed to find any players.

06.03.2017 10:19:22: Client has executed command "players"

06.03.2017 10:19:22: Failed to find any players.

06.03.2017 10:19:22: Client has executed command "players"

06.03.2017 10:19:22: Failed to find any players.

06.03.2017 10:19:22: Client has executed command "players"

06.03.2017 10:19:22: Failed to find any players.

06.03.2017 10:19:22: Client has executed command "players"

06.03.2017 10:19:22: Failed to find any players.

06.03.2017 10:19:22: Client has executed command "players"

06.03.2017 10:19:22: Failed to find any players.

06.03.2017 10:19:22: Client has executed command "players"

06.03.2017 10:19:21: Failed to find any players.

06.03.2017 10:19:21: Client has executed command "players"

06.03.2017 10:19:21: Failed to find any players.

06.03.2017 10:19:21: Client has executed command "players"

06.03.2017 10:19:21: Failed to find any players.

06.03.2017 10:19:21: Client has executed command "players"

06.03.2017 10:19:21: Failed to find any players.

06.03.2017 10:19:21: Client has executed command "players"

06.03.2017 10:19:21: Failed to find any players.

06.03.2017 10:19:21: Client has executed command "players"

06.03.2017 10:19:21: Failed to find any players.

06.03.2017 10:19:21: Client has executed command "players"

06.03.2017 10:19:21: Failed to find any players.

06.03.2017 10:19:21: Client has executed command "players"

06.03.2017 10:19:20: Failed to find any players.

06.03.2017 10:19:20: Client has executed command "players"

06.03.2017 10:19:20: END
06.03.2017 10:19:17: Failed to find any players.

06.03.2017 10:19:17: Client has executed command "players"

06.03.2017 10:19:17: END
06.03.2017 10:19:14: Failed to find any players.

06.03.2017 10:19:14: Client has executed command "players"

06.03.2017 10:19:14: END
06.03.2017 10:19:11: Disconnecting: PlayerID: 76561198056237987 Name: Oblivion Character: Oblivion

06.03.2017 10:19:04: END
06.03.2017 10:19:01: PlayerID: 76561198056237987 Name: Oblivion Character: Oblivion Ping: 125

06.03.2017 10:19:01: Players:

06.03.2017 10:19:01: Client has executed command "players"

06.03.2017 10:18:44: END
06.03.2017 10:18:41: PlayerID: 76561198056237987 Name: Oblivion Character: Oblivion Ping: 195

06.03.2017 10:18:41: Players:

06.03.2017 10:18:41: Client has executed command "players"

06.03.2017 10:18:24: END
06.03.2017 10:18:21: PlayerID: 76561198056237987 Name: Oblivion Character: Oblivion Ping: 148

06.03.2017 10:18:21: Players:

06.03.2017 10:18:21: Client has executed command "players"

06.03.2017 10:18:09: MessageAnnouncer >> Если модератор ведёт себя неподобающе, пишите в группу или ЛС (vk.com/unturned_hgm, vk.com/hemulgm)

06.03.2017 10:18:09: MessageAnnouncer >> Broadcast: Если модератор ведёт себя неподобающе, пишите в группу или ЛС (vk.com/unturned_hgm, vk.com/hemulgm)

06.03.2017 10:18:04: END
06.03.2017 10:18:01: PlayerID: 76561198056237987 Name: Oblivion Character: Oblivion Ping: 125

06.03.2017 10:18:01: Players:

06.03.2017 10:18:01: Client has executed command "players"

06.03.2017 10:17:44: END
06.03.2017 10:17:41: PlayerID: 76561198056237987 Name: Oblivion Character: Oblivion Ping: 125

06.03.2017 10:17:41: Players:

06.03.2017 10:17:41: Client has executed command "players"

06.03.2017 10:17:26: [World] Oblivion [Oblivion]: "/home"

06.03.2017 10:17:24: END
06.03.2017 10:17:21: PlayerID: 76561198056237987 Name: Oblivion Character: Oblivion Ping: 179

06.03.2017 10:17:21: Players:

06.03.2017 10:17:21: Client has executed command "players"

06.03.2017 10:17:04: END
06.03.2017 10:17:01: PlayerID: 76561198056237987 Name: Oblivion Character: Oblivion Ping: 210

06.03.2017 10:17:01: Players:

06.03.2017 10:17:01: Client has executed command "players"

06.03.2017 10:16:44: END
06.03.2017 10:16:41: Players:
PlayerID: 76561198056237987 Name: Oblivion Character: Oblivion Ping: 140

06.03.2017 10:16:41: Client has executed command "players"

06.03.2017 10:16:24: END
06.03.2017 10:16:21: PlayerID: 76561198056237987 Name: Oblivion Character: Oblivion Ping: 156

06.03.2017 10:16:21: Players:

06.03.2017 10:16:21: Client has executed command "players"

06.03.2017 10:16:09: MessageAnnouncer >> Наберите /kit claim, чтобы получить Claim Flag

06.03.2017 10:16:09: MessageAnnouncer >> Broadcast: Наберите /kit claim, чтобы получить Claim Flag

06.03.2017 10:16:04: END
06.03.2017 10:16:01: Players:
PlayerID: 76561198056237987 Name: Oblivion Character: Oblivion Ping: 117

06.03.2017 10:16:01: Client has executed command "players"

06.03.2017 10:15:44: END
06.03.2017 10:15:41: PlayerID: 76561198056237987 Name: Oblivion Character: Oblivion Ping: 125

06.03.2017 10:15:41: Players:

06.03.2017 10:15:41: Client has executed command "players"

06.03.2017 10:15:24: END
06.03.2017 10:15:21: PlayerID: 76561198056237987 Name: Oblivion Character: Oblivion Ping: 164

06.03.2017 10:15:21: Players:

06.03.2017 10:15:21: Client has executed command "players"

06.03.2017 10:15:04: END
06.03.2017 10:15:01: PlayerID: 76561198056237987 Name: Oblivion Character: Oblivion Ping: 187

06.03.2017 10:15:01: Players:

06.03.2017 10:15:01: Client has executed command "players"

06.03.2017 10:14:44: END
06.03.2017 10:14:41: Players:
PlayerID: 76561198056237987 Name: Oblivion Character: Oblivion Ping: 125

06.03.2017 10:14:41: Client has executed command "players"

06.03.2017 10:14:24: END
06.03.2017 10:14:21: Client has executed command "players"
Players:
PlayerID: 76561198056237987 Name: Oblivion Character: Oblivion Ping: 125

06.03.2017 10:14:21: MessageAnnouncer >> vk.com/unturned_hgm - цены на премиум, VIP и другие услуги смотрите в группе!

06.03.2017 10:14:09: MessageAnnouncer >> Broadcast: vk.com/unturned_hgm - цены на премиум, VIP и другие услуги смотрите в группе!

06.03.2017 10:14:04: END
06.03.2017 10:14:01: PlayerID: 76561198056237987 Name: Oblivion Character: Oblivion Ping: 234

06.03.2017 10:14:01: Players:

06.03.2017 10:14:01: Client has executed command "players"

06.03.2017 10:13:44: END
06.03.2017 10:13:41: PlayerID: 76561198056237987 Name: Oblivion Character: Oblivion Ping: 148

06.03.2017 10:13:41: Players:

06.03.2017 10:13:41: Client has executed command "players"

06.03.2017 10:13:24: END
06.03.2017 10:13:21: PlayerID: 76561198056237987 Name: Oblivion Character: Oblivion Ping: 132

06.03.2017 10:13:21: Players:

06.03.2017 10:13:21: Client has executed command "players"

06.03.2017 10:13:04: END
06.03.2017 10:13:01: PlayerID: 76561198056237987 Name: Oblivion Character: Oblivion Ping: 171

06.03.2017 10:13:01: Players:

06.03.2017 10:13:01: Client has executed command "players"

06.03.2017 10:12:44: END
06.03.2017 10:12:41: PlayerID: 76561198056237987 Name: Oblivion Character: Oblivion Ping: 234

06.03.2017 10:12:41: Players:

06.03.2017 10:12:41: Client has executed command "players"

06.03.2017 10:12:24: END
06.03.2017 10:12:21: PlayerID: 76561198056237987 Name: Oblivion Character: Oblivion Ping: 195

06.03.2017 10:12:21: Players:

06.03.2017 10:12:21: Client has executed command "players"

06.03.2017 10:12:09: MessageAnnouncer >> Наберите /kit help, чтобы получить первую мед. помощь (бинты, таблетки, еда)

06.03.2017 10:12:09: MessageAnnouncer >> Broadcast: Наберите /kit help, чтобы получить первую мед. помощь (бинты, таблетки, еда)

06.03.2017 10:12:04: END
06.03.2017 10:12:01: PlayerID: 76561198056237987 Name: Oblivion Character: Oblivion Ping: 164

06.03.2017 10:12:01: Players:

06.03.2017 10:12:01: Client has executed command "players"

06.03.2017 10:11:44: END
06.03.2017 10:11:41: PlayerID: 76561198056237987 Name: Oblivion Character: Oblivion Ping: 132

06.03.2017 10:11:41: Players:

06.03.2017 10:11:41: Client has executed command "players"

06.03.2017 10:11:24: END
06.03.2017 10:11:21: PlayerID: 76561198056237987 Name: Oblivion Character: Oblivion Ping: 164

06.03.2017 10:11:21: Players:

06.03.2017 10:11:21: Client has executed command "players"

06.03.2017 10:11:10: Saving server

06.03.2017 10:11:04: END
06.03.2017 10:11:01: PlayerID: 76561198056237987 Name: Oblivion Character: Oblivion Ping: 218

06.03.2017 10:11:01: Players:

06.03.2017 10:11:01: Client has executed command "players"

06.03.2017 10:10:44: END
06.03.2017 10:10:41: PlayerID: 76561198056237987 Name: Oblivion Character: Oblivion Ping: 203

06.03.2017 10:10:41: Players:

06.03.2017 10:10:41: Client has executed command "players"

06.03.2017 10:10:24: END
06.03.2017 10:10:21: PlayerID: 76561198056237987 Name: Oblivion Character: Oblivion Ping: 156

06.03.2017 10:10:21: Players:

06.03.2017 10:10:21: Client has executed command "players"

06.03.2017 10:10:09: MessageAnnouncer >> vk.com/unturned_hgm - группа сервера ВК, уникальный кит в записи!

06.03.2017 10:10:09: MessageAnnouncer >> Broadcast: vk.com/unturned_hgm - группа сервера ВК, уникальный кит в записи!

06.03.2017 10:10:04: END
06.03.2017 10:10:01: PlayerID: 76561198056237987 Name: Oblivion Character: Oblivion Ping: 109

06.03.2017 10:10:01: Players:

06.03.2017 10:10:01: Client has executed command "players"

06.03.2017 10:09:44: END
06.03.2017 10:09:41: PlayerID: 76561198056237987 Name: Oblivion Character: Oblivion Ping: 187

06.03.2017 10:09:41: Players:

06.03.2017 10:09:41: Client has executed command "players"

06.03.2017 10:09:24: END
06.03.2017 10:09:21: Players:
PlayerID: 76561198056237987 Name: Oblivion Character: Oblivion Ping: 218

06.03.2017 10:09:21: Client has executed command "players"

06.03.2017 10:09:04: END
06.03.2017 10:09:01: PlayerID: 76561198056237987 Name: Oblivion Character: Oblivion Ping: 226

06.03.2017 10:09:01: Players:

06.03.2017 10:09:01: Client has executed command "players"

06.03.2017 10:08:44: END
06.03.2017 10:08:41: PlayerID: 76561198056237987 Name: Oblivion Character: Oblivion Ping: 125

06.03.2017 10:08:41: Players:

06.03.2017 10:08:41: Client has executed command "players"

06.03.2017 10:08:24: END
06.03.2017 10:08:21: PlayerID: 76561198056237987 Name: Oblivion Character: Oblivion Ping: 164

06.03.2017 10:08:21: Players:

06.03.2017 10:08:21: Client has executed command "players"

06.03.2017 10:08:21: MessageAnnouncer >> Внимание! PvP-режим по субботам! PvP-режим!!!

06.03.2017 10:08:08: MessageAnnouncer >> Broadcast: Внимание! PvP-режим по субботам! PvP-режим!!!

06.03.2017 10:08:04: END
06.03.2017 10:08:01: Players:
PlayerID: 76561198056237987 Name: Oblivion Character: Oblivion Ping: 195

06.03.2017 10:08:01: Client has executed command "players"

06.03.2017 10:07:44: END
06.03.2017 10:07:41: PlayerID: 76561198056237987 Name: Oblivion Character: Oblivion Ping: 156

06.03.2017 10:07:41: Players:

06.03.2017 10:07:41: Client has executed command "players"

06.03.2017 10:07:24: END
06.03.2017 10:07:21: PlayerID: 76561198056237987 Name: Oblivion Character: Oblivion Ping: 132

06.03.2017 10:07:21: Players:

06.03.2017 10:07:21: Client has executed command "players"

06.03.2017 10:07:04: END
06.03.2017 10:07:01: PlayerID: 76561198056237987 Name: Oblivion Character: Oblivion Ping: 179

06.03.2017 10:07:01: Players:

06.03.2017 10:07:01: Client has executed command "players"

06.03.2017 10:06:44: END
06.03.2017 10:06:41: PlayerID: 76561198056237987 Name: Oblivion Character: Oblivion Ping: 242

06.03.2017 10:06:41: Players:

06.03.2017 10:06:41: Client has executed command "players"

06.03.2017 10:06:24: END
06.03.2017 10:06:21: Players:
PlayerID: 76561198056237987 Name: Oblivion Character: Oblivion Ping: 132

06.03.2017 10:06:21: Client has executed command "players"

06.03.2017 10:06:08: MessageAnnouncer >> Наберите /kit start, чтобы получить стартовый набор (еда, вода, топор)

06.03.2017 10:06:08: MessageAnnouncer >> Broadcast: Наберите /kit start, чтобы получить стартовый набор (еда, вода, топор)

06.03.2017 10:06:04: END
06.03.2017 10:06:01: PlayerID: 76561198056237987 Name: Oblivion Character: Oblivion Ping: 117

06.03.2017 10:06:01: Players:

06.03.2017 10:06:01: Client has executed command "players"

06.03.2017 10:05:44: END
06.03.2017 10:05:41: PlayerID: 76561198056237987 Name: Oblivion Character: Oblivion Ping: 234

06.03.2017 10:05:41: Players:

06.03.2017 10:05:41: Client has executed command "players"

06.03.2017 10:05:24: END
06.03.2017 10:05:21: PlayerID: 76561198056237987 Name: Oblivion Character: Oblivion Ping: 140

06.03.2017 10:05:21: Players:

06.03.2017 10:05:21: Client has executed command "players"

06.03.2017 10:05:04: END
06.03.2017 10:05:01: PlayerID: 76561198056237987 Name: Oblivion Character: Oblivion Ping: 125

06.03.2017 10:05:01: Players:

06.03.2017 10:05:01: Client has executed command "players"

06.03.2017 10:04:44: END
06.03.2017 10:04:41: PlayerID: 76561198056237987 Name: Oblivion Character: Oblivion Ping: 140

06.03.2017 10:04:41: Players:

06.03.2017 10:04:41: Client has executed command "players"

06.03.2017 10:04:24: END
06.03.2017 10:04:21: PlayerID: 76561198056237987 Name: Oblivion Character: Oblivion Ping: 179

06.03.2017 10:04:21: Players:

06.03.2017 10:04:21: Client has executed command "players"

06.03.2017 10:04:08: MessageAnnouncer >> Добро пожаловать на HEMULGM.RU. Тут рады вам больше, чем на любом другом сервере!

06.03.2017 10:04:08: MessageAnnouncer >> Broadcast: Добро пожаловать на HEMULGM.RU. Тут рады вам больше, чем на любом другом сервере!

06.03.2017 10:04:04: END
06.03.2017 10:04:01: PlayerID: 76561198056237987 Name: Oblivion Character: Oblivion Ping: 125

06.03.2017 10:04:01: Players:

06.03.2017 10:04:01: Client has executed command "players"

06.03.2017 10:03:44: END
06.03.2017 10:03:41: PlayerID: 76561198056237987 Name: Oblivion Character: Oblivion Ping: 117

06.03.2017 10:03:41: Players:

06.03.2017 10:03:41: Client has executed command "players"

06.03.2017 10:03:24: END
06.03.2017 10:03:21: PlayerID: 76561198056237987 Name: Oblivion Character: Oblivion Ping: 187

06.03.2017 10:03:21: Players:

06.03.2017 10:03:21: Client has executed command "players"

06.03.2017 10:03:04: END
06.03.2017 10:03:01: PlayerID: 76561198056237987 Name: Oblivion Character: Oblivion Ping: 210

06.03.2017 10:03:01: Players:

06.03.2017 10:03:01: Client has executed command "players"

06.03.2017 10:02:44: END
06.03.2017 10:02:41: PlayerID: 76561198056237987 Name: Oblivion Character: Oblivion Ping: 125

06.03.2017 10:02:41: Players:

06.03.2017 10:02:41: Client has executed command "players"

06.03.2017 10:02:24: END
06.03.2017 10:02:21: PlayerID: 76561198056237987 Name: Oblivion Character: Oblivion Ping: 125

06.03.2017 10:02:21: Players:

06.03.2017 10:02:21: Client has executed command "players"

06.03.2017 10:02:08: MessageAnnouncer >> Наберите /rules (/r) для просмотра правил

06.03.2017 10:02:08: MessageAnnouncer >> Broadcast: Наберите /rules (/r) для просмотра правил

06.03.2017 10:02:04: END
06.03.2017 10:02:01: PlayerID: 76561198056237987 Name: Oblivion Character: Oblivion Ping: 218

06.03.2017 10:02:01: Players:

06.03.2017 10:02:01: Client has executed command "players"

06.03.2017 10:01:44: END
06.03.2017 10:01:41: PlayerID: 76561198056237987 Name: Oblivion Character: Oblivion Ping: 164

06.03.2017 10:01:41: Players:

06.03.2017 10:01:41: Client has executed command "players"

06.03.2017 10:01:24: END
06.03.2017 10:01:21: PlayerID: 76561198056237987 Name: Oblivion Character: Oblivion Ping: 117

06.03.2017 10:01:21: Players:

06.03.2017 10:01:21: Client has executed command "players"

06.03.2017 10:01:04: END
06.03.2017 10:01:01: PlayerID: 76561198056237987 Name: Oblivion Character: Oblivion Ping: 164

06.03.2017 10:01:01: Players:

06.03.2017 10:01:01: Client has executed command "players"

06.03.2017 10:00:44: END
06.03.2017 10:00:41: PlayerID: 76561198056237987 Name: Oblivion Character: Oblivion Ping: 234

06.03.2017 10:00:41: Players:

06.03.2017 10:00:41: Client has executed command "players"

06.03.2017 10:00:24: END
06.03.2017 10:00:21: PlayerID: 76561198056237987 Name: Oblivion Character: Oblivion Ping: 226

06.03.2017 10:00:21: Players:

06.03.2017 10:00:21: Client has executed command "players"

06.03.2017 10:00:08: MessageAnnouncer >> Используйте /report [ник], чтобы отправить жалобу на игрока

06.03.2017 10:00:08: MessageAnnouncer >> Broadcast: Используйте /report [ник], чтобы отправить жалобу на игрока

06.03.2017 10:00:04: END
06.03.2017 10:00:01: PlayerID: 76561198056237987 Name: Oblivion Character: Oblivion Ping: 210

06.03.2017 10:00:01: Players:

06.03.2017 10:00:01: Client has executed command "players"

06.03.2017 9:59:44: END
06.03.2017 9:59:41: PlayerID: 76561198056237987 Name: Oblivion Character: Oblivion Ping: 125

06.03.2017 9:59:41: Players:

06.03.2017 9:59:41: Client has executed command "players"

06.03.2017 9:59:24: END
06.03.2017 9:59:21: Players:
PlayerID: 76561198056237987 Name: Oblivion Character: Oblivion Ping: 195

06.03.2017 9:59:21: Client has executed command "players"

06.03.2017 9:59:04: END
06.03.2017 9:59:01: PlayerID: 76561198056237987 Name: Oblivion Character: Oblivion Ping: 148

06.03.2017 9:59:01: Players:

06.03.2017 9:59:01: Client has executed command "players"

06.03.2017 9:58:44: END
06.03.2017 9:58:41: PlayerID: 76561198056237987 Name: Oblivion Character: Oblivion Ping: 132

06.03.2017 9:58:41: Players:

06.03.2017 9:58:41: Client has executed command "players"

06.03.2017 9:58:24: END
06.03.2017 9:58:21: PlayerID: 76561198056237987 Name: Oblivion Character: Oblivion Ping: 132

06.03.2017 9:58:21: Players:

06.03.2017 9:58:21: Client has executed command "players"

06.03.2017 9:58:08: MessageAnnouncer >> vk.com/hemulgm - ЕДИНСТВЕННЫЙ администратор сервера

06.03.2017 9:58:08: MessageAnnouncer >> Broadcast: vk.com/hemulgm - ЕДИНСТВЕННЫЙ администратор сервера

06.03.2017 9:58:04: END
06.03.2017 9:58:01: Players:
PlayerID: 76561198056237987 Name: Oblivion Character: Oblivion Ping: 257

06.03.2017 9:58:01: Client has executed command "players"

06.03.2017 9:57:44: END
06.03.2017 9:57:41: PlayerID: 76561198056237987 Name: Oblivion Character: Oblivion Ping: 210

06.03.2017 9:57:41: Players:

06.03.2017 9:57:41: Client has executed command "players"

06.03.2017 9:57:24: END
06.03.2017 9:57:21: PlayerID: 76561198056237987 Name: Oblivion Character: Oblivion Ping: 117

06.03.2017 9:57:21: Players:

06.03.2017 9:57:21: Client has executed command "players"

06.03.2017 9:57:04: END
06.03.2017 9:57:01: PlayerID: 76561198056237987 Name: Oblivion Character: Oblivion Ping: 117

06.03.2017 9:57:01: Players:

06.03.2017 9:57:01: Client has executed command "players"

06.03.2017 9:56:44: END
06.03.2017 9:56:41: PlayerID: 76561198056237987 Name: Oblivion Character: Oblivion Ping: 218

06.03.2017 9:56:41: Players:

06.03.2017 9:56:41: Client has executed command "players"

06.03.2017 9:56:24: END
06.03.2017 9:56:21: PlayerID: 76561198056237987 Name: Oblivion Character: Oblivion Ping: 210

06.03.2017 9:56:21: Players:

06.03.2017 9:56:21: Client has executed command "players"

06.03.2017 9:56:08: MessageAnnouncer >> Если модератор ведёт себя неподобающе, пишите в группу или ЛС (vk.com/unturned_hgm, vk.com/hemulgm)

06.03.2017 9:56:08: MessageAnnouncer >> Broadcast: Если модератор ведёт себя неподобающе, пишите в группу или ЛС (vk.com/unturned_hgm, vk.com/hemulgm)

06.03.2017 9:56:04: END
06.03.2017 9:56:01: PlayerID: 76561198056237987 Name: Oblivion Character: Oblivion Ping: 148

06.03.2017 9:56:01: Players:

06.03.2017 9:56:01: Client has executed command "players"

06.03.2017 9:56:01: RocketRcon v2.4.8.0

