11.03.2017 19:31:18: RocketRcon v2.4.8.0

11.03.2017 19:31:19: Client has executed command "players"

11.03.2017 19:31:19: Failed to find any players.

11.03.2017 19:31:19: TimerTerminateCommand.Enabled with Failed to find any players.
11.03.2017 19:31:19: MessageAnnouncer >> Broadcast: Используйте /report [ник], чтобы отправить жалобу на игрока

11.03.2017 19:31:19: TimerTerminateCommand.Enabled with Failed to find any players.
11.03.2017 19:31:19: MessageAnnouncer >> Используйте /report [ник], чтобы отправить жалобу на игрока

11.03.2017 19:31:19: TimerTerminateCommand.Enabled with Failed to find any players.
11.03.2017 19:31:22: END
11.03.2017 19:31:38: Client has executed command "players"

11.03.2017 19:31:38: Failed to find any players.

11.03.2017 19:31:38: TimerTerminateCommand.Enabled with Failed to find any players.
11.03.2017 19:31:41: END
11.03.2017 19:31:58: Client has executed command "players"

11.03.2017 19:31:58: Failed to find any players.

11.03.2017 19:31:58: TimerTerminateCommand.Enabled with Failed to find any players.
11.03.2017 19:32:01: END
11.03.2017 19:32:18: Client has executed command "players"

11.03.2017 19:32:18: Failed to find any players.

11.03.2017 19:32:18: TimerTerminateCommand.Enabled with Failed to find any players.
11.03.2017 19:32:21: END
