RocketRcon v2.4.8.0

login aVIPs22031994
players
Client has executed command "players"
Players:
PlayerID: 76561198056500580 Name: BART Character: KOFFI Ping: 31

Client has executed command "bans"
Bans:
PlayerID: 76561197966773788
JudgeID: 0
Reason: 900000 Duration: 31536000 Remaining: 27473675
PlayerID: 76561198190667017
JudgeID: 0
Reason: cheater Duration: 31104000 Remaining: 30353953
PlayerID: 76561198374710965
JudgeID: 0
Reason: cheater Duration: 31104000 Remaining: 30353969

END
Client has executed command "GET NOW"
ServerControl >> VALUE NOW [1] [0] [972]

END
Client has executed command "GET NOW"

ServerControl >> VALUE NOW [1] [0] [982]

GET NOW
Client has executed command "GET NOW"

ServerControl >> VALUE NOW [1] [0] [984]

Client has executed command "players"

Players:
PlayerID: 76561198056500580 Name: BART Character: KOFFI Ping: 23

Client has executed command "bans"

Bans:
PlayerID: 76561197966773788
JudgeID: 0
Reason: 900000 Duration: 31536000 Remaining: 27473659
PlayerID: 76561198190667017
JudgeID: 0
Reason: cheater Duration: 31104000 Remaining: 30353937
PlayerID: 76561198374710965
JudgeID: 0
Reason: cheater Duration: 31104000 Remaining: 30353953

END
END
MessageAnnouncer >> Broadcast: Посетите наш сайт. Вы будете удивлены! unturned.hemulgm.ru

MessageAnnouncer >> Посетите наш сайт. Вы будете удивлены! unturned.hemulgm.ru

Client has executed command "GET NOW"

ServerControl >> VALUE NOW [1] [0] [992]

GET NOW
Client has executed command "GET NOW"

ServerControl >> VALUE NOW [1] [0] [994]

