RocketRcon v2.4.8.0

login aVIPs22031994
players
Client has executed command "players"
Failed to find any players.

Client has executed command "GET NOW"
ServerControl >> VALUE NOW [0] [0] [2651]

Client has executed command "GET NOW"

ServerControl >> VALUE NOW [0] [0] [2661]

GET NOW
Client has executed command "GET NOW"

ServerControl >> VALUE NOW [0] [0] [2662]

Client has executed command "players"

Failed to find any players.

Client has executed command "GET NOW"

ServerControl >> VALUE NOW [0] [0] [2671]

Client has executed command "cchat "/33/09/17/04/17/15/16 /24/05/17/05/08 4 /24. 30 /13. " 255 255 0"

ServerControl >> Broadcast: Аирдроп через 4 ч. 30 м.

Не обработано: ServerControl >> Broadcast: Аирдроп через 4 ч. 30 м.
GET NOW
Client has executed command "GET NOW"

ServerControl >> VALUE NOW [0] [0] [2672]

MessageAnnouncer >> Broadcast: vk.com/unturned_hgm - группа сервера ВК, уникальный кит в записи!

MessageAnnouncer >> vk.com/unturned_hgm - группа сервера ВК, уникальный кит в записи!

Client has executed command "GET NOW"
ServerControl >> VALUE NOW [0] [0] [2681]

GET NOW
Client has executed command "GET NOW"

ServerControl >> VALUE NOW [0] [0] [2682]

Client has executed command "players"

Failed to find any players.

Client has executed command "GET NOW"

ServerControl >> VALUE NOW [0] [0] [2691]

GET NOW
Client has executed command "GET NOW"

ServerControl >> VALUE NOW [0] [0] [2692]

Client has executed command "GET NOW"

ServerControl >> VALUE NOW [0] [0] [2701]

GET NOW
Client has executed command "GET NOW"

ServerControl >> VALUE NOW [0] [0] [2702]

Client has executed command "players"

Failed to find any players.

Client has executed command "GET NOW"

ServerControl >> VALUE NOW [0] [0] [2711]

GET NOW
Client has executed command "GET NOW"

ServerControl >> VALUE NOW [0] [0] [2712]

Client has executed command "GET NOW"

ServerControl >> VALUE NOW [0] [0] [2721]

GET NOW
Client has executed command "GET NOW"

ServerControl >> VALUE NOW [0] [0] [2722]

Client has executed command "players"

Failed to find any players.

Client has executed command "GET NOW"

ServerControl >> VALUE NOW [0] [0] [2731]

GET NOW
Client has executed command "GET NOW"

ServerControl >> VALUE NOW [0] [0] [2732]

MessageAnnouncer >> Broadcast: Посетите наш сайт. Вы будете удивлены! unturned.hemulgm.ru

MessageAnnouncer >> Посетите наш сайт. Вы будете удивлены! unturned.hemulgm.ru

Client has executed command "GET NOW"
ServerControl >> VALUE NOW [0] [0] [2741]

GET NOW
Client has executed command "GET NOW"

ServerControl >> VALUE NOW [0] [0] [2742]

Client has executed command "players"

Failed to find any players.

Client has executed command "GET NOW"

ServerControl >> VALUE NOW [0] [0] [2751]

GET NOW
Client has executed command "GET NOW"

ServerControl >> VALUE NOW [0] [0] [2752]

Client has executed command "GET NOW"

ServerControl >> VALUE NOW [0] [0] [2761]

GET NOW
Client has executed command "GET NOW"

ServerControl >> VALUE NOW [0] [0] [2762]

Client has executed command "players"

Failed to find any players.

Client has executed command "GET NOW"

ServerControl >> VALUE NOW [0] [0] [2771]

GET NOW
Client has executed command "GET NOW"

ServerControl >> VALUE NOW [0] [0] [2772]

Client has executed command "GET NOW"

ServerControl >> VALUE NOW [0] [0] [2781]

GET NOW
Client has executed command "GET NOW"

ServerControl >> VALUE NOW [0] [0] [2782]

Client has executed command "players"

Failed to find any players.

Client has executed command "GET NOW"

ServerControl >> VALUE NOW [0] [0] [2791]

GET NOW
Client has executed command "GET NOW"

ServerControl >> VALUE NOW [0] [0] [2792]

MessageAnnouncer >> Broadcast: Наберите /kit help, чтобы получить первую мед. помощь (бинты, таблетки, еда)

MessageAnnouncer >> Наберите /kit help, чтобы получить первую мед. помощь (бинты, таблетки, еда)

Client has executed command "GET NOW"
ServerControl >> VALUE NOW [0] [0] [2801]

GET NOW
Client has executed command "GET NOW"

ServerControl >> VALUE NOW [0] [0] [2802]

Client has executed command "players"

Failed to find any players.

Client has executed command "GET NOW"
ServerControl >> VALUE NOW [0] [0] [2811]

GET NOW
Client has executed command "GET NOW"

ServerControl >> VALUE NOW [0] [0] [2812]

Client has executed command "GET NOW"

ServerControl >> VALUE NOW [0] [0] [2821]

GET NOW
Client has executed command "GET NOW"

ServerControl >> VALUE NOW [0] [0] [2822]

Client has executed command "players"

Failed to find any players.

Client has executed command "GET NOW"

ServerControl >> VALUE NOW [0] [0] [2831]

GET NOW
Client has executed command "GET NOW"

ServerControl >> VALUE NOW [0] [0] [2833]

Client has executed command "GET NOW"

ServerControl >> VALUE NOW [0] [0] [2841]

GET NOW
Client has executed command "GET NOW"

ServerControl >> VALUE NOW [0] [0] [2843]

Client has executed command "players"

Failed to find any players.

Client has executed command "GET NOW"

ServerControl >> VALUE NOW [0] [0] [2851]

GET NOW
Client has executed command "GET NOW"

ServerControl >> VALUE NOW [0] [0] [2853]

MessageAnnouncer >> Broadcast: vk.com/unturned_hgm - цены на премиум, VIP и другие услуги смотрите в группе!

MessageAnnouncer >> vk.com/unturned_hgm - цены на премиум, VIP и другие услуги смотрите в группе!

Client has executed command "GET NOW"
ServerControl >> VALUE NOW [0] [0] [2861]

GET NOW
Client has executed command "GET NOW"

ServerControl >> VALUE NOW [0] [0] [2863]

Client has executed command "players"

Failed to find any players.

Client has executed command "GET NOW"

ServerControl >> VALUE NOW [0] [0] [2871]

GET NOW
Client has executed command "GET NOW"

ServerControl >> VALUE NOW [0] [0] [2873]

Client has executed command "GET NOW"

ServerControl >> VALUE NOW [0] [0] [2881]

GET NOW
Client has executed command "GET NOW"

ServerControl >> VALUE NOW [0] [0] [2883]

Client has executed command "players"

Failed to find any players.

Client has executed command "GET NOW"

ServerControl >> VALUE NOW [0] [0] [2891]

GET NOW
Client has executed command "GET NOW"

ServerControl >> VALUE NOW [0] [0] [2893]

Client has executed command "GET NOW"

ServerControl >> VALUE NOW [0] [0] [2901]

GET NOW
Client has executed command "GET NOW"

ServerControl >> VALUE NOW [0] [0] [2903]

Client has executed command "players"

Failed to find any players.

Client has executed command "GET NOW"

ServerControl >> VALUE NOW [0] [0] [2911]

GET NOW
Client has executed command "GET NOW"

ServerControl >> VALUE NOW [0] [0] [2913]

MessageAnnouncer >> Broadcast: Наберите /kit claim, чтобы получить Claim Flag

MessageAnnouncer >> Наберите /kit claim, чтобы получить Claim Flag

Client has executed command "GET NOW"
ServerControl >> VALUE NOW [0] [0] [2921]

GET NOW
Client has executed command "GET NOW"

ServerControl >> VALUE NOW [0] [0] [2923]

Client has executed command "players"

Failed to find any players.

Client has executed command "GET NOW"

ServerControl >> VALUE NOW [0] [0] [2931]

GET NOW
Client has executed command "GET NOW"

ServerControl >> VALUE NOW [0] [0] [2933]

Client has executed command "GET NOW"

ServerControl >> VALUE NOW [0] [0] [2941]

GET NOW
Client has executed command "GET NOW"

ServerControl >> VALUE NOW [0] [0] [2943]

Client has executed command "players"

Failed to find any players.

Client has executed command "GET NOW"

ServerControl >> VALUE NOW [0] [0] [2951]

GET NOW
Client has executed command "GET NOW"

ServerControl >> VALUE NOW [0] [0] [2953]

