Подключение к RCON сервера
Загрузка данных из локальной БД
Настройка модуля слежения за процессом
RCON Соединение
Подключение к БД сервера
Подключение к БД сайта
Подключение к локальной папке сервера
Подключение к Вконтакте
Запуск таймеров
Запуск потока обновления списка онлайн-игроков
Запуск потока обработки сообщений с сайта и на сайт
Запуск потока запросов на сервер
Запуск потока мониторинга за процессом сервера
Запуск модуля игровых событий
Запуск потока работы с Телеграмом
Загрузка данных из базы данных сервера
Запуск совершён
ThreadTelegramWork Access violation at address 004012CC in module 'UServer.exe'. Read of address 00000000
RCON Не смог подключиться
Сохранение параметров
Остановка таймеров
Закрытие соединения с RCON
Закрытие соединения с БД сервера
Закрытие соединения с БД сайта
Завершение работы потоков
Ожидание завершения работы потоков
Завершение работы
