RocketRcon v2.4.8.0

login aVIPs22031994
players
Client has executed command "players"
Failed to find any players.

MessageAnnouncer >> Broadcast: Если модератор ведёт себя неподобающе, пишите в группу или ЛС (vk.com/unturned_hgm, vk.com/hemulgm)
MessageAnnouncer >> Если модератор ведёт себя неподобающе, пишите в группу или ЛС (vk.com/unturned_hgm, vk.com/hemulgm)

Client has executed command "GET NOW"

ServerControl >> VALUE NOW [0] [0] [3063]

Client has executed command "players"

Failed to find any players.

GET NOW
Client has executed command "GET NOW"

ServerControl >> VALUE NOW [0] [0] [3072]

Client has executed command "GET NOW"

ServerControl >> VALUE NOW [0] [0] [3073]

GET NOW
Client has executed command "GET NOW"

ServerControl >> VALUE NOW [0] [0] [3082]

Client has executed command "GET NOW"

ServerControl >> VALUE NOW [0] [0] [3083]

Client has executed command "players"

Failed to find any players.

GET NOW
Client has executed command "GET NOW"

ServerControl >> VALUE NOW [0] [0] [3092]

Client has executed command "GET NOW"

ServerControl >> VALUE NOW [0] [0] [3093]

GET NOW
Client has executed command "GET NOW"

ServerControl >> VALUE NOW [0] [0] [3102]

Client has executed command "GET NOW"

ServerControl >> VALUE NOW [0] [0] [3103]

Client has executed command "players"

Failed to find any players.

GET NOW
Client has executed command "GET NOW"

ServerControl >> VALUE NOW [0] [0] [3112]

Client has executed command "GET NOW"

ServerControl >> VALUE NOW [0] [0] [3113]

MessageAnnouncer >> Broadcast: Посетите наш сайт. Вы будете удивлены! unturned.hemulgm.ru

MessageAnnouncer >> Посетите наш сайт. Вы будете удивлены! unturned.hemulgm.ru

GET NOW
Client has executed command "GET NOW"

ServerControl >> VALUE NOW [0] [0] [3122]

Client has executed command "GET NOW"

ServerControl >> VALUE NOW [0] [0] [3123]

Client has executed command "players"

Failed to find any players.

GET NOW
Client has executed command "GET NOW"

ServerControl >> VALUE NOW [0] [0] [3132]

Client has executed command "GET NOW"

ServerControl >> VALUE NOW [0] [0] [3133]

GET NOW
Client has executed command "GET NOW"

ServerControl >> VALUE NOW [0] [0] [3142]

Client has executed command "GET NOW"

ServerControl >> VALUE NOW [0] [0] [3143]

Client has executed command "players"

Failed to find any players.

GET NOW
Client has executed command "GET NOW"

ServerControl >> VALUE NOW [0] [0] [3152]

Client has executed command "GET NOW"

ServerControl >> VALUE NOW [0] [0] [3153]

GET NOW
Client has executed command "GET NOW"

ServerControl >> VALUE NOW [0] [0] [3162]

Client has executed command "GET NOW"

ServerControl >> VALUE NOW [0] [0] [3163]

Client has executed command "players"

Failed to find any players.

GET NOW
Client has executed command "GET NOW"

ServerControl >> VALUE NOW [0] [0] [3172]

Client has executed command "GET NOW"

ServerControl >> VALUE NOW [0] [0] [3173]

MessageAnnouncer >> Broadcast: vk.com/hemulgm - ЕДИНСТВЕННЫЙ администратор сервера

MessageAnnouncer >> vk.com/hemulgm - ЕДИНСТВЕННЫЙ администратор сервера

GET NOW
Client has executed command "GET NOW"

ServerControl >> VALUE NOW [0] [0] [3182]

