RocketRcon v2.4.8.0

login aVIPs22031994
players
Client has executed command "players"

Failed to find any players.

Client has executed command "GET NOW"
ServerControl >> VALUE NOW [0] [0] [2861]

Client has executed command "players"

Failed to find any players.

Client has executed command "GET NOW"

ServerControl >> VALUE NOW [0] [0] [2871]

GET NOW
Client has executed command "GET NOW"

ServerControl >> VALUE NOW [0] [0] [2871]

Client has executed command "cchat "/33/09/17/04/17/15/16 /24/05/17/05/08 3 /24. 50 /13. " 255 255 0"

ServerControl >> Broadcast: Аирдроп через 3 ч. 50 м.

Не обработано: ServerControl >> Broadcast: Аирдроп через 3 ч. 50 м.
Client has executed command "GET NOW"

ServerControl >> VALUE NOW [0] [0] [2881]

GET NOW
Client has executed command "GET NOW"

ServerControl >> VALUE NOW [0] [0] [2882]

Client has executed command "players"

Failed to find any players.

Client has executed command "GET NOW"

ServerControl >> VALUE NOW [0] [0] [2891]

GET NOW
Client has executed command "GET NOW"

ServerControl >> VALUE NOW [0] [0] [2892]

Client has executed command "GET NOW"

ServerControl >> VALUE NOW [0] [0] [2901]

GET NOW
Client has executed command "GET NOW"

ServerControl >> VALUE NOW [0] [0] [2902]

Client has executed command "players"

Failed to find any players.

MessageAnnouncer >> Broadcast: Внимание! PvP-режим по субботам! PvP-режим!!!

MessageAnnouncer >> Внимание! PvP-режим по субботам! PvP-режим!!!

Client has executed command "GET NOW"

ServerControl >> VALUE NOW [0] [0] [2911]

GET NOW
Client has executed command "GET NOW"

ServerControl >> VALUE NOW [0] [0] [2912]

