RocketRcon v2.4.8.0

login aVIPs22031994
players
Client has executed command "players"

Players:
PlayerID: 76561198416514639 Name: Aulak Character: Aulak Ping: 58
PlayerID: 76561198403731875 Name: Malav Character: Malav Ping: 35
PlayerID: 76561198237123262 Name: I'M Phenomenal Character: Anthonyyy Ping: 42

Client has executed command "bans"
Bans:
PlayerID: 76561197966773788
JudgeID: 0
Reason: 900000 Duration: 31536000 Remaining: 27042064
PlayerID: 76561198190667017
JudgeID: 0
Reason: cheater Duration: 31104000 Remaining: 29922342
PlayerID: 76561198374710965
JudgeID: 0
Reason: cheater Duration: 31104000 Remaining: 29922358
PlayerID: 76561198408019916
JudgeID: 76561198237123262
Reason: raid Duration: 604800 Remaining: 274689
PlayerID: 76561198366284525
JudgeID: 76561198237123262
Reason: REKLAMA Duration: 604800 Remaining: 452858

END
END
Client has executed command "GET NOW"

ServerControl >> VALUE NOW [1] [0] [1583]

MessageAnnouncer >> Broadcast: Наберите /kit help, чтобы получить первую мед. помощь (бинты, таблетки, еда)

MessageAnnouncer >> Наберите /kit help, чтобы получить первую мед. помощь (бинты, таблетки, еда)

GET NOW
Client has executed command "GET NOW"

ServerControl >> VALUE NOW [1] [0] [1590]

Client has executed command "GET NOW"

ServerControl >> VALUE NOW [1] [0] [1593]

