Подключение к RCON сервера
Загрузка данных из локальной БД
Настройка модуля слежения за процессом
RCON Соединение
Подключение к БД сервера
Подключение к БД сайта
Подключение к локальной папке сервера
Подключение к Вконтакте
Запуск таймеров
Запуск потока обновления списка онлайн-игроков
Запуск потока обработки сообщений с сайта и на сайт
Запуск потока запросов на сервер
Запуск потока мониторинга за процессом сервера
Запуск потока работы с Телеграмом
Загрузка данных из базы данных сервера
Запуск совершён
RCON Соединение установлено
RCON отправка данных
БД сайта - UpdateBansTable rec: 2: Lost connection to MySQL server during query
БД сайта - UpdateBansTable rec: 3: MySQL server has gone away
БД сайта - GetPlayers: MySQL server has gone away
БД сайта - PlayerInfoCount: MySQL server has gone away
БД сайта - GetPlayers: MySQL server has gone away
