RocketRcon v2.4.8.0

login aVIPs22031994
players
Client has executed command "players"
Players:
PlayerID: 76561198421469222 Name: cvan71 Character: Андрей Ping: 54

Client has executed command "bans"
Bans:
PlayerID: 76561197966773788
JudgeID: 0
Reason: 900000 Duration: 31536000 Remaining: 27476431
PlayerID: 76561198190667017
JudgeID: 0
Reason: cheater Duration: 31104000 Remaining: 30356709
PlayerID: 76561198374710965
JudgeID: 0
Reason: cheater Duration: 31104000 Remaining: 30356725

END
END
Client has executed command "GET NOW"

ServerControl >> VALUE NOW [1] [0] [1820]

[World] Андрей [cvan71]: "/home"

Андрей moved x:-128.3162 y:66.62113(+28.12596) z:354.1754 in the last second (0.2379227)

Не обработано: Андрей moved x:-128.3162 y:66.62113(+28.12596) z:354.1754 in the last second (0.2379227)
Client has executed command "players"

Players:
PlayerID: 76561198421469222 Name: cvan71 Character: Андрей Ping: 78

Client has executed command "bans"

Bans:
PlayerID: 76561197966773788
JudgeID: 0
Reason: 900000 Duration: 31536000 Remaining: 27476419
PlayerID: 76561198190667017
JudgeID: 0
Reason: cheater Duration: 31104000 Remaining: 30356697
PlayerID: 76561198374710965
JudgeID: 0
Reason: cheater Duration: 31104000 Remaining: 30356713

END
GET NOW
Client has executed command "GET NOW"

ServerControl >> VALUE NOW [1] [0] [1827]

MessageAnnouncer >> Broadcast: vk.com/hemulgm - ЕДИНСТВЕННЫЙ администратор сервера

MessageAnnouncer >> vk.com/hemulgm - ЕДИНСТВЕННЫЙ администратор сервера

END
Client has executed command "GET NOW"

ServerControl >> VALUE NOW [1] [0] [1830]

GET NOW
Client has executed command "GET NOW"

ServerControl >> VALUE NOW [1] [0] [1837]

Client has executed command "GET NOW"

ServerControl >> VALUE NOW [1] [0] [1840]

Client has executed command "players"

Players:
PlayerID: 76561198421469222 Name: cvan71 Character: Андрей Ping: 78

Client has executed command "bans"

Bans:
PlayerID: 76561197966773788
JudgeID: 0
Reason: 900000 Duration: 31536000 Remaining: 27476399
PlayerID: 76561198190667017
JudgeID: 0
Reason: cheater Duration: 31104000 Remaining: 30356677
PlayerID: 76561198374710965
JudgeID: 0
Reason: cheater Duration: 31104000 Remaining: 30356693

END
GET NOW
Client has executed command "GET NOW"

ServerControl >> VALUE NOW [1] [0] [1847]

END
Client has executed command "GET NOW"

ServerControl >> VALUE NOW [1] [0] [1850]

pay 76561198421469222 100
Client has executed command "pay 76561198421469222 100"

GET NOW
Client has executed command "GET NOW"

ServerControl >> VALUE NOW [1] [0] [1857]

Client has executed command "GET NOW"

ServerControl >> VALUE NOW [1] [0] [1860]

Client has executed command "players"

Players:
PlayerID: 76561198421469222 Name: cvan71 Character: Андрей Ping: 46

Client has executed command "bans"

Bans:
PlayerID: 76561197966773788
JudgeID: 0
Reason: 900000 Duration: 31536000 Remaining: 27476379
PlayerID: 76561198190667017
JudgeID: 0
Reason: cheater Duration: 31104000 Remaining: 30356657
PlayerID: 76561198374710965
JudgeID: 0
Reason: cheater Duration: 31104000 Remaining: 30356673

END
GET NOW
END
Client has executed command "GET NOW"

ServerControl >> VALUE NOW [1] [0] [1867]

Client has executed command "GET NOW"

ServerControl >> VALUE NOW [1] [0] [1870]

[World] Андрей [cvan71]: "/buy 1470 2"

GET NOW
Client has executed command "GET NOW"

ServerControl >> VALUE NOW [1] [0] [1877]

Client has executed command "GET NOW"

ServerControl >> VALUE NOW [1] [0] [1880]

Client has executed command "players"

Players:
PlayerID: 76561198421469222 Name: cvan71 Character: Андрей Ping: 62

Client has executed command "bans"

Bans:
PlayerID: 76561197966773788
JudgeID: 0
Reason: 900000 Duration: 31536000 Remaining: 27476359
PlayerID: 76561198190667017
JudgeID: 0
Reason: cheater Duration: 31104000 Remaining: 30356637
PlayerID: 76561198374710965
JudgeID: 0
Reason: cheater Duration: 31104000 Remaining: 30356653

END
END
GET NOW
Client has executed command "GET NOW"

ServerControl >> VALUE NOW [1] [0] [1887]

MessageAnnouncer >> Broadcast: Используйте /report [ник], чтобы отправить жалобу на игрока

MessageAnnouncer >> Используйте /report [ник], чтобы отправить жалобу на игрока

Client has executed command "GET NOW"

ServerControl >> VALUE NOW [1] [0] [1890]

GET NOW
Client has executed command "GET NOW"

ServerControl >> VALUE NOW [1] [0] [1897]

Client has executed command "GET NOW"

ServerControl >> VALUE NOW [1] [0] [1900]

Client has executed command "players"

Players:
PlayerID: 76561198421469222 Name: cvan71 Character: Андрей Ping: 70

Client has executed command "bans"

Bans:
PlayerID: 76561197966773788
JudgeID: 0
Reason: 900000 Duration: 31536000 Remaining: 27476339
PlayerID: 76561198190667017
JudgeID: 0
Reason: cheater Duration: 31104000 Remaining: 30356617
PlayerID: 76561198374710965
JudgeID: 0
Reason: cheater Duration: 31104000 Remaining: 30356633

END
END
GET NOW
Client has executed command "GET NOW"

ServerControl >> VALUE NOW [1] [0] [1907]

Client has executed command "GET NOW"

ServerControl >> VALUE NOW [1] [0] [1910]

GET NOW
Client has executed command "GET NOW"

ServerControl >> VALUE NOW [1] [0] [1917]

Client has executed command "GET NOW"

ServerControl >> VALUE NOW [1] [0] [1920]

Client has executed command "players"

Players:
PlayerID: 76561198421469222 Name: cvan71 Character: Андрей Ping: 70

Client has executed command "bans"

Bans:
PlayerID: 76561197966773788
JudgeID: 0
Reason: 900000 Duration: 31536000 Remaining: 27476319
PlayerID: 76561198190667017
JudgeID: 0
Reason: cheater Duration: 31104000 Remaining: 30356597
PlayerID: 76561198374710965
JudgeID: 0
Reason: cheater Duration: 31104000 Remaining: 30356613

END
END
GET NOW
Client has executed command "GET NOW"

ServerControl >> VALUE NOW [1] [0] [1927]

balance 76561198421469222
Client has executed command "balance 76561198421469222"

This command can't be called from console

Client has executed command "GET NOW"

ServerControl >> VALUE NOW [1] [0] [1930]

GET NOW
Client has executed command "GET NOW"

ServerControl >> VALUE NOW [1] [0] [1937]

Client has executed command "GET NOW"

ServerControl >> VALUE NOW [1] [0] [1940]

Client has executed command "players"

Players:
PlayerID: 76561198421469222 Name: cvan71 Character: Андрей Ping: 54

Client has executed command "bans"

Bans:
PlayerID: 76561197966773788
JudgeID: 0
Reason: 900000 Duration: 31536000 Remaining: 27476299
PlayerID: 76561198190667017
JudgeID: 0
Reason: cheater Duration: 31104000 Remaining: 30356577
PlayerID: 76561198374710965
JudgeID: 0
Reason: cheater Duration: 31104000 Remaining: 30356593

END
END
GET NOW
Client has executed command "GET NOW"

ServerControl >> VALUE NOW [1] [0] [1947]

MessageAnnouncer >> Broadcast: Наберите /rules (/r) для просмотра правил
MessageAnnouncer >> Наберите /rules (/r) для просмотра правил

Client has executed command "GET NOW"

ServerControl >> VALUE NOW [1] [0] [1950]

GET NOW
Client has executed command "GET NOW"

ServerControl >> VALUE NOW [1] [0] [1957]

Client has executed command "GET NOW"
ServerControl >> VALUE NOW [1] [0] [1960]

Client has executed command "players"

Players:
PlayerID: 76561198421469222 Name: cvan71 Character: Андрей Ping: 70

Client has executed command "bans"

Bans:
PlayerID: 76561197966773788
JudgeID: 0
Reason: 900000 Duration: 31536000 Remaining: 27476279
PlayerID: 76561198190667017
JudgeID: 0
Reason: cheater Duration: 31104000 Remaining: 30356557
PlayerID: 76561198374710965
JudgeID: 0
Reason: cheater Duration: 31104000 Remaining: 30356573

END
END
GET NOW
Client has executed command "GET NOW"

ServerControl >> VALUE NOW [1] [0] [1967]

Client has executed command "GET NOW"
ServerControl >> VALUE NOW [1] [0] [1970]

GET NOW
Client has executed command "GET NOW"

ServerControl >> VALUE NOW [1] [0] [1978]

Client has executed command "GET NOW"

ServerControl >> VALUE NOW [1] [0] [1980]

Client has executed command "players"

Players:
PlayerID: 76561198421469222 Name: cvan71 Character: Андрей Ping: 62

Client has executed command "bans"

Bans:
PlayerID: 76561197966773788
JudgeID: 0
Reason: 900000 Duration: 31536000 Remaining: 27476259
PlayerID: 76561198190667017
JudgeID: 0
Reason: cheater Duration: 31104000 Remaining: 30356537
PlayerID: 76561198374710965
JudgeID: 0
Reason: cheater Duration: 31104000 Remaining: 30356553

END
END
GET NOW
Client has executed command "GET NOW"

ServerControl >> VALUE NOW [1] [0] [1988]

Client has executed command "GET NOW"

ServerControl >> VALUE NOW [1] [0] [1990]

[World] Андрей [cvan71]: "/buy 1094"

GET NOW
Client has executed command "GET NOW"

ServerControl >> VALUE NOW [1] [0] [1998]

Client has executed command "GET NOW"

ServerControl >> VALUE NOW [1] [0] [2000]

Client has executed command "players"

Players:
PlayerID: 76561198421469222 Name: cvan71 Character: Андрей Ping: 54

Client has executed command "bans"

Bans:
PlayerID: 76561197966773788
JudgeID: 0
Reason: 900000 Duration: 31536000 Remaining: 27476239
PlayerID: 76561198190667017
JudgeID: 0
Reason: cheater Duration: 31104000 Remaining: 30356517
PlayerID: 76561198374710965
JudgeID: 0
Reason: cheater Duration: 31104000 Remaining: 30356533

END
END
GET NOW
Client has executed command "GET NOW"

ServerControl >> VALUE NOW [1] [0] [2008]

MessageAnnouncer >> Broadcast: Добро пожаловать на HGM. Тут рады вам больше, чем на любом другом сервере!

MessageAnnouncer >> Добро пожаловать на HGM. Тут рады вам больше, чем на любом другом сервере!

Client has executed command "GET NOW"

ServerControl >> VALUE NOW [1] [0] [2010]

GET NOW
Client has executed command "GET NOW"

ServerControl >> VALUE NOW [1] [0] [2018]

Client has executed command "GET NOW"

ServerControl >> VALUE NOW [1] [0] [2020]

Client has executed command "players"

Players:
PlayerID: 76561198421469222 Name: cvan71 Character: Андрей Ping: 54

Client has executed command "bans"

Bans:
PlayerID: 76561197966773788
JudgeID: 0
Reason: 900000 Duration: 31536000 Remaining: 27476219
PlayerID: 76561198190667017
JudgeID: 0
Reason: cheater Duration: 31104000 Remaining: 30356497
PlayerID: 76561198374710965
JudgeID: 0
Reason: cheater Duration: 31104000 Remaining: 30356513

END
END
GET NOW
Client has executed command "GET NOW"

ServerControl >> VALUE NOW [1] [0] [2028]

Client has executed command "GET NOW"

ServerControl >> VALUE NOW [1] [0] [2030]

GET NOW
Client has executed command "GET NOW"

ServerControl >> VALUE NOW [1] [0] [2038]

Client has executed command "GET NOW"

ServerControl >> VALUE NOW [1] [0] [2040]

Client has executed command "players"

Players:
PlayerID: 76561198421469222 Name: cvan71 Character: Андрей Ping: 62

Client has executed command "bans"

Bans:
PlayerID: 76561197966773788
JudgeID: 0
Reason: 900000 Duration: 31536000 Remaining: 27476199
PlayerID: 76561198190667017
JudgeID: 0
Reason: cheater Duration: 31104000 Remaining: 30356477
PlayerID: 76561198374710965
JudgeID: 0
Reason: cheater Duration: 31104000 Remaining: 30356493

END
END
GET NOW
Client has executed command "GET NOW"

ServerControl >> VALUE NOW [1] [0] [2048]

Client has executed command "GET NOW"

ServerControl >> VALUE NOW [1] [0] [2050]

GET NOW
Client has executed command "GET NOW"

ServerControl >> VALUE NOW [1] [0] [2058]

Client has executed command "GET NOW"

ServerControl >> VALUE NOW [1] [0] [2060]

Client has executed command "players"

Players:
PlayerID: 76561198421469222 Name: cvan71 Character: Андрей Ping: 117

Client has executed command "bans"

Bans:
PlayerID: 76561197966773788
JudgeID: 0
Reason: 900000 Duration: 31536000 Remaining: 27476179
PlayerID: 76561198190667017
JudgeID: 0
Reason: cheater Duration: 31104000 Remaining: 30356457
PlayerID: 76561198374710965
JudgeID: 0
Reason: cheater Duration: 31104000 Remaining: 30356473

END
END
GET NOW
Client has executed command "GET NOW"

ServerControl >> VALUE NOW [1] [0] [2068]

MessageAnnouncer >> Broadcast: Наберите /kit start, чтобы получить стартовый набор (еда, вода, топор)

MessageAnnouncer >> Наберите /kit start, чтобы получить стартовый набор (еда, вода, топор)

Client has executed command "GET NOW"

ServerControl >> VALUE NOW [1] [0] [2070]

GET NOW
Client has executed command "GET NOW"

ServerControl >> VALUE NOW [1] [0] [2078]

Client has executed command "GET NOW"

ServerControl >> VALUE NOW [1] [0] [2080]

Client has executed command "players"

Players:
PlayerID: 76561198421469222 Name: cvan71 Character: Андрей Ping: 234

Client has executed command "bans"

Bans:
PlayerID: 76561197966773788
JudgeID: 0
Reason: 900000 Duration: 31536000 Remaining: 27476159
PlayerID: 76561198190667017
JudgeID: 0
Reason: cheater Duration: 31104000 Remaining: 30356437
PlayerID: 76561198374710965
JudgeID: 0
Reason: cheater Duration: 31104000 Remaining: 30356453

END
END
GET NOW
Client has executed command "GET NOW"

ServerControl >> VALUE NOW [1] [0] [2088]

Client has executed command "GET NOW"

ServerControl >> VALUE NOW [1] [0] [2090]

GET NOW
Client has executed command "GET NOW"

ServerControl >> VALUE NOW [1] [0] [2098]

Client has executed command "GET NOW"

ServerControl >> VALUE NOW [1] [0] [2100]

Client has executed command "players"
Players:
PlayerID: 76561198421469222 Name: cvan71 Character: Андрей Ping: 46

Client has executed command "bans"

Bans:
PlayerID: 76561197966773788
JudgeID: 0
Reason: 900000 Duration: 31536000 Remaining: 27476139
PlayerID: 76561198190667017
JudgeID: 0
Reason: cheater Duration: 31104000 Remaining: 30356417
PlayerID: 76561198374710965
JudgeID: 0
Reason: cheater Duration: 31104000 Remaining: 30356433

END
END
GET NOW
Client has executed command "GET NOW"

ServerControl >> VALUE NOW [1] [0] [2108]

Client has executed command "GET NOW"

ServerControl >> VALUE NOW [1] [0] [2110]

GET NOW
Client has executed command "GET NOW"

ServerControl >> VALUE NOW [1] [0] [2118]

Client has executed command "GET NOW"

ServerControl >> VALUE NOW [1] [0] [2120]

Client has executed command "players"

Players:
PlayerID: 76561198421469222 Name: cvan71 Character: Андрей Ping: 54

Client has executed command "bans"

Bans:
PlayerID: 76561197966773788
JudgeID: 0
Reason: 900000 Duration: 31536000 Remaining: 27476119
PlayerID: 76561198190667017
JudgeID: 0
Reason: cheater Duration: 31104000 Remaining: 30356397
PlayerID: 76561198374710965
JudgeID: 0
Reason: cheater Duration: 31104000 Remaining: 30356413

END
END
GET NOW
MessageAnnouncer >> Broadcast: Внимание! PvP-режим по субботам! PvP-режим!!!

MessageAnnouncer >> Внимание! PvP-режим по субботам! PvP-режим!!!

Client has executed command "GET NOW"
ServerControl >> VALUE NOW [1] [0] [2128]

Client has executed command "GET NOW"

ServerControl >> VALUE NOW [1] [0] [2130]

GET NOW
Client has executed command "GET NOW"

ServerControl >> VALUE NOW [1] [0] [2138]

Client has executed command "GET NOW"

ServerControl >> VALUE NOW [1] [0] [2140]

Client has executed command "players"

Players:
PlayerID: 76561198421469222 Name: cvan71 Character: Андрей Ping: 54

Client has executed command "bans"

Bans:
PlayerID: 76561197966773788
JudgeID: 0
Reason: 900000 Duration: 31536000 Remaining: 27476099
PlayerID: 76561198190667017
JudgeID: 0
Reason: cheater Duration: 31104000 Remaining: 30356377
PlayerID: 76561198374710965
JudgeID: 0
Reason: cheater Duration: 31104000 Remaining: 30356393

END
END
GET NOW
Client has executed command "GET NOW"

ServerControl >> VALUE NOW [1] [0] [2148]

Client has executed command "GET NOW"

ServerControl >> VALUE NOW [1] [0] [2151]

GET NOW
Client has executed command "GET NOW"

ServerControl >> VALUE NOW [1] [0] [2158]

Client has executed command "GET NOW"

ServerControl >> VALUE NOW [1] [0] [2160]

Client has executed command "players"

Players:
PlayerID: 76561198421469222 Name: cvan71 Character: Андрей Ping: 62

Client has executed command "bans"

Bans:
PlayerID: 76561197966773788
JudgeID: 0
Reason: 900000 Duration: 31536000 Remaining: 27476079
PlayerID: 76561198190667017
JudgeID: 0
Reason: cheater Duration: 31104000 Remaining: 30356357
PlayerID: 76561198374710965
JudgeID: 0
Reason: cheater Duration: 31104000 Remaining: 30356373

END
END
GET NOW
Client has executed command "GET NOW"

ServerControl >> VALUE NOW [1] [0] [2169]

Client has executed command "GET NOW"
ServerControl >> VALUE NOW [1] [0] [2170]

GET NOW
Client has executed command "GET NOW"

ServerControl >> VALUE NOW [1] [0] [2179]

Client has executed command "GET NOW"

ServerControl >> VALUE NOW [1] [0] [2181]

Client has executed command "players"

Players:
PlayerID: 76561198421469222 Name: cvan71 Character: Андрей Ping: 70

Client has executed command "bans"

Bans:
PlayerID: 76561197966773788
JudgeID: 0
Reason: 900000 Duration: 31536000 Remaining: 27476059
PlayerID: 76561198190667017
JudgeID: 0
Reason: cheater Duration: 31104000 Remaining: 30356337
PlayerID: 76561198374710965
JudgeID: 0
Reason: cheater Duration: 31104000 Remaining: 30356353

END
END
MessageAnnouncer >> Broadcast: vk.com/unturned_hgm - группа сервера ВК, уникальный кит в записи!

MessageAnnouncer >> vk.com/unturned_hgm - группа сервера ВК, уникальный кит в записи!

GET NOW
Client has executed command "GET NOW"

ServerControl >> VALUE NOW [1] [0] [2189]

Client has executed command "GET NOW"

ServerControl >> VALUE NOW [1] [0] [2191]

GET NOW
Client has executed command "GET NOW"

ServerControl >> VALUE NOW [1] [0] [2199]

Client has executed command "GET NOW"

ServerControl >> VALUE NOW [1] [0] [2201]

Client has executed command "players"

Players:
PlayerID: 76561198421469222 Name: cvan71 Character: Андрей Ping: 54

Client has executed command "bans"

Bans:
PlayerID: 76561197966773788
JudgeID: 0
Reason: 900000 Duration: 31536000 Remaining: 27476039
PlayerID: 76561198190667017
JudgeID: 0
Reason: cheater Duration: 31104000 Remaining: 30356317
PlayerID: 76561198374710965
JudgeID: 0
Reason: cheater Duration: 31104000 Remaining: 30356333

END
END
GET NOW
Client has executed command "GET NOW"

ServerControl >> VALUE NOW [1] [0] [2209]

Client has executed command "GET NOW"

ServerControl >> VALUE NOW [1] [0] [2211]

GET NOW
Client has executed command "GET NOW"

ServerControl >> VALUE NOW [1] [0] [2219]

Client has executed command "GET NOW"

ServerControl >> VALUE NOW [1] [0] [2221]

Client has executed command "players"

Players:
PlayerID: 76561198421469222 Name: cvan71 Character: Андрей Ping: 62

Client has executed command "bans"

Bans:
PlayerID: 76561197966773788
JudgeID: 0
Reason: 900000 Duration: 31536000 Remaining: 27476019
PlayerID: 76561198190667017
JudgeID: 0
Reason: cheater Duration: 31104000 Remaining: 30356297
PlayerID: 76561198374710965
JudgeID: 0
Reason: cheater Duration: 31104000 Remaining: 30356313

END
END
GET NOW
Client has executed command "GET NOW"

ServerControl >> VALUE NOW [1] [0] [2229]

Client has executed command "GET NOW"

ServerControl >> VALUE NOW [1] [0] [2231]

GET NOW
Client has executed command "GET NOW"

ServerControl >> VALUE NOW [1] [0] [2239]

Client has executed command "GET NOW"

ServerControl >> VALUE NOW [1] [0] [2241]

Client has executed command "players"

Players:
PlayerID: 76561198421469222 Name: cvan71 Character: Андрей Ping: 62

Client has executed command "bans"

Bans:
PlayerID: 76561197966773788
JudgeID: 0
Reason: 900000 Duration: 31536000 Remaining: 27475999
PlayerID: 76561198190667017
JudgeID: 0
Reason: cheater Duration: 31104000 Remaining: 30356277
PlayerID: 76561198374710965
JudgeID: 0
Reason: cheater Duration: 31104000 Remaining: 30356293

END
END
MessageAnnouncer >> Broadcast: Посетите наш сайт. Вы будете удивлены! unturned.hemulgm.ru

MessageAnnouncer >> Посетите наш сайт. Вы будете удивлены! unturned.hemulgm.ru

GET NOW
Client has executed command "GET NOW"

ServerControl >> VALUE NOW [1] [0] [2249]

Client has executed command "GET NOW"

ServerControl >> VALUE NOW [1] [0] [2251]

GET NOW
Client has executed command "GET NOW"

ServerControl >> VALUE NOW [1] [0] [2259]

Client has executed command "GET NOW"

ServerControl >> VALUE NOW [1] [0] [2261]

Client has executed command "players"

Players:
PlayerID: 76561198421469222 Name: cvan71 Character: Андрей Ping: 62

Client has executed command "bans"

Bans:
PlayerID: 76561197966773788
JudgeID: 0
Reason: 900000 Duration: 31536000 Remaining: 27475979
PlayerID: 76561198190667017
JudgeID: 0
Reason: cheater Duration: 31104000 Remaining: 30356257
PlayerID: 76561198374710965
JudgeID: 0
Reason: cheater Duration: 31104000 Remaining: 30356273

END
GET NOW
END
Client has executed command "GET NOW"
ServerControl >> VALUE NOW [1] [0] [2270]

Client has executed command "GET NOW"

ServerControl >> VALUE NOW [1] [0] [2271]

Client has executed command "cchat "/33/09/17/04/17/15/16 /24/05/17/05/08 4 /24. " 255 255 0"

ServerControl >> Broadcast: Аирдроп через 4 ч.

Не обработано: ServerControl >> Broadcast: Аирдроп через 4 ч.
GET NOW
Client has executed command "GET NOW"

ServerControl >> VALUE NOW [1] [0] [2280]

[World] Андрей [cvan71]: "/buy metal 6"

Client has executed command "GET NOW"

ServerControl >> VALUE NOW [1] [0] [2281]

Client has executed command "players"

Players:
PlayerID: 76561198421469222 Name: cvan71 Character: Андрей Ping: 46

Client has executed command "bans"

Bans:
PlayerID: 76561197966773788
JudgeID: 0
Reason: 900000 Duration: 31536000 Remaining: 27475959
PlayerID: 76561198190667017
JudgeID: 0
Reason: cheater Duration: 31104000 Remaining: 30356237
PlayerID: 76561198374710965
JudgeID: 0
Reason: cheater Duration: 31104000 Remaining: 30356253

END
[World] Андрей [cvan71]: "/buy metal 5"

END
GET NOW
Client has executed command "GET NOW"

ServerControl >> VALUE NOW [1] [0] [2290]

Client has executed command "GET NOW"

ServerControl >> VALUE NOW [1] [0] [2291]

[World] Андрей [cvan71]: "/buy metal 4"

[World] Андрей [cvan71]: "/buy metal 2"

GET NOW
Client has executed command "GET NOW"

ServerControl >> VALUE NOW [1] [0] [2300]

Client has executed command "GET NOW"

ServerControl >> VALUE NOW [0] [0] [2301]

[World] Андрей [cvan71]: "/buy metal"

Client has executed command "players"

Players:
PlayerID: 76561198421469222 Name: cvan71 Character: Андрей Ping: 54

Client has executed command "bans"

Bans:
PlayerID: 76561197966773788
JudgeID: 0
Reason: 900000 Duration: 31536000 Remaining: 27475939
PlayerID: 76561198190667017
JudgeID: 0
Reason: cheater Duration: 31104000 Remaining: 30356217
PlayerID: 76561198374710965
JudgeID: 0
Reason: cheater Duration: 31104000 Remaining: 30356233

END
END
MessageAnnouncer >> Broadcast: Наберите /kit help, чтобы получить первую мед. помощь (бинты, таблетки, еда)

MessageAnnouncer >> Наберите /kit help, чтобы получить первую мед. помощь (бинты, таблетки, еда)

GET NOW
Client has executed command "GET NOW"

ServerControl >> VALUE NOW [0] [0] [2310]

Client has executed command "GET NOW"

ServerControl >> VALUE NOW [0] [0] [2311]

GET NOW
Client has executed command "GET NOW"

ServerControl >> VALUE NOW [0] [0] [2320]

Client has executed command "GET NOW"

ServerControl >> VALUE NOW [0] [0] [2321]

Client has executed command "players"

Players:
PlayerID: 76561198421469222 Name: cvan71 Character: Андрей Ping: 46

Client has executed command "bans"

Bans:
PlayerID: 76561197966773788
JudgeID: 0
Reason: 900000 Duration: 31536000 Remaining: 27475919
PlayerID: 76561198190667017
JudgeID: 0
Reason: cheater Duration: 31104000 Remaining: 30356197
PlayerID: 76561198374710965
JudgeID: 0
Reason: cheater Duration: 31104000 Remaining: 30356213

END
END
GET NOW
Client has executed command "GET NOW"

ServerControl >> VALUE NOW [0] [0] [2330]

Client has executed command "GET NOW"

ServerControl >> VALUE NOW [0] [0] [2331]

GET NOW
Client has executed command "GET NOW"

ServerControl >> VALUE NOW [0] [0] [2340]

Client has executed command "GET NOW"
ServerControl >> VALUE NOW [0] [0] [2341]

Client has executed command "players"

Players:
PlayerID: 76561198421469222 Name: cvan71 Character: Андрей Ping: 78

Client has executed command "bans"

Bans:
PlayerID: 76561197966773788
JudgeID: 0
Reason: 900000 Duration: 31536000 Remaining: 27475899
PlayerID: 76561198190667017
JudgeID: 0
Reason: cheater Duration: 31104000 Remaining: 30356177
PlayerID: 76561198374710965
JudgeID: 0
Reason: cheater Duration: 31104000 Remaining: 30356193

END
END
GET NOW
Client has executed command "GET NOW"

ServerControl >> VALUE NOW [0] [0] [2350]

Client has executed command "GET NOW"

ServerControl >> VALUE NOW [0] [0] [2351]

GET NOW
Client has executed command "GET NOW"

ServerControl >> VALUE NOW [0] [0] [2360]

Client has executed command "GET NOW"

ServerControl >> VALUE NOW [0] [0] [2361]

Client has executed command "players"

Players:
PlayerID: 76561198421469222 Name: cvan71 Character: Андрей Ping: 62

Client has executed command "bans"

Bans:
PlayerID: 76561197966773788
JudgeID: 0
Reason: 900000 Duration: 31536000 Remaining: 27475879
PlayerID: 76561198190667017
JudgeID: 0
Reason: cheater Duration: 31104000 Remaining: 30356157
PlayerID: 76561198374710965
JudgeID: 0
Reason: cheater Duration: 31104000 Remaining: 30356173

END
END
MessageAnnouncer >> Broadcast: vk.com/unturned_hgm - цены на премиум, VIP и другие услуги смотрите в группе!

MessageAnnouncer >> vk.com/unturned_hgm - цены на премиум, VIP и другие услуги смотрите в группе!

GET NOW
Client has executed command "GET NOW"
ServerControl >> VALUE NOW [0] [0] [2370]
Client has executed command "GET NOW"
ServerControl >> VALUE NOW [0] [0] [2371]

GET NOW
Client has executed command "GET NOW"

ServerControl >> VALUE NOW [0] [0] [2380]

Client has executed command "GET NOW"

ServerControl >> VALUE NOW [0] [0] [2381]

[World] Андрей [cvan71]: "/home"

Андрей moved x:-128.3162 y:66.62113(+27.78514) z:354.1754 in the last second (0.2379227)

Не обработано: Андрей moved x:-128.3162 y:66.62113(+27.78514) z:354.1754 in the last second (0.2379227)
Client has executed command "players"

Players:
PlayerID: 76561198421469222 Name: cvan71 Character: Андрей Ping: 46

Client has executed command "bans"

Bans:
PlayerID: 76561197966773788
JudgeID: 0
Reason: 900000 Duration: 31536000 Remaining: 27475859
PlayerID: 76561198190667017
JudgeID: 0
Reason: cheater Duration: 31104000 Remaining: 30356137
PlayerID: 76561198374710965
JudgeID: 0
Reason: cheater Duration: 31104000 Remaining: 30356153

END
END
GET NOW
Client has executed command "GET NOW"

ServerControl >> VALUE NOW [0] [0] [2390]

Client has executed command "GET NOW"

ServerControl >> VALUE NOW [0] [0] [2391]

GET NOW
Client has executed command "GET NOW"

ServerControl >> VALUE NOW [0] [0] [2401]

Client has executed command "GET NOW"
ServerControl >> VALUE NOW [0] [0] [2401]

Client has executed command "players"

Players:
PlayerID: 76561198421469222 Name: cvan71 Character: Андрей Ping: 54

Client has executed command "bans"

Bans:
PlayerID: 76561197966773788
JudgeID: 0
Reason: 900000 Duration: 31536000 Remaining: 27475839
PlayerID: 76561198190667017
JudgeID: 0
Reason: cheater Duration: 31104000 Remaining: 30356117
PlayerID: 76561198374710965
JudgeID: 0
Reason: cheater Duration: 31104000 Remaining: 30356133

END
END
GET NOW
Client has executed command "GET NOW"

ServerControl >> VALUE NOW [0] [0] [2411]

Client has executed command "GET NOW"
ServerControl >> VALUE NOW [0] [0] [2411]

GET NOW
Client has executed command "GET NOW"

ServerControl >> VALUE NOW [0] [0] [2421]
Client has executed command "GET NOW"
ServerControl >> VALUE NOW [0] [0] [2421]

Client has executed command "players"

Players:
PlayerID: 76561198421469222 Name: cvan71 Character: Андрей Ping: 62

Client has executed command "bans"

Bans:
PlayerID: 76561197966773788
JudgeID: 0
Reason: 900000 Duration: 31536000 Remaining: 27475819
PlayerID: 76561198190667017
JudgeID: 0
Reason: cheater Duration: 31104000 Remaining: 30356097
PlayerID: 76561198374710965
JudgeID: 0
Reason: cheater Duration: 31104000 Remaining: 30356113

END
END
MessageAnnouncer >> Broadcast: Наберите /kit claim, чтобы получить Claim Flag

MessageAnnouncer >> Наберите /kit claim, чтобы получить Claim Flag

GET NOW
Client has executed command "GET NOW"
ServerControl >> VALUE NOW [0] [0] [2431]

Client has executed command "GET NOW"

ServerControl >> VALUE NOW [0] [0] [2431]

Client has executed command "GET NOW"

GET NOW
ServerControl >> VALUE NOW [0] [0] [2441]

Client has executed command "GET NOW"
ServerControl >> VALUE NOW [0] [0] [2441]

Client has executed command "players"

Players:
PlayerID: 76561198421469222 Name: cvan71 Character: Андрей Ping: 62

END
Client has executed command "bans"

Bans:
PlayerID: 76561197966773788
JudgeID: 0
Reason: 900000 Duration: 31536000 Remaining: 27475799
PlayerID: 76561198190667017
JudgeID: 0
Reason: cheater Duration: 31104000 Remaining: 30356077
PlayerID: 76561198374710965
JudgeID: 0
Reason: cheater Duration: 31104000 Remaining: 30356093

END
Client has executed command "GET NOW"

ServerControl >> VALUE NOW [0] [0] [2451]

GET NOW
Client has executed command "GET NOW"

ServerControl >> VALUE NOW [0] [0] [2451]

Client has executed command "GET NOW"

ServerControl >> VALUE NOW [0] [0] [2461]

GET NOW
Client has executed command "GET NOW"

ServerControl >> VALUE NOW [0] [0] [2461]

Client has executed command "players"

Players:
PlayerID: 76561198421469222 Name: cvan71 Character: Андрей Ping: 62

Client has executed command "bans"

Bans:
PlayerID: 76561197966773788
JudgeID: 0
Reason: 900000 Duration: 31536000 Remaining: 27475779
PlayerID: 76561198190667017
JudgeID: 0
Reason: cheater Duration: 31104000 Remaining: 30356057
PlayerID: 76561198374710965
JudgeID: 0
Reason: cheater Duration: 31104000 Remaining: 30356073

END
END
Client has executed command "GET NOW"

ServerControl >> VALUE NOW [0] [0] [2471]

GET NOW
Client has executed command "GET NOW"

ServerControl >> VALUE NOW [0] [0] [2471]

Client has executed command "GET NOW"

ServerControl >> VALUE NOW [0] [0] [2481]

GET NOW
Client has executed command "GET NOW"

ServerControl >> VALUE NOW [0] [0] [2481]

Client has executed command "players"

Players:
PlayerID: 76561198421469222 Name: cvan71 Character: Андрей Ping: 54

Client has executed command "bans"

Bans:
PlayerID: 76561197966773788
JudgeID: 0
Reason: 900000 Duration: 31536000 Remaining: 27475759
PlayerID: 76561198190667017
JudgeID: 0
Reason: cheater Duration: 31104000 Remaining: 30356037
PlayerID: 76561198374710965
JudgeID: 0
Reason: cheater Duration: 31104000 Remaining: 30356053

END
END
MessageAnnouncer >> Broadcast: Если модератор ведёт себя неподобающе, пишите в группу или ЛС (vk.com/unturned_hgm, vk.com/hemulgm)

MessageAnnouncer >> Если модератор ведёт себя неподобающе, пишите в группу или ЛС (vk.com/unturned_hgm, vk.com/hemulgm)

Client has executed command "GET NOW"

ServerControl >> VALUE NOW [0] [0] [2491]

GET NOW
Client has executed command "GET NOW"

ServerControl >> VALUE NOW [0] [0] [2491]

Client has executed command "GET NOW"

ServerControl >> VALUE NOW [0] [0] [2501]

GET NOW
Client has executed command "GET NOW"

ServerControl >> VALUE NOW [0] [0] [2501]

Client has executed command "players"

Players:
PlayerID: 76561198421469222 Name: cvan71 Character: Андрей Ping: 39

END
Client has executed command "bans"
Bans:
PlayerID: 76561197966773788
JudgeID: 0
Reason: 900000 Duration: 31536000 Remaining: 27475739
PlayerID: 76561198190667017
JudgeID: 0
Reason: cheater Duration: 31104000 Remaining: 30356017
PlayerID: 76561198374710965
JudgeID: 0
Reason: cheater Duration: 31104000 Remaining: 30356033

[World] Андрей [cvan71]: "mm"

END
Client has executed command "GET NOW"

ServerControl >> VALUE NOW [0] [0] [2511]

GET NOW
Client has executed command "GET NOW"

ServerControl >> VALUE NOW [0] [0] [2511]

Client has executed command "GET NOW"

ServerControl >> VALUE NOW [0] [0] [2521]

GET NOW
Client has executed command "GET NOW"

ServerControl >> VALUE NOW [0] [0] [2521]

Client has executed command "players"

Players:
PlayerID: 76561198421469222 Name: cvan71 Character: Андрей Ping: 54

Client has executed command "bans"

Bans:
PlayerID: 76561197966773788
JudgeID: 0
Reason: 900000 Duration: 31536000 Remaining: 27475719
PlayerID: 76561198190667017
JudgeID: 0
Reason: cheater Duration: 31104000 Remaining: 30355997
PlayerID: 76561198374710965
JudgeID: 0
Reason: cheater Duration: 31104000 Remaining: 30356013

END
END
Client has executed command "GET NOW"

ServerControl >> VALUE NOW [0] [0] [2531]

GET NOW
Client has executed command "GET NOW"

ServerControl >> VALUE NOW [0] [0] [2531]

Client has executed command "GET NOW"

ServerControl >> VALUE NOW [0] [0] [2541]

GET NOW
Client has executed command "GET NOW"

ServerControl >> VALUE NOW [0] [0] [2541]

Client has executed command "players"

Players:
PlayerID: 76561198421469222 Name: cvan71 Character: Андрей Ping: 46

Client has executed command "bans"

Bans:
PlayerID: 76561197966773788
JudgeID: 0
Reason: 900000 Duration: 31536000 Remaining: 27475699
PlayerID: 76561198190667017
JudgeID: 0
Reason: cheater Duration: 31104000 Remaining: 30355977
PlayerID: 76561198374710965
JudgeID: 0
Reason: cheater Duration: 31104000 Remaining: 30355993

END
END
MessageAnnouncer >> Broadcast: Посетите наш сайт. Вы будете удивлены! unturned.hemulgm.ru

MessageAnnouncer >> Посетите наш сайт. Вы будете удивлены! unturned.hemulgm.ru

Client has executed command "GET NOW"

ServerControl >> VALUE NOW [0] [0] [2551]

GET NOW
Client has executed command "GET NOW"

ServerControl >> VALUE NOW [0] [0] [2551]

Client has executed command "GET NOW"

ServerControl >> VALUE NOW [0] [0] [2561]

GET NOW
Client has executed command "GET NOW"

ServerControl >> VALUE NOW [0] [0] [2561]

Client has executed command "players"

Players:
PlayerID: 76561198421469222 Name: cvan71 Character: Андрей Ping: 54

Client has executed command "bans"

Bans:
PlayerID: 76561197966773788
JudgeID: 0
Reason: 900000 Duration: 31536000 Remaining: 27475679
PlayerID: 76561198190667017
JudgeID: 0
Reason: cheater Duration: 31104000 Remaining: 30355957
PlayerID: 76561198374710965
JudgeID: 0
Reason: cheater Duration: 31104000 Remaining: 30355973

END
END
Client has executed command "GET NOW"

ServerControl >> VALUE NOW [0] [0] [2571]

GET NOW
Client has executed command "GET NOW"

ServerControl >> VALUE NOW [0] [0] [2571]

Disconnecting: PlayerID: 76561198421469222 Name: cvan71 Character: Андрей

Client has executed command "GET NOW"

ServerControl >> VALUE NOW [0] [0] [2581]

GET NOW
Client has executed command "GET NOW"

ServerControl >> VALUE NOW [0] [0] [2582]

Client has executed command "players"

Failed to find any players.

Client has executed command "GET NOW"

ServerControl >> VALUE NOW [0] [0] [2591]

GET NOW
Client has executed command "GET NOW"

ServerControl >> VALUE NOW [0] [0] [2592]

Client has executed command "GET NOW"

ServerControl >> VALUE NOW [0] [0] [2601]

GET NOW
Client has executed command "GET NOW"

ServerControl >> VALUE NOW [0] [0] [2602]

Client has executed command "players"

Failed to find any players.

MessageAnnouncer >> Broadcast: vk.com/hemulgm - ЕДИНСТВЕННЫЙ администратор сервера

MessageAnnouncer >> vk.com/hemulgm - ЕДИНСТВЕННЫЙ администратор сервера

Client has executed command "GET NOW"

ServerControl >> VALUE NOW [0] [0] [2611]

GET NOW
Client has executed command "GET NOW"

ServerControl >> VALUE NOW [0] [0] [2612]

Client has executed command "GET NOW"

ServerControl >> VALUE NOW [0] [0] [2621]

GET NOW
Client has executed command "GET NOW"

ServerControl >> VALUE NOW [0] [0] [2622]

Client has executed command "players"

Failed to find any players.

Client has executed command "GET NOW"

ServerControl >> VALUE NOW [0] [0] [2631]

GET NOW
Client has executed command "GET NOW"

ServerControl >> VALUE NOW [0] [0] [2632]

Client has executed command "GET NOW"

ServerControl >> VALUE NOW [0] [0] [2641]

GET NOW
Client has executed command "GET NOW"

ServerControl >> VALUE NOW [0] [0] [2642]

Client has executed command "players"

Failed to find any players.

Client has executed command "GET NOW"

ServerControl >> VALUE NOW [0] [0] [2651]

GET NOW
Client has executed command "GET NOW"

ServerControl >> VALUE NOW [0] [0] [2652]

Client has executed command "GET NOW"

ServerControl >> VALUE NOW [0] [0] [2661]

GET NOW
Client has executed command "GET NOW"

ServerControl >> VALUE NOW [0] [0] [2662]

Client has executed command "players"

Failed to find any players.

MessageAnnouncer >> Broadcast: Используйте /report [ник], чтобы отправить жалобу на игрока

MessageAnnouncer >> Используйте /report [ник], чтобы отправить жалобу на игрока

Client has executed command "GET NOW"

ServerControl >> VALUE NOW [0] [0] [2671]

GET NOW
Client has executed command "GET NOW"

ServerControl >> VALUE NOW [0] [0] [2672]

Client has executed command "GET NOW"

ServerControl >> VALUE NOW [0] [0] [2681]

GET NOW
Client has executed command "GET NOW"

ServerControl >> VALUE NOW [0] [0] [2682]

Client has executed command "players"

Failed to find any players.

