RocketRcon v2.4.8.0

login aVIPs22031994
players
Client has executed command "players"
Players:
PlayerID: 76561198366549870 Name: Expert13372284200 Character: Expert1337 Ping: 213
PlayerID: 76561198385149949 Name: GoDNooB Character: GoDNooB Ping: 134
PlayerID: 76561198315561906 Name: MaXiMuS Character: valuxa1984 Ping: 51
PlayerID: 76561198430964141 Name: tolikoleshki Character: tolik Ping: 125

Client has executed command "GET NOW"
ServerControl >> VALUE NOW [1] [0] [1985]

Client has executed command "bans"
Bans:
PlayerID: 76561197966773788
JudgeID: 0
Reason: 900000 Duration: 31536000 Remaining: 28076970
PlayerID: 76561198336969313
JudgeID: 0
Reason: reid Duration: 604800 Remaining: 192203
PlayerID: 76561198212486347
JudgeID: 0
Reason: reid Duration: 604800 Remaining: 192534
PlayerID: 76561198391097237
JudgeID: 0
Reason: reid Duration: 604800 Remaining: 355021
PlayerID: 76561198190667017
JudgeID: 0
Reason: cheater Duration: 31104000 Remaining: 30957248
PlayerID: 76561198374710965
JudgeID: 0
Reason: cheater Duration: 31104000 Remaining: 30957264

END
END
Client has executed command "players"

Players:
PlayerID: 76561198366549870 Name: Expert13372284200 Character: Expert1337 Ping: 217
PlayerID: 76561198385149949 Name: GoDNooB Character: GoDNooB Ping: 145
PlayerID: 76561198315561906 Name: MaXiMuS Character: valuxa1984 Ping: 54
PlayerID: 76561198430964141 Name: tolikoleshki Character: tolik Ping: 84

Client has executed command "bans"

Bans:
PlayerID: 76561197966773788
JudgeID: 0
Reason: 900000 Duration: 31536000 Remaining: 28076963
PlayerID: 76561198336969313
JudgeID: 0
Reason: reid Duration: 604800 Remaining: 192196
PlayerID: 76561198212486347
JudgeID: 0
Reason: reid Duration: 604800 Remaining: 192527
PlayerID: 76561198391097237
JudgeID: 0
Reason: reid Duration: 604800 Remaining: 355014
PlayerID: 76561198190667017
JudgeID: 0
Reason: cheater Duration: 31104000 Remaining: 30957241
PlayerID: 76561198374710965
JudgeID: 0
Reason: cheater Duration: 31104000 Remaining: 30957257

END
Client has executed command "GET NOW"

ServerControl >> VALUE NOW [1] [0] [1995]

