RocketRcon v2.4.8.0

login aVIPs22031994
players
Client has executed command "players"
Players:
PlayerID: 76561198424120093 Name: Knockout1Demscouts Character: Knockout1Demscouts Ping: 203

Client has executed command "bans"
Bans:
PlayerID: 76561197966773788
JudgeID: 0
Reason: 900000 Duration: 31536000 Remaining: 28009486
PlayerID: 76561198336969313
JudgeID: 0
Reason: reid Duration: 604800 Remaining: 124719
PlayerID: 76561198212486347
JudgeID: 0
Reason: reid Duration: 604800 Remaining: 125050
PlayerID: 76561198391097237
JudgeID: 0
Reason: reid Duration: 604800 Remaining: 287537
PlayerID: 76561198190667017
JudgeID: 0
Reason: cheater Duration: 31104000 Remaining: 30889764
PlayerID: 76561198374710965
JudgeID: 0
Reason: cheater Duration: 31104000 Remaining: 30889780

END
END
Client has executed command "GET NOW"

ServerControl >> VALUE NOW [0] [0] [3185]

Client has executed command "players"
Players:
PlayerID: 76561198424120093 Name: Knockout1Demscouts Character: Knockout1Demscouts Ping: 191
Client has executed command "GET NOW"
ServerControl >> VALUE NOW [0] [0] [3195]
Client has executed command "bans"
Bans:
PlayerID: 76561197966773788
JudgeID: 0
Reason: 900000 Duration: 31536000 Remaining: 28009470
PlayerID: 76561198336969313
JudgeID: 0
Reason: reid Duration: 604800 Remaining: 124703
PlayerID: 76561198212486347
JudgeID: 0
Reason: reid Duration: 604800 Remaining: 125034
PlayerID: 76561198391097237
JudgeID: 0
Reason: reid Duration: 604800 Remaining: 287521
PlayerID: 76561198190667017
JudgeID: 0
Reason: cheater Duration: 31104000 Remaining: 30889748
PlayerID: 76561198374710965
JudgeID: 0
Reason: cheater Duration: 31104000 Remaining: 30889764
Client has executed command "GET NOW"
ServerControl >> VALUE NOW [0] [0] [3205]
Client has executed command "players"
Players:
PlayerID: 76561198424120093 Name: Knockout1Demscouts Character: Knockout1Demscouts Ping: 191
Client has executed command "GET NOW"
ServerControl >> VALUE NOW [0] [0] [3215]
Client has executed command "bans"
Bans:
PlayerID: 76561197966773788
JudgeID: 0
Reason: 900000 Duration: 31536000 Remaining: 28009450
PlayerID: 76561198336969313
JudgeID: 0
Reason: reid Duration: 604800 Remaining: 124683
PlayerID: 76561198212486347
JudgeID: 0
Reason: reid Duration: 604800 Remaining: 125014
PlayerID: 76561198391097237
JudgeID: 0
Reason: reid Duration: 604800 Remaining: 287501
PlayerID: 76561198190667017
JudgeID: 0
Reason: cheater Duration: 31104000 Remaining: 30889728
PlayerID: 76561198374710965
JudgeID: 0
Reason: cheater Duration: 31104000 Remaining: 30889744
Client has executed command "GET NOW"
ServerControl >> VALUE NOW [0] [0] [3225]
MessageAnnouncer >> Broadcast: Если модератор ведёт себя неподобающе, пишите в группу или ЛС (vk.com/unturned_hgm, vk.com/hemulgm)

END
END
END
GET NOW
MessageAnnouncer >> Если модератор ведёт себя неподобающе, пишите в группу или ЛС (vk.com/unturned_hgm, vk.com/hemulgm)

Client has executed command "GET NOW"
ServerControl >> VALUE NOW [0] [0] [3233]

END
Client has executed command "players"

Players:
PlayerID: 76561198424120093 Name: Knockout1Demscouts Character: Knockout1Demscouts Ping: 189

Client has executed command "GET NOW"

ServerControl >> VALUE NOW [0] [0] [3235]

Client has executed command "bans"

Bans:
PlayerID: 76561197966773788
JudgeID: 0
Reason: 900000 Duration: 31536000 Remaining: 28009430
PlayerID: 76561198336969313
JudgeID: 0
Reason: reid Duration: 604800 Remaining: 124663
PlayerID: 76561198212486347
JudgeID: 0
Reason: reid Duration: 604800 Remaining: 124994
PlayerID: 76561198391097237
JudgeID: 0
Reason: reid Duration: 604800 Remaining: 287481
PlayerID: 76561198190667017
JudgeID: 0
Reason: cheater Duration: 31104000 Remaining: 30889708
PlayerID: 76561198374710965
JudgeID: 0
Reason: cheater Duration: 31104000 Remaining: 30889724

END
END
GET NOW
Client has executed command "GET NOW"

ServerControl >> VALUE NOW [0] [0] [3243]

Client has executed command "GET NOW"

ServerControl >> VALUE NOW [0] [0] [3245]

GET NOW
Client has executed command "GET NOW"

ServerControl >> VALUE NOW [0] [0] [3253]

Client has executed command "players"

Players:
PlayerID: 76561198424120093 Name: Knockout1Demscouts Character: Knockout1Demscouts Ping: 185

Client has executed command "GET NOW"

ServerControl >> VALUE NOW [0] [0] [3255]

Client has executed command "bans"

Bans:
PlayerID: 76561197966773788
JudgeID: 0
Reason: 900000 Duration: 31536000 Remaining: 28009410
PlayerID: 76561198336969313
JudgeID: 0
Reason: reid Duration: 604800 Remaining: 124643
PlayerID: 76561198212486347
JudgeID: 0
Reason: reid Duration: 604800 Remaining: 124974
PlayerID: 76561198391097237
JudgeID: 0
Reason: reid Duration: 604800 Remaining: 287461
PlayerID: 76561198190667017
JudgeID: 0
Reason: cheater Duration: 31104000 Remaining: 30889688
PlayerID: 76561198374710965
JudgeID: 0
Reason: cheater Duration: 31104000 Remaining: 30889704

END
END
GET NOW
Client has executed command "GET NOW"

ServerControl >> VALUE NOW [0] [0] [3263]

Client has executed command "GET NOW"

ServerControl >> VALUE NOW [0] [0] [3265]

