RocketRcon v2.4.8.0

login aVIPs22031994
players
Client has executed command "players"
Players:
PlayerID: 76561198273639213 Name: KuRwa Character: Морф Стоун Ping: 50
Client has executed command "bans"
Bans:
PlayerID: 76561197966773788
JudgeID: 0
Reason: 900000 Duration: 31536000 Remaining: 26371654
PlayerID: 76561198190667017
JudgeID: 0
Reason: cheater Duration: 31104000 Remaining: 29251932
PlayerID: 76561198374710965
JudgeID: 0
Reason: cheater Duration: 31104000 Remaining: 29251948

END
MessageAnnouncer >> Broadcast: vk.com/unturned_hgm - цены на премиум, VIP и другие услуги смотрите в группе!
MessageAnnouncer >> vk.com/unturned_hgm - цены на премиум, VIP и другие услуги смотрите в группе!

END
Client has executed command "GET NOW"

ServerControl >> VALUE NOW [1] [0] [1666]

GET NOW
Client has executed command "GET NOW"

ServerControl >> VALUE NOW [1] [0] [1669]

Client has executed command "players"

Players:
PlayerID: 76561198273639213 Name: KuRwa Character: Морф Стоун Ping: 50

END
Client has executed command "bans"

Bans:
PlayerID: 76561197966773788
JudgeID: 0
Reason: 900000 Duration: 31536000 Remaining: 26371637
PlayerID: 76561198190667017
JudgeID: 0
Reason: cheater Duration: 31104000 Remaining: 29251915
PlayerID: 76561198374710965
JudgeID: 0

Reason: cheater Duration: 31104000 Remaining: 29251931

Client has executed command "GET NOW"
ServerControl >> VALUE NOW [1] [0] [1676]

END
GET NOW
Client has executed command "GET NOW"
ServerControl >> VALUE NOW [1] [0] [1681]

Client has executed command "GET NOW"

ServerControl >> VALUE NOW [1] [0] [1686]

GET NOW
Client has executed command "GET NOW"

ServerControl >> VALUE NOW [1] [0] [1691]

Client has executed command "players"

Players:
PlayerID: 76561198273639213 Name: KuRwa Character: Морф Стоун Ping: 42

END
