RocketRcon v2.4.8.0

login aVIPs22031994
players
Client has executed command "players"
Players:
PlayerID: 76561198424120093 Name: Knockout1Demscouts Character: Knockout1Demscouts Ping: 203

Client has executed command "bans"
Bans:
PlayerID: 76561197966773788
JudgeID: 0
Reason: 900000 Duration: 31536000 Remaining: 28009659
PlayerID: 76561198336969313
JudgeID: 0
Reason: reid Duration: 604800 Remaining: 124892
PlayerID: 76561198212486347
JudgeID: 0
Reason: reid Duration: 604800 Remaining: 125223
PlayerID: 76561198391097237
JudgeID: 0
Reason: reid Duration: 604800 Remaining: 287710
PlayerID: 76561198190667017
JudgeID: 0
Reason: cheater Duration: 31104000 Remaining: 30889937
PlayerID: 76561198374710965
JudgeID: 0
Reason: cheater Duration: 31104000 Remaining: 30889953

END
END
Client has executed command "players"

Players:
PlayerID: 76561198424120093 Name: Knockout1Demscouts Character: Knockout1Demscouts Ping: 193

Client has executed command "GET NOW"

ServerControl >> VALUE NOW [0] [0] [3015]

Client has executed command "bans"

Bans:
PlayerID: 76561197966773788
JudgeID: 0
Reason: 900000 Duration: 31536000 Remaining: 28009650
PlayerID: 76561198336969313
JudgeID: 0
Reason: reid Duration: 604800 Remaining: 124883
PlayerID: 76561198212486347
JudgeID: 0
Reason: reid Duration: 604800 Remaining: 125214
PlayerID: 76561198391097237
JudgeID: 0
Reason: reid Duration: 604800 Remaining: 287701
PlayerID: 76561198190667017
JudgeID: 0
Reason: cheater Duration: 31104000 Remaining: 30889928
PlayerID: 76561198374710965
JudgeID: 0
Reason: cheater Duration: 31104000 Remaining: 30889944

END
END
GET NOW
Client has executed command "GET NOW"

ServerControl >> VALUE NOW [0] [0] [3020]

Client has executed command "GET NOW"

ServerControl >> VALUE NOW [0] [0] [3025]

