RocketRcon v2.4.8.0

login aVIPs22031994
players
Client has executed command "players"
Failed to find any players.
Client has executed command "players"
Failed to find any players.
MessageAnnouncer >> Broadcast: vk.com/unturned_hgm - группа сервера ВК, уникальный кит в записи!
MessageAnnouncer >> vk.com/unturned_hgm - группа сервера ВК, уникальный кит в записи!

Client has executed command "GET NOW"

ServerControl >> VALUE NOW [1] [0] [320]

GET NOW
Client has executed command "GET NOW"
ServerControl >> VALUE NOW [1] [0] [327]

Client has executed command "GET NOW"

ServerControl >> VALUE NOW [1] [0] [330]

Client has executed command "players"

Failed to find any players.

GET NOW
Client has executed command "GET NOW"

ServerControl >> VALUE NOW [1] [0] [338]

Client has executed command "GET NOW"

ServerControl >> VALUE NOW [1] [0] [340]

GET NOW
Client has executed command "GET NOW"

ServerControl >> VALUE NOW [1] [0] [348]

Client has executed command "GET NOW"

ServerControl >> VALUE NOW [1] [0] [350]

Client has executed command "players"

Failed to find any players.

GET NOW
Client has executed command "GET NOW"

ServerControl >> VALUE NOW [1] [0] [358]

Client has executed command "GET NOW"

ServerControl >> VALUE NOW [1] [0] [360]

GET NOW
Client has executed command "GET NOW"

ServerControl >> VALUE NOW [1] [0] [368]

Client has executed command "GET NOW"

ServerControl >> VALUE NOW [1] [0] [370]

MessageAnnouncer >> Broadcast: Посетите наш сайт. Вы будете удивлены! unturned.hemulgm.ru

MessageAnnouncer >> Посетите наш сайт. Вы будете удивлены! unturned.hemulgm.ru

Client has executed command "players"

Failed to find any players.

GET NOW
Client has executed command "GET NOW"

ServerControl >> VALUE NOW [1] [0] [378]

Client has executed command "GET NOW"
ServerControl >> VALUE NOW [1] [0] [380]

GET NOW
Client has executed command "GET NOW"

ServerControl >> VALUE NOW [1] [0] [388]

Client has executed command "GET NOW"

ServerControl >> VALUE NOW [1] [0] [390]

Client has executed command "players"

Failed to find any players.

GET NOW
Client has executed command "GET NOW"

ServerControl >> VALUE NOW [1] [0] [398]

Client has executed command "GET NOW"

ServerControl >> VALUE NOW [1] [0] [400]

GET NOW
Client has executed command "GET NOW"

ServerControl >> VALUE NOW [1] [0] [408]

Client has executed command "GET NOW"

ServerControl >> VALUE NOW [1] [0] [410]

Client has executed command "players"

Failed to find any players.

GET NOW
Client has executed command "GET NOW"

ServerControl >> VALUE NOW [1] [0] [418]

Client has executed command "GET NOW"

ServerControl >> VALUE NOW [1] [0] [420]

GET NOW
Client has executed command "GET NOW"

ServerControl >> VALUE NOW [1] [0] [428]

Client has executed command "GET NOW"

ServerControl >> VALUE NOW [1] [0] [430]

MessageAnnouncer >> Broadcast: Наберите /kit help, чтобы получить первую мед. помощь (бинты, таблетки, еда)

MessageAnnouncer >> Наберите /kit help, чтобы получить первую мед. помощь (бинты, таблетки, еда)

Client has executed command "players"

Failed to find any players.

GET NOW
Client has executed command "GET NOW"

ServerControl >> VALUE NOW [1] [0] [438]

Client has executed command "GET NOW"

ServerControl >> VALUE NOW [1] [0] [440]

GET NOW
Client has executed command "GET NOW"

ServerControl >> VALUE NOW [1] [0] [448]

Client has executed command "GET NOW"

ServerControl >> VALUE NOW [1] [0] [450]

Client has executed command "cchat "/33/09/17/04/17/15/16 /24/05/17/05/08 1 /24. 40 /13. " 255 255 0"

ServerControl >> Broadcast: Аирдроп через 1 ч. 40 м.

Не обработано: ServerControl >> Broadcast: Аирдроп через 1 ч. 40 м.
Client has executed command "players"

Failed to find any players.

GET NOW
Client has executed command "GET NOW"

ServerControl >> VALUE NOW [1] [0] [458]

Client has executed command "GET NOW"

ServerControl >> VALUE NOW [1] [0] [460]

GET NOW
Client has executed command "GET NOW"

ServerControl >> VALUE NOW [1] [0] [468]

Client has executed command "GET NOW"

ServerControl >> VALUE NOW [1] [0] [470]

GET NOW
Client has executed command "GET NOW"

ServerControl >> VALUE NOW [1] [0] [478]

Client has executed command "players"

Failed to find any players.

Client has executed command "GET NOW"

ServerControl >> VALUE NOW [1] [0] [480]

GET NOW
Client has executed command "GET NOW"

ServerControl >> VALUE NOW [1] [0] [488]

Client has executed command "GET NOW"

ServerControl >> VALUE NOW [1] [0] [490]

MessageAnnouncer >> Broadcast: vk.com/unturned_hgm - цены на премиум, VIP и другие услуги смотрите в группе!

MessageAnnouncer >> vk.com/unturned_hgm - цены на премиум, VIP и другие услуги смотрите в группе!

GET NOW
Client has executed command "GET NOW"

ServerControl >> VALUE NOW [1] [0] [498]

Client has executed command "players"

Failed to find any players.

Client has executed command "GET NOW"

ServerControl >> VALUE NOW [1] [0] [500]

GET NOW
Client has executed command "GET NOW"

ServerControl >> VALUE NOW [1] [0] [509]

Client has executed command "GET NOW"

ServerControl >> VALUE NOW [1] [0] [510]

GET NOW
Client has executed command "GET NOW"

ServerControl >> VALUE NOW [1] [0] [519]

Client has executed command "players"

Failed to find any players.

Client has executed command "GET NOW"

ServerControl >> VALUE NOW [1] [0] [520]

GET NOW
Client has executed command "GET NOW"

ServerControl >> VALUE NOW [1] [0] [529]

Client has executed command "GET NOW"

ServerControl >> VALUE NOW [1] [0] [530]

GET NOW
Client has executed command "GET NOW"

ServerControl >> VALUE NOW [1] [0] [539]

Client has executed command "players"

Failed to find any players.

Client has executed command "GET NOW"

ServerControl >> VALUE NOW [1] [0] [540]

GET NOW
Client has executed command "GET NOW"

ServerControl >> VALUE NOW [1] [0] [549]

Client has executed command "GET NOW"
ServerControl >> VALUE NOW [1] [0] [550]

MessageAnnouncer >> Broadcast: Наберите /kit claim, чтобы получить Claim Flag

MessageAnnouncer >> Наберите /kit claim, чтобы получить Claim Flag

GET NOW
Client has executed command "GET NOW"

ServerControl >> VALUE NOW [1] [0] [559]

Client has executed command "players"

Failed to find any players.

Client has executed command "GET NOW"

ServerControl >> VALUE NOW [1] [0] [561]

GET NOW
Client has executed command "GET NOW"

ServerControl >> VALUE NOW [1] [0] [569]

Client has executed command "GET NOW"

ServerControl >> VALUE NOW [1] [0] [571]

GET NOW
Client has executed command "GET NOW"

ServerControl >> VALUE NOW [1] [0] [579]

Client has executed command "players"

Failed to find any players.

Client has executed command "GET NOW"

ServerControl >> VALUE NOW [1] [0] [581]

GET NOW
Client has executed command "GET NOW"

ServerControl >> VALUE NOW [1] [0] [589]

Client has executed command "GET NOW"

ServerControl >> VALUE NOW [1] [0] [591]

GET NOW
Client has executed command "GET NOW"

ServerControl >> VALUE NOW [1] [0] [599]

Client has executed command "GET NOW"

ServerControl >> VALUE NOW [1] [0] [601]

Client has executed command "players"

Failed to find any players.

GET NOW
Client has executed command "GET NOW"

ServerControl >> VALUE NOW [1] [0] [609]

Client has executed command "GET NOW"

ServerControl >> VALUE NOW [1] [0] [611]

MessageAnnouncer >> Broadcast: Если модератор ведёт себя неподобающе, пишите в группу или ЛС (vk.com/unturned_hgm, vk.com/hemulgm)

MessageAnnouncer >> Если модератор ведёт себя неподобающе, пишите в группу или ЛС (vk.com/unturned_hgm, vk.com/hemulgm)

GET NOW
Client has executed command "GET NOW"

ServerControl >> VALUE NOW [1] [0] [619]

Client has executed command "GET NOW"

ServerControl >> VALUE NOW [1] [0] [621]

Client has executed command "players"

Failed to find any players.

GET NOW
Client has executed command "GET NOW"

ServerControl >> VALUE NOW [1] [0] [629]

Client has executed command "GET NOW"

ServerControl >> VALUE NOW [1] [0] [631]

GET NOW
Client has executed command "GET NOW"

ServerControl >> VALUE NOW [1] [0] [639]

Client has executed command "GET NOW"

ServerControl >> VALUE NOW [1] [0] [641]

Client has executed command "players"

Failed to find any players.

GET NOW
Client has executed command "GET NOW"

ServerControl >> VALUE NOW [1] [0] [649]

Client has executed command "GET NOW"

ServerControl >> VALUE NOW [1] [0] [651]

GET NOW
Client has executed command "GET NOW"

ServerControl >> VALUE NOW [1] [0] [659]

Client has executed command "GET NOW"

ServerControl >> VALUE NOW [1] [0] [661]

Client has executed command "players"

Failed to find any players.

GET NOW
Client has executed command "GET NOW"

ServerControl >> VALUE NOW [1] [0] [669]

Client has executed command "GET NOW"

ServerControl >> VALUE NOW [1] [0] [671]

MessageAnnouncer >> Broadcast: Посетите наш сайт. Вы будете удивлены! unturned.hemulgm.ru

MessageAnnouncer >> Посетите наш сайт. Вы будете удивлены! unturned.hemulgm.ru

GET NOW
Client has executed command "GET NOW"

ServerControl >> VALUE NOW [1] [0] [679]

Client has executed command "GET NOW"

ServerControl >> VALUE NOW [1] [0] [681]

Client has executed command "players"

Failed to find any players.

GET NOW
Client has executed command "GET NOW"

ServerControl >> VALUE NOW [1] [0] [689]

Client has executed command "GET NOW"

ServerControl >> VALUE NOW [1] [0] [691]

GET NOW
Client has executed command "GET NOW"

ServerControl >> VALUE NOW [1] [0] [699]

Client has executed command "GET NOW"

ServerControl >> VALUE NOW [1] [0] [701]

Client has executed command "players"

Failed to find any players.

GET NOW
Client has executed command "GET NOW"

ServerControl >> VALUE NOW [1] [0] [709]

Client has executed command "GET NOW"

ServerControl >> VALUE NOW [1] [0] [711]

GET NOW
Client has executed command "GET NOW"

ServerControl >> VALUE NOW [1] [0] [719]

Client has executed command "GET NOW"

ServerControl >> VALUE NOW [1] [0] [721]

Client has executed command "players"

Failed to find any players.

GET NOW
Client has executed command "GET NOW"

ServerControl >> VALUE NOW [1] [0] [729]

Client has executed command "GET NOW"

ServerControl >> VALUE NOW [1] [0] [731]

