RocketRcon v2.4.8.0

login aVIPs22031994
players
Client has executed command "players"
Players:
PlayerID: 76561198444494613 Name: vladkrigin Character: дима васильев Ping: 125
PlayerID: 76561198423084997 Name: lovemariina Character: Rendy Ping: 128
Client has executed command "bans"
Bans:
PlayerID: 76561197966773788
JudgeID: 0
Reason: 900000 Duration: 31536000 Remaining: 27914660
PlayerID: 76561198336969313
JudgeID: 0
Reason: reid Duration: 604800 Remaining: 29893
PlayerID: 76561198212486347
JudgeID: 0
Reason: reid Duration: 604800 Remaining: 30224
PlayerID: 76561198391097237
JudgeID: 0
Reason: reid Duration: 604800 Remaining: 192711
PlayerID: 76561198190667017
JudgeID: 0
Reason: cheater Duration: 31104000 Remaining: 30794938
PlayerID: 76561198374710965
JudgeID: 0
Reason: cheater Duration: 31104000 Remaining: 30794954
Client has executed command "bans"
Bans:
PlayerID: 76561197966773788
JudgeID: 0
Reason: 900000 Duration: 31536000 Remaining: 27914660
PlayerID: 76561198336969313
JudgeID: 0
Reason: reid Duration: 604800 Remaining: 29893
PlayerID: 76561198212486347
JudgeID: 0
Reason: reid Duration: 604800 Remaining: 30224
PlayerID: 76561198391097237
JudgeID: 0
Reason: reid Duration: 604800 Remaining: 192711
PlayerID: 76561198190667017
JudgeID: 0
Reason: cheater Duration: 31104000 Remaining: 30794938
PlayerID: 76561198374710965
JudgeID: 0
Reason: cheater Duration: 31104000 Remaining: 30794954

END
END
END
Client has executed command "GET NOW"

ServerControl >> VALUE NOW [1] [0] [1459]

GET NOW
Client has executed command "GET NOW"

ServerControl >> VALUE NOW [1] [0] [1464]

Client has executed command "players"

Players:
PlayerID: 76561198444494613 Name: vladkrigin Character: дима васильев Ping: 121
PlayerID: 76561198423084997 Name: lovemariina Character: Rendy Ping: 132

Client has executed command "GET NOW"

ServerControl >> VALUE NOW [1] [0] [1469]

Client has executed command "bans"

Bans:
PlayerID: 76561197966773788
JudgeID: 0
Reason: 900000 Duration: 31536000 Remaining: 27914640
PlayerID: 76561198336969313
JudgeID: 0
Reason: reid Duration: 604800 Remaining: 29873
PlayerID: 76561198212486347
JudgeID: 0
Reason: reid Duration: 604800 Remaining: 30204
PlayerID: 76561198391097237
JudgeID: 0
Reason: reid Duration: 604800 Remaining: 192691
PlayerID: 76561198190667017
JudgeID: 0
Reason: cheater Duration: 31104000 Remaining: 30794918
PlayerID: 76561198374710965
JudgeID: 0
Reason: cheater Duration: 31104000 Remaining: 30794934

END
END
GET NOW
Client has executed command "GET NOW"

ServerControl >> VALUE NOW [1] [0] [1474]

