RocketRcon v2.4.8.0

login aVIPs22031994
players
Client has executed command "players"
Client has executed command "GET NOW"
Players:
PlayerID: 76561198218103779 Name: Магистр_Сала Character: мафия    Ping: 162
PlayerID: 76561198424120093 Name: Knockout1Demscouts Character: Knockout1Demscouts Ping: 195
ServerControl >> VALUE NOW [1] [0] [1961]

Client has executed command "bans"
Bans:
PlayerID: 76561197966773788
JudgeID: 0
Reason: 900000 Duration: 31536000 Remaining: 28017905
PlayerID: 76561198336969313
JudgeID: 0
Reason: reid Duration: 604800 Remaining: 133138
PlayerID: 76561198212486347
JudgeID: 0
Reason: reid Duration: 604800 Remaining: 133469
PlayerID: 76561198391097237
JudgeID: 0
Reason: reid Duration: 604800 Remaining: 295956
PlayerID: 76561198190667017
JudgeID: 0
Reason: cheater Duration: 31104000 Remaining: 30898183
PlayerID: 76561198374710965
JudgeID: 0
Reason: cheater Duration: 31104000 Remaining: 30898199

END
END
MessageAnnouncer >> Broadcast: vk.com/hemulgm - ЕДИНСТВЕННЫЙ администратор сервера

MessageAnnouncer >> vk.com/hemulgm - ЕДИНСТВЕННЫЙ администратор сервера

Client has executed command "GET NOW"
ServerControl >> VALUE NOW [1] [0] [1971]

Client has executed command "players"

Players:
PlayerID: 76561198218103779 Name: Магистр_Сала Character: мафия    Ping: 169
PlayerID: 76561198424120093 Name: Knockout1Demscouts Character: Knockout1Demscouts Ping: 189

Client has executed command "bans"

Bans:
PlayerID: 76561197966773788
JudgeID: 0
Reason: 900000 Duration: 31536000 Remaining: 28017892
PlayerID: 76561198336969313
JudgeID: 0
Reason: reid Duration: 604800 Remaining: 133125
PlayerID: 76561198212486347
JudgeID: 0
Reason: reid Duration: 604800 Remaining: 133456
PlayerID: 76561198391097237
JudgeID: 0
Reason: reid Duration: 604800 Remaining: 295943
PlayerID: 76561198190667017
JudgeID: 0
Reason: cheater Duration: 31104000 Remaining: 30898170
PlayerID: 76561198374710965
JudgeID: 0
Reason: cheater Duration: 31104000 Remaining: 30898186

END
END
