RocketRcon v2.4.8.0

login aVIPs22031994
players
Client has executed command "players"
Players:
PlayerID: 76561198218103779 Name: Магистр_Сала Character: мафия    Ping: 29

Client has executed command "bans"
Bans:
PlayerID: 76561197966773788
JudgeID: 0
Reason: 900000 Duration: 31536000 Remaining: 27666410
PlayerID: 76561198190667017
JudgeID: 0
Reason: cheater Duration: 31104000 Remaining: 30546688
PlayerID: 76561198374710965
JudgeID: 0
Reason: cheater Duration: 31104000 Remaining: 30546704

END
END
Client has executed command "GET NOW"

ServerControl >> VALUE NOW [0] [0] [2888]

GET NOW
Client has executed command "GET NOW"

ServerControl >> VALUE NOW [0] [0] [2896]

Client has executed command "GET NOW"

ServerControl >> VALUE NOW [0] [0] [2898]

Client has executed command "players"

Players:

PlayerID: 76561198218103779 Name: Магистр_Сала Character: мафия    Ping: 21

Client has executed command "bans"
Bans:
PlayerID: 76561197966773788
JudgeID: 0
Reason: 900000 Duration: 31536000 Remaining: 27666393
PlayerID: 76561198190667017
JudgeID: 0
Reason: cheater Duration: 31104000 Remaining: 30546671
PlayerID: 76561198374710965
JudgeID: 0
Reason: cheater Duration: 31104000 Remaining: 30546687

END
END
GET NOW
Client has executed command "GET NOW"

ServerControl >> VALUE NOW [0] [0] [2906]

Client has executed command "GET NOW"

ServerControl >> VALUE NOW [0] [0] [2908]

