21.07.2017 8:50:24: Вызван массовый Airdrop (x10)
21.07.2017 8:50:24: Successfully set airdrop!
21.07.2017 8:50:24: Successfully set airdrop!
21.07.2017 8:50:24: Successfully set airdrop!
21.07.2017 8:50:24: Successfully set airdrop!
21.07.2017 8:50:24: Successfully set airdrop!
21.07.2017 8:50:24: Successfully set airdrop!
21.07.2017 8:50:24: Successfully set airdrop!
21.07.2017 8:50:24: Successfully set airdrop!
21.07.2017 8:50:25: Successfully set airdrop!
21.07.2017 8:50:25: Successfully set airdrop!
21.07.2017 8:52:02: Successfully gave Expert13372284200 1353 x1!
21.07.2017 9:09:55: Successfully set time to day!
21.07.2017 9:11:13: Successfully gave Expert13372284200 1005 x10!
21.07.2017 9:14:00: Successfully gave Expert13372284200 1194 x1!
21.07.2017 9:15:36: Successfully gave Expert13372284200 1005 x10!
21.07.2017 9:18:37: Successfully gave Expert13372284200 1005 x10!
21.07.2017 9:21:14: Successfully gave boker 17 x3!
21.07.2017 9:23:09: Successfully gave Expert13372284200 1005 x10!
21.07.2017 9:29:14: Successfully gave Expert13372284200 1005 x10!
21.07.2017 9:32:06: Successfully gave Expert13372284200 1194 x1!
21.07.2017 9:32:47: Successfully gave boker 17 x20!
21.07.2017 9:36:40: Successfully gave Expert13372284200 77!
21.07.2017 9:40:35: Successfully gave boker 1451 x10!
21.07.2017 11:50:40: Полное лечение 76561198152563082
21.07.2017 11:52:55: Вызван Airdrop
21.07.2017 11:52:55: Successfully set airdrop!
21.07.2017 11:52:55: Вызван Airdrop
21.07.2017 11:52:55: Successfully set airdrop!
21.07.2017 11:52:56: Вызван Airdrop
21.07.2017 11:52:56: Successfully set airdrop!
