Не обработано: RocketRcon v2.4.8.0
RocketRcon v2.4.8.0

Client has executed command "players"

TimerTerminateCommand.Enabled with Players:
Players:
PlayerID: 76561198140053978 Name: 7_AleX_3 Character: 7_AleX_3 Ping: 35
PlayerID: 76561198176817369 Name: ?. Character: GlodiS Ping: 70
PlayerID: 76561198295801599 Name: Lo[x] Character: Lo[x] Ping: 54
PlayerID: 76561198276840558 Name: Котик ^-^ Character: kennys Ping: 113
PlayerID: 76561198262878051 Name: Kolder Character: Kolder Ping: 58
PlayerID: 76561198287257345 Name: TheHard27 Character: TheHard27 Ping: 187
PlayerID: 76561198391510049 Name: matushkin_99 Character: matushkin_99 Ping: 74
PlayerID: 76561198130434614 Name: ZH3K4 Character: ZH3K4 Ping: 58
PlayerID: 76561198272573142 Name: Bloody СУП Character: СУП Ping: 58
PlayerID: 76561198280617288 Name: Незнаю какой придумать Character: Пипр Ping: 70

TimerTerminateCommand.Enabled with Players:
Client has executed command "bans"

END with Players:
TimerTerminateCommand.Enabled with Bans:
Bans:
PlayerID: 123123
JudgeID: 0
Reason: unspecified Duration: 31536000 Remaining: 31457384
PlayerID: 123
JudgeID: 0
Reason: durila Duration: 4000 Remaining: 4294893178
PlayerID: 76561198274427357
JudgeID: 0
Reason: you were vote kicked Duration: 180 Remaining: 4294921551

END with Bans:
Client has executed command "players"

TimerTerminateCommand.Enabled with Players:
Players:
PlayerID: 76561198140053978 Name: 7_AleX_3 Character: 7_AleX_3 Ping: 39
PlayerID: 76561198176817369 Name: ?. Character: GlodiS Ping: 82
PlayerID: 76561198295801599 Name: Lo[x] Character: Lo[x] Ping: 50
PlayerID: 76561198276840558 Name: Котик ^-^ Character: kennys Ping: 109
PlayerID: 76561198262878051 Name: Kolder Character: Kolder Ping: 42
PlayerID: 76561198287257345 Name: TheHard27 Character: TheHard27 Ping: 238
PlayerID: 76561198391510049 Name: matushkin_99 Character: matushkin_99 Ping: 66
PlayerID: 76561198130434614 Name: ZH3K4 Character: ZH3K4 Ping: 54
PlayerID: 76561198272573142 Name: Bloody СУП Character: СУП Ping: 66
PlayerID: 76561198280617288 Name: Незнаю какой придумать Character: Пипр Ping: 70

END with Players:
[World] 7_AleX_3 [7_AleX_3]: "что"

[World] TheHard27 [TheHard27]: "/kit healp"

[World] TheHard27 [TheHard27]: "/kit help"

Не обработано: MessageAnnouncer >> Broadcast: Если модератор ведёт себя неподобающе, пишите в группу или ЛС (vk.com/unturned_hgm, vk.com/hemulgm)
MessageAnnouncer >> Broadcast: Если модератор ведёт себя неподобающе, пишите в группу или ЛС (vk.com/unturned_hgm, vk.com/hemulgm)

Не обработано: MessageAnnouncer >> Если модератор ведёт себя неподобающе, пишите в группу или ЛС (vk.com/unturned_hgm, vk.com/hemulgm)
MessageAnnouncer >> Если модератор ведёт себя неподобающе, пишите в группу или ЛС (vk.com/unturned_hgm, vk.com/hemulgm)

Client has executed command "players"

TimerTerminateCommand.Enabled with Players:
Players:
PlayerID: 76561198140053978 Name: 7_AleX_3 Character: 7_AleX_3 Ping: 39
PlayerID: 76561198176817369 Name: ?. Character: GlodiS Ping: 70
PlayerID: 76561198295801599 Name: Lo[x] Character: Lo[x] Ping: 58
PlayerID: 76561198276840558 Name: Котик ^-^ Character: kennys Ping: 125
PlayerID: 76561198262878051 Name: Kolder Character: Kolder Ping: 50
PlayerID: 76561198287257345 Name: TheHard27 Character: TheHard27 Ping: 167
PlayerID: 76561198391510049 Name: matushkin_99 Character: matushkin_99 Ping: 62
PlayerID: 76561198130434614 Name: ZH3K4 Character: ZH3K4 Ping: 66
PlayerID: 76561198272573142 Name: Bloody СУП Character: СУП Ping: 62
PlayerID: 76561198280617288 Name: Незнаю какой придумать Character: Пипр Ping: 66

END with Players:
[World] 7_AleX_3 [7_AleX_3]: "/kit help"

Connecting: PlayerID: 76561198351213164 Name: _АхМеД_ Character: Виндяй Вечеслав

[World] Виндяй Вечеслав [_АхМеД_]: "/p"

Client has executed command "players"

TimerTerminateCommand.Enabled with Players:
Players:
PlayerID: 76561198140053978 Name: 7_AleX_3 Character: 7_AleX_3 Ping: 42
PlayerID: 76561198176817369 Name: ?. Character: GlodiS Ping: 93
PlayerID: 76561198295801599 Name: Lo[x] Character: Lo[x] Ping: 54
PlayerID: 76561198276840558 Name: Котик ^-^ Character: kennys Ping: 93
PlayerID: 76561198262878051 Name: Kolder Character: Kolder Ping: 50
PlayerID: 76561198287257345 Name: TheHard27 Character: TheHard27 Ping: 164
PlayerID: 76561198391510049 Name: matushkin_99 Character: matushkin_99 Ping: 70
PlayerID: 76561198130434614 Name: ZH3K4 Character: ZH3K4 Ping: 54
PlayerID: 76561198272573142 Name: Bloody СУП Character: СУП Ping: 54
PlayerID: 76561198280617288 Name: Незнаю какой придумать Character: Пипр Ping: 70
PlayerID: 76561198351213164 Name: _АхМеД_ Character: Виндяй Вечеслав Ping: 85

TimerTerminateCommand.Enabled with Players:
[World] Виндяй Вечеслав [_АхМеД_]: "/kit help"

END with Players:
[World] 7_AleX_3 [7_AleX_3]: "/kit start"

[World] Виндяй Вечеслав [_АхМеД_]: "привет админ)"

Client has executed command "players"

TimerTerminateCommand.Enabled with Players:
Players:
PlayerID: 76561198140053978 Name: 7_AleX_3 Character: 7_AleX_3 Ping: 42
PlayerID: 76561198176817369 Name: ?. Character: GlodiS Ping: 93
PlayerID: 76561198295801599 Name: Lo[x] Character: Lo[x] Ping: 62
PlayerID: 76561198276840558 Name: Котик ^-^ Character: kennys Ping: 125
PlayerID: 76561198262878051 Name: Kolder Character: Kolder Ping: 54
PlayerID: 76561198287257345 Name: TheHard27 Character: TheHard27 Ping: 187
PlayerID: 76561198391510049 Name: matushkin_99 Character: matushkin_99 Ping: 70
PlayerID: 76561198130434614 Name: ZH3K4 Character: ZH3K4 Ping: 70
PlayerID: 76561198272573142 Name: Bloody СУП Character: СУП Ping: 62
PlayerID: 76561198280617288 Name: Незнаю какой придумать Character: Пипр Ping: 54
PlayerID: 76561198351213164 Name: _АхМеД_ Character: Виндяй Вечеслав Ping: 93

END with Players:
[World] Пипр [Незнаю какой придумать]: "/kti start"

