RocketRcon v2.4.8.0

login aVIPs22031994
players
Client has executed command "players"
Players:
PlayerID: 76561198170878115 Name: EssexSting1 Character: EssexSting1 Ping: 216
PlayerID: 76561198424120093 Name: Knockout1Demscouts Character: Knockout1Demscouts Ping: 185

Client has executed command "bans"
Bans:
PlayerID: 76561197966773788
JudgeID: 0
Reason: 900000 Duration: 31536000 Remaining: 28009953
PlayerID: 76561198336969313
JudgeID: 0
Reason: reid Duration: 604800 Remaining: 125186
PlayerID: 76561198212486347
JudgeID: 0
Reason: reid Duration: 604800 Remaining: 125517
PlayerID: 76561198391097237
JudgeID: 0
Reason: reid Duration: 604800 Remaining: 288004
PlayerID: 76561198190667017
JudgeID: 0
Reason: cheater Duration: 31104000 Remaining: 30890231
PlayerID: 76561198374710965
JudgeID: 0
Reason: cheater Duration: 31104000 Remaining: 30890247

END
Client has executed command "GET NOW"
ServerControl >> VALUE NOW [0] [0] [2715]
Client has executed command "players"
Players:
PlayerID: 76561198170878115 Name: EssexSting1 Character: EssexSting1 Ping: 203
PlayerID: 76561198424120093 Name: Knockout1Demscouts Character: Knockout1Demscouts Ping: 197

END
Client has executed command "bans"

Bans:
PlayerID: 76561197966773788
JudgeID: 0
Reason: 900000 Duration: 31536000 Remaining: 28009950
PlayerID: 76561198336969313
JudgeID: 0
Reason: reid Duration: 604800 Remaining: 125183
PlayerID: 76561198212486347
JudgeID: 0
Reason: reid Duration: 604800 Remaining: 125514
PlayerID: 76561198391097237
JudgeID: 0
Reason: reid Duration: 604800 Remaining: 288001
PlayerID: 76561198190667017
JudgeID: 0
Reason: cheater Duration: 31104000 Remaining: 30890228
PlayerID: 76561198374710965
JudgeID: 0
Reason: cheater Duration: 31104000 Remaining: 30890244

END
