17.11.2017 12:03:41: ClientSocketLookup
17.11.2017 12:03:41: ClientSocketConnecting
17.11.2017 12:03:41: ClientSocketConnect
17.11.2017 12:03:41: ClientSocketWrite
17.11.2017 12:03:43: Can't connect to MySQL server on '127.0.0.1' (10061)
17.11.2017 12:03:45: except UpdateBansTable rec: 0
17.11.2017 12:03:45: except UpdateBansTable rec: 1
17.11.2017 12:03:45: except UpdateBansTable rec: 2
17.11.2017 12:03:45: except UpdateBansTable rec: 3
17.11.2017 12:03:45: except UpdateBansTable rec: 4
17.11.2017 12:03:45: except UpdateBansTable rec: 5
17.11.2017 12:03:45: except UpdateBansTable rec: 6
17.11.2017 12:03:45: except UpdateBansTable rec: 7
17.11.2017 12:03:47: except UpdateBansTable rec: 0
17.11.2017 12:03:47: except UpdateBansTable rec: 1
17.11.2017 12:03:47: except UpdateBansTable rec: 2
17.11.2017 12:03:47: except UpdateBansTable rec: 3
17.11.2017 12:03:47: except UpdateBansTable rec: 4
17.11.2017 12:03:47: except UpdateBansTable rec: 5
17.11.2017 12:03:47: except UpdateBansTable rec: 6
17.11.2017 12:03:47: except UpdateBansTable rec: 7
17.11.2017 12:03:59: except UpdateBansTable rec: 0
17.11.2017 12:03:59: except UpdateBansTable rec: 1
17.11.2017 12:03:59: except UpdateBansTable rec: 2
17.11.2017 12:03:59: except UpdateBansTable rec: 3
17.11.2017 12:03:59: except UpdateBansTable rec: 4
17.11.2017 12:03:59: except UpdateBansTable rec: 5
17.11.2017 12:03:59: except UpdateBansTable rec: 6
17.11.2017 12:03:59: except UpdateBansTable rec: 7
17.11.2017 12:04:01: except UpdateBansTable rec: 0
17.11.2017 12:04:01: except UpdateBansTable rec: 1
17.11.2017 12:04:01: except UpdateBansTable rec: 2
17.11.2017 12:04:01: except UpdateBansTable rec: 3
17.11.2017 12:04:01: except UpdateBansTable rec: 4
17.11.2017 12:04:01: except UpdateBansTable rec: 5
17.11.2017 12:04:01: except UpdateBansTable rec: 6
17.11.2017 12:04:01: except UpdateBansTable rec: 7
17.11.2017 12:04:19: except UpdateBansTable rec: 0
17.11.2017 12:04:19: except UpdateBansTable rec: 1
17.11.2017 12:04:19: except UpdateBansTable rec: 2
17.11.2017 12:04:19: except UpdateBansTable rec: 3
17.11.2017 12:04:19: except UpdateBansTable rec: 4
17.11.2017 12:04:19: except UpdateBansTable rec: 5
17.11.2017 12:04:19: except UpdateBansTable rec: 6
17.11.2017 12:04:19: except UpdateBansTable rec: 7
17.11.2017 12:04:21: except UpdateBansTable rec: 0
17.11.2017 12:04:21: except UpdateBansTable rec: 1
17.11.2017 12:04:21: except UpdateBansTable rec: 2
17.11.2017 12:04:21: except UpdateBansTable rec: 3
17.11.2017 12:04:21: except UpdateBansTable rec: 4
17.11.2017 12:04:21: except UpdateBansTable rec: 5
17.11.2017 12:04:21: except UpdateBansTable rec: 6
17.11.2017 12:04:21: except UpdateBansTable rec: 7
17.11.2017 12:04:39: except UpdateBansTable rec: 0
17.11.2017 12:04:39: except UpdateBansTable rec: 1
17.11.2017 12:04:39: except UpdateBansTable rec: 2
17.11.2017 12:04:39: except UpdateBansTable rec: 3
17.11.2017 12:04:39: except UpdateBansTable rec: 4
17.11.2017 12:04:39: except UpdateBansTable rec: 5
17.11.2017 12:04:39: except UpdateBansTable rec: 6
17.11.2017 12:04:39: except UpdateBansTable rec: 7
17.11.2017 12:04:41: except UpdateBansTable rec: 0
17.11.2017 12:04:41: except UpdateBansTable rec: 1
17.11.2017 12:04:41: except UpdateBansTable rec: 2
17.11.2017 12:04:41: except UpdateBansTable rec: 3
17.11.2017 12:04:41: except UpdateBansTable rec: 4
17.11.2017 12:04:41: except UpdateBansTable rec: 5
17.11.2017 12:04:41: except UpdateBansTable rec: 6
17.11.2017 12:04:41: except UpdateBansTable rec: 7
17.11.2017 12:05:15: except UpdateBansTable rec: 0
17.11.2017 12:05:15: except UpdateBansTable rec: 1
17.11.2017 12:05:15: except UpdateBansTable rec: 2
17.11.2017 12:05:15: except UpdateBansTable rec: 3
17.11.2017 12:05:15: except UpdateBansTable rec: 4
17.11.2017 12:05:15: except UpdateBansTable rec: 5
17.11.2017 12:05:15: except UpdateBansTable rec: 6
17.11.2017 12:05:15: except UpdateBansTable rec: 7
17.11.2017 12:05:15: except UpdateBansTable rec: 0
17.11.2017 12:05:15: except UpdateBansTable rec: 1
17.11.2017 12:05:15: except UpdateBansTable rec: 2
17.11.2017 12:05:15: except UpdateBansTable rec: 3
17.11.2017 12:05:15: except UpdateBansTable rec: 4
17.11.2017 12:05:15: except UpdateBansTable rec: 5
17.11.2017 12:05:15: except UpdateBansTable rec: 6
17.11.2017 12:05:15: except UpdateBansTable rec: 7
17.11.2017 12:05:17: except UpdateBansTable rec: 0
17.11.2017 12:05:17: except UpdateBansTable rec: 1
17.11.2017 12:05:17: except UpdateBansTable rec: 2
17.11.2017 12:05:17: except UpdateBansTable rec: 3
17.11.2017 12:05:17: except UpdateBansTable rec: 4
17.11.2017 12:05:17: except UpdateBansTable rec: 5
17.11.2017 12:05:17: except UpdateBansTable rec: 6
17.11.2017 12:05:17: except UpdateBansTable rec: 7
17.11.2017 12:05:19: except UpdateBansTable rec: 0
17.11.2017 12:05:19: except UpdateBansTable rec: 1
17.11.2017 12:05:19: except UpdateBansTable rec: 2
17.11.2017 12:05:19: except UpdateBansTable rec: 3
17.11.2017 12:05:19: except UpdateBansTable rec: 4
17.11.2017 12:05:19: except UpdateBansTable rec: 5
17.11.2017 12:05:19: except UpdateBansTable rec: 6
17.11.2017 12:05:19: except UpdateBansTable rec: 7
17.11.2017 12:05:21: except UpdateBansTable rec: 0
17.11.2017 12:05:21: except UpdateBansTable rec: 1
17.11.2017 12:05:21: except UpdateBansTable rec: 2
17.11.2017 12:05:21: except UpdateBansTable rec: 3
17.11.2017 12:05:21: except UpdateBansTable rec: 4
17.11.2017 12:05:21: except UpdateBansTable rec: 5
17.11.2017 12:05:21: except UpdateBansTable rec: 6
17.11.2017 12:05:21: except UpdateBansTable rec: 7
17.11.2017 12:05:39: except UpdateBansTable rec: 0
17.11.2017 12:05:39: except UpdateBansTable rec: 1
17.11.2017 12:05:39: except UpdateBansTable rec: 2
17.11.2017 12:05:39: except UpdateBansTable rec: 3
17.11.2017 12:05:39: except UpdateBansTable rec: 4
17.11.2017 12:05:39: except UpdateBansTable rec: 5
17.11.2017 12:05:39: except UpdateBansTable rec: 6
17.11.2017 12:05:39: except UpdateBansTable rec: 7
17.11.2017 12:05:41: except UpdateBansTable rec: 0
17.11.2017 12:05:41: except UpdateBansTable rec: 1
17.11.2017 12:05:41: except UpdateBansTable rec: 2
17.11.2017 12:05:41: except UpdateBansTable rec: 3
17.11.2017 12:05:41: except UpdateBansTable rec: 4
17.11.2017 12:05:41: except UpdateBansTable rec: 5
17.11.2017 12:05:41: except UpdateBansTable rec: 6
17.11.2017 12:05:41: except UpdateBansTable rec: 7
