29.06.2017 14:08:02: Не обработано: Client has disconnected! (IP: 195.64.214.198:62736)
29.06.2017 14:08:07: Не обработано: CLI [Omega orange] was blown up by a vehicle!
29.06.2017 14:08:36: Не обработано: CLI был исцелён
29.06.2017 14:08:36: Не обработано: KOKO был исцелён
29.06.2017 14:08:36: Не обработано: gulka.tupova был исцелён
29.06.2017 14:08:36: Не обработано: ЗАМ ПОЛИЦИЕ был исцелён
29.06.2017 14:08:36: Не обработано: korak был исцелён
29.06.2017 14:08:36: Не обработано: Assasin(HUN) был исцелён
29.06.2017 14:08:36: Не обработано: SZPILA был исцелён
29.06.2017 14:09:29: Не обработано: CLI был исцелён
29.06.2017 14:09:30: Не обработано: KOKO был исцелён
29.06.2017 14:09:30: Не обработано: gulka.tupova был исцелён
29.06.2017 14:09:30: Не обработано: ЗАМ ПОЛИЦИЕ был исцелён
29.06.2017 14:09:30: Не обработано: korak был исцелён
29.06.2017 14:09:59: Не обработано: WreckingBall >> Getting list of player buildables to cleanup.
29.06.2017 14:09:59: Не обработано: WreckingBall >> Found 4989 records, processing 10 records.
29.06.2017 14:09:59: Не обработано: WreckingBall >> No elements found for player: Haunt [Haunt] (76561198134631352).
29.06.2017 14:09:59: Не обработано: WreckingBall >> No elements found for player: v.keksikov [v.keksikov] (76561198299155802).
29.06.2017 14:09:59: Не обработано: WreckingBall >> No elements found for player: L_E_N_I_N_562 [L_E_N_I_N_562] (76561198132813968).
29.06.2017 14:09:59: Не обработано: WreckingBall >> No elements found for player: hero.man52 [HuluMulu] (76561198317451001).
29.06.2017 14:09:59: Не обработано: WreckingBall >> No elements found for player: nikitisik554ef [nikitisik554ef] (76561198365097456).
29.06.2017 14:09:59: Не обработано: WreckingBall >> No elements found for player: DR.GID [Proyd] (76561198313062655).
29.06.2017 14:09:59: Не обработано: WreckingBall >> No elements found for player: alex1st [alex1st] (76561198251587412).
29.06.2017 14:09:59: Не обработано: WreckingBall >> No elements found for player: gasoune [gasoune] (76561198255646693).
29.06.2017 14:09:59: Не обработано: WreckingBall >> No elements found for player: Махараджи [feels] (76561198113770336).
29.06.2017 14:09:59: Не обработано: WreckingBall >> No elements found for player: dominiku23CZE [dominiku23cz] (76561198255945184).
29.06.2017 14:09:59: Не обработано: WreckingBall >> Finished with cleaning up the player elements in this run.
29.06.2017 14:10:28: Не обработано: CLI был исцелён
29.06.2017 14:10:28: Не обработано: KOKO был исцелён
29.06.2017 14:10:28: Не обработано: gulka.tupova был исцелён
29.06.2017 14:10:28: Не обработано: ЗАМ ПОЛИЦИЕ был исцелён
29.06.2017 14:10:28: Не обработано: korak был исцелён
29.06.2017 14:11:19: Не обработано: CLI [Omega orange] was electrocuted by a zombie!
