Не обработано: RocketRcon v2.4.8.0
RocketRcon v2.4.8.0

Client has executed command "players"

TimerTerminateCommand.Enabled with Players:
Players:
PlayerID: 76561198140053978 Name: 7_AleX_3 Character: 7_AleX_3 Ping: 58
PlayerID: 76561198235802198 Name: Bodya Character: Bodya Ping: 127
PlayerID: 76561198366549870 Name: Expert13372284200 Character: Expert1337 Ping: 165
PlayerID: 76561198368930526 Name: LLlaxuD Character: LLlaxuD Ping: 141
PlayerID: 76561198123840535 Name: ?????? Character: top Ping: 88
PlayerID: 76561198289556960 Name: доширак Character: artiom$KI Ping: 157
PlayerID: 76561198030393730 Name: heavy198 Character: heavy198 Ping: 140
PlayerID: 76561198152563082 Name: Drakon Character: Stanat Ping: 147
PlayerID: 76561198051446787 Name: PUGNA Character: Opticor Ping: 23
PlayerID: 76561198397238388 Name: nikita-zakharov-1999 Character: nikita-zakharov-1999 Ping: 57
PlayerID: 76561198247269044 Name: SpaceMan Character: КрасноглазыйЧерножоп Ping: 52
PlayerID: 76561198238255690 Name: SWAG Character: AimBooT #NiceShot Ping: 88

TimerTerminateCommand.Enabled with Players:
Disconnecting: PlayerID: 76561198289556960 Name: доширак Character: artiom$KI

TimerTerminateCommand.Enabled with Players:
[World] heavy198 [heavy198]: "/tpa Bodya"

