RocketRcon v2.4.8.0

login aVIPs22031994
players
Client has executed command "players"
Players:
PlayerID: 76561198245870076 Name: 0|TheGangstar|0 Character: Nyan Bread Ping: 93
PlayerID: 76561198223334228 Name: kimi (R.I.P) Character: kimi Ping: 97
PlayerID: 76561198218103779 Name: Магистр_Сала Character: мафия    Ping: 11

Client has executed command "bans"
Bans:
PlayerID: 76561197966773788
JudgeID: 0
Reason: 900000 Duration: 31536000 Remaining: 27927031
PlayerID: 76561198336969313
JudgeID: 0
Reason: reid Duration: 604800 Remaining: 42264
PlayerID: 76561198212486347
JudgeID: 0
Reason: reid Duration: 604800 Remaining: 42595
PlayerID: 76561198391097237
JudgeID: 0
Reason: reid Duration: 604800 Remaining: 205082
PlayerID: 76561198190667017
JudgeID: 0
Reason: cheater Duration: 31104000 Remaining: 30807309
PlayerID: 76561198374710965
JudgeID: 0
Reason: cheater Duration: 31104000 Remaining: 30807325

END
Client has executed command "GET NOW"
ServerControl >> VALUE NOW [1] [0] [136]

Client has executed command "players"
Players:
PlayerID: 76561198245870076 Name: 0|TheGangstar|0 Character: Nyan Bread Ping: 70
PlayerID: 76561198223334228 Name: kimi (R.I.P) Character: kimi Ping: 93
PlayerID: 76561198218103779 Name: Магистр_Сала Character: мафия    Ping: 19
Client has executed command "bans"
Bans:
PlayerID: 76561197966773788
JudgeID: 0
Reason: 900000 Duration: 31536000 Remaining: 27927025
PlayerID: 76561198336969313
JudgeID: 0
Reason: reid Duration: 604800 Remaining: 42258
PlayerID: 76561198212486347
JudgeID: 0
Reason: reid Duration: 604800 Remaining: 42589
PlayerID: 76561198391097237
JudgeID: 0
Reason: reid Duration: 604800 Remaining: 205076
PlayerID: 76561198190667017
JudgeID: 0
Reason: cheater Duration: 31104000 Remaining: 30807302
PlayerID: 76561198374710965
JudgeID: 0
Reason: cheater Duration: 31104000 Remaining: 30807318
Client has executed command "GET NOW"
ServerControl >> VALUE NOW [1] [0] [146]
[World] kimi [kimi (R.I.P)]: "5 милиардов-сексилионов и в предачу твою маму"

END
END
RocketRcon v2.4.8.0

login aVIPs22031994
players
Client has executed command "players"
Players:
PlayerID: 76561198245870076 Name: 0|TheGangstar|0 Character: Nyan Bread Ping: 74
PlayerID: 76561198223334228 Name: kimi (R.I.P) Character: kimi Ping: 97
PlayerID: 76561198218103779 Name: Магистр_Сала Character: мафия    Ping: 19

END
Client has executed command "bans"

Bans:
PlayerID: 76561197966773788
JudgeID: 0
Reason: 900000 Duration: 31536000 Remaining: 27927008
PlayerID: 76561198336969313
JudgeID: 0
Reason: reid Duration: 604800 Remaining: 42241
PlayerID: 76561198212486347
JudgeID: 0
Reason: reid Duration: 604800 Remaining: 42572
PlayerID: 76561198391097237
JudgeID: 0
Reason: reid Duration: 604800 Remaining: 205059
PlayerID: 76561198190667017
JudgeID: 0
Reason: cheater Duration: 31104000 Remaining: 30807286
PlayerID: 76561198374710965
JudgeID: 0
Reason: cheater Duration: 31104000 Remaining: 30807302

END
END
Client has executed command "players"

Players:
PlayerID: 76561198245870076 Name: 0|TheGangstar|0 Character: Nyan Bread Ping: 74
PlayerID: 76561198223334228 Name: kimi (R.I.P) Character: kimi Ping: 93
PlayerID: 76561198218103779 Name: Магистр_Сала Character: мафия    Ping: 11

Client has executed command "bans"

Bans:
PlayerID: 76561197966773788
JudgeID: 0
Reason: 900000 Duration: 31536000 Remaining: 27927005
PlayerID: 76561198336969313
JudgeID: 0
Reason: reid Duration: 604800 Remaining: 42238
PlayerID: 76561198212486347
JudgeID: 0
Reason: reid Duration: 604800 Remaining: 42569
PlayerID: 76561198391097237
JudgeID: 0
Reason: reid Duration: 604800 Remaining: 205056
PlayerID: 76561198190667017
JudgeID: 0
Reason: cheater Duration: 31104000 Remaining: 30807283
PlayerID: 76561198374710965
JudgeID: 0
Reason: cheater Duration: 31104000 Remaining: 30807299

END
[World] kimi [kimi (R.I.P)]: "готов к такой сделке?"

END
Client has executed command "GET NOW"

ServerControl >> VALUE NOW [1] [0] [166]

GET NOW
Client has executed command "GET NOW"

ServerControl >> VALUE NOW [1] [0] [169]

[World] kimi [kimi (R.I.P)]: "пхахах"

[World] kimi [kimi (R.I.P)]: "ты шо ругаешься"

[World] kimi [kimi (R.I.P)]: "ща батя прийдет"

Client has executed command "GET NOW"
ServerControl >> VALUE NOW [1] [0] [176]

GET NOW
Client has executed command "GET NOW"

ServerControl >> VALUE NOW [1] [0] [179]

Connecting: PlayerID: 76561198448189023 Name: mr.themakil Character: КоПаТыЧь

КоПаТыЧь connected with IP 91.233.239.215

Client has executed command "players"

Players:
PlayerID: 76561198245870076 Name: 0|TheGangstar|0 Character: Nyan Bread Ping: 70
PlayerID: 76561198223334228 Name: kimi (R.I.P) Character: kimi Ping: 97
PlayerID: 76561198218103779 Name: Магистр_Сала Character: мафия    Ping: 27
PlayerID: 76561198448189023 Name: mr.themakil Character: КоПаТыЧь Ping: 0

Client has executed command "bans"

Bans:
PlayerID: 76561197966773788
JudgeID: 0
Reason: 900000 Duration: 31536000 Remaining: 27926984
PlayerID: 76561198336969313
JudgeID: 0
Reason: reid Duration: 604800 Remaining: 42217
PlayerID: 76561198212486347
JudgeID: 0
Reason: reid Duration: 604800 Remaining: 42548
PlayerID: 76561198391097237
JudgeID: 0
Reason: reid Duration: 604800 Remaining: 205035
PlayerID: 76561198190667017
JudgeID: 0
Reason: cheater Duration: 31104000 Remaining: 30807262
PlayerID: 76561198374710965
JudgeID: 0
Reason: cheater Duration: 31104000 Remaining: 30807278

END
[World] kimi [kimi (R.I.P)]: "тебе пиздюлей вставит"

END
Client has executed command "GET NOW"

ServerControl >> VALUE NOW [1] [0] [186]

MessageAnnouncer >> Broadcast: Посетите наш сайт. Вы будете удивлены! unturned.hemulgm.ru

MessageAnnouncer >> Посетите наш сайт. Вы будете удивлены! unturned.hemulgm.ru

GET NOW
[World] kimi [kimi (R.I.P)]: "пхахах"

Client has executed command "GET NOW"
ServerControl >> VALUE NOW [1] [0] [190]

[World] kimi [kimi (R.I.P)]: "ПХАХАХА"

Client has executed command "GET NOW"

ServerControl >> VALUE NOW [1] [0] [196]

GET NOW
Client has executed command "GET NOW"

ServerControl >> VALUE NOW [1] [0] [200]

Client has executed command "players"

Players:
PlayerID: 76561198245870076 Name: 0|TheGangstar|0 Character: Nyan Bread Ping: 74
PlayerID: 76561198223334228 Name: kimi (R.I.P) Character: kimi Ping: 97
PlayerID: 76561198218103779 Name: Магистр_Сала Character: мафия    Ping: 19
PlayerID: 76561198448189023 Name: mr.themakil Character: КоПаТыЧь Ping: 234

Client has executed command "bans"

Bans:
PlayerID: 76561197966773788
JudgeID: 0
Reason: 900000 Duration: 31536000 Remaining: 27926964
PlayerID: 76561198336969313
JudgeID: 0
Reason: reid Duration: 604800 Remaining: 42197
PlayerID: 76561198212486347
JudgeID: 0
Reason: reid Duration: 604800 Remaining: 42528
PlayerID: 76561198391097237
JudgeID: 0
Reason: reid Duration: 604800 Remaining: 205015
PlayerID: 76561198190667017
JudgeID: 0
Reason: cheater Duration: 31104000 Remaining: 30807242
PlayerID: 76561198374710965
JudgeID: 0
Reason: cheater Duration: 31104000 Remaining: 30807258

END
[World] kimi [kimi (R.I.P)]: "он узнал то что ты тут маму продаешь"

END
Client has executed command "GET NOW"

ServerControl >> VALUE NOW [1] [0] [206]

GET NOW
Client has executed command "GET NOW"

ServerControl >> VALUE NOW [1] [0] [210]

[World] мафия    [Магистр_Сала]: "/buy 67 2"

[World] kimi [kimi (R.I.P)]: "ага"

[World] kimi [kimi (R.I.P)]: "в рабство"

Client has executed command "GET NOW"

ServerControl >> VALUE NOW [1] [0] [216]

[World] kimi [kimi (R.I.P)]: "пагади"

Connecting: PlayerID: 76561198447225435 Name: deonisii_0_0 Character: deonisii_0_0
deonisii_0_0 connected with IP 37.230.250.43

GET NOW
Client has executed command "GET NOW"

ServerControl >> VALUE NOW [1] [0] [220]

[World] kimi [kimi (R.I.P)]: "ща микро натсрою"

Client has executed command "players"
Players:
PlayerID: 76561198245870076 Name: 0|TheGangstar|0 Character: Nyan Bread Ping: 97
PlayerID: 76561198223334228 Name: kimi (R.I.P) Character: kimi Ping: 97
PlayerID: 76561198218103779 Name: Магистр_Сала Character: мафия    Ping: 23
PlayerID: 76561198448189023 Name: mr.themakil Character: КоПаТыЧь Ping: 54
PlayerID: 76561198447225435 Name: deonisii_0_0 Character: deonisii_0_0 Ping: 363

Client has executed command "bans"

Bans:
PlayerID: 76561197966773788
JudgeID: 0
Reason: 900000 Duration: 31536000 Remaining: 27926945
PlayerID: 76561198336969313
JudgeID: 0
Reason: reid Duration: 604800 Remaining: 42178
PlayerID: 76561198212486347
JudgeID: 0
Reason: reid Duration: 604800 Remaining: 42509
PlayerID: 76561198391097237
JudgeID: 0
Reason: reid Duration: 604800 Remaining: 204996
PlayerID: 76561198190667017
JudgeID: 0
Reason: cheater Duration: 31104000 Remaining: 30807223
PlayerID: 76561198374710965
JudgeID: 0
Reason: cheater Duration: 31104000 Remaining: 30807239

END
[World] КоПаТыЧь [mr.themakil]: "всем ку"

END
Client has executed command "GET NOW"

ServerControl >> VALUE NOW [1] [0] [226]

[World] КоПаТыЧь [mr.themakil]: "кто в скайпп?"

GET NOW
Client has executed command "GET NOW"

ServerControl >> VALUE NOW [1] [0] [230]

Client has executed command "GET NOW"

ServerControl >> VALUE NOW [1] [0] [236]

GET NOW
Client has executed command "GET NOW"

ServerControl >> VALUE NOW [1] [0] [240]

Client has executed command "players"

Players:
PlayerID: 76561198245870076 Name: 0|TheGangstar|0 Character: Nyan Bread Ping: 74
PlayerID: 76561198223334228 Name: kimi (R.I.P) Character: kimi Ping: 97
PlayerID: 76561198218103779 Name: Магистр_Сала Character: мафия    Ping: 23
PlayerID: 76561198448189023 Name: mr.themakil Character: КоПаТыЧь Ping: 58
PlayerID: 76561198447225435 Name: deonisii_0_0 Character: deonisii_0_0 Ping: 50

Client has executed command "bans"

Bans:
PlayerID: 76561197966773788
JudgeID: 0
Reason: 900000 Duration: 31536000 Remaining: 27926924
PlayerID: 76561198336969313
JudgeID: 0
Reason: reid Duration: 604800 Remaining: 42157
PlayerID: 76561198212486347
JudgeID: 0
Reason: reid Duration: 604800 Remaining: 42488
PlayerID: 76561198391097237
JudgeID: 0
Reason: reid Duration: 604800 Remaining: 204975
PlayerID: 76561198190667017
JudgeID: 0
Reason: cheater Duration: 31104000 Remaining: 30807202
PlayerID: 76561198374710965
JudgeID: 0
Reason: cheater Duration: 31104000 Remaining: 30807218

END
END
[World] deonisii_0_0 [deonisii_0_0]: "привет всем :)"

Client has executed command "GET NOW"

ServerControl >> VALUE NOW [1] [0] [246]

MessageAnnouncer >> Broadcast: Наберите /kit help, чтобы получить первую мед. помощь (бинты, таблетки, еда)

MessageAnnouncer >> Наберите /kit help, чтобы получить первую мед. помощь (бинты, таблетки, еда)

GET NOW
Client has executed command "GET NOW"

ServerControl >> VALUE NOW [1] [0] [250]

