RocketRcon v2.4.8.0

login aVIPs22031994
players
Client has executed command "players"
Players:
PlayerID: 76561198218103779 Name: Магистр_Сала Character: мафия    Ping: 167
PlayerID: 76561198424120093 Name: Knockout1Demscouts Character: Knockout1Demscouts Ping: 193

Client has executed command "GET NOW"
ServerControl >> VALUE NOW [1] [0] [2001]

Client has executed command "bans"
Bans:
PlayerID: 76561197966773788
JudgeID: 0
Reason: 900000 Duration: 31536000 Remaining: 28017865
PlayerID: 76561198336969313
JudgeID: 0
Reason: reid Duration: 604800 Remaining: 133098
PlayerID: 76561198212486347
JudgeID: 0
Reason: reid Duration: 604800 Remaining: 133429
PlayerID: 76561198391097237
JudgeID: 0
Reason: reid Duration: 604800 Remaining: 295916
PlayerID: 76561198190667017
JudgeID: 0
Reason: cheater Duration: 31104000 Remaining: 30898143
PlayerID: 76561198374710965
JudgeID: 0
Reason: cheater Duration: 31104000 Remaining: 30898159

END
END
Client has executed command "GET NOW"
ServerControl >> VALUE NOW [1] [0] [2011]

Client has executed command "players"

Players:
PlayerID: 76561198218103779 Name: Магистр_Сала Character: мафия    Ping: 166
PlayerID: 76561198424120093 Name: Knockout1Demscouts Character: Knockout1Demscouts Ping: 193

GET NOW
Client has executed command "GET NOW"

ServerControl >> VALUE NOW [1] [0] [2014]

Client has executed command "bans"

Bans:
PlayerID: 76561197966773788
JudgeID: 0
Reason: 900000 Duration: 31536000 Remaining: 28017852
PlayerID: 76561198336969313
JudgeID: 0
Reason: reid Duration: 604800 Remaining: 133085
PlayerID: 76561198212486347
JudgeID: 0
Reason: reid Duration: 604800 Remaining: 133416
PlayerID: 76561198391097237
JudgeID: 0
Reason: reid Duration: 604800 Remaining: 295903
PlayerID: 76561198190667017
JudgeID: 0
Reason: cheater Duration: 31104000 Remaining: 30898130
PlayerID: 76561198374710965
JudgeID: 0
Reason: cheater Duration: 31104000 Remaining: 30898146

END
END
Client has executed command "GET NOW"

ServerControl >> VALUE NOW [1] [0] [2021]

GET NOW
Client has executed command "GET NOW"

ServerControl >> VALUE NOW [1] [0] [2024]

MessageAnnouncer >> Broadcast: Используйте /report [ник], чтобы отправить жалобу на игрока

MessageAnnouncer >> Используйте /report [ник], чтобы отправить жалобу на игрока

Client has executed command "GET NOW"
ServerControl >> VALUE NOW [1] [0] [2031]

Client has executed command "players"

Players:
PlayerID: 76561198218103779 Name: Магистр_Сала Character: мафия    Ping: 164
PlayerID: 76561198424120093 Name: Knockout1Demscouts Character: Knockout1Demscouts Ping: 187

GET NOW
Client has executed command "GET NOW"

ServerControl >> VALUE NOW [1] [0] [2034]

Client has executed command "bans"

Bans:
PlayerID: 76561197966773788
JudgeID: 0
Reason: 900000 Duration: 31536000 Remaining: 28017832
PlayerID: 76561198336969313
JudgeID: 0
Reason: reid Duration: 604800 Remaining: 133065
PlayerID: 76561198212486347
JudgeID: 0
Reason: reid Duration: 604800 Remaining: 133396
PlayerID: 76561198391097237
JudgeID: 0
Reason: reid Duration: 604800 Remaining: 295883
PlayerID: 76561198190667017
JudgeID: 0
Reason: cheater Duration: 31104000 Remaining: 30898110
PlayerID: 76561198374710965
JudgeID: 0
Reason: cheater Duration: 31104000 Remaining: 30898126

END
END
Client has executed command "GET NOW"

ServerControl >> VALUE NOW [1] [0] [2041]

GET NOW
Client has executed command "GET NOW"

ServerControl >> VALUE NOW [1] [0] [2044]

Client has executed command "GET NOW"

ServerControl >> VALUE NOW [1] [0] [2051]

Client has executed command "players"

Players:
PlayerID: 76561198218103779 Name: Магистр_Сала Character: мафия    Ping: 160
PlayerID: 76561198424120093 Name: Knockout1Demscouts Character: Knockout1Demscouts Ping: 197

GET NOW
Client has executed command "GET NOW"

ServerControl >> VALUE NOW [1] [0] [2054]

Client has executed command "bans"

Bans:
PlayerID: 76561197966773788
JudgeID: 0
Reason: 900000 Duration: 31536000 Remaining: 28017812
PlayerID: 76561198336969313
JudgeID: 0
Reason: reid Duration: 604800 Remaining: 133045
PlayerID: 76561198212486347
JudgeID: 0
Reason: reid Duration: 604800 Remaining: 133376
PlayerID: 76561198391097237
JudgeID: 0
Reason: reid Duration: 604800 Remaining: 295863
PlayerID: 76561198190667017
JudgeID: 0
Reason: cheater Duration: 31104000 Remaining: 30898090
PlayerID: 76561198374710965
JudgeID: 0
Reason: cheater Duration: 31104000 Remaining: 30898106

END
END
Client has executed command "GET NOW"

ServerControl >> VALUE NOW [1] [0] [2061]

GET NOW
Client has executed command "GET NOW"

ServerControl >> VALUE NOW [1] [0] [2064]

Client has executed command "GET NOW"

ServerControl >> VALUE NOW [1] [0] [2071]

Client has executed command "players"

Players:
PlayerID: 76561198218103779 Name: Магистр_Сала Character: мафия    Ping: 156
PlayerID: 76561198424120093 Name: Knockout1Demscouts Character: Knockout1Demscouts Ping: 195

GET NOW
Client has executed command "bans"
Bans:
PlayerID: 76561197966773788
JudgeID: 0
Reason: 900000 Duration: 31536000 Remaining: 28017792
PlayerID: 76561198336969313
JudgeID: 0
Reason: reid Duration: 604800 Remaining: 133025
PlayerID: 76561198212486347
JudgeID: 0
Reason: reid Duration: 604800 Remaining: 133356
PlayerID: 76561198391097237
JudgeID: 0
Reason: reid Duration: 604800 Remaining: 295843
PlayerID: 76561198190667017
JudgeID: 0
Reason: cheater Duration: 31104000 Remaining: 30898070
PlayerID: 76561198374710965
JudgeID: 0
Reason: cheater Duration: 31104000 Remaining: 30898086
Client has executed command "GET NOW"

END
ServerControl >> VALUE NOW [1] [0] [2075]

END
Client has executed command "GET NOW"

ServerControl >> VALUE NOW [1] [0] [2081]

GET NOW
Client has executed command "GET NOW"

ServerControl >> VALUE NOW [1] [0] [2085]

MessageAnnouncer >> Broadcast: Наберите /rules (/r) для просмотра правил

MessageAnnouncer >> Наберите /rules (/r) для просмотра правил

Client has executed command "cchat "/33/09/17/04/17/15/16 /24/05/17/05/08 30 /13. " 255 255 0"
ServerControl >> Broadcast: Аирдроп через 30 м.

Не обработано: ServerControl >> Broadcast: Аирдроп через 30 м.
Client has executed command "GET NOW"
ServerControl >> VALUE NOW [1] [0] [2091]

Client has executed command "players"

Players:
PlayerID: 76561198218103779 Name: Магистр_Сала Character: мафия    Ping: 166
PlayerID: 76561198424120093 Name: Knockout1Demscouts Character: Knockout1Demscouts Ping: 201

Client has executed command "bans"

Bans:
PlayerID: 76561197966773788
JudgeID: 0
Reason: 900000 Duration: 31536000 Remaining: 28017772
PlayerID: 76561198336969313
JudgeID: 0
Reason: reid Duration: 604800 Remaining: 133005
PlayerID: 76561198212486347
JudgeID: 0
Reason: reid Duration: 604800 Remaining: 133336
PlayerID: 76561198391097237
JudgeID: 0
Reason: reid Duration: 604800 Remaining: 295823
PlayerID: 76561198190667017
JudgeID: 0
Reason: cheater Duration: 31104000 Remaining: 30898050
PlayerID: 76561198374710965
JudgeID: 0
Reason: cheater Duration: 31104000 Remaining: 30898066

END
GET NOW
Client has executed command "GET NOW"

ServerControl >> VALUE NOW [1] [0] [2095]

END
Client has executed command "GET NOW"

ServerControl >> VALUE NOW [1] [0] [2101]

GET NOW
Client has executed command "GET NOW"

ServerControl >> VALUE NOW [1] [0] [2105]

Client has executed command "GET NOW"

ServerControl >> VALUE NOW [1] [0] [2111]

Client has executed command "players"

Players:
PlayerID: 76561198218103779 Name: Магистр_Сала Character: мафия    Ping: 160
PlayerID: 76561198424120093 Name: Knockout1Demscouts Character: Knockout1Demscouts Ping: 197

Client has executed command "bans"

Bans:
PlayerID: 76561197966773788
JudgeID: 0
Reason: 900000 Duration: 31536000 Remaining: 28017752
PlayerID: 76561198336969313
JudgeID: 0
Reason: reid Duration: 604800 Remaining: 132985
PlayerID: 76561198212486347
JudgeID: 0
Reason: reid Duration: 604800 Remaining: 133316
PlayerID: 76561198391097237
JudgeID: 0
Reason: reid Duration: 604800 Remaining: 295803
PlayerID: 76561198190667017
JudgeID: 0
Reason: cheater Duration: 31104000 Remaining: 30898030
PlayerID: 76561198374710965
JudgeID: 0
Reason: cheater Duration: 31104000 Remaining: 30898046

END
GET NOW
Client has executed command "GET NOW"

ServerControl >> VALUE NOW [1] [0] [2115]

END
Client has executed command "GET NOW"

ServerControl >> VALUE NOW [1] [0] [2121]

GET NOW
Client has executed command "GET NOW"

ServerControl >> VALUE NOW [1] [0] [2125]

[Group] Knockout1Demscouts [Knockout1Demscouts]: ".kit"

Client has executed command "GET NOW"

ServerControl >> VALUE NOW [1] [0] [2131]

Client has executed command "players"

Players:
PlayerID: 76561198218103779 Name: Магистр_Сала Character: мафия    Ping: 162
PlayerID: 76561198424120093 Name: Knockout1Demscouts Character: Knockout1Demscouts Ping: 193

Client has executed command "bans"

Bans:
PlayerID: 76561197966773788
JudgeID: 0
Reason: 900000 Duration: 31536000 Remaining: 28017732
PlayerID: 76561198336969313
JudgeID: 0
Reason: reid Duration: 604800 Remaining: 132965
PlayerID: 76561198212486347
JudgeID: 0
Reason: reid Duration: 604800 Remaining: 133296
PlayerID: 76561198391097237
JudgeID: 0
Reason: reid Duration: 604800 Remaining: 295783
PlayerID: 76561198190667017
JudgeID: 0
Reason: cheater Duration: 31104000 Remaining: 30898010
PlayerID: 76561198374710965
JudgeID: 0
Reason: cheater Duration: 31104000 Remaining: 30898026

END
GET NOW
Client has executed command "GET NOW"
ServerControl >> VALUE NOW [1] [0] [2135]
[Group] Knockout1Demscouts [Knockout1Demscouts]: "/kit"

Client has executed command "GET NOW"

ServerControl >> VALUE NOW [1] [0] [2141]

END
MessageAnnouncer >> Broadcast: Добро пожаловать на HGM. Тут рады вам больше, чем на любом другом сервере!

GET NOW
MessageAnnouncer >> Добро пожаловать на HGM. Тут рады вам больше, чем на любом другом сервере!

Client has executed command "GET NOW"

ServerControl >> VALUE NOW [1] [0] [2150]
Client has executed command "GET NOW"
ServerControl >> VALUE NOW [1] [0] [2151]
Client has executed command "players"
Players:
PlayerID: 76561198218103779 Name: Магистр_Сала Character: мафия    Ping: 162
PlayerID: 76561198424120093 Name: Knockout1Demscouts Character: Knockout1Demscouts Ping: 197
Client has executed command "bans"
Bans:
PlayerID: 76561197966773788
JudgeID: 0
Reason: 900000 Duration: 31536000 Remaining: 28017712
PlayerID: 76561198336969313
JudgeID: 0
Reason: reid Duration: 604800 Remaining: 132945
PlayerID: 76561198212486347
JudgeID: 0
Reason: reid Duration: 604800 Remaining: 133276
PlayerID: 76561198391097237
JudgeID: 0
Reason: reid Duration: 604800 Remaining: 295763
PlayerID: 76561198190667017
JudgeID: 0
Reason: cheater Duration: 31104000 Remaining: 30897990
PlayerID: 76561198374710965
JudgeID: 0
Reason: cheater Duration: 31104000 Remaining: 30898006
Client has executed command "GET NOW"
ServerControl >> VALUE NOW [1] [0] [2161]

END
GET NOW
Client has executed command "GET NOW"
ServerControl >> VALUE NOW [1] [0] [2163]

END
Client has executed command "GET NOW"
ServerControl >> VALUE NOW [1] [0] [2171]

Client has executed command "players"
Players:
PlayerID: 76561198218103779 Name: Магистр_Сала Character: мафия    Ping: 166
PlayerID: 76561198424120093 Name: Knockout1Demscouts Character: Knockout1Demscouts Ping: 189

GET NOW
Client has executed command "GET NOW"

ServerControl >> VALUE NOW [1] [0] [2173]

Client has executed command "bans"

Bans:
PlayerID: 76561197966773788
JudgeID: 0
Reason: 900000 Duration: 31536000 Remaining: 28017692
PlayerID: 76561198336969313
JudgeID: 0
Reason: reid Duration: 604800 Remaining: 132925
PlayerID: 76561198212486347
JudgeID: 0
Reason: reid Duration: 604800 Remaining: 133256
PlayerID: 76561198391097237
JudgeID: 0
Reason: reid Duration: 604800 Remaining: 295743
PlayerID: 76561198190667017
JudgeID: 0
Reason: cheater Duration: 31104000 Remaining: 30897970
PlayerID: 76561198374710965
JudgeID: 0
Reason: cheater Duration: 31104000 Remaining: 30897986

END
END
Client has executed command "GET NOW"

ServerControl >> VALUE NOW [1] [0] [2181]

GET NOW
Client has executed command "GET NOW"

ServerControl >> VALUE NOW [1] [0] [2184]

Client has executed command "GET NOW"
ServerControl >> VALUE NOW [1] [0] [2191]

Client has executed command "players"

Players:
PlayerID: 76561198218103779 Name: Магистр_Сала Character: мафия    Ping: 173
PlayerID: 76561198424120093 Name: Knockout1Demscouts Character: Knockout1Demscouts Ping: 195

GET NOW
Client has executed command "GET NOW"

ServerControl >> VALUE NOW [1] [0] [2194]

Client has executed command "bans"

Bans:
PlayerID: 76561197966773788
JudgeID: 0
Reason: 900000 Duration: 31536000 Remaining: 28017672
PlayerID: 76561198336969313
JudgeID: 0
Reason: reid Duration: 604800 Remaining: 132905
PlayerID: 76561198212486347
JudgeID: 0
Reason: reid Duration: 604800 Remaining: 133236
PlayerID: 76561198391097237
JudgeID: 0
Reason: reid Duration: 604800 Remaining: 295723
PlayerID: 76561198190667017
JudgeID: 0
Reason: cheater Duration: 31104000 Remaining: 30897950
PlayerID: 76561198374710965
JudgeID: 0
Reason: cheater Duration: 31104000 Remaining: 30897966

END
END
Client has executed command "GET NOW"

ServerControl >> VALUE NOW [1] [0] [2201]

GET NOW
Client has executed command "GET NOW"

ServerControl >> VALUE NOW [1] [0] [2204]

MessageAnnouncer >> Broadcast: Наберите /kit start, чтобы получить стартовый набор (еда, вода, топор)

MessageAnnouncer >> Наберите /kit start, чтобы получить стартовый набор (еда, вода, топор)

Client has executed command "GET NOW"
ServerControl >> VALUE NOW [1] [0] [2211]

Client has executed command "players"

Players:
PlayerID: 76561198218103779 Name: Магистр_Сала Character: мафия    Ping: 210
PlayerID: 76561198424120093 Name: Knockout1Demscouts Character: Knockout1Demscouts Ping: 203

GET NOW
Client has executed command "GET NOW"

ServerControl >> VALUE NOW [1] [0] [2214]

Client has executed command "bans"

Bans:
PlayerID: 76561197966773788
JudgeID: 0
Reason: 900000 Duration: 31536000 Remaining: 28017652
PlayerID: 76561198336969313
JudgeID: 0
Reason: reid Duration: 604800 Remaining: 132885
PlayerID: 76561198212486347
JudgeID: 0
Reason: reid Duration: 604800 Remaining: 133216
PlayerID: 76561198391097237
JudgeID: 0
Reason: reid Duration: 604800 Remaining: 295703
PlayerID: 76561198190667017
JudgeID: 0
Reason: cheater Duration: 31104000 Remaining: 30897930
PlayerID: 76561198374710965
JudgeID: 0
Reason: cheater Duration: 31104000 Remaining: 30897946

END
END
Client has executed command "GET NOW"
ServerControl >> VALUE NOW [1] [0] [2221]

GET NOW
Client has executed command "GET NOW"

ServerControl >> VALUE NOW [1] [0] [2224]

Client has executed command "GET NOW"

ServerControl >> VALUE NOW [1] [0] [2231]

Client has executed command "players"

Players:
PlayerID: 76561198218103779 Name: Магистр_Сала Character: мафия    Ping: 164
PlayerID: 76561198424120093 Name: Knockout1Demscouts Character: Knockout1Demscouts Ping: 199

GET NOW
Client has executed command "GET NOW"

ServerControl >> VALUE NOW [1] [0] [2234]

[World] мафия    [Магистр_Сала]: "ты рyскиё"

Client has executed command "bans"

Bans:
PlayerID: 76561197966773788
JudgeID: 0
Reason: 900000 Duration: 31536000 Remaining: 28017631
PlayerID: 76561198336969313
JudgeID: 0
Reason: reid Duration: 604800 Remaining: 132864
PlayerID: 76561198212486347
JudgeID: 0
Reason: reid Duration: 604800 Remaining: 133195
PlayerID: 76561198391097237
JudgeID: 0
Reason: reid Duration: 604800 Remaining: 295682
PlayerID: 76561198190667017
JudgeID: 0
Reason: cheater Duration: 31104000 Remaining: 30897909
PlayerID: 76561198374710965
JudgeID: 0
Reason: cheater Duration: 31104000 Remaining: 30897925

END
END
Client has executed command "GET NOW"

ServerControl >> VALUE NOW [1] [0] [2241]

GET NOW
Client has executed command "GET NOW"

ServerControl >> VALUE NOW [1] [0] [2244]

[World] мафия    [Магистр_Сала]: "(рyсский)"

Client has executed command "GET NOW"
ServerControl >> VALUE NOW [1] [0] [2251]

Client has executed command "players"

Players:
PlayerID: 76561198218103779 Name: Магистр_Сала Character: мафия    Ping: 160
PlayerID: 76561198424120093 Name: Knockout1Demscouts Character: Knockout1Demscouts Ping: 203

GET NOW
Client has executed command "GET NOW"

ServerControl >> VALUE NOW [1] [0] [2254]

Client has executed command "bans"

Bans:
PlayerID: 76561197966773788
JudgeID: 0
Reason: 900000 Duration: 31536000 Remaining: 28017612
PlayerID: 76561198336969313
JudgeID: 0
Reason: reid Duration: 604800 Remaining: 132845
PlayerID: 76561198212486347
JudgeID: 0
Reason: reid Duration: 604800 Remaining: 133176
PlayerID: 76561198391097237
JudgeID: 0
Reason: reid Duration: 604800 Remaining: 295663
PlayerID: 76561198190667017
JudgeID: 0
Reason: cheater Duration: 31104000 Remaining: 30897890
PlayerID: 76561198374710965
JudgeID: 0
Reason: cheater Duration: 31104000 Remaining: 30897906

END
END
Client has executed command "GET NOW"

ServerControl >> VALUE NOW [1] [0] [2261]

GET NOW
Client has executed command "GET NOW"

ServerControl >> VALUE NOW [1] [0] [2264]

MessageAnnouncer >> Broadcast: Внимание! PvP-режим по субботам! PvP-режим!!!

MessageAnnouncer >> Внимание! PvP-режим по субботам! PvP-режим!!!

Client has executed command "GET NOW"
ServerControl >> VALUE NOW [1] [0] [2271]

Client has executed command "players"

Players:
PlayerID: 76561198218103779 Name: Магистр_Сала Character: мафия    Ping: 166
PlayerID: 76561198424120093 Name: Knockout1Demscouts Character: Knockout1Demscouts Ping: 193

GET NOW
Client has executed command "GET NOW"

ServerControl >> VALUE NOW [1] [0] [2274]

Client has executed command "bans"

Bans:
PlayerID: 76561197966773788
JudgeID: 0
Reason: 900000 Duration: 31536000 Remaining: 28017592
PlayerID: 76561198336969313
JudgeID: 0
Reason: reid Duration: 604800 Remaining: 132825
PlayerID: 76561198212486347
JudgeID: 0
Reason: reid Duration: 604800 Remaining: 133156
PlayerID: 76561198391097237
JudgeID: 0
Reason: reid Duration: 604800 Remaining: 295643
PlayerID: 76561198190667017
JudgeID: 0
Reason: cheater Duration: 31104000 Remaining: 30897870
PlayerID: 76561198374710965
JudgeID: 0
Reason: cheater Duration: 31104000 Remaining: 30897886

END
END
Client has executed command "GET NOW"

ServerControl >> VALUE NOW [1] [0] [2281]

GET NOW
Client has executed command "GET NOW"

ServerControl >> VALUE NOW [1] [0] [2284]

Client has executed command "GET NOW"

ServerControl >> VALUE NOW [1] [0] [2291]

Client has executed command "players"

Players:
PlayerID: 76561198218103779 Name: Магистр_Сала Character: мафия    Ping: 164
PlayerID: 76561198424120093 Name: Knockout1Demscouts Character: Knockout1Demscouts Ping: 201

GET NOW
Client has executed command "GET NOW"
ServerControl >> VALUE NOW [1] [0] [2294]

Client has executed command "bans"

Bans:
PlayerID: 76561197966773788
JudgeID: 0
Reason: 900000 Duration: 31536000 Remaining: 28017571
PlayerID: 76561198336969313
JudgeID: 0
Reason: reid Duration: 604800 Remaining: 132804
PlayerID: 76561198212486347
JudgeID: 0
Reason: reid Duration: 604800 Remaining: 133135
PlayerID: 76561198391097237
JudgeID: 0
Reason: reid Duration: 604800 Remaining: 295622
PlayerID: 76561198190667017
JudgeID: 0
Reason: cheater Duration: 31104000 Remaining: 30897849
PlayerID: 76561198374710965
JudgeID: 0
Reason: cheater Duration: 31104000 Remaining: 30897865

END
END
Client has executed command "GET NOW"

ServerControl >> VALUE NOW [0] [1] [2301]

GET NOW
Client has executed command "GET NOW"

ServerControl >> VALUE NOW [0] [1] [2304]

PlayerInfoLib >> No expired player info records found for this batch.

Saving server

Сохранение сервера
Client has executed command "GET NOW"

ServerControl >> VALUE NOW [0] [1] [2311]

Client has executed command "players"

Players:
PlayerID: 76561198218103779 Name: Магистр_Сала Character: мафия    Ping: 166
PlayerID: 76561198424120093 Name: Knockout1Demscouts Character: Knockout1Demscouts Ping: 181

GET NOW
Client has executed command "GET NOW"

ServerControl >> VALUE NOW [0] [1] [2314]

Client has executed command "bans"

Bans:
PlayerID: 76561197966773788
JudgeID: 0
Reason: 900000 Duration: 31536000 Remaining: 28017551
PlayerID: 76561198336969313
JudgeID: 0
Reason: reid Duration: 604800 Remaining: 132784
PlayerID: 76561198212486347
JudgeID: 0
Reason: reid Duration: 604800 Remaining: 133115
PlayerID: 76561198391097237
JudgeID: 0
Reason: reid Duration: 604800 Remaining: 295602
PlayerID: 76561198190667017
JudgeID: 0
Reason: cheater Duration: 31104000 Remaining: 30897829
PlayerID: 76561198374710965
JudgeID: 0
Reason: cheater Duration: 31104000 Remaining: 30897845

END
END
Client has executed command "GET NOW"

ServerControl >> VALUE NOW [0] [1] [2321]

GET NOW
Client has executed command "GET NOW"

ServerControl >> VALUE NOW [0] [1] [2324]

MessageAnnouncer >> Broadcast: vk.com/unturned_hgm - группа сервера ВК, уникальный кит в записи!

MessageAnnouncer >> vk.com/unturned_hgm - группа сервера ВК, уникальный кит в записи!

Client has executed command "GET NOW"
ServerControl >> VALUE NOW [0] [1] [2331]

Client has executed command "players"

Players:
PlayerID: 76561198218103779 Name: Магистр_Сала Character: мафия    Ping: 167
PlayerID: 76561198424120093 Name: Knockout1Demscouts Character: Knockout1Demscouts Ping: 205

GET NOW
Client has executed command "GET NOW"

ServerControl >> VALUE NOW [0] [1] [2334]

Client has executed command "bans"

Bans:
PlayerID: 76561197966773788
JudgeID: 0
Reason: 900000 Duration: 31536000 Remaining: 28017531
PlayerID: 76561198336969313
JudgeID: 0
Reason: reid Duration: 604800 Remaining: 132764
PlayerID: 76561198212486347
JudgeID: 0
Reason: reid Duration: 604800 Remaining: 133095
PlayerID: 76561198391097237
JudgeID: 0

END
Reason: reid Duration: 604800 Remaining: 295582
PlayerID: 76561198190667017
JudgeID: 0
Reason: cheater Duration: 31104000 Remaining: 30897809
PlayerID: 76561198374710965
JudgeID: 0
Reason: cheater Duration: 31104000 Remaining: 30897825

END
Client has executed command "GET NOW"

ServerControl >> VALUE NOW [0] [1] [2341]

GET NOW
Client has executed command "GET NOW"

ServerControl >> VALUE NOW [0] [1] [2344]

Client has executed command "GET NOW"

ServerControl >> VALUE NOW [0] [1] [2351]

Client has executed command "players"

Players:
PlayerID: 76561198218103779 Name: Магистр_Сала Character: мафия    Ping: 158
PlayerID: 76561198424120093 Name: Knockout1Demscouts Character: Knockout1Demscouts Ping: 185

GET NOW
Client has executed command "GET NOW"

ServerControl >> VALUE NOW [0] [1] [2354]

Client has executed command "bans"

Bans:
PlayerID: 76561197966773788
JudgeID: 0
Reason: 900000 Duration: 31536000 Remaining: 28017511
PlayerID: 76561198336969313
JudgeID: 0
Reason: reid Duration: 604800 Remaining: 132744
PlayerID: 76561198212486347
JudgeID: 0
Reason: reid Duration: 604800 Remaining: 133075
PlayerID: 76561198391097237
JudgeID: 0
Reason: reid Duration: 604800 Remaining: 295562
PlayerID: 76561198190667017
JudgeID: 0
Reason: cheater Duration: 31104000 Remaining: 30897789
PlayerID: 76561198374710965
JudgeID: 0
Reason: cheater Duration: 31104000 Remaining: 30897805

END
END
Client has executed command "GET NOW"

ServerControl >> VALUE NOW [0] [1] [2361]

GET NOW
Client has executed command "GET NOW"

ServerControl >> VALUE NOW [0] [1] [2364]

Client has executed command "GET NOW"

ServerControl >> VALUE NOW [0] [1] [2371]

Client has executed command "players"

Players:
PlayerID: 76561198218103779 Name: Магистр_Сала Character: мафия    Ping: 164
PlayerID: 76561198424120093 Name: Knockout1Demscouts Character: Knockout1Demscouts Ping: 187

GET NOW
Client has executed command "GET NOW"

ServerControl >> VALUE NOW [0] [1] [2374]

Client has executed command "bans"

Bans:
PlayerID: 76561197966773788
JudgeID: 0
Reason: 900000 Duration: 31536000 Remaining: 28017491
PlayerID: 76561198336969313
JudgeID: 0
Reason: reid Duration: 604800 Remaining: 132724
PlayerID: 76561198212486347
JudgeID: 0
Reason: reid Duration: 604800 Remaining: 133055
PlayerID: 76561198391097237
JudgeID: 0
Reason: reid Duration: 604800 Remaining: 295542
PlayerID: 76561198190667017
JudgeID: 0
Reason: cheater Duration: 31104000 Remaining: 30897769
PlayerID: 76561198374710965
JudgeID: 0
Reason: cheater Duration: 31104000 Remaining: 30897785

END
Broadcast: [ZOMBIE] Knockout1Demscouts был съеден зомби! 

Не обработано: Broadcast: [ZOMBIE] Knockout1Demscouts был съеден зомби! 
Knockout1Demscouts [Knockout1Demscouts] was mauled by a zombie!

Не обработано: Knockout1Demscouts [Knockout1Demscouts] was mauled by a zombie!
END
Client has executed command "GET NOW"

ServerControl >> VALUE NOW [0] [1] [2381]

GET NOW
MessageAnnouncer >> Broadcast: Посетите наш сайт. Вы будете удивлены! unturned.hemulgm.ru
MessageAnnouncer >> Посетите наш сайт. Вы будете удивлены! unturned.hemulgm.ru
Client has executed command "GET NOW"
ServerControl >> VALUE NOW [0] [1] [2388]

Client has executed command "GET NOW"

ServerControl >> VALUE NOW [0] [1] [2391]

Client has executed command "players"

Players:
PlayerID: 76561198218103779 Name: Магистр_Сала Character: мафия    Ping: 160
PlayerID: 76561198424120093 Name: Knockout1Demscouts Character: Knockout1Demscouts Ping: 193

Client has executed command "bans"

Bans:
PlayerID: 76561197966773788
JudgeID: 0
Reason: 900000 Duration: 31536000 Remaining: 28017472
PlayerID: 76561198336969313
JudgeID: 0
Reason: reid Duration: 604800 Remaining: 132705
PlayerID: 76561198212486347
JudgeID: 0
Reason: reid Duration: 604800 Remaining: 133036
PlayerID: 76561198391097237
JudgeID: 0
Reason: reid Duration: 604800 Remaining: 295523
PlayerID: 76561198190667017
JudgeID: 0
Reason: cheater Duration: 31104000 Remaining: 30897750
PlayerID: 76561198374710965
JudgeID: 0
Reason: cheater Duration: 31104000 Remaining: 30897766

END
END
GET NOW
Client has executed command "GET NOW"

ServerControl >> VALUE NOW [0] [1] [2398]

Client has executed command "GET NOW"

ServerControl >> VALUE NOW [0] [1] [2401]

GET NOW
Client has executed command "GET NOW"

ServerControl >> VALUE NOW [0] [1] [2408]

Client has executed command "GET NOW"

ServerControl >> VALUE NOW [0] [1] [2411]

Client has executed command "players"

Players:
PlayerID: 76561198218103779 Name: Магистр_Сала Character: мафия    Ping: 185
PlayerID: 76561198424120093 Name: Knockout1Demscouts Character: Knockout1Demscouts Ping: 187

Client has executed command "bans"

Bans:
PlayerID: 76561197966773788
JudgeID: 0
Reason: 900000 Duration: 31536000 Remaining: 28017452
PlayerID: 76561198336969313
JudgeID: 0
Reason: reid Duration: 604800 Remaining: 132685
PlayerID: 76561198212486347
JudgeID: 0
Reason: reid Duration: 604800 Remaining: 133016
PlayerID: 76561198391097237
JudgeID: 0
Reason: reid Duration: 604800 Remaining: 295503
PlayerID: 76561198190667017
JudgeID: 0
Reason: cheater Duration: 31104000 Remaining: 30897730
PlayerID: 76561198374710965
JudgeID: 0
Reason: cheater Duration: 31104000 Remaining: 30897746

END
END
GET NOW
Client has executed command "GET NOW"

ServerControl >> VALUE NOW [0] [1] [2418]

Client has executed command "GET NOW"

ServerControl >> VALUE NOW [0] [1] [2421]

[Group] Knockout1Demscouts [Knockout1Demscouts]: "/kit"

GET NOW
Client has executed command "GET NOW"

ServerControl >> VALUE NOW [0] [1] [2428]

[Group] Knockout1Demscouts [Knockout1Demscouts]: "/kits"

Client has executed command "GET NOW"

ServerControl >> VALUE NOW [0] [1] [2431]

Client has executed command "players"

Players:
PlayerID: 76561198218103779 Name: Магистр_Сала Character: мафия    Ping: 164
PlayerID: 76561198424120093 Name: Knockout1Demscouts Character: Knockout1Demscouts Ping: 189

Client has executed command "bans"

Bans:
PlayerID: 76561197966773788
JudgeID: 0
Reason: 900000 Duration: 31536000 Remaining: 28017432
PlayerID: 76561198336969313
JudgeID: 0
Reason: reid Duration: 604800 Remaining: 132665
PlayerID: 76561198212486347
JudgeID: 0
Reason: reid Duration: 604800 Remaining: 132996
PlayerID: 76561198391097237
JudgeID: 0
Reason: reid Duration: 604800 Remaining: 295483
PlayerID: 76561198190667017
JudgeID: 0
Reason: cheater Duration: 31104000 Remaining: 30897710
PlayerID: 76561198374710965
JudgeID: 0
Reason: cheater Duration: 31104000 Remaining: 30897726

END
END
GET NOW
Client has executed command "GET NOW"

ServerControl >> VALUE NOW [0] [1] [2438]

Client has executed command "GET NOW"

ServerControl >> VALUE NOW [0] [1] [2441]

MessageAnnouncer >> Broadcast: Наберите /kit help, чтобы получить первую мед. помощь (бинты, таблетки, еда)

GET NOW
MessageAnnouncer >> Наберите /kit help, чтобы получить первую мед. помощь (бинты, таблетки, еда)

Client has executed command "GET NOW"
ServerControl >> VALUE NOW [0] [1] [2448]

Client has executed command "GET NOW"

ServerControl >> VALUE NOW [0] [1] [2451]

Client has executed command "players"

Players:
PlayerID: 76561198218103779 Name: Магистр_Сала Character: мафия    Ping: 156
PlayerID: 76561198424120093 Name: Knockout1Demscouts Character: Knockout1Demscouts Ping: 191

Client has executed command "bans"

Bans:
PlayerID: 76561197966773788
JudgeID: 0
Reason: 900000 Duration: 31536000 Remaining: 28017412
PlayerID: 76561198336969313
JudgeID: 0
Reason: reid Duration: 604800 Remaining: 132645
PlayerID: 76561198212486347
JudgeID: 0
Reason: reid Duration: 604800 Remaining: 132976
PlayerID: 76561198391097237
JudgeID: 0
Reason: reid Duration: 604800 Remaining: 295463
PlayerID: 76561198190667017
JudgeID: 0
Reason: cheater Duration: 31104000 Remaining: 30897690
PlayerID: 76561198374710965
JudgeID: 0
Reason: cheater Duration: 31104000 Remaining: 30897706

END
END
GET NOW
Client has executed command "GET NOW"

ServerControl >> VALUE NOW [0] [1] [2458]

Client has executed command "GET NOW"

ServerControl >> VALUE NOW [0] [1] [2461]

GET NOW
Client has executed command "GET NOW"

ServerControl >> VALUE NOW [0] [1] [2468]

[Group] Knockout1Demscouts [Knockout1Demscouts]: "/kit Unturned.Hemulgm.Ru"

Client has executed command "GET NOW"

ServerControl >> VALUE NOW [0] [1] [2471]

Client has executed command "players"

Players:
PlayerID: 76561198218103779 Name: Магистр_Сала Character: мафия    Ping: 166
PlayerID: 76561198424120093 Name: Knockout1Demscouts Character: Knockout1Demscouts Ping: 189

Client has executed command "bans"

Bans:
PlayerID: 76561197966773788
JudgeID: 0
Reason: 900000 Duration: 31536000 Remaining: 28017392
PlayerID: 76561198336969313
JudgeID: 0
Reason: reid Duration: 604800 Remaining: 132625
PlayerID: 76561198212486347
JudgeID: 0
Reason: reid Duration: 604800 Remaining: 132956
PlayerID: 76561198391097237
JudgeID: 0
Reason: reid Duration: 604800 Remaining: 295443
PlayerID: 76561198190667017
JudgeID: 0
Reason: cheater Duration: 31104000 Remaining: 30897670
PlayerID: 76561198374710965
JudgeID: 0
Reason: cheater Duration: 31104000 Remaining: 30897686

END
END
GET NOW
Client has executed command "GET NOW"

ServerControl >> VALUE NOW [0] [1] [2478]

Client has executed command "GET NOW"

ServerControl >> VALUE NOW [0] [1] [2481]

GET NOW
Client has executed command "GET NOW"

ServerControl >> VALUE NOW [0] [1] [2488]

Client has executed command "GET NOW"

ServerControl >> VALUE NOW [0] [1] [2491]

Client has executed command "players"

Players:
PlayerID: 76561198218103779 Name: Магистр_Сала Character: мафия    Ping: 164
PlayerID: 76561198424120093 Name: Knockout1Demscouts Character: Knockout1Demscouts Ping: 189

[World] мафия    [Магистр_Сала]: "/buy 78"

END
Client has executed command "bans"

Bans:
PlayerID: 76561197966773788
JudgeID: 0
Reason: 900000 Duration: 31536000 Remaining: 28017371
PlayerID: 76561198336969313
JudgeID: 0
Reason: reid Duration: 604800 Remaining: 132604
PlayerID: 76561198212486347
JudgeID: 0
Reason: reid Duration: 604800 Remaining: 132935
PlayerID: 76561198391097237
JudgeID: 0
Reason: reid Duration: 604800 Remaining: 295422
PlayerID: 76561198190667017
JudgeID: 0
Reason: cheater Duration: 31104000 Remaining: 30897649
PlayerID: 76561198374710965
JudgeID: 0
Reason: cheater Duration: 31104000 Remaining: 30897665

END
GET NOW
Client has executed command "GET NOW"

ServerControl >> VALUE NOW [0] [1] [2498]

[World] мафия    [Магистр_Сала]: "/buy 14"

Client has executed command "GET NOW"

ServerControl >> VALUE NOW [0] [1] [2501]

[Group] Knockout1Demscouts [Knockout1Demscouts]: "/kit help"

MessageAnnouncer >> Broadcast: vk.com/unturned_hgm - цены на премиум, VIP и другие услуги смотрите в группе!

MessageAnnouncer >> vk.com/unturned_hgm - цены на премиум, VIP и другие услуги смотрите в группе!

GET NOW
Client has executed command "GET NOW"

ServerControl >> VALUE NOW [0] [1] [2508]

Client has executed command "GET NOW"

ServerControl >> VALUE NOW [0] [1] [2511]

Client has executed command "players"

Players:
PlayerID: 76561198218103779 Name: Магистр_Сала Character: мафия    Ping: 164
PlayerID: 76561198424120093 Name: Knockout1Demscouts Character: Knockout1Demscouts Ping: 187

Client has executed command "bans"

Bans:
PlayerID: 76561197966773788
JudgeID: 0
Reason: 900000 Duration: 31536000 Remaining: 28017352
PlayerID: 76561198336969313
JudgeID: 0
Reason: reid Duration: 604800 Remaining: 132585
PlayerID: 76561198212486347
JudgeID: 0
Reason: reid Duration: 604800 Remaining: 132916
PlayerID: 76561198391097237
JudgeID: 0
Reason: reid Duration: 604800 Remaining: 295403
PlayerID: 76561198190667017
JudgeID: 0
Reason: cheater Duration: 31104000 Remaining: 30897630
PlayerID: 76561198374710965
JudgeID: 0
Reason: cheater Duration: 31104000 Remaining: 30897646

END
END
GET NOW
Client has executed command "GET NOW"

ServerControl >> VALUE NOW [0] [1] [2518]

Client has executed command "GET NOW"

ServerControl >> VALUE NOW [0] [1] [2521]

GET NOW
Client has executed command "GET NOW"

ServerControl >> VALUE NOW [0] [1] [2528]

[Group] Knockout1Demscouts [Knockout1Demscouts]: "/kit starter"

Client has executed command "GET NOW"

ServerControl >> VALUE NOW [0] [1] [2531]

Client has executed command "players"

Players:
PlayerID: 76561198218103779 Name: Магистр_Сала Character: мафия    Ping: 162
PlayerID: 76561198424120093 Name: Knockout1Demscouts Character: Knockout1Demscouts Ping: 187

Client has executed command "bans"

Bans:
PlayerID: 76561197966773788
JudgeID: 0
Reason: 900000 Duration: 31536000 Remaining: 28017332
PlayerID: 76561198336969313
JudgeID: 0
Reason: reid Duration: 604800 Remaining: 132565
PlayerID: 76561198212486347
JudgeID: 0
Reason: reid Duration: 604800 Remaining: 132896
PlayerID: 76561198391097237
JudgeID: 0
Reason: reid Duration: 604800 Remaining: 295383
PlayerID: 76561198190667017
JudgeID: 0
Reason: cheater Duration: 31104000 Remaining: 30897610
PlayerID: 76561198374710965
JudgeID: 0
Reason: cheater Duration: 31104000 Remaining: 30897626

END
END
GET NOW
Client has executed command "GET NOW"

ServerControl >> VALUE NOW [0] [1] [2538]

Client has executed command "GET NOW"

ServerControl >> VALUE NOW [0] [1] [2541]

[Group] Knockout1Demscouts [Knockout1Demscouts]: "/kit start"

GET NOW
Client has executed command "GET NOW"

ServerControl >> VALUE NOW [0] [1] [2548]

Client has executed command "GET NOW"

ServerControl >> VALUE NOW [0] [1] [2551]

Client has executed command "players"

Players:
PlayerID: 76561198218103779 Name: Магистр_Сала Character: мафия    Ping: 166
PlayerID: 76561198424120093 Name: Knockout1Demscouts Character: Knockout1Demscouts Ping: 207

Client has executed command "bans"

Bans:
PlayerID: 76561197966773788
JudgeID: 0
Reason: 900000 Duration: 31536000 Remaining: 28017312
PlayerID: 76561198336969313
JudgeID: 0
Reason: reid Duration: 604800 Remaining: 132545
PlayerID: 76561198212486347
JudgeID: 0
Reason: reid Duration: 604800 Remaining: 132876
PlayerID: 76561198391097237
JudgeID: 0
Reason: reid Duration: 604800 Remaining: 295363
PlayerID: 76561198190667017
JudgeID: 0
Reason: cheater Duration: 31104000 Remaining: 30897590
PlayerID: 76561198374710965
JudgeID: 0
Reason: cheater Duration: 31104000 Remaining: 30897606

END
[Group] Knockout1Demscouts [Knockout1Demscouts]: "/kit claim"

END
GET NOW
Client has executed command "GET NOW"

ServerControl >> VALUE NOW [0] [1] [2558]

Client has executed command "GET NOW"

ServerControl >> VALUE NOW [0] [1] [2561]

MessageAnnouncer >> Broadcast: Наберите /kit claim, чтобы получить Claim Flag

GET NOW
MessageAnnouncer >> Наберите /kit claim, чтобы получить Claim Flag

Client has executed command "GET NOW"
ServerControl >> VALUE NOW [0] [1] [2568]

Client has executed command "GET NOW"

ServerControl >> VALUE NOW [0] [1] [2571]

Client has executed command "players"

Players:
PlayerID: 76561198218103779 Name: Магистр_Сала Character: мафия    Ping: 162
PlayerID: 76561198424120093 Name: Knockout1Demscouts Character: Knockout1Demscouts Ping: 203

Client has executed command "bans"

Bans:
PlayerID: 76561197966773788
JudgeID: 0
Reason: 900000 Duration: 31536000 Remaining: 28017292
PlayerID: 76561198336969313
JudgeID: 0
Reason: reid Duration: 604800 Remaining: 132525
PlayerID: 76561198212486347
JudgeID: 0
Reason: reid Duration: 604800 Remaining: 132856
PlayerID: 76561198391097237
JudgeID: 0
Reason: reid Duration: 604800 Remaining: 295343
PlayerID: 76561198190667017
JudgeID: 0
Reason: cheater Duration: 31104000 Remaining: 30897570
PlayerID: 76561198374710965
JudgeID: 0
Reason: cheater Duration: 31104000 Remaining: 30897586

END
END
GET NOW
Client has executed command "GET NOW"

ServerControl >> VALUE NOW [0] [1] [2579]

Client has executed command "GET NOW"

ServerControl >> VALUE NOW [0] [1] [2581]

GET NOW
Client has executed command "GET NOW"

ServerControl >> VALUE NOW [0] [1] [2589]

Client has executed command "GET NOW"

ServerControl >> VALUE NOW [0] [1] [2591]

Client has executed command "players"

Players:
PlayerID: 76561198218103779 Name: Магистр_Сала Character: мафия    Ping: 164
PlayerID: 76561198424120093 Name: Knockout1Demscouts Character: Knockout1Demscouts Ping: 199

Client has executed command "bans"

Bans:
PlayerID: 76561197966773788
JudgeID: 0
Reason: 900000 Duration: 31536000 Remaining: 28017272
PlayerID: 76561198336969313
JudgeID: 0
Reason: reid Duration: 604800 Remaining: 132505
PlayerID: 76561198212486347
JudgeID: 0
Reason: reid Duration: 604800 Remaining: 132836
PlayerID: 76561198391097237
JudgeID: 0
Reason: reid Duration: 604800 Remaining: 295323
PlayerID: 76561198190667017
JudgeID: 0
Reason: cheater Duration: 31104000 Remaining: 30897550
PlayerID: 76561198374710965
JudgeID: 0
Reason: cheater Duration: 31104000 Remaining: 30897566

END
END
GET NOW
Client has executed command "GET NOW"

ServerControl >> VALUE NOW [0] [1] [2599]

Client has executed command "GET NOW"

ServerControl >> VALUE NOW [0] [1] [2601]

GET NOW
Client has executed command "GET NOW"

ServerControl >> VALUE NOW [0] [1] [2609]

Client has executed command "GET NOW"

ServerControl >> VALUE NOW [0] [1] [2611]

Client has executed command "players"

Players:
PlayerID: 76561198218103779 Name: Магистр_Сала Character: мафия    Ping: 347
PlayerID: 76561198424120093 Name: Knockout1Demscouts Character: Knockout1Demscouts Ping: 191

Client has executed command "bans"

Bans:
PlayerID: 76561197966773788
JudgeID: 0
Reason: 900000 Duration: 31536000 Remaining: 28017252
PlayerID: 76561198336969313
JudgeID: 0
Reason: reid Duration: 604800 Remaining: 132485
PlayerID: 76561198212486347
JudgeID: 0
Reason: reid Duration: 604800 Remaining: 132816
PlayerID: 76561198391097237
JudgeID: 0
Reason: reid Duration: 604800 Remaining: 295303
PlayerID: 76561198190667017
JudgeID: 0
Reason: cheater Duration: 31104000 Remaining: 30897530
PlayerID: 76561198374710965
JudgeID: 0
Reason: cheater Duration: 31104000 Remaining: 30897546

END
END
GET NOW
Client has executed command "GET NOW"

ServerControl >> VALUE NOW [0] [1] [2619]

Client has executed command "GET NOW"

ServerControl >> VALUE NOW [0] [1] [2621]

MessageAnnouncer >> Broadcast: Если модератор ведёт себя неподобающе, пишите в группу или ЛС (vk.com/unturned_hgm, vk.com/hemulgm)

MessageAnnouncer >> Если модератор ведёт себя неподобающе, пишите в группу или ЛС (vk.com/unturned_hgm, vk.com/hemulgm)

GET NOW
Client has executed command "GET NOW"

ServerControl >> VALUE NOW [0] [1] [2629]

Client has executed command "GET NOW"

ServerControl >> VALUE NOW [0] [1] [2631]

Client has executed command "players"

Players:
PlayerID: 76561198218103779 Name: Магистр_Сала Character: мафия    Ping: 167
PlayerID: 76561198424120093 Name: Knockout1Demscouts Character: Knockout1Demscouts Ping: 185

Client has executed command "bans"

Bans:
PlayerID: 76561197966773788
JudgeID: 0
Reason: 900000 Duration: 31536000 Remaining: 28017232
PlayerID: 76561198336969313
JudgeID: 0
Reason: reid Duration: 604800 Remaining: 132465
PlayerID: 76561198212486347
JudgeID: 0
Reason: reid Duration: 604800 Remaining: 132796
PlayerID: 76561198391097237
JudgeID: 0
Reason: reid Duration: 604800 Remaining: 295283
PlayerID: 76561198190667017
JudgeID: 0
Reason: cheater Duration: 31104000 Remaining: 30897510
PlayerID: 76561198374710965
JudgeID: 0
Reason: cheater Duration: 31104000 Remaining: 30897526

END
END
GET NOW
Client has executed command "GET NOW"

ServerControl >> VALUE NOW [0] [1] [2639]

Client has executed command "GET NOW"

ServerControl >> VALUE NOW [0] [1] [2641]

Connecting: PlayerID: 76561198127505335 Name: Micro753 Character: Micro753

Micro753 connected with IP 47.185.14.49

GET NOW
Client has executed command "GET NOW"

ServerControl >> VALUE NOW [0] [1] [2649]

Client has executed command "GET NOW"

ServerControl >> VALUE NOW [0] [1] [2651]

Client has executed command "players"

Players:
PlayerID: 76561198218103779 Name: Магистр_Сала Character: мафия    Ping: 171
PlayerID: 76561198424120093 Name: Knockout1Demscouts Character: Knockout1Demscouts Ping: 191
PlayerID: 76561198127505335 Name: Micro753 Character: Micro753 Ping: 199

Client has executed command "bans"

Bans:
PlayerID: 76561197966773788
JudgeID: 0
Reason: 900000 Duration: 31536000 Remaining: 28017212
PlayerID: 76561198336969313
JudgeID: 0
Reason: reid Duration: 604800 Remaining: 132445
PlayerID: 76561198212486347
JudgeID: 0
Reason: reid Duration: 604800 Remaining: 132776
PlayerID: 76561198391097237
JudgeID: 0
Reason: reid Duration: 604800 Remaining: 295263
PlayerID: 76561198190667017
JudgeID: 0
Reason: cheater Duration: 31104000 Remaining: 30897490
PlayerID: 76561198374710965
JudgeID: 0
Reason: cheater Duration: 31104000 Remaining: 30897506

END
END
GET NOW
Client has executed command "GET NOW"

ServerControl >> VALUE NOW [0] [1] [2659]

Client has executed command "GET NOW"

ServerControl >> VALUE NOW [0] [1] [2661]

GET NOW
Client has executed command "GET NOW"

ServerControl >> VALUE NOW [0] [1] [2669]

Client has executed command "GET NOW"

ServerControl >> VALUE NOW [0] [1] [2671]

Client has executed command "players"

Players:
PlayerID: 76561198218103779 Name: Магистр_Сала Character: мафия    Ping: 175
PlayerID: 76561198424120093 Name: Knockout1Demscouts Character: Knockout1Demscouts Ping: 191
PlayerID: 76561198127505335 Name: Micro753 Character: Micro753 Ping: 199

Client has executed command "bans"

Bans:
PlayerID: 76561197966773788
JudgeID: 0
Reason: 900000 Duration: 31536000 Remaining: 28017192
PlayerID: 76561198336969313
JudgeID: 0
Reason: reid Duration: 604800 Remaining: 132425
PlayerID: 76561198212486347
JudgeID: 0
Reason: reid Duration: 604800 Remaining: 132756
PlayerID: 76561198391097237
JudgeID: 0
Reason: reid Duration: 604800 Remaining: 295243
PlayerID: 76561198190667017
JudgeID: 0
Reason: cheater Duration: 31104000 Remaining: 30897470
PlayerID: 76561198374710965
JudgeID: 0
Reason: cheater Duration: 31104000 Remaining: 30897486

END
END
GET NOW
Client has executed command "GET NOW"

ServerControl >> VALUE NOW [0] [1] [2679]

[World] Micro753 [Micro753]: "/kits"

Client has executed command "GET NOW"

ServerControl >> VALUE NOW [0] [1] [2681]

MessageAnnouncer >> Broadcast: Посетите наш сайт. Вы будете удивлены! unturned.hemulgm.ru

MessageAnnouncer >> Посетите наш сайт. Вы будете удивлены! unturned.hemulgm.ru

GET NOW
Client has executed command "GET NOW"

ServerControl >> VALUE NOW [0] [1] [2689]

Client has executed command "cchat "/33/09/17/04/17/15/16 /24/05/17/05/08 20 /13. " 255 255 0"

ServerControl >> Broadcast: Аирдроп через 20 м.

Не обработано: ServerControl >> Broadcast: Аирдроп через 20 м.
Client has executed command "GET NOW"

ServerControl >> VALUE NOW [0] [1] [2691]

Client has executed command "players"

Players:
PlayerID: 76561198218103779 Name: Магистр_Сала Character: мафия    Ping: 166
PlayerID: 76561198424120093 Name: Knockout1Demscouts Character: Knockout1Demscouts Ping: 193
PlayerID: 76561198127505335 Name: Micro753 Character: Micro753 Ping: 201

Client has executed command "bans"

Bans:
PlayerID: 76561197966773788
JudgeID: 0
Reason: 900000 Duration: 31536000 Remaining: 28017172
PlayerID: 76561198336969313
JudgeID: 0
Reason: reid Duration: 604800 Remaining: 132405
PlayerID: 76561198212486347
JudgeID: 0
Reason: reid Duration: 604800 Remaining: 132736
PlayerID: 76561198391097237
JudgeID: 0
Reason: reid Duration: 604800 Remaining: 295223
PlayerID: 76561198190667017
JudgeID: 0
Reason: cheater Duration: 31104000 Remaining: 30897450
PlayerID: 76561198374710965
JudgeID: 0
Reason: cheater Duration: 31104000 Remaining: 30897466

END
END
GET NOW
Client has executed command "GET NOW"

ServerControl >> VALUE NOW [0] [1] [2699]

Client has executed command "GET NOW"

ServerControl >> VALUE NOW [0] [1] [2701]

Client has executed command "cchat "Knockout1Demscouts" 255 0 0"

ServerControl >> Broadcast: Knockout1Demscouts

Не обработано: ServerControl >> Broadcast: Knockout1Demscouts
GET NOW
Client has executed command "GET NOW"

ServerControl >> VALUE NOW [0] [1] [2709]

Client has executed command "cchat "type ./kit hgm1" 255 0 0"

ServerControl >> Broadcast: type ./kit hgm1

Не обработано: ServerControl >> Broadcast: type ./kit hgm1
Client has executed command "GET NOW"

ServerControl >> VALUE NOW [0] [1] [2711]

Client has executed command "players"

Players:
PlayerID: 76561198218103779 Name: Магистр_Сала Character: мафия    Ping: 167
PlayerID: 76561198424120093 Name: Knockout1Demscouts Character: Knockout1Demscouts Ping: 197
PlayerID: 76561198127505335 Name: Micro753 Character: Micro753 Ping: 199

Client has executed command "bans"

Bans:
PlayerID: 76561197966773788
JudgeID: 0
Reason: 900000 Duration: 31536000 Remaining: 28017152
PlayerID: 76561198336969313
JudgeID: 0
Reason: reid Duration: 604800 Remaining: 132385
PlayerID: 76561198212486347
JudgeID: 0
Reason: reid Duration: 604800 Remaining: 132716
PlayerID: 76561198391097237
JudgeID: 0
Reason: reid Duration: 604800 Remaining: 295203
PlayerID: 76561198190667017
JudgeID: 0
Reason: cheater Duration: 31104000 Remaining: 30897430
PlayerID: 76561198374710965
JudgeID: 0
Reason: cheater Duration: 31104000 Remaining: 30897446

END
END
GET NOW
Client has executed command "GET NOW"

ServerControl >> VALUE NOW [0] [1] [2719]

Client has executed command "GET NOW"

ServerControl >> VALUE NOW [0] [1] [2721]

GET NOW
Client has executed command "GET NOW"

ServerControl >> VALUE NOW [0] [1] [2729]

[World] Micro753 [Micro753]: "/kit hmg1"

Client has executed command "GET NOW"

ServerControl >> VALUE NOW [0] [1] [2731]

Client has executed command "players"

Players:
PlayerID: 76561198218103779 Name: Магистр_Сала Character: мафия    Ping: 156
PlayerID: 76561198424120093 Name: Knockout1Demscouts Character: Knockout1Demscouts Ping: 187
PlayerID: 76561198127505335 Name: Micro753 Character: Micro753 Ping: 197

Client has executed command "bans"

Bans:
PlayerID: 76561197966773788
JudgeID: 0
Reason: 900000 Duration: 31536000 Remaining: 28017132
PlayerID: 76561198336969313
JudgeID: 0
Reason: reid Duration: 604800 Remaining: 132365
PlayerID: 76561198212486347
JudgeID: 0
Reason: reid Duration: 604800 Remaining: 132696
PlayerID: 76561198391097237
JudgeID: 0
Reason: reid Duration: 604800 Remaining: 295183
PlayerID: 76561198190667017
JudgeID: 0
Reason: cheater Duration: 31104000 Remaining: 30897410
PlayerID: 76561198374710965
JudgeID: 0
Reason: cheater Duration: 31104000 Remaining: 30897426

END
[World] Micro753 [Micro753]: "/balance"

END
GET NOW
Client has executed command "GET NOW"

ServerControl >> VALUE NOW [0] [1] [2739]

Client has executed command "GET NOW"

ServerControl >> VALUE NOW [0] [1] [2741]

MessageAnnouncer >> Broadcast: vk.com/hemulgm - ЕДИНСТВЕННЫЙ администратор сервера

MessageAnnouncer >> vk.com/hemulgm - ЕДИНСТВЕННЫЙ администратор сервера

GET NOW
Client has executed command "GET NOW"

ServerControl >> VALUE NOW [0] [1] [2749]

Client has executed command "GET NOW"

ServerControl >> VALUE NOW [0] [1] [2751]

Client has executed command "players"

Players:
PlayerID: 76561198218103779 Name: Магистр_Сала Character: мафия    Ping: 169
PlayerID: 76561198424120093 Name: Knockout1Demscouts Character: Knockout1Demscouts Ping: 189
PlayerID: 76561198127505335 Name: Micro753 Character: Micro753 Ping: 201

Client has executed command "bans"

Bans:
PlayerID: 76561197966773788
JudgeID: 0
Reason: 900000 Duration: 31536000 Remaining: 28017112
PlayerID: 76561198336969313
JudgeID: 0
Reason: reid Duration: 604800 Remaining: 132345
PlayerID: 76561198212486347
JudgeID: 0
Reason: reid Duration: 604800 Remaining: 132676
PlayerID: 76561198391097237
JudgeID: 0
Reason: reid Duration: 604800 Remaining: 295163
PlayerID: 76561198190667017
JudgeID: 0
Reason: cheater Duration: 31104000 Remaining: 30897390
PlayerID: 76561198374710965
JudgeID: 0
Reason: cheater Duration: 31104000 Remaining: 30897406

END
END
GET NOW
Client has executed command "GET NOW"

ServerControl >> VALUE NOW [0] [1] [2759]

Client has executed command "GET NOW"

ServerControl >> VALUE NOW [0] [1] [2761]

GET NOW
Client has executed command "GET NOW"

ServerControl >> VALUE NOW [0] [1] [2769]

Client has executed command "GET NOW"

ServerControl >> VALUE NOW [0] [1] [2771]

Client has executed command "players"

Players:
PlayerID: 76561198218103779 Name: Магистр_Сала Character: мафия    Ping: 162
PlayerID: 76561198424120093 Name: Knockout1Demscouts Character: Knockout1Demscouts Ping: 189
PlayerID: 76561198127505335 Name: Micro753 Character: Micro753 Ping: 201

Client has executed command "bans"

Bans:
PlayerID: 76561197966773788
JudgeID: 0
Reason: 900000 Duration: 31536000 Remaining: 28017092
PlayerID: 76561198336969313
JudgeID: 0
Reason: reid Duration: 604800 Remaining: 132325
PlayerID: 76561198212486347
JudgeID: 0
Reason: reid Duration: 604800 Remaining: 132656
PlayerID: 76561198391097237
JudgeID: 0
Reason: reid Duration: 604800 Remaining: 295143
PlayerID: 76561198190667017
JudgeID: 0
Reason: cheater Duration: 31104000 Remaining: 30897370
PlayerID: 76561198374710965
JudgeID: 0
Reason: cheater Duration: 31104000 Remaining: 30897386

END
[Group] Knockout1Demscouts [Knockout1Demscouts]: "/kits"

END
GET NOW
Client has executed command "GET NOW"

ServerControl >> VALUE NOW [0] [1] [2779]

Client has executed command "GET NOW"

ServerControl >> VALUE NOW [0] [1] [2781]

GET NOW
Client has executed command "GET NOW"

ServerControl >> VALUE NOW [0] [1] [2789]

Client has executed command "GET NOW"

ServerControl >> VALUE NOW [0] [1] [2791]

Client has executed command "players"

Players:
PlayerID: 76561198218103779 Name: Магистр_Сала Character: мафия    Ping: 162
PlayerID: 76561198424120093 Name: Knockout1Demscouts Character: Knockout1Demscouts Ping: 189
PlayerID: 76561198127505335 Name: Micro753 Character: Micro753 Ping: 205

Client has executed command "bans"

Bans:
PlayerID: 76561197966773788
JudgeID: 0
Reason: 900000 Duration: 31536000 Remaining: 28017072
PlayerID: 76561198336969313
JudgeID: 0
Reason: reid Duration: 604800 Remaining: 132305
PlayerID: 76561198212486347
JudgeID: 0
Reason: reid Duration: 604800 Remaining: 132636
PlayerID: 76561198391097237
JudgeID: 0
Reason: reid Duration: 604800 Remaining: 295123
PlayerID: 76561198190667017
JudgeID: 0
Reason: cheater Duration: 31104000 Remaining: 30897350
PlayerID: 76561198374710965
JudgeID: 0
Reason: cheater Duration: 31104000 Remaining: 30897366

END
Broadcast: [ZOMBIE] Micro753 был съеден зомби! 

Не обработано: Broadcast: [ZOMBIE] Micro753 был съеден зомби! 
Micro753 [Micro753] was mauled by a zombie!

Не обработано: Micro753 [Micro753] was mauled by a zombie!
END
GET NOW
Client has executed command "GET NOW"

ServerControl >> VALUE NOW [0] [1] [2799]

Micro753 moved x:-720.9009 y:59.51276(+20.81248) z:150.1289 in the last second (1.003479)

Не обработано: Micro753 moved x:-720.9009 y:59.51276(+20.81248) z:150.1289 in the last second (1.003479)
Client has executed command "GET NOW"

ServerControl >> VALUE NOW [0] [1] [2801]

MessageAnnouncer >> Broadcast: Используйте /report [ник], чтобы отправить жалобу на игрока

MessageAnnouncer >> Используйте /report [ник], чтобы отправить жалобу на игрока

GET NOW
Client has executed command "GET NOW"

ServerControl >> VALUE NOW [0] [1] [2809]

Client has executed command "GET NOW"

ServerControl >> VALUE NOW [0] [1] [2811]

Client has executed command "players"

Players:
PlayerID: 76561198218103779 Name: Магистр_Сала Character: мафия    Ping: 169
PlayerID: 76561198424120093 Name: Knockout1Demscouts Character: Knockout1Demscouts Ping: 189
PlayerID: 76561198127505335 Name: Micro753 Character: Micro753 Ping: 195

Disconnecting: PlayerID: 76561198127505335 Name: Micro753 Character: Micro753

END
Client has executed command "bans"

Bans:
PlayerID: 76561197966773788
JudgeID: 0
Reason: 900000 Duration: 31536000 Remaining: 28017052
PlayerID: 76561198336969313
JudgeID: 0
Reason: reid Duration: 604800 Remaining: 132285
PlayerID: 76561198212486347
JudgeID: 0
Reason: reid Duration: 604800 Remaining: 132616
PlayerID: 76561198391097237
JudgeID: 0
Reason: reid Duration: 604800 Remaining: 295103
PlayerID: 76561198190667017
JudgeID: 0
Reason: cheater Duration: 31104000 Remaining: 30897330
PlayerID: 76561198374710965
JudgeID: 0
Reason: cheater Duration: 31104000 Remaining: 30897346

END
GET NOW
Client has executed command "GET NOW"

ServerControl >> VALUE NOW [0] [1] [2819]

Client has executed command "cchat "Knockout1Demscouts, type ./hgm1" 255 0 0"

ServerControl >> Broadcast: Knockout1Demscouts, type ./hgm1

Не обработано: ServerControl >> Broadcast: Knockout1Demscouts, type ./hgm1
Client has executed command "GET NOW"

ServerControl >> VALUE NOW [0] [1] [2821]

Client has executed command "cchat "./kit hgm1" 255 0 0"

ServerControl >> Broadcast: ./kit hgm1

Не обработано: ServerControl >> Broadcast: ./kit hgm1
Disconnecting: PlayerID: 76561198218103779 Name: Магистр_Сала Character: мафия   

GET NOW
Client has executed command "GET NOW"

ServerControl >> VALUE NOW [0] [1] [2829]

Client has executed command "GET NOW"

ServerControl >> VALUE NOW [0] [1] [2831]

Client has executed command "players"

Players:
PlayerID: 76561198424120093 Name: Knockout1Demscouts Character: Knockout1Demscouts Ping: 201

Client has executed command "bans"

Bans:
PlayerID: 76561197966773788
JudgeID: 0
Reason: 900000 Duration: 31536000 Remaining: 28017032
PlayerID: 76561198336969313
JudgeID: 0
Reason: reid Duration: 604800 Remaining: 132265
PlayerID: 76561198212486347
JudgeID: 0
Reason: reid Duration: 604800 Remaining: 132596
PlayerID: 76561198391097237
JudgeID: 0
Reason: reid Duration: 604800 Remaining: 295083
PlayerID: 76561198190667017
JudgeID: 0
Reason: cheater Duration: 31104000 Remaining: 30897310
PlayerID: 76561198374710965
JudgeID: 0
Reason: cheater Duration: 31104000 Remaining: 30897326

END
END
GET NOW
Client has executed command "GET NOW"

ServerControl >> VALUE NOW [0] [1] [2839]

Client has executed command "GET NOW"

ServerControl >> VALUE NOW [0] [1] [2841]

GET NOW
Client has executed command "GET NOW"

ServerControl >> VALUE NOW [0] [1] [2849]

Client has executed command "GET NOW"
ServerControl >> VALUE NOW [0] [1] [2851]

Client has executed command "players"

Players:
PlayerID: 76561198424120093 Name: Knockout1Demscouts Character: Knockout1Demscouts Ping: 189

Client has executed command "bans"

Bans:
PlayerID: 76561197966773788
JudgeID: 0
Reason: 900000 Duration: 31536000 Remaining: 28017012
PlayerID: 76561198336969313
JudgeID: 0
Reason: reid Duration: 604800 Remaining: 132245
PlayerID: 76561198212486347
JudgeID: 0
Reason: reid Duration: 604800 Remaining: 132576
PlayerID: 76561198391097237
JudgeID: 0
Reason: reid Duration: 604800 Remaining: 295063
PlayerID: 76561198190667017
JudgeID: 0
Reason: cheater Duration: 31104000 Remaining: 30897290
PlayerID: 76561198374710965
JudgeID: 0
Reason: cheater Duration: 31104000 Remaining: 30897306

END
END
GET NOW
Client has executed command "GET NOW"

ServerControl >> VALUE NOW [0] [1] [2859]

Client has executed command "GET NOW"

ServerControl >> VALUE NOW [0] [1] [2861]

MessageAnnouncer >> Broadcast: Наберите /rules (/r) для просмотра правил

MessageAnnouncer >> Наберите /rules (/r) для просмотра правил

GET NOW
Client has executed command "GET NOW"

ServerControl >> VALUE NOW [0] [1] [2869]

Client has executed command "GET NOW"

ServerControl >> VALUE NOW [0] [1] [2871]

Client has executed command "players"

Players:
PlayerID: 76561198424120093 Name: Knockout1Demscouts Character: Knockout1Demscouts Ping: 187

Client has executed command "bans"

Bans:
PlayerID: 76561197966773788
JudgeID: 0
Reason: 900000 Duration: 31536000 Remaining: 28016992
PlayerID: 76561198336969313
JudgeID: 0
Reason: reid Duration: 604800 Remaining: 132225
PlayerID: 76561198212486347
JudgeID: 0
Reason: reid Duration: 604800 Remaining: 132556
PlayerID: 76561198391097237
JudgeID: 0
Reason: reid Duration: 604800 Remaining: 295043
PlayerID: 76561198190667017
JudgeID: 0
Reason: cheater Duration: 31104000 Remaining: 30897270
PlayerID: 76561198374710965
JudgeID: 0
Reason: cheater Duration: 31104000 Remaining: 30897286

END
END
GET NOW
Client has executed command "GET NOW"

ServerControl >> VALUE NOW [0] [1] [2879]

Client has executed command "GET NOW"

ServerControl >> VALUE NOW [0] [1] [2881]

GET NOW
Client has executed command "GET NOW"

ServerControl >> VALUE NOW [0] [1] [2889]

Client has executed command "GET NOW"

ServerControl >> VALUE NOW [0] [1] [2891]

Client has executed command "players"

Players:
PlayerID: 76561198424120093 Name: Knockout1Demscouts Character: Knockout1Demscouts Ping: 187

Client has executed command "bans"

Bans:
PlayerID: 76561197966773788
JudgeID: 0
Reason: 900000 Duration: 31536000 Remaining: 28016972
PlayerID: 76561198336969313
JudgeID: 0
Reason: reid Duration: 604800 Remaining: 132205
PlayerID: 76561198212486347
JudgeID: 0
Reason: reid Duration: 604800 Remaining: 132536
PlayerID: 76561198391097237
JudgeID: 0
Reason: reid Duration: 604800 Remaining: 295023
PlayerID: 76561198190667017
JudgeID: 0
Reason: cheater Duration: 31104000 Remaining: 30897250
PlayerID: 76561198374710965
JudgeID: 0
Reason: cheater Duration: 31104000 Remaining: 30897266

END
END
GET NOW
Client has executed command "GET NOW"

ServerControl >> VALUE NOW [0] [1] [2899]

Client has executed command "GET NOW"

ServerControl >> VALUE NOW [0] [1] [2901]

GET NOW
Client has executed command "GET NOW"

ServerControl >> VALUE NOW [0] [1] [2910]

Client has executed command "GET NOW"

ServerControl >> VALUE NOW [0] [1] [2911]

Client has executed command "players"

Players:
PlayerID: 76561198424120093 Name: Knockout1Demscouts Character: Knockout1Demscouts Ping: 201

Client has executed command "bans"

Bans:
PlayerID: 76561197966773788
JudgeID: 0
Reason: 900000 Duration: 31536000 Remaining: 28016952
PlayerID: 76561198336969313
JudgeID: 0
Reason: reid Duration: 604800 Remaining: 132185
PlayerID: 76561198212486347
JudgeID: 0
Reason: reid Duration: 604800 Remaining: 132516
PlayerID: 76561198391097237
JudgeID: 0
Reason: reid Duration: 604800 Remaining: 295003
PlayerID: 76561198190667017
JudgeID: 0
Reason: cheater Duration: 31104000 Remaining: 30897230
PlayerID: 76561198374710965
JudgeID: 0
Reason: cheater Duration: 31104000 Remaining: 30897246

END
END
GET NOW
Client has executed command "GET NOW"

ServerControl >> VALUE NOW [0] [1] [2920]

Client has executed command "GET NOW"

ServerControl >> VALUE NOW [0] [1] [2921]

MessageAnnouncer >> Broadcast: Добро пожаловать на HGM. Тут рады вам больше, чем на любом другом сервере!

MessageAnnouncer >> Добро пожаловать на HGM. Тут рады вам больше, чем на любом другом сервере!

GET NOW
Client has executed command "GET NOW"

ServerControl >> VALUE NOW [0] [1] [2930]

Client has executed command "GET NOW"

ServerControl >> VALUE NOW [0] [1] [2931]

Client has executed command "players"

Players:
PlayerID: 76561198424120093 Name: Knockout1Demscouts Character: Knockout1Demscouts Ping: 187

Client has executed command "cchat "Knockout1Demscouts, write kit hgm1" 255 0 0"

ServerControl >> Broadcast: Knockout1Demscouts, write kit hgm1

Не обработано: ServerControl >> Broadcast: Knockout1Demscouts, write kit hgm1
Client has executed command "bans"

Bans:
PlayerID: 76561197966773788
JudgeID: 0
Reason: 900000 Duration: 31536000 Remaining: 28016931
PlayerID: 76561198336969313
JudgeID: 0
Reason: reid Duration: 604800 Remaining: 132164
PlayerID: 76561198212486347
JudgeID: 0
Reason: reid Duration: 604800 Remaining: 132495
PlayerID: 76561198391097237
JudgeID: 0
Reason: reid Duration: 604800 Remaining: 294982
PlayerID: 76561198190667017
JudgeID: 0
Reason: cheater Duration: 31104000 Remaining: 30897209
PlayerID: 76561198374710965
JudgeID: 0
Reason: cheater Duration: 31104000 Remaining: 30897225

END
END
GET NOW
Client has executed command "GET NOW"

ServerControl >> VALUE NOW [0] [1] [2940]

Client has executed command "GET NOW"

ServerControl >> VALUE NOW [0] [1] [2941]

GET NOW
Client has executed command "GET NOW"

ServerControl >> VALUE NOW [0] [1] [2950]

Client has executed command "GET NOW"

ServerControl >> VALUE NOW [0] [1] [2951]

Client has executed command "players"

Players:
PlayerID: 76561198424120093 Name: Knockout1Demscouts Character: Knockout1Demscouts Ping: 193

Client has executed command "bans"

Bans:
PlayerID: 76561197966773788
JudgeID: 0
Reason: 900000 Duration: 31536000 Remaining: 28016912
PlayerID: 76561198336969313
JudgeID: 0
Reason: reid Duration: 604800 Remaining: 132145
PlayerID: 76561198212486347
JudgeID: 0
Reason: reid Duration: 604800 Remaining: 132476
PlayerID: 76561198391097237
JudgeID: 0
Reason: reid Duration: 604800 Remaining: 294963
PlayerID: 76561198190667017
JudgeID: 0
Reason: cheater Duration: 31104000 Remaining: 30897190
PlayerID: 76561198374710965
JudgeID: 0
Reason: cheater Duration: 31104000 Remaining: 30897206

END
END
GET NOW
Client has executed command "GET NOW"

ServerControl >> VALUE NOW [0] [1] [2960]

Client has executed command "GET NOW"

ServerControl >> VALUE NOW [0] [1] [2961]

GET NOW
Client has executed command "GET NOW"

ServerControl >> VALUE NOW [0] [1] [2970]

Client has executed command "GET NOW"

ServerControl >> VALUE NOW [0] [1] [2971]

