17.11.2017 15:29:11: RocketRcon v2.4.8.0

17.11.2017 15:29:13: Client has executed command "players"
Players:
PlayerID: 76561198234232440 Name: FuSian Character: Fusian Ping: 65
PlayerID: 76561198170498361 Name: _Nick_Hunter_ Character: Nick_Hunter[RUS] Ping: 128
PlayerID: 76561198349888524 Name: Takeo Masaki Loot.farm cs.money Character: hotdog Ping: 27
PlayerID: 76561198408019916 Name: slava.fan555 Character: Славик Cухоруков Ping: 0

17.11.2017 15:29:14: Client has executed command "bans"
Bans:
PlayerID: 76561197966773788
JudgeID: 0
Reason: 900000 Duration: 31536000 Remaining: 28514624
PlayerID: 76561198395511982
JudgeID: 0
Reason: 999999 Duration: 31536000 Remaining: 30069376
PlayerID: 76561198331180787
JudgeID: 76561198151655003
Reason: unspecified Duration: 31536000 Remaining: 30417594
PlayerID: 76561198172502147
JudgeID: 76561198237123262
Reason: 3600 Duration: 31536000 Remaining: 30420988
PlayerID: 76561198331252339
JudgeID: 76561198151655003
Reason: unspecified Duration: 31536000 Remaining: 30433321
PlayerID: 76561198434258763
JudgeID: 0
Reason: reid Duration: 608400 Remaining: 199868

17.11.2017 15:29:14: END
17.11.2017 15:29:14: Client has executed command "bans"

17.11.2017 15:29:16: Bans:
PlayerID: 76561197966773788
JudgeID: 0
Reason: 900000 Duration: 31536000 Remaining: 28514623
PlayerID: 76561198395511982
JudgeID: 0
Reason: 999999 Duration: 31536000 Remaining: 30069375
PlayerID: 76561198331180787
JudgeID: 76561198151655003
Reason: unspecified Duration: 31536000 Remaining: 30417593
PlayerID: 76561198172502147
JudgeID: 76561198237123262
Reason: 3600 Duration: 31536000 Remaining: 30420987
PlayerID: 76561198331252339
JudgeID: 76561198151655003
Reason: unspecified Duration: 31536000 Remaining: 30433320
PlayerID: 76561198434258763
JudgeID: 0
Reason: reid Duration: 608400 Remaining: 199867

17.11.2017 15:29:16: END
17.11.2017 15:29:17: END
17.11.2017 15:29:18: Client has executed command "players"

17.11.2017 15:29:18: Players:
PlayerID: 76561198234232440 Name: FuSian Character: Fusian Ping: 74
PlayerID: 76561198170498361 Name: _Nick_Hunter_ Character: Nick_Hunter[RUS] Ping: 126
PlayerID: 76561198349888524 Name: Takeo Masaki Loot.farm cs.money Character: hotdog Ping: 26
PlayerID: 76561198408019916 Name: slava.fan555 Character: Славик Cухоруков Ping: 403

17.11.2017 15:29:19: Client has executed command "bans"

17.11.2017 15:29:19: Bans:
PlayerID: 76561197966773788
JudgeID: 0
Reason: 900000 Duration: 31536000 Remaining: 28514618
PlayerID: 76561198395511982
JudgeID: 0
Reason: 999999 Duration: 31536000 Remaining: 30069370
PlayerID: 76561198331180787
JudgeID: 76561198151655003
Reason: unspecified Duration: 31536000 Remaining: 30417588
PlayerID: 76561198172502147
JudgeID: 76561198237123262
Reason: 3600 Duration: 31536000 Remaining: 30420982
PlayerID: 76561198331252339
JudgeID: 76561198151655003
Reason: unspecified Duration: 31536000 Remaining: 30433315
PlayerID: 76561198434258763
JudgeID: 0
Reason: reid Duration: 608400 Remaining: 199862

17.11.2017 15:29:19: END
17.11.2017 15:29:19: Client has executed command "bans"

17.11.2017 15:29:19: Bans:
PlayerID: 76561197966773788
JudgeID: 0
Reason: 900000 Duration: 31536000 Remaining: 28514618
PlayerID: 76561198395511982
JudgeID: 0
Reason: 999999 Duration: 31536000 Remaining: 30069370
PlayerID: 76561198331180787
JudgeID: 76561198151655003
Reason: unspecified Duration: 31536000 Remaining: 30417588
PlayerID: 76561198172502147
JudgeID: 76561198237123262
Reason: 3600 Duration: 31536000 Remaining: 30420982
PlayerID: 76561198331252339
JudgeID: 76561198151655003
Reason: unspecified Duration: 31536000 Remaining: 30433315
PlayerID: 76561198434258763
JudgeID: 0
Reason: reid Duration: 608400 Remaining: 199862

17.11.2017 15:29:19: END
17.11.2017 15:29:21: END
17.11.2017 15:29:30: MessageAnnouncer >> Broadcast: Посетите наш сайт. Вы будете удивлены! unturned.hemulgm.ru

17.11.2017 15:29:30: MessageAnnouncer >> Посетите наш сайт. Вы будете удивлены! unturned.hemulgm.ru

17.11.2017 15:29:38: Client has executed command "players"

17.11.2017 15:29:38: Players:
PlayerID: 76561198234232440 Name: FuSian Character: Fusian Ping: 75
PlayerID: 76561198170498361 Name: _Nick_Hunter_ Character: Nick_Hunter[RUS] Ping: 126
PlayerID: 76561198349888524 Name: Takeo Masaki Loot.farm cs.money Character: hotdog Ping: 27
PlayerID: 76561198408019916 Name: slava.fan555 Character: Славик Cухоруков Ping: 91

17.11.2017 15:29:39: Client has executed command "bans"

17.11.2017 15:29:39: Bans:
PlayerID: 76561197966773788
JudgeID: 0
Reason: 900000 Duration: 31536000 Remaining: 28514598
PlayerID: 76561198395511982
JudgeID: 0
Reason: 999999 Duration: 31536000 Remaining: 30069350
PlayerID: 76561198331180787
JudgeID: 76561198151655003
Reason: unspecified Duration: 31536000 Remaining: 30417568
PlayerID: 76561198172502147
JudgeID: 76561198237123262
Reason: 3600 Duration: 31536000 Remaining: 30420962
PlayerID: 76561198331252339
JudgeID: 76561198151655003
Reason: unspecified Duration: 31536000 Remaining: 30433295
PlayerID: 76561198434258763
JudgeID: 0
Reason: reid Duration: 608400 Remaining: 199842

17.11.2017 15:29:39: END
17.11.2017 15:29:39: Client has executed command "bans"

17.11.2017 15:29:39: Bans:
PlayerID: 76561197966773788
JudgeID: 0
Reason: 900000 Duration: 31536000 Remaining: 28514598
PlayerID: 76561198395511982
JudgeID: 0
Reason: 999999 Duration: 31536000 Remaining: 30069350
PlayerID: 76561198331180787
JudgeID: 76561198151655003
Reason: unspecified Duration: 31536000 Remaining: 30417568
PlayerID: 76561198172502147
JudgeID: 76561198237123262
Reason: 3600 Duration: 31536000 Remaining: 30420962
PlayerID: 76561198331252339
JudgeID: 76561198151655003
Reason: unspecified Duration: 31536000 Remaining: 30433295
PlayerID: 76561198434258763
JudgeID: 0
Reason: reid Duration: 608400 Remaining: 199842

17.11.2017 15:29:39: END
17.11.2017 15:29:41: END
17.11.2017 15:29:51: Client has executed command "cchat "/44/15/03/15-/14/09/01/20/04/29 /11/20/04/00-/14/09/01/20/04/29 /19/16?" 255 0 0"

17.11.2017 15:29:51: ServerControl >> Broadcast: Кого-нибудь куда-нибудь тп?

17.11.2017 15:29:51: Не обработано: ServerControl >> Broadcast: Кого-нибудь куда-нибудь тп?
17.11.2017 15:29:58: Client has executed command "players"

17.11.2017 15:29:58: Players:
PlayerID: 76561198234232440 Name: FuSian Character: Fusian Ping: 61
PlayerID: 76561198170498361 Name: _Nick_Hunter_ Character: Nick_Hunter[RUS] Ping: 120
PlayerID: 76561198349888524 Name: Takeo Masaki Loot.farm cs.money Character: hotdog Ping: 35
PlayerID: 76561198408019916 Name: slava.fan555 Character: Славик Cухоруков Ping: 93

17.11.2017 15:29:59: Client has executed command "bans"

17.11.2017 15:29:59: Bans:
PlayerID: 76561197966773788
JudgeID: 0
Reason: 900000 Duration: 31536000 Remaining: 28514578
PlayerID: 76561198395511982
JudgeID: 0
Reason: 999999 Duration: 31536000 Remaining: 30069330
PlayerID: 76561198331180787
JudgeID: 76561198151655003
Reason: unspecified Duration: 31536000 Remaining: 30417548
PlayerID: 76561198172502147
JudgeID: 76561198237123262
Reason: 3600 Duration: 31536000 Remaining: 30420942
PlayerID: 76561198331252339
JudgeID: 76561198151655003
Reason: unspecified Duration: 31536000 Remaining: 30433275
PlayerID: 76561198434258763
JudgeID: 0
Reason: reid Duration: 608400 Remaining: 199822

17.11.2017 15:29:59: END
17.11.2017 15:29:59: Client has executed command "bans"

17.11.2017 15:29:59: Bans:
PlayerID: 76561197966773788
JudgeID: 0
Reason: 900000 Duration: 31536000 Remaining: 28514578
PlayerID: 76561198395511982
JudgeID: 0
Reason: 999999 Duration: 31536000 Remaining: 30069330
PlayerID: 76561198331180787
JudgeID: 76561198151655003
Reason: unspecified Duration: 31536000 Remaining: 30417548
PlayerID: 76561198172502147
JudgeID: 76561198237123262
Reason: 3600 Duration: 31536000 Remaining: 30420942
PlayerID: 76561198331252339
JudgeID: 76561198151655003
Reason: unspecified Duration: 31536000 Remaining: 30433275
PlayerID: 76561198434258763
JudgeID: 0
Reason: reid Duration: 608400 Remaining: 199822

17.11.2017 15:29:59: END
17.11.2017 15:30:01: END
17.11.2017 15:30:10: [World] Nick_Hunter[RUS] [_Nick_Hunter_]: "/kit start"

17.11.2017 15:30:18: Client has executed command "players"

17.11.2017 15:30:18: Players:
PlayerID: 76561198234232440 Name: FuSian Character: Fusian Ping: 60
PlayerID: 76561198170498361 Name: _Nick_Hunter_ Character: Nick_Hunter[RUS] Ping: 138
PlayerID: 76561198349888524 Name: Takeo Masaki Loot.farm cs.money Character: hotdog Ping: 31
PlayerID: 76561198408019916 Name: slava.fan555 Character: Славик Cухоруков Ping: 82

17.11.2017 15:30:19: Client has executed command "bans"

17.11.2017 15:30:19: Bans:
PlayerID: 76561197966773788
JudgeID: 0
Reason: 900000 Duration: 31536000 Remaining: 28514558
PlayerID: 76561198395511982
JudgeID: 0
Reason: 999999 Duration: 31536000 Remaining: 30069310
PlayerID: 76561198331180787
JudgeID: 76561198151655003
Reason: unspecified Duration: 31536000 Remaining: 30417528
PlayerID: 76561198172502147
JudgeID: 76561198237123262
Reason: 3600 Duration: 31536000 Remaining: 30420922
PlayerID: 76561198331252339
JudgeID: 76561198151655003
Reason: unspecified Duration: 31536000 Remaining: 30433255
PlayerID: 76561198434258763
JudgeID: 0
Reason: reid Duration: 608400 Remaining: 199802

17.11.2017 15:30:19: END
17.11.2017 15:30:19: Client has executed command "bans"

17.11.2017 15:30:19: Bans:
PlayerID: 76561197966773788
JudgeID: 0
Reason: 900000 Duration: 31536000 Remaining: 28514558
PlayerID: 76561198395511982
JudgeID: 0
Reason: 999999 Duration: 31536000 Remaining: 30069310
PlayerID: 76561198331180787
JudgeID: 76561198151655003
Reason: unspecified Duration: 31536000 Remaining: 30417528
PlayerID: 76561198172502147
JudgeID: 76561198237123262
Reason: 3600 Duration: 31536000 Remaining: 30420922
PlayerID: 76561198331252339
JudgeID: 76561198151655003
Reason: unspecified Duration: 31536000 Remaining: 30433255
PlayerID: 76561198434258763
JudgeID: 0
Reason: reid Duration: 608400 Remaining: 199802

17.11.2017 15:30:19: END
17.11.2017 15:30:21: Client has executed command "cchat "/33/09/17/04/17/15/16 /24/05/17/05/08 30 /13. " 255 255 0"

17.11.2017 15:30:21: ServerControl >> Broadcast: Аирдроп через 30 м.

17.11.2017 15:30:21: Не обработано: ServerControl >> Broadcast: Аирдроп через 30 м.
17.11.2017 15:30:22: END
17.11.2017 15:30:24: Client has executed command "cchat "/47/20 /16/07" 255 0 0"

17.11.2017 15:30:24: ServerControl >> Broadcast: Ну пж

17.11.2017 15:30:24: Не обработано: ServerControl >> Broadcast: Ну пж
17.11.2017 15:30:26: [World] hotdog [Takeo Masaki Loot.farm cs.money]: "нет спасибо"

17.11.2017 15:30:27: Client has executed command "cchat "/44/15/03/15-/14/09/01/20/04/29 /11/20/04/00-/14/09/01/20/04/29 /19/16?" 255 0 0"

17.11.2017 15:30:27: ServerControl >> Broadcast: Кого-нибудь куда-нибудь тп?

17.11.2017 15:30:27: Не обработано: ServerControl >> Broadcast: Кого-нибудь куда-нибудь тп?
17.11.2017 15:30:30: MessageAnnouncer >> Broadcast: Наберите /kit help, чтобы получить первую мед. помощь (бинты, таблетки, еда)

17.11.2017 15:30:30: MessageAnnouncer >> Наберите /kit help, чтобы получить первую мед. помощь (бинты, таблетки, еда)

17.11.2017 15:30:36: Client has executed command "cchat "/46/14/05 /19/15/12/29/11/15 /16/17/15/02/05/17/09/19/29" 255 0 0"

17.11.2017 15:30:36: ServerControl >> Broadcast: Мне только проверить

17.11.2017 15:30:36: Не обработано: ServerControl >> Broadcast: Мне только проверить
17.11.2017 15:30:38: Client has executed command "players"

17.11.2017 15:30:38: Players:
PlayerID: 76561198234232440 Name: FuSian Character: Fusian Ping: 62
PlayerID: 76561198170498361 Name: _Nick_Hunter_ Character: Nick_Hunter[RUS] Ping: 131
PlayerID: 76561198349888524 Name: Takeo Masaki Loot.farm cs.money Character: hotdog Ping: 35
PlayerID: 76561198408019916 Name: slava.fan555 Character: Славик Cухоруков Ping: 76

17.11.2017 15:30:39: Client has executed command "bans"

17.11.2017 15:30:39: Bans:
PlayerID: 76561197966773788
JudgeID: 0
Reason: 900000 Duration: 31536000 Remaining: 28514538
PlayerID: 76561198395511982
JudgeID: 0
Reason: 999999 Duration: 31536000 Remaining: 30069290
PlayerID: 76561198331180787
JudgeID: 76561198151655003
Reason: unspecified Duration: 31536000 Remaining: 30417508
PlayerID: 76561198172502147
JudgeID: 76561198237123262
Reason: 3600 Duration: 31536000 Remaining: 30420902
PlayerID: 76561198331252339
JudgeID: 76561198151655003
Reason: unspecified Duration: 31536000 Remaining: 30433235
PlayerID: 76561198434258763
JudgeID: 0
Reason: reid Duration: 608400 Remaining: 199782

17.11.2017 15:30:39: END
17.11.2017 15:30:39: Client has executed command "bans"

17.11.2017 15:30:39: Bans:
PlayerID: 76561197966773788
JudgeID: 0
Reason: 900000 Duration: 31536000 Remaining: 28514538
PlayerID: 76561198395511982
JudgeID: 0
Reason: 999999 Duration: 31536000 Remaining: 30069290
PlayerID: 76561198331180787
JudgeID: 76561198151655003
Reason: unspecified Duration: 31536000 Remaining: 30417508
PlayerID: 76561198172502147
JudgeID: 76561198237123262
Reason: 3600 Duration: 31536000 Remaining: 30420902
PlayerID: 76561198331252339
JudgeID: 76561198151655003
Reason: unspecified Duration: 31536000 Remaining: 30433235
PlayerID: 76561198434258763
JudgeID: 0
Reason: reid Duration: 608400 Remaining: 199782

17.11.2017 15:30:39: END
17.11.2017 15:30:41: END
17.11.2017 15:30:50: VehicleEvents >> Broadcast: Брошенный транспорт 'Фиолетовый гоночный автомобиль' в Everett! Найди его и он твой!

17.11.2017 15:30:58: Client has executed command "players"

17.11.2017 15:30:58: Players:
PlayerID: 76561198234232440 Name: FuSian Character: Fusian Ping: 58
PlayerID: 76561198170498361 Name: _Nick_Hunter_ Character: Nick_Hunter[RUS] Ping: 122
PlayerID: 76561198349888524 Name: Takeo Masaki Loot.farm cs.money Character: hotdog Ping: 28
PlayerID: 76561198408019916 Name: slava.fan555 Character: Славик Cухоруков Ping: 124

17.11.2017 15:30:59: Client has executed command "bans"

17.11.2017 15:30:59: Bans:
PlayerID: 76561197966773788
JudgeID: 0
Reason: 900000 Duration: 31536000 Remaining: 28514518
PlayerID: 76561198395511982
JudgeID: 0
Reason: 999999 Duration: 31536000 Remaining: 30069270
PlayerID: 76561198331180787
JudgeID: 76561198151655003
Reason: unspecified Duration: 31536000 Remaining: 30417488
PlayerID: 76561198172502147
JudgeID: 76561198237123262
Reason: 3600 Duration: 31536000 Remaining: 30420882
PlayerID: 76561198331252339
JudgeID: 76561198151655003
Reason: unspecified Duration: 31536000 Remaining: 30433215
PlayerID: 76561198434258763
JudgeID: 0
Reason: reid Duration: 608400 Remaining: 199762

17.11.2017 15:30:59: END
17.11.2017 15:30:59: Client has executed command "bans"

17.11.2017 15:30:59: Bans:
PlayerID: 76561197966773788
JudgeID: 0
Reason: 900000 Duration: 31536000 Remaining: 28514518
PlayerID: 76561198395511982
JudgeID: 0
Reason: 999999 Duration: 31536000 Remaining: 30069270
PlayerID: 76561198331180787
JudgeID: 76561198151655003
Reason: unspecified Duration: 31536000 Remaining: 30417488
PlayerID: 76561198172502147
JudgeID: 76561198237123262
Reason: 3600 Duration: 31536000 Remaining: 30420882
PlayerID: 76561198331252339
JudgeID: 76561198151655003
Reason: unspecified Duration: 31536000 Remaining: 30433215
PlayerID: 76561198434258763
JudgeID: 0
Reason: reid Duration: 608400 Remaining: 199762

17.11.2017 15:30:59: END
17.11.2017 15:31:01: END
17.11.2017 15:31:18: Client has executed command "players"

17.11.2017 15:31:18: Players:
PlayerID: 76561198234232440 Name: FuSian Character: Fusian Ping: 70
PlayerID: 76561198170498361 Name: _Nick_Hunter_ Character: Nick_Hunter[RUS] Ping: 130
PlayerID: 76561198349888524 Name: Takeo Masaki Loot.farm cs.money Character: hotdog Ping: 26
PlayerID: 76561198408019916 Name: slava.fan555 Character: Славик Cухоруков Ping: 144

17.11.2017 15:31:19: Client has executed command "bans"

17.11.2017 15:31:19: Bans:
PlayerID: 76561197966773788
JudgeID: 0
Reason: 900000 Duration: 31536000 Remaining: 28514498
PlayerID: 76561198395511982
JudgeID: 0
Reason: 999999 Duration: 31536000 Remaining: 30069250
PlayerID: 76561198331180787
JudgeID: 76561198151655003
Reason: unspecified Duration: 31536000 Remaining: 30417468
PlayerID: 76561198172502147
JudgeID: 76561198237123262
Reason: 3600 Duration: 31536000 Remaining: 30420862
PlayerID: 76561198331252339
JudgeID: 76561198151655003
Reason: unspecified Duration: 31536000 Remaining: 30433195
PlayerID: 76561198434258763
JudgeID: 0
Reason: reid Duration: 608400 Remaining: 199742

17.11.2017 15:31:19: END
17.11.2017 15:31:19: Client has executed command "bans"

17.11.2017 15:31:20: Bans:
PlayerID: 76561197966773788
JudgeID: 0
Reason: 900000 Duration: 31536000 Remaining: 28514498
PlayerID: 76561198395511982
JudgeID: 0
Reason: 999999 Duration: 31536000 Remaining: 30069250
PlayerID: 76561198331180787
JudgeID: 76561198151655003
Reason: unspecified Duration: 31536000 Remaining: 30417468
PlayerID: 76561198172502147
JudgeID: 76561198237123262
Reason: 3600 Duration: 31536000 Remaining: 30420862
PlayerID: 76561198331252339
JudgeID: 76561198151655003
Reason: unspecified Duration: 31536000 Remaining: 30433195
PlayerID: 76561198434258763
JudgeID: 0
Reason: reid Duration: 608400 Remaining: 199742

17.11.2017 15:31:20: END
17.11.2017 15:31:21: END
17.11.2017 15:31:30: MessageAnnouncer >> Broadcast: vk.com/unturned_hgm - цены на премиум, VIP и другие услуги смотрите в группе!

17.11.2017 15:31:30: MessageAnnouncer >> vk.com/unturned_hgm - цены на премиум, VIP и другие услуги смотрите в группе!

17.11.2017 15:31:38: Client has executed command "players"

17.11.2017 15:31:38: Players:
PlayerID: 76561198234232440 Name: FuSian Character: Fusian Ping: 68
PlayerID: 76561198170498361 Name: _Nick_Hunter_ Character: Nick_Hunter[RUS] Ping: 133
PlayerID: 76561198349888524 Name: Takeo Masaki Loot.farm cs.money Character: hotdog Ping: 21
PlayerID: 76561198408019916 Name: slava.fan555 Character: Славик Cухоруков Ping: 81

17.11.2017 15:31:39: Fusian moved x:858.5302 y:88.02015(+48.62374) z:222.0012 in the last second (0.4349442)

17.11.2017 15:31:39: Не обработано: Fusian moved x:858.5302 y:88.02015(+48.62374) z:222.0012 in the last second (0.4349442)
17.11.2017 15:31:40: Client has executed command "bans"

17.11.2017 15:31:40: Bans:
PlayerID: 76561197966773788
JudgeID: 0
Reason: 900000 Duration: 31536000 Remaining: 28514477
PlayerID: 76561198395511982
JudgeID: 0
Reason: 999999 Duration: 31536000 Remaining: 30069229
PlayerID: 76561198331180787
JudgeID: 76561198151655003
Reason: unspecified Duration: 31536000 Remaining: 30417447
PlayerID: 76561198172502147
JudgeID: 76561198237123262
Reason: 3600 Duration: 31536000 Remaining: 30420841
PlayerID: 76561198331252339
JudgeID: 76561198151655003
Reason: unspecified Duration: 31536000 Remaining: 30433174
PlayerID: 76561198434258763
JudgeID: 0
Reason: reid Duration: 608400 Remaining: 199721

17.11.2017 15:31:40: END
17.11.2017 15:31:40: Client has executed command "bans"

17.11.2017 15:31:40: Bans:
PlayerID: 76561197966773788
JudgeID: 0
Reason: 900000 Duration: 31536000 Remaining: 28514477
PlayerID: 76561198395511982
JudgeID: 0
Reason: 999999 Duration: 31536000 Remaining: 30069229
PlayerID: 76561198331180787
JudgeID: 76561198151655003
Reason: unspecified Duration: 31536000 Remaining: 30417447
PlayerID: 76561198172502147
JudgeID: 76561198237123262
Reason: 3600 Duration: 31536000 Remaining: 30420841
PlayerID: 76561198331252339
JudgeID: 76561198151655003
Reason: unspecified Duration: 31536000 Remaining: 30433174
PlayerID: 76561198434258763
JudgeID: 0
Reason: reid Duration: 608400 Remaining: 199721

17.11.2017 15:31:40: END
17.11.2017 15:31:42: END
17.11.2017 15:31:58: Client has executed command "players"

17.11.2017 15:31:58: Players:
PlayerID: 76561198234232440 Name: FuSian Character: Fusian Ping: 73
PlayerID: 76561198170498361 Name: _Nick_Hunter_ Character: Nick_Hunter[RUS] Ping: 123
PlayerID: 76561198349888524 Name: Takeo Masaki Loot.farm cs.money Character: hotdog Ping: 38
PlayerID: 76561198408019916 Name: slava.fan555 Character: Славик Cухоруков Ping: 74

17.11.2017 15:31:59: Client has executed command "bans"

17.11.2017 15:31:59: Bans:
PlayerID: 76561197966773788
JudgeID: 0
Reason: 900000 Duration: 31536000 Remaining: 28514458
PlayerID: 76561198395511982
JudgeID: 0
Reason: 999999 Duration: 31536000 Remaining: 30069210
PlayerID: 76561198331180787
JudgeID: 76561198151655003
Reason: unspecified Duration: 31536000 Remaining: 30417428
PlayerID: 76561198172502147
JudgeID: 76561198237123262
Reason: 3600 Duration: 31536000 Remaining: 30420822
PlayerID: 76561198331252339
JudgeID: 76561198151655003
Reason: unspecified Duration: 31536000 Remaining: 30433155
PlayerID: 76561198434258763
JudgeID: 0
Reason: reid Duration: 608400 Remaining: 199702

17.11.2017 15:31:59: END
17.11.2017 15:31:59: Client has executed command "bans"

17.11.2017 15:31:59: Bans:
PlayerID: 76561197966773788
JudgeID: 0
Reason: 900000 Duration: 31536000 Remaining: 28514458
PlayerID: 76561198395511982
JudgeID: 0
Reason: 999999 Duration: 31536000 Remaining: 30069210
PlayerID: 76561198331180787
JudgeID: 76561198151655003
Reason: unspecified Duration: 31536000 Remaining: 30417428
PlayerID: 76561198172502147
JudgeID: 76561198237123262
Reason: 3600 Duration: 31536000 Remaining: 30420822
PlayerID: 76561198331252339
JudgeID: 76561198151655003
Reason: unspecified Duration: 31536000 Remaining: 30433155
PlayerID: 76561198434258763
JudgeID: 0
Reason: reid Duration: 608400 Remaining: 199702

17.11.2017 15:31:59: END
17.11.2017 15:32:01: END
17.11.2017 15:32:10: [World] Fusian [FuSian]: "еееееееееееееееееееее"

17.11.2017 15:32:15: [World] Fusian [FuSian]: "я нашел"

17.11.2017 15:32:18: Client has executed command "players"

17.11.2017 15:32:18: Players:
PlayerID: 76561198234232440 Name: FuSian Character: Fusian Ping: 61
PlayerID: 76561198170498361 Name: _Nick_Hunter_ Character: Nick_Hunter[RUS] Ping: 140
PlayerID: 76561198349888524 Name: Takeo Masaki Loot.farm cs.money Character: hotdog Ping: 29
PlayerID: 76561198408019916 Name: slava.fan555 Character: Славик Cухоруков Ping: 132

17.11.2017 15:32:19: Client has executed command "bans"

17.11.2017 15:32:19: Bans:
PlayerID: 76561197966773788
JudgeID: 0
Reason: 900000 Duration: 31536000 Remaining: 28514438
PlayerID: 76561198395511982
JudgeID: 0
Reason: 999999 Duration: 31536000 Remaining: 30069190
PlayerID: 76561198331180787
JudgeID: 76561198151655003
Reason: unspecified Duration: 31536000 Remaining: 30417408
PlayerID: 76561198172502147
JudgeID: 76561198237123262
Reason: 3600 Duration: 31536000 Remaining: 30420802
PlayerID: 76561198331252339
JudgeID: 76561198151655003
Reason: unspecified Duration: 31536000 Remaining: 30433135
PlayerID: 76561198434258763
JudgeID: 0
Reason: reid Duration: 608400 Remaining: 199682

17.11.2017 15:32:19: END
17.11.2017 15:32:19: Client has executed command "bans"

17.11.2017 15:32:19: Bans:
PlayerID: 76561197966773788
JudgeID: 0
Reason: 900000 Duration: 31536000 Remaining: 28514438
PlayerID: 76561198395511982
JudgeID: 0
Reason: 999999 Duration: 31536000 Remaining: 30069190
PlayerID: 76561198331180787
JudgeID: 76561198151655003
Reason: unspecified Duration: 31536000 Remaining: 30417408
PlayerID: 76561198172502147
JudgeID: 76561198237123262
Reason: 3600 Duration: 31536000 Remaining: 30420802
PlayerID: 76561198331252339
JudgeID: 76561198151655003
Reason: unspecified Duration: 31536000 Remaining: 30433135
PlayerID: 76561198434258763
JudgeID: 0
Reason: reid Duration: 608400 Remaining: 199682

17.11.2017 15:32:19: END
17.11.2017 15:32:21: END
17.11.2017 15:32:23: [World] hotdog [Takeo Masaki Loot.farm cs.money]: "отдамвакцины тп"

17.11.2017 15:32:30: MessageAnnouncer >> Broadcast: Наберите /kit claim, чтобы получить Claim Flag

17.11.2017 15:32:30: MessageAnnouncer >> Наберите /kit claim, чтобы получить Claim Flag

17.11.2017 15:32:38: Client has executed command "players"

17.11.2017 15:32:38: Players:
PlayerID: 76561198234232440 Name: FuSian Character: Fusian Ping: 59
PlayerID: 76561198170498361 Name: _Nick_Hunter_ Character: Nick_Hunter[RUS] Ping: 124
PlayerID: 76561198349888524 Name: Takeo Masaki Loot.farm cs.money Character: hotdog Ping: 27
PlayerID: 76561198408019916 Name: slava.fan555 Character: Славик Cухоруков Ping: 88

17.11.2017 15:32:39: Client has executed command "bans"

17.11.2017 15:32:39: Bans:
PlayerID: 76561197966773788
JudgeID: 0
Reason: 900000 Duration: 31536000 Remaining: 28514418
PlayerID: 76561198395511982
JudgeID: 0
Reason: 999999 Duration: 31536000 Remaining: 30069170
PlayerID: 76561198331180787
JudgeID: 76561198151655003
Reason: unspecified Duration: 31536000 Remaining: 30417388
PlayerID: 76561198172502147
JudgeID: 76561198237123262
Reason: 3600 Duration: 31536000 Remaining: 30420782
PlayerID: 76561198331252339
JudgeID: 76561198151655003
Reason: unspecified Duration: 31536000 Remaining: 30433115
PlayerID: 76561198434258763
JudgeID: 0
Reason: reid Duration: 608400 Remaining: 199662

17.11.2017 15:32:39: END
17.11.2017 15:32:39: Client has executed command "bans"

17.11.2017 15:32:39: Bans:
PlayerID: 76561197966773788
JudgeID: 0
Reason: 900000 Duration: 31536000 Remaining: 28514418
PlayerID: 76561198395511982
JudgeID: 0
Reason: 999999 Duration: 31536000 Remaining: 30069170
PlayerID: 76561198331180787
JudgeID: 76561198151655003
Reason: unspecified Duration: 31536000 Remaining: 30417388
PlayerID: 76561198172502147
JudgeID: 76561198237123262
Reason: 3600 Duration: 31536000 Remaining: 30420782
PlayerID: 76561198331252339
JudgeID: 76561198151655003
Reason: unspecified Duration: 31536000 Remaining: 30433115
PlayerID: 76561198434258763
JudgeID: 0
Reason: reid Duration: 608400 Remaining: 199662

17.11.2017 15:32:39: END
17.11.2017 15:32:41: END
17.11.2017 15:32:58: Client has executed command "players"

17.11.2017 15:32:58: Players:
PlayerID: 76561198234232440 Name: FuSian Character: Fusian Ping: 66
PlayerID: 76561198170498361 Name: _Nick_Hunter_ Character: Nick_Hunter[RUS] Ping: 129
PlayerID: 76561198349888524 Name: Takeo Masaki Loot.farm cs.money Character: hotdog Ping: 31
PlayerID: 76561198408019916 Name: slava.fan555 Character: Славик Cухоруков Ping: 70

17.11.2017 15:32:59: Client has executed command "bans"

17.11.2017 15:32:59: Bans:
PlayerID: 76561197966773788
JudgeID: 0
Reason: 900000 Duration: 31536000 Remaining: 28514398
PlayerID: 76561198395511982
JudgeID: 0
Reason: 999999 Duration: 31536000 Remaining: 30069150
PlayerID: 76561198331180787
JudgeID: 76561198151655003
Reason: unspecified Duration: 31536000 Remaining: 30417368
PlayerID: 76561198172502147
JudgeID: 76561198237123262
Reason: 3600 Duration: 31536000 Remaining: 30420762
PlayerID: 76561198331252339
JudgeID: 76561198151655003
Reason: unspecified Duration: 31536000 Remaining: 30433095
PlayerID: 76561198434258763
JudgeID: 0
Reason: reid Duration: 608400 Remaining: 199642

17.11.2017 15:32:59: END
17.11.2017 15:32:59: Client has executed command "bans"

17.11.2017 15:32:59: Bans:
PlayerID: 76561197966773788
JudgeID: 0
Reason: 900000 Duration: 31536000 Remaining: 28514398
PlayerID: 76561198395511982
JudgeID: 0
Reason: 999999 Duration: 31536000 Remaining: 30069150
PlayerID: 76561198331180787
JudgeID: 76561198151655003
Reason: unspecified Duration: 31536000 Remaining: 30417368
PlayerID: 76561198172502147
JudgeID: 76561198237123262
Reason: 3600 Duration: 31536000 Remaining: 30420762
PlayerID: 76561198331252339
JudgeID: 76561198151655003
Reason: unspecified Duration: 31536000 Remaining: 30433095
PlayerID: 76561198434258763
JudgeID: 0
Reason: reid Duration: 608400 Remaining: 199642

17.11.2017 15:32:59: END
17.11.2017 15:33:01: END
17.11.2017 15:33:06: [World] Fusian [FuSian]: "когда красная луна закончиться?"

17.11.2017 15:33:17: [World] hotdog [Takeo Masaki Loot.farm cs.money]: "скоро"

17.11.2017 15:33:18: Client has executed command "players"

17.11.2017 15:33:18: Players:
PlayerID: 76561198234232440 Name: FuSian Character: Fusian Ping: 68
PlayerID: 76561198170498361 Name: _Nick_Hunter_ Character: Nick_Hunter[RUS] Ping: 123
PlayerID: 76561198349888524 Name: Takeo Masaki Loot.farm cs.money Character: hotdog Ping: 35
PlayerID: 76561198408019916 Name: slava.fan555 Character: Славик Cухоруков Ping: 75

17.11.2017 15:33:19: Client has executed command "bans"

17.11.2017 15:33:19: Bans:
PlayerID: 76561197966773788
JudgeID: 0
Reason: 900000 Duration: 31536000 Remaining: 28514378
PlayerID: 76561198395511982
JudgeID: 0
Reason: 999999 Duration: 31536000 Remaining: 30069130
PlayerID: 76561198331180787
JudgeID: 76561198151655003
Reason: unspecified Duration: 31536000 Remaining: 30417348
PlayerID: 76561198172502147
JudgeID: 76561198237123262
Reason: 3600 Duration: 31536000 Remaining: 30420742
PlayerID: 76561198331252339
JudgeID: 76561198151655003
Reason: unspecified Duration: 31536000 Remaining: 30433075
PlayerID: 76561198434258763
JudgeID: 0
Reason: reid Duration: 608400 Remaining: 199622

17.11.2017 15:33:19: END
17.11.2017 15:33:19: Client has executed command "bans"

17.11.2017 15:33:19: Bans:
PlayerID: 76561197966773788
JudgeID: 0
Reason: 900000 Duration: 31536000 Remaining: 28514378
PlayerID: 76561198395511982
JudgeID: 0
Reason: 999999 Duration: 31536000 Remaining: 30069130
PlayerID: 76561198331180787
JudgeID: 76561198151655003
Reason: unspecified Duration: 31536000 Remaining: 30417348
PlayerID: 76561198172502147
JudgeID: 76561198237123262
Reason: 3600 Duration: 31536000 Remaining: 30420742
PlayerID: 76561198331252339
JudgeID: 76561198151655003
Reason: unspecified Duration: 31536000 Remaining: 30433075
PlayerID: 76561198434258763
JudgeID: 0
Reason: reid Duration: 608400 Remaining: 199622

17.11.2017 15:33:19: END
17.11.2017 15:33:21: END
17.11.2017 15:33:23: Client has executed command "cchat "/44/15/03/15-/14/09/01/20/04/29 /11/20/04/00-/14/09/01/20/04/29 /19/16?" 255 0 0"

17.11.2017 15:33:23: ServerControl >> Broadcast: Кого-нибудь куда-нибудь тп?

17.11.2017 15:33:23: Не обработано: ServerControl >> Broadcast: Кого-нибудь куда-нибудь тп?
17.11.2017 15:33:30: MessageAnnouncer >> Broadcast: Если модератор ведёт себя неподобающе, пишите в группу или ЛС (vk.com/unturned_hgm, vk.com/hemulgm)

17.11.2017 15:33:30: MessageAnnouncer >> Если модератор ведёт себя неподобающе, пишите в группу или ЛС (vk.com/unturned_hgm, vk.com/hemulgm)

17.11.2017 15:33:30: [World] hotdog [Takeo Masaki Loot.farm cs.money]: "всё"

17.11.2017 15:33:38: Client has executed command "players"

17.11.2017 15:33:38: Players:
PlayerID: 76561198234232440 Name: FuSian Character: Fusian Ping: 76
PlayerID: 76561198170498361 Name: _Nick_Hunter_ Character: Nick_Hunter[RUS] Ping: 128
PlayerID: 76561198349888524 Name: Takeo Masaki Loot.farm cs.money Character: hotdog Ping: 29
PlayerID: 76561198408019916 Name: slava.fan555 Character: Славик Cухоруков Ping: 86

17.11.2017 15:33:39: Client has executed command "bans"

17.11.2017 15:33:39: Bans:
PlayerID: 76561197966773788
JudgeID: 0
Reason: 900000 Duration: 31536000 Remaining: 28514358
PlayerID: 76561198395511982
JudgeID: 0
Reason: 999999 Duration: 31536000 Remaining: 30069110
PlayerID: 76561198331180787
JudgeID: 76561198151655003
Reason: unspecified Duration: 31536000 Remaining: 30417328
PlayerID: 76561198172502147
JudgeID: 76561198237123262
Reason: 3600 Duration: 31536000 Remaining: 30420722
PlayerID: 76561198331252339
JudgeID: 76561198151655003
Reason: unspecified Duration: 31536000 Remaining: 30433055
PlayerID: 76561198434258763
JudgeID: 0
Reason: reid Duration: 608400 Remaining: 199602

17.11.2017 15:33:39: END
17.11.2017 15:33:39: Client has executed command "bans"

17.11.2017 15:33:39: Bans:
PlayerID: 76561197966773788
JudgeID: 0
Reason: 900000 Duration: 31536000 Remaining: 28514358
PlayerID: 76561198395511982
JudgeID: 0
Reason: 999999 Duration: 31536000 Remaining: 30069110
PlayerID: 76561198331180787
JudgeID: 76561198151655003
Reason: unspecified Duration: 31536000 Remaining: 30417328
PlayerID: 76561198172502147
JudgeID: 76561198237123262
Reason: 3600 Duration: 31536000 Remaining: 30420722
PlayerID: 76561198331252339
JudgeID: 76561198151655003
Reason: unspecified Duration: 31536000 Remaining: 30433055
PlayerID: 76561198434258763
JudgeID: 0
Reason: reid Duration: 608400 Remaining: 199602

17.11.2017 15:33:39: END
17.11.2017 15:33:41: END
17.11.2017 15:33:58: Client has executed command "players"

17.11.2017 15:33:58: Players:
PlayerID: 76561198234232440 Name: FuSian Character: Fusian Ping: 61
PlayerID: 76561198170498361 Name: _Nick_Hunter_ Character: Nick_Hunter[RUS] Ping: 119
PlayerID: 76561198349888524 Name: Takeo Masaki Loot.farm cs.money Character: hotdog Ping: 33
PlayerID: 76561198408019916 Name: slava.fan555 Character: Славик Cухоруков Ping: 82

17.11.2017 15:33:59: Client has executed command "bans"

17.11.2017 15:33:59: Bans:
PlayerID: 76561197966773788
JudgeID: 0
Reason: 900000 Duration: 31536000 Remaining: 28514338
PlayerID: 76561198395511982
JudgeID: 0
Reason: 999999 Duration: 31536000 Remaining: 30069090
PlayerID: 76561198331180787
JudgeID: 76561198151655003
Reason: unspecified Duration: 31536000 Remaining: 30417308
PlayerID: 76561198172502147
JudgeID: 76561198237123262
Reason: 3600 Duration: 31536000 Remaining: 30420702
PlayerID: 76561198331252339
JudgeID: 76561198151655003
Reason: unspecified Duration: 31536000 Remaining: 30433035
PlayerID: 76561198434258763
JudgeID: 0
Reason: reid Duration: 608400 Remaining: 199582

17.11.2017 15:33:59: END
17.11.2017 15:33:59: Client has executed command "bans"

17.11.2017 15:33:59: Bans:
PlayerID: 76561197966773788
JudgeID: 0
Reason: 900000 Duration: 31536000 Remaining: 28514338
PlayerID: 76561198395511982
JudgeID: 0
Reason: 999999 Duration: 31536000 Remaining: 30069090
PlayerID: 76561198331180787
JudgeID: 76561198151655003
Reason: unspecified Duration: 31536000 Remaining: 30417308
PlayerID: 76561198172502147
JudgeID: 76561198237123262
Reason: 3600 Duration: 31536000 Remaining: 30420702
PlayerID: 76561198331252339
JudgeID: 76561198151655003
Reason: unspecified Duration: 31536000 Remaining: 30433035
PlayerID: 76561198434258763
JudgeID: 0
Reason: reid Duration: 608400 Remaining: 199582

17.11.2017 15:33:59: END
17.11.2017 15:34:01: END
17.11.2017 15:34:05: Connecting: PlayerID: 76561198444494613 Name: vladkrigin Character: 666а

17.11.2017 15:34:06: 666а connected with IP 87.225.75.232

17.11.2017 15:34:11: Connecting: PlayerID: 76561198106869292 Name: roman146rus Character: roman146rus

17.11.2017 15:34:11: roman146rus connected with IP 37.208.66.196

17.11.2017 15:34:16: Client has executed command "cchat "/44/15/03/15-/14/09/01/20/04/29 /11/20/04/00-/14/09/01/20/04/29 /19/16?" 255 0 0"

17.11.2017 15:34:16: ServerControl >> Broadcast: Кого-нибудь куда-нибудь тп?

17.11.2017 15:34:16: Не обработано: ServerControl >> Broadcast: Кого-нибудь куда-нибудь тп?
17.11.2017 15:34:18: Client has executed command "players"

17.11.2017 15:34:18: Players:
PlayerID: 76561198234232440 Name: FuSian Character: Fusian Ping: 63
PlayerID: 76561198170498361 Name: _Nick_Hunter_ Character: Nick_Hunter[RUS] Ping: 120
PlayerID: 76561198349888524 Name: Takeo Masaki Loot.farm cs.money Character: hotdog Ping: 33
PlayerID: 76561198408019916 Name: slava.fan555 Character: Славик Cухоруков Ping: 79
PlayerID: 76561198444494613 Name: vladkrigin Character: 666а Ping: 182
PlayerID: 76561198106869292 Name: roman146rus Character: roman146rus Ping: 132

17.11.2017 15:34:19: Client has executed command "bans"

17.11.2017 15:34:19: Bans:
PlayerID: 76561197966773788
JudgeID: 0
Reason: 900000 Duration: 31536000 Remaining: 28514318
PlayerID: 76561198395511982
JudgeID: 0
Reason: 999999 Duration: 31536000 Remaining: 30069070
PlayerID: 76561198331180787
JudgeID: 76561198151655003
Reason: unspecified Duration: 31536000 Remaining: 30417288
PlayerID: 76561198172502147
JudgeID: 76561198237123262
Reason: 3600 Duration: 31536000 Remaining: 30420682
PlayerID: 76561198331252339
JudgeID: 76561198151655003
Reason: unspecified Duration: 31536000 Remaining: 30433015
PlayerID: 76561198434258763
JudgeID: 0
Reason: reid Duration: 608400 Remaining: 199562

17.11.2017 15:34:19: END
17.11.2017 15:34:19: Client has executed command "bans"

17.11.2017 15:34:19: Bans:
PlayerID: 76561197966773788
JudgeID: 0
Reason: 900000 Duration: 31536000 Remaining: 28514318
PlayerID: 76561198395511982
JudgeID: 0
Reason: 999999 Duration: 31536000 Remaining: 30069070
PlayerID: 76561198331180787
JudgeID: 76561198151655003
Reason: unspecified Duration: 31536000 Remaining: 30417288
PlayerID: 76561198172502147
JudgeID: 76561198237123262
Reason: 3600 Duration: 31536000 Remaining: 30420682
PlayerID: 76561198331252339
JudgeID: 76561198151655003
Reason: unspecified Duration: 31536000 Remaining: 30433015
PlayerID: 76561198434258763
JudgeID: 0
Reason: reid Duration: 608400 Remaining: 199562

17.11.2017 15:34:19: END
17.11.2017 15:34:21: END
17.11.2017 15:34:30: MessageAnnouncer >> Broadcast: Посетите наш сайт. Вы будете удивлены! unturned.hemulgm.ru

17.11.2017 15:34:30: MessageAnnouncer >> Посетите наш сайт. Вы будете удивлены! unturned.hemulgm.ru

17.11.2017 15:34:38: Client has executed command "players"

17.11.2017 15:34:38: Players:
PlayerID: 76561198234232440 Name: FuSian Character: Fusian Ping: 63
PlayerID: 76561198170498361 Name: _Nick_Hunter_ Character: Nick_Hunter[RUS] Ping: 161
PlayerID: 76561198349888524 Name: Takeo Masaki Loot.farm cs.money Character: hotdog Ping: 32
PlayerID: 76561198408019916 Name: slava.fan555 Character: Славик Cухоруков Ping: 92
PlayerID: 76561198444494613 Name: vladkrigin Character: 666а Ping: 125
PlayerID: 76561198106869292 Name: roman146rus Character: roman146rus Ping: 68

17.11.2017 15:34:39: Client has executed command "bans"

17.11.2017 15:34:39: Bans:
PlayerID: 76561197966773788
JudgeID: 0
Reason: 900000 Duration: 31536000 Remaining: 28514298
PlayerID: 76561198395511982
JudgeID: 0
Reason: 999999 Duration: 31536000 Remaining: 30069050
PlayerID: 76561198331180787
JudgeID: 76561198151655003
Reason: unspecified Duration: 31536000 Remaining: 30417268
PlayerID: 76561198172502147
JudgeID: 76561198237123262
Reason: 3600 Duration: 31536000 Remaining: 30420662
PlayerID: 76561198331252339
JudgeID: 76561198151655003
Reason: unspecified Duration: 31536000 Remaining: 30432995
PlayerID: 76561198434258763
JudgeID: 0
Reason: reid Duration: 608400 Remaining: 199542

17.11.2017 15:34:39: END
17.11.2017 15:34:39: Client has executed command "bans"

17.11.2017 15:34:39: Bans:
PlayerID: 76561197966773788
JudgeID: 0
Reason: 900000 Duration: 31536000 Remaining: 28514298
PlayerID: 76561198395511982
JudgeID: 0
Reason: 999999 Duration: 31536000 Remaining: 30069050
PlayerID: 76561198331180787
JudgeID: 76561198151655003
Reason: unspecified Duration: 31536000 Remaining: 30417268
PlayerID: 76561198172502147
JudgeID: 76561198237123262
Reason: 3600 Duration: 31536000 Remaining: 30420662
PlayerID: 76561198331252339
JudgeID: 76561198151655003
Reason: unspecified Duration: 31536000 Remaining: 30432995
PlayerID: 76561198434258763
JudgeID: 0
Reason: reid Duration: 608400 Remaining: 199542

17.11.2017 15:34:39: END
17.11.2017 15:34:42: END
17.11.2017 15:34:58: Client has executed command "players"

17.11.2017 15:34:58: Players:
PlayerID: 76561198234232440 Name: FuSian Character: Fusian Ping: 90
PlayerID: 76561198170498361 Name: _Nick_Hunter_ Character: Nick_Hunter[RUS] Ping: 125
PlayerID: 76561198349888524 Name: Takeo Masaki Loot.farm cs.money Character: hotdog Ping: 29
PlayerID: 76561198408019916 Name: slava.fan555 Character: Славик Cухоруков Ping: 85
PlayerID: 76561198444494613 Name: vladkrigin Character: 666а Ping: 122
PlayerID: 76561198106869292 Name: roman146rus Character: roman146rus Ping: 54

17.11.2017 15:34:59: Client has executed command "bans"

17.11.2017 15:34:59: Bans:
PlayerID: 76561197966773788
JudgeID: 0
Reason: 900000 Duration: 31536000 Remaining: 28514278
PlayerID: 76561198395511982
JudgeID: 0
Reason: 999999 Duration: 31536000 Remaining: 30069030
PlayerID: 76561198331180787
JudgeID: 76561198151655003
Reason: unspecified Duration: 31536000 Remaining: 30417248
PlayerID: 76561198172502147
JudgeID: 76561198237123262
Reason: 3600 Duration: 31536000 Remaining: 30420642
PlayerID: 76561198331252339
JudgeID: 76561198151655003
Reason: unspecified Duration: 31536000 Remaining: 30432975
PlayerID: 76561198434258763
JudgeID: 0
Reason: reid Duration: 608400 Remaining: 199522

17.11.2017 15:34:59: END
17.11.2017 15:34:59: Client has executed command "bans"

17.11.2017 15:34:59: Bans:
PlayerID: 76561197966773788
JudgeID: 0
Reason: 900000 Duration: 31536000 Remaining: 28514278
PlayerID: 76561198395511982
JudgeID: 0
Reason: 999999 Duration: 31536000 Remaining: 30069030
PlayerID: 76561198331180787
JudgeID: 76561198151655003
Reason: unspecified Duration: 31536000 Remaining: 30417248
PlayerID: 76561198172502147
JudgeID: 76561198237123262
Reason: 3600 Duration: 31536000 Remaining: 30420642
PlayerID: 76561198331252339
JudgeID: 76561198151655003
Reason: unspecified Duration: 31536000 Remaining: 30432975
PlayerID: 76561198434258763
JudgeID: 0
Reason: reid Duration: 608400 Remaining: 199522

17.11.2017 15:34:59: END
17.11.2017 15:35:01: END
17.11.2017 15:35:18: Client has executed command "players"

17.11.2017 15:35:18: Players:
PlayerID: 76561198234232440 Name: FuSian Character: Fusian Ping: 72
PlayerID: 76561198170498361 Name: _Nick_Hunter_ Character: Nick_Hunter[RUS] Ping: 161
PlayerID: 76561198349888524 Name: Takeo Masaki Loot.farm cs.money Character: hotdog Ping: 41
PlayerID: 76561198408019916 Name: slava.fan555 Character: Славик Cухоруков Ping: 92
PlayerID: 76561198444494613 Name: vladkrigin Character: 666а Ping: 133
PlayerID: 76561198106869292 Name: roman146rus Character: roman146rus Ping: 104

17.11.2017 15:35:19: Client has executed command "bans"

17.11.2017 15:35:19: Bans:
PlayerID: 76561197966773788
JudgeID: 0
Reason: 900000 Duration: 31536000 Remaining: 28514258
PlayerID: 76561198395511982
JudgeID: 0
Reason: 999999 Duration: 31536000 Remaining: 30069010
PlayerID: 76561198331180787
JudgeID: 76561198151655003
Reason: unspecified Duration: 31536000 Remaining: 30417228
PlayerID: 76561198172502147
JudgeID: 76561198237123262
Reason: 3600 Duration: 31536000 Remaining: 30420622
PlayerID: 76561198331252339
JudgeID: 76561198151655003
Reason: unspecified Duration: 31536000 Remaining: 30432955
PlayerID: 76561198434258763
JudgeID: 0
Reason: reid Duration: 608400 Remaining: 199502

17.11.2017 15:35:19: END
17.11.2017 15:35:19: Client has executed command "bans"

17.11.2017 15:35:19: Bans:
PlayerID: 76561197966773788
JudgeID: 0
Reason: 900000 Duration: 31536000 Remaining: 28514258
PlayerID: 76561198395511982
JudgeID: 0
Reason: 999999 Duration: 31536000 Remaining: 30069010
PlayerID: 76561198331180787
JudgeID: 76561198151655003
Reason: unspecified Duration: 31536000 Remaining: 30417228
PlayerID: 76561198172502147
JudgeID: 76561198237123262
Reason: 3600 Duration: 31536000 Remaining: 30420622
PlayerID: 76561198331252339
JudgeID: 76561198151655003
Reason: unspecified Duration: 31536000 Remaining: 30432955
PlayerID: 76561198434258763
JudgeID: 0
Reason: reid Duration: 608400 Remaining: 199502

17.11.2017 15:35:19: END
17.11.2017 15:35:21: END
17.11.2017 15:35:21: [World] hotdog [Takeo Masaki Loot.farm cs.money]: "отдам вакцины тп бесплатно"

17.11.2017 15:35:30: MessageAnnouncer >> Broadcast: vk.com/hemulgm - ЕДИНСТВЕННЫЙ администратор сервера

17.11.2017 15:35:30: MessageAnnouncer >> vk.com/hemulgm - ЕДИНСТВЕННЫЙ администратор сервера

17.11.2017 15:35:38: Client has executed command "players"

17.11.2017 15:35:38: Players:
PlayerID: 76561198234232440 Name: FuSian Character: Fusian Ping: 80
PlayerID: 76561198170498361 Name: _Nick_Hunter_ Character: Nick_Hunter[RUS] Ping: 123
PlayerID: 76561198349888524 Name: Takeo Masaki Loot.farm cs.money Character: hotdog Ping: 41
PlayerID: 76561198408019916 Name: slava.fan555 Character: Славик Cухоруков Ping: 88
PlayerID: 76561198444494613 Name: vladkrigin Character: 666а Ping: 199
PlayerID: 76561198106869292 Name: roman146rus Character: roman146rus Ping: 57

17.11.2017 15:35:39: Client has executed command "bans"

17.11.2017 15:35:39: Bans:
PlayerID: 76561197966773788
JudgeID: 0
Reason: 900000 Duration: 31536000 Remaining: 28514238
PlayerID: 76561198395511982
JudgeID: 0
Reason: 999999 Duration: 31536000 Remaining: 30068990
PlayerID: 76561198331180787
JudgeID: 76561198151655003
Reason: unspecified Duration: 31536000 Remaining: 30417208
PlayerID: 76561198172502147
JudgeID: 76561198237123262
Reason: 3600 Duration: 31536000 Remaining: 30420602
PlayerID: 76561198331252339
JudgeID: 76561198151655003
Reason: unspecified Duration: 31536000 Remaining: 30432935
PlayerID: 76561198434258763
JudgeID: 0
Reason: reid Duration: 608400 Remaining: 199482

17.11.2017 15:35:39: END
17.11.2017 15:35:39: Client has executed command "bans"

17.11.2017 15:35:39: Bans:
PlayerID: 76561197966773788
JudgeID: 0
Reason: 900000 Duration: 31536000 Remaining: 28514238
PlayerID: 76561198395511982
JudgeID: 0
Reason: 999999 Duration: 31536000 Remaining: 30068990
PlayerID: 76561198331180787
JudgeID: 76561198151655003
Reason: unspecified Duration: 31536000 Remaining: 30417208
PlayerID: 76561198172502147
JudgeID: 76561198237123262
Reason: 3600 Duration: 31536000 Remaining: 30420602
PlayerID: 76561198331252339
JudgeID: 76561198151655003
Reason: unspecified Duration: 31536000 Remaining: 30432935
PlayerID: 76561198434258763
JudgeID: 0
Reason: reid Duration: 608400 Remaining: 199482

17.11.2017 15:35:39: END
17.11.2017 15:35:41: END
17.11.2017 15:35:42: [World] Nick_Hunter[RUS] [_Nick_Hunter_]: "тпхни меня в лагерь бандюганов"

17.11.2017 15:35:58: Client has executed command "players"

17.11.2017 15:35:58: Players:
PlayerID: 76561198234232440 Name: FuSian Character: Fusian Ping: 67
PlayerID: 76561198170498361 Name: _Nick_Hunter_ Character: Nick_Hunter[RUS] Ping: 128
PlayerID: 76561198349888524 Name: Takeo Masaki Loot.farm cs.money Character: hotdog Ping: 32
PlayerID: 76561198408019916 Name: slava.fan555 Character: Славик Cухоруков Ping: 92
PlayerID: 76561198444494613 Name: vladkrigin Character: 666а Ping: 175
PlayerID: 76561198106869292 Name: roman146rus Character: roman146rus Ping: 56

17.11.2017 15:35:59: Client has executed command "bans"

17.11.2017 15:35:59: Bans:
PlayerID: 76561197966773788
JudgeID: 0
Reason: 900000 Duration: 31536000 Remaining: 28514218
PlayerID: 76561198395511982
JudgeID: 0
Reason: 999999 Duration: 31536000 Remaining: 30068970
PlayerID: 76561198331180787
JudgeID: 76561198151655003
Reason: unspecified Duration: 31536000 Remaining: 30417188
PlayerID: 76561198172502147
JudgeID: 76561198237123262
Reason: 3600 Duration: 31536000 Remaining: 30420582
PlayerID: 76561198331252339
JudgeID: 76561198151655003
Reason: unspecified Duration: 31536000 Remaining: 30432915
PlayerID: 76561198434258763
JudgeID: 0
Reason: reid Duration: 608400 Remaining: 199462

17.11.2017 15:35:59: END
17.11.2017 15:35:59: Client has executed command "bans"

17.11.2017 15:35:59: Bans:
PlayerID: 76561197966773788
JudgeID: 0
Reason: 900000 Duration: 31536000 Remaining: 28514218
PlayerID: 76561198395511982
JudgeID: 0
Reason: 999999 Duration: 31536000 Remaining: 30068970
PlayerID: 76561198331180787
JudgeID: 76561198151655003
Reason: unspecified Duration: 31536000 Remaining: 30417188
PlayerID: 76561198172502147
JudgeID: 76561198237123262
Reason: 3600 Duration: 31536000 Remaining: 30420582
PlayerID: 76561198331252339
JudgeID: 76561198151655003
Reason: unspecified Duration: 31536000 Remaining: 30432915
PlayerID: 76561198434258763
JudgeID: 0
Reason: reid Duration: 608400 Remaining: 199462

17.11.2017 15:35:59: END
17.11.2017 15:36:01: END
17.11.2017 15:36:04: [World] hotdog [Takeo Masaki Loot.farm cs.money]: "отдам вакцины тп"

17.11.2017 15:36:06: Client has executed command "teleport 76561198170498361 Paradise Point"

17.11.2017 15:36:06: Failed to find parameters in format [SteamID | Player]/[SteamID | Player].

17.11.2017 15:36:17: [World] Славик Cухоруков [slava.fan555]: "/kit help"

17.11.2017 15:36:18: Client has executed command "players"

17.11.2017 15:36:18: Players:
PlayerID: 76561198234232440 Name: FuSian Character: Fusian Ping: 75
PlayerID: 76561198170498361 Name: _Nick_Hunter_ Character: Nick_Hunter[RUS] Ping: 131
PlayerID: 76561198349888524 Name: Takeo Masaki Loot.farm cs.money Character: hotdog Ping: 35
PlayerID: 76561198408019916 Name: slava.fan555 Character: Славик Cухоруков Ping: 93
PlayerID: 76561198444494613 Name: vladkrigin Character: 666а Ping: 135
PlayerID: 76561198106869292 Name: roman146rus Character: roman146rus Ping: 62

17.11.2017 15:36:19: Client has executed command "bans"

17.11.2017 15:36:19: Bans:
PlayerID: 76561197966773788
JudgeID: 0
Reason: 900000 Duration: 31536000 Remaining: 28514198
PlayerID: 76561198395511982
JudgeID: 0
Reason: 999999 Duration: 31536000 Remaining: 30068950
PlayerID: 76561198331180787
JudgeID: 76561198151655003
Reason: unspecified Duration: 31536000 Remaining: 30417168
PlayerID: 76561198172502147
JudgeID: 76561198237123262
Reason: 3600 Duration: 31536000 Remaining: 30420562
PlayerID: 76561198331252339
JudgeID: 76561198151655003
Reason: unspecified Duration: 31536000 Remaining: 30432895
PlayerID: 76561198434258763
JudgeID: 0
Reason: reid Duration: 608400 Remaining: 199442

17.11.2017 15:36:19: END
17.11.2017 15:36:19: Client has executed command "bans"

17.11.2017 15:36:19: Bans:
PlayerID: 76561197966773788
JudgeID: 0
Reason: 900000 Duration: 31536000 Remaining: 28514198
PlayerID: 76561198395511982
JudgeID: 0
Reason: 999999 Duration: 31536000 Remaining: 30068950
PlayerID: 76561198331180787
JudgeID: 76561198151655003
Reason: unspecified Duration: 31536000 Remaining: 30417168
PlayerID: 76561198172502147
JudgeID: 76561198237123262
Reason: 3600 Duration: 31536000 Remaining: 30420562
PlayerID: 76561198331252339
JudgeID: 76561198151655003
Reason: unspecified Duration: 31536000 Remaining: 30432895
PlayerID: 76561198434258763
JudgeID: 0
Reason: reid Duration: 608400 Remaining: 199442

17.11.2017 15:36:19: END
17.11.2017 15:36:21: END
17.11.2017 15:36:22: Client has executed command "cchat "/18/05/11" 255 0 0"

17.11.2017 15:36:22: ServerControl >> Broadcast: сек

17.11.2017 15:36:22: Не обработано: ServerControl >> Broadcast: сек
