RocketRcon v2.4.8.0

login aVIPs22031994
players
Client has executed command "players"
Players:
PlayerID: 76561198423084997 Name: lovemariina Character: 228ff Ping: 136
PlayerID: 76561198315561906 Name: MaXiMuS Character: MaXiMuS Ping: 54
PlayerID: 76561198444494613 Name: vladkrut22 Character: Aíÿ Ping: 136
Client has executed command "bans"
Bans:
PlayerID: 76561197966773788
JudgeID: 0
Reason: 900000 Duration: 31536000 Remaining: 27648041
PlayerID: 76561198190667017
JudgeID: 0
Reason: cheater Duration: 31104000 Remaining: 30528319
PlayerID: 76561198374710965
JudgeID: 0
Reason: cheater Duration: 31104000 Remaining: 30528335
Client has executed command "bans"
Bans:
PlayerID: 76561197966773788
JudgeID: 0
Reason: 900000 Duration: 31536000 Remaining: 27648041
PlayerID: 76561198190667017
JudgeID: 0
Reason: cheater Duration: 31104000 Remaining: 30528319
PlayerID: 76561198374710965
JudgeID: 0
Reason: cheater Duration: 31104000 Remaining: 30528335

END
bans
END
Client has executed command "bans"

Bans:
PlayerID: 76561197966773788
JudgeID: 0
Reason: 900000 Duration: 31536000 Remaining: 27648040
PlayerID: 76561198190667017
JudgeID: 0
Reason: cheater Duration: 31104000 Remaining: 30528318
PlayerID: 76561198374710965
JudgeID: 0
Reason: cheater Duration: 31104000 Remaining: 30528334

END
END
Client has executed command "GET NOW"

ServerControl >> VALUE NOW [1] [0] [2251]

GET NOW
Client has executed command "GET NOW"
ServerControl >> VALUE NOW [1] [0] [2259]

Client has executed command "GET NOW"

ServerControl >> VALUE NOW [1] [0] [2261]

Client has executed command "players"

Players:
PlayerID: 76561198423084997 Name: lovemariina Character: 228ff Ping: 132
PlayerID: 76561198315561906 Name: MaXiMuS Character: MaXiMuS Ping: 62
PlayerID: 76561198444494613 Name: vladkrut22 Character: Aíÿ Ping: 164

Client has executed command "bans"

Bans:
PlayerID: 76561197966773788
JudgeID: 0
Reason: 900000 Duration: 31536000 Remaining: 27648020
PlayerID: 76561198190667017
JudgeID: 0
Reason: cheater Duration: 31104000 Remaining: 30528298
PlayerID: 76561198374710965
JudgeID: 0
Reason: cheater Duration: 31104000 Remaining: 30528314

END
bans
Client has executed command "bans"

Bans:
PlayerID: 76561197966773788
JudgeID: 0
Reason: 900000 Duration: 31536000 Remaining: 27648020
PlayerID: 76561198190667017
JudgeID: 0
Reason: cheater Duration: 31104000 Remaining: 30528298
PlayerID: 76561198374710965
JudgeID: 0
Reason: cheater Duration: 31104000 Remaining: 30528314

END
END
players
GET NOW
Client has executed command "players"

Players:

PlayerID: 76561198423084997 Name: lovemariina Character: 228ff Ping: 132
PlayerID: 76561198315561906 Name: MaXiMuS Character: MaXiMuS Ping: 50
PlayerID: 76561198444494613 Name: vladkrut22 Character: Aíÿ Ping: 148
Client has executed command "GET NOW"
ServerControl >> VALUE NOW [1] [0] [2269]

