RocketRcon v2.4.8.0

login aVIPs22031994
players
Client has executed command "players"
Players:
PlayerID: 76561198056500580 Name: BART Character: KOFFI Ping: 54

Client has executed command "bans"
Bans:
PlayerID: 76561197966773788
JudgeID: 0
Reason: 900000 Duration: 31536000 Remaining: 27473725
PlayerID: 76561198190667017
JudgeID: 0
Reason: cheater Duration: 31104000 Remaining: 30354003
PlayerID: 76561198374710965
JudgeID: 0
Reason: cheater Duration: 31104000 Remaining: 30354019

END
Client has executed command "GET NOW"
ServerControl >> VALUE NOW [1] [0] [922]

END
Client has executed command "players"
Players:
PlayerID: 76561198056500580 Name: BART Character: KOFFI Ping: 23

Client has executed command "bans"

Bans:
PlayerID: 76561197966773788
JudgeID: 0
Reason: 900000 Duration: 31536000 Remaining: 27473719
PlayerID: 76561198190667017
JudgeID: 0
Reason: cheater Duration: 31104000 Remaining: 30353997
PlayerID: 76561198374710965
JudgeID: 0
Reason: cheater Duration: 31104000 Remaining: 30354013

END
END
MessageAnnouncer >> Broadcast: vk.com/unturned_hgm - группа сервера ВК, уникальный кит в записи!

MessageAnnouncer >> vk.com/unturned_hgm - группа сервера ВК, уникальный кит в записи!

Client has executed command "GET NOW"

ServerControl >> VALUE NOW [1] [0] [932]

GET NOW
Client has executed command "GET NOW"

ServerControl >> VALUE NOW [1] [0] [934]
Client has executed command "GET NOW"
ServerControl >> VALUE NOW [1] [0] [942]

GET NOW
Client has executed command "players"
Players:
PlayerID: 76561198056500580 Name: BART Character: KOFFI Ping: 31

Client has executed command "GET NOW"

