RocketRcon v2.4.8.0

login aVIPs22031994
players
Client has executed command "players"
Failed to find any players.
Client has executed command "GET NOW"

ServerControl >> VALUE NOW [1] [0] [936]

Client has executed command "players"

Failed to find any players.

Client has executed command "GET NOW"

ServerControl >> VALUE NOW [1] [0] [946]

GET NOW
Client has executed command "GET NOW"

ServerControl >> VALUE NOW [1] [0] [947]

Client has executed command "GET NOW"

ServerControl >> VALUE NOW [1] [0] [956]

GET NOW
Client has executed command "GET NOW"

ServerControl >> VALUE NOW [1] [0] [958]

Client has executed command "players"

Failed to find any players.

Client has executed command "GET NOW"

GET NOW
ServerControl >> VALUE NOW [1] [0] [966]

