RocketRcon v2.4.8.0

login aVIPs22031994
players
Client has executed command "players"
Failed to find any players.

Client has executed command "players"
Failed to find any players.
Client has executed command "GET NOW"
ServerControl >> VALUE NOW [0] [0] [2749]

MessageAnnouncer >> Broadcast: Наберите /kit start, чтобы получить стартовый набор (еда, вода, топор)

MessageAnnouncer >> Наберите /kit start, чтобы получить стартовый набор (еда, вода, топор)

Client has executed command "GET NOW"

ServerControl >> VALUE NOW [0] [0] [2759]

GET NOW
Client has executed command "GET NOW"

ServerControl >> VALUE NOW [0] [0] [2760]

Client has executed command "players"

Failed to find any players.

Client has executed command "GET NOW"

ServerControl >> VALUE NOW [0] [0] [2769]

GET NOW
Client has executed command "GET NOW"

ServerControl >> VALUE NOW [0] [0] [2770]

Client has executed command "GET NOW"

ServerControl >> VALUE NOW [0] [0] [2779]

GET NOW
Client has executed command "GET NOW"

ServerControl >> VALUE NOW [0] [0] [2780]

Client has executed command "players"

Failed to find any players.

Client has executed command "GET NOW"

ServerControl >> VALUE NOW [0] [0] [2789]

GET NOW
Client has executed command "GET NOW"

ServerControl >> VALUE NOW [0] [0] [2790]

Client has executed command "GET NOW"

ServerControl >> VALUE NOW [0] [0] [2799]

GET NOW
Client has executed command "GET NOW"

ServerControl >> VALUE NOW [0] [0] [2800]

Client has executed command "players"

Failed to find any players.

Client has executed command "GET NOW"

ServerControl >> VALUE NOW [0] [0] [2809]

GET NOW
Client has executed command "GET NOW"

ServerControl >> VALUE NOW [0] [0] [2810]

MessageAnnouncer >> Broadcast: Внимание! PvP-режим по субботам! PvP-режим!!!

MessageAnnouncer >> Внимание! PvP-режим по субботам! PvP-режим!!!

Client has executed command "GET NOW"

ServerControl >> VALUE NOW [0] [0] [2819]

GET NOW
Client has executed command "GET NOW"

ServerControl >> VALUE NOW [0] [0] [2820]

Client has executed command "players"

Failed to find any players.

Client has executed command "GET NOW"

ServerControl >> VALUE NOW [0] [0] [2829]

GET NOW
Client has executed command "GET NOW"

ServerControl >> VALUE NOW [0] [0] [2830]

Client has executed command "GET NOW"

ServerControl >> VALUE NOW [0] [0] [2839]

GET NOW
Client has executed command "GET NOW"

ServerControl >> VALUE NOW [0] [0] [2840]

Client has executed command "players"

Failed to find any players.

Client has executed command "GET NOW"

ServerControl >> VALUE NOW [0] [0] [2849]

GET NOW
Client has executed command "GET NOW"

ServerControl >> VALUE NOW [0] [0] [2850]

Client has executed command "GET NOW"

ServerControl >> VALUE NOW [0] [0] [2859]

GET NOW
Client has executed command "GET NOW"

ServerControl >> VALUE NOW [0] [0] [2860]

Client has executed command "players"

Failed to find any players.

Client has executed command "GET NOW"

ServerControl >> VALUE NOW [0] [0] [2869]

GET NOW
Client has executed command "GET NOW"

ServerControl >> VALUE NOW [0] [0] [2870]

MessageAnnouncer >> Broadcast: vk.com/unturned_hgm - группа сервера ВК, уникальный кит в записи!

MessageAnnouncer >> vk.com/unturned_hgm - группа сервера ВК, уникальный кит в записи!

Client has executed command "GET NOW"

ServerControl >> VALUE NOW [0] [0] [2879]

GET NOW
Client has executed command "GET NOW"

ServerControl >> VALUE NOW [0] [0] [2880]

Client has executed command "players"

Failed to find any players.

Client has executed command "GET NOW"

ServerControl >> VALUE NOW [0] [0] [2889]

GET NOW
Client has executed command "GET NOW"

ServerControl >> VALUE NOW [0] [0] [2890]

Client has executed command "GET NOW"

ServerControl >> VALUE NOW [0] [0] [2899]

GET NOW
Client has executed command "GET NOW"

ServerControl >> VALUE NOW [0] [0] [2900]

Client has executed command "players"

Failed to find any players.

Client has executed command "GET NOW"

ServerControl >> VALUE NOW [0] [0] [2910]

GET NOW
Client has executed command "GET NOW"

ServerControl >> VALUE NOW [0] [0] [2910]

Client has executed command "GET NOW"

ServerControl >> VALUE NOW [0] [0] [2920]

GET NOW
Client has executed command "GET NOW"

ServerControl >> VALUE NOW [0] [0] [2920]

Client has executed command "players"

Failed to find any players.

Client has executed command "GET NOW"

ServerControl >> VALUE NOW [0] [0] [2930]

GET NOW
Client has executed command "GET NOW"

ServerControl >> VALUE NOW [0] [0] [2930]

MessageAnnouncer >> Broadcast: Посетите наш сайт. Вы будете удивлены! unturned.hemulgm.ru

MessageAnnouncer >> Посетите наш сайт. Вы будете удивлены! unturned.hemulgm.ru

Client has executed command "GET NOW"

ServerControl >> VALUE NOW [0] [0] [2940]

GET NOW
Client has executed command "GET NOW"

ServerControl >> VALUE NOW [0] [0] [2940]

Client has executed command "players"

Failed to find any players.

Client has executed command "GET NOW"

ServerControl >> VALUE NOW [0] [0] [2950]

GET NOW
Client has executed command "GET NOW"

ServerControl >> VALUE NOW [0] [0] [2950]

Client has executed command "GET NOW"

ServerControl >> VALUE NOW [0] [0] [2960]

GET NOW
Client has executed command "GET NOW"

ServerControl >> VALUE NOW [0] [0] [2961]

Client has executed command "players"

Failed to find any players.

Client has executed command "GET NOW"

ServerControl >> VALUE NOW [0] [0] [2970]

GET NOW
Client has executed command "GET NOW"

ServerControl >> VALUE NOW [0] [0] [2971]

Client has executed command "GET NOW"

ServerControl >> VALUE NOW [0] [0] [2980]

GET NOW
Client has executed command "GET NOW"

ServerControl >> VALUE NOW [0] [0] [2981]

Client has executed command "players"

Failed to find any players.

Client has executed command "GET NOW"

ServerControl >> VALUE NOW [0] [0] [2990]

GET NOW
Client has executed command "GET NOW"

ServerControl >> VALUE NOW [0] [0] [2991]

MessageAnnouncer >> Broadcast: Наберите /kit help, чтобы получить первую мед. помощь (бинты, таблетки, еда)

MessageAnnouncer >> Наберите /kit help, чтобы получить первую мед. помощь (бинты, таблетки, еда)

Client has executed command "GET NOW"

ServerControl >> VALUE NOW [0] [0] [3000]

GET NOW
Client has executed command "GET NOW"

ServerControl >> VALUE NOW [0] [0] [3001]

Client has executed command "players"

Failed to find any players.

Client has executed command "GET NOW"

ServerControl >> VALUE NOW [0] [0] [3010]

GET NOW
Client has executed command "GET NOW"

ServerControl >> VALUE NOW [0] [0] [3011]

Client has executed command "GET NOW"

ServerControl >> VALUE NOW [0] [0] [3020]

GET NOW
Client has executed command "GET NOW"

ServerControl >> VALUE NOW [0] [0] [3021]

Client has executed command "players"

Failed to find any players.

Client has executed command "GET NOW"

ServerControl >> VALUE NOW [0] [0] [3030]

GET NOW
Client has executed command "GET NOW"

ServerControl >> VALUE NOW [0] [0] [3031]

Client has executed command "GET NOW"

ServerControl >> VALUE NOW [0] [0] [3040]

GET NOW
Client has executed command "GET NOW"

ServerControl >> VALUE NOW [0] [0] [3041]

Client has executed command "players"

Failed to find any players.

Client has executed command "GET NOW"

ServerControl >> VALUE NOW [0] [0] [3050]

GET NOW
Client has executed command "GET NOW"

ServerControl >> VALUE NOW [0] [0] [3051]

MessageAnnouncer >> Broadcast: vk.com/unturned_hgm - цены на премиум, VIP и другие услуги смотрите в группе!

MessageAnnouncer >> vk.com/unturned_hgm - цены на премиум, VIP и другие услуги смотрите в группе!

Client has executed command "GET NOW"

ServerControl >> VALUE NOW [0] [0] [3060]

GET NOW
Client has executed command "GET NOW"

ServerControl >> VALUE NOW [0] [0] [3061]

Client has executed command "players"

Failed to find any players.

Client has executed command "GET NOW"

ServerControl >> VALUE NOW [0] [0] [3070]

GET NOW
Client has executed command "GET NOW"

ServerControl >> VALUE NOW [0] [0] [3071]

Client has executed command "GET NOW"

ServerControl >> VALUE NOW [0] [0] [3080]

GET NOW
Client has executed command "GET NOW"

ServerControl >> VALUE NOW [0] [0] [3081]

Client has executed command "players"

Failed to find any players.

Client has executed command "GET NOW"

ServerControl >> VALUE NOW [0] [0] [3090]

GET NOW
Client has executed command "GET NOW"

ServerControl >> VALUE NOW [0] [0] [3091]

Client has executed command "GET NOW"

ServerControl >> VALUE NOW [0] [0] [3100]

GET NOW
Client has executed command "GET NOW"

ServerControl >> VALUE NOW [0] [0] [3101]

Client has executed command "players"

Failed to find any players.

Client has executed command "GET NOW"
ServerControl >> VALUE NOW [0] [0] [3110]

GET NOW
Client has executed command "GET NOW"

ServerControl >> VALUE NOW [0] [0] [3111]

MessageAnnouncer >> Broadcast: Наберите /kit claim, чтобы получить Claim Flag

MessageAnnouncer >> Наберите /kit claim, чтобы получить Claim Flag

Client has executed command "GET NOW"
ServerControl >> VALUE NOW [0] [0] [3120]

GET NOW
Client has executed command "GET NOW"

ServerControl >> VALUE NOW [0] [0] [3121]

Client has executed command "players"

Failed to find any players.

Client has executed command "GET NOW"
ServerControl >> VALUE NOW [0] [0] [3130]

GET NOW
Client has executed command "GET NOW"

ServerControl >> VALUE NOW [0] [0] [3132]

Client has executed command "GET NOW"
ServerControl >> VALUE NOW [0] [0] [3140]

Client has executed command "cchat "/33/09/17/04/17/15/16 /24/05/17/05/08 3 /24. 30 /13. " 255 255 0"

ServerControl >> Broadcast: Аирдроп через 3 ч. 30 м.

Не обработано: ServerControl >> Broadcast: Аирдроп через 3 ч. 30 м.
GET NOW
Client has executed command "GET NOW"

ServerControl >> VALUE NOW [0] [0] [3142]

Client has executed command "players"

Failed to find any players.

Client has executed command "GET NOW"
ServerControl >> VALUE NOW [0] [0] [3150]

GET NOW
Client has executed command "GET NOW"

ServerControl >> VALUE NOW [0] [0] [3152]

Client has executed command "GET NOW"
ServerControl >> VALUE NOW [0] [0] [3160]

GET NOW
Client has executed command "GET NOW"

ServerControl >> VALUE NOW [0] [0] [3162]

Client has executed command "players"
Failed to find any players.

Client has executed command "GET NOW"

ServerControl >> VALUE NOW [0] [0] [3170]

GET NOW
Client has executed command "GET NOW"
ServerControl >> VALUE NOW [0] [0] [3172]

