RocketRcon v2.4.8.0

login aVIPs22031994
players
Client has executed command "players"
Players:
PlayerID: 76561198351213164 Name: _АхМеД_ :D Character: Виндяй Вечеслав Ping: 78
PlayerID: 76561198366284525 Name: NikiRoC Character: Никита Калашников Ping: 46

Client has executed command "bans"
Bans:
PlayerID: 76561197966773788
JudgeID: 0
Reason: 900000 Duration: 31536000 Remaining: 27407532
PlayerID: 76561198190667017
JudgeID: 0
Reason: cheater Duration: 31104000 Remaining: 30287810
PlayerID: 76561198374710965
JudgeID: 0
Reason: cheater Duration: 31104000 Remaining: 30287826
PlayerID: 76561198257502095
JudgeID: 76561198237123262
Reason: 3600 Duration: 31536000 Remaining: 31493066

END
END
Client has executed command "GET NOW"

ServerControl >> VALUE NOW [0] [0] [2495]

MessageAnnouncer >> Broadcast: Наберите /kit start, чтобы получить стартовый набор (еда, вода, топор)
MessageAnnouncer >> Наберите /kit start, чтобы получить стартовый набор (еда, вода, топор)
Client has executed command "players"
Players:
PlayerID: 76561198351213164 Name: _АхМеД_ :D Character: Виндяй Вечеслав Ping: 62
PlayerID: 76561198366284525 Name: NikiRoC Character: Никита Калашников Ping: 54

Client has executed command "bans"
Bans:
PlayerID: 76561197966773788
JudgeID: 0
Reason: 900000 Duration: 31536000 Remaining: 27407518
PlayerID: 76561198190667017
JudgeID: 0
Reason: cheater Duration: 31104000 Remaining: 30287796
PlayerID: 76561198374710965
JudgeID: 0
Reason: cheater Duration: 31104000 Remaining: 30287812
PlayerID: 76561198257502095
JudgeID: 76561198237123262
Reason: 3600 Duration: 31536000 Remaining: 31493052

END
GET NOW
Client has executed command "GET NOW"

ServerControl >> VALUE NOW [0] [0] [2502]

END
Client has executed command "GET NOW"
ServerControl >> VALUE NOW [0] [0] [2505]

GET NOW
Client has executed command "GET NOW"

Client has executed command "GET NOW"

ServerControl >> VALUE NOW [0] [0] [2515]
ServerControl >> VALUE NOW [0] [0] [2515]

Client has executed command "players"

Players:
PlayerID: 76561198351213164 Name: _АхМеД_ :D Character: Виндяй Вечеслав Ping: 70
PlayerID: 76561198366284525 Name: NikiRoC Character: Никита Калашников Ping: 46

Client has executed command "bans"

Bans:
PlayerID: 76561197966773788
JudgeID: 0
Reason: 900000 Duration: 31536000 Remaining: 27407498
PlayerID: 76561198190667017
JudgeID: 0
Reason: cheater Duration: 31104000 Remaining: 30287776
PlayerID: 76561198374710965
JudgeID: 0
Reason: cheater Duration: 31104000 Remaining: 30287792
PlayerID: 76561198257502095
JudgeID: 76561198237123262
Reason: 3600 Duration: 31536000 Remaining: 31493032

END
END
Client has executed command "GET NOW"

GET NOW
ServerControl >> VALUE NOW [0] [0] [2525]

Client has executed command "GET NOW"
ServerControl >> VALUE NOW [0] [0] [2525]

Client has executed command "GET NOW"
ServerControl >> VALUE NOW [0] [0] [2535]

GET NOW
Client has executed command "GET NOW"

ServerControl >> VALUE NOW [0] [0] [2537]

Client has executed command "players"

Players:
PlayerID: 76561198351213164 Name: _АхМеД_ :D Character: Виндяй Вечеслав Ping: 70
PlayerID: 76561198366284525 Name: NikiRoC Character: Никита Калашников Ping: 62

Client has executed command "bans"

Bans:
PlayerID: 76561197966773788
JudgeID: 0
Reason: 900000 Duration: 31536000 Remaining: 27407478
PlayerID: 76561198190667017
JudgeID: 0
Reason: cheater Duration: 31104000 Remaining: 30287756
PlayerID: 76561198374710965
JudgeID: 0
Reason: cheater Duration: 31104000 Remaining: 30287772
PlayerID: 76561198257502095
JudgeID: 76561198237123262
Reason: 3600 Duration: 31536000 Remaining: 31493012

END
