RocketRcon v2.4.8.0

login aVIPs22031994
players
MessageAnnouncer >> vk.com/hemulgm - ЕДИНСТВЕННЫЙ администратор сервера
Client has executed command "players"
Players:
PlayerID: 76561198170878115 Name: EssexSting1 Character: EssexSting1 Ping: 179
PlayerID: 76561198424120093 Name: Knockout1Demscouts Character: Knockout1Demscouts Ping: 199

Client has executed command "bans"

Bans:
PlayerID: 76561197966773788
JudgeID: 0
Reason: 900000 Duration: 31536000 Remaining: 28010097
PlayerID: 76561198336969313
JudgeID: 0
Reason: reid Duration: 604800 Remaining: 125330
PlayerID: 76561198212486347
JudgeID: 0
Reason: reid Duration: 604800 Remaining: 125661
PlayerID: 76561198391097237
JudgeID: 0
Reason: reid Duration: 604800 Remaining: 288148
PlayerID: 76561198190667017
JudgeID: 0
Reason: cheater Duration: 31104000 Remaining: 30890375
PlayerID: 76561198374710965
JudgeID: 0
Reason: cheater Duration: 31104000 Remaining: 30890391

END
