17.11.2017 15:26:04: RocketRcon v2.4.8.0

17.11.2017 15:26:05: Client has executed command "players"
Players:
PlayerID: 76561198234232440 Name: FuSian Character: Fusian Ping: 75
PlayerID: 76561198285625894 Name: _Wenrag0rn Character: _Wenrag0rn Ping: 60
PlayerID: 76561198170498361 Name: _Nick_Hunter_ Character: Nick_Hunter[RUS] Ping: 118

17.11.2017 15:26:06: Client has executed command "bans"
Bans:
PlayerID: 76561197966773788
JudgeID: 0
Reason: 900000 Duration: 31536000 Remaining: 28514811
PlayerID: 76561198395511982
JudgeID: 0
Reason: 999999 Duration: 31536000 Remaining: 30069563
PlayerID: 76561198331180787
JudgeID: 76561198151655003
Reason: unspecified Duration: 31536000 Remaining: 30417781
PlayerID: 76561198172502147
JudgeID: 76561198237123262
Reason: 3600 Duration: 31536000 Remaining: 30421175
PlayerID: 76561198331252339
JudgeID: 76561198151655003
Reason: unspecified Duration: 31536000 Remaining: 30433508
PlayerID: 76561198434258763
JudgeID: 0
Reason: reid Duration: 608400 Remaining: 200055

17.11.2017 15:26:06: END
17.11.2017 15:26:06: Client has executed command "bans"

17.11.2017 15:26:08: Bans:
PlayerID: 76561197966773788
JudgeID: 0
Reason: 900000 Duration: 31536000 Remaining: 28514811
PlayerID: 76561198395511982
JudgeID: 0
Reason: 999999 Duration: 31536000 Remaining: 30069563
PlayerID: 76561198331180787
JudgeID: 76561198151655003
Reason: unspecified Duration: 31536000 Remaining: 30417781
PlayerID: 76561198172502147
JudgeID: 76561198237123262
Reason: 3600 Duration: 31536000 Remaining: 30421175
PlayerID: 76561198331252339
JudgeID: 76561198151655003
Reason: unspecified Duration: 31536000 Remaining: 30433508
PlayerID: 76561198434258763
JudgeID: 0
Reason: reid Duration: 608400 Remaining: 200055

17.11.2017 15:26:08: END
17.11.2017 15:26:10: END
17.11.2017 15:26:18: Client has executed command "players"

17.11.2017 15:26:18: Players:
PlayerID: 76561198234232440 Name: FuSian Character: Fusian Ping: 80
PlayerID: 76561198285625894 Name: _Wenrag0rn Character: _Wenrag0rn Ping: 66
PlayerID: 76561198170498361 Name: _Nick_Hunter_ Character: Nick_Hunter[RUS] Ping: 140

17.11.2017 15:26:19: Client has executed command "bans"

17.11.2017 15:26:19: Bans:
PlayerID: 76561197966773788
JudgeID: 0
Reason: 900000 Duration: 31536000 Remaining: 28514798
PlayerID: 76561198395511982
JudgeID: 0
Reason: 999999 Duration: 31536000 Remaining: 30069550
PlayerID: 76561198331180787
JudgeID: 76561198151655003
Reason: unspecified Duration: 31536000 Remaining: 30417768
PlayerID: 76561198172502147
JudgeID: 76561198237123262
Reason: 3600 Duration: 31536000 Remaining: 30421162
PlayerID: 76561198331252339
JudgeID: 76561198151655003
Reason: unspecified Duration: 31536000 Remaining: 30433495
PlayerID: 76561198434258763
JudgeID: 0
Reason: reid Duration: 608400 Remaining: 200042

17.11.2017 15:26:19: END
17.11.2017 15:26:19: Client has executed command "bans"

17.11.2017 15:26:19: Bans:
PlayerID: 76561197966773788
JudgeID: 0
Reason: 900000 Duration: 31536000 Remaining: 28514798
PlayerID: 76561198395511982
JudgeID: 0
Reason: 999999 Duration: 31536000 Remaining: 30069550
PlayerID: 76561198331180787
JudgeID: 76561198151655003
Reason: unspecified Duration: 31536000 Remaining: 30417768
PlayerID: 76561198172502147
JudgeID: 76561198237123262
Reason: 3600 Duration: 31536000 Remaining: 30421162
PlayerID: 76561198331252339
JudgeID: 76561198151655003
Reason: unspecified Duration: 31536000 Remaining: 30433495
PlayerID: 76561198434258763
JudgeID: 0
Reason: reid Duration: 608400 Remaining: 200042

17.11.2017 15:26:19: END
17.11.2017 15:26:21: END
