RocketRcon v2.4.8.0

login aVIPs22031994
players
Client has executed command "players"
Players:
PlayerID: 76561198366549870 Name: Expert13372284200 Character: Expert1337 Ping: 212
PlayerID: 76561198385149949 Name: GoDNooB Character: GoDNooB Ping: 163
PlayerID: 76561198315561906 Name: MaXiMuS Character: valuxa1984 Ping: 48
PlayerID: 76561198430964141 Name: tolikoleshki Character: tolik Ping: 78
PlayerID: 76561198265247601 Name: BisonbonasusPlay Character: Dmitriy Ping: 76
PlayerID: 76561198384139999 Name: agat84 Character: Mr.Shadou Ping: 84

Client has executed command "bans"
Bans:
PlayerID: 76561197966773788
JudgeID: 0
Reason: 900000 Duration: 31536000 Remaining: 28076437
PlayerID: 76561198336969313
JudgeID: 0
Reason: reid Duration: 604800 Remaining: 191670
PlayerID: 76561198212486347
JudgeID: 0
Reason: reid Duration: 604800 Remaining: 192001
PlayerID: 76561198391097237
JudgeID: 0
Reason: reid Duration: 604800 Remaining: 354488
PlayerID: 76561198190667017
JudgeID: 0
Reason: cheater Duration: 31104000 Remaining: 30956715
PlayerID: 76561198374710965
JudgeID: 0
Reason: cheater Duration: 31104000 Remaining: 30956731

END
END
Client has executed command "GET NOW"

ServerControl >> VALUE NOW [0] [0] [2525]

