RocketRcon v2.4.8.0

login aVIPs22031994
players
Client has executed command "players"
Players:
PlayerID: 76561198366549870 Name: Expert13372284200 Character: Expert1337 Ping: 219
PlayerID: 76561198385149949 Name: GoDNooB Character: GoDNooB Ping: 141
PlayerID: 76561198315561906 Name: MaXiMuS Character: valuxa1984 Ping: 53
PlayerID: 76561198430964141 Name: tolikoleshki Character: tolik Ping: 119
PlayerID: 76561198265247601 Name: BisonbonasusPlay Character: Dmitriy Ping: 88
PlayerID: 76561198384139999 Name: agat84 Character: Mr.Shadou Ping: 95
PlayerID: 76561198186345581 Name: kvbruyaka Character: kvbruyaka Ping: 43

Client has executed command "bans"
Bans:
PlayerID: 76561197966773788
JudgeID: 0
Reason: 900000 Duration: 31536000 Remaining: 28076566
PlayerID: 76561198336969313
JudgeID: 0
Reason: reid Duration: 604800 Remaining: 191799
PlayerID: 76561198212486347
JudgeID: 0
Reason: reid Duration: 604800 Remaining: 192130
PlayerID: 76561198391097237
JudgeID: 0
Reason: reid Duration: 604800 Remaining: 354617
PlayerID: 76561198190667017
JudgeID: 0
Reason: cheater Duration: 31104000 Remaining: 30956844
PlayerID: 76561198374710965
JudgeID: 0
Reason: cheater Duration: 31104000 Remaining: 30956860

END
Client has executed command "players"
Players:
PlayerID: 76561198366549870 Name: Expert13372284200 Character: Expert1337 Ping: 209
PlayerID: 76561198385149949 Name: GoDNooB Character: GoDNooB Ping: 124
PlayerID: 76561198315561906 Name: MaXiMuS Character: valuxa1984 Ping: 49
PlayerID: 76561198430964141 Name: tolikoleshki Character: tolik Ping: 115
PlayerID: 76561198265247601 Name: BisonbonasusPlay Character: Dmitriy Ping: 90
PlayerID: 76561198384139999 Name: agat84 Character: Mr.Shadou Ping: 101
PlayerID: 76561198186345581 Name: kvbruyaka Character: kvbruyaka Ping: 40

END
Client has executed command "bans"

Bans:
PlayerID: 76561197966773788
JudgeID: 0
Reason: 900000 Duration: 31536000 Remaining: 28076563
PlayerID: 76561198336969313
JudgeID: 0
Reason: reid Duration: 604800 Remaining: 191796
PlayerID: 76561198212486347
JudgeID: 0
Reason: reid Duration: 604800 Remaining: 192127
PlayerID: 76561198391097237
JudgeID: 0
Reason: reid Duration: 604800 Remaining: 354614
PlayerID: 76561198190667017
JudgeID: 0
Reason: cheater Duration: 31104000 Remaining: 30956841
PlayerID: 76561198374710965
JudgeID: 0
Reason: cheater Duration: 31104000 Remaining: 30956857

END
Client has executed command "GET NOW"

ServerControl >> VALUE NOW [0] [0] [2395]

END
