Не обработано: RocketRcon v2.4.8.0
RocketRcon v2.4.8.0

Client has executed command "players"

TimerTerminateCommand.Enabled with Players:
Players:
PlayerID: 76561198345092267 Name: demid3450 Character: [гл террористов] демид журавлёв Ping: 93
PlayerID: 76561198280617288 Name: Незнаю какой придумать Character: Пипр Ping: 54
PlayerID: 76561198367927405 Name: < blank > Character: < blank > Ping: 125
PlayerID: 76561198349787658 Name: VIKTORIA_201577 Character: VIKTORIA Ping: 156

TimerTerminateCommand.Enabled with Players:
Client has executed command "bans"

END with Players:
TimerTerminateCommand.Enabled with Bans:
Bans:
PlayerID: 123123
JudgeID: 0
Reason: unspecified Duration: 31536000 Remaining: 31303253
PlayerID: 123
JudgeID: 0
Reason: durila Duration: 4000 Remaining: 4294739047
PlayerID: 76561198274427357
JudgeID: 0
Reason: you were vote kicked Duration: 180 Remaining: 4294767420

???M ????
???M ????
???M ????
END with Bans:
???M ????
[World] [гл террористов] демид журавлёв [demid3450]: "от минимум 30 железа"

???M ????
???M ????
Connecting: PlayerID: 76561198262878051 Name: Kolder Character: Kolder

???M ????
???M ????
