RocketRcon v2.4.8.0

login aVIPs22031994
players
Client has executed command "players"
Players:
PlayerID: 76561198218103779 Name: Магистр_Сала Character: мафия    Ping: 21

Client has executed command "GET NOW"

ServerControl >> VALUE NOW [0] [0] [3238]
Client has executed command "players"
Players:
PlayerID: 76561198218103779 Name: Магистр_Сала Character: мафия    Ping: 25
Client has executed command "bans"
Bans:
PlayerID: 76561197966773788
JudgeID: 0
Reason: 900000 Duration: 31536000 Remaining: 27666055
PlayerID: 76561198190667017
JudgeID: 0
Reason: cheater Duration: 31104000 Remaining: 30546333
PlayerID: 76561198374710965
JudgeID: 0
Reason: cheater Duration: 31104000 Remaining: 30546349
Client has executed command "bans"
Bans:
PlayerID: 76561197966773788
JudgeID: 0
Reason: 900000 Duration: 31536000 Remaining: 27666055
PlayerID: 76561198190667017
JudgeID: 0
Reason: cheater Duration: 31104000 Remaining: 30546333
PlayerID: 76561198374710965
JudgeID: 0
Reason: cheater Duration: 31104000 Remaining: 30546349

END
END
END
END
Client has executed command "GET NOW"

ServerControl >> VALUE NOW [0] [0] [3248]

GET NOW
Client has executed command "GET NOW"

ServerControl >> VALUE NOW [0] [0] [3255]

Client has executed command "GET NOW"

ServerControl >> VALUE NOW [0] [0] [3258]

Client has executed command "players"

Players:
PlayerID: 76561198218103779 Name: Магистр_Сала Character: мафия    Ping: 21

Client has executed command "bans"

Bans:
PlayerID: 76561197966773788
JudgeID: 0
Reason: 900000 Duration: 31536000 Remaining: 27666033
PlayerID: 76561198190667017
JudgeID: 0
Reason: cheater Duration: 31104000 Remaining: 30546311
PlayerID: 76561198374710965
JudgeID: 0
Reason: cheater Duration: 31104000 Remaining: 30546327

END
END
GET NOW
Client has executed command "GET NOW"

ServerControl >> VALUE NOW [0] [0] [3265]

Client has executed command "GET NOW"

ServerControl >> VALUE NOW [0] [0] [3268]

GET NOW
Client has executed command "GET NOW"

ServerControl >> VALUE NOW [0] [0] [3275]

Client has executed command "GET NOW"

ServerControl >> VALUE NOW [0] [0] [3278]

Client has executed command "players"

Players:
PlayerID: 76561198218103779 Name: Магистр_Сала Character: мафия    Ping: 15

Client has executed command "bans"

Bans:
PlayerID: 76561197966773788
JudgeID: 0
Reason: 900000 Duration: 31536000 Remaining: 27666013
PlayerID: 76561198190667017
JudgeID: 0
Reason: cheater Duration: 31104000 Remaining: 30546291
PlayerID: 76561198374710965
JudgeID: 0
Reason: cheater Duration: 31104000 Remaining: 30546307

END
END
GET NOW
Client has executed command "GET NOW"

ServerControl >> VALUE NOW [0] [0] [3285]

MessageAnnouncer >> Broadcast: vk.com/hemulgm - ЕДИНСТВЕННЫЙ администратор сервера

MessageAnnouncer >> vk.com/hemulgm - ЕДИНСТВЕННЫЙ администратор сервера

Client has executed command "GET NOW"

ServerControl >> VALUE NOW [0] [0] [3288]

GET NOW
Client has executed command "GET NOW"

ServerControl >> VALUE NOW [0] [0] [3295]

Client has executed command "GET NOW"

ServerControl >> VALUE NOW [0] [0] [3298]

Client has executed command "players"

Players:
PlayerID: 76561198218103779 Name: Магистр_Сала Character: мафия    Ping: 19

Client has executed command "bans"

Bans:
PlayerID: 76561197966773788
JudgeID: 0
Reason: 900000 Duration: 31536000 Remaining: 27665993
PlayerID: 76561198190667017
JudgeID: 0
Reason: cheater Duration: 31104000 Remaining: 30546271
PlayerID: 76561198374710965
JudgeID: 0
Reason: cheater Duration: 31104000 Remaining: 30546287

END
[World] мафия    [Магистр_Сала]: "а можно зделать цитыдель"

END
GET NOW
Client has executed command "GET NOW"

ServerControl >> VALUE NOW [0] [0] [3305]

Client has executed command "GET NOW"

ServerControl >> VALUE NOW [0] [0] [3308]

cchat "/33/04/13/09/14: /47/05 /01/15/12/29/25/20/31" 255 0 0
Client has executed command "cchat "/33/04/13/09/14: /47/05 /01/15/12/29/25/20/31" 255 0 0"

ServerControl >> Broadcast: Админ: Не большую

Не обработано: ServerControl >> Broadcast: Админ: Не большую
GET NOW
Client has executed command "GET NOW"

ServerControl >> VALUE NOW [0] [0] [3315]

Client has executed command "GET NOW"

ServerControl >> VALUE NOW [0] [0] [3318]
Client has executed command "players"
Players:
PlayerID: 76561198218103779 Name: Магистр_Сала Character: мафия    Ping: 23

[World] мафия    [Магистр_Сала]: "но высокyю"

Client has executed command "bans"

Bans:
PlayerID: 76561197966773788
JudgeID: 0
Reason: 900000 Duration: 31536000 Remaining: 27665973
PlayerID: 76561198190667017
JudgeID: 0
Reason: cheater Duration: 31104000 Remaining: 30546251
PlayerID: 76561198374710965
JudgeID: 0
Reason: cheater Duration: 31104000 Remaining: 30546267

END
END
GET NOW
Client has executed command "GET NOW"

ServerControl >> VALUE NOW [0] [0] [3325]

Client has executed command "GET NOW"
ServerControl >> VALUE NOW [0] [0] [3328]

[World] мафия    [Магистр_Сала]: "немногл"

GET NOW
Client has executed command "GET NOW"

ServerControl >> VALUE NOW [0] [0] [3335]

Client has executed command "GET NOW"

ServerControl >> VALUE NOW [0] [0] [3338]

Client has executed command "players"

Players:
PlayerID: 76561198218103779 Name: Магистр_Сала Character: мафия    Ping: 21

Client has executed command "bans"

Bans:
PlayerID: 76561197966773788
JudgeID: 0
Reason: 900000 Duration: 31536000 Remaining: 27665953
PlayerID: 76561198190667017
JudgeID: 0
Reason: cheater Duration: 31104000 Remaining: 30546231
PlayerID: 76561198374710965
JudgeID: 0
Reason: cheater Duration: 31104000 Remaining: 30546247

END
END
cchat "/33/04/13/09/14: /47/05 /02/28/25/05 5" 255 0 0
Client has executed command "cchat "/33/04/13/09/14: /47/05 /02/28/25/05 5" 255 0 0"

ServerControl >> Broadcast: Админ: Не выше 5

Не обработано: ServerControl >> Broadcast: Админ: Не выше 5
GET NOW
Client has executed command "GET NOW"

ServerControl >> VALUE NOW [0] [0] [3345]

MessageAnnouncer >> Broadcast: Используйте /report [ник], чтобы отправить жалобу на игрока

MessageAnnouncer >> Используйте /report [ник], чтобы отправить жалобу на игрока

Client has executed command "GET NOW"

ServerControl >> VALUE NOW [0] [0] [3348]

GET NOW
Client has executed command "GET NOW"

ServerControl >> VALUE NOW [0] [0] [3355]

Client has executed command "GET NOW"

ServerControl >> VALUE NOW [0] [0] [3358]

Client has executed command "players"

Players:
PlayerID: 76561198218103779 Name: Магистр_Сала Character: мафия    Ping: 15

Client has executed command "bans"

Bans:
PlayerID: 76561197966773788
JudgeID: 0
Reason: 900000 Duration: 31536000 Remaining: 27665933
PlayerID: 76561198190667017
JudgeID: 0
Reason: cheater Duration: 31104000 Remaining: 30546211
PlayerID: 76561198374710965
JudgeID: 0
Reason: cheater Duration: 31104000 Remaining: 30546227

END
[World] мафия    [Магистр_Сала]: "этажей????"

END
cchat "/33/04/13/09/14: /04/00" 255 0 0
Client has executed command "cchat "/33/04/13/09/14: /04/00" 255 0 0"

ServerControl >> Broadcast: Админ: да

Не обработано: ServerControl >> Broadcast: Админ: да
GET NOW
Client has executed command "GET NOW"

ServerControl >> VALUE NOW [0] [0] [3365]

Client has executed command "GET NOW"

ServerControl >> VALUE NOW [0] [0] [3368]

GET NOW
Client has executed command "GET NOW"

ServerControl >> VALUE NOW [0] [0] [3375]

Client has executed command "GET NOW"

ServerControl >> VALUE NOW [0] [0] [3378]

Client has executed command "players"

Players:
PlayerID: 76561198218103779 Name: Магистр_Сала Character: мафия    Ping: 11

Client has executed command "bans"

Bans:
PlayerID: 76561197966773788
JudgeID: 0
Reason: 900000 Duration: 31536000 Remaining: 27665913
PlayerID: 76561198190667017
JudgeID: 0
Reason: cheater Duration: 31104000 Remaining: 30546191
PlayerID: 76561198374710965
JudgeID: 0
Reason: cheater Duration: 31104000 Remaining: 30546207

END
END
GET NOW
Client has executed command "GET NOW"

ServerControl >> VALUE NOW [0] [0] [3385]

[World] мафия    [Магистр_Сала]: "а y какрас и 5 этажный дом"

Client has executed command "GET NOW"

ServerControl >> VALUE NOW [0] [0] [3388]

GET NOW
Client has executed command "GET NOW"

ServerControl >> VALUE NOW [0] [0] [3395]

[World] мафия    [Магистр_Сала]: "меня"

Client has executed command "GET NOW"

ServerControl >> VALUE NOW [0] [0] [3398]

Client has executed command "players"

Players:

PlayerID: 76561198218103779 Name: Магистр_Сала Character: мафия    Ping: 19

Client has executed command "bans"
Bans:
PlayerID: 76561197966773788
JudgeID: 0
Reason: 900000 Duration: 31536000 Remaining: 27665893
PlayerID: 76561198190667017
JudgeID: 0
Reason: cheater Duration: 31104000 Remaining: 30546171
PlayerID: 76561198374710965
JudgeID: 0

END
END
GET NOW
Reason: cheater Duration: 31104000 Remaining: 30546187

Не обработано: Reason: cheater Duration: 31104000 Remaining: 30546187
MessageAnnouncer >> Broadcast: Наберите /rules (/r) для просмотра правил
MessageAnnouncer >> Наберите /rules (/r) для просмотра правил
Client has executed command "GET NOW"
ServerControl >> VALUE NOW [0] [0] [3405]

Client has executed command "GET NOW"

ServerControl >> VALUE NOW [0] [0] [3408]

GET NOW
Client has executed command "GET NOW"

ServerControl >> VALUE NOW [0] [0] [3415]

Client has executed command "GET NOW"

ServerControl >> VALUE NOW [0] [0] [3418]

Client has executed command "players"

Players:
PlayerID: 76561198218103779 Name: Магистр_Сала Character: мафия    Ping: 15

Client has executed command "bans"

Bans:
PlayerID: 76561197966773788
JudgeID: 0
Reason: 900000 Duration: 31536000 Remaining: 27665873
PlayerID: 76561198190667017
JudgeID: 0
Reason: cheater Duration: 31104000 Remaining: 30546151
PlayerID: 76561198374710965
JudgeID: 0
Reason: cheater Duration: 31104000 Remaining: 30546167

END
END
