RocketRcon v2.4.8.0

login aVIPs22031994
players
Client has executed command "players"
Players:
PlayerID: 76561198366549870 Name: Expert13372284200 Character: Expert1337 Ping: 204
PlayerID: 76561198385149949 Name: GoDNooB Character: GoDNooB Ping: 144
PlayerID: 76561198315561906 Name: MaXiMuS Character: valuxa1984 Ping: 59
PlayerID: 76561198430964141 Name: tolikoleshki Character: tolik Ping: 127

Client has executed command "bans"
Bans:
PlayerID: 76561197966773788
JudgeID: 0
Reason: 900000 Duration: 31536000 Remaining: 28077045
PlayerID: 76561198336969313
JudgeID: 0
Reason: reid Duration: 604800 Remaining: 192278
PlayerID: 76561198212486347
JudgeID: 0
Reason: reid Duration: 604800 Remaining: 192609
PlayerID: 76561198391097237
JudgeID: 0
Reason: reid Duration: 604800 Remaining: 355096
PlayerID: 76561198190667017
JudgeID: 0
Reason: cheater Duration: 31104000 Remaining: 30957323
PlayerID: 76561198374710965
JudgeID: 0
Reason: cheater Duration: 31104000 Remaining: 30957339

END
Client has executed command "players"
Players:
PlayerID: 76561198366549870 Name: Expert13372284200 Character: Expert1337 Ping: 204
PlayerID: 76561198385149949 Name: GoDNooB Character: GoDNooB Ping: 158
PlayerID: 76561198315561906 Name: MaXiMuS Character: valuxa1984 Ping: 57
PlayerID: 76561198430964141 Name: tolikoleshki Character: tolik Ping: 104

END
Client has executed command "bans"

Bans:
PlayerID: 76561197966773788
JudgeID: 0
Reason: 900000 Duration: 31536000 Remaining: 28077043
PlayerID: 76561198336969313
JudgeID: 0
Reason: reid Duration: 604800 Remaining: 192276
PlayerID: 76561198212486347
JudgeID: 0
Reason: reid Duration: 604800 Remaining: 192607
PlayerID: 76561198391097237
JudgeID: 0
Reason: reid Duration: 604800 Remaining: 355094
PlayerID: 76561198190667017
JudgeID: 0
Reason: cheater Duration: 31104000 Remaining: 30957321
PlayerID: 76561198374710965
JudgeID: 0
Reason: cheater Duration: 31104000 Remaining: 30957337

END
Client has executed command "GET NOW"

ServerControl >> VALUE NOW [1] [0] [1915]

END
GET NOW
Client has executed command "GET NOW"

ServerControl >> VALUE NOW [1] [0] [1924]

Client has executed command "GET NOW"

ServerControl >> VALUE NOW [1] [0] [1925]

Client has executed command "players"

Players:
PlayerID: 76561198366549870 Name: Expert13372284200 Character: Expert1337 Ping: 220
PlayerID: 76561198385149949 Name: GoDNooB Character: GoDNooB Ping: 134
PlayerID: 76561198315561906 Name: MaXiMuS Character: valuxa1984 Ping: 58
PlayerID: 76561198430964141 Name: tolikoleshki Character: tolik Ping: 109

GET NOW
Client has executed command "GET NOW"

ServerControl >> VALUE NOW [1] [0] [1934]

Client has executed command "GET NOW"

ServerControl >> VALUE NOW [1] [0] [1935]

