17.11.2017 15:37:02: login aVIPs22031994
17.11.2017 15:37:02: players
17.11.2017 15:37:06: FUpdatePlayerList
17.11.2017 15:37:06: bans
17.11.2017 15:37:19: FUpdatePlayerList
17.11.2017 15:37:19: bans
17.11.2017 15:37:39: FUpdatePlayerList
17.11.2017 15:37:39: bans
17.11.2017 15:37:49: teleport 76561198170498361 "Paradise Point"
17.11.2017 15:37:49: 76561198170498361 телепортирован к Paradise Point
17.11.2017 15:37:49: Successfully teleported _Nick_Hunter_ to Paradise Point!
17.11.2017 15:37:59: FUpdatePlayerList
17.11.2017 15:37:59: bans
17.11.2017 15:38:19: FUpdatePlayerList
17.11.2017 15:38:19: bans
17.11.2017 15:38:28: teleport 76561198170498361 "Heritage Valley"
17.11.2017 15:38:28: 76561198170498361 телепортирован к Heritage Valley
17.11.2017 15:38:28: Successfully teleported _Nick_Hunter_ to Heritage Valley!
17.11.2017 15:38:36: cchat "=))" 255 0 0
17.11.2017 15:38:39: FUpdatePlayerList
17.11.2017 15:38:39: bans
17.11.2017 15:38:44: cchat "/51/15/17/32/14) /16/05/17/05/16/20/19/00/12" 255 0 0
17.11.2017 15:38:59: FUpdatePlayerList
17.11.2017 15:38:59: bans
17.11.2017 15:39:19: FUpdatePlayerList
17.11.2017 15:39:19: bans
17.11.2017 15:39:41: FUpdatePlayerList
17.11.2017 15:39:41: bans
17.11.2017 15:39:59: FUpdatePlayerList
17.11.2017 15:39:59: bans
17.11.2017 15:40:19: FUpdatePlayerList
17.11.2017 15:40:19: bans
17.11.2017 15:40:35: cchat "hotdog" 255 0 0
17.11.2017 15:40:40: FUpdatePlayerList
17.11.2017 15:40:40: bans
17.11.2017 15:40:50: cchat "/47/00/16/09/25/09 /02 /24/00/19 /02/15/16/17/15/18: "/11/00/11/15/10 /09/04 /01/05/14/08/15/16/09/12/28"" 255 0 0
17.11.2017 15:40:59: FUpdatePlayerList
17.11.2017 15:40:59: bans
17.11.2017 15:41:02: cchat "/44/15/14/18/15/12/29 /04/15/12/07/14/00 /15/19/02/05/19/09/19/29" 255 0 0
17.11.2017 15:41:19: FUpdatePlayerList
17.11.2017 15:41:19: bans
17.11.2017 15:41:39: FUpdatePlayerList
17.11.2017 15:41:39: bans
17.11.2017 15:41:59: FUpdatePlayerList
17.11.2017 15:41:59: bans
17.11.2017 15:42:15: cchat "/51/05/11, /18/16/18" 255 0 0
