RocketRcon v2.4.8.0

login aVIPs22031994
players
Client has executed command "players"

Failed to find any players.

Client has executed command "GET NOW"

ServerControl >> VALUE NOW [1] [0] [2046]

Client has executed command "players"

Failed to find any players.

GET NOW
Client has executed command "GET NOW"

ServerControl >> VALUE NOW [1] [0] [2049]

Client has executed command "GET NOW"

ServerControl >> VALUE NOW [1] [0] [2056]

GET NOW
Client has executed command "GET NOW"

ServerControl >> VALUE NOW [1] [0] [2061]

Client has executed command "GET NOW"

ServerControl >> VALUE NOW [1] [0] [2066]

Client has executed command "players"

Failed to find any players.

GET NOW
Client has executed command "GET NOW"

ServerControl >> VALUE NOW [1] [0] [2071]

Client has executed command "GET NOW"

ServerControl >> VALUE NOW [1] [0] [2076]

