28.07.2017 11:11:20: lol истёк кровью!
28.07.2017 11:15:12: lol был съеден зомби! 
28.07.2017 11:19:10: lol был съеден зомби! 
28.07.2017 11:20:43: lol истёк кровью!
28.07.2017 11:23:32: lol был съеден зомби! 
28.07.2017 11:35:27: lol был съеден зомби! 
28.07.2017 11:36:46: lol был съеден зомби! 
28.07.2017 11:38:16: Fack You истёк кровью!
28.07.2017 11:38:49: Майк Никольсон совершил суецид!
28.07.2017 11:39:39: lol был съеден зомби! 
28.07.2017 11:39:45: Fack You был съеден зомби! 
28.07.2017 11:40:34: lol истёк кровью!
28.07.2017 11:40:52: Fack You был съеден зомби! 
28.07.2017 11:50:00: XxSnajperXx 2017  был съеден зомби! 
28.07.2017 11:53:42: Trevor Phillips был съеден зомби! 
28.07.2017 12:32:46: lol утонул!
28.07.2017 12:33:36: lol сгорел!
28.07.2017 13:27:16: LOL был съеден зомби! 
28.07.2017 13:32:01: lol был съеден зомби! 
28.07.2017 13:39:00: [сталкер]стрелок совершил суецид!
28.07.2017 13:46:47: Майк Никольсон совершил суецид!
28.07.2017 13:57:10: lol был съеден зомби! 
28.07.2017 14:02:47: Майк Никольсон истёк кровью!
28.07.2017 14:06:37: vintoc был съеден зомби! 
28.07.2017 14:07:04: lol был съеден зомби! 
28.07.2017 14:09:40: lol был съеден зомби! 
28.07.2017 14:10:53: vintoc был съеден зомби! 
28.07.2017 14:11:25: Майк Никольсон истёк кровью!
28.07.2017 14:12:25: vintoc был съеден зомби! 
28.07.2017 14:13:11: vintoc был съеден зомби! 
28.07.2017 14:25:36: ryutama был съеден зомби! 
28.07.2017 14:27:57: God'sEnvoy был убит плювальщиком!
28.07.2017 14:35:16: God'sEnvoy был убит плювальщиком!
28.07.2017 14:38:47: ryutama был убит плювальщиком!
28.07.2017 14:41:44: ryutama был съеден зомби! 
28.07.2017 14:44:09: God'sEnvoy был убит плювальщиком!
28.07.2017 14:52:01: God'sEnvoy был съеден зомби! 
28.07.2017 14:52:38: God'sEnvoy был съеден зомби! 
28.07.2017 14:55:27: God'sEnvoy истёк кровью!
28.07.2017 15:18:23: ncs.go был съеден зомби! 
28.07.2017 15:24:06: Dingo  Dog утонул!
28.07.2017 15:33:23: Mainer был съеден зомби! 
28.07.2017 15:34:35: Mainer был съеден зомби! 
28.07.2017 15:39:58: Mainer был съеден зомби! 
28.07.2017 15:42:47: DENIIL истёк кровью!
28.07.2017 15:42:52: God'sEnvoy утонул!
28.07.2017 15:44:42: DENIIL был съеден зомби! 
28.07.2017 15:46:23: Hyper Beast был съеден зомби! 
28.07.2017 15:48:27: Hyper Beast был съеден зомби! 
28.07.2017 15:50:03: Hyper Beast сгорел!
28.07.2017 15:57:13: DENIIL был съеден зомби! 
28.07.2017 15:58:40: DENIIL был съеден зомби! 
28.07.2017 16:10:21: Hyper Beast был съеден зомби! 
28.07.2017 16:23:42: God'sEnvoy умер от голода!
28.07.2017 16:24:30: danya был съеден зомби! 
28.07.2017 16:27:17: Hyper Beast был съеден зомби! 
28.07.2017 16:27:56: Hyper Beast был съеден зомби! 
28.07.2017 16:29:14: Hyper Beast был съеден зомби! 
28.07.2017 16:42:51: MrKeks был съеден зомби! 
28.07.2017 16:57:25: Legend был съеден зомби! 
28.07.2017 17:01:21: Nolic истёк кровью!
28.07.2017 17:04:27: Roma News был съеден зомби! 
28.07.2017 17:06:46: Александер Волуев истёк кровью!
28.07.2017 17:07:52: Александер Волуев был съеден зомби! 
28.07.2017 17:09:02: Александер Волуев был съеден зомби! 
28.07.2017 17:09:21: #Mirela был съеден зомби! 
28.07.2017 17:09:26: Bae был съеден зомби! 
28.07.2017 17:10:29: lalka228337 был съеден зомби! 
28.07.2017 17:10:42: GoshaniusСливатель300 совершил суецид!
28.07.2017 17:12:25: lalka228337 был убит плювальщиком!
28.07.2017 17:14:56: Bae был съеден зомби! 
28.07.2017 17:16:42: God'sEnvoy был убит плювальщиком!
28.07.2017 17:17:36: GoshaniusСливатель300 был съеден зомби! 
28.07.2017 17:18:30: God'sEnvoy был съеден зомби! 
28.07.2017 17:19:11: Nilson истёк кровью!
28.07.2017 17:20:20: GoshaniusСливатель300 был съеден зомби! 
28.07.2017 17:21:07: Hyper Beast истёк кровью!
28.07.2017 17:24:05: Legend был убит взрывной волной от машины!
28.07.2017 17:24:05: Nolic был убит взрывной волной от машины!
28.07.2017 17:24:14: God'sEnvoy истёк кровью!
28.07.2017 17:25:52: 14L.B.N.88 был съеден зомби! 
28.07.2017 17:26:20: lalka228337 был съеден зомби! 
28.07.2017 17:31:34: Roma News был убит плювальщиком!
28.07.2017 17:32:37: 14L.B.N.88 был съеден зомби! 
28.07.2017 17:34:29: liampuo был убит плювальщиком!
28.07.2017 17:36:33: liampuo был съеден зомби! 
28.07.2017 17:40:46: VFRCBV был съеден зомби! 
28.07.2017 17:41:06: Calibrovshik был съеден зомби! 
28.07.2017 17:42:29: liampuo был съеден зомби! 
28.07.2017 17:43:24: liampuo истёк кровью!
28.07.2017 17:45:57: Hyper Beast истёк кровью!
28.07.2017 17:46:45: Gregory Madovski был убит плювальщиком!
28.07.2017 17:47:10: Hyper Beast был съеден зомби! 
28.07.2017 17:48:14: Hyper Beast истёк кровью!
28.07.2017 17:51:55: Legend истёк кровью!
28.07.2017 17:54:11: Tester истёк кровью!
28.07.2017 17:55:10: Gregory Madovski был съеден зомби! 
28.07.2017 18:05:48: God'sEnvoy отравился!
28.07.2017 18:17:04: S.mickityuck истёк кровью!
28.07.2017 18:18:37: VitoMan был съеден зомби! 
28.07.2017 18:21:09: kirito LVL.14 был съеден зомби! 
28.07.2017 18:21:15: ewfyfwfyg3w был съеден зомби! 
28.07.2017 18:37:52: kirito LVL.14 был съеден зомби! 
28.07.2017 18:38:00: ewfyfwfyg3w был съеден зомби! 
28.07.2017 18:40:17: ewfyfwfyg3w был съеден зомби! 
28.07.2017 18:42:22: ewfyfwfyg3w был съеден зомби! 
28.07.2017 18:54:29: kirito LVL.14 истёк кровью!
28.07.2017 18:57:29: Клещ истёк кровью!
28.07.2017 19:04:54: kirito LVL.14 был съеден зомби! 
28.07.2017 19:09:52: ewfyfwfyg3w был убит плювальщиком!
28.07.2017 19:09:56: kirito LVL.14 был съеден зомби! 
28.07.2017 19:10:29: ewfyfwfyg3w был съеден зомби! 
28.07.2017 19:12:09: ewfyfwfyg3w истёк кровью!
28.07.2017 19:20:25: ewfyfwfyg3w был съеден зомби! 
28.07.2017 19:21:03: kirito LVL.14 был съеден зомби! 
28.07.2017 19:23:37: Killer with minigan died of holding his breath for too long!
28.07.2017 19:28:32: kirito LVL.14 был съеден зомби! 
28.07.2017 19:28:43: ewfyfwfyg3w был съеден зомби! 
28.07.2017 19:35:30: ewfyfwfyg3w истёк кровью!
28.07.2017 19:43:08: S.mickityuck истёк кровью!
28.07.2017 19:48:33: гаршок-порошок истёк кровью!
28.07.2017 19:49:07: DENIIL был съеден зомби! 
28.07.2017 19:50:59: DENIIL истёк кровью!
28.07.2017 19:53:53: DENIIL совершил суецид!
28.07.2017 20:02:34: mr.wolf истёк кровью!
28.07.2017 20:03:21: DENIIL был съеден зомби! 
28.07.2017 20:08:51: DENIIL был съеден зомби! 
28.07.2017 20:09:53: DENIIL был съеден зомби! 
28.07.2017 20:14:09: kirito LVL.14 истёк кровью!
28.07.2017 20:14:36: kirito LVL.14 совершил суецид!
28.07.2017 20:15:31: DENIIL истёк кровью!
28.07.2017 20:16:45: DENIIL истёк кровью!
28.07.2017 20:18:02: DENIIL был съеден зомби! 
28.07.2017 20:18:40: DENIIL был съеден зомби! 
28.07.2017 20:18:47: DENIIL совершил суецид!
28.07.2017 20:20:01: DENIIL был съеден зомби! 
28.07.2017 20:22:51: DENIIL был съеден зомби! 
28.07.2017 20:24:41: mr.wolf был съеден зомби! 
28.07.2017 20:26:46: DENIIL был съеден зомби! 
28.07.2017 20:27:57: ewfyfwfyg3w утонул!
28.07.2017 20:28:06: DENIIL был съеден зомби! 
28.07.2017 20:29:47: DENIIL совершил суецид!
28.07.2017 20:32:36: DENIIL совершил суецид!
28.07.2017 20:32:46: DENIIL совершил суецид!
28.07.2017 20:34:20: mr.wolf истёк кровью!
28.07.2017 20:34:38: DENIIL совершил суецид!
28.07.2017 20:36:01: DENIIL совершил суецид!
28.07.2017 20:38:27: DENIIL был съеден зомби! 
28.07.2017 20:39:46: DENIIL был съеден зомби! 
28.07.2017 20:50:21: DENIIL истёк кровью!
28.07.2017 20:51:45: DENIIL был съеден зомби! 
28.07.2017 20:53:03: kirito LVL.14 утонул!
28.07.2017 20:53:15: kirito LVL.14 совершил суецид!
28.07.2017 20:55:24: DENIIL был съеден зомби! 
28.07.2017 21:06:55: ewfyfwfyg3w утонул!
28.07.2017 21:09:18: serg-al-78 совершил суецид!
28.07.2017 21:11:31: Kulka CSGO.SKINS.COM был съеден зомби! 
28.07.2017 21:31:32: MadOrangeMonkey был съеден зомби! 
28.07.2017 22:08:13: Plague Doctor был съеден зомби! 
28.07.2017 22:08:22: Blackflame :D (Серёга) истёк кровью!
28.07.2017 22:31:34: ewfyfwfyg3w совершил суецид!
28.07.2017 22:35:55: ewfyfwfyg3w совершил суецид!
28.07.2017 22:36:12: ewfyfwfyg3w совершил суецид!
28.07.2017 22:37:43: ewfyfwfyg3w совершил суецид!
28.07.2017 22:37:48: ewfyfwfyg3w совершил суецид!
28.07.2017 22:38:42: ewfyfwfyg3w совершил суецид!
28.07.2017 22:38:46: ewfyfwfyg3w совершил суецид!
28.07.2017 22:39:15: ewfyfwfyg3w совершил суецид!
28.07.2017 22:39:19: ewfyfwfyg3w совершил суецид!
28.07.2017 22:39:59: ewfyfwfyg3w совершил суецид!
28.07.2017 22:40:03: ewfyfwfyg3w совершил суецид!
28.07.2017 22:40:08: ewfyfwfyg3w совершил суецид!
28.07.2017 22:40:14: ewfyfwfyg3w совершил суецид!
28.07.2017 22:40:20: ewfyfwfyg3w совершил суецид!
28.07.2017 22:40:25: ewfyfwfyg3w совершил суецид!
28.07.2017 22:40:31: ewfyfwfyg3w совершил суецид!
28.07.2017 22:40:37: ewfyfwfyg3w совершил суецид!
28.07.2017 22:48:35: ewfyfwfyg3w совершил суецид!
28.07.2017 22:48:44: ewfyfwfyg3w совершил суецид!
28.07.2017 22:48:49: ewfyfwfyg3w совершил суецид!
28.07.2017 22:48:55: ewfyfwfyg3w совершил суецид!
28.07.2017 23:05:23: ewfyfwfyg3w истёк кровью!
28.07.2017 23:06:32: kirito LVL.14 был съеден зомби! 
28.07.2017 23:43:44: kirito LVL.14 совершил суецид!
28.07.2017 23:47:12: kirito LVL.14 совершил суецид!
28.07.2017 23:47:20: kirito LVL.14 совершил суецид!
28.07.2017 23:48:07: kirito LVL.14 совершил суецид!
28.07.2017 23:49:19: kirito LVL.14 совершил суецид!
28.07.2017 23:49:28: kirito LVL.14 совершил суецид!
28.07.2017 23:49:38: kirito LVL.14 совершил суецид!
28.07.2017 23:49:46: kirito LVL.14 совершил суецид!
29.07.2017 15:38:48: [одиночка]Морт был съеден зомби! 
29.07.2017 15:48:59: jo.gus истёк кровью!
29.07.2017 15:53:19: vablus531 истёк кровью!
29.07.2017 16:05:56: vablus531 был съеден зомби! 
29.07.2017 16:07:08: vablus531 был съеден зомби! 
29.07.2017 16:09:11: matvey_111 был съеден зомби! 
29.07.2017 16:14:52: toder был съеден зомби! 
29.07.2017 16:16:00: toder был убит плювальщиком!
29.07.2017 16:16:50: Саня был съеден зомби! 
29.07.2017 16:17:06: toder истёк кровью!
29.07.2017 16:17:49: toder был съеден зомби! 
29.07.2017 16:20:22: Саня был съеден зомби! 
29.07.2017 16:28:47: Саня был съеден зомби! 
29.07.2017 16:28:57: toder был съеден зомби! 
29.07.2017 16:30:12: COPT был съеден зомби! 
29.07.2017 16:31:07: toder был съеден зомби! 
29.07.2017 16:31:07: Саня сгорел!
29.07.2017 16:33:10: DR.pepper был съеден зомби! 
29.07.2017 16:33:43: CRALman был съеден зомби! 
29.07.2017 16:34:31: Hyper Beast истёк кровью!
29.07.2017 16:34:32: toder был съеден зомби! 
29.07.2017 16:34:47: matvey_111 был съеден зомби! 
29.07.2017 16:36:18: Hyper Beast был съеден зомби! 
29.07.2017 16:36:21: ilchik123 был съеден зомби! 
29.07.2017 16:36:50: Hyper Beast был съеден зомби! 
29.07.2017 16:37:49: таджык, убит в голову, Hyper Beast, HP: 10%, используя Shovel !
29.07.2017 16:37:57: Hyper Beast истёк кровью!
29.07.2017 16:39:31: COPT был съеден зомби! 
29.07.2017 16:39:38: toder был убит плювальщиком!
29.07.2017 16:40:31: Саня был съеден зомби! 
29.07.2017 16:42:46: COPT был съеден зомби! 
29.07.2017 16:42:47: Саня был съеден зомби! 
29.07.2017 16:44:59: CRALman отравился!
29.07.2017 16:45:20: DR.pepper, убит в голову, таджык, HP: 84%, используя Military Knife !
29.07.2017 16:46:37: ilchik123 died of holding his breath for too long!
29.07.2017 16:48:11: God'sEnvoy, убит в голову, Hyper Beast, HP: 52%, используя Military Knife !
29.07.2017 16:49:14: таджык был съеден зомби! 
29.07.2017 16:49:19: ilchik123 был съеден зомби! 
29.07.2017 16:50:45: таджык истёк кровью!
29.07.2017 16:51:30: DR.pepper был съеден зомби! 
29.07.2017 16:51:39: русская рыба был съеден зомби! 
29.07.2017 16:51:46: таджык убит в голову, DR.pepper, HP: 100%!
29.07.2017 16:52:05: DR.pepper был съеден зомби! 
29.07.2017 16:53:19: ilchik123 был убит плювальщиком!
29.07.2017 16:54:44: kirito LVL.14, убит в голову, ilchik123, HP: 100%, используя Crowbar !
29.07.2017 16:55:27: русская рыба был съеден зомби! 
29.07.2017 16:57:03: русская рыба был съеден зомби! 
29.07.2017 17:00:30: русская рыба истёк кровью!
29.07.2017 17:01:47: русская рыба был съеден зомби! 
29.07.2017 17:08:21: ilchik123, HP: 100%, ran over kirito LVL.14, используя Ghost!
29.07.2017 17:09:36: kirito LVL.14, убит в голову, таджык, HP: 63%, используя Viper !
29.07.2017 17:10:04: ewfyfwfyg3w, убит в голову, таджык, HP: 63%, используя Viper !
29.07.2017 17:11:48: ilchik123 был съеден зомби! 
29.07.2017 17:12:21: Олег шаповалов истёк кровью!
29.07.2017 17:17:33: God'sEnvoy истёк кровью!
29.07.2017 17:17:39: таджык истёк кровью!
29.07.2017 17:17:44: dref истёк кровью!
29.07.2017 17:19:43: God'sHakke, убит в голову, God'sEnvoy, HP: 100%, используя Blowtorch !
29.07.2017 17:20:44: God'sHakke, убит в голову, vahtomov79, HP: 75%, используя Camp Axe !
29.07.2017 17:20:50: Олег шаповалов сгорел!
29.07.2017 17:20:56: vahtomov79, HP: 78%, был отравлен, таджык, и умер! используя Camp Axe
29.07.2017 17:22:02: vahtomov79, HP: 78%, был отравлен, ilchik123, и умер! используя Military Knife
29.07.2017 17:22:34: God'sHakke был съеден зомби! 
29.07.2017 17:22:36: Олег шаповалов был съеден зомби! 
29.07.2017 17:23:28: ilchik123, убит в голову, Олег шаповалов, HP: 100%, используя Butcher Knife !
29.07.2017 17:24:08: Юра Рябцев был съеден зомби! 
29.07.2017 17:25:41: ilchik123 был съеден зомби! 
29.07.2017 17:25:57: таджык разбился насмерть!
29.07.2017 17:36:30: B_Trash, убит в голову, [одиночка]Морт, HP: 43%, используя Honeybadger !
29.07.2017 17:36:31: [одиночка]Морт, убит в голову, ZOMY, HP: 75%, используя Nightraider !
29.07.2017 18:00:34: ZOMY был убит плювальщиком!
29.07.2017 18:00:35: B_Trash разбился насмерть!
29.07.2017 18:06:08: B_Trash был съеден зомби! 
29.07.2017 18:06:35: DENIIL был съеден зомби! 
29.07.2017 18:07:30: 7_AleX_3 совершил суецид!
29.07.2017 18:07:40: DENIIL был съеден зомби! 
29.07.2017 18:07:46: 7_AleX_3 совершил суецид!
29.07.2017 18:10:55: 7_AleX_3 совершил суецид!
29.07.2017 18:11:52: ZOMY истёк кровью!
29.07.2017 18:14:31: God'sEnvoy был съеден зомби! 
29.07.2017 18:14:35: DENIIL истёк кровью!
29.07.2017 18:19:17: Cat Reaction был съеден зомби! 
29.07.2017 18:22:12: BigFunk был съеден зомби! 
29.07.2017 18:23:08: serg-al-78 был съеден зомби! 
29.07.2017 18:23:30: BigFunk был съеден зомби! 
29.07.2017 18:24:42: Cat Reaction, HP: 90%, ran over serg-al-78, используя Bus!
29.07.2017 18:24:43: Cat Reaction, HP: 90%, ran over 7_AleX_3, используя Bus!
29.07.2017 18:25:54: B_Trash истёк кровью!
29.07.2017 18:26:34: Cat Reaction, HP: 45%, убит, 7_AleX_3, используя Cobra !
29.07.2017 18:26:52: ZOMY совершил суецид!
29.07.2017 18:33:21: ZOMY истёк кровью!
29.07.2017 18:35:10: Гусев дима убит в голову, Kedr, HP: 69%!
29.07.2017 18:36:21: arakaland истёк кровью!
29.07.2017 18:37:15: Kedr, убит в голову, Andrej Oxotnik, HP: 16%, используя Camp Axe !
29.07.2017 18:37:21: arakaland убит в голову, Гусев дима, HP: 100%!
29.07.2017 18:37:27: Гусев дима был съеден зомби! 
29.07.2017 18:37:29: Andrej Oxotnik истёк кровью!
29.07.2017 18:38:16: 7_AleX_3 истёк кровью!
29.07.2017 18:38:32: DENIIL был съеден зомби! 
29.07.2017 18:38:54: Убиван Кеноби был убит плювальщиком!
29.07.2017 18:39:46: Kedr, убит в голову, алдошкин максим, HP: 100%, используя Military Knife !
29.07.2017 18:40:39: DENIIL был съеден зомби! 
29.07.2017 18:43:50: DENIIL сгорел!
29.07.2017 18:44:18: gogicha15 был съеден зомби! 
29.07.2017 18:45:39: DENIIL был съеден зомби! 
29.07.2017 18:46:25: B_Trash сгорел!
29.07.2017 18:46:30: gogicha15 был съеден зомби! 
29.07.2017 18:46:53: Andrej Oxotnik был съеден зомби! 
29.07.2017 18:47:04: DENIIL истёк кровью!
29.07.2017 18:47:59: arakaland был съеден зомби! 
29.07.2017 18:49:47: DENIIL был съеден зомби! 
29.07.2017 18:49:58: Andrej Oxotnik был съеден зомби! 
29.07.2017 18:50:36: Kedr, убит в голову, Гусев дима, HP: 59%, используя Cobra !
29.07.2017 18:50:53: DENIIL был съеден зомби! 
29.07.2017 18:52:33: VladPinzin истёк кровью!
29.07.2017 18:52:39: Andrej Oxotnik был убит плювальщиком!
29.07.2017 18:52:41: arakaland был убит плювальщиком!
29.07.2017 18:52:56: VladPinzin, убит в голову, Andrej Oxotnik, HP: 100%, используя Flashlight !
29.07.2017 18:55:06: arakaland был съеден зомби! 
29.07.2017 18:55:19: B_Trash был съеден зомби! 
29.07.2017 18:56:15: алдошкин максим сгорел!
29.07.2017 18:57:42: God'sEnvoy был убит плювальщиком!
29.07.2017 18:58:56: God'sHakke истёк кровью!
29.07.2017 18:59:05: алдошкин максим был съеден зомби! 
29.07.2017 19:02:02: 7_AleX_3 истёк кровью!
29.07.2017 19:02:18: arakaland, убит в голову, Гусев дима, HP: 79%, используя Cobra !
29.07.2017 19:03:17: arakaland был съеден зомби! 
29.07.2017 19:04:50: God'sHakke, HP: 90%, был отравлен, Гусев дима, и умер! используя Chainsaw
29.07.2017 19:38:30: SuperMan совершил суецид!
29.07.2017 19:57:13: Altijdwesley был съеден зомби! 
29.07.2017 19:58:34: Altijdwesley был съеден зомби! 
29.07.2017 19:58:42: (A)Shot совершил суецид!
29.07.2017 20:00:38: burgas.viktor истёк кровью!
29.07.2017 20:01:01: DENIIL сгорел!
29.07.2017 20:07:57: DENIIL совершил суецид!
29.07.2017 20:08:16: elena-shepel был съеден зомби! 
29.07.2017 20:09:02: Zelenui_YT был съеден зомби! 
29.07.2017 20:13:35: elena-shepel был съеден зомби! 
29.07.2017 20:15:25: elena-shepel был съеден зомби! 
29.07.2017 20:22:22: DENIIL устал до смерти!
29.07.2017 20:22:43: elena-shepel был съеден зомби! 
29.07.2017 20:25:19: DENIIL сгорел!
29.07.2017 20:29:53: DENIIL был съеден зомби! 
29.07.2017 20:33:22: DENIIL был съеден зомби! 
29.07.2017 20:34:18: DENIIL сгорел!
29.07.2017 20:35:19: DENIIL был съеден зомби! 
29.07.2017 20:37:38: Altijdwesley утонул!
29.07.2017 20:38:14: DENIIL был съеден зомби! 
29.07.2017 20:47:19: chris был съеден зомби! 
29.07.2017 20:56:38: God'sHakke был убит камушком!
29.07.2017 20:57:27: God'sHakke был съеден зомби! 
29.07.2017 20:59:44: God'sEnvoy был убит камушком!
29.07.2017 21:02:18: God'sHakke был съеден зомби! 
29.07.2017 21:17:13: God'sEnvoy был съеден зомби! 
29.07.2017 21:17:46: God'sHakke был съеден зомби! 
29.07.2017 21:32:54: noob истёк кровью!
29.07.2017 22:00:29: egorkaminskiy был съеден зомби! 
29.07.2017 22:00:33: surgut-86russ был съеден зомби! 
29.07.2017 23:36:40: АРТ!М был съеден зомби! 
29.07.2017 23:41:25: АРТ!М был съеден зомби! 
29.07.2017 23:43:14: АРТ!М был съеден зомби! 
30.07.2017 3:16:11: Master_Chief был съеден зомби! 
30.07.2017 3:16:48: Chugster совершил суецид!
30.07.2017 3:18:48: Master_Chief совершил суецид!
30.07.2017 3:22:26: Chugster истёк кровью!
30.07.2017 3:23:15: Master_Chief совершил суецид!
30.07.2017 3:27:21: Master_Chief истёк кровью!
30.07.2017 6:29:50: [одиночка]Морт был съеден зомби! 
30.07.2017 7:56:49: [одиночка]Морт has been blown up by a landmine!
30.07.2017 8:04:39: B_Trash истёк кровью!
30.07.2017 8:04:50: ZOMY был убит плювальщиком!
30.07.2017 8:05:05: [одиночка]Морт истёк кровью!
30.07.2017 8:05:43: B_Trash был убит плювальщиком!
30.07.2017 8:05:50: [одиночка]Морт истёк кровью!
30.07.2017 8:14:29: ZOMY был убит взрывной волной от машины!
30.07.2017 8:15:25: B_Trash истёк кровью!
30.07.2017 11:33:45: God'sEnvoy утонул!
30.07.2017 11:37:18: ninjarayman был съеден зомби! 
30.07.2017 11:42:23: God'sEnvoy был съеден зомби! 
30.07.2017 11:47:19: ninjarayman сгорел!
30.07.2017 11:52:09: (((Police))) утонул!
30.07.2017 11:52:45: ninjarayman был съеден зомби! 
30.07.2017 12:03:08: breinenddasha был съеден зомби! 
30.07.2017 12:19:06: DONIOR был съеден зомби! 
30.07.2017 12:34:55: breinenddasha был съеден зомби! 
30.07.2017 12:40:27: [одиночка]Морт был съеден зомби! 
30.07.2017 12:41:24: ffffuuuas был съеден зомби! 
30.07.2017 12:43:11: serg-al-78 совершил суецид!
30.07.2017 12:43:29: Trash был съеден зомби! 
30.07.2017 12:43:57: [одиночка]Морт истёк кровью!
30.07.2017 12:47:43: Marivelaves был убит плювальщиком!
30.07.2017 12:48:24: ffffuuuas был убит плювальщиком!
30.07.2017 12:49:09: Marivelaves был убит плювальщиком!
30.07.2017 12:50:47: CRALman совершил суецид!
30.07.2017 12:51:43: CRALman совершил суецид!
30.07.2017 12:51:52: CRALman совершил суецид!
30.07.2017 12:51:59: [одиночка]Морт был съеден зомби! 
30.07.2017 12:52:05: CRALman совершил суецид!
30.07.2017 12:52:11: CRALman совершил суецид!
30.07.2017 12:52:56: cod'man был съеден зомби! 
30.07.2017 12:53:20: Marivelaves был съеден зомби! 
30.07.2017 12:53:39: cod'man был съеден зомби! 
30.07.2017 12:56:20: CRALman совершил суецид!
30.07.2017 12:56:27: CRALman совершил суецид!
30.07.2017 12:56:32: CRALman совершил суецид!
30.07.2017 12:56:39: CRALman совершил суецид!
30.07.2017 12:56:44: CRALman совершил суецид!
30.07.2017 12:56:58: CRALman совершил суецид!
30.07.2017 12:57:01: CRALman совершил суецид!
30.07.2017 13:00:07: CRALman был съеден зомби! 
30.07.2017 13:01:13: CRALman совершил суецид!
30.07.2017 13:01:29: CRALman совершил суецид!
30.07.2017 13:01:33: CRALman совершил суецид!
30.07.2017 13:01:46: CRALman совершил суецид!
30.07.2017 13:01:49: CRALman совершил суецид!
30.07.2017 13:01:55: CRALman совершил суецид!
30.07.2017 13:02:01: CRALman совершил суецид!
30.07.2017 13:02:06: CRALman совершил суецид!
30.07.2017 13:04:57: Marivelaves истёк кровью!
30.07.2017 14:32:17: h333element был съеден зомби! 
30.07.2017 14:35:28: dario был съеден зомби! 
30.07.2017 14:37:09: elena-shepel был убит взрывной волной от машины!
30.07.2017 14:48:02: elena-shepel был съеден зомби! 
30.07.2017 14:50:10: elena-shepel был съеден зомби! 
30.07.2017 15:42:56: d12e311 был съеден зомби! 
30.07.2017 15:45:38: trojan4u истёк кровью!
30.07.2017 15:49:28: FLeaPS был съеден зомби! 
30.07.2017 15:53:48: Mommy был съеден зомби! 
30.07.2017 15:55:41: trojan4u был съеден зомби! 
30.07.2017 15:58:13: trojan4u был съеден зомби! 
30.07.2017 15:59:42: FLeaPS был съеден зомби! 
30.07.2017 16:05:10: kirich был съеден зомби! 
30.07.2017 16:05:12: Макек был съеден зомби! 
30.07.2017 16:06:46: Макек был съеден зомби! 
30.07.2017 16:07:28: kirich истёк кровью!
30.07.2017 16:08:11: Макек был съеден зомби! 
30.07.2017 16:08:50: kirich был съеден зомби! 
30.07.2017 16:12:54: Serpova Anna был съеден зомби! 
30.07.2017 16:27:41: liampuo был съеден зомби! 
30.07.2017 16:35:03: crombettheo был съеден зомби! 
30.07.2017 16:36:21: SOS был съеден зомби! 
30.07.2017 16:36:29: [VIP] SWAT был съеден зомби! 
30.07.2017 16:37:21: God'sEnvoy утонул!
30.07.2017 16:47:56: crombettheo был съеден зомби! 
30.07.2017 16:49:40: crombettheo был съеден зомби! 
30.07.2017 16:49:47: Майк Никольсон был съеден зомби! 
30.07.2017 16:52:15: liampuo был съеден зомби! 
30.07.2017 16:55:37: liampuo был съеден зомби! 
30.07.2017 16:57:48: daniil1016 истёк кровью!
30.07.2017 16:58:04: liampuo был съеден зомби! 
30.07.2017 16:58:11: Майк Никольсон был съеден зомби! 
30.07.2017 16:59:46: Майк Никольсон был съеден зомби! 
30.07.2017 17:01:41: liampuo был съеден зомби! 
30.07.2017 17:01:46: Майк Никольсон совершил суецид!
30.07.2017 17:03:54: God'sEnvoy был съеден зомби! 
30.07.2017 17:05:43: God'sEnvoy был убит плювальщиком!
30.07.2017 17:10:43: Майк Никольсон истёк кровью!
30.07.2017 17:13:54: Майк Никольсон был съеден зомби! 
30.07.2017 17:14:40: God'sHakke был убит плювальщиком!
30.07.2017 17:23:19: YAGMUR был съеден зомби! 
30.07.2017 17:24:43: YAGMUR был съеден зомби! 
30.07.2017 17:25:24: Майк Никольсон совершил суецид!
30.07.2017 17:25:34: Майк Никольсон совершил суецид!
30.07.2017 17:26:58: YAGMUR был съеден зомби! 
30.07.2017 17:29:21: Майк Никольсон был съеден зомби! 
30.07.2017 17:29:32: Майк Никольсон совершил суецид!
30.07.2017 17:29:46: Майк Никольсон совершил суецид!
30.07.2017 17:29:53: Майк Никольсон совершил суецид!
30.07.2017 17:30:05: Майк Никольсон совершил суецид!
30.07.2017 17:37:14: YAGMUR был съеден зомби! 
30.07.2017 17:37:23: ST GABE был съеден зомби! 
30.07.2017 17:49:14: ST GABE истёк кровью!
30.07.2017 17:51:11: (((Police))) истёк кровью!
30.07.2017 17:52:38: (((Police))) был убит плювальщиком!
30.07.2017 18:49:02: Андрей Некрасов был съеден зомби! 
30.07.2017 19:01:55: yildizkanalemreozel был съеден зомби! 
30.07.2017 19:10:38: yildizkanalemreozel был съеден зомби! 
30.07.2017 19:56:03: pasha_bumchik77890 был съеден зомби! 
30.07.2017 19:56:24: Даниил Мельников был съеден зомби! 
30.07.2017 19:56:58: pasha_bumchik77890 был съеден зомби! 
30.07.2017 19:58:34: Даниил Мельников был съеден зомби! 
30.07.2017 19:59:52: pasha_bumchik77890 был съеден зомби! 
30.07.2017 20:59:11: ToMaszeK_x_PoMpa был убит плювальщиком!
30.07.2017 21:09:39: MrTheNikitaName был съеден зомби! 
30.07.2017 21:10:39: Metonfin был съеден зомби! 
30.07.2017 21:23:15: MrTheNikitaName был съеден зомби! 
30.07.2017 21:46:04: ALEX ANANAS был съеден зомби! 
30.07.2017 21:48:20: ALEX ANANAS истёк кровью!
30.07.2017 21:58:15: ALEX ANANAS был съеден зомби! 
30.07.2017 21:58:19: Влад БыК[ЗАМ] был съеден зомби! 
30.07.2017 22:02:20: ALEX ANANAS был убит взрывной волной от машины!
30.07.2017 22:02:20: S.mickityuck был убит взрывной волной от машины!
30.07.2017 22:12:44: Joy был съеден зомби! 
30.07.2017 22:14:12: Joy истёк кровью!
30.07.2017 22:16:48: Joy был съеден зомби! 
30.07.2017 22:35:50: Jeff был съеден зомби! 
30.07.2017 22:35:52: rianmedrado19 был съеден зомби! 
30.07.2017 22:37:24: Jeff истёк кровью!
30.07.2017 22:38:24: rianmedrado19 истёк кровью!
30.07.2017 22:46:04: DestroyerNorth был убит плювальщиком!
30.07.2017 22:56:22: A.J был съеден зомби! 
30.07.2017 23:02:41: frendok был съеден зомби! 
30.07.2017 23:41:12: frendok был убит плювальщиком!
30.07.2017 23:44:56: mikk был съеден зомби! 
30.07.2017 23:47:30: limebume совершил суецид!
30.07.2017 23:48:34: Bambot2 утонул!
31.07.2017 0:03:28: frendok истёк кровью!
31.07.2017 0:22:02: noob был съеден зомби! 
31.07.2017 0:24:34: ADV-31 истёк кровью!
31.07.2017 0:27:34: ADV-31 был съеден зомби! 
31.07.2017 0:28:15: SPM был съеден зомби! 
31.07.2017 6:56:46: Полный_NOOB!!! был съеден зомби! 
31.07.2017 8:40:03: Psychoshark был съеден зомби! 
31.07.2017 9:44:25: Smile deputat истёк кровью!
31.07.2017 11:14:24: God'sEnvoy утонул!
31.07.2017 11:22:53: God'sEnvoy истёк кровью!
31.07.2017 11:33:51: superfejer был съеден зомби! 
31.07.2017 11:36:35: superfejer истёк кровью!
31.07.2017 11:39:17: kirill.kvac был съеден зомби! 
31.07.2017 11:48:30: ToMaszeK_x_PoMpa был убит плювальщиком!
31.07.2017 11:51:27: ToMaszeK_x_PoMpa был съеден зомби! 
31.07.2017 11:53:43: ToMaszeK_x_PoMpa был съеден зомби! 
31.07.2017 11:55:04: ToMaszeK_x_PoMpa был съеден зомби! 
31.07.2017 11:57:40: Marshmallow был съеден зомби! 
31.07.2017 11:58:08: God'sEnvoy был убит взрывной волной от машины!
31.07.2017 12:38:29: God'sEnvoy утонул!
31.07.2017 13:01:32: God'sEnvoy был убит взрывной волной от машины!
31.07.2017 13:30:58: Nekromant был съеден зомби! 
31.07.2017 13:32:11: Nekromant был съеден зомби! 
31.07.2017 13:40:01: Данил Данилов был убит плювальщиком!
31.07.2017 13:40:28: gamesnovlolka был съеден зомби! 
31.07.2017 13:41:05: Casto был съеден зомби! 
31.07.2017 13:41:14: Данил Данилов истёк кровью!
31.07.2017 13:42:21: [AdSH]nik-erema был убит камушком!
31.07.2017 13:42:26: Casto был съеден зомби! 
31.07.2017 13:43:50: Nekromant был съеден зомби! 
31.07.2017 13:44:19: Nekromant был съеден зомби! 
31.07.2017 13:45:16: Casto был съеден зомби! 
31.07.2017 14:00:09: Hyper Beast был съеден зомби! 
31.07.2017 14:00:53: Колумбо Сэр был съеден зомби! 
31.07.2017 14:18:01: the boom :) был убит взрывной волной от машины!
31.07.2017 14:18:29: [одиночка]Морт был съеден зомби! 
31.07.2017 14:21:00: [одиночка]Морт был убит взрывной волной от машины!
31.07.2017 14:21:00: the boom :) был убит взрывной волной от машины!
31.07.2017 14:25:04: the boom :) был убит взрывной волной от машины!
31.07.2017 14:25:23: [одиночка]Морт разбился насмерть!
31.07.2017 14:26:17: the boom :) был съеден зомби! 
31.07.2017 14:49:38: God'sEnvoy разбился насмерть!
31.07.2017 14:58:47: Hyper Beast был съеден зомби! 
31.07.2017 14:59:02: stas.kyryliak был съеден зомби! 
31.07.2017 15:00:58: Hyper Beast был съеден зомби! 
31.07.2017 15:03:34: kirito LVL.14 совершил суецид!
31.07.2017 15:15:40: Xander_1290 был съеден зомби! 
31.07.2017 15:18:48: vladimirkulic2016 истёк кровью!
31.07.2017 15:23:47: Xander_1290 был съеден зомби! 
31.07.2017 15:24:47: Xander_1290 был съеден зомби! 
31.07.2017 15:26:23: Xander_1290 был съеден зомби! 
31.07.2017 15:27:23: Xander_1290 был съеден зомби! 
31.07.2017 15:38:02: God'sEnvoy утонул!
31.07.2017 15:42:48: akula_58. был съеден зомби! 
31.07.2017 15:44:00: tibon был съеден зомби! 
31.07.2017 15:45:38: God'sHakke был съеден зомби! 
31.07.2017 15:45:48: Valera_Granata был убит плювальщиком!
31.07.2017 15:45:52: Hyper Beast был съеден зомби! 
31.07.2017 15:47:47: God'sEnvoy был съеден зомби! 
31.07.2017 15:47:49: Valera_Granata истёк кровью!
31.07.2017 15:49:40: God'sHakke истёк кровью!
31.07.2017 15:49:57: God'sEnvoy был съеден зомби! 
31.07.2017 15:50:37: FARAON-G был съеден зомби! 
31.07.2017 15:52:01: God'sEnvoy был съеден зомби! 
31.07.2017 15:54:02: God'sEnvoy истёк кровью!
31.07.2017 15:57:12: stomamaksim8 был убит плювальщиком!
31.07.2017 15:57:18: God'sHakke был съеден зомби! 
31.07.2017 15:57:25: Hyper Beast был съеден зомби! 
31.07.2017 15:59:43: God'sHakke был съеден зомби! 
31.07.2017 16:00:12: God'sEnvoy был съеден зомби! 
31.07.2017 16:00:16: Valera_Granata был съеден зомби! 
31.07.2017 16:01:17: God'sEnvoy истёк кровью!
31.07.2017 16:10:20: vladimirkulic2016 истёк кровью!
31.07.2017 16:35:57: vladimirkulic2016 был съеден зомби! 
31.07.2017 16:36:48: kirito LVL.14 истёк кровью!
31.07.2017 16:39:03: kirito LVL.14 был съеден зомби! 
31.07.2017 16:41:38: kirito LVL.14 был съеден зомби! 
31.07.2017 16:42:24: kirito LVL.14 совершил суецид!
31.07.2017 16:42:49: kirito LVL.14 совершил суецид!
31.07.2017 16:45:56: memespage был съеден зомби! 
31.07.2017 16:49:25: GORSHOK UMER был съеден зомби! 
31.07.2017 16:49:37: memespage истёк кровью!
31.07.2017 16:58:11: [Вор]артур_кузьмин был съеден зомби! 
31.07.2017 16:59:49: Чоткий Пацан истёк кровью!
31.07.2017 17:00:30: liampuo был съеден зомби! 
31.07.2017 17:00:59: [Вор]артур_кузьмин был съеден зомби! 
31.07.2017 17:02:00: liampuo был съеден зомби! 
31.07.2017 17:02:11: Андрей был съеден зомби! 
31.07.2017 17:02:26: Dragon Play был съеден зомби! 
31.07.2017 17:03:13: Чоткий Пацан был съеден зомби! 
31.07.2017 17:05:55: {RUS} ТуТ-и-ТаМ :D был съеден зомби! 
31.07.2017 17:07:26: {RUS} ТуТ-и-ТаМ :D истёк кровью!
31.07.2017 17:13:11: Чоткий Пацан истёк кровью!
31.07.2017 17:13:39: liampuo истёк кровью!
31.07.2017 17:14:56: Чоткий Пацан совершил суецид!
31.07.2017 17:17:11: Чоткий Пацан истёк кровью!
31.07.2017 17:17:19: Чоткий Пацан совершил суецид!
31.07.2017 17:17:23: Чоткий Пацан совершил суецид!
31.07.2017 17:18:35: Чоткий Пацан был съеден зомби! 
31.07.2017 17:18:38: [Вор]артур_кузьмин истёк кровью!
31.07.2017 17:19:39: Упоратая Собака был съеден зомби! 
31.07.2017 17:21:29: Упоратая Собака был съеден зомби! 
31.07.2017 17:21:53: Dragon Play был съеден зомби! 
31.07.2017 17:22:00: [Вор]артур_кузьмин был съеден зомби! 
31.07.2017 17:22:19: Чоткий Пацан был съеден зомби! 
31.07.2017 17:22:56: Чоткий Пацан совершил суецид!
31.07.2017 17:23:03: Чоткий Пацан совершил суецид!
31.07.2017 17:23:08: Чоткий Пацан совершил суецид!
31.07.2017 17:23:11: Упоратая Собака был съеден зомби! 
31.07.2017 17:23:13: Dragon Play совершил суецид!
31.07.2017 17:23:18: Dragon Play совершил суецид!
31.07.2017 17:23:22: Dragon Play совершил суецид!
31.07.2017 17:23:31: Упоратая Собака совершил суецид!
31.07.2017 17:23:32: Чоткий Пацан совершил суецид!
31.07.2017 17:23:38: Чоткий Пацан совершил суецид!
31.07.2017 17:23:42: Чоткий Пацан совершил суецид!
31.07.2017 17:23:57: Чоткий Пацан совершил суецид!
31.07.2017 17:24:07: Чоткий Пацан совершил суецид!
31.07.2017 17:25:23: Упоратая Собака был съеден зомби! 
31.07.2017 17:25:29: Упоратая Собака совершил суецид!
31.07.2017 17:25:37: Упоратая Собака совершил суецид!
31.07.2017 17:25:41: Упоратая Собака совершил суецид!
31.07.2017 17:28:41: Чоткий Пацан совершил суецид!
31.07.2017 17:28:43: Упоратая Собака совершил суецид!
31.07.2017 17:28:46: Чоткий Пацан совершил суецид!
31.07.2017 17:28:50: Чоткий Пацан совершил суецид!
31.07.2017 17:29:05: Чоткий Пацан совершил суецид!
31.07.2017 17:30:18: Dragon Play был съеден зомби! 
31.07.2017 17:31:04: Чоткий Пацан совершил суецид!
31.07.2017 17:31:10: Упоратая Собака истёк кровью!
31.07.2017 17:32:39: (SSK)Double был съеден зомби! 
31.07.2017 17:32:45: [Вор]артур_кузьмин был съеден зомби! 
31.07.2017 17:34:31: {RUS} ТуТ-и-ТаМ :D был съеден зомби! 
31.07.2017 17:35:01: {RUS} ТуТ-и-ТаМ :D был съеден зомби! 
31.07.2017 17:41:08: liampuo был съеден зомби! 
31.07.2017 17:46:53: Bandit_Brodyaga был съеден зомби! 
31.07.2017 18:07:38: Bandit_Brodyaga был съеден зомби! 
31.07.2017 18:18:56: NAGIBATOR был съеден зомби! 
31.07.2017 18:19:18: Joni_FOX был съеден зомби! 
31.07.2017 18:20:22: Joni_FOX был съеден зомби! 
31.07.2017 18:20:31: Юрий Никита Андреевич истёк кровью!
31.07.2017 18:21:41: NAGIBATOR был съеден зомби! 
31.07.2017 18:21:52: Joni_FOX был съеден зомби! 
31.07.2017 18:24:04: Joni_FOX был съеден зомби! 
31.07.2017 18:24:32: NAGIBATOR истёк кровью!
31.07.2017 18:27:16: Bandit_Brodyaga истёк кровью!
31.07.2017 18:31:58: Bandit_Brodyaga был съеден зомби! 
31.07.2017 18:33:47: Pax Pixel был съеден зомби! 
31.07.2017 18:35:51: Pax Pixel совершил суецид!
31.07.2017 18:53:34: denikiller68_YT был съеден зомби! 
31.07.2017 18:54:17: CrisGames05 был съеден зомби! 
31.07.2017 19:00:10: denikiller68_YT был съеден зомби! 
31.07.2017 19:38:52: S.mickityuck был убит взрывной волной от машины!
31.07.2017 19:43:45: MaxPayne был съеден зомби! 
31.07.2017 20:15:07: HackedStrafe был съеден зомби! 
31.07.2017 21:10:48: marishka2035 истёк кровью!
31.07.2017 21:13:53: marishka2035 был съеден зомби! 
31.07.2017 21:15:20: marishka2035 истёк кровью!
31.07.2017 21:33:04: ANNA был съеден зомби! 
31.07.2017 21:37:49: ANNA был съеден зомби! 
31.07.2017 21:41:25: vladimirkulic2016 истёк кровью!
31.07.2017 21:59:39: |\/| Bloodthirsty |\/|  истёк кровью!
31.07.2017 22:05:39: misterplay28 истёк кровью!
31.07.2017 22:06:37: ninjarayman был съеден зомби! 
31.07.2017 22:06:37: |\/| Bloodthirsty |\/|  был съеден зомби! 
31.07.2017 22:09:06: misterplay28 истёк кровью!
31.07.2017 22:11:46: |\/| Bloodthirsty |\/|  был съеден зомби! 
31.07.2017 22:15:37: ninjarayman был съеден зомби! 
31.07.2017 22:15:46: |\/| Bloodthirsty |\/|  истёк кровью!
31.07.2017 22:17:33: ninjarayman был съеден зомби! 
31.07.2017 22:18:19: ninjarayman был съеден зомби! 
31.07.2017 22:29:46: artikup истёк кровью!
31.07.2017 22:32:02: artikup истёк кровью!
31.07.2017 22:32:04: Slack был съеден зомби! 
31.07.2017 22:34:14: дАША ПИДОР)0 был съеден зомби! 
31.07.2017 22:34:22: Tony Stark истёк кровью!
31.07.2017 22:35:36: дАША ПИДОР)0 был съеден зомби! 
31.07.2017 22:39:51: DimaG истёк кровью!
31.07.2017 22:40:31: zapp истёк кровью!
31.07.2017 22:41:03: дАША ПИДОР)0 был съеден зомби! 
31.07.2017 22:45:18: Иван истёк кровью!
31.07.2017 22:47:56: ( 0 _ 0) истёк кровью!
31.07.2017 22:48:14: дАША ПИДОР)0 был съеден зомби! 
31.07.2017 22:50:47: ( 0 _ 0) был убит плювальщиком!
31.07.2017 22:51:24: дАША ПИДОР)0 был съеден зомби! 
31.07.2017 22:59:36: liampuo истёк кровью!
31.07.2017 23:00:37: liampuo был съеден зомби! 
31.07.2017 23:05:07: ( 0 _ 0) был съеден зомби! 
31.07.2017 23:08:18: ( 0 _ 0) был убит плювальщиком!
31.07.2017 23:10:05: дАША ПИДОР)0 был съеден зомби! 
31.07.2017 23:10:26: Tony Stark истёк кровью!
31.07.2017 23:10:57: ( 0 _ 0) был съеден зомби! 
31.07.2017 23:15:22: ( 0 _ 0) был съеден зомби! 
31.07.2017 23:16:57: дАША ПИДОР)0 был съеден зомби! 
31.07.2017 23:21:51: дАША ПИДОР)0 был съеден зомби! 
01.08.2017 9:13:18: kirill.kvac истёк кровью!
01.08.2017 11:10:28: R.A.A был съеден зомби! 
01.08.2017 11:28:04: LEXA был съеден зомби! 
01.08.2017 11:42:18: dancomua2 был съеден зомби! 
01.08.2017 11:43:54: BRUTALL истёк кровью!
01.08.2017 11:49:25: BRUTALL истёк кровью!
01.08.2017 12:43:29: Doktor Whoo был съеден зомби! 
01.08.2017 13:15:48: Serpova Anna был съеден зомби! 
01.08.2017 13:22:52: lolo_Rodin был съеден зомби! 
01.08.2017 13:39:33: Mr.OlegHunter истёк кровью!
01.08.2017 13:42:54: Mr.OlegHunter был съеден зомби! 
01.08.2017 13:47:41: Mr.OlegHunter был съеден зомби! 
01.08.2017 13:48:36: Mr.OlegHunter был съеден зомби! 
01.08.2017 13:58:52: God'sEnvoy утонул!
01.08.2017 14:01:46: Mr.OlegHunter истёк кровью!
01.08.2017 14:08:42: Mr.OlegHunter был съеден зомби! 
01.08.2017 14:09:44: Mr.OlegHunter был убит плювальщиком!
01.08.2017 14:10:19: Mr.OlegHunter был съеден зомби! 
01.08.2017 14:11:19: God'sEnvoy был убит плювальщиком!
01.08.2017 14:11:19: Hyper Beast был убит плювальщиком!
01.08.2017 14:11:19: (((Police))) был убит плювальщиком!
01.08.2017 14:12:15: Mr.OlegHunter был съеден зомби! 
01.08.2017 14:13:15: Hyper Beast был съеден зомби! 
01.08.2017 14:13:42: God'sEnvoy был съеден зомби! 
01.08.2017 14:24:07: Mr.OlegHunter был съеден зомби! 
01.08.2017 14:25:56: un совершил суецид!
01.08.2017 14:26:10: un совершил суецид!
01.08.2017 14:26:19: un совершил суецид!
01.08.2017 14:26:25: un совершил суецид!
01.08.2017 14:26:34: un совершил суецид!
01.08.2017 14:26:38: un совершил суецид!
01.08.2017 14:26:45: un совершил суецид!
01.08.2017 14:26:50: un совершил суецид!
01.08.2017 14:33:12: NeveR был убит плювальщиком!
01.08.2017 14:48:02: God'sEnvoy был убит взрывной волной от машины!
01.08.2017 14:59:09: BIKTORIA petrova истёк кровью!
01.08.2017 14:59:28: Valera_Granata совершил суецид!
01.08.2017 15:00:48: (((Police))) утонул!
01.08.2017 15:07:36: Ilya11242 сгорел!
01.08.2017 15:09:08: club  был съеден зомби! 
01.08.2017 15:10:04: club  был съеден зомби! 
01.08.2017 15:20:05: cod'man истёк кровью!
01.08.2017 15:21:46: cod'man был съеден зомби! 
01.08.2017 15:34:27: un был съеден зомби! 
01.08.2017 16:13:28: un утонул!
01.08.2017 16:20:21: Hyper Beast истёк кровью!
01.08.2017 16:21:14: Hyper Beast был съеден зомби! 
01.08.2017 16:23:11: God'sEnvoy был убит плювальщиком!
01.08.2017 16:27:33: денис был съеден зомби! 
01.08.2017 16:30:32: денис сгорел!
01.08.2017 16:32:42: денис был съеден зомби! 
01.08.2017 16:33:48: денис был съеден зомби! 
01.08.2017 16:42:31: денис был съеден зомби! 
01.08.2017 16:44:30: я крутой 28895551037 был съеден зомби! 
01.08.2017 16:50:59: я крутой 28895551037 был съеден зомби! 
01.08.2017 16:51:02: денис истёк кровью!
01.08.2017 16:52:34: денис был съеден зомби! 
01.08.2017 16:58:55: un утонул!
01.08.2017 17:00:39: R.A.A совершил суецид!
01.08.2017 17:01:03: я крутой 28895551037 был съеден зомби! 
01.08.2017 17:01:06: R.A.A был съеден зомби! 
01.08.2017 17:01:14: денис был съеден зомби! 
01.08.2017 17:02:00: я крутой 28895551037 был съеден зомби! 
01.08.2017 17:02:01: R.A.A был съеден зомби! 
01.08.2017 17:05:53: денис истёк кровью!
01.08.2017 17:10:01: R.A.A был съеден зомби! 
01.08.2017 17:11:00: R.A.A истёк кровью!
01.08.2017 17:11:11: kirito LVL.14 совершил суецид!
01.08.2017 17:15:41: R.A.A был съеден зомби! 
01.08.2017 17:20:25: R.A.A истёк кровью!
01.08.2017 17:22:38: JasonVH был съеден зомби! 
01.08.2017 17:24:57: kirito LVL.14 был съеден зомби! 
01.08.2017 17:25:31: JasonVH истёк кровью!
01.08.2017 17:28:55: денис был съеден зомби! 
01.08.2017 17:34:27: R.A.A был съеден зомби! 
01.08.2017 17:35:00: JasonVH истёк кровью!
01.08.2017 17:38:06: про_100_батя был съеден зомби! 
01.08.2017 17:38:12: R.A.A был съеден зомби! 
01.08.2017 17:42:49: R.A.A истёк кровью!
01.08.2017 17:46:02: про_100_батя был съеден зомби! 
01.08.2017 17:56:21: R.A.A был съеден зомби! 
01.08.2017 17:57:22: R.A.A был съеден зомби! 
01.08.2017 18:00:04: про_100_батя был съеден зомби! 
01.08.2017 18:11:47: lolek был съеден зомби! 
01.08.2017 18:23:36: CreeperBoy27 был съеден зомби! 
01.08.2017 18:41:47: CLI истёк кровью!
01.08.2017 18:43:02: nafanya csgo-skins.com был убит плювальщиком!
01.08.2017 18:46:31: JasonVH был съеден зомби! 
01.08.2017 18:48:52: un совершил суецид!
01.08.2017 18:50:13: CLI был съеден зомби! 
01.08.2017 18:50:15: PersIK был съеден зомби! 
01.08.2017 18:50:31: JasonVH был съеден зомби! 
01.08.2017 18:53:10: PersIK был съеден зомби! 
01.08.2017 18:53:29: CLI истёк кровью!
01.08.2017 18:58:19: God'sEnvoy утонул!
01.08.2017 19:09:16: PersIK был съеден зомби! 
01.08.2017 19:10:44: PersIK был съеден зомби! 
01.08.2017 19:11:40: un истёк кровью!
01.08.2017 19:14:21: PersIK был съеден зомби! 
01.08.2017 19:14:31: un истёк кровью!
01.08.2017 19:15:08: LEXA был съеден зомби! 
01.08.2017 19:15:28: JasonVH был убит плювальщиком!
01.08.2017 19:16:25: LEXA совершил суецид!
01.08.2017 19:18:50: JasonVH был съеден зомби! 
01.08.2017 19:27:42: oebilgic истёк кровью!
01.08.2017 19:29:21: PersIK был съеден зомби! 
01.08.2017 19:37:07: God'sEnvoy утонул!
01.08.2017 19:49:24: PersIK был съеден зомби! 
01.08.2017 19:52:28: JasonVH ударило током
01.08.2017 19:54:54: LEXA истёк кровью!
01.08.2017 20:01:01: Wazees был съеден зомби! 
01.08.2017 20:02:35: JavlaGrohda был съеден зомби! 
01.08.2017 20:03:55: JavlaGrohda был съеден зомби! 
01.08.2017 20:05:49: Wazees был убит плювальщиком!
01.08.2017 20:06:38: JavlaGrohda истёк кровью!
01.08.2017 20:12:57: Wazees был съеден зомби! 
01.08.2017 20:13:24: Wazees был съеден зомби! 
01.08.2017 20:13:29: JavlaGrohda истёк кровью!
01.08.2017 20:22:30: СoolMaxik был съеден зомби! 
01.08.2017 20:22:37: master_of_winds истёк кровью!
01.08.2017 20:25:52: master_of_winds истёк кровью!
01.08.2017 20:26:27: God'sEnvoy утонул!
01.08.2017 20:26:54: master_of_winds был съеден зомби! 
01.08.2017 20:28:25: master_of_winds был съеден зомби! 
01.08.2017 20:31:41: master_of_winds был съеден зомби! 
01.08.2017 20:33:42: master_of_winds истёк кровью!
01.08.2017 20:37:28: master_of_winds истёк кровью!
01.08.2017 20:38:05: master_of_winds был съеден зомби! 
01.08.2017 20:43:10: mr.drakoflo был съеден зомби! 
01.08.2017 20:44:51: mr.drakoflo был съеден зомби! 
01.08.2017 21:01:26: hgh истёк кровью!
01.08.2017 21:07:08: hgh был съеден зомби! 
01.08.2017 21:40:27: СoolMaxik был съеден зомби! 
01.08.2017 21:44:13: СoolMaxik был съеден зомби! 
01.08.2017 22:03:01: DimaG был съеден зомби! 
01.08.2017 22:05:14: Estgamer 105 был съеден зомби! 
01.08.2017 22:41:29: haydenwalters был убит плювальщиком!
01.08.2017 22:48:36: haydenwalters отравился!
01.08.2017 22:50:14: DimaG был убит взрывной волной от машины!
01.08.2017 22:50:31: haydenwalters был съеден зомби! 
01.08.2017 22:52:36: haydenwalters был съеден зомби! 
01.08.2017 22:52:55: Anti-Nike был убит плювальщиком!
01.08.2017 22:59:23: Anti-Nike был съеден зомби! 
01.08.2017 23:00:04: zuni2006 был съеден зомби! 
01.08.2017 23:00:31: Anti-Nike истёк кровью!
01.08.2017 23:02:17: haydenwalters был убит плювальщиком!
01.08.2017 23:03:03: zuni2006 был убит плювальщиком!
01.08.2017 23:03:11: Pinkie Pie был съеден зомби! 
01.08.2017 23:04:56: haydenwalters истёк кровью!
01.08.2017 23:05:16: digitallorrd был съеден зомби! 
01.08.2017 23:05:56: zuni2006 был съеден зомби! 
01.08.2017 23:07:06: digitallorrd истёк кровью!
01.08.2017 23:07:27: haydenwalters был съеден зомби! 
01.08.2017 23:14:31: zuni2006 был съеден зомби! 
01.08.2017 23:14:33: GetRektSun69 был съеден зомби! 
01.08.2017 23:14:38: iamasaint422 был съеден зомби! 
01.08.2017 23:15:04: haydenwalters был съеден зомби! 
01.08.2017 23:16:02: haydenwalters был съеден зомби! 
01.08.2017 23:16:35: iamasaint422 был съеден зомби! 
01.08.2017 23:16:40: haydenwalters был съеден зомби! 
01.08.2017 23:21:04: haydenwalters был убит плювальщиком!
01.08.2017 23:23:20: pawlogawlo истёк кровью!
01.08.2017 23:23:35: haydenwalters был съеден зомби! 
01.08.2017 23:26:46: haydenwalters совершил суецид!
01.08.2017 23:30:02: haydenwalters был съеден зомби! 
01.08.2017 23:38:53: Летов был съеден зомби! 
02.08.2017 0:00:40: Vova был съеден зомби! 
02.08.2017 0:16:20: nafra.andrey был убит плювальщиком!
02.08.2017 0:18:39: nafra.andrey был съеден зомби! 
02.08.2017 0:20:53: Bro_Dryg был съеден зомби! 
02.08.2017 0:53:26: Edward_Nero совершил суецид!
02.08.2017 0:53:48: Edward_Nero совершил суецид!
02.08.2017 0:53:55: Edward_Nero совершил суецид!
02.08.2017 0:55:58: KennyMad совершил суецид!
02.08.2017 0:57:12: thekinggamer был съеден зомби! 
02.08.2017 0:58:20: voterzak` [BLR] был убит плювальщиком!
02.08.2017 1:02:27: KennyMad был съеден зомби! 
02.08.2017 1:02:43: KennyMad совершил суецид!
02.08.2017 1:02:51: KennyMad совершил суецид!
02.08.2017 1:02:57: KennyMad совершил суецид!
02.08.2017 1:03:03: KennyMad совершил суецид!
02.08.2017 1:03:31: voterzak` [BLR] был съеден зомби! 
02.08.2017 6:16:13: vawine4you был съеден зомби! 
02.08.2017 6:16:36: terrencekev был съеден зомби! 
02.08.2017 6:20:11: vawine4you был съеден зомби! 
02.08.2017 6:21:51: vawine4you был съеден зомби! 
02.08.2017 6:24:19: terrencekev истёк кровью!
02.08.2017 6:28:39: JBroatry истёк кровью!
02.08.2017 6:28:45: Dark System истёк кровью!
02.08.2017 6:32:33: vawine4you был съеден зомби! 
02.08.2017 6:32:51: terrencekev был убит плювальщиком!
02.08.2017 6:33:42: JBroatry был съеден зомби! 
02.08.2017 6:35:33: terrencekev истёк кровью!
02.08.2017 6:35:45: vawine4you был съеден зомби! 
02.08.2017 6:36:49: JBroatry был съеден зомби! 
02.08.2017 6:37:10: terrencekev был съеден зомби! 
02.08.2017 6:38:04: JBroatry был съеден зомби! 
02.08.2017 6:38:52: terrencekev был съеден зомби! 
02.08.2017 6:39:07: JBroatry был съеден зомби! 
02.08.2017 6:39:29: vawine4you был съеден зомби! 
02.08.2017 6:42:05: JBroatry истёк кровью!
02.08.2017 6:43:17: JBroatry был съеден зомби! 
02.08.2017 7:25:57: God'sEnvoy был съеден зомби! 
02.08.2017 7:42:57: danil20987 истёк кровью!
02.08.2017 7:44:15: danil20987 был съеден зомби! 
02.08.2017 7:45:10: danil20987 был съеден зомби! 
02.08.2017 7:46:15: danil20987 был съеден зомби! 
02.08.2017 7:50:02: God'sEnvoy был съеден зомби! 
02.08.2017 8:01:04: God'sEnvoy истёк кровью!
02.08.2017 8:02:25: God'sEnvoy died of holding his breath for too long!
02.08.2017 8:14:38: FazZzy истёк кровью!
02.08.2017 8:15:56: FazZzy был съеден зомби! 
02.08.2017 8:26:20: asdasd был съеден зомби! 
02.08.2017 8:29:11: asdasd совершил суецид!
02.08.2017 11:55:20: Hyper Beast был съеден зомби! 
02.08.2017 11:57:36: God'sEnvoy был съеден зомби! 
02.08.2017 13:24:15: Shakalowich был съеден зомби! 
02.08.2017 13:30:02: Kolya1337 был съеден зомби! 
02.08.2017 13:43:27: алексей совершил суецид!
02.08.2017 14:15:20: Я мир истёк кровью!
02.08.2017 14:19:26: VENGUS был съеден зомби! 
02.08.2017 14:19:49: VENGUS совершил суецид!
02.08.2017 14:25:50: tahret979 был съеден зомби! 
02.08.2017 14:27:06: Фин died of holding his breath for too long!
02.08.2017 14:28:21: tahret979 был съеден зомби! 
02.08.2017 14:44:20: tahret979 был съеден зомби! 
02.08.2017 15:18:24: tahret979 был съеден зомби! 
02.08.2017 15:21:04: KirillDoronin был съеден зомби! 
02.08.2017 15:24:45: Pinkie Pie был съеден зомби! 
02.08.2017 15:31:21: Roma News совершил суецид!
02.08.2017 15:52:17: JasonVH был съеден зомби! 
02.08.2017 15:53:05: tahret979 был съеден зомби! 
02.08.2017 15:53:34: tahret979 совершил суецид!
02.08.2017 15:55:45: tahret979 был съеден зомби! 
02.08.2017 16:06:09: NotMeAlone был съеден зомби! 
02.08.2017 16:14:27: NotMeAlone был съеден зомби! 
02.08.2017 16:24:57: artem истёк кровью!
02.08.2017 16:39:25: _KaniBall_ истёк кровью!
02.08.2017 16:43:19: dgataullin31 был съеден зомби! 
02.08.2017 16:45:31: Pinkie Pie был съеден зомби! 
02.08.2017 16:45:39: liampuo истёк кровью!
02.08.2017 16:47:06: liampuo истёк кровью!
02.08.2017 16:50:22: KoT истёк кровью!
02.08.2017 16:55:39: God'sEnvoy был съеден зомби! 
02.08.2017 16:57:51: Денис светлицон был съеден зомби! 
02.08.2017 17:06:15: valden555 истёк кровью!
02.08.2017 17:21:05: местный волк был съеден зомби! 
02.08.2017 17:24:34: SP разбился насмерть!
02.08.2017 17:26:41: welcome21534 был съеден зомби! 
02.08.2017 17:49:37: Кот_Кашарович отравился!
02.08.2017 17:50:56: R.A.A был съеден зомби! 
02.08.2017 17:51:48: _KaniBall_ совершил суецид!
02.08.2017 17:55:40: tahret979 был съеден зомби! 
02.08.2017 17:55:47: NaGiBhCiK был съеден зомби! 
02.08.2017 17:56:19: Riad был съеден зомби! 
02.08.2017 17:59:28: NaGiBhCiK был съеден зомби! 
02.08.2017 17:59:31: GhoostKey был съеден зомби! 
02.08.2017 18:00:31: Ilya11242 был съеден зомби! 
02.08.2017 18:01:06: KoT умер от голода!
02.08.2017 18:01:52: R.A.A был съеден зомби! 
02.08.2017 18:05:45: Vlad Nagib истёк кровью!
02.08.2017 18:06:28: Vlad Nagib совершил суецид!
02.08.2017 18:08:29: liampuo был съеден зомби! 
02.08.2017 18:14:13: Александр крылов был съеден зомби! 
02.08.2017 18:15:25: GAMER был съеден зомби! 
02.08.2017 18:19:24: The Boi Alfi был съеден зомби! 
02.08.2017 18:22:28: Александр крылов истёк кровью!
02.08.2017 18:22:43: The Boi Alfi истёк кровью!
02.08.2017 18:23:16: Фин был съеден зомби! 
02.08.2017 18:24:06: Александр крылов истёк кровью!
02.08.2017 18:24:26: Фин был съеден зомби! 
02.08.2017 18:24:46: The Boi Alfi истёк кровью!
02.08.2017 18:29:39: SP был съеден зомби! 
02.08.2017 18:30:59: liampuo был съеден зомби! 
02.08.2017 18:31:49: The Boi Alfi истёк кровью!
02.08.2017 18:32:53: liampuo совершил суецид!
02.08.2017 18:33:04: The Boi Alfi истёк кровью!
02.08.2017 18:34:13: liampuo совершил суецид!
02.08.2017 18:37:24: GAMER был съеден зомби! 
02.08.2017 18:50:26: Денис светлицон совершил суецид!
02.08.2017 18:51:32: Кот_Кашарович совершил суецид!
02.08.2017 18:53:46: KoT совершил суецид!
02.08.2017 18:56:22: _KaniBall_ совершил суецид!
02.08.2017 19:07:47: (A)Shot был съеден зомби! 
02.08.2017 19:10:29: =AVITUS= был съеден зомби! 
02.08.2017 19:15:58: =AVITUS= был съеден зомби! 
02.08.2017 19:28:33: (A)Shot разбился насмерть!
02.08.2017 19:36:29: digitallorrd был съеден зомби! 
02.08.2017 19:48:16: (A)Shot был съеден зомби! 
02.08.2017 19:48:43: Yuri_play08 был съеден зомби! 
02.08.2017 19:58:34: GoldenEgg был съеден зомби! 
02.08.2017 19:58:58: ralitpant был съеден зомби! 
02.08.2017 20:02:44: tahret979 был съеден зомби! 
02.08.2017 20:02:52: ralitpant был съеден зомби! 
02.08.2017 20:03:26: KoT истёк кровью!
02.08.2017 20:04:50: ralitpant был съеден зомби! 
02.08.2017 20:14:12: ralitpant был съеден зомби! 
02.08.2017 20:15:43: Клин был съеден зомби! 
02.08.2017 20:15:50: ralitpant истёк кровью!
02.08.2017 20:16:08: _KaniBall_ совершил суецид!
02.08.2017 20:20:01: ralitpant был съеден зомби! 
02.08.2017 20:23:04: FLAX утонул!
02.08.2017 20:25:30: FLAX истёк кровью!
02.08.2017 20:28:37: FLAX был съеден зомби! 
02.08.2017 20:32:10: KoT совершил суецид!
02.08.2017 20:34:35: maestro498magicdrop.ru был съеден зомби! 
02.08.2017 20:36:20: 1-_КоРоБ_-1 истёк кровью!
02.08.2017 20:37:38: gleb756skinaction.ru истёк кровью!
02.08.2017 20:41:51: Legor177 died of holding his breath for too long!
02.08.2017 20:56:14: _KaniBall_ был съеден зомби! 
02.08.2017 21:02:30: maestro498magicdrop.ru был съеден зомби! 
02.08.2017 21:03:19: gleb756skinaction.ru истёк кровью!
02.08.2017 21:06:02: Клин истёк кровью!
02.08.2017 21:08:09: maestro498magicdrop.ru истёк кровью!
02.08.2017 21:09:54: maestro498magicdrop.ru был съеден зомби! 
02.08.2017 21:12:19: FLAX истёк кровью!
02.08.2017 21:19:40: maestro498magicdrop.ru был съеден зомби! 
02.08.2017 21:34:02: maestro498magicdrop.ru был съеден зомби! 
02.08.2017 21:34:27: gleb756skinaction.ru истёк кровью!
02.08.2017 21:46:10: gleb756skinaction.ru был съеден зомби! 
02.08.2017 21:46:23: Опасный Ральф истёк кровью!
02.08.2017 21:46:35: dler221 истёк кровью!
02.08.2017 21:47:01: maestro498magicdrop.ru был съеден зомби! 
02.08.2017 21:50:42: FLAX был съеден зомби! 
02.08.2017 21:51:21: FLAX был съеден зомби! 
02.08.2017 21:51:24: 1-_КоРоБ_-1 истёк кровью!
02.08.2017 21:54:29: Опасный Ральф был съеден зомби! 
02.08.2017 21:59:46: Тюменский был съеден зомби! 
02.08.2017 21:59:49: VLADIMIR истёк кровью!
02.08.2017 22:08:18: Morgan был съеден зомби! 
02.08.2017 22:08:56: dler221 истёк кровью!
02.08.2017 22:15:11: Jesait был съеден зомби! 
02.08.2017 22:15:25: соси хуй был съеден зомби! 
02.08.2017 22:18:17: ldemeyer2013 был съеден зомби! 
02.08.2017 22:18:17: Vlasov был съеден зомби! 
02.08.2017 22:25:37: ldemeyer2013 был съеден зомби! 
02.08.2017 22:26:32: Jostin истёк кровью!
02.08.2017 23:04:49: Опасный Ральф истёк кровью!
02.08.2017 23:06:16: dler221 истёк кровью!
02.08.2017 23:13:34: Опасный Ральф был съеден зомби! 
02.08.2017 23:14:06: dler221 истёк кровью!
02.08.2017 23:17:02: dler221 был съеден зомби! 
02.08.2017 23:19:04: dler221 был съеден зомби! 
02.08.2017 23:20:00: Опасный Ральф был съеден зомби! 
02.08.2017 23:37:49: TwinTurbo разбился насмерть!
02.08.2017 23:39:57: Murka был съеден зомби! 
02.08.2017 23:42:41: Murka совершил суецид!
02.08.2017 23:58:58:  енот совершил суецид!
03.08.2017 0:02:13:  енот был съеден зомби! 
03.08.2017 0:19:12: liampuo был съеден зомби! 
03.08.2017 0:19:23: liampuo совершил суецид!
03.08.2017 0:19:33: liampuo совершил суецид!
03.08.2017 0:19:40: liampuo совершил суецид!
03.08.2017 0:19:46: liampuo совершил суецид!
03.08.2017 0:19:55: liampuo совершил суецид!
03.08.2017 0:20:00: liampuo совершил суецид!
03.08.2017 0:20:04: liampuo совершил суецид!
03.08.2017 4:06:46: Хм... Farmskins.com был съеден зомби! 
03.08.2017 5:10:45: Кот_Кашарович совершил суецид!
03.08.2017 5:46:13: mr.zona.2Ц005 был съеден зомби! 
03.08.2017 5:47:44: mr.zona.2Ц005 совершил суецид!
03.08.2017 6:24:46: Кот_Кашарович был съеден зомби! 
03.08.2017 7:03:58: Ilya11242 совершил суецид!
03.08.2017 7:50:17: God'sEnvoy истёк кровью!
03.08.2017 7:55:55: God'sEnvoy был убит камушком!
03.08.2017 7:57:06: Hyper Beast был съеден зомби! 
03.08.2017 7:57:40: Hyper Beast был съеден зомби! 
03.08.2017 7:57:47: God'sEnvoy был съеден зомби! 
03.08.2017 8:22:20: consolepluspc был съеден зомби! 
03.08.2017 8:23:30: consolepluspc был съеден зомби! 
03.08.2017 8:25:24: consolepluspc был съеден зомби! 
03.08.2017 9:03:25: tahret979 был съеден зомби! 
03.08.2017 9:06:25: tahret979 был съеден зомби! 
03.08.2017 9:06:52: killer101 был съеден зомби! 
03.08.2017 9:08:08: tahret979 был съеден зомби! 
03.08.2017 9:11:29: tahret979 был съеден зомби! 
03.08.2017 9:19:17: tahret979 был съеден зомби! 
03.08.2017 9:23:05: tahret979 был съеден зомби! 
03.08.2017 9:36:43: VladPinzin был съеден зомби! 
03.08.2017 9:43:26: animys228 был съеден зомби! 
03.08.2017 9:43:51: tahret979 был съеден зомби! 
03.08.2017 9:47:42: KoT истёк кровью!
03.08.2017 9:48:48: tahret979 был съеден зомби! 
03.08.2017 9:56:32: tahret979 был съеден зомби! 
03.08.2017 10:03:21: Kondrat был съеден зомби! 
03.08.2017 10:08:52: tahret979 был съеден зомби! 
03.08.2017 10:22:32: maestro498magicdrop.ru был убит плювальщиком!
03.08.2017 10:29:40: animys228 был съеден зомби! 
03.08.2017 10:34:48: gleb756skinaction.ru был съеден зомби! 
03.08.2017 10:42:37: Rubeek истёк кровью!
03.08.2017 10:49:33: Timsait был съеден зомби! 
03.08.2017 10:50:55: Pinkie Pie истёк кровью!
03.08.2017 10:51:09: maestro498magicdrop.ru был съеден зомби! 
03.08.2017 10:51:12: gleb756skinaction.ru был съеден зомби! 
03.08.2017 10:52:23: Pinkie Pie совершил суецид!
03.08.2017 10:54:20: Pinkie Pie совершил суецид!
03.08.2017 10:54:22: Timsait был съеден зомби! 
03.08.2017 11:00:08: Ilya11242 утонул!
03.08.2017 11:01:40: KoT совершил суецид!
03.08.2017 11:04:22: alexandr.d.belkin был съеден зомби! 
03.08.2017 11:05:51: tahret979 совершил суецид!
03.08.2017 11:09:04: semplay133 был съеден зомби! 
03.08.2017 11:13:48: mrMarble был съеден зомби! 
03.08.2017 11:23:26: Pinkie Pie был съеден зомби! 
03.08.2017 11:26:02: tahret979 был съеден зомби! 
03.08.2017 11:26:21: Кирилл Чаганов был съеден зомби! 
03.08.2017 11:27:46: semplay133 истёк кровью!
03.08.2017 11:29:14: tahret979 был съеден зомби! 
03.08.2017 11:29:38: semplay133 был съеден зомби! 
03.08.2017 11:31:12: semplay133 был съеден зомби! 
03.08.2017 11:33:23: semplay133 истёк кровью!
03.08.2017 11:33:23: _SaRdin_Milad был съеден зомби! 
