RocketRcon v2.4.8.0

login aVIPs22031994
players
Client has executed command "players"
Players:
PlayerID: 76561198444494613 Name: vladkrigin Character: дима васильев Ping: 125
PlayerID: 76561198423084997 Name: lovemariina Character: Rendy Ping: 125

Client has executed command "bans"
Bans:
PlayerID: 76561197966773788
JudgeID: 0
Reason: 900000 Duration: 31536000 Remaining: 27914797
PlayerID: 76561198336969313
JudgeID: 0
Reason: reid Duration: 604800 Remaining: 30030
PlayerID: 76561198212486347
JudgeID: 0
Reason: reid Duration: 604800 Remaining: 30361
PlayerID: 76561198391097237
JudgeID: 0
Reason: reid Duration: 604800 Remaining: 192848
PlayerID: 76561198190667017
JudgeID: 0
Reason: cheater Duration: 31104000 Remaining: 30795075
PlayerID: 76561198374710965
JudgeID: 0
Reason: cheater Duration: 31104000 Remaining: 30795091
MessageAnnouncer >> Broadcast: Наберите /rules (/r) для просмотра правил

END
MessageAnnouncer >> Наберите /rules (/r) для просмотра правил

END
Client has executed command "GET NOW"

ServerControl >> VALUE NOW [1] [0] [1319]

GET NOW
Client has executed command "GET NOW"

ServerControl >> VALUE NOW [1] [0] [1326]

