17.11.2017 12:54:00: RocketRcon v2.4.8.0

17.11.2017 12:54:01: Client has executed command "players"
Players:
PlayerID: 76561198408019916 Name: slava.fan555 Character: Славик Cухоруков Ping: 88
PlayerID: 76561198218103779 Name: Магистр_Сала Character: мафия    Ping: 20

17.11.2017 12:54:02: Client has executed command "bans"
Bans:
PlayerID: 76561197966773788
JudgeID: 0
Reason: 900000 Duration: 31536000 Remaining: 28523936
PlayerID: 76561198395511982
JudgeID: 0
Reason: 999999 Duration: 31536000 Remaining: 30078688
PlayerID: 76561198331180787
JudgeID: 76561198151655003
Reason: unspecified Duration: 31536000 Remaining: 30426906
PlayerID: 76561198172502147
JudgeID: 76561198237123262
Reason: 3600 Duration: 31536000 Remaining: 30430300
PlayerID: 76561198331252339
JudgeID: 76561198151655003
Reason: unspecified Duration: 31536000 Remaining: 30442633
PlayerID: 76561198434258763
JudgeID: 0
Reason: reid Duration: 608400 Remaining: 209180

17.11.2017 12:54:02: END
17.11.2017 12:54:04: Client has executed command "bans"

17.11.2017 12:54:06: Bans:
PlayerID: 76561197966773788
JudgeID: 0
Reason: 900000 Duration: 31536000 Remaining: 28523933
PlayerID: 76561198395511982
JudgeID: 0
Reason: 999999 Duration: 31536000 Remaining: 30078685
PlayerID: 76561198331180787
JudgeID: 76561198151655003
Reason: unspecified Duration: 31536000 Remaining: 30426903
PlayerID: 76561198172502147
JudgeID: 76561198237123262
Reason: 3600 Duration: 31536000 Remaining: 30430297
PlayerID: 76561198331252339
JudgeID: 76561198151655003
Reason: unspecified Duration: 31536000 Remaining: 30442630
PlayerID: 76561198434258763
JudgeID: 0
Reason: reid Duration: 608400 Remaining: 209177

17.11.2017 12:54:06: END
17.11.2017 12:54:08: END
17.11.2017 12:54:17: Client has executed command "players"

17.11.2017 12:54:17: Players:
PlayerID: 76561198408019916 Name: slava.fan555 Character: Славик Cухоруков Ping: 79
PlayerID: 76561198218103779 Name: Магистр_Сала Character: мафия    Ping: 31

17.11.2017 12:54:19: Client has executed command "bans"

17.11.2017 12:54:19: Bans:
PlayerID: 76561197966773788
JudgeID: 0
Reason: 900000 Duration: 31536000 Remaining: 28523918
PlayerID: 76561198395511982
JudgeID: 0
Reason: 999999 Duration: 31536000 Remaining: 30078670
PlayerID: 76561198331180787
JudgeID: 76561198151655003
Reason: unspecified Duration: 31536000 Remaining: 30426888
PlayerID: 76561198172502147
JudgeID: 76561198237123262
Reason: 3600 Duration: 31536000 Remaining: 30430282
PlayerID: 76561198331252339
JudgeID: 76561198151655003
Reason: unspecified Duration: 31536000 Remaining: 30442615
PlayerID: 76561198434258763
JudgeID: 0
Reason: reid Duration: 608400 Remaining: 209162

17.11.2017 12:54:19: END
17.11.2017 12:54:42: Client has executed command "bans"
Bans:
PlayerID: 76561197966773788
JudgeID: 0
Reason: 900000 Duration: 31536000 Remaining: 28523915
PlayerID: 76561198395511982
JudgeID: 0
Reason: 999999 Duration: 31536000 Remaining: 30078667
PlayerID: 76561198331180787
JudgeID: 76561198151655003
Reason: unspecified Duration: 31536000 Remaining: 30426885
PlayerID: 76561198172502147
JudgeID: 76561198237123262
Reason: 3600 Duration: 31536000 Remaining: 30430279
PlayerID: 76561198331252339
JudgeID: 76561198151655003
Reason: unspecified Duration: 31536000 Remaining: 30442612
PlayerID: 76561198434258763
JudgeID: 0
Reason: reid Duration: 608400 Remaining: 209159
MessageAnnouncer >> Broadcast: Наберите /kit help, чтобы получить первую мед. помощь (бинты, таблетки, еда)
MessageAnnouncer >> Наберите /kit help, чтобы получить первую мед. помощь (бинты, таблетки, еда)
Client has executed command "players"
Players:
PlayerID: 76561198408019916 Name: slava.fan555 Character: Славик Cухоруков Ping: 104
PlayerID: 76561198218103779 Name: Магистр_Сала Character: мафия    Ping: 27
Client has executed command "bans"
Bans:
PlayerID: 76561197966773788
JudgeID: 0
Reason: 900000 Duration: 31536000 Remaining: 28523898
PlayerID: 76561198395511982
JudgeID: 0
Reason: 999999 Duration: 31536000 Remaining: 30078650
PlayerID: 76561198331180787
JudgeID: 76561198151655003
Reason: unspecified Duration: 31536000 Remaining: 30426868
PlayerID: 76561198172502147
JudgeID: 76561198237123262
Reason: 3600 Duration: 31536000 Remaining: 30430262
PlayerID: 76561198331252339
JudgeID: 76561198151655003
Reason: unspecified Duration: 31536000 Remaining: 30442595
PlayerID: 76561198434258763
JudgeID: 0
Reason: reid Duration: 608400 Remaining: 209142

17.11.2017 12:54:42: END
17.11.2017 12:54:42: END
17.11.2017 12:54:42: END
17.11.2017 12:54:48: Client has executed command "bans"
Bans:
PlayerID: 76561197966773788
JudgeID: 0
Reason: 900000 Duration: 31536000 Remaining: 28523894
PlayerID: 76561198395511982
JudgeID: 0
Reason: 999999 Duration: 31536000 Remaining: 30078646
PlayerID: 76561198331180787
JudgeID: 76561198151655003
Reason: unspecified Duration: 31536000 Remaining: 30426864
PlayerID: 76561198172502147
JudgeID: 76561198237123262
Reason: 3600 Duration: 31536000 Remaining: 30430258
PlayerID: 76561198331252339
JudgeID: 76561198151655003
Reason: unspecified Duration: 31536000 Remaining: 30442591
PlayerID: 76561198434258763
JudgeID: 0
Reason: reid Duration: 608400 Remaining: 209138

17.11.2017 12:54:48: END
17.11.2017 12:54:50: END
17.11.2017 12:54:57: Client has executed command "players"

17.11.2017 12:54:57: Players:
PlayerID: 76561198408019916 Name: slava.fan555 Character: Славик Cухоруков Ping: 93
PlayerID: 76561198218103779 Name: Магистр_Сала Character: мафия    Ping: 23

17.11.2017 12:54:59: Client has executed command "bans"

17.11.2017 12:54:59: Bans:
PlayerID: 76561197966773788
JudgeID: 0
Reason: 900000 Duration: 31536000 Remaining: 28523878
PlayerID: 76561198395511982
JudgeID: 0
Reason: 999999 Duration: 31536000 Remaining: 30078630
PlayerID: 76561198331180787
JudgeID: 76561198151655003
Reason: unspecified Duration: 31536000 Remaining: 30426848
PlayerID: 76561198172502147
JudgeID: 76561198237123262
Reason: 3600 Duration: 31536000 Remaining: 30430242
PlayerID: 76561198331252339
JudgeID: 76561198151655003
Reason: unspecified Duration: 31536000 Remaining: 30442575
PlayerID: 76561198434258763
JudgeID: 0
Reason: reid Duration: 608400 Remaining: 209122

17.11.2017 12:54:59: END
17.11.2017 12:55:00: Client has executed command "bans"

17.11.2017 12:55:00: Bans:
PlayerID: 76561197966773788
JudgeID: 0
Reason: 900000 Duration: 31536000 Remaining: 28523877
PlayerID: 76561198395511982
JudgeID: 0
Reason: 999999 Duration: 31536000 Remaining: 30078629
PlayerID: 76561198331180787
JudgeID: 76561198151655003
Reason: unspecified Duration: 31536000 Remaining: 30426847
PlayerID: 76561198172502147
JudgeID: 76561198237123262
Reason: 3600 Duration: 31536000 Remaining: 30430241
PlayerID: 76561198331252339
JudgeID: 76561198151655003
Reason: unspecified Duration: 31536000 Remaining: 30442574
PlayerID: 76561198434258763
JudgeID: 0
Reason: reid Duration: 608400 Remaining: 209121

17.11.2017 12:55:00: END
17.11.2017 12:55:02: END
