RocketRcon v2.4.8.0

login aVIPs22031994
players
Client has executed command "players"
Failed to find any players.
Client has executed command "players"
Failed to find any players.
Client has executed command "GET NOW"

ServerControl >> VALUE NOW [1] [0] [991]

Client has executed command "GET NOW"

ServerControl >> VALUE NOW [1] [0] [1001]

GET NOW
Client has executed command "GET NOW"

ServerControl >> VALUE NOW [1] [0] [1001]

Client has executed command "players"

Failed to find any players.

Client has executed command "GET NOW"

ServerControl >> VALUE NOW [1] [0] [1011]

GET NOW
Client has executed command "GET NOW"

ServerControl >> VALUE NOW [1] [0] [1012]

Client has executed command "GET NOW"

ServerControl >> VALUE NOW [1] [0] [1021]

GET NOW
Client has executed command "GET NOW"

ServerControl >> VALUE NOW [1] [0] [1022]

Client has executed command "players"

Failed to find any players.

Client has executed command "GET NOW"

ServerControl >> VALUE NOW [1] [0] [1031]

GET NOW
Client has executed command "GET NOW"

ServerControl >> VALUE NOW [1] [0] [1032]

MessageAnnouncer >> Broadcast: Внимание! PvP-режим по субботам! PvP-режим!!!

MessageAnnouncer >> Внимание! PvP-режим по субботам! PvP-режим!!!

Client has executed command "GET NOW"

ServerControl >> VALUE NOW [1] [0] [1041]

GET NOW
Client has executed command "GET NOW"

ServerControl >> VALUE NOW [1] [0] [1042]

Client has executed command "players"

Failed to find any players.

Client has executed command "GET NOW"

ServerControl >> VALUE NOW [1] [0] [1051]

GET NOW
Client has executed command "GET NOW"

ServerControl >> VALUE NOW [1] [0] [1052]

Client has executed command "cchat "/33/09/17/04/17/15/16 /24/05/17/05/08 1 /24. 30 /13. " 255 255 0"

ServerControl >> Broadcast: Аирдроп через 1 ч. 30 м.

Не обработано: ServerControl >> Broadcast: Аирдроп через 1 ч. 30 м.
Client has executed command "GET NOW"

ServerControl >> VALUE NOW [1] [0] [1061]

GET NOW
Client has executed command "GET NOW"

ServerControl >> VALUE NOW [1] [0] [1062]

Client has executed command "GET NOW"

ServerControl >> VALUE NOW [1] [0] [1071]

Client has executed command "players"

Failed to find any players.

GET NOW
Client has executed command "GET NOW"

ServerControl >> VALUE NOW [1] [0] [1072]

Client has executed command "GET NOW"

ServerControl >> VALUE NOW [1] [0] [1081]

GET NOW
Client has executed command "GET NOW"

ServerControl >> VALUE NOW [1] [0] [1082]

Client has executed command "GET NOW"

ServerControl >> VALUE NOW [1] [0] [1091]

GET NOW
Client has executed command "GET NOW"

ServerControl >> VALUE NOW [1] [0] [1092]
Client has executed command "players"
Failed to find any players.

MessageAnnouncer >> Broadcast: vk.com/unturned_hgm - группа сервера ВК, уникальный кит в записи!
MessageAnnouncer >> vk.com/unturned_hgm - группа сервера ВК, уникальный кит в записи!

Client has executed command "GET NOW"

ServerControl >> VALUE NOW [1] [0] [1101]

GET NOW
Client has executed command "GET NOW"

ServerControl >> VALUE NOW [1] [0] [1102]

Client has executed command "GET NOW"

ServerControl >> VALUE NOW [1] [0] [1111]

GET NOW
Client has executed command "GET NOW"

ServerControl >> VALUE NOW [1] [0] [1112]

Client has executed command "players"

Failed to find any players.

Client has executed command "GET NOW"

ServerControl >> VALUE NOW [1] [0] [1121]

GET NOW
Client has executed command "GET NOW"

ServerControl >> VALUE NOW [1] [0] [1122]

Client has executed command "GET NOW"

ServerControl >> VALUE NOW [1] [0] [1131]

GET NOW
Client has executed command "GET NOW"

ServerControl >> VALUE NOW [1] [0] [1132]

Client has executed command "players"

Failed to find any players.

Client has executed command "GET NOW"

ServerControl >> VALUE NOW [1] [0] [1141]

GET NOW
Client has executed command "GET NOW"

ServerControl >> VALUE NOW [1] [0] [1142]

Client has executed command "GET NOW"

ServerControl >> VALUE NOW [1] [0] [1151]

GET NOW
Client has executed command "GET NOW"

ServerControl >> VALUE NOW [1] [0] [1152]

Client has executed command "players"

Failed to find any players.

MessageAnnouncer >> Broadcast: Посетите наш сайт. Вы будете удивлены! unturned.hemulgm.ru

MessageAnnouncer >> Посетите наш сайт. Вы будете удивлены! unturned.hemulgm.ru

Client has executed command "GET NOW"

ServerControl >> VALUE NOW [1] [0] [1161]

GET NOW
Client has executed command "GET NOW"

ServerControl >> VALUE NOW [1] [0] [1162]

Client has executed command "GET NOW"

ServerControl >> VALUE NOW [1] [0] [1171]

GET NOW
Client has executed command "GET NOW"

ServerControl >> VALUE NOW [1] [0] [1172]

Client has executed command "players"

Failed to find any players.

Client has executed command "GET NOW"

ServerControl >> VALUE NOW [1] [0] [1181]

GET NOW
Client has executed command "GET NOW"

ServerControl >> VALUE NOW [1] [0] [1182]

Client has executed command "GET NOW"

ServerControl >> VALUE NOW [1] [0] [1191]

GET NOW
Client has executed command "GET NOW"

ServerControl >> VALUE NOW [1] [0] [1192]

Client has executed command "players"

Failed to find any players.

Client has executed command "GET NOW"
ServerControl >> VALUE NOW [1] [0] [1201]

GET NOW
Client has executed command "GET NOW"

ServerControl >> VALUE NOW [1] [0] [1202]

Client has executed command "GET NOW"

ServerControl >> VALUE NOW [1] [0] [1211]

GET NOW
Client has executed command "GET NOW"

ServerControl >> VALUE NOW [1] [0] [1212]

Client has executed command "players"

Failed to find any players.

MessageAnnouncer >> Broadcast: Наберите /kit help, чтобы получить первую мед. помощь (бинты, таблетки, еда)

MessageAnnouncer >> Наберите /kit help, чтобы получить первую мед. помощь (бинты, таблетки, еда)

Client has executed command "GET NOW"

ServerControl >> VALUE NOW [1] [0] [1221]

GET NOW
Client has executed command "GET NOW"

ServerControl >> VALUE NOW [1] [0] [1222]

Client has executed command "GET NOW"

ServerControl >> VALUE NOW [1] [0] [1231]

GET NOW
Client has executed command "GET NOW"

ServerControl >> VALUE NOW [1] [0] [1232]

Client has executed command "players"

Failed to find any players.

Client has executed command "GET NOW"

ServerControl >> VALUE NOW [1] [0] [1241]

GET NOW
Client has executed command "GET NOW"

ServerControl >> VALUE NOW [1] [0] [1242]

Client has executed command "GET NOW"

ServerControl >> VALUE NOW [1] [0] [1251]

GET NOW
Client has executed command "GET NOW"

ServerControl >> VALUE NOW [1] [0] [1252]

Client has executed command "players"

Failed to find any players.

Client has executed command "GET NOW"

ServerControl >> VALUE NOW [1] [0] [1261]

GET NOW
Client has executed command "GET NOW"

ServerControl >> VALUE NOW [1] [0] [1262]

Client has executed command "GET NOW"

ServerControl >> VALUE NOW [1] [0] [1271]

GET NOW
Client has executed command "GET NOW"

ServerControl >> VALUE NOW [1] [0] [1272]

MessageAnnouncer >> Broadcast: vk.com/unturned_hgm - цены на премиум, VIP и другие услуги смотрите в группе!

MessageAnnouncer >> vk.com/unturned_hgm - цены на премиум, VIP и другие услуги смотрите в группе!

Client has executed command "players"

Failed to find any players.

Client has executed command "GET NOW"

ServerControl >> VALUE NOW [1] [0] [1281]

GET NOW
Client has executed command "GET NOW"

ServerControl >> VALUE NOW [1] [0] [1282]

Client has executed command "GET NOW"

ServerControl >> VALUE NOW [1] [0] [1291]

GET NOW
Client has executed command "GET NOW"

ServerControl >> VALUE NOW [1] [0] [1292]

Client has executed command "players"

Failed to find any players.

Client has executed command "GET NOW"

ServerControl >> VALUE NOW [1] [0] [1301]

GET NOW
Client has executed command "GET NOW"

ServerControl >> VALUE NOW [1] [0] [1302]

Client has executed command "GET NOW"

ServerControl >> VALUE NOW [1] [0] [1311]

GET NOW
Client has executed command "GET NOW"

ServerControl >> VALUE NOW [1] [0] [1312]

Client has executed command "players"

Failed to find any players.

Client has executed command "GET NOW"

ServerControl >> VALUE NOW [1] [0] [1321]

GET NOW
Client has executed command "GET NOW"

ServerControl >> VALUE NOW [1] [0] [1322]

Client has executed command "GET NOW"

ServerControl >> VALUE NOW [1] [0] [1331]

GET NOW
Client has executed command "GET NOW"

