RocketRcon v2.4.8.0

login aVIPs22031994
players
Client has executed command "players"
Players:
PlayerID: 76561198424120093 Name: Knockout1Demscouts Character: Knockout1Demscouts Ping: 197

Client has executed command "bans"
Bans:
PlayerID: 76561197966773788
JudgeID: 0
Reason: 900000 Duration: 31536000 Remaining: 28014156
PlayerID: 76561198336969313
JudgeID: 0
Reason: reid Duration: 604800 Remaining: 129389
PlayerID: 76561198212486347
JudgeID: 0
Reason: reid Duration: 604800 Remaining: 129720
PlayerID: 76561198391097237
JudgeID: 0
Reason: reid Duration: 604800 Remaining: 292207
PlayerID: 76561198190667017
JudgeID: 0
Reason: cheater Duration: 31104000 Remaining: 30894434
PlayerID: 76561198374710965
JudgeID: 0
Reason: cheater Duration: 31104000 Remaining: 30894450

END
Client has executed command "GET NOW"
ServerControl >> VALUE NOW [1] [0] [2113]

Client has executed command "players"

Players:
PlayerID: 76561198424120093 Name: Knockout1Demscouts Character: Knockout1Demscouts Ping: 201

END
Client has executed command "bans"

Bans:
PlayerID: 76561197966773788
JudgeID: 0
Reason: 900000 Duration: 31536000 Remaining: 28014152
PlayerID: 76561198336969313
JudgeID: 0
Reason: reid Duration: 604800 Remaining: 129385
PlayerID: 76561198212486347
JudgeID: 0
Reason: reid Duration: 604800 Remaining: 129716
PlayerID: 76561198391097237
JudgeID: 0
Reason: reid Duration: 604800 Remaining: 292203
PlayerID: 76561198190667017
JudgeID: 0
Reason: cheater Duration: 31104000 Remaining: 30894430
PlayerID: 76561198374710965
JudgeID: 0
Reason: cheater Duration: 31104000 Remaining: 30894446

END
END
Client has executed command "GET NOW"

ServerControl >> VALUE NOW [1] [0] [2123]

GET NOW
Client has executed command "GET NOW"

ServerControl >> VALUE NOW [1] [0] [2123]

Client has executed command "GET NOW"

ServerControl >> VALUE NOW [1] [0] [2133]

GET NOW
Client has executed command "GET NOW"

ServerControl >> VALUE NOW [1] [0] [2133]

Client has executed command "players"

Players:
PlayerID: 76561198424120093 Name: Knockout1Demscouts Character: Knockout1Demscouts Ping: 195

Client has executed command "bans"

Bans:
PlayerID: 76561197966773788
JudgeID: 0
Reason: 900000 Duration: 31536000 Remaining: 28014132
PlayerID: 76561198336969313
JudgeID: 0
Reason: reid Duration: 604800 Remaining: 129365
PlayerID: 76561198212486347
JudgeID: 0
Reason: reid Duration: 604800 Remaining: 129696
PlayerID: 76561198391097237
JudgeID: 0
Reason: reid Duration: 604800 Remaining: 292183
PlayerID: 76561198190667017
JudgeID: 0
Reason: cheater Duration: 31104000 Remaining: 30894410
PlayerID: 76561198374710965
JudgeID: 0
Reason: cheater Duration: 31104000 Remaining: 30894426

END
END
Client has executed command "GET NOW"

ServerControl >> VALUE NOW [1] [0] [2143]

GET NOW
Client has executed command "GET NOW"

ServerControl >> VALUE NOW [1] [0] [2143]

