RocketRcon v2.4.8.0

login aVIPs22031994
players
Client has executed command "players"
Players:
PlayerID: 76561198170878115 Name: EssexSting1 Character: EssexSting1 Ping: 207
PlayerID: 76561198424120093 Name: Knockout1Demscouts Character: Knockout1Demscouts Ping: 197

Client has executed command "bans"
Bans:
PlayerID: 76561197966773788
JudgeID: 0
Reason: 900000 Duration: 31536000 Remaining: 28010032
PlayerID: 76561198336969313
JudgeID: 0
Reason: reid Duration: 604800 Remaining: 125265
PlayerID: 76561198212486347
JudgeID: 0
Reason: reid Duration: 604800 Remaining: 125596
PlayerID: 76561198391097237
JudgeID: 0
Reason: reid Duration: 604800 Remaining: 288083
PlayerID: 76561198190667017
JudgeID: 0
Reason: cheater Duration: 31104000 Remaining: 30890310
PlayerID: 76561198374710965
JudgeID: 0
Reason: cheater Duration: 31104000 Remaining: 30890326

END
Client has executed command "GET NOW"
ServerControl >> VALUE NOW [0] [0] [2635]
Client has executed command "players"
Players:
PlayerID: 76561198170878115 Name: EssexSting1 Character: EssexSting1 Ping: 236
PlayerID: 76561198424120093 Name: Knockout1Demscouts Character: Knockout1Demscouts Ping: 197
Client has executed command "bans"
Bans:
PlayerID: 76561197966773788
JudgeID: 0
Reason: 900000 Duration: 31536000 Remaining: 28010030
PlayerID: 76561198336969313
JudgeID: 0
Reason: reid Duration: 604800 Remaining: 125263
PlayerID: 76561198212486347
JudgeID: 0
Reason: reid Duration: 604800 Remaining: 125594
PlayerID: 76561198391097237
JudgeID: 0
Reason: reid Duration: 604800 Remaining: 288081
PlayerID: 76561198190667017
JudgeID: 0
Reason: cheater Duration: 31104000 Remaining: 30890308
PlayerID: 76561198374710965
JudgeID: 0
Reason: cheater Duration: 31104000 Remaining: 30890324

END
END
END
Client has executed command "GET NOW"

ServerControl >> VALUE NOW [0] [0] [2645]

GET NOW
Client has executed command "GET NOW"

ServerControl >> VALUE NOW [0] [0] [2647]

[World] EssexSting1 [EssexSting1]: "Base"

Client has executed command "GET NOW"

ServerControl >> VALUE NOW [0] [0] [2655]

Client has executed command "players"

Players:
PlayerID: 76561198170878115 Name: EssexSting1 Character: EssexSting1 Ping: 212
PlayerID: 76561198424120093 Name: Knockout1Demscouts Character: Knockout1Demscouts Ping: 199

Client has executed command "bans"

Bans:
PlayerID: 76561197966773788
JudgeID: 0
Reason: 900000 Duration: 31536000 Remaining: 28010010
PlayerID: 76561198336969313
JudgeID: 0
Reason: reid Duration: 604800 Remaining: 125243
PlayerID: 76561198212486347
JudgeID: 0
Reason: reid Duration: 604800 Remaining: 125574
PlayerID: 76561198391097237
JudgeID: 0
Reason: reid Duration: 604800 Remaining: 288061
PlayerID: 76561198190667017
JudgeID: 0
Reason: cheater Duration: 31104000 Remaining: 30890288
PlayerID: 76561198374710965
JudgeID: 0
Reason: cheater Duration: 31104000 Remaining: 30890304

END
GET NOW
Client has executed command "GET NOW"

ServerControl >> VALUE NOW [0] [0] [2657]

END
