20.11.2017 11:16:42: RocketRcon v2.4.8.0

20.11.2017 11:16:42: login aVIPs22031994
20.11.2017 11:16:42: players
20.11.2017 11:16:43: Client has executed command "players"
Players:
PlayerID: 76561198245870076 Name: 0|TheGangstar|0 Character: Nyan Bread Ping: 112

20.11.2017 11:16:44: Client has executed command "bans"
Bans:
PlayerID: 76561197966773788
JudgeID: 0
Reason: 900000 Duration: 31536000 Remaining: 28270563
PlayerID: 76561198336969313
JudgeID: 0
Reason: reid Duration: 604800 Remaining: 385796
PlayerID: 76561198212486347
JudgeID: 0
Reason: reid Duration: 604800 Remaining: 386127
PlayerID: 76561198391097237
JudgeID: 0
Reason: reid Duration: 604800 Remaining: 548614
Client has executed command "players"
Players:
PlayerID: 76561198245870076 Name: 0|TheGangstar|0 Character: Nyan Bread Ping: 111

20.11.2017 11:16:44: END
20.11.2017 11:16:44: END
20.11.2017 11:16:46: Client has executed command "bans"
Bans:
PlayerID: 76561197966773788
JudgeID: 0
Reason: 900000 Duration: 31536000 Remaining: 28270562
PlayerID: 76561198336969313
JudgeID: 0
Reason: reid Duration: 604800 Remaining: 385795
PlayerID: 76561198212486347
JudgeID: 0
Reason: reid Duration: 604800 Remaining: 386126
PlayerID: 76561198391097237
JudgeID: 0
Reason: reid Duration: 604800 Remaining: 548613

20.11.2017 11:16:46: END
20.11.2017 11:16:48: END
20.11.2017 11:16:57: cchat "/57/05/03/15 /19/00/11 /17/00/14/15?" 255 0 0
20.11.2017 11:16:57: Client has executed command "cchat "/57/05/03/15 /19/00/11 /17/00/14/15?" 255 0 0"

20.11.2017 11:16:57: ServerControl >> Broadcast: Чего так рано?

20.11.2017 11:16:57: Не обработано: ServerControl >> Broadcast: Чего так рано?
20.11.2017 11:17:04: Client has executed command "players"

20.11.2017 11:17:04: Players:

20.11.2017 11:17:06: PlayerID: 76561198245870076 Name: 0|TheGangstar|0 Character: Nyan Bread Ping: 121

20.11.2017 11:17:06: Client has executed command "bans"
Bans:
PlayerID: 76561197966773788
JudgeID: 0
Reason: 900000 Duration: 31536000 Remaining: 28270542
PlayerID: 76561198336969313
JudgeID: 0
Reason: reid Duration: 604800 Remaining: 385775
PlayerID: 76561198212486347
JudgeID: 0
Reason: reid Duration: 604800 Remaining: 386106
PlayerID: 76561198391097237
JudgeID: 0
Reason: reid Duration: 604800 Remaining: 548593

20.11.2017 11:17:06: END
20.11.2017 11:17:07: END
20.11.2017 11:17:17: MessageAnnouncer >> Broadcast: vk.com/unturned_hgm - группа сервера ВК, уникальный кит в записи!

20.11.2017 11:17:17: MessageAnnouncer >> vk.com/unturned_hgm - группа сервера ВК, уникальный кит в записи!

20.11.2017 11:17:17: [World] Nyan Bread [0|TheGangstar|0]: "??????"

20.11.2017 11:17:24: Client has executed command "players"

20.11.2017 11:17:24: Players:
PlayerID: 76561198245870076 Name: 0|TheGangstar|0 Character: Nyan Bread Ping: 125

20.11.2017 11:17:26: Client has executed command "bans"

20.11.2017 11:17:26: Bans:
PlayerID: 76561197966773788
JudgeID: 0
Reason: 900000 Duration: 31536000 Remaining: 28270522
PlayerID: 76561198336969313
JudgeID: 0
Reason: reid Duration: 604800 Remaining: 385755
PlayerID: 76561198212486347
JudgeID: 0
Reason: reid Duration: 604800 Remaining: 386086
PlayerID: 76561198391097237
JudgeID: 0
Reason: reid Duration: 604800 Remaining: 548573

20.11.2017 11:17:26: END
20.11.2017 11:17:27: END
20.11.2017 11:17:38: cchat "/53/19/17/15 /07" 255 0 0
20.11.2017 11:17:38: Client has executed command "cchat "/53/19/17/15 /07" 255 0 0"

20.11.2017 11:17:38: ServerControl >> Broadcast: Утро ж

20.11.2017 11:17:38: Не обработано: ServerControl >> Broadcast: Утро ж
20.11.2017 11:17:44: Client has executed command "players"

20.11.2017 11:17:44: Players:
PlayerID: 76561198245870076 Name: 0|TheGangstar|0 Character: Nyan Bread Ping: 111

20.11.2017 11:17:46: [World] Nyan Bread [0|TheGangstar|0]: "15:17"

20.11.2017 11:17:47: Client has executed command "bans"

20.11.2017 11:17:47: Bans:
PlayerID: 76561197966773788
JudgeID: 0
Reason: 900000 Duration: 31536000 Remaining: 28270500
PlayerID: 76561198336969313
JudgeID: 0
Reason: reid Duration: 604800 Remaining: 385733
PlayerID: 76561198212486347
JudgeID: 0
Reason: reid Duration: 604800 Remaining: 386064
PlayerID: 76561198391097237
JudgeID: 0
Reason: reid Duration: 604800 Remaining: 548551

20.11.2017 11:17:47: END
20.11.2017 11:17:49: END
20.11.2017 11:17:53: cchat "/48/20) /35/05/18/05/12/15 /02/00/13" 255 0 0
20.11.2017 11:17:53: Client has executed command "cchat "/48/20) /35/05/18/05/12/15 /02/00/13" 255 0 0"

20.11.2017 11:17:53: ServerControl >> Broadcast: Оу) Весело вам

20.11.2017 11:17:53: Не обработано: ServerControl >> Broadcast: Оу) Весело вам
20.11.2017 11:17:57: cchat "/53 /13/05/14/32 11" 255 0 0
20.11.2017 11:17:57: Client has executed command "cchat "/53 /13/05/14/32 11" 255 0 0"

20.11.2017 11:17:57: ServerControl >> Broadcast: У меня 11

20.11.2017 11:17:57: Не обработано: ServerControl >> Broadcast: У меня 11
20.11.2017 11:18:04: Client has executed command "players"

20.11.2017 11:18:04: Players:
PlayerID: 76561198245870076 Name: 0|TheGangstar|0 Character: Nyan Bread Ping: 106

20.11.2017 11:18:06: [World] Nyan Bread [0|TheGangstar|0]: "ясн"

20.11.2017 11:18:07: Client has executed command "bans"

20.11.2017 11:18:07: Bans:
PlayerID: 76561197966773788
JudgeID: 0
Reason: 900000 Duration: 31536000 Remaining: 28270481
PlayerID: 76561198336969313
JudgeID: 0
Reason: reid Duration: 604800 Remaining: 385714
PlayerID: 76561198212486347
JudgeID: 0
Reason: reid Duration: 604800 Remaining: 386045
PlayerID: 76561198391097237
JudgeID: 0
Reason: reid Duration: 604800 Remaining: 548532

20.11.2017 11:18:07: END
20.11.2017 11:18:08: END
20.11.2017 11:18:17: MessageAnnouncer >> Broadcast: Посетите наш сайт. Вы будете удивлены! unturned.hemulgm.ru

20.11.2017 11:18:17: MessageAnnouncer >> Посетите наш сайт. Вы будете удивлены! unturned.hemulgm.ru

20.11.2017 11:18:18: [World] Nyan Bread [0|TheGangstar|0]: "я то думаю че никого нет"

20.11.2017 11:18:24: Client has executed command "players"

20.11.2017 11:18:24: Players:
PlayerID: 76561198245870076 Name: 0|TheGangstar|0 Character: Nyan Bread Ping: 110

20.11.2017 11:18:26: Client has executed command "bans"

20.11.2017 11:18:26: Bans:
PlayerID: 76561197966773788
JudgeID: 0
Reason: 900000 Duration: 31536000 Remaining: 28270462
PlayerID: 76561198336969313
JudgeID: 0
Reason: reid Duration: 604800 Remaining: 385695
PlayerID: 76561198212486347
JudgeID: 0
Reason: reid Duration: 604800 Remaining: 386026
PlayerID: 76561198391097237
JudgeID: 0
Reason: reid Duration: 604800 Remaining: 548513

20.11.2017 11:18:26: END
20.11.2017 11:18:27: END
20.11.2017 11:18:32: cchat "/53 /46/15/18/11/02/09/24/05/10 /02/15/15/01/26/05 9 /20/19/17/00" 255 0 0
20.11.2017 11:18:32: Client has executed command "cchat "/53 /46/15/18/11/02/09/24/05/10 /02/15/15/01/26/05 9 /20/19/17/00" 255 0 0"

20.11.2017 11:18:32: ServerControl >> Broadcast: У Москвичей вообще 9 утра

20.11.2017 11:18:32: Не обработано: ServerControl >> Broadcast: У Москвичей вообще 9 утра
20.11.2017 11:18:39: [World] Nyan Bread [0|TheGangstar|0]: "мм"

20.11.2017 11:18:44: Client has executed command "players"

20.11.2017 11:18:44: Players:
PlayerID: 76561198245870076 Name: 0|TheGangstar|0 Character: Nyan Bread Ping: 115

20.11.2017 11:18:46: Client has executed command "bans"

20.11.2017 11:18:46: Bans:
PlayerID: 76561197966773788
JudgeID: 0
Reason: 900000 Duration: 31536000 Remaining: 28270442
PlayerID: 76561198336969313
JudgeID: 0
Reason: reid Duration: 604800 Remaining: 385675
PlayerID: 76561198212486347
JudgeID: 0
Reason: reid Duration: 604800 Remaining: 386006
PlayerID: 76561198391097237
JudgeID: 0
Reason: reid Duration: 604800 Remaining: 548493

20.11.2017 11:18:46: END
20.11.2017 11:18:47: END
20.11.2017 11:19:04: Client has executed command "players"

20.11.2017 11:19:04: Players:

20.11.2017 11:19:06: PlayerID: 76561198245870076 Name: 0|TheGangstar|0 Character: Nyan Bread Ping: 123

20.11.2017 11:19:06: Client has executed command "bans"
Bans:
PlayerID: 76561197966773788
JudgeID: 0
Reason: 900000 Duration: 31536000 Remaining: 28270422
PlayerID: 76561198336969313
JudgeID: 0
Reason: reid Duration: 604800 Remaining: 385655
PlayerID: 76561198212486347
JudgeID: 0
Reason: reid Duration: 604800 Remaining: 385986
PlayerID: 76561198391097237
JudgeID: 0
Reason: reid Duration: 604800 Remaining: 548473

20.11.2017 11:19:06: END
20.11.2017 11:19:07: END
20.11.2017 11:19:17: MessageAnnouncer >> Broadcast: Наберите /kit help, чтобы получить первую мед. помощь (бинты, таблетки, еда)

20.11.2017 11:19:17: MessageAnnouncer >> Наберите /kit help, чтобы получить первую мед. помощь (бинты, таблетки, еда)

20.11.2017 11:19:21: cchat "/37/00 /32 /19/20/19 /04/05/12/00/31 /01/00/08/20 /04/00/14/14/28/22, /24/19/15/01 /24/00/19 /22/17/00/14/09/19/29" 255 0 0
20.11.2017 11:19:21: Client has executed command "cchat "/37/00 /32 /19/20/19 /04/05/12/00/31 /01/00/08/20 /04/00/14/14/28/22, /24/19/15/01 /24/00/19 /22/17/00/14/09/19/29" 255 0 0"

20.11.2017 11:19:21: ServerControl >> Broadcast: Да я тут делаю базу данных, чтоб чат хранить

20.11.2017 11:19:21: Не обработано: ServerControl >> Broadcast: Да я тут делаю базу данных, чтоб чат хранить
20.11.2017 11:19:24: Client has executed command "players"

20.11.2017 11:19:24: Players:
PlayerID: 76561198245870076 Name: 0|TheGangstar|0 Character: Nyan Bread Ping: 112

20.11.2017 11:19:26: Client has executed command "bans"

20.11.2017 11:19:26: Bans:
PlayerID: 76561197966773788
JudgeID: 0
Reason: 900000 Duration: 31536000 Remaining: 28270402
PlayerID: 76561198336969313
JudgeID: 0
Reason: reid Duration: 604800 Remaining: 385635
PlayerID: 76561198212486347
JudgeID: 0
Reason: reid Duration: 604800 Remaining: 385966
PlayerID: 76561198391097237
JudgeID: 0
Reason: reid Duration: 604800 Remaining: 548453

20.11.2017 11:19:26: END
20.11.2017 11:19:27: END
20.11.2017 11:19:39: [World] Nyan Bread [0|TheGangstar|0]: "на это памяти надо много"

20.11.2017 11:19:44: Client has executed command "players"

20.11.2017 11:19:44: Players:
PlayerID: 76561198245870076 Name: 0|TheGangstar|0 Character: Nyan Bread Ping: 119

20.11.2017 11:19:45: cchat "/16/21/21, /14/05)" 255 0 0
20.11.2017 11:19:45: Client has executed command "cchat "/16/21/21, /14/05)" 255 0 0"

20.11.2017 11:19:45: ServerControl >> Broadcast: пфф, не)

20.11.2017 11:19:45: Не обработано: ServerControl >> Broadcast: пфф, не)
20.11.2017 11:19:46: Client has executed command "bans"

20.11.2017 11:19:46: Bans:
PlayerID: 76561197966773788
JudgeID: 0
Reason: 900000 Duration: 31536000 Remaining: 28270381
PlayerID: 76561198336969313
JudgeID: 0
Reason: reid Duration: 604800 Remaining: 385614
PlayerID: 76561198212486347
JudgeID: 0
Reason: reid Duration: 604800 Remaining: 385945
PlayerID: 76561198391097237
JudgeID: 0

20.11.2017 11:19:46: END
20.11.2017 11:19:48: END
20.11.2017 11:20:01: Reason: reid Duration: 604800 Remaining: 548432

20.11.2017 11:20:01: Не обработано: Reason: reid Duration: 604800 Remaining: 548432
20.11.2017 11:20:01: [World] Nyan Bread [0|TheGangstar|0]: "а если спамер будлет"

20.11.2017 11:20:04: Client has executed command "players"

20.11.2017 11:20:04: Players:

20.11.2017 11:20:06: PlayerID: 76561198245870076 Name: 0|TheGangstar|0 Character: Nyan Bread Ping: 116

20.11.2017 11:20:06: Client has executed command "bans"
Bans:
PlayerID: 76561197966773788
JudgeID: 0
Reason: 900000 Duration: 31536000 Remaining: 28270362
PlayerID: 76561198336969313
JudgeID: 0
Reason: reid Duration: 604800 Remaining: 385595
PlayerID: 76561198212486347
JudgeID: 0
Reason: reid Duration: 604800 Remaining: 385926
PlayerID: 76561198391097237
JudgeID: 0
Reason: reid Duration: 604800 Remaining: 548413

20.11.2017 11:20:06: END
20.11.2017 11:20:07: END
20.11.2017 11:20:08: [World] Nyan Bread [0|TheGangstar|0]: "с ботом на спам"

20.11.2017 11:20:15: Client has executed command "cchat "/33/09/17/04/17/15/16 /24/05/17/05/08 3 /24. 40 /13. " 255 255 0"

20.11.2017 11:20:15: ServerControl >> Broadcast: Аирдроп через 3 ч. 40 м.

20.11.2017 11:20:15: Не обработано: ServerControl >> Broadcast: Аирдроп через 3 ч. 40 м.
20.11.2017 11:20:17: MessageAnnouncer >> Broadcast: vk.com/unturned_hgm - цены на премиум, VIP и другие услуги смотрите в группе!

20.11.2017 11:20:17: MessageAnnouncer >> vk.com/unturned_hgm - цены на премиум, VIP и другие услуги смотрите в группе!

20.11.2017 11:20:19: cchat "/33 /18/16/00/13/05/17 /08/00 3 /15/04/09/14/00/11/15/02/28/22 /18/15/15/01/26/05/14/09/32 /02/28/12/05/19/09/19 /18 /18/05/17/02/05/17/00" 255 0 0
20.11.2017 11:20:19: Client has executed command "cchat "/33 /18/16/00/13/05/17 /08/00 3 /15/04/09/14/00/11/15/02/28/22 /18/15/15/01/26/05/14/09/32 /02/28/12/05/19/09/19 /18 /18/05/17/02/05/17/00" 255 0 0"

20.11.2017 11:20:19: ServerControl >> Broadcast: А спамер за 3 одинаковых сообщения вылетит с сервера

20.11.2017 11:20:19: Не обработано: ServerControl >> Broadcast: А спамер за 3 одинаковых сообщения вылетит с сервера
20.11.2017 11:20:24: Client has executed command "players"

20.11.2017 11:20:24: Players:
PlayerID: 76561198245870076 Name: 0|TheGangstar|0 Character: Nyan Bread Ping: 115

20.11.2017 11:20:26: Client has executed command "bans"

20.11.2017 11:20:26: Bans:
PlayerID: 76561197966773788
JudgeID: 0
Reason: 900000 Duration: 31536000 Remaining: 28270342
PlayerID: 76561198336969313
JudgeID: 0
Reason: reid Duration: 604800 Remaining: 385575
PlayerID: 76561198212486347
JudgeID: 0
Reason: reid Duration: 604800 Remaining: 385906
PlayerID: 76561198391097237
JudgeID: 0
Reason: reid Duration: 604800 Remaining: 548393

20.11.2017 11:20:26: END
20.11.2017 11:20:27: END
20.11.2017 11:20:30: [World] Nyan Bread [0|TheGangstar|0]: "ааа"

20.11.2017 11:20:33: cchat "/46/15/07/05/25/29 /16/17/15/02/05/17/09/19/29" 255 0 0
20.11.2017 11:20:33: Client has executed command "cchat "/46/15/07/05/25/29 /16/17/15/02/05/17/09/19/29" 255 0 0"

20.11.2017 11:20:33: ServerControl >> Broadcast: Можешь проверить

20.11.2017 11:20:33: Не обработано: ServerControl >> Broadcast: Можешь проверить
20.11.2017 11:20:39: [World] Nyan Bread [0|TheGangstar|0]: "да нее"

20.11.2017 11:20:44: Client has executed command "players"

20.11.2017 11:20:44: Players:
PlayerID: 76561198245870076 Name: 0|TheGangstar|0 Character: Nyan Bread Ping: 118

20.11.2017 11:20:46: Client has executed command "bans"

20.11.2017 11:20:46: Bans:
PlayerID: 76561197966773788
JudgeID: 0
Reason: 900000 Duration: 31536000 Remaining: 28270322
PlayerID: 76561198336969313
JudgeID: 0
Reason: reid Duration: 604800 Remaining: 385555
PlayerID: 76561198212486347
JudgeID: 0
Reason: reid Duration: 604800 Remaining: 385886
PlayerID: 76561198391097237
JudgeID: 0

20.11.2017 11:20:46: END
20.11.2017 11:20:47: END
20.11.2017 11:20:50: Reason: reid Duration: 604800 Remaining: 548373

20.11.2017 11:20:50: Не обработано: Reason: reid Duration: 604800 Remaining: 548373
20.11.2017 11:20:50: [World] Nyan Bread [0|TheGangstar|0]: "я ща в городе как б я пока грузится буду убьют("

20.11.2017 11:20:59: [World] Nyan Bread [0|TheGangstar|0]: "а поч сайт не робит 2 дня?"

20.11.2017 11:21:00: cchat "/47/20 /04/00" 255 0 0
20.11.2017 11:21:00: Client has executed command "cchat "/47/20 /04/00" 255 0 0"

20.11.2017 11:21:00: ServerControl >> Broadcast: Ну да

20.11.2017 11:21:00: Не обработано: ServerControl >> Broadcast: Ну да
20.11.2017 11:21:04: Client has executed command "players"

20.11.2017 11:21:04: Players:
PlayerID: 76561198245870076 Name: 0|TheGangstar|0 Character: Nyan Bread Ping: 124

20.11.2017 11:21:06: Client has executed command "bans"

20.11.2017 11:21:06: Bans:
PlayerID: 76561197966773788
JudgeID: 0
Reason: 900000 Duration: 31536000 Remaining: 28270302
PlayerID: 76561198336969313
JudgeID: 0
Reason: reid Duration: 604800 Remaining: 385535
PlayerID: 76561198212486347
JudgeID: 0
Reason: reid Duration: 604800 Remaining: 385866
PlayerID: 76561198391097237
JudgeID: 0
Reason: reid Duration: 604800 Remaining: 548353

20.11.2017 11:21:06: END
20.11.2017 11:21:07: END
20.11.2017 11:21:11: cchat "/51/00/10/19 /17/15/01/09/19. " 255 0 0
20.11.2017 11:21:11: Client has executed command "cchat "/51/00/10/19 /17/15/01/09/19. " 255 0 0"

20.11.2017 11:21:11: ServerControl >> Broadcast: Сайт робит.

20.11.2017 11:21:11: Не обработано: ServerControl >> Broadcast: Сайт робит.
20.11.2017 11:21:14: [World] Nyan Bread [0|TheGangstar|0]: "да?"

20.11.2017 11:21:17: MessageAnnouncer >> Broadcast: Наберите /kit claim, чтобы получить Claim Flag

20.11.2017 11:21:17: MessageAnnouncer >> Наберите /kit claim, чтобы получить Claim Flag

20.11.2017 11:21:19: cchat "/49/17/15/18/19/15 /32 /02/28/11/12/31/24/00/31 /05/03/15 /09/14/15/03/04/00" 255 0 0
20.11.2017 11:21:19: Client has executed command "cchat "/49/17/15/18/19/15 /32 /02/28/11/12/31/24/00/31 /05/03/15 /09/14/15/03/04/00" 255 0 0"

20.11.2017 11:21:19: ServerControl >> Broadcast: Просто я выключаю его иногда

20.11.2017 11:21:19: Не обработано: ServerControl >> Broadcast: Просто я выключаю его иногда
20.11.2017 11:21:24: cchat "/35/17/05/13/05/14/00/13/09" 255 0 0
20.11.2017 11:21:24: Client has executed command "players"

20.11.2017 11:21:24: Players:
PlayerID: 76561198245870076 Name: 0|TheGangstar|0 Character: Nyan Bread Ping: 116

20.11.2017 11:21:24: Client has executed command "cchat "/35/17/05/13/05/14/00/13/09" 255 0 0"
ServerControl >> Broadcast: Временами

20.11.2017 11:21:24: Не обработано: ServerControl >> Broadcast: Временами
20.11.2017 11:21:26: Client has executed command "bans"

20.11.2017 11:21:26: Bans:
PlayerID: 76561197966773788
JudgeID: 0
Reason: 900000 Duration: 31536000 Remaining: 28270282
PlayerID: 76561198336969313
JudgeID: 0
Reason: reid Duration: 604800 Remaining: 385515
PlayerID: 76561198212486347
JudgeID: 0
Reason: reid Duration: 604800 Remaining: 385846
PlayerID: 76561198391097237
JudgeID: 0
Reason: reid Duration: 604800 Remaining: 548333

20.11.2017 11:21:26: END
20.11.2017 11:21:27: END
20.11.2017 11:21:33: [World] Nyan Bread [0|TheGangstar|0]: "ясна"

20.11.2017 11:21:44: Client has executed command "players"

20.11.2017 11:21:44: Players:
PlayerID: 76561198245870076 Name: 0|TheGangstar|0 Character: Nyan Bread Ping: 106

20.11.2017 11:21:46: Client has executed command "bans"

20.11.2017 11:21:46: Bans:
PlayerID: 76561197966773788
JudgeID: 0
Reason: 900000 Duration: 31536000 Remaining: 28270262
PlayerID: 76561198336969313
JudgeID: 0
Reason: reid Duration: 604800 Remaining: 385495
PlayerID: 76561198212486347
JudgeID: 0
Reason: reid Duration: 604800 Remaining: 385826
PlayerID: 76561198391097237
JudgeID: 0
Reason: reid Duration: 604800 Remaining: 548313

20.11.2017 11:21:46: END
20.11.2017 11:21:47: END
20.11.2017 11:21:52: [World] Nyan Bread [0|TheGangstar|0]: "Прошу прощения. Этот сайт работает на моём рабочем компьютере. И из-за того, что на нём Пр"

20.11.2017 11:21:58: cchat "=)))" 255 0 0
20.11.2017 11:21:58: Client has executed command "cchat "=)))" 255 0 0"

20.11.2017 11:21:58: ServerControl >> Broadcast: =)))

20.11.2017 11:21:58: Не обработано: ServerControl >> Broadcast: =)))
20.11.2017 11:22:00: cchat "/42/13/05/14/14/15" 255 0 0
20.11.2017 11:22:00: Client has executed command "cchat "/42/13/05/14/14/15" 255 0 0"

20.11.2017 11:22:00: ServerControl >> Broadcast: Именно

20.11.2017 11:22:00: Не обработано: ServerControl >> Broadcast: Именно
20.11.2017 11:22:00: [World] Nyan Bread [0|TheGangstar|0]: "я немогу зайти("

20.11.2017 11:22:03: cchat "/48/01/14/15/02/09" 255 0 0
20.11.2017 11:22:03: Client has executed command "cchat "/48/01/14/15/02/09" 255 0 0"

20.11.2017 11:22:03: ServerControl >> Broadcast: Обнови

20.11.2017 11:22:03: Не обработано: ServerControl >> Broadcast: Обнови
20.11.2017 11:22:04: Client has executed command "players"

20.11.2017 11:22:04: Players:
PlayerID: 76561198245870076 Name: 0|TheGangstar|0 Character: Nyan Bread Ping: 118

20.11.2017 11:22:06: Client has executed command "bans"

20.11.2017 11:22:06: Bans:
PlayerID: 76561197966773788
JudgeID: 0
Reason: 900000 Duration: 31536000 Remaining: 28270242
PlayerID: 76561198336969313
JudgeID: 0
Reason: reid Duration: 604800 Remaining: 385475
PlayerID: 76561198212486347
JudgeID: 0
Reason: reid Duration: 604800 Remaining: 385806
PlayerID: 76561198391097237
JudgeID: 0
Reason: reid Duration: 604800 Remaining: 548293

20.11.2017 11:22:06: END
20.11.2017 11:22:06: [World] Nyan Bread [0|TheGangstar|0]: "ок"

20.11.2017 11:22:07: END
20.11.2017 11:22:17: MessageAnnouncer >> Broadcast: Если модератор ведёт себя неподобающе, пишите в группу или ЛС (vk.com/unturned_hgm, vk.com/hemulgm)

20.11.2017 11:22:17: MessageAnnouncer >> Если модератор ведёт себя неподобающе, пишите в группу или ЛС (vk.com/unturned_hgm, vk.com/hemulgm)

20.11.2017 11:22:23: [World] Nyan Bread [0|TheGangstar|0]: "о робит"

20.11.2017 11:22:24: Client has executed command "players"

20.11.2017 11:22:24: Players:
PlayerID: 76561198245870076 Name: 0|TheGangstar|0 Character: Nyan Bread Ping: 113

20.11.2017 11:22:26: Client has executed command "bans"

20.11.2017 11:22:26: Bans:
PlayerID: 76561197966773788
JudgeID: 0
Reason: 900000 Duration: 31536000 Remaining: 28270222
PlayerID: 76561198336969313
JudgeID: 0
Reason: reid Duration: 604800 Remaining: 385455
PlayerID: 76561198212486347
JudgeID: 0
Reason: reid Duration: 604800 Remaining: 385786
PlayerID: 76561198391097237
JudgeID: 0
Reason: reid Duration: 604800 Remaining: 548273

20.11.2017 11:22:26: END
20.11.2017 11:22:27: END
20.11.2017 11:22:35: cchat "/53/03/20. /44/00/11 /16/17/00/02/09/12/15 /15/14 /02/18/05/03/15 2-3 /24/00/18/00 /19/00/11 /17/00/01/15/19/00/05/19" 255 0 0
20.11.2017 11:22:35: Client has executed command "cchat "/53/03/20. /44/00/11 /16/17/00/02/09/12/15 /15/14 /02/18/05/03/15 2-3 /24/00/18/00 /19/00/11 /17/00/01/15/19/00/05/19" 255 0 0"

20.11.2017 11:22:35: ServerControl >> Broadcast: Угу. Как правило он всего 2-3 часа так работает

20.11.2017 11:22:35: Не обработано: ServerControl >> Broadcast: Угу. Как правило он всего 2-3 часа так работает
20.11.2017 11:22:44: Client has executed command "players"

20.11.2017 11:22:44: Players:

20.11.2017 11:22:46: PlayerID: 76561198245870076 Name: 0|TheGangstar|0 Character: Nyan Bread Ping: 120

20.11.2017 11:22:46: Client has executed command "bans"
Bans:
PlayerID: 76561197966773788
JudgeID: 0
Reason: 900000 Duration: 31536000 Remaining: 28270202
PlayerID: 76561198336969313
JudgeID: 0
Reason: reid Duration: 604800 Remaining: 385435
PlayerID: 76561198212486347
JudgeID: 0
Reason: reid Duration: 604800 Remaining: 385766
PlayerID: 76561198391097237
JudgeID: 0
Reason: reid Duration: 604800 Remaining: 548253

20.11.2017 11:22:46: END
20.11.2017 11:22:47: END
20.11.2017 11:22:49: [World] Nyan Bread [0|TheGangstar|0]: "ясн"

20.11.2017 11:22:58: cchat "/52/00/11, /12/00/04/14/15 /32 /17/00/01/15/19/00/19/29" 255 0 0
20.11.2017 11:22:58: Client has executed command "cchat "/52/00/11, /12/00/04/14/15 /32 /17/00/01/15/19/00/19/29" 255 0 0"

20.11.2017 11:22:58: ServerControl >> Broadcast: Так, ладно я работать

20.11.2017 11:22:58: Не обработано: ServerControl >> Broadcast: Так, ладно я работать
20.11.2017 11:23:04: Client has executed command "players"

20.11.2017 11:23:04: Players:
PlayerID: 76561198245870076 Name: 0|TheGangstar|0 Character: Nyan Bread Ping: 111

20.11.2017 11:23:06: Client has executed command "bans"

20.11.2017 11:23:06: Bans:
PlayerID: 76561197966773788
JudgeID: 0
Reason: 900000 Duration: 31536000 Remaining: 28270182
PlayerID: 76561198336969313
JudgeID: 0
Reason: reid Duration: 604800 Remaining: 385415
PlayerID: 76561198212486347
JudgeID: 0
Reason: reid Duration: 604800 Remaining: 385746
PlayerID: 76561198391097237
JudgeID: 0
Reason: reid Duration: 604800 Remaining: 548233

20.11.2017 11:23:06: END
20.11.2017 11:23:07: END
20.11.2017 11:23:07: [World] Nyan Bread [0|TheGangstar|0]: "ок"

