RocketRcon v2.4.8.0

login aVIPs22031994
players
Client has executed command "players"
Players:
PlayerID: 76561198245870076 Name: 0|TheGangstar|0 Character: Nyan Bread Ping: 83
PlayerID: 76561198218103779 Name: Магистр_Сала Character: мафия    Ping: 35

Client has executed command "bans"
Bans:
PlayerID: 76561197966773788
JudgeID: 0
Reason: 900000 Duration: 31536000 Remaining: 28018975
PlayerID: 76561198336969313
JudgeID: 0
Reason: reid Duration: 604800 Remaining: 134208
PlayerID: 76561198212486347
JudgeID: 0
Reason: reid Duration: 604800 Remaining: 134539
PlayerID: 76561198391097237
JudgeID: 0
Reason: reid Duration: 604800 Remaining: 297026
PlayerID: 76561198190667017
JudgeID: 0
Reason: cheater Duration: 31104000 Remaining: 30899253
PlayerID: 76561198374710965
JudgeID: 0
Reason: cheater Duration: 31104000 Remaining: 30899269

END
Client has executed command "players"

Players:
PlayerID: 76561198245870076 Name: 0|TheGangstar|0 Character: Nyan Bread Ping: 87
PlayerID: 76561198218103779 Name: Магистр_Сала Character: мафия    Ping: 27
Client has executed command "bans"
Bans:
PlayerID: 76561197966773788
JudgeID: 0
Reason: 900000 Duration: 31536000 Remaining: 28018973
PlayerID: 76561198336969313
JudgeID: 0
Reason: reid Duration: 604800 Remaining: 134206
PlayerID: 76561198212486347
JudgeID: 0
Reason: reid Duration: 604800 Remaining: 134537
PlayerID: 76561198391097237
JudgeID: 0
Reason: reid Duration: 604800 Remaining: 297024
PlayerID: 76561198190667017
JudgeID: 0
Reason: cheater Duration: 31104000 Remaining: 30899251
PlayerID: 76561198374710965
JudgeID: 0
Reason: cheater Duration: 31104000 Remaining: 30899267

END
END
END
