RocketRcon v2.4.8.0

login aVIPs22031994
players
Client has executed command "players"
Players:
PlayerID: 76561198218103779 Name: Магистр_Сала Character: мафия    Ping: 171
Client has executed command "players"
Players:
PlayerID: 76561198218103779 Name: Магистр_Сала Character: мафия    Ping: 171

END
Client has executed command "bans"

Bans:
PlayerID: 76561197966773788
JudgeID: 0
Reason: 900000 Duration: 31536000 Remaining: 28018454
PlayerID: 76561198336969313
JudgeID: 0
Reason: reid Duration: 604800 Remaining: 133687
PlayerID: 76561198212486347
JudgeID: 0
Reason: reid Duration: 604800 Remaining: 134018
PlayerID: 76561198391097237
JudgeID: 0
Reason: reid Duration: 604800 Remaining: 296505
PlayerID: 76561198190667017
JudgeID: 0
Reason: cheater Duration: 31104000 Remaining: 30898732
PlayerID: 76561198374710965
JudgeID: 0
Reason: cheater Duration: 31104000 Remaining: 30898748
Client has executed command "bans"
Bans:
PlayerID: 76561197966773788
JudgeID: 0
Reason: 900000 Duration: 31536000 Remaining: 28018454
PlayerID: 76561198336969313
JudgeID: 0
Reason: reid Duration: 604800 Remaining: 133687
PlayerID: 76561198212486347
JudgeID: 0
Reason: reid Duration: 604800 Remaining: 134018
PlayerID: 76561198391097237
JudgeID: 0
Reason: reid Duration: 604800 Remaining: 296505
PlayerID: 76561198190667017
JudgeID: 0
Reason: cheater Duration: 31104000 Remaining: 30898732
PlayerID: 76561198374710965
JudgeID: 0
Reason: cheater Duration: 31104000 Remaining: 30898748

END
END
END
Client has executed command "GET NOW"

ServerControl >> VALUE NOW [1] [0] [1421]

GET NOW
Client has executed command "GET NOW"

ServerControl >> VALUE NOW [1] [0] [1426]

MessageAnnouncer >> Broadcast: Наберите /kit start, чтобы получить стартовый набор (еда, вода, топор)

MessageAnnouncer >> Наберите /kit start, чтобы получить стартовый набор (еда, вода, топор)

Client has executed command "GET NOW"

ServerControl >> VALUE NOW [1] [0] [1431]

Client has executed command "players"

Players:
PlayerID: 76561198218103779 Name: Магистр_Сала Character: мафия    Ping: 166

Client has executed command "bans"

Bans:
PlayerID: 76561197966773788
JudgeID: 0
Reason: 900000 Duration: 31536000 Remaining: 28018433
PlayerID: 76561198336969313
JudgeID: 0
Reason: reid Duration: 604800 Remaining: 133666
PlayerID: 76561198212486347
JudgeID: 0
Reason: reid Duration: 604800 Remaining: 133997
PlayerID: 76561198391097237
JudgeID: 0
Reason: reid Duration: 604800 Remaining: 296484
PlayerID: 76561198190667017
JudgeID: 0
Reason: cheater Duration: 31104000 Remaining: 30898711
PlayerID: 76561198374710965
JudgeID: 0
Reason: cheater Duration: 31104000 Remaining: 30898727

END
END
GET NOW
Client has executed command "GET NOW"

ServerControl >> VALUE NOW [1] [0] [1436]

Client has executed command "GET NOW"

ServerControl >> VALUE NOW [1] [0] [1441]

GET NOW
Client has executed command "GET NOW"

ServerControl >> VALUE NOW [1] [0] [1446]

Client has executed command "GET NOW"

ServerControl >> VALUE NOW [1] [0] [1451]

Client has executed command "players"

Players:
PlayerID: 76561198218103779 Name: Магистр_Сала Character: мафия    Ping: 171

Client has executed command "bans"

Bans:
PlayerID: 76561197966773788
JudgeID: 0
Reason: 900000 Duration: 31536000 Remaining: 28018413
PlayerID: 76561198336969313
JudgeID: 0
Reason: reid Duration: 604800 Remaining: 133646
PlayerID: 76561198212486347
JudgeID: 0
Reason: reid Duration: 604800 Remaining: 133977
PlayerID: 76561198391097237
JudgeID: 0
Reason: reid Duration: 604800 Remaining: 296464
PlayerID: 76561198190667017
JudgeID: 0
Reason: cheater Duration: 31104000 Remaining: 30898691
PlayerID: 76561198374710965
JudgeID: 0
Reason: cheater Duration: 31104000 Remaining: 30898707

END
END
GET NOW
Client has executed command "GET NOW"

ServerControl >> VALUE NOW [1] [0] [1456]

Client has executed command "GET NOW"

ServerControl >> VALUE NOW [1] [0] [1461]

GET NOW
Client has executed command "GET NOW"

ServerControl >> VALUE NOW [1] [0] [1466]

Client has executed command "GET NOW"

ServerControl >> VALUE NOW [1] [0] [1471]

Client has executed command "players"

Players:
PlayerID: 76561198218103779 Name: Магистр_Сала Character: мафия    Ping: 166

Client has executed command "bans"

Bans:
PlayerID: 76561197966773788
JudgeID: 0
Reason: 900000 Duration: 31536000 Remaining: 28018393
PlayerID: 76561198336969313
JudgeID: 0
Reason: reid Duration: 604800 Remaining: 133626
PlayerID: 76561198212486347
JudgeID: 0
Reason: reid Duration: 604800 Remaining: 133957
PlayerID: 76561198391097237
JudgeID: 0
Reason: reid Duration: 604800 Remaining: 296444
PlayerID: 76561198190667017
JudgeID: 0
Reason: cheater Duration: 31104000 Remaining: 30898671
PlayerID: 76561198374710965
JudgeID: 0
Reason: cheater Duration: 31104000 Remaining: 30898687

END
END
GET NOW
Client has executed command "GET NOW"

ServerControl >> VALUE NOW [1] [0] [1476]

Client has executed command "GET NOW"

ServerControl >> VALUE NOW [1] [0] [1481]

GET NOW
Client has executed command "GET NOW"

ServerControl >> VALUE NOW [1] [0] [1487]

MessageAnnouncer >> Broadcast: Внимание! PvP-режим по субботам! PvP-режим!!!

MessageAnnouncer >> Внимание! PvP-режим по субботам! PvP-режим!!!

Client has executed command "cchat "/33/09/17/04/17/15/16 /24/05/17/05/08 40 /13. " 255 255 0"

ServerControl >> Broadcast: Аирдроп через 40 м.

Не обработано: ServerControl >> Broadcast: Аирдроп через 40 м.
Client has executed command "GET NOW"

ServerControl >> VALUE NOW [1] [0] [1491]

Client has executed command "players"

Players:
PlayerID: 76561198218103779 Name: Магистр_Сала Character: мафия    Ping: 173

Client has executed command "bans"

Bans:
PlayerID: 76561197966773788
JudgeID: 0
Reason: 900000 Duration: 31536000 Remaining: 28018373
PlayerID: 76561198336969313
JudgeID: 0
Reason: reid Duration: 604800 Remaining: 133606
PlayerID: 76561198212486347
JudgeID: 0
Reason: reid Duration: 604800 Remaining: 133937
PlayerID: 76561198391097237
JudgeID: 0
Reason: reid Duration: 604800 Remaining: 296424
PlayerID: 76561198190667017
JudgeID: 0
Reason: cheater Duration: 31104000 Remaining: 30898651
PlayerID: 76561198374710965
JudgeID: 0
Reason: cheater Duration: 31104000 Remaining: 30898667

END
