RocketRcon v2.4.8.0

login aVIPs22031994
players
Client has executed command "players"
Players:
PlayerID: 76561198203101308 Name: Dirooll Character: Алексей Вдувакин Ping: 46
PlayerID: 76561198408019916 Name: slava.fan555 Character: Славик Cухоруков Ping: 85
PlayerID: 76561198190664649 Name: Enot Raketa Character: Foxy Ping: 101

Client has executed command "bans"
Bans:
PlayerID: 76561197966773788
JudgeID: 0
Reason: 900000 Duration: 31536000 Remaining: 27562440
PlayerID: 76561198190667017
JudgeID: 0
Reason: cheater Duration: 31104000 Remaining: 30442718
PlayerID: 76561198374710965
JudgeID: 0
Reason: cheater Duration: 31104000 Remaining: 30442734

END
END
Client has executed command "GET NOW"

ServerControl >> VALUE NOW [1] [0] [1280]

GET NOW
Client has executed command "GET NOW"

ServerControl >> VALUE NOW [1] [0] [1285]

Client has executed command "players"

Players:
PlayerID: 76561198203101308 Name: Dirooll Character: Алексей Вдувакин Ping: 54
PlayerID: 76561198408019916 Name: slava.fan555 Character: Славик Cухоруков Ping: 78
PlayerID: 76561198190664649 Name: Enot Raketa Character: Foxy Ping: 66

Client has executed command "bans"

Bans:
PlayerID: 76561197966773788
JudgeID: 0
Reason: 900000 Duration: 31536000 Remaining: 27562426
PlayerID: 76561198190667017
JudgeID: 0
Reason: cheater Duration: 31104000 Remaining: 30442704
PlayerID: 76561198374710965
JudgeID: 0
Reason: cheater Duration: 31104000 Remaining: 30442720

END
END
Client has executed command "GET NOW"

ServerControl >> VALUE NOW [1] [0] [1290]

MessageAnnouncer >> Broadcast: Наберите /kit claim, чтобы получить Claim Flag

MessageAnnouncer >> Наберите /kit claim, чтобы получить Claim Flag

GET NOW
Client has executed command "GET NOW"

ServerControl >> VALUE NOW [1] [0] [1295]

Client has executed command "GET NOW"

ServerControl >> VALUE NOW [1] [0] [1300]

GET NOW
Client has executed command "GET NOW"

ServerControl >> VALUE NOW [1] [0] [1305]

Client has executed command "players"

Players:
PlayerID: 76561198203101308 Name: Dirooll Character: Алексей Вдувакин Ping: 66
PlayerID: 76561198408019916 Name: slava.fan555 Character: Славик Cухоруков Ping: 82
PlayerID: 76561198190664649 Name: Enot Raketa Character: Foxy Ping: 70

Client has executed command "bans"

Bans:
PlayerID: 76561197966773788
JudgeID: 0
Reason: 900000 Duration: 31536000 Remaining: 27562406
PlayerID: 76561198190667017
JudgeID: 0
Reason: cheater Duration: 31104000 Remaining: 30442684
PlayerID: 76561198374710965
JudgeID: 0
Reason: cheater Duration: 31104000 Remaining: 30442700

END
END
Client has executed command "GET NOW"

ServerControl >> VALUE NOW [1] [0] [1310]

GET NOW
Client has executed command "GET NOW"

ServerControl >> VALUE NOW [1] [0] [1315]

Client has executed command "GET NOW"

ServerControl >> VALUE NOW [1] [0] [1320]

