RocketRcon v2.4.8.0

login aVIPs22031994
players
Client has executed command "players"

Failed to find any players.

Client has executed command "GET NOW"
ServerControl >> VALUE NOW [0] [0] [2836]

Client has executed command "players"

Failed to find any players.

GET NOW
Client has executed command "GET NOW"

ServerControl >> VALUE NOW [0] [0] [2846]

Client has executed command "GET NOW"

ServerControl >> VALUE NOW [0] [0] [2846]

GET NOW
Client has executed command "GET NOW"
ServerControl >> VALUE NOW [0] [0] [2856]

Client has executed command "GET NOW"

ServerControl >> VALUE NOW [0] [0] [2857]

Client has executed command "players"

Failed to find any players.

Client has executed command "GET NOW"

ServerControl >> VALUE NOW [0] [0] [2866]

GET NOW
Client has executed command "GET NOW"

ServerControl >> VALUE NOW [0] [0] [2867]

MessageAnnouncer >> Broadcast: vk.com/unturned_hgm - цены на премиум, VIP и другие услуги смотрите в группе!

MessageAnnouncer >> vk.com/unturned_hgm - цены на премиум, VIP и другие услуги смотрите в группе!

Client has executed command "GET NOW"
ServerControl >> VALUE NOW [0] [0] [2876]

GET NOW
Client has executed command "GET NOW"
ServerControl >> VALUE NOW [0] [0] [2878]

Client has executed command "players"

Failed to find any players.

Client has executed command "GET NOW"

ServerControl >> VALUE NOW [0] [0] [2886]

GET NOW
Client has executed command "GET NOW"

ServerControl >> VALUE NOW [0] [0] [2888]

Client has executed command "GET NOW"

ServerControl >> VALUE NOW [0] [0] [2896]

GET NOW
Client has executed command "GET NOW"

ServerControl >> VALUE NOW [0] [0] [2899]

Client has executed command "GET NOW"

ServerControl >> VALUE NOW [0] [0] [2906]

Client has executed command "players"

Failed to find any players.

GET NOW
Client has executed command "GET NOW"

ServerControl >> VALUE NOW [0] [0] [2909]

Client has executed command "GET NOW"

ServerControl >> VALUE NOW [0] [0] [2916]

GET NOW
Client has executed command "GET NOW"

ServerControl >> VALUE NOW [0] [0] [2920]

Client has executed command "GET NOW"

ServerControl >> VALUE NOW [0] [0] [2926]

Client has executed command "players"

Failed to find any players.

MessageAnnouncer >> Broadcast: Наберите /kit claim, чтобы получить Claim Flag

MessageAnnouncer >> Наберите /kit claim, чтобы получить Claim Flag

GET NOW
Client has executed command "GET NOW"

ServerControl >> VALUE NOW [0] [0] [2931]

Client has executed command "GET NOW"

ServerControl >> VALUE NOW [0] [0] [2936]

GET NOW
Client has executed command "GET NOW"

ServerControl >> VALUE NOW [0] [0] [2941]

Client has executed command "GET NOW"

ServerControl >> VALUE NOW [0] [0] [2946]

Client has executed command "players"

Failed to find any players.

GET NOW
Client has executed command "GET NOW"

ServerControl >> VALUE NOW [0] [0] [2952]

Client has executed command "GET NOW"

ServerControl >> VALUE NOW [0] [0] [2956]

GET NOW
Client has executed command "GET NOW"

ServerControl >> VALUE NOW [0] [0] [2962]

Client has executed command "GET NOW"

ServerControl >> VALUE NOW [0] [0] [2966]

Client has executed command "players"

Failed to find any players.

GET NOW
Client has executed command "GET NOW"

ServerControl >> VALUE NOW [0] [0] [2972]

Client has executed command "GET NOW"

ServerControl >> VALUE NOW [0] [0] [2976]

GET NOW
Client has executed command "GET NOW"

ServerControl >> VALUE NOW [0] [0] [2984]

Client has executed command "GET NOW"

ServerControl >> VALUE NOW [0] [0] [2986]

Client has executed command "players"

Failed to find any players.

MessageAnnouncer >> Broadcast: Если модератор ведёт себя неподобающе, пишите в группу или ЛС (vk.com/unturned_hgm, vk.com/hemulgm)

MessageAnnouncer >> Если модератор ведёт себя неподобающе, пишите в группу или ЛС (vk.com/unturned_hgm, vk.com/hemulgm)

GET NOW
Client has executed command "GET NOW"

ServerControl >> VALUE NOW [0] [0] [2994]

Client has executed command "GET NOW"

ServerControl >> VALUE NOW [0] [0] [2996]

GET NOW
Client has executed command "GET NOW"

ServerControl >> VALUE NOW [0] [0] [3005]

Client has executed command "GET NOW"

ServerControl >> VALUE NOW [0] [0] [3006]

Client has executed command "players"

Failed to find any players.

GET NOW
Client has executed command "GET NOW"

ServerControl >> VALUE NOW [0] [0] [3015]

Client has executed command "GET NOW"

ServerControl >> VALUE NOW [0] [0] [3016]

GET NOW
Client has executed command "GET NOW"

Client has executed command "GET NOW"

ServerControl >> VALUE NOW [0] [0] [3026]
ServerControl >> VALUE NOW [0] [0] [3026]

Client has executed command "players"

Failed to find any players.

Client has executed command "GET NOW"

GET NOW
ServerControl >> VALUE NOW [0] [0] [3036]

Client has executed command "GET NOW"
ServerControl >> VALUE NOW [0] [0] [3036]

Client has executed command "GET NOW"

ServerControl >> VALUE NOW [0] [0] [3046]

GET NOW
Client has executed command "GET NOW"

ServerControl >> VALUE NOW [0] [0] [3047]

MessageAnnouncer >> Broadcast: Посетите наш сайт. Вы будете удивлены! unturned.hemulgm.ru

MessageAnnouncer >> Посетите наш сайт. Вы будете удивлены! unturned.hemulgm.ru

Client has executed command "players"

Failed to find any players.

Client has executed command "GET NOW"

ServerControl >> VALUE NOW [0] [0] [3056]

GET NOW
Client has executed command "GET NOW"

ServerControl >> VALUE NOW [0] [0] [3058]

Client has executed command "GET NOW"

ServerControl >> VALUE NOW [0] [0] [3066]

GET NOW
Client has executed command "GET NOW"

ServerControl >> VALUE NOW [0] [0] [3069]

Client has executed command "players"

Failed to find any players.

Client has executed command "GET NOW"

ServerControl >> VALUE NOW [0] [0] [3076]

GET NOW
Client has executed command "GET NOW"

ServerControl >> VALUE NOW [0] [0] [3079]

Client has executed command "GET NOW"

ServerControl >> VALUE NOW [0] [0] [3086]

GET NOW
Client has executed command "GET NOW"

ServerControl >> VALUE NOW [0] [0] [3090]

Client has executed command "players"

Failed to find any players.

Client has executed command "GET NOW"

ServerControl >> VALUE NOW [0] [0] [3096]

GET NOW
Client has executed command "GET NOW"

ServerControl >> VALUE NOW [0] [0] [3100]

Client has executed command "GET NOW"

ServerControl >> VALUE NOW [0] [0] [3106]

MessageAnnouncer >> Broadcast: vk.com/hemulgm - ЕДИНСТВЕННЫЙ администратор сервера

MessageAnnouncer >> vk.com/hemulgm - ЕДИНСТВЕННЫЙ администратор сервера

GET NOW
Client has executed command "GET NOW"

ServerControl >> VALUE NOW [0] [0] [3111]
Client has executed command "players"
Failed to find any players.

Client has executed command "GET NOW"

ServerControl >> VALUE NOW [0] [0] [3116]

GET NOW
Client has executed command "GET NOW"

ServerControl >> VALUE NOW [0] [0] [3121]

Client has executed command "GET NOW"

ServerControl >> VALUE NOW [0] [0] [3126]

GET NOW
Client has executed command "players"
Failed to find any players.

Client has executed command "GET NOW"
ServerControl >> VALUE NOW [0] [0] [3132]

Client has executed command "GET NOW"

ServerControl >> VALUE NOW [0] [0] [3136]

GET NOW
Client has executed command "GET NOW"

ServerControl >> VALUE NOW [0] [0] [3142]

Client has executed command "GET NOW"

ServerControl >> VALUE NOW [0] [0] [3146]

Client has executed command "players"

Failed to find any players.

GET NOW
Client has executed command "GET NOW"

ServerControl >> VALUE NOW [0] [0] [3154]

Client has executed command "GET NOW"

ServerControl >> VALUE NOW [0] [0] [3156]

GET NOW
Client has executed command "GET NOW"

ServerControl >> VALUE NOW [0] [0] [3164]

Client has executed command "GET NOW"

ServerControl >> VALUE NOW [0] [0] [3166]

MessageAnnouncer >> Broadcast: Используйте /report [ник], чтобы отправить жалобу на игрока

MessageAnnouncer >> Используйте /report [ник], чтобы отправить жалобу на игрока

Client has executed command "players"

Failed to find any players.

GET NOW
Client has executed command "GET NOW"

ServerControl >> VALUE NOW [0] [0] [3175]

Client has executed command "GET NOW"

ServerControl >> VALUE NOW [0] [0] [3176]

GET NOW
Client has executed command "GET NOW"

ServerControl >> VALUE NOW [0] [0] [3185]

Client has executed command "GET NOW"

ServerControl >> VALUE NOW [0] [0] [3186]

Client has executed command "players"

Failed to find any players.

GET NOW
Client has executed command "GET NOW"

ServerControl >> VALUE NOW [0] [0] [3196]

Client has executed command "GET NOW"

ServerControl >> VALUE NOW [0] [0] [3196]

GET NOW
Client has executed command "GET NOW"

ServerControl >> VALUE NOW [0] [0] [3206]

Client has executed command "GET NOW"
ServerControl >> VALUE NOW [0] [0] [3206]

Client has executed command "cchat "/33/09/17/04/17/15/16 /24/05/17/05/08 3 /24. 30 /13. " 255 255 0"

ServerControl >> Broadcast: Аирдроп через 3 ч. 30 м.

Не обработано: ServerControl >> Broadcast: Аирдроп через 3 ч. 30 м.
Client has executed command "players"

Failed to find any players.

GET NOW
Client has executed command "GET NOW"
ServerControl >> VALUE NOW [0] [0] [3216]

Client has executed command "GET NOW"
ServerControl >> VALUE NOW [0] [0] [3217]

EventProcMSG
cchat "/47/00/16/09/25/09/19/05 /02 /24/00/19 /rules, /24/19/15/01/28 /16/17/15/24/09/19/00/19/29 /16/17/00/02/09/12/00 /18/05/17/02/05/17/00" 255 255 0
Client has executed command "cchat "/47/00/16/09/25/09/19/05 /02 /24/00/19 /rules, /24/19/15/01/28 /16/17/15/24/09/19/00/19/29 /16/17/00/02/09/12/00 /18/05/17/02/05/17/00" 255 255 0"

ServerControl >> Broadcast: Напишите в чат /rules, чтобы прочитать правила сервера

Не обработано: ServerControl >> Broadcast: Напишите в чат /rules, чтобы прочитать правила сервера
Client has executed command "GET NOW"

ServerControl >> VALUE NOW [0] [0] [3226]

GET NOW
Client has executed command "GET NOW"

ServerControl >> VALUE NOW [0] [0] [3227]

MessageAnnouncer >> Broadcast: Наберите /rules (/r) для просмотра правил

MessageAnnouncer >> Наберите /rules (/r) для просмотра правил

Client has executed command "players"
Failed to find any players.

Client has executed command "GET NOW"

ServerControl >> VALUE NOW [0] [0] [3236]

GET NOW
EventProcMSG
cchat "/47/00/16/09/25/09/19/05 /02 /24/00/19 /checkowner, /24/19/15/01/28 /20/08/14/00/19/29 /11/19/15 /02/12/00/04/05/12/05/23 /16/15/18/19/17/15/10/11/09 /09/12/09 /19/17/00/14/18/16/15/17/19/00" 255 255 0
Client has executed command "GET NOW"

ServerControl >> VALUE NOW [0] [0] [3237]

Client has executed command "cchat "/47/00/16/09/25/09/19/05 /02 /24/00/19 /checkowner, /24/19/15/01/28 /20/08/14/00/19/29 /11/19/15 /02/12/00/04/05/12/05/23 /16/15/18/19/17/15/10/11/09 /09/12/09 /19/17/00/14/18/16/15/17/19/00" 255 255 0"
ServerControl >> Broadcast: Напишите в чат /checkowner, чтобы узнать кто владелец постройки или транспорта

Не обработано: ServerControl >> Broadcast: Напишите в чат /checkowner, чтобы узнать кто владелец постройки или транспорта
Client has executed command "GET NOW"

ServerControl >> VALUE NOW [0] [0] [3246]

GET NOW
Client has executed command "GET NOW"

ServerControl >> VALUE NOW [0] [0] [3248]

Client has executed command "players"

Failed to find any players.

Client has executed command "GET NOW"

ServerControl >> VALUE NOW [0] [0] [3256]

GET NOW
Client has executed command "GET NOW"

ServerControl >> VALUE NOW [0] [0] [3257]

Client has executed command "GET NOW"

ServerControl >> VALUE NOW [0] [0] [3266]

GET NOW
Client has executed command "GET NOW"

ServerControl >> VALUE NOW [0] [0] [3268]

Client has executed command "players"

Failed to find any players.

Client has executed command "GET NOW"

ServerControl >> VALUE NOW [0] [0] [3276]

GET NOW
Client has executed command "GET NOW"

ServerControl >> VALUE NOW [0] [0] [3278]

Client has executed command "GET NOW"

ServerControl >> VALUE NOW [0] [0] [3286]

GET NOW
Client has executed command "GET NOW"

ServerControl >> VALUE NOW [0] [0] [3288]

MessageAnnouncer >> Broadcast: Добро пожаловать на HGM. Тут рады вам больше, чем на любом другом сервере!

MessageAnnouncer >> Добро пожаловать на HGM. Тут рады вам больше, чем на любом другом сервере!

Client has executed command "players"
Failed to find any players.

Client has executed command "GET NOW"

ServerControl >> VALUE NOW [0] [0] [3296]

GET NOW
Client has executed command "GET NOW"

ServerControl >> VALUE NOW [0] [0] [3298]

Client has executed command "GET NOW"

ServerControl >> VALUE NOW [0] [0] [3306]

GET NOW
Client has executed command "GET NOW"

ServerControl >> VALUE NOW [0] [0] [3308]

Client has executed command "players"

Failed to find any players.

Client has executed command "GET NOW"

ServerControl >> VALUE NOW [0] [0] [3316]

GET NOW
Client has executed command "GET NOW"

ServerControl >> VALUE NOW [0] [0] [3318]

Client has executed command "GET NOW"
ServerControl >> VALUE NOW [0] [0] [3326]

GET NOW
Client has executed command "GET NOW"
ServerControl >> VALUE NOW [0] [0] [3328]

