RocketRcon v2.4.8.0

login aVIPs22031994
players
Client has executed command "players"
Players:
PlayerID: 76561198444494613 Name: vladkrigin Character: дима васильев Ping: 156
PlayerID: 76561198423084997 Name: lovemariina Character: Rendy Ping: 125

Client has executed command "GET NOW"
ServerControl >> VALUE NOW [0] [0] [2586]

Client has executed command "bans"
Bans:
PlayerID: 76561197966773788
JudgeID: 0
Reason: 900000 Duration: 31536000 Remaining: 27913522
PlayerID: 76561198336969313
JudgeID: 0
Reason: reid Duration: 604800 Remaining: 28755
PlayerID: 76561198212486347
JudgeID: 0
Reason: reid Duration: 604800 Remaining: 29086
PlayerID: 76561198391097237
JudgeID: 0
Reason: reid Duration: 604800 Remaining: 191573
PlayerID: 76561198190667017
JudgeID: 0
Reason: cheater Duration: 31104000 Remaining: 30793800
PlayerID: 76561198374710965
JudgeID: 0
Reason: cheater Duration: 31104000 Remaining: 30793816

END
Client has executed command "players"

Players:
PlayerID: 76561198444494613 Name: vladkrigin Character: дима васильев Ping: 156
PlayerID: 76561198423084997 Name: lovemariina Character: Rendy Ping: 207

END
Client has executed command "bans"

Bans:
PlayerID: 76561197966773788
JudgeID: 0
Reason: 900000 Duration: 31536000 Remaining: 27913520
PlayerID: 76561198336969313
JudgeID: 0
Reason: reid Duration: 604800 Remaining: 28753
PlayerID: 76561198212486347
JudgeID: 0
Reason: reid Duration: 604800 Remaining: 29084
PlayerID: 76561198391097237
JudgeID: 0
Reason: reid Duration: 604800 Remaining: 191571
PlayerID: 76561198190667017
JudgeID: 0
Reason: cheater Duration: 31104000 Remaining: 30793798
PlayerID: 76561198374710965
JudgeID: 0
Reason: cheater Duration: 31104000 Remaining: 30793814

END
END
