RocketRcon v2.4.8.0

login aVIPs22031994
players
Client has executed command "players"
Players:
PlayerID: 76561198366549870 Name: Expert13372284200 Character: Expert1337 Ping: 200
PlayerID: 76561198385149949 Name: GoDNooB Character: GoDNooB Ping: 193
PlayerID: 76561198315561906 Name: MaXiMuS Character: valuxa1984 Ping: 53
PlayerID: 76561198430964141 Name: tolikoleshki Character: tolik Ping: 117
PlayerID: 76561198265247601 Name: BisonbonasusPlay Character: Dmitriy Ping: 71
PlayerID: 76561198384139999 Name: agat84 Character: Mr.Shadou Ping: 89

Client has executed command "bans"
Bans:
PlayerID: 76561197966773788
JudgeID: 0
Reason: 900000 Duration: 31536000 Remaining: 28076467
PlayerID: 76561198336969313
JudgeID: 0
Reason: reid Duration: 604800 Remaining: 191700
PlayerID: 76561198212486347
JudgeID: 0
Reason: reid Duration: 604800 Remaining: 192031
PlayerID: 76561198391097237
JudgeID: 0
Reason: reid Duration: 604800 Remaining: 354518
PlayerID: 76561198190667017
JudgeID: 0
Reason: cheater Duration: 31104000 Remaining: 30956745
PlayerID: 76561198374710965
JudgeID: 0
Reason: cheater Duration: 31104000 Remaining: 30956761

END
END
Client has executed command "players"

Players:
PlayerID: 76561198366549870 Name: Expert13372284200 Character: Expert1337 Ping: 212
PlayerID: 76561198385149949 Name: GoDNooB Character: GoDNooB Ping: 121
PlayerID: 76561198315561906 Name: MaXiMuS Character: valuxa1984 Ping: 49
PlayerID: 76561198430964141 Name: tolikoleshki Character: tolik Ping: 114
PlayerID: 76561198265247601 Name: BisonbonasusPlay Character: Dmitriy Ping: 82
PlayerID: 76561198384139999 Name: agat84 Character: Mr.Shadou Ping: 101

Client has executed command "bans"

Bans:
PlayerID: 76561197966773788
JudgeID: 0
Reason: 900000 Duration: 31536000 Remaining: 28076463
PlayerID: 76561198336969313
JudgeID: 0
Reason: reid Duration: 604800 Remaining: 191696
PlayerID: 76561198212486347
JudgeID: 0
Reason: reid Duration: 604800 Remaining: 192027
PlayerID: 76561198391097237
JudgeID: 0
Reason: reid Duration: 604800 Remaining: 354514
PlayerID: 76561198190667017
JudgeID: 0
Reason: cheater Duration: 31104000 Remaining: 30956741
PlayerID: 76561198374710965
JudgeID: 0
Reason: cheater Duration: 31104000 Remaining: 30956757

END
Client has executed command "GET NOW"

ServerControl >> VALUE NOW [0] [0] [2495]

END
[World] Expert1337 [Expert13372284200]: "/cost 1389"

