RocketRcon v2.4.8.0

login aVIPs22031994
players
Client has executed command "players"
Failed to find any players.

Client has executed command "players"
Failed to find any players.

MessageAnnouncer >> Broadcast: Внимание! PvP-режим по субботам! PvP-режим!!!

MessageAnnouncer >> Внимание! PvP-режим по субботам! PvP-режим!!!

Client has executed command "GET NOW"

ServerControl >> VALUE NOW [1] [0] [1217]

GET NOW
Client has executed command "GET NOW"

ServerControl >> VALUE NOW [1] [0] [1220]

Client has executed command "GET NOW"

ServerControl >> VALUE NOW [1] [0] [1227]

GET NOW
Client has executed command "players"
Failed to find any players.

Client has executed command "GET NOW"

ServerControl >> VALUE NOW [1] [0] [1231]

Client has executed command "GET NOW"

ServerControl >> VALUE NOW [1] [0] [1237]

GET NOW
Client has executed command "GET NOW"

ServerControl >> VALUE NOW [1] [0] [1241]

