RocketRcon v2.4.8.0

login aVIPs22031994
players
Client has executed command "players"
Players:
PlayerID: 76561198218103779 Name: Магистр_Сала Character: мафия    Ping: 23

MessageAnnouncer >> Broadcast: vk.com/unturned_hgm - цены на премиум, VIP и другие услуги смотрите в группе!
MessageAnnouncer >> vk.com/unturned_hgm - цены на премиум, VIP и другие услуги смотрите в группе!

Client has executed command "bans"
Bans:
PlayerID: 76561197966773788
JudgeID: 0
Reason: 900000 Duration: 31536000 Remaining: 27668587
PlayerID: 76561198190667017
JudgeID: 0
Reason: cheater Duration: 31104000 Remaining: 30548865
PlayerID: 76561198374710965
JudgeID: 0
Reason: cheater Duration: 31104000 Remaining: 30548881
Client has executed command "GET NOW"
ServerControl >> VALUE NOW [1] [0] [707]

END
END
Client has executed command "GET NOW"

ServerControl >> VALUE NOW [1] [0] [717]

Client has executed command "players"

Players:
PlayerID: 76561198218103779 Name: Магистр_Сала Character: мафия    Ping: 15

GET NOW
Client has executed command "GET NOW"

ServerControl >> VALUE NOW [1] [0] [717]

Client has executed command "cchat "/33/09/17/04/17/15/16 /24/05/17/05/08 4 /24. 30 /13. " 255 255 0"

ServerControl >> Broadcast: Аирдроп через 4 ч. 30 м.

Не обработано: ServerControl >> Broadcast: Аирдроп через 4 ч. 30 м.
Client has executed command "bans"

Bans:
PlayerID: 76561197966773788
JudgeID: 0
Reason: 900000 Duration: 31536000 Remaining: 27668573
PlayerID: 76561198190667017
JudgeID: 0
Reason: cheater Duration: 31104000 Remaining: 30548851
PlayerID: 76561198374710965
JudgeID: 0
Reason: cheater Duration: 31104000 Remaining: 30548867

END
END
Client has executed command "GET NOW"

ServerControl >> VALUE NOW [1] [0] [727]

GET NOW
Client has executed command "GET NOW"

ServerControl >> VALUE NOW [1] [0] [727]

Client has executed command "GET NOW"

ServerControl >> VALUE NOW [1] [0] [737]

Client has executed command "players"

Players:
PlayerID: 76561198218103779 Name: Магистр_Сала Character: мафия    Ping: 130

GET NOW
Client has executed command "GET NOW"

ServerControl >> VALUE NOW [1] [0] [737]

Client has executed command "bans"

Bans:
PlayerID: 76561197966773788
JudgeID: 0
Reason: 900000 Duration: 31536000 Remaining: 27668554
PlayerID: 76561198190667017
JudgeID: 0
Reason: cheater Duration: 31104000 Remaining: 30548832
PlayerID: 76561198374710965
JudgeID: 0
Reason: cheater Duration: 31104000 Remaining: 30548848

END
END
Client has executed command "GET NOW"

ServerControl >> VALUE NOW [1] [0] [747]

GET NOW
Client has executed command "GET NOW"

ServerControl >> VALUE NOW [1] [0] [747]

Client has executed command "GET NOW"

ServerControl >> VALUE NOW [1] [0] [757]

Client has executed command "players"

Players:
PlayerID: 76561198218103779 Name: Магистр_Сала Character: мафия    Ping: 19

GET NOW
Client has executed command "GET NOW"

ServerControl >> VALUE NOW [1] [0] [757]

Client has executed command "bans"

Bans:
PlayerID: 76561197966773788
JudgeID: 0
Reason: 900000 Duration: 31536000 Remaining: 27668534
PlayerID: 76561198190667017
JudgeID: 0
Reason: cheater Duration: 31104000 Remaining: 30548812
PlayerID: 76561198374710965
JudgeID: 0
Reason: cheater Duration: 31104000 Remaining: 30548828

END
END
MessageAnnouncer >> Broadcast: Наберите /kit claim, чтобы получить Claim Flag

MessageAnnouncer >> Наберите /kit claim, чтобы получить Claim Flag

Client has executed command "GET NOW"

ServerControl >> VALUE NOW [1] [0] [767]

GET NOW
Client has executed command "GET NOW"

ServerControl >> VALUE NOW [1] [0] [767]

Client has executed command "GET NOW"

ServerControl >> VALUE NOW [1] [0] [777]

Client has executed command "players"

Players:
PlayerID: 76561198218103779 Name: Магистр_Сала Character: мафия    Ping: 19

GET NOW
Client has executed command "GET NOW"

ServerControl >> VALUE NOW [1] [0] [777]

Client has executed command "bans"

Bans:
PlayerID: 76561197966773788
JudgeID: 0
Reason: 900000 Duration: 31536000 Remaining: 27668514
PlayerID: 76561198190667017
JudgeID: 0
Reason: cheater Duration: 31104000 Remaining: 30548792
PlayerID: 76561198374710965
JudgeID: 0
Reason: cheater Duration: 31104000 Remaining: 30548808

END
END
Client has executed command "GET NOW"

ServerControl >> VALUE NOW [1] [0] [787]

GET NOW
Client has executed command "GET NOW"

ServerControl >> VALUE NOW [1] [0] [788]

Client has executed command "GET NOW"

ServerControl >> VALUE NOW [1] [0] [797]

Client has executed command "players"

Players:

GET NOW
PlayerID: 76561198218103779 Name: Магистр_Сала Character: мафия    Ping: 19

Client has executed command "GET NOW"
ServerControl >> VALUE NOW [1] [0] [798]

Client has executed command "bans"

Bans:
PlayerID: 76561197966773788
JudgeID: 0
Reason: 900000 Duration: 31536000 Remaining: 27668494
PlayerID: 76561198190667017
JudgeID: 0
Reason: cheater Duration: 31104000 Remaining: 30548772
PlayerID: 76561198374710965
JudgeID: 0
Reason: cheater Duration: 31104000 Remaining: 30548788

END
END
Client has executed command "GET NOW"

ServerControl >> VALUE NOW [1] [0] [807]

GET NOW
Client has executed command "GET NOW"

ServerControl >> VALUE NOW [1] [0] [808]

Client has executed command "GET NOW"

ServerControl >> VALUE NOW [1] [0] [817]

Client has executed command "players"

Players:
PlayerID: 76561198218103779 Name: Магистр_Сала Character: мафия    Ping: 23

GET NOW
Client has executed command "GET NOW"

ServerControl >> VALUE NOW [1] [0] [818]

Client has executed command "bans"

Bans:
PlayerID: 76561197966773788
JudgeID: 0
Reason: 900000 Duration: 31536000 Remaining: 27668474
PlayerID: 76561198190667017
JudgeID: 0
Reason: cheater Duration: 31104000 Remaining: 30548752
PlayerID: 76561198374710965
JudgeID: 0
Reason: cheater Duration: 31104000 Remaining: 30548768

END
END
MessageAnnouncer >> Broadcast: Если модератор ведёт себя неподобающе, пишите в группу или ЛС (vk.com/unturned_hgm, vk.com/hemulgm)

MessageAnnouncer >> Если модератор ведёт себя неподобающе, пишите в группу или ЛС (vk.com/unturned_hgm, vk.com/hemulgm)

Client has executed command "GET NOW"

ServerControl >> VALUE NOW [1] [0] [827]

GET NOW
Client has executed command "GET NOW"

ServerControl >> VALUE NOW [1] [0] [828]

Client has executed command "GET NOW"

ServerControl >> VALUE NOW [1] [0] [837]

Client has executed command "players"

Players:
PlayerID: 76561198218103779 Name: Магистр_Сала Character: мафия    Ping: 21

GET NOW
Client has executed command "GET NOW"

ServerControl >> VALUE NOW [1] [0] [838]

Client has executed command "bans"

Bans:
PlayerID: 76561197966773788
JudgeID: 0
Reason: 900000 Duration: 31536000 Remaining: 27668454
PlayerID: 76561198190667017
JudgeID: 0
Reason: cheater Duration: 31104000 Remaining: 30548732
PlayerID: 76561198374710965
JudgeID: 0
Reason: cheater Duration: 31104000 Remaining: 30548748

END
END
Client has executed command "GET NOW"

ServerControl >> VALUE NOW [1] [0] [847]

GET NOW
Client has executed command "GET NOW"

ServerControl >> VALUE NOW [1] [0] [848]

Client has executed command "GET NOW"

ServerControl >> VALUE NOW [1] [0] [857]

Client has executed command "players"

Players:
PlayerID: 76561198218103779 Name: Магистр_Сала Character: мафия    Ping: 27

GET NOW
Client has executed command "GET NOW"

ServerControl >> VALUE NOW [1] [0] [858]

Client has executed command "bans"

Bans:
PlayerID: 76561197966773788
JudgeID: 0
Reason: 900000 Duration: 31536000 Remaining: 27668434
PlayerID: 76561198190667017
JudgeID: 0
Reason: cheater Duration: 31104000 Remaining: 30548712
PlayerID: 76561198374710965
JudgeID: 0
Reason: cheater Duration: 31104000 Remaining: 30548728

END
END
Client has executed command "GET NOW"

ServerControl >> VALUE NOW [1] [0] [867]

GET NOW
Client has executed command "GET NOW"

ServerControl >> VALUE NOW [1] [0] [868]

Client has executed command "GET NOW"

ServerControl >> VALUE NOW [1] [0] [877]

Client has executed command "players"

Players:
PlayerID: 76561198218103779 Name: Магистр_Сала Character: мафия    Ping: 27

GET NOW
Client has executed command "GET NOW"

ServerControl >> VALUE NOW [1] [0] [878]

Client has executed command "bans"

Bans:
PlayerID: 76561197966773788
JudgeID: 0
Reason: 900000 Duration: 31536000 Remaining: 27668414
PlayerID: 76561198190667017
JudgeID: 0
Reason: cheater Duration: 31104000 Remaining: 30548692
PlayerID: 76561198374710965
JudgeID: 0
Reason: cheater Duration: 31104000 Remaining: 30548708

END
END
MessageAnnouncer >> Broadcast: Посетите наш сайт. Вы будете удивлены! unturned.hemulgm.ru

MessageAnnouncer >> Посетите наш сайт. Вы будете удивлены! unturned.hemulgm.ru

Client has executed command "GET NOW"

ServerControl >> VALUE NOW [1] [0] [887]

GET NOW
Client has executed command "GET NOW"

ServerControl >> VALUE NOW [1] [0] [888]

Client has executed command "GET NOW"

ServerControl >> VALUE NOW [1] [0] [897]

Client has executed command "players"

Players:
PlayerID: 76561198218103779 Name: Магистр_Сала Character: мафия    Ping: 23

GET NOW
Client has executed command "GET NOW"

ServerControl >> VALUE NOW [1] [0] [898]

Client has executed command "bans"

Bans:
PlayerID: 76561197966773788
JudgeID: 0
Reason: 900000 Duration: 31536000 Remaining: 27668394
PlayerID: 76561198190667017
JudgeID: 0
Reason: cheater Duration: 31104000 Remaining: 30548672
PlayerID: 76561198374710965
JudgeID: 0
Reason: cheater Duration: 31104000 Remaining: 30548688

END
END
Client has executed command "GET NOW"

ServerControl >> VALUE NOW [1] [0] [907]

GET NOW
Client has executed command "GET NOW"

ServerControl >> VALUE NOW [1] [0] [908]

Client has executed command "GET NOW"

ServerControl >> VALUE NOW [1] [0] [917]

Client has executed command "players"

Players:
PlayerID: 76561198218103779 Name: Магистр_Сала Character: мафия    Ping: 19

GET NOW
Client has executed command "GET NOW"

ServerControl >> VALUE NOW [1] [0] [918]

Client has executed command "bans"

Bans:
PlayerID: 76561197966773788
JudgeID: 0
Reason: 900000 Duration: 31536000 Remaining: 27668374
PlayerID: 76561198190667017
JudgeID: 0
Reason: cheater Duration: 31104000 Remaining: 30548652
PlayerID: 76561198374710965
JudgeID: 0
Reason: cheater Duration: 31104000 Remaining: 30548668

END
END
Client has executed command "GET NOW"

ServerControl >> VALUE NOW [1] [0] [927]

GET NOW
Client has executed command "GET NOW"

ServerControl >> VALUE NOW [1] [0] [928]

Connecting: PlayerID: 76561198448347345 Name: captainneon07 Character: captainneon

captainneon connected with IP 23.114.121.201

Client has executed command "GET NOW"

ServerControl >> VALUE NOW [1] [0] [937]

Client has executed command "players"
Players:
PlayerID: 76561198218103779 Name: Магистр_Сала Character: мафия    Ping: 17
PlayerID: 76561198448347345 Name: captainneon07 Character: captainneon Ping: 380

GET NOW
Client has executed command "GET NOW"

ServerControl >> VALUE NOW [1] [0] [938]

Client has executed command "bans"

Bans:
PlayerID: 76561197966773788
JudgeID: 0
Reason: 900000 Duration: 31536000 Remaining: 27668353
PlayerID: 76561198190667017
JudgeID: 0
Reason: cheater Duration: 31104000 Remaining: 30548631
PlayerID: 76561198374710965
JudgeID: 0
Reason: cheater Duration: 31104000 Remaining: 30548647

END
END
MessageAnnouncer >> Broadcast: vk.com/hemulgm - ЕДИНСТВЕННЫЙ администратор сервера

MessageAnnouncer >> vk.com/hemulgm - ЕДИНСТВЕННЫЙ администратор сервера

Client has executed command "GET NOW"

ServerControl >> VALUE NOW [1] [0] [947]

GET NOW
Client has executed command "GET NOW"

ServerControl >> VALUE NOW [1] [0] [948]

[World] captainneon [captainneon07]: "/kit new"

Client has executed command "GET NOW"

ServerControl >> VALUE NOW [1] [0] [957]

Client has executed command "players"

Players:
PlayerID: 76561198218103779 Name: Магистр_Сала Character: мафия    Ping: 11
PlayerID: 76561198448347345 Name: captainneon07 Character: captainneon Ping: 289

GET NOW
Client has executed command "GET NOW"

ServerControl >> VALUE NOW [1] [0] [958]

cchat "76561198218103779" "/49/17/09/02/05/12/05/03/09/09 /02/11/12/31/24/05/14/28" 255 255 255
p add 76561198218103779 vip
Client has executed command "cchat "76561198218103779" "/49/17/09/02/05/12/05/03/09/09 /02/11/12/31/24/05/14/28" 255 255 255"
ServerControl >> /49/17/09/02/05/12/05/03/09/09 /02/11/12/31/24/05/14/28 255 255 255

Не обработано: ServerControl >> /49/17/09/02/05/12/05/03/09/09 /02/11/12/31/24/05/14/28 255 255 255
Client has executed command "p add 76561198218103779 vip"

мафия    был добавлен к группе vip

Не обработано: мафия    был добавлен к группе vip
Client has executed command "bans"

Bans:
PlayerID: 76561197966773788
JudgeID: 0
Reason: 900000 Duration: 31536000 Remaining: 27668332
PlayerID: 76561198190667017
JudgeID: 0
Reason: cheater Duration: 31104000 Remaining: 30548610
PlayerID: 76561198374710965
JudgeID: 0
Reason: cheater Duration: 31104000 Remaining: 30548626

END
END
Client has executed command "GET NOW"

ServerControl >> VALUE NOW [1] [0] [967]

GET NOW
Client has executed command "GET NOW"

ServerControl >> VALUE NOW [1] [0] [968]

[World] мафия    [Магистр_Сала]: "это просто ор выше гор"

Disconnecting: PlayerID: 76561198448347345 Name: captainneon07 Character: captainneon

Client has executed command "GET NOW"

ServerControl >> VALUE NOW [1] [0] [977]

Client has executed command "players"
Players:
PlayerID: 76561198218103779 Name: Магистр_Сала Character: мафия    Ping: 25
Client has executed command "bans"
Bans:
PlayerID: 76561197966773788
JudgeID: 0
Reason: 900000 Duration: 31536000 Remaining: 27668314
PlayerID: 76561198190667017
JudgeID: 0
Reason: cheater Duration: 31104000 Remaining: 30548592
PlayerID: 76561198374710965
JudgeID: 0
Reason: cheater Duration: 31104000 Remaining: 30548608
[World] мафия    [Магистр_Сала]: "какого"

END
GET NOW
Client has executed command "GET NOW"

ServerControl >> VALUE NOW [1] [0] [980]

END
Client has executed command "GET NOW"
ServerControl >> VALUE NOW [1] [0] [987]

GET NOW
Client has executed command "GET NOW"

ServerControl >> VALUE NOW [1] [0] [990]

[World] мафия    [Магистр_Сала]: "админ поч я синим пишy"

Client has executed command "GET NOW"

ServerControl >> VALUE NOW [1] [0] [997]

Client has executed command "players"
Players:
PlayerID: 76561198218103779 Name: Магистр_Сала Character: мафия    Ping: 17

Client has executed command "bans"

Bans:
PlayerID: 76561197966773788
JudgeID: 0
Reason: 900000 Duration: 31536000 Remaining: 27668294
PlayerID: 76561198190667017
JudgeID: 0
Reason: cheater Duration: 31104000 Remaining: 30548572
PlayerID: 76561198374710965
JudgeID: 0
Reason: cheater Duration: 31104000 Remaining: 30548588

END
GET NOW
Client has executed command "GET NOW"

ServerControl >> VALUE NOW [1] [0] [1001]

END
MessageAnnouncer >> Broadcast: Используйте /report [ник], чтобы отправить жалобу на игрока

MessageAnnouncer >> Используйте /report [ник], чтобы отправить жалобу на игрока

Client has executed command "GET NOW"

ServerControl >> VALUE NOW [1] [0] [1007]

GET NOW
Client has executed command "GET NOW"

ServerControl >> VALUE NOW [1] [0] [1011]

Client has executed command "GET NOW"

ServerControl >> VALUE NOW [1] [0] [1017]

Client has executed command "players"

Players:
PlayerID: 76561198218103779 Name: Магистр_Сала Character: мафия    Ping: 13

Client has executed command "bans"

Bans:
PlayerID: 76561197966773788
JudgeID: 0
Reason: 900000 Duration: 31536000 Remaining: 27668274
PlayerID: 76561198190667017
JudgeID: 0
Reason: cheater Duration: 31104000 Remaining: 30548552
PlayerID: 76561198374710965
JudgeID: 0
Reason: cheater Duration: 31104000 Remaining: 30548568

END
GET NOW
Client has executed command "GET NOW"

ServerControl >> VALUE NOW [1] [0] [1021]

cchat "/33/04/13/09/14: /35/09/16/11/20 /19/05/01/05 /04/00/12 /14/00 /04/05/14/29" 255 0 0
END
Client has executed command "cchat "/33/04/13/09/14: /35/09/16/11/20 /19/05/01/05 /04/00/12 /14/00 /04/05/14/29" 255 0 0"
ServerControl >> Broadcast: Админ: Випку тебе дал на день

Не обработано: ServerControl >> Broadcast: Админ: Випку тебе дал на день
Client has executed command "GET NOW"

ServerControl >> VALUE NOW [1] [0] [1027]

GET NOW
Client has executed command "GET NOW"

ServerControl >> VALUE NOW [1] [0] [1031]

[World] мафия    [Магистр_Сала]: "серьёзно"

cchat "/33/04/13/09/14: /33/03/00" 255 0 0
Client has executed command "cchat "/33/04/13/09/14: /33/03/00" 255 0 0"

ServerControl >> Broadcast: Админ: Ага

Не обработано: ServerControl >> Broadcast: Админ: Ага
Client has executed command "GET NOW"

ServerControl >> VALUE NOW [1] [0] [1037]

Client has executed command "players"

Players:
PlayerID: 76561198218103779 Name: Магистр_Сала Character: мафия    Ping: 29

Client has executed command "bans"

Bans:
PlayerID: 76561197966773788
JudgeID: 0
Reason: 900000 Duration: 31536000 Remaining: 27668254
PlayerID: 76561198190667017
JudgeID: 0
Reason: cheater Duration: 31104000 Remaining: 30548532
PlayerID: 76561198374710965
JudgeID: 0
Reason: cheater Duration: 31104000 Remaining: 30548548

END
GET NOW
Client has executed command "GET NOW"

ServerControl >> VALUE NOW [1] [0] [1041]

[World] мафия    [Магистр_Сала]: "/buy 66"

END
Client has executed command "GET NOW"

GET NOW
ServerControl >> VALUE NOW [1] [0] [1047]

Client has executed command "GET NOW"
ServerControl >> VALUE NOW [1] [0] [1051]

Client has executed command "GET NOW"

ServerControl >> VALUE NOW [1] [0] [1057]

[World] мафия    [Магистр_Сала]: "что она даёт"

Client has executed command "players"

Players:
PlayerID: 76561198218103779 Name: Магистр_Сала Character: мафия    Ping: 25

Client has executed command "bans"

Bans:
PlayerID: 76561197966773788
JudgeID: 0
Reason: 900000 Duration: 31536000 Remaining: 27668234
PlayerID: 76561198190667017
JudgeID: 0
Reason: cheater Duration: 31104000 Remaining: 30548512
PlayerID: 76561198374710965
JudgeID: 0
Reason: cheater Duration: 31104000 Remaining: 30548528

END
GET NOW
Client has executed command "GET NOW"

ServerControl >> VALUE NOW [1] [0] [1061]

END
MessageAnnouncer >> Broadcast: Наберите /rules (/r) для просмотра правил

MessageAnnouncer >> Наберите /rules (/r) для просмотра правил

Client has executed command "GET NOW"

ServerControl >> VALUE NOW [1] [0] [1067]

cchat "/33/04/13/09/14: /35/28/04/00/24/00 /16/17/05/04/13/05/19/15/02 /09 /19/17/00/14/18/16/15/17/19/00" 255 0 0
Client has executed command "cchat "/33/04/13/09/14: /35/28/04/00/24/00 /16/17/05/04/13/05/19/15/02 /09 /19/17/00/14/18/16/15/17/19/00" 255 0 0"

ServerControl >> Broadcast: Админ: Выдача предметов и транспорта

Не обработано: ServerControl >> Broadcast: Админ: Выдача предметов и транспорта
GET NOW
Client has executed command "GET NOW"

ServerControl >> VALUE NOW [1] [0] [1071]

cchat "/33/04/13/09/14: /51 /01/15/12/29/25/09/13 /15/19/11/00/19/15/13" 255 0 0
Client has executed command "cchat "/33/04/13/09/14: /51 /01/15/12/29/25/09/13 /15/19/11/00/19/15/13" 255 0 0"

ServerControl >> Broadcast: Админ: С большим откатом

Не обработано: ServerControl >> Broadcast: Админ: С большим откатом
Client has executed command "GET NOW"

ServerControl >> VALUE NOW [1] [0] [1077]

Client has executed command "players"

Players:
PlayerID: 76561198218103779 Name: Магистр_Сала Character: мафия    Ping: 19

Client has executed command "bans"

Bans:
PlayerID: 76561197966773788
JudgeID: 0
Reason: 900000 Duration: 31536000 Remaining: 27668214
PlayerID: 76561198190667017
JudgeID: 0
Reason: cheater Duration: 31104000 Remaining: 30548492
PlayerID: 76561198374710965
JudgeID: 0
Reason: cheater Duration: 31104000 Remaining: 30548508

END
GET NOW
Client has executed command "GET NOW"

ServerControl >> VALUE NOW [1] [0] [1081]

END
Client has executed command "GET NOW"

ServerControl >> VALUE NOW [1] [0] [1087]

GET NOW
Client has executed command "GET NOW"

ServerControl >> VALUE NOW [1] [0] [1091]

[World] мафия    [Магистр_Сала]: "y меня ор выше гор"

Client has executed command "GET NOW"

ServerControl >> VALUE NOW [1] [0] [1097]

Client has executed command "players"

Players:

PlayerID: 76561198218103779 Name: Магистр_Сала Character: мафия    Ping: 13

Client has executed command "bans"
Bans:
PlayerID: 76561197966773788
JudgeID: 0
Reason: 900000 Duration: 31536000 Remaining: 27668194
PlayerID: 76561198190667017
JudgeID: 0
Reason: cheater Duration: 31104000 Remaining: 30548472

END
PlayerID: 76561198374710965
JudgeID: 0
Reason: cheater Duration: 31104000 Remaining: 30548488

GET NOW
END
Client has executed command "GET NOW"

ServerControl >> VALUE NOW [1] [0] [1101]

Client has executed command "GET NOW"

ServerControl >> VALUE NOW [1] [0] [1107]

GET NOW
Client has executed command "GET NOW"

ServerControl >> VALUE NOW [1] [0] [1111]

Client has executed command "GET NOW"

ServerControl >> VALUE NOW [1] [0] [1117]

Client has executed command "players"

Players:
PlayerID: 76561198218103779 Name: Магистр_Сала Character: мафия    Ping: 95

Client has executed command "bans"

Bans:
PlayerID: 76561197966773788
JudgeID: 0
Reason: 900000 Duration: 31536000 Remaining: 27668174
PlayerID: 76561198190667017
JudgeID: 0
Reason: cheater Duration: 31104000 Remaining: 30548452
PlayerID: 76561198374710965
JudgeID: 0
Reason: cheater Duration: 31104000 Remaining: 30548468

END
END
GET NOW
Client has executed command "GET NOW"

ServerControl >> VALUE NOW [1] [0] [1121]

MessageAnnouncer >> Broadcast: Добро пожаловать на HGM. Тут рады вам больше, чем на любом другом сервере!

MessageAnnouncer >> Добро пожаловать на HGM. Тут рады вам больше, чем на любом другом сервере!

Client has executed command "GET NOW"

ServerControl >> VALUE NOW [1] [0] [1127]

GET NOW
Client has executed command "GET NOW"

ServerControl >> VALUE NOW [1] [0] [1131]

Client has executed command "GET NOW"

ServerControl >> VALUE NOW [1] [0] [1137]

Client has executed command "players"

Players:
PlayerID: 76561198218103779 Name: Магистр_Сала Character: мафия    Ping: 138

Client has executed command "bans"

Bans:
PlayerID: 76561197966773788
JudgeID: 0
Reason: 900000 Duration: 31536000 Remaining: 27668154
PlayerID: 76561198190667017
JudgeID: 0
Reason: cheater Duration: 31104000 Remaining: 30548432
PlayerID: 76561198374710965
JudgeID: 0
Reason: cheater Duration: 31104000 Remaining: 30548448

END
END
GET NOW
Client has executed command "GET NOW"

ServerControl >> VALUE NOW [1] [0] [1141]

Client has executed command "GET NOW"

ServerControl >> VALUE NOW [1] [0] [1147]

GET NOW
Client has executed command "GET NOW"

ServerControl >> VALUE NOW [1] [0] [1151]

Client has executed command "GET NOW"
ServerControl >> VALUE NOW [1] [0] [1157]

Client has executed command "players"

Players:
PlayerID: 76561198218103779 Name: Магистр_Сала Character: мафия    Ping: 23

Client has executed command "bans"

Bans:
PlayerID: 76561197966773788
JudgeID: 0
Reason: 900000 Duration: 31536000 Remaining: 27668134
PlayerID: 76561198190667017
JudgeID: 0
Reason: cheater Duration: 31104000 Remaining: 30548412
PlayerID: 76561198374710965
JudgeID: 0
Reason: cheater Duration: 31104000 Remaining: 30548428

END
END
GET NOW
Client has executed command "GET NOW"

ServerControl >> VALUE NOW [1] [0] [1161]

Client has executed command "GET NOW"

ServerControl >> VALUE NOW [1] [0] [1167]

GET NOW
Client has executed command "GET NOW"

ServerControl >> VALUE NOW [1] [0] [1171]

Client has executed command "GET NOW"

ServerControl >> VALUE NOW [1] [0] [1177]

Client has executed command "players"

Players:
PlayerID: 76561198218103779 Name: Магистр_Сала Character: мафия    Ping: 21

Client has executed command "bans"

Bans:
PlayerID: 76561197966773788
JudgeID: 0
Reason: 900000 Duration: 31536000 Remaining: 27668114
PlayerID: 76561198190667017
JudgeID: 0
Reason: cheater Duration: 31104000 Remaining: 30548392
PlayerID: 76561198374710965
JudgeID: 0
Reason: cheater Duration: 31104000 Remaining: 30548408

END
END
GET NOW
Client has executed command "GET NOW"

ServerControl >> VALUE NOW [1] [0] [1181]

MessageAnnouncer >> Broadcast: Наберите /kit start, чтобы получить стартовый набор (еда, вода, топор)

MessageAnnouncer >> Наберите /kit start, чтобы получить стартовый набор (еда, вода, топор)

Client has executed command "GET NOW"

ServerControl >> VALUE NOW [1] [0] [1187]

GET NOW
Client has executed command "GET NOW"

ServerControl >> VALUE NOW [1] [0] [1191]

[World] мафия    [Магистр_Сала]: "/i 1373 3"

Дал мафия    вещь 1373:3

Не обработано: Дал мафия    вещь 1373:3
Client has executed command "GET NOW"

ServerControl >> VALUE NOW [1] [0] [1197]

Client has executed command "players"

Players:
PlayerID: 76561198218103779 Name: Магистр_Сала Character: мафия    Ping: 41

Client has executed command "bans"

Bans:
PlayerID: 76561197966773788
JudgeID: 0
Reason: 900000 Duration: 31536000 Remaining: 27668094
PlayerID: 76561198190667017
JudgeID: 0
Reason: cheater Duration: 31104000 Remaining: 30548372
PlayerID: 76561198374710965
JudgeID: 0
Reason: cheater Duration: 31104000 Remaining: 30548388

END
END
GET NOW
Client has executed command "GET NOW"

ServerControl >> VALUE NOW [1] [0] [1201]

[World] мафия    [Магистр_Сала]: "cthm`pyj"

Client has executed command "GET NOW"

ServerControl >> VALUE NOW [1] [0] [1207]

GET NOW
Client has executed command "GET NOW"

ServerControl >> VALUE NOW [1] [0] [1211]

Client has executed command "GET NOW"

ServerControl >> VALUE NOW [1] [0] [1217]

Client has executed command "players"

Players:
PlayerID: 76561198218103779 Name: Магистр_Сала Character: мафия    Ping: 25

Client has executed command "bans"

Bans:
PlayerID: 76561197966773788
JudgeID: 0
Reason: 900000 Duration: 31536000 Remaining: 27668074
PlayerID: 76561198190667017
JudgeID: 0
Reason: cheater Duration: 31104000 Remaining: 30548352
PlayerID: 76561198374710965
JudgeID: 0
Reason: cheater Duration: 31104000 Remaining: 30548368

END
END
GET NOW
Client has executed command "GET NOW"

ServerControl >> VALUE NOW [1] [0] [1221]

[World] мафия    [Магистр_Сала]: "без коментарьев"

Client has executed command "GET NOW"

ServerControl >> VALUE NOW [1] [0] [1227]

[World] мафия    [Магистр_Сала]: "это просто бомба"

GET NOW
Client has executed command "GET NOW"

ServerControl >> VALUE NOW [1] [0] [1231]

Client has executed command "GET NOW"

ServerControl >> VALUE NOW [1] [0] [1237]

Client has executed command "players"

Players:
PlayerID: 76561198218103779 Name: Магистр_Сала Character: мафия    Ping: 27

Client has executed command "bans"

Bans:
PlayerID: 76561197966773788
JudgeID: 0
Reason: 900000 Duration: 31536000 Remaining: 27668054
PlayerID: 76561198190667017
JudgeID: 0
Reason: cheater Duration: 31104000 Remaining: 30548332
PlayerID: 76561198374710965
JudgeID: 0
Reason: cheater Duration: 31104000 Remaining: 30548348

END
END
GET NOW
Client has executed command "GET NOW"

ServerControl >> VALUE NOW [1] [0] [1241]

MessageAnnouncer >> Broadcast: Внимание! PvP-режим по субботам! PvP-режим!!!

MessageAnnouncer >> Внимание! PvP-режим по субботам! PvP-режим!!!

Client has executed command "GET NOW"

ServerControl >> VALUE NOW [1] [0] [1247]

GET NOW
Client has executed command "GET NOW"

ServerControl >> VALUE NOW [1] [0] [1251]

Client has executed command "GET NOW"

ServerControl >> VALUE NOW [1] [0] [1257]

Client has executed command "players"

Players:
PlayerID: 76561198218103779 Name: Магистр_Сала Character: мафия    Ping: 17

Client has executed command "bans"

Bans:
PlayerID: 76561197966773788
JudgeID: 0
Reason: 900000 Duration: 31536000 Remaining: 27668034
PlayerID: 76561198190667017
JudgeID: 0
Reason: cheater Duration: 31104000 Remaining: 30548312
PlayerID: 76561198374710965
JudgeID: 0
Reason: cheater Duration: 31104000 Remaining: 30548328

END
END
GET NOW
Client has executed command "GET NOW"

ServerControl >> VALUE NOW [1] [0] [1261]

Client has executed command "GET NOW"

ServerControl >> VALUE NOW [1] [0] [1267]

GET NOW
Client has executed command "GET NOW"

ServerControl >> VALUE NOW [1] [0] [1271]

Client has executed command "GET NOW"

ServerControl >> VALUE NOW [1] [0] [1277]

Client has executed command "players"

Players:
PlayerID: 76561198218103779 Name: Магистр_Сала Character: мафия    Ping: 17

Client has executed command "bans"

Bans:
PlayerID: 76561197966773788
JudgeID: 0
Reason: 900000 Duration: 31536000 Remaining: 27668014
PlayerID: 76561198190667017
JudgeID: 0
Reason: cheater Duration: 31104000 Remaining: 30548292
PlayerID: 76561198374710965
JudgeID: 0
Reason: cheater Duration: 31104000 Remaining: 30548308

END
END
GET NOW
Client has executed command "GET NOW"

ServerControl >> VALUE NOW [1] [0] [1281]

[World] мафия    [Магистр_Сала]: "а здесь можно машины продавать"

Client has executed command "GET NOW"

ServerControl >> VALUE NOW [1] [0] [1287]

cchat "/33/04/13/09/14: /47/05" 255 0 0
GET NOW
Client has executed command "cchat "/33/04/13/09/14: /47/05" 255 0 0"

ServerControl >> Broadcast: Админ: Не

Не обработано: ServerControl >> Broadcast: Админ: Не
Client has executed command "GET NOW"

ServerControl >> VALUE NOW [1] [0] [1291]

Client has executed command "GET NOW"

ServerControl >> VALUE NOW [1] [0] [1297]

Client has executed command "players"

Players:
PlayerID: 76561198218103779 Name: Магистр_Сала Character: мафия    Ping: 19

Client has executed command "bans"

Bans:
PlayerID: 76561197966773788
JudgeID: 0
Reason: 900000 Duration: 31536000 Remaining: 27667994
PlayerID: 76561198190667017
JudgeID: 0
Reason: cheater Duration: 31104000 Remaining: 30548272
PlayerID: 76561198374710965
JudgeID: 0
Reason: cheater Duration: 31104000 Remaining: 30548288

END
END
GET NOW
Client has executed command "GET NOW"

ServerControl >> VALUE NOW [1] [0] [1301]

MessageAnnouncer >> Broadcast: vk.com/unturned_hgm - группа сервера ВК, уникальный кит в записи!

MessageAnnouncer >> vk.com/unturned_hgm - группа сервера ВК, уникальный кит в записи!

Client has executed command "GET NOW"

ServerControl >> VALUE NOW [1] [0] [1307]

GET NOW
Client has executed command "GET NOW"

ServerControl >> VALUE NOW [1] [0] [1311]

Client has executed command "GET NOW"

ServerControl >> VALUE NOW [1] [0] [1317]

Client has executed command "players"

Players:
PlayerID: 76561198218103779 Name: Магистр_Сала Character: мафия    Ping: 27

Client has executed command "cchat "/33/09/17/04/17/15/16 /24/05/17/05/08 4 /24. 20 /13. " 255 255 0"

ServerControl >> Broadcast: Аирдроп через 4 ч. 20 м.

Не обработано: ServerControl >> Broadcast: Аирдроп через 4 ч. 20 м.
Client has executed command "bans"

Bans:
PlayerID: 76561197966773788
JudgeID: 0
Reason: 900000 Duration: 31536000 Remaining: 27667973
PlayerID: 76561198190667017
JudgeID: 0
Reason: cheater Duration: 31104000 Remaining: 30548251
PlayerID: 76561198374710965
JudgeID: 0
Reason: cheater Duration: 31104000 Remaining: 30548267

END
GET NOW
Client has executed command "GET NOW"

ServerControl >> VALUE NOW [1] [0] [1321]

END
Client has executed command "GET NOW"

ServerControl >> VALUE NOW [1] [0] [1327]

GET NOW
Client has executed command "GET NOW"

ServerControl >> VALUE NOW [1] [0] [1332]

Client has executed command "GET NOW"

ServerControl >> VALUE NOW [1] [0] [1337]

Client has executed command "players"

Players:
PlayerID: 76561198218103779 Name: Магистр_Сала Character: мафия    Ping: 27

Client has executed command "bans"

Bans:
PlayerID: 76561197966773788
JudgeID: 0
Reason: 900000 Duration: 31536000 Remaining: 27667954
PlayerID: 76561198190667017
JudgeID: 0
Reason: cheater Duration: 31104000 Remaining: 30548232
PlayerID: 76561198374710965
JudgeID: 0
Reason: cheater Duration: 31104000 Remaining: 30548248

END
END
GET NOW
Client has executed command "GET NOW"

ServerControl >> VALUE NOW [1] [0] [1342]

Client has executed command "GET NOW"

ServerControl >> VALUE NOW [1] [0] [1347]

GET NOW
Client has executed command "GET NOW"

ServerControl >> VALUE NOW [1] [0] [1352]

Client has executed command "GET NOW"

ServerControl >> VALUE NOW [1] [0] [1357]

Client has executed command "players"

Players:
PlayerID: 76561198218103779 Name: Магистр_Сала Character: мафия    Ping: 91

Client has executed command "bans"

Bans:
PlayerID: 76561197966773788
JudgeID: 0
Reason: 900000 Duration: 31536000 Remaining: 27667934
PlayerID: 76561198190667017
JudgeID: 0
Reason: cheater Duration: 31104000 Remaining: 30548212
PlayerID: 76561198374710965
JudgeID: 0
Reason: cheater Duration: 31104000 Remaining: 30548228

END
END
GET NOW
Client has executed command "GET NOW"

ServerControl >> VALUE NOW [1] [0] [1362]

MessageAnnouncer >> Broadcast: Посетите наш сайт. Вы будете удивлены! unturned.hemulgm.ru

MessageAnnouncer >> Посетите наш сайт. Вы будете удивлены! unturned.hemulgm.ru

