RocketRcon v2.4.8.0

login aVIPs22031994
players
Client has executed command "players"
Players:
PlayerID: 76561198366549870 Name: Expert13372284200 Character: Expert1337 Ping: 175
PlayerID: 76561198203101308 Name: Dirooll Character: Алексей Вдувакин Ping: 66
PlayerID: 76561198423084997 Name: lovemariina Character: мафия Ping: 140
PlayerID: 76561198408019916 Name: slava.fan555 Character: Славик Cухоруков Ping: 85

Client has executed command "bans"
Bans:
PlayerID: 76561197966773788
JudgeID: 0
Reason: 900000 Duration: 31536000 Remaining: 27563602
PlayerID: 76561198190667017
JudgeID: 0
Reason: cheater Duration: 31104000 Remaining: 30443880
PlayerID: 76561198374710965
JudgeID: 0
Reason: cheater Duration: 31104000 Remaining: 30443896

END
END
Client has executed command "GET NOW"
ServerControl >> VALUE NOW [1] [0] [1977]

GET NOW
Client has executed command "GET NOW"

ServerControl >> VALUE NOW [1] [0] [1982]

