RocketRcon v2.4.8.0

login aVIPs22031994
players
Client has executed command "players"
Failed to find any players.

Client has executed command "GET NOW"

ServerControl >> VALUE NOW [1] [0] [98]

GET NOW
Client has executed command "GET NOW"

ServerControl >> VALUE NOW [1] [0] [106]

Client has executed command "players"

Failed to find any players.

Client has executed command "GET NOW"

ServerControl >> VALUE NOW [1] [0] [108]

GET NOW
Client has executed command "GET NOW"

ServerControl >> VALUE NOW [1] [0] [118]

Client has executed command "GET NOW"

ServerControl >> VALUE NOW [1] [0] [118]

GET NOW
Client has executed command "GET NOW"

ServerControl >> VALUE NOW [1] [0] [128]

Client has executed command "players"

Failed to find any players.

Client has executed command "GET NOW"

ServerControl >> VALUE NOW [1] [0] [128]

MessageAnnouncer >> Broadcast: Наберите /kit help, чтобы получить первую мед. помощь (бинты, таблетки, еда)

MessageAnnouncer >> Наберите /kit help, чтобы получить первую мед. помощь (бинты, таблетки, еда)

GET NOW
Client has executed command "GET NOW"

ServerControl >> VALUE NOW [1] [0] [138]
Client has executed command "GET NOW"
ServerControl >> VALUE NOW [1] [0] [138]

GET NOW
Client has executed command "GET NOW"

ServerControl >> VALUE NOW [1] [0] [148]

Client has executed command "GET NOW"

ServerControl >> VALUE NOW [1] [0] [148]

Client has executed command "players"

Failed to find any players.

GET NOW
Client has executed command "GET NOW"

ServerControl >> VALUE NOW [1] [0] [158]

Client has executed command "GET NOW"

ServerControl >> VALUE NOW [1] [0] [158]

GET NOW
Client has executed command "GET NOW"

ServerControl >> VALUE NOW [1] [0] [168]

Client has executed command "GET NOW"

ServerControl >> VALUE NOW [1] [0] [168]

Client has executed command "players"

Failed to find any players.

GET NOW
Client has executed command "GET NOW"

ServerControl >> VALUE NOW [1] [0] [178]

Client has executed command "GET NOW"

ServerControl >> VALUE NOW [1] [0] [178]

GET NOW
Client has executed command "GET NOW"

ServerControl >> VALUE NOW [1] [0] [188]

Client has executed command "GET NOW"

ServerControl >> VALUE NOW [1] [0] [188]

Client has executed command "players"

Failed to find any players.

MessageAnnouncer >> Broadcast: vk.com/unturned_hgm - цены на премиум, VIP и другие услуги смотрите в группе!

MessageAnnouncer >> vk.com/unturned_hgm - цены на премиум, VIP и другие услуги смотрите в группе!

GET NOW
Client has executed command "GET NOW"

ServerControl >> VALUE NOW [1] [0] [198]

Client has executed command "GET NOW"

ServerControl >> VALUE NOW [1] [0] [198]

GET NOW
Client has executed command "GET NOW"

ServerControl >> VALUE NOW [1] [0] [208]

Client has executed command "GET NOW"

ServerControl >> VALUE NOW [1] [0] [208]

Client has executed command "players"

Failed to find any players.

GET NOW
Client has executed command "GET NOW"

ServerControl >> VALUE NOW [1] [0] [218]

Client has executed command "GET NOW"

ServerControl >> VALUE NOW [1] [0] [218]

GET NOW
Client has executed command "GET NOW"

ServerControl >> VALUE NOW [1] [0] [228]

Client has executed command "GET NOW"

ServerControl >> VALUE NOW [1] [0] [228]

Client has executed command "players"

Failed to find any players.

GET NOW
Client has executed command "GET NOW"

ServerControl >> VALUE NOW [1] [0] [238]

Client has executed command "GET NOW"

ServerControl >> VALUE NOW [1] [0] [238]

GET NOW
Client has executed command "GET NOW"

ServerControl >> VALUE NOW [1] [0] [248]

Client has executed command "GET NOW"

ServerControl >> VALUE NOW [1] [0] [248]

Client has executed command "players"

Failed to find any players.

MessageAnnouncer >> Broadcast: Наберите /kit claim, чтобы получить Claim Flag

MessageAnnouncer >> Наберите /kit claim, чтобы получить Claim Flag

GET NOW
Client has executed command "GET NOW"

ServerControl >> VALUE NOW [1] [0] [258]

Client has executed command "GET NOW"

ServerControl >> VALUE NOW [1] [0] [258]

GET NOW
Client has executed command "GET NOW"

ServerControl >> VALUE NOW [1] [0] [268]

Client has executed command "GET NOW"

ServerControl >> VALUE NOW [1] [0] [268]

Client has executed command "players"

Failed to find any players.

GET NOW
Client has executed command "GET NOW"

ServerControl >> VALUE NOW [1] [0] [278]

Client has executed command "GET NOW"

ServerControl >> VALUE NOW [1] [0] [278]

GET NOW
Client has executed command "GET NOW"

ServerControl >> VALUE NOW [1] [0] [288]

Client has executed command "GET NOW"

ServerControl >> VALUE NOW [1] [0] [288]

Client has executed command "players"

Failed to find any players.

GET NOW
Client has executed command "GET NOW"

ServerControl >> VALUE NOW [1] [0] [298]

Client has executed command "GET NOW"

ServerControl >> VALUE NOW [1] [0] [298]

GET NOW
Client has executed command "GET NOW"

ServerControl >> VALUE NOW [1] [0] [308]

Client has executed command "GET NOW"

ServerControl >> VALUE NOW [1] [0] [308]

Client has executed command "players"

Failed to find any players.

MessageAnnouncer >> Broadcast: Если модератор ведёт себя неподобающе, пишите в группу или ЛС (vk.com/unturned_hgm, vk.com/hemulgm)

MessageAnnouncer >> Если модератор ведёт себя неподобающе, пишите в группу или ЛС (vk.com/unturned_hgm, vk.com/hemulgm)

GET NOW
Client has executed command "GET NOW"

ServerControl >> VALUE NOW [1] [0] [318]

Client has executed command "GET NOW"

ServerControl >> VALUE NOW [1] [0] [318]

GET NOW
Client has executed command "GET NOW"

ServerControl >> VALUE NOW [1] [0] [328]

Client has executed command "GET NOW"

ServerControl >> VALUE NOW [1] [0] [328]

Client has executed command "players"

Failed to find any players.

GET NOW
Client has executed command "GET NOW"

ServerControl >> VALUE NOW [1] [0] [338]

Client has executed command "GET NOW"

ServerControl >> VALUE NOW [1] [0] [338]

GET NOW
Client has executed command "GET NOW"

ServerControl >> VALUE NOW [1] [0] [348]

Client has executed command "GET NOW"

ServerControl >> VALUE NOW [1] [0] [348]

Client has executed command "players"

Failed to find any players.

GET NOW
Client has executed command "GET NOW"

ServerControl >> VALUE NOW [1] [0] [358]

Client has executed command "GET NOW"

ServerControl >> VALUE NOW [1] [0] [358]

GET NOW
Client has executed command "GET NOW"

ServerControl >> VALUE NOW [1] [0] [368]

Client has executed command "GET NOW"

ServerControl >> VALUE NOW [1] [0] [368]

Client has executed command "players"

Failed to find any players.

MessageAnnouncer >> Broadcast: Посетите наш сайт. Вы будете удивлены! unturned.hemulgm.ru

MessageAnnouncer >> Посетите наш сайт. Вы будете удивлены! unturned.hemulgm.ru

GET NOW
Client has executed command "GET NOW"

ServerControl >> VALUE NOW [1] [0] [378]

Client has executed command "GET NOW"

ServerControl >> VALUE NOW [1] [0] [378]

GET NOW
Client has executed command "GET NOW"

ServerControl >> VALUE NOW [1] [0] [388]

Client has executed command "GET NOW"

ServerControl >> VALUE NOW [1] [0] [388]

Client has executed command "players"

Failed to find any players.

GET NOW
Client has executed command "GET NOW"

ServerControl >> VALUE NOW [1] [0] [398]

Client has executed command "GET NOW"

ServerControl >> VALUE NOW [1] [0] [398]

GET NOW
Client has executed command "GET NOW"

ServerControl >> VALUE NOW [1] [0] [408]

Client has executed command "GET NOW"

ServerControl >> VALUE NOW [1] [0] [408]

Client has executed command "players"

Failed to find any players.

GET NOW
Client has executed command "GET NOW"

ServerControl >> VALUE NOW [1] [0] [418]

Client has executed command "GET NOW"

ServerControl >> VALUE NOW [1] [0] [418]

GET NOW
Client has executed command "GET NOW"

ServerControl >> VALUE NOW [1] [0] [428]

Client has executed command "GET NOW"

ServerControl >> VALUE NOW [1] [0] [428]

MessageAnnouncer >> Broadcast: vk.com/hemulgm - ЕДИНСТВЕННЫЙ администратор сервера

MessageAnnouncer >> vk.com/hemulgm - ЕДИНСТВЕННЫЙ администратор сервера

Client has executed command "players"
Failed to find any players.

GET NOW
Client has executed command "GET NOW"

ServerControl >> VALUE NOW [1] [0] [438]

Client has executed command "GET NOW"

ServerControl >> VALUE NOW [1] [0] [438]

GET NOW
Client has executed command "GET NOW"

ServerControl >> VALUE NOW [1] [0] [448]

Client has executed command "GET NOW"
ServerControl >> VALUE NOW [1] [0] [448]

Client has executed command "cchat "/33/09/17/04/17/15/16 /24/05/17/05/08 2 /24. 40 /13. " 255 255 0"

ServerControl >> Broadcast: Аирдроп через 2 ч. 40 м.
Client has executed command "players"
Failed to find any players.

Не обработано: ServerControl >> Broadcast: Аирдроп через 2 ч. 40 м.
GET NOW
Client has executed command "GET NOW"

ServerControl >> VALUE NOW [1] [0] [458]

Client has executed command "GET NOW"

ServerControl >> VALUE NOW [1] [0] [458]

GET NOW
Client has executed command "GET NOW"

ServerControl >> VALUE NOW [1] [0] [468]

Client has executed command "GET NOW"

ServerControl >> VALUE NOW [1] [0] [468]

Client has executed command "players"

Failed to find any players.

GET NOW
Client has executed command "GET NOW"

ServerControl >> VALUE NOW [1] [0] [478]

Client has executed command "GET NOW"

ServerControl >> VALUE NOW [1] [0] [478]

GET NOW
Client has executed command "GET NOW"

ServerControl >> VALUE NOW [1] [0] [488]

Client has executed command "GET NOW"

ServerControl >> VALUE NOW [1] [0] [488]

MessageAnnouncer >> Broadcast: Используйте /report [ник], чтобы отправить жалобу на игрока

MessageAnnouncer >> Используйте /report [ник], чтобы отправить жалобу на игрока

Client has executed command "players"

Failed to find any players.

GET NOW
Client has executed command "GET NOW"
ServerControl >> VALUE NOW [1] [0] [498]

Client has executed command "GET NOW"

ServerControl >> VALUE NOW [1] [0] [498]

Client has executed command "GET NOW"

ServerControl >> VALUE NOW [1] [0] [508]

GET NOW
Client has executed command "GET NOW"

ServerControl >> VALUE NOW [1] [0] [508]

Client has executed command "players"

Failed to find any players.

Client has executed command "GET NOW"

ServerControl >> VALUE NOW [1] [0] [518]

GET NOW
Client has executed command "GET NOW"

ServerControl >> VALUE NOW [1] [0] [518]

Client has executed command "GET NOW"

ServerControl >> VALUE NOW [1] [0] [528]

GET NOW
Client has executed command "GET NOW"

ServerControl >> VALUE NOW [1] [0] [528]

Client has executed command "players"

Failed to find any players.

Client has executed command "GET NOW"

ServerControl >> VALUE NOW [1] [0] [538]

GET NOW
Client has executed command "GET NOW"

ServerControl >> VALUE NOW [1] [0] [538]

Client has executed command "GET NOW"

ServerControl >> VALUE NOW [1] [0] [548]

GET NOW
Client has executed command "GET NOW"

ServerControl >> VALUE NOW [1] [0] [548]

MessageAnnouncer >> Broadcast: Наберите /rules (/r) для просмотра правил

MessageAnnouncer >> Наберите /rules (/r) для просмотра правил

Client has executed command "players"

Failed to find any players.

GET NOW
Client has executed command "GET NOW"

ServerControl >> VALUE NOW [1] [0] [558]

Client has executed command "GET NOW"

ServerControl >> VALUE NOW [1] [0] [559]

GET NOW
Client has executed command "GET NOW"

ServerControl >> VALUE NOW [1] [0] [568]

Client has executed command "GET NOW"

ServerControl >> VALUE NOW [1] [0] [569]

GET NOW
Client has executed command "GET NOW"

ServerControl >> VALUE NOW [1] [0] [578]

Client has executed command "players"

Failed to find any players.

Client has executed command "GET NOW"

ServerControl >> VALUE NOW [1] [0] [579]

GET NOW
Client has executed command "GET NOW"

ServerControl >> VALUE NOW [1] [0] [588]

Client has executed command "GET NOW"

ServerControl >> VALUE NOW [1] [0] [589]

GET NOW
Client has executed command "GET NOW"

ServerControl >> VALUE NOW [1] [0] [598]

Client has executed command "GET NOW"

ServerControl >> VALUE NOW [1] [0] [599]

Client has executed command "players"

Failed to find any players.

GET NOW
Client has executed command "GET NOW"

ServerControl >> VALUE NOW [1] [0] [608]

Client has executed command "GET NOW"

ServerControl >> VALUE NOW [1] [0] [609]

MessageAnnouncer >> Broadcast: Добро пожаловать на HGM. Тут рады вам больше, чем на любом другом сервере!

MessageAnnouncer >> Добро пожаловать на HGM. Тут рады вам больше, чем на любом другом сервере!

GET NOW
Client has executed command "GET NOW"

ServerControl >> VALUE NOW [1] [0] [618]

Client has executed command "GET NOW"

ServerControl >> VALUE NOW [1] [0] [619]

Client has executed command "players"

Failed to find any players.

GET NOW
Client has executed command "GET NOW"

ServerControl >> VALUE NOW [1] [0] [628]

Client has executed command "GET NOW"

ServerControl >> VALUE NOW [1] [0] [629]

GET NOW
Client has executed command "GET NOW"

ServerControl >> VALUE NOW [1] [0] [638]

Client has executed command "GET NOW"

ServerControl >> VALUE NOW [1] [0] [639]

Client has executed command "players"

Failed to find any players.

GET NOW
Client has executed command "GET NOW"

ServerControl >> VALUE NOW [1] [0] [648]

Client has executed command "GET NOW"

ServerControl >> VALUE NOW [1] [0] [649]

GET NOW
Client has executed command "GET NOW"

ServerControl >> VALUE NOW [1] [0] [658]

Client has executed command "GET NOW"

ServerControl >> VALUE NOW [1] [0] [659]

Client has executed command "players"

Failed to find any players.

GET NOW
Client has executed command "GET NOW"

ServerControl >> VALUE NOW [1] [0] [668]

Client has executed command "GET NOW"

ServerControl >> VALUE NOW [1] [0] [669]

MessageAnnouncer >> Broadcast: Наберите /kit start, чтобы получить стартовый набор (еда, вода, топор)

MessageAnnouncer >> Наберите /kit start, чтобы получить стартовый набор (еда, вода, топор)

GET NOW
Client has executed command "GET NOW"

ServerControl >> VALUE NOW [1] [0] [678]

Client has executed command "GET NOW"

ServerControl >> VALUE NOW [1] [0] [679]

Client has executed command "players"

Failed to find any players.

GET NOW
Client has executed command "GET NOW"
ServerControl >> VALUE NOW [1] [0] [689]

Client has executed command "GET NOW"

ServerControl >> VALUE NOW [1] [0] [689]

Client has executed command "GET NOW"

ServerControl >> VALUE NOW [1] [0] [699]

GET NOW
Client has executed command "GET NOW"

ServerControl >> VALUE NOW [1] [0] [699]

Client has executed command "players"

Failed to find any players.

Client has executed command "GET NOW"

ServerControl >> VALUE NOW [1] [0] [709]

GET NOW
Client has executed command "GET NOW"

ServerControl >> VALUE NOW [1] [0] [709]

Client has executed command "GET NOW"

ServerControl >> VALUE NOW [1] [0] [719]

GET NOW
Client has executed command "GET NOW"

ServerControl >> VALUE NOW [1] [0] [719]

Client has executed command "players"

Failed to find any players.

Client has executed command "GET NOW"

ServerControl >> VALUE NOW [1] [0] [729]

GET NOW
Client has executed command "GET NOW"

ServerControl >> VALUE NOW [1] [0] [729]

MessageAnnouncer >> Broadcast: Внимание! PvP-режим по субботам! PvP-режим!!!

MessageAnnouncer >> Внимание! PvP-режим по субботам! PvP-режим!!!

Client has executed command "GET NOW"

ServerControl >> VALUE NOW [1] [0] [739]

GET NOW
Client has executed command "GET NOW"

ServerControl >> VALUE NOW [1] [0] [739]

Client has executed command "players"

Failed to find any players.

Client has executed command "GET NOW"

ServerControl >> VALUE NOW [1] [0] [749]

GET NOW
Client has executed command "GET NOW"

ServerControl >> VALUE NOW [1] [0] [749]

Client has executed command "GET NOW"

ServerControl >> VALUE NOW [1] [0] [759]

GET NOW
Client has executed command "GET NOW"

ServerControl >> VALUE NOW [1] [0] [759]

Client has executed command "players"

Failed to find any players.

Client has executed command "GET NOW"

ServerControl >> VALUE NOW [1] [0] [769]

GET NOW
Client has executed command "GET NOW"

ServerControl >> VALUE NOW [1] [0] [769]

Client has executed command "GET NOW"

ServerControl >> VALUE NOW [1] [0] [779]

GET NOW
Client has executed command "GET NOW"

ServerControl >> VALUE NOW [1] [0] [779]

Client has executed command "players"

Failed to find any players.

Client has executed command "GET NOW"

ServerControl >> VALUE NOW [1] [0] [789]

GET NOW
Client has executed command "GET NOW"

ServerControl >> VALUE NOW [1] [0] [789]

MessageAnnouncer >> Broadcast: vk.com/unturned_hgm - группа сервера ВК, уникальный кит в записи!
MessageAnnouncer >> vk.com/unturned_hgm - группа сервера ВК, уникальный кит в записи!

Client has executed command "GET NOW"

ServerControl >> VALUE NOW [1] [0] [799]

GET NOW
Client has executed command "GET NOW"

ServerControl >> VALUE NOW [1] [0] [799]

Client has executed command "players"

Failed to find any players.

Client has executed command "GET NOW"

ServerControl >> VALUE NOW [1] [0] [809]

GET NOW
Client has executed command "GET NOW"

ServerControl >> VALUE NOW [1] [0] [809]

Client has executed command "GET NOW"

ServerControl >> VALUE NOW [1] [0] [819]

GET NOW
Client has executed command "GET NOW"

ServerControl >> VALUE NOW [1] [0] [819]

Client has executed command "players"

Failed to find any players.

Client has executed command "GET NOW"

ServerControl >> VALUE NOW [1] [0] [829]

GET NOW
Client has executed command "GET NOW"

ServerControl >> VALUE NOW [1] [0] [829]

Client has executed command "GET NOW"

ServerControl >> VALUE NOW [1] [0] [839]

GET NOW
Client has executed command "GET NOW"

ServerControl >> VALUE NOW [1] [0] [839]

Client has executed command "players"

Failed to find any players.

Client has executed command "GET NOW"

ServerControl >> VALUE NOW [1] [0] [849]

GET NOW
Client has executed command "GET NOW"

ServerControl >> VALUE NOW [1] [0] [849]

MessageAnnouncer >> Broadcast: Посетите наш сайт. Вы будете удивлены! unturned.hemulgm.ru

MessageAnnouncer >> Посетите наш сайт. Вы будете удивлены! unturned.hemulgm.ru

Client has executed command "GET NOW"

ServerControl >> VALUE NOW [1] [0] [859]

GET NOW
Client has executed command "GET NOW"

ServerControl >> VALUE NOW [1] [0] [859]

Client has executed command "players"

Failed to find any players.

Client has executed command "GET NOW"

ServerControl >> VALUE NOW [1] [0] [869]

GET NOW
Client has executed command "GET NOW"

ServerControl >> VALUE NOW [1] [0] [869]

Client has executed command "GET NOW"

GET NOW
ServerControl >> VALUE NOW [1] [0] [879]
Client has executed command "GET NOW"
ServerControl >> VALUE NOW [1] [0] [879]

Client has executed command "players"
Failed to find any players.

Client has executed command "GET NOW"

ServerControl >> VALUE NOW [1] [0] [889]

GET NOW
Client has executed command "GET NOW"

ServerControl >> VALUE NOW [1] [0] [889]

Client has executed command "GET NOW"

ServerControl >> VALUE NOW [1] [0] [899]

GET NOW
Client has executed command "GET NOW"

ServerControl >> VALUE NOW [1] [0] [899]

Client has executed command "players"

Failed to find any players.

Client has executed command "GET NOW"

ServerControl >> VALUE NOW [1] [0] [909]

GET NOW
Client has executed command "GET NOW"

ServerControl >> VALUE NOW [1] [0] [909]

MessageAnnouncer >> Broadcast: Наберите /kit help, чтобы получить первую мед. помощь (бинты, таблетки, еда)

MessageAnnouncer >> Наберите /kit help, чтобы получить первую мед. помощь (бинты, таблетки, еда)

Client has executed command "GET NOW"

ServerControl >> VALUE NOW [1] [0] [919]

GET NOW
Client has executed command "GET NOW"

ServerControl >> VALUE NOW [1] [0] [919]

Client has executed command "players"

Failed to find any players.

Client has executed command "GET NOW"

ServerControl >> VALUE NOW [1] [0] [929]

GET NOW
Client has executed command "GET NOW"

ServerControl >> VALUE NOW [1] [0] [929]

Client has executed command "GET NOW"

ServerControl >> VALUE NOW [1] [0] [939]

GET NOW
Client has executed command "GET NOW"

ServerControl >> VALUE NOW [1] [0] [939]

Client has executed command "players"

Failed to find any players.

Client has executed command "GET NOW"
ServerControl >> VALUE NOW [1] [0] [949]

GET NOW
Client has executed command "GET NOW"

ServerControl >> VALUE NOW [1] [0] [950]

Client has executed command "GET NOW"

ServerControl >> VALUE NOW [1] [0] [959]

GET NOW
Client has executed command "GET NOW"

ServerControl >> VALUE NOW [1] [0] [960]

Client has executed command "players"

Failed to find any players.

Client has executed command "GET NOW"

ServerControl >> VALUE NOW [1] [0] [969]

GET NOW
Client has executed command "GET NOW"

ServerControl >> VALUE NOW [1] [0] [970]

MessageAnnouncer >> Broadcast: vk.com/unturned_hgm - цены на премиум, VIP и другие услуги смотрите в группе!

MessageAnnouncer >> vk.com/unturned_hgm - цены на премиум, VIP и другие услуги смотрите в группе!

Client has executed command "GET NOW"

ServerControl >> VALUE NOW [1] [0] [979]

GET NOW
Client has executed command "GET NOW"

ServerControl >> VALUE NOW [1] [0] [980]

Client has executed command "players"

Failed to find any players.

Client has executed command "GET NOW"

ServerControl >> VALUE NOW [1] [0] [989]

GET NOW
Client has executed command "GET NOW"

ServerControl >> VALUE NOW [1] [0] [990]

Client has executed command "GET NOW"

ServerControl >> VALUE NOW [1] [0] [999]

GET NOW
Client has executed command "GET NOW"

ServerControl >> VALUE NOW [1] [0] [1000]

Client has executed command "players"

Failed to find any players.

Client has executed command "GET NOW"

ServerControl >> VALUE NOW [1] [0] [1009]

GET NOW
Client has executed command "GET NOW"

ServerControl >> VALUE NOW [1] [0] [1010]

Client has executed command "GET NOW"

ServerControl >> VALUE NOW [1] [0] [1019]

GET NOW
Client has executed command "GET NOW"

ServerControl >> VALUE NOW [1] [0] [1020]

Client has executed command "players"

Failed to find any players.

Client has executed command "GET NOW"

ServerControl >> VALUE NOW [1] [0] [1029]

GET NOW
Client has executed command "GET NOW"

ServerControl >> VALUE NOW [1] [0] [1030]

MessageAnnouncer >> Broadcast: Наберите /kit claim, чтобы получить Claim Flag

MessageAnnouncer >> Наберите /kit claim, чтобы получить Claim Flag

Client has executed command "GET NOW"

ServerControl >> VALUE NOW [1] [0] [1039]

GET NOW
Client has executed command "GET NOW"

ServerControl >> VALUE NOW [1] [0] [1040]

Client has executed command "GET NOW"

ServerControl >> VALUE NOW [1] [0] [1049]

Client has executed command "players"

Failed to find any players.

GET NOW
Client has executed command "GET NOW"

ServerControl >> VALUE NOW [1] [0] [1050]

Client has executed command "cchat "/33/09/17/04/17/15/16 /24/05/17/05/08 2 /24. 30 /13. " 255 255 0"

ServerControl >> Broadcast: Аирдроп через 2 ч. 30 м.

Не обработано: ServerControl >> Broadcast: Аирдроп через 2 ч. 30 м.
Client has executed command "GET NOW"

ServerControl >> VALUE NOW [1] [0] [1059]

GET NOW
Client has executed command "GET NOW"

ServerControl >> VALUE NOW [1] [0] [1060]

Client has executed command "GET NOW"

ServerControl >> VALUE NOW [1] [0] [1069]

GET NOW
Client has executed command "GET NOW"

ServerControl >> VALUE NOW [1] [0] [1070]
Client has executed command "players"
Failed to find any players.

Client has executed command "GET NOW"

ServerControl >> VALUE NOW [1] [0] [1079]

GET NOW
Client has executed command "GET NOW"

ServerControl >> VALUE NOW [1] [0] [1080]

Client has executed command "GET NOW"

ServerControl >> VALUE NOW [1] [0] [1089]

GET NOW
Client has executed command "GET NOW"

ServerControl >> VALUE NOW [1] [0] [1090]

Client has executed command "players"

Failed to find any players.

MessageAnnouncer >> Broadcast: Если модератор ведёт себя неподобающе, пишите в группу или ЛС (vk.com/unturned_hgm, vk.com/hemulgm)

MessageAnnouncer >> Если модератор ведёт себя неподобающе, пишите в группу или ЛС (vk.com/unturned_hgm, vk.com/hemulgm)

Client has executed command "GET NOW"

ServerControl >> VALUE NOW [1] [0] [1099]

GET NOW
Client has executed command "GET NOW"

ServerControl >> VALUE NOW [1] [0] [1100]

Client has executed command "GET NOW"

ServerControl >> VALUE NOW [1] [0] [1109]

GET NOW
Client has executed command "GET NOW"

ServerControl >> VALUE NOW [1] [0] [1110]

Client has executed command "players"

Failed to find any players.

Client has executed command "GET NOW"
ServerControl >> VALUE NOW [1] [0] [1119]

GET NOW
Client has executed command "GET NOW"

ServerControl >> VALUE NOW [1] [0] [1120]

Client has executed command "GET NOW"

ServerControl >> VALUE NOW [1] [0] [1129]

GET NOW
Client has executed command "GET NOW"

ServerControl >> VALUE NOW [1] [0] [1130]

Client has executed command "players"

Failed to find any players.

Client has executed command "GET NOW"

ServerControl >> VALUE NOW [1] [0] [1139]

GET NOW
Client has executed command "GET NOW"

ServerControl >> VALUE NOW [1] [0] [1140]

Client has executed command "GET NOW"

ServerControl >> VALUE NOW [1] [0] [1149]

GET NOW
Client has executed command "GET NOW"

ServerControl >> VALUE NOW [1] [0] [1150]

Client has executed command "players"

Failed to find any players.

MessageAnnouncer >> Broadcast: Посетите наш сайт. Вы будете удивлены! unturned.hemulgm.ru
MessageAnnouncer >> Посетите наш сайт. Вы будете удивлены! unturned.hemulgm.ru

Client has executed command "GET NOW"

ServerControl >> VALUE NOW [1] [0] [1159]

GET NOW
Client has executed command "GET NOW"

ServerControl >> VALUE NOW [1] [0] [1160]

Client has executed command "GET NOW"

ServerControl >> VALUE NOW [1] [0] [1169]

GET NOW
Client has executed command "GET NOW"

ServerControl >> VALUE NOW [1] [0] [1170]

Client has executed command "players"

Failed to find any players.

Client has executed command "GET NOW"

ServerControl >> VALUE NOW [1] [0] [1179]

GET NOW
Client has executed command "GET NOW"

ServerControl >> VALUE NOW [1] [0] [1180]

Client has executed command "GET NOW"

ServerControl >> VALUE NOW [1] [0] [1189]

GET NOW
Client has executed command "GET NOW"

ServerControl >> VALUE NOW [1] [0] [1190]

Client has executed command "players"

Failed to find any players.

Client has executed command "GET NOW"

ServerControl >> VALUE NOW [1] [0] [1199]

GET NOW
Client has executed command "GET NOW"

ServerControl >> VALUE NOW [1] [0] [1200]

Client has executed command "GET NOW"

ServerControl >> VALUE NOW [1] [0] [1209]

GET NOW
Client has executed command "GET NOW"

ServerControl >> VALUE NOW [1] [0] [1210]

Client has executed command "players"

Failed to find any players.

MessageAnnouncer >> Broadcast: vk.com/hemulgm - ЕДИНСТВЕННЫЙ администратор сервера

MessageAnnouncer >> vk.com/hemulgm - ЕДИНСТВЕННЫЙ администратор сервера

Client has executed command "GET NOW"

ServerControl >> VALUE NOW [1] [0] [1219]

GET NOW
Client has executed command "GET NOW"

ServerControl >> VALUE NOW [1] [0] [1220]

Client has executed command "GET NOW"

ServerControl >> VALUE NOW [1] [0] [1229]

GET NOW
Client has executed command "GET NOW"

ServerControl >> VALUE NOW [1] [0] [1230]

Client has executed command "players"

Failed to find any players.

Client has executed command "GET NOW"

ServerControl >> VALUE NOW [1] [0] [1239]

GET NOW
Client has executed command "GET NOW"

ServerControl >> VALUE NOW [1] [0] [1240]

Client has executed command "GET NOW"

ServerControl >> VALUE NOW [1] [0] [1249]

GET NOW
Client has executed command "GET NOW"

ServerControl >> VALUE NOW [1] [0] [1250]

Client has executed command "players"

Failed to find any players.

Client has executed command "GET NOW"

ServerControl >> VALUE NOW [1] [0] [1259]

GET NOW
Client has executed command "GET NOW"

ServerControl >> VALUE NOW [1] [0] [1260]

Client has executed command "GET NOW"

ServerControl >> VALUE NOW [1] [0] [1269]

GET NOW
Client has executed command "GET NOW"

ServerControl >> VALUE NOW [1] [0] [1270]

Client has executed command "players"

Failed to find any players.

MessageAnnouncer >> Broadcast: Используйте /report [ник], чтобы отправить жалобу на игрока

MessageAnnouncer >> Используйте /report [ник], чтобы отправить жалобу на игрока

Client has executed command "GET NOW"

ServerControl >> VALUE NOW [1] [0] [1279]

GET NOW
Client has executed command "GET NOW"

ServerControl >> VALUE NOW [1] [0] [1280]

Client has executed command "GET NOW"

ServerControl >> VALUE NOW [1] [0] [1289]

GET NOW
Client has executed command "GET NOW"

ServerControl >> VALUE NOW [1] [0] [1290]

Client has executed command "players"

Failed to find any players.

Client has executed command "GET NOW"

ServerControl >> VALUE NOW [1] [0] [1299]

GET NOW
Client has executed command "GET NOW"

ServerControl >> VALUE NOW [1] [0] [1300]

Client has executed command "GET NOW"
ServerControl >> VALUE NOW [1] [0] [1309]

GET NOW
Client has executed command "GET NOW"

ServerControl >> VALUE NOW [1] [0] [1310]

Client has executed command "players"

Failed to find any players.

Client has executed command "GET NOW"

ServerControl >> VALUE NOW [1] [0] [1319]

GET NOW
Client has executed command "GET NOW"

ServerControl >> VALUE NOW [1] [0] [1320]

Client has executed command "GET NOW"

ServerControl >> VALUE NOW [1] [0] [1329]

GET NOW
Client has executed command "GET NOW"

ServerControl >> VALUE NOW [1] [0] [1330]

MessageAnnouncer >> Broadcast: Наберите /rules (/r) для просмотра правил

MessageAnnouncer >> Наберите /rules (/r) для просмотра правил

Client has executed command "players"

Failed to find any players.

Client has executed command "GET NOW"

ServerControl >> VALUE NOW [1] [0] [1339]

GET NOW
Client has executed command "GET NOW"

ServerControl >> VALUE NOW [1] [0] [1340]

Client has executed command "GET NOW"

ServerControl >> VALUE NOW [1] [0] [1349]

GET NOW
Client has executed command "GET NOW"

ServerControl >> VALUE NOW [1] [0] [1350]

Client has executed command "players"

Failed to find any players.

Client has executed command "GET NOW"

ServerControl >> VALUE NOW [1] [0] [1359]

GET NOW
Client has executed command "GET NOW"

ServerControl >> VALUE NOW [1] [0] [1360]

Client has executed command "GET NOW"

ServerControl >> VALUE NOW [1] [0] [1369]

GET NOW
Client has executed command "GET NOW"

ServerControl >> VALUE NOW [1] [0] [1370]

Client has executed command "players"

Failed to find any players.

Client has executed command "GET NOW"

ServerControl >> VALUE NOW [1] [0] [1379]

GET NOW
Client has executed command "GET NOW"

ServerControl >> VALUE NOW [1] [0] [1380]

Client has executed command "GET NOW"

ServerControl >> VALUE NOW [1] [0] [1389]

GET NOW
Client has executed command "GET NOW"

ServerControl >> VALUE NOW [1] [0] [1390]

MessageAnnouncer >> Broadcast: Добро пожаловать на HGM. Тут рады вам больше, чем на любом другом сервере!

MessageAnnouncer >> Добро пожаловать на HGM. Тут рады вам больше, чем на любом другом сервере!

Client has executed command "players"

Failed to find any players.

Client has executed command "GET NOW"

ServerControl >> VALUE NOW [1] [0] [1399]

GET NOW
Client has executed command "GET NOW"

ServerControl >> VALUE NOW [1] [0] [1400]

Client has executed command "GET NOW"

ServerControl >> VALUE NOW [1] [0] [1409]

GET NOW
Client has executed command "GET NOW"

ServerControl >> VALUE NOW [1] [0] [1410]

Client has executed command "players"

Failed to find any players.

Client has executed command "GET NOW"

ServerControl >> VALUE NOW [1] [0] [1419]

GET NOW
Client has executed command "GET NOW"

ServerControl >> VALUE NOW [1] [0] [1420]

Client has executed command "GET NOW"

ServerControl >> VALUE NOW [1] [0] [1429]

GET NOW
Client has executed command "GET NOW"

ServerControl >> VALUE NOW [1] [0] [1430]

Client has executed command "players"

Failed to find any players.

Client has executed command "GET NOW"

ServerControl >> VALUE NOW [1] [0] [1439]

GET NOW
Client has executed command "GET NOW"

ServerControl >> VALUE NOW [1] [0] [1440]

Client has executed command "GET NOW"

ServerControl >> VALUE NOW [1] [0] [1449]

GET NOW
Client has executed command "GET NOW"

ServerControl >> VALUE NOW [1] [0] [1450]

MessageAnnouncer >> Broadcast: Наберите /kit start, чтобы получить стартовый набор (еда, вода, топор)

MessageAnnouncer >> Наберите /kit start, чтобы получить стартовый набор (еда, вода, топор)

Client has executed command "players"

Failed to find any players.

Client has executed command "GET NOW"

ServerControl >> VALUE NOW [1] [0] [1459]

GET NOW
Client has executed command "GET NOW"

ServerControl >> VALUE NOW [1] [0] [1460]

Client has executed command "GET NOW"

ServerControl >> VALUE NOW [1] [0] [1469]

GET NOW
Client has executed command "GET NOW"

ServerControl >> VALUE NOW [1] [0] [1470]

Client has executed command "players"

Failed to find any players.

Client has executed command "GET NOW"

ServerControl >> VALUE NOW [1] [0] [1479]

GET NOW
Client has executed command "GET NOW"

ServerControl >> VALUE NOW [1] [0] [1480]

Client has executed command "GET NOW"

ServerControl >> VALUE NOW [1] [0] [1489]

GET NOW
Client has executed command "GET NOW"

ServerControl >> VALUE NOW [1] [0] [1490]

Client has executed command "GET NOW"

ServerControl >> VALUE NOW [1] [0] [1499]

Client has executed command "players"

Failed to find any players.

GET NOW
Client has executed command "GET NOW"

ServerControl >> VALUE NOW [1] [0] [1500]

Client has executed command "GET NOW"

ServerControl >> VALUE NOW [1] [0] [1509]

GET NOW
Client has executed command "GET NOW"

ServerControl >> VALUE NOW [1] [0] [1510]

MessageAnnouncer >> Broadcast: Внимание! PvP-режим по субботам! PvP-режим!!!

MessageAnnouncer >> Внимание! PvP-режим по субботам! PvP-режим!!!

Client has executed command "GET NOW"
ServerControl >> VALUE NOW [1] [0] [1519]
Client has executed command "players"
Failed to find any players.

GET NOW
Client has executed command "GET NOW"

ServerControl >> VALUE NOW [1] [0] [1520]

Client has executed command "GET NOW"

ServerControl >> VALUE NOW [1] [0] [1529]

GET NOW
Client has executed command "GET NOW"

ServerControl >> VALUE NOW [1] [0] [1530]

Client has executed command "GET NOW"

ServerControl >> VALUE NOW [1] [0] [1539]
Client has executed command "players"
Failed to find any players.

GET NOW
Client has executed command "GET NOW"

ServerControl >> VALUE NOW [1] [0] [1541]

Client has executed command "GET NOW"

ServerControl >> VALUE NOW [1] [0] [1549]

GET NOW
Client has executed command "GET NOW"

ServerControl >> VALUE NOW [1] [0] [1551]

Client has executed command "GET NOW"

ServerControl >> VALUE NOW [1] [0] [1559]

Client has executed command "players"

Failed to find any players.

GET NOW
Client has executed command "GET NOW"

ServerControl >> VALUE NOW [1] [0] [1561]

Client has executed command "GET NOW"

ServerControl >> VALUE NOW [1] [0] [1569]

GET NOW
Client has executed command "GET NOW"

ServerControl >> VALUE NOW [1] [0] [1571]

MessageAnnouncer >> Broadcast: vk.com/unturned_hgm - группа сервера ВК, уникальный кит в записи!

MessageAnnouncer >> vk.com/unturned_hgm - группа сервера ВК, уникальный кит в записи!

Client has executed command "GET NOW"

ServerControl >> VALUE NOW [1] [0] [1579]

GET NOW
Client has executed command "GET NOW"

ServerControl >> VALUE NOW [1] [0] [1581]

Client has executed command "players"

Failed to find any players.

Client has executed command "GET NOW"

ServerControl >> VALUE NOW [1] [0] [1589]

GET NOW
Client has executed command "GET NOW"

ServerControl >> VALUE NOW [1] [0] [1591]

Client has executed command "GET NOW"

ServerControl >> VALUE NOW [1] [0] [1599]

GET NOW
Client has executed command "GET NOW"

ServerControl >> VALUE NOW [1] [0] [1601]

Client has executed command "players"

Failed to find any players.

Client has executed command "GET NOW"

ServerControl >> VALUE NOW [1] [0] [1609]

GET NOW
Client has executed command "GET NOW"

ServerControl >> VALUE NOW [1] [0] [1611]

Client has executed command "GET NOW"

ServerControl >> VALUE NOW [1] [0] [1619]

GET NOW
PlayerInfoLib >> No expired player info records found for this batch.
Client has executed command "GET NOW"
ServerControl >> VALUE NOW [1] [0] [1621]

Saving server

Сохранение сервера
Client has executed command "players"

Failed to find any players.

Client has executed command "GET NOW"

ServerControl >> VALUE NOW [1] [0] [1629]

GET NOW
Client has executed command "GET NOW"

ServerControl >> VALUE NOW [1] [0] [1631]

MessageAnnouncer >> Broadcast: Посетите наш сайт. Вы будете удивлены! unturned.hemulgm.ru

MessageAnnouncer >> Посетите наш сайт. Вы будете удивлены! unturned.hemulgm.ru

Client has executed command "GET NOW"

ServerControl >> VALUE NOW [1] [0] [1639]

GET NOW
Client has executed command "GET NOW"

ServerControl >> VALUE NOW [1] [0] [1641]

Client has executed command "players"

Failed to find any players.

Client has executed command "GET NOW"

ServerControl >> VALUE NOW [1] [0] [1649]

GET NOW
Client has executed command "GET NOW"

ServerControl >> VALUE NOW [1] [0] [1651]

Client has executed command "cchat "/33/09/17/04/17/15/16 /24/05/17/05/08 2 /24. 20 /13. " 255 255 0"

ServerControl >> Broadcast: Аирдроп через 2 ч. 20 м.

Не обработано: ServerControl >> Broadcast: Аирдроп через 2 ч. 20 м.
Client has executed command "GET NOW"

ServerControl >> VALUE NOW [1] [0] [1659]

GET NOW
Client has executed command "GET NOW"

ServerControl >> VALUE NOW [1] [0] [1661]

Client has executed command "players"

Failed to find any players.

Client has executed command "GET NOW"

ServerControl >> VALUE NOW [1] [0] [1669]

GET NOW
Client has executed command "GET NOW"

ServerControl >> VALUE NOW [1] [0] [1671]

Client has executed command "GET NOW"

ServerControl >> VALUE NOW [1] [0] [1679]

GET NOW
Client has executed command "GET NOW"

ServerControl >> VALUE NOW [1] [0] [1681]

Client has executed command "players"

Failed to find any players.

Client has executed command "GET NOW"
ServerControl >> VALUE NOW [1] [0] [1689]

GET NOW
Client has executed command "GET NOW"

ServerControl >> VALUE NOW [1] [0] [1691]

MessageAnnouncer >> Broadcast: Наберите /kit help, чтобы получить первую мед. помощь (бинты, таблетки, еда)

MessageAnnouncer >> Наберите /kit help, чтобы получить первую мед. помощь (бинты, таблетки, еда)

Client has executed command "GET NOW"

ServerControl >> VALUE NOW [1] [0] [1699]

GET NOW
Client has executed command "GET NOW"

ServerControl >> VALUE NOW [1] [0] [1701]

Client has executed command "players"

Failed to find any players.

Client has executed command "GET NOW"

ServerControl >> VALUE NOW [1] [0] [1709]

GET NOW
Client has executed command "GET NOW"

ServerControl >> VALUE NOW [1] [0] [1711]

Client has executed command "GET NOW"

ServerControl >> VALUE NOW [1] [0] [1719]

GET NOW
Client has executed command "GET NOW"

ServerControl >> VALUE NOW [1] [0] [1721]

Client has executed command "players"

Failed to find any players.

Client has executed command "GET NOW"

ServerControl >> VALUE NOW [1] [0] [1729]

GET NOW
Client has executed command "GET NOW"

ServerControl >> VALUE NOW [1] [0] [1732]

Client has executed command "GET NOW"

ServerControl >> VALUE NOW [1] [0] [1739]

GET NOW
Client has executed command "GET NOW"

ServerControl >> VALUE NOW [1] [0] [1742]

Client has executed command "players"

Failed to find any players.

Client has executed command "GET NOW"

ServerControl >> VALUE NOW [1] [0] [1749]

GET NOW
Client has executed command "GET NOW"

ServerControl >> VALUE NOW [1] [0] [1752]

MessageAnnouncer >> Broadcast: vk.com/unturned_hgm - цены на премиум, VIP и другие услуги смотрите в группе!

MessageAnnouncer >> vk.com/unturned_hgm - цены на премиум, VIP и другие услуги смотрите в группе!

Client has executed command "GET NOW"

ServerControl >> VALUE NOW [1] [0] [1759]

GET NOW
Client has executed command "GET NOW"

ServerControl >> VALUE NOW [1] [0] [1762]

Client has executed command "players"

Failed to find any players.

Client has executed command "GET NOW"

ServerControl >> VALUE NOW [1] [0] [1769]

GET NOW
Client has executed command "GET NOW"

ServerControl >> VALUE NOW [1] [0] [1772]

Client has executed command "GET NOW"

ServerControl >> VALUE NOW [1] [0] [1779]

GET NOW
Client has executed command "GET NOW"

ServerControl >> VALUE NOW [1] [0] [1782]

Client has executed command "players"

Failed to find any players.

Client has executed command "GET NOW"

ServerControl >> VALUE NOW [1] [0] [1789]

GET NOW
Client has executed command "GET NOW"

ServerControl >> VALUE NOW [1] [0] [1792]

Client has executed command "GET NOW"

ServerControl >> VALUE NOW [1] [0] [1799]

GET NOW
Client has executed command "GET NOW"

ServerControl >> VALUE NOW [1] [0] [1802]

Client has executed command "players"

Failed to find any players.

Client has executed command "GET NOW"

ServerControl >> VALUE NOW [1] [0] [1809]

GET NOW
Client has executed command "GET NOW"

ServerControl >> VALUE NOW [1] [0] [1812]

MessageAnnouncer >> Broadcast: Наберите /kit claim, чтобы получить Claim Flag

MessageAnnouncer >> Наберите /kit claim, чтобы получить Claim Flag

Client has executed command "GET NOW"

ServerControl >> VALUE NOW [1] [0] [1819]

GET NOW
Client has executed command "GET NOW"

ServerControl >> VALUE NOW [1] [0] [1822]

Client has executed command "players"

Failed to find any players.

Client has executed command "GET NOW"

ServerControl >> VALUE NOW [1] [0] [1829]

GET NOW
Client has executed command "GET NOW"

ServerControl >> VALUE NOW [1] [0] [1832]

Client has executed command "GET NOW"

ServerControl >> VALUE NOW [1] [0] [1839]

GET NOW
Client has executed command "GET NOW"

ServerControl >> VALUE NOW [1] [0] [1842]

Client has executed command "players"

Failed to find any players.

Client has executed command "GET NOW"

ServerControl >> VALUE NOW [1] [0] [1849]

GET NOW
Client has executed command "GET NOW"

ServerControl >> VALUE NOW [1] [0] [1852]

Client has executed command "GET NOW"
ServerControl >> VALUE NOW [1] [0] [1859]

GET NOW
Client has executed command "GET NOW"

ServerControl >> VALUE NOW [1] [0] [1862]

Client has executed command "players"

Failed to find any players.

Client has executed command "GET NOW"

ServerControl >> VALUE NOW [1] [0] [1869]

GET NOW
Client has executed command "GET NOW"

ServerControl >> VALUE NOW [1] [0] [1872]

MessageAnnouncer >> Broadcast: Если модератор ведёт себя неподобающе, пишите в группу или ЛС (vk.com/unturned_hgm, vk.com/hemulgm)

MessageAnnouncer >> Если модератор ведёт себя неподобающе, пишите в группу или ЛС (vk.com/unturned_hgm, vk.com/hemulgm)

Client has executed command "GET NOW"

ServerControl >> VALUE NOW [1] [0] [1879]

GET NOW
Client has executed command "GET NOW"

ServerControl >> VALUE NOW [1] [0] [1882]

Client has executed command "players"

Failed to find any players.

Client has executed command "GET NOW"

ServerControl >> VALUE NOW [1] [0] [1889]

GET NOW
Client has executed command "GET NOW"

ServerControl >> VALUE NOW [1] [0] [1892]

Client has executed command "GET NOW"

ServerControl >> VALUE NOW [1] [0] [1899]

GET NOW
Client has executed command "GET NOW"

ServerControl >> VALUE NOW [1] [0] [1902]

Client has executed command "players"

Failed to find any players.

Client has executed command "GET NOW"

ServerControl >> VALUE NOW [1] [0] [1909]

GET NOW
Client has executed command "GET NOW"

ServerControl >> VALUE NOW [1] [0] [1912]

Client has executed command "GET NOW"

ServerControl >> VALUE NOW [1] [0] [1919]

GET NOW
Client has executed command "GET NOW"

ServerControl >> VALUE NOW [1] [0] [1923]

Client has executed command "players"

Failed to find any players.

Client has executed command "GET NOW"

ServerControl >> VALUE NOW [1] [0] [1929]

GET NOW
Client has executed command "GET NOW"

ServerControl >> VALUE NOW [1] [0] [1933]

MessageAnnouncer >> Broadcast: Посетите наш сайт. Вы будете удивлены! unturned.hemulgm.ru

MessageAnnouncer >> Посетите наш сайт. Вы будете удивлены! unturned.hemulgm.ru

Client has executed command "GET NOW"

ServerControl >> VALUE NOW [1] [0] [1939]

GET NOW
Client has executed command "GET NOW"

ServerControl >> VALUE NOW [1] [0] [1943]

Client has executed command "GET NOW"

ServerControl >> VALUE NOW [1] [0] [1949]

Client has executed command "players"

Failed to find any players.

GET NOW
Client has executed command "GET NOW"

ServerControl >> VALUE NOW [1] [0] [1953]

Client has executed command "GET NOW"

ServerControl >> VALUE NOW [1] [0] [1959]

GET NOW
Client has executed command "GET NOW"

ServerControl >> VALUE NOW [1] [0] [1963]

Client has executed command "GET NOW"

ServerControl >> VALUE NOW [1] [0] [1969]

Client has executed command "players"

Failed to find any players.

GET NOW
Client has executed command "GET NOW"

ServerControl >> VALUE NOW [1] [0] [1973]

Client has executed command "GET NOW"

ServerControl >> VALUE NOW [1] [0] [1979]

GET NOW
Client has executed command "GET NOW"

ServerControl >> VALUE NOW [1] [0] [1983]

Client has executed command "GET NOW"

ServerControl >> VALUE NOW [1] [0] [1989]

Client has executed command "players"

Failed to find any players.

GET NOW
Client has executed command "GET NOW"

ServerControl >> VALUE NOW [1] [0] [1993]

MessageAnnouncer >> Broadcast: vk.com/hemulgm - ЕДИНСТВЕННЫЙ администратор сервера

MessageAnnouncer >> vk.com/hemulgm - ЕДИНСТВЕННЫЙ администратор сервера

Client has executed command "GET NOW"

ServerControl >> VALUE NOW [1] [0] [1999]

GET NOW
Client has executed command "GET NOW"

ServerControl >> VALUE NOW [1] [0] [2003]

Client has executed command "GET NOW"

ServerControl >> VALUE NOW [1] [0] [2009]

Client has executed command "players"

Failed to find any players.

GET NOW
Client has executed command "GET NOW"

ServerControl >> VALUE NOW [1] [0] [2013]

Client has executed command "GET NOW"

ServerControl >> VALUE NOW [1] [0] [2019]

GET NOW
Client has executed command "GET NOW"

ServerControl >> VALUE NOW [1] [0] [2023]

Client has executed command "GET NOW"

ServerControl >> VALUE NOW [1] [0] [2029]

Client has executed command "players"

Failed to find any players.

GET NOW
Client has executed command "GET NOW"

ServerControl >> VALUE NOW [1] [0] [2033]

Client has executed command "GET NOW"

ServerControl >> VALUE NOW [1] [0] [2039]

GET NOW
Client has executed command "GET NOW"

ServerControl >> VALUE NOW [1] [0] [2043]

Client has executed command "GET NOW"
ServerControl >> VALUE NOW [1] [0] [2049]

Client has executed command "players"

Failed to find any players.

GET NOW
Client has executed command "GET NOW"

ServerControl >> VALUE NOW [1] [0] [2053]

MessageAnnouncer >> Broadcast: Используйте /report [ник], чтобы отправить жалобу на игрока

MessageAnnouncer >> Используйте /report [ник], чтобы отправить жалобу на игрока

Client has executed command "GET NOW"

ServerControl >> VALUE NOW [1] [0] [2059]

GET NOW
Client has executed command "GET NOW"

ServerControl >> VALUE NOW [1] [0] [2063]

Client has executed command "GET NOW"

ServerControl >> VALUE NOW [1] [0] [2069]

GET NOW
Client has executed command "players"

Client has executed command "GET NOW"
Failed to find any players.
ServerControl >> VALUE NOW [1] [0] [2073]

Client has executed command "GET NOW"

ServerControl >> VALUE NOW [1] [0] [2079]

GET NOW
Client has executed command "GET NOW"

ServerControl >> VALUE NOW [1] [0] [2083]

Client has executed command "GET NOW"

ServerControl >> VALUE NOW [1] [0] [2089]

GET NOW
Client has executed command "GET NOW"

ServerControl >> VALUE NOW [1] [0] [2093]

Client has executed command "players"

Failed to find any players.

Client has executed command "GET NOW"

ServerControl >> VALUE NOW [1] [0] [2099]

GET NOW
Client has executed command "GET NOW"

ServerControl >> VALUE NOW [1] [0] [2103]

Client has executed command "GET NOW"

ServerControl >> VALUE NOW [1] [0] [2109]

GET NOW
Client has executed command "GET NOW"

ServerControl >> VALUE NOW [1] [0] [2114]

Client has executed command "players"

Failed to find any players.

MessageAnnouncer >> Broadcast: Наберите /rules (/r) для просмотра правил

MessageAnnouncer >> Наберите /rules (/r) для просмотра правил

Client has executed command "GET NOW"

ServerControl >> VALUE NOW [1] [0] [2119]

GET NOW
Client has executed command "GET NOW"

ServerControl >> VALUE NOW [1] [0] [2124]

Client has executed command "GET NOW"

ServerControl >> VALUE NOW [1] [0] [2129]

GET NOW
Client has executed command "GET NOW"

ServerControl >> VALUE NOW [1] [0] [2134]
Client has executed command "players"
Failed to find any players.

Client has executed command "GET NOW"

ServerControl >> VALUE NOW [1] [0] [2139]

GET NOW
Client has executed command "GET NOW"

ServerControl >> VALUE NOW [1] [0] [2144]

Client has executed command "GET NOW"

ServerControl >> VALUE NOW [1] [0] [2149]

GET NOW
Client has executed command "GET NOW"

ServerControl >> VALUE NOW [1] [0] [2154]

Client has executed command "players"

Failed to find any players.

Client has executed command "GET NOW"

ServerControl >> VALUE NOW [1] [0] [2159]

GET NOW
Client has executed command "GET NOW"

ServerControl >> VALUE NOW [1] [0] [2164]

Client has executed command "GET NOW"

ServerControl >> VALUE NOW [1] [0] [2169]

GET NOW
Client has executed command "GET NOW"

ServerControl >> VALUE NOW [1] [0] [2174]

MessageAnnouncer >> Broadcast: Добро пожаловать на HGM. Тут рады вам больше, чем на любом другом сервере!

MessageAnnouncer >> Добро пожаловать на HGM. Тут рады вам больше, чем на любом другом сервере!

Client has executed command "players"

Failed to find any players.

Client has executed command "GET NOW"

ServerControl >> VALUE NOW [1] [0] [2179]

GET NOW
Client has executed command "GET NOW"

ServerControl >> VALUE NOW [1] [0] [2184]

Client has executed command "GET NOW"

ServerControl >> VALUE NOW [1] [0] [2189]

GET NOW
Client has executed command "GET NOW"

ServerControl >> VALUE NOW [1] [0] [2194]

Client has executed command "players"

Failed to find any players.

Client has executed command "GET NOW"

ServerControl >> VALUE NOW [1] [0] [2199]

GET NOW
Client has executed command "GET NOW"

ServerControl >> VALUE NOW [1] [0] [2204]

Client has executed command "GET NOW"

ServerControl >> VALUE NOW [1] [0] [2209]

GET NOW
Client has executed command "GET NOW"

ServerControl >> VALUE NOW [1] [0] [2214]

Client has executed command "players"

Failed to find any players.

Client has executed command "GET NOW"

ServerControl >> VALUE NOW [1] [0] [2219]

GET NOW
Client has executed command "GET NOW"

ServerControl >> VALUE NOW [1] [0] [2224]

Client has executed command "GET NOW"

ServerControl >> VALUE NOW [1] [0] [2229]

GET NOW
Client has executed command "GET NOW"

ServerControl >> VALUE NOW [1] [0] [2234]

MessageAnnouncer >> Broadcast: Наберите /kit start, чтобы получить стартовый набор (еда, вода, топор)

MessageAnnouncer >> Наберите /kit start, чтобы получить стартовый набор (еда, вода, топор)

Client has executed command "players"

Failed to find any players.

Client has executed command "GET NOW"
ServerControl >> VALUE NOW [1] [0] [2239]

GET NOW
Client has executed command "GET NOW"

ServerControl >> VALUE NOW [1] [0] [2244]

Client has executed command "GET NOW"

ServerControl >> VALUE NOW [1] [0] [2249]

GET NOW
Client has executed command "GET NOW"

ServerControl >> VALUE NOW [1] [0] [2254]

Client has executed command "cchat "/33/09/17/04/17/15/16 /24/05/17/05/08 2 /24. 10 /13. " 255 255 0"

ServerControl >> Broadcast: Аирдроп через 2 ч. 10 м.

Не обработано: ServerControl >> Broadcast: Аирдроп через 2 ч. 10 м.
Client has executed command "players"

Failed to find any players.

Client has executed command "GET NOW"

ServerControl >> VALUE NOW [1] [0] [2259]

GET NOW
Client has executed command "GET NOW"

ServerControl >> VALUE NOW [1] [0] [2264]

Client has executed command "GET NOW"

ServerControl >> VALUE NOW [1] [0] [2269]

GET NOW
Client has executed command "GET NOW"

ServerControl >> VALUE NOW [1] [0] [2274]

Client has executed command "players"

Failed to find any players.

Client has executed command "GET NOW"

ServerControl >> VALUE NOW [1] [0] [2279]

GET NOW
Client has executed command "GET NOW"

ServerControl >> VALUE NOW [1] [0] [2284]

Client has executed command "GET NOW"

ServerControl >> VALUE NOW [1] [0] [2289]

GET NOW
Client has executed command "GET NOW"

ServerControl >> VALUE NOW [1] [0] [2294]

MessageAnnouncer >> Broadcast: Внимание! PvP-режим по субботам! PvP-режим!!!

MessageAnnouncer >> Внимание! PvP-режим по субботам! PvP-режим!!!

Client has executed command "players"

Failed to find any players.

Client has executed command "GET NOW"

ServerControl >> VALUE NOW [1] [0] [2299]

GET NOW
Client has executed command "GET NOW"

ServerControl >> VALUE NOW [0] [0] [2304]

Client has executed command "GET NOW"

ServerControl >> VALUE NOW [0] [0] [2309]

GET NOW
Client has executed command "GET NOW"

ServerControl >> VALUE NOW [0] [0] [2314]

Client has executed command "players"

Failed to find any players.

Client has executed command "GET NOW"

ServerControl >> VALUE NOW [0] [0] [2319]

GET NOW
Client has executed command "GET NOW"

ServerControl >> VALUE NOW [0] [0] [2324]

Client has executed command "GET NOW"

ServerControl >> VALUE NOW [0] [0] [2329]

GET NOW
Client has executed command "GET NOW"

ServerControl >> VALUE NOW [0] [0] [2334]

Client has executed command "players"

Failed to find any players.

Client has executed command "GET NOW"

ServerControl >> VALUE NOW [0] [0] [2339]

GET NOW
Client has executed command "GET NOW"

ServerControl >> VALUE NOW [0] [0] [2344]

Client has executed command "GET NOW"

ServerControl >> VALUE NOW [0] [0] [2349]

GET NOW
Client has executed command "GET NOW"

ServerControl >> VALUE NOW [0] [0] [2354]

MessageAnnouncer >> Broadcast: vk.com/unturned_hgm - группа сервера ВК, уникальный кит в записи!

MessageAnnouncer >> vk.com/unturned_hgm - группа сервера ВК, уникальный кит в записи!

Client has executed command "players"

Failed to find any players.

Client has executed command "GET NOW"

ServerControl >> VALUE NOW [0] [0] [2359]

GET NOW
Client has executed command "GET NOW"

ServerControl >> VALUE NOW [0] [0] [2364]

Client has executed command "GET NOW"

ServerControl >> VALUE NOW [0] [0] [2370]

GET NOW
Client has executed command "GET NOW"

ServerControl >> VALUE NOW [0] [0] [2374]

Client has executed command "GET NOW"

ServerControl >> VALUE NOW [0] [0] [2380]

Client has executed command "players"

Failed to find any players.

GET NOW
Client has executed command "GET NOW"

ServerControl >> VALUE NOW [0] [0] [2384]

Client has executed command "GET NOW"

ServerControl >> VALUE NOW [0] [0] [2390]

GET NOW
Client has executed command "GET NOW"

ServerControl >> VALUE NOW [0] [0] [2394]

Client has executed command "GET NOW"

ServerControl >> VALUE NOW [0] [0] [2400]

Client has executed command "players"

Failed to find any players.

GET NOW
Client has executed command "GET NOW"

ServerControl >> VALUE NOW [0] [0] [2404]

Client has executed command "GET NOW"

ServerControl >> VALUE NOW [0] [0] [2410]

GET NOW
Client has executed command "GET NOW"

ServerControl >> VALUE NOW [0] [0] [2414]

MessageAnnouncer >> Broadcast: Посетите наш сайт. Вы будете удивлены! unturned.hemulgm.ru

MessageAnnouncer >> Посетите наш сайт. Вы будете удивлены! unturned.hemulgm.ru

Client has executed command "GET NOW"

ServerControl >> VALUE NOW [0] [0] [2420]

Client has executed command "players"

Failed to find any players.

GET NOW
Client has executed command "GET NOW"

ServerControl >> VALUE NOW [0] [0] [2424]

Client has executed command "GET NOW"

ServerControl >> VALUE NOW [0] [0] [2430]

GET NOW
Client has executed command "GET NOW"

ServerControl >> VALUE NOW [0] [0] [2434]

Client has executed command "GET NOW"

ServerControl >> VALUE NOW [0] [0] [2440]

Client has executed command "players"

Failed to find any players.

GET NOW
Client has executed command "GET NOW"

ServerControl >> VALUE NOW [0] [0] [2444]

Client has executed command "GET NOW"

ServerControl >> VALUE NOW [0] [0] [2450]

GET NOW
Client has executed command "GET NOW"

ServerControl >> VALUE NOW [0] [0] [2454]

Client has executed command "GET NOW"

ServerControl >> VALUE NOW [0] [0] [2460]

Client has executed command "players"

GET NOW
Failed to find any players.

Client has executed command "GET NOW"
ServerControl >> VALUE NOW [0] [0] [2464]

Client has executed command "GET NOW"
ServerControl >> VALUE NOW [0] [0] [2470]

GET NOW
Client has executed command "GET NOW"

ServerControl >> VALUE NOW [0] [0] [2474]

MessageAnnouncer >> Broadcast: Наберите /kit help, чтобы получить первую мед. помощь (бинты, таблетки, еда)

MessageAnnouncer >> Наберите /kit help, чтобы получить первую мед. помощь (бинты, таблетки, еда)

Client has executed command "GET NOW"

ServerControl >> VALUE NOW [0] [0] [2480]

Client has executed command "players"

GET NOW
Failed to find any players.

Client has executed command "GET NOW"
ServerControl >> VALUE NOW [0] [0] [2484]

Client has executed command "GET NOW"

ServerControl >> VALUE NOW [0] [0] [2490]

GET NOW
Client has executed command "GET NOW"

ServerControl >> VALUE NOW [0] [0] [2494]

Client has executed command "GET NOW"

ServerControl >> VALUE NOW [0] [0] [2500]

Client has executed command "players"

Failed to find any players.

GET NOW
Client has executed command "GET NOW"

ServerControl >> VALUE NOW [0] [0] [2504]

Client has executed command "GET NOW"

ServerControl >> VALUE NOW [0] [0] [2510]

GET NOW
Client has executed command "GET NOW"

ServerControl >> VALUE NOW [0] [0] [2514]

Client has executed command "GET NOW"

ServerControl >> VALUE NOW [0] [0] [2520]

Client has executed command "players"

Failed to find any players.

GET NOW
Client has executed command "GET NOW"

ServerControl >> VALUE NOW [0] [0] [2524]

Client has executed command "GET NOW"
ServerControl >> VALUE NOW [0] [0] [2530]

GET NOW
Client has executed command "GET NOW"

ServerControl >> VALUE NOW [0] [0] [2535]

MessageAnnouncer >> Broadcast: vk.com/unturned_hgm - цены на премиум, VIP и другие услуги смотрите в группе!

MessageAnnouncer >> vk.com/unturned_hgm - цены на премиум, VIP и другие услуги смотрите в группе!

Client has executed command "GET NOW"

ServerControl >> VALUE NOW [0] [0] [2540]

Client has executed command "players"

GET NOW
Failed to find any players.

Client has executed command "GET NOW"
ServerControl >> VALUE NOW [0] [0] [2545]

Client has executed command "GET NOW"

ServerControl >> VALUE NOW [0] [0] [2550]

GET NOW
Client has executed command "GET NOW"

ServerControl >> VALUE NOW [0] [0] [2555]

Client has executed command "GET NOW"

ServerControl >> VALUE NOW [0] [0] [2560]

Client has executed command "players"

Failed to find any players.

GET NOW
Client has executed command "GET NOW"

ServerControl >> VALUE NOW [0] [0] [2565]

Client has executed command "GET NOW"

ServerControl >> VALUE NOW [0] [0] [2570]

GET NOW
Client has executed command "GET NOW"

ServerControl >> VALUE NOW [0] [0] [2575]

Client has executed command "GET NOW"

ServerControl >> VALUE NOW [0] [0] [2580]

Client has executed command "players"

Failed to find any players.

GET NOW
Client has executed command "GET NOW"

ServerControl >> VALUE NOW [0] [0] [2585]

Client has executed command "GET NOW"

ServerControl >> VALUE NOW [0] [0] [2590]

GET NOW
Client has executed command "GET NOW"

ServerControl >> VALUE NOW [0] [0] [2595]

MessageAnnouncer >> Broadcast: Наберите /kit claim, чтобы получить Claim Flag

MessageAnnouncer >> Наберите /kit claim, чтобы получить Claim Flag

Client has executed command "GET NOW"
ServerControl >> VALUE NOW [0] [0] [2600]

GET NOW
Client has executed command "GET NOW"

ServerControl >> VALUE NOW [0] [0] [2605]

Client has executed command "players"

Failed to find any players.

Client has executed command "GET NOW"

ServerControl >> VALUE NOW [0] [0] [2610]

GET NOW
Client has executed command "GET NOW"

ServerControl >> VALUE NOW [0] [0] [2615]

Client has executed command "GET NOW"

ServerControl >> VALUE NOW [0] [0] [2620]

GET NOW
Client has executed command "GET NOW"

ServerControl >> VALUE NOW [0] [0] [2625]

Client has executed command "players"

Failed to find any players.

Client has executed command "GET NOW"

ServerControl >> VALUE NOW [0] [0] [2630]

GET NOW
Client has executed command "GET NOW"

ServerControl >> VALUE NOW [0] [0] [2635]

Client has executed command "GET NOW"

ServerControl >> VALUE NOW [0] [0] [2640]

GET NOW
Client has executed command "GET NOW"

ServerControl >> VALUE NOW [0] [0] [2645]

Client has executed command "players"

Failed to find any players.

Client has executed command "GET NOW"

ServerControl >> VALUE NOW [0] [0] [2650]

GET NOW
Client has executed command "GET NOW"

ServerControl >> VALUE NOW [0] [0] [2655]

MessageAnnouncer >> Broadcast: Если модератор ведёт себя неподобающе, пишите в группу или ЛС (vk.com/unturned_hgm, vk.com/hemulgm)

MessageAnnouncer >> Если модератор ведёт себя неподобающе, пишите в группу или ЛС (vk.com/unturned_hgm, vk.com/hemulgm)

Client has executed command "GET NOW"

ServerControl >> VALUE NOW [0] [0] [2660]

GET NOW
Client has executed command "GET NOW"

ServerControl >> VALUE NOW [0] [0] [2665]

Client has executed command "players"

Failed to find any players.

Client has executed command "GET NOW"

ServerControl >> VALUE NOW [0] [0] [2670]

GET NOW
Client has executed command "GET NOW"

ServerControl >> VALUE NOW [0] [0] [2675]

Client has executed command "GET NOW"
ServerControl >> VALUE NOW [0] [0] [2680]

GET NOW
Client has executed command "GET NOW"

ServerControl >> VALUE NOW [0] [0] [2686]

Client has executed command "players"

Failed to find any players.

Client has executed command "GET NOW"

ServerControl >> VALUE NOW [0] [0] [2690]

GET NOW
Client has executed command "GET NOW"

ServerControl >> VALUE NOW [0] [0] [2696]

Client has executed command "GET NOW"

ServerControl >> VALUE NOW [0] [0] [2700]

GET NOW
Client has executed command "GET NOW"

ServerControl >> VALUE NOW [0] [0] [2706]

Client has executed command "players"

Failed to find any players.

Client has executed command "GET NOW"

ServerControl >> VALUE NOW [0] [0] [2710]

MessageAnnouncer >> Broadcast: Посетите наш сайт. Вы будете удивлены! unturned.hemulgm.ru

MessageAnnouncer >> Посетите наш сайт. Вы будете удивлены! unturned.hemulgm.ru

GET NOW
Client has executed command "GET NOW"

ServerControl >> VALUE NOW [0] [0] [2716]

Client has executed command "GET NOW"

ServerControl >> VALUE NOW [0] [0] [2720]

GET NOW
Client has executed command "GET NOW"

ServerControl >> VALUE NOW [0] [0] [2726]

Client has executed command "players"
Failed to find any players.

Client has executed command "GET NOW"

ServerControl >> VALUE NOW [0] [0] [2730]

GET NOW
Client has executed command "GET NOW"

ServerControl >> VALUE NOW [0] [0] [2736]

Client has executed command "GET NOW"

ServerControl >> VALUE NOW [0] [0] [2740]

GET NOW
Client has executed command "GET NOW"

ServerControl >> VALUE NOW [0] [0] [2746]

Client has executed command "players"
Failed to find any players.

Client has executed command "GET NOW"

ServerControl >> VALUE NOW [0] [0] [2750]

GET NOW
Client has executed command "GET NOW"

ServerControl >> VALUE NOW [0] [0] [2756]

Client has executed command "GET NOW"

ServerControl >> VALUE NOW [0] [0] [2760]

GET NOW
Client has executed command "GET NOW"

ServerControl >> VALUE NOW [0] [0] [2766]

Client has executed command "players"

Failed to find any players.

Client has executed command "GET NOW"
ServerControl >> VALUE NOW [0] [0] [2770]

MessageAnnouncer >> Broadcast: vk.com/hemulgm - ЕДИНСТВЕННЫЙ администратор сервера

MessageAnnouncer >> vk.com/hemulgm - ЕДИНСТВЕННЫЙ администратор сервера

GET NOW
Client has executed command "GET NOW"

ServerControl >> VALUE NOW [0] [0] [2776]

Client has executed command "GET NOW"

ServerControl >> VALUE NOW [0] [0] [2780]

GET NOW
Client has executed command "GET NOW"

ServerControl >> VALUE NOW [0] [0] [2786]

Client has executed command "players"

Failed to find any players.

Client has executed command "GET NOW"

ServerControl >> VALUE NOW [0] [0] [2790]

GET NOW
Client has executed command "GET NOW"

ServerControl >> VALUE NOW [0] [0] [2796]

Client has executed command "GET NOW"

ServerControl >> VALUE NOW [0] [0] [2800]

GET NOW
Client has executed command "GET NOW"

ServerControl >> VALUE NOW [0] [0] [2806]

Client has executed command "players"

Failed to find any players.

Client has executed command "GET NOW"

ServerControl >> VALUE NOW [0] [0] [2810]

GET NOW
Client has executed command "GET NOW"

ServerControl >> VALUE NOW [0] [0] [2816]

Client has executed command "GET NOW"

ServerControl >> VALUE NOW [0] [0] [2820]

GET NOW
Client has executed command "GET NOW"

ServerControl >> VALUE NOW [0] [0] [2826]

Client has executed command "players"

Failed to find any players.

Client has executed command "GET NOW"

ServerControl >> VALUE NOW [0] [0] [2830]

MessageAnnouncer >> Broadcast: Используйте /report [ник], чтобы отправить жалобу на игрока

MessageAnnouncer >> Используйте /report [ник], чтобы отправить жалобу на игрока

GET NOW
Client has executed command "GET NOW"

ServerControl >> VALUE NOW [0] [0] [2836]

Client has executed command "GET NOW"

ServerControl >> VALUE NOW [0] [0] [2840]

GET NOW
Client has executed command "GET NOW"

ServerControl >> VALUE NOW [0] [0] [2846]

Client has executed command "GET NOW"
ServerControl >> VALUE NOW [0] [0] [2850]

Client has executed command "players"

Failed to find any players.

Client has executed command "cchat "/33/09/17/04/17/15/16 /24/05/17/05/08 2 /24. " 255 255 0"

ServerControl >> Broadcast: Аирдроп через 2 ч.

Не обработано: ServerControl >> Broadcast: Аирдроп через 2 ч.
GET NOW
Client has executed command "GET NOW"

ServerControl >> VALUE NOW [0] [0] [2856]

Client has executed command "GET NOW"

ServerControl >> VALUE NOW [0] [0] [2860]

GET NOW
Client has executed command "GET NOW"

ServerControl >> VALUE NOW [0] [0] [2866]

Client has executed command "GET NOW"

ServerControl >> VALUE NOW [0] [0] [2870]

Client has executed command "players"

Failed to find any players.

GET NOW
Client has executed command "GET NOW"

ServerControl >> VALUE NOW [0] [0] [2876]

Client has executed command "GET NOW"

ServerControl >> VALUE NOW [0] [0] [2880]

GET NOW
Client has executed command "GET NOW"

ServerControl >> VALUE NOW [0] [0] [2886]

Client has executed command "GET NOW"

ServerControl >> VALUE NOW [0] [0] [2890]

Client has executed command "players"

Failed to find any players.
MessageAnnouncer >> Broadcast: Наберите /rules (/r) для просмотра правил
MessageAnnouncer >> Наберите /rules (/r) для просмотра правил

GET NOW
Client has executed command "GET NOW"

ServerControl >> VALUE NOW [0] [0] [2896]

Client has executed command "GET NOW"

ServerControl >> VALUE NOW [0] [0] [2900]

GET NOW
Client has executed command "GET NOW"

ServerControl >> VALUE NOW [0] [0] [2906]

Client has executed command "GET NOW"

ServerControl >> VALUE NOW [0] [0] [2910]

Client has executed command "players"

Failed to find any players.

GET NOW
Client has executed command "GET NOW"
ServerControl >> VALUE NOW [0] [0] [2918]

Client has executed command "GET NOW"

ServerControl >> VALUE NOW [0] [0] [2920]

GET NOW
Client has executed command "GET NOW"

ServerControl >> VALUE NOW [0] [0] [2928]

Client has executed command "GET NOW"

ServerControl >> VALUE NOW [0] [0] [2930]

Client has executed command "players"

Failed to find any players.

GET NOW
Client has executed command "GET NOW"

ServerControl >> VALUE NOW [0] [0] [2938]

Client has executed command "GET NOW"

ServerControl >> VALUE NOW [0] [0] [2940]

GET NOW
Client has executed command "GET NOW"

ServerControl >> VALUE NOW [0] [0] [2948]

Client has executed command "GET NOW"

ServerControl >> VALUE NOW [0] [0] [2950]

Client has executed command "players"

Failed to find any players.

MessageAnnouncer >> Broadcast: Добро пожаловать на HGM. Тут рады вам больше, чем на любом другом сервере!

MessageAnnouncer >> Добро пожаловать на HGM. Тут рады вам больше, чем на любом другом сервере!

GET NOW
Client has executed command "GET NOW"

ServerControl >> VALUE NOW [0] [0] [2958]

Client has executed command "GET NOW"
ServerControl >> VALUE NOW [0] [0] [2960]

GET NOW
Client has executed command "GET NOW"

ServerControl >> VALUE NOW [0] [0] [2968]

Client has executed command "GET NOW"

ServerControl >> VALUE NOW [0] [0] [2970]

Client has executed command "players"

Failed to find any players.

GET NOW
Client has executed command "GET NOW"

ServerControl >> VALUE NOW [0] [0] [2978]

Client has executed command "GET NOW"

ServerControl >> VALUE NOW [0] [0] [2980]

GET NOW
Client has executed command "GET NOW"

ServerControl >> VALUE NOW [0] [0] [2988]

Client has executed command "GET NOW"

ServerControl >> VALUE NOW [0] [0] [2990]

Client has executed command "players"

Failed to find any players.

GET NOW
Client has executed command "GET NOW"

ServerControl >> VALUE NOW [0] [0] [2998]

Client has executed command "GET NOW"

ServerControl >> VALUE NOW [0] [0] [3000]

GET NOW
Client has executed command "GET NOW"

ServerControl >> VALUE NOW [0] [0] [3008]

Client has executed command "GET NOW"

ServerControl >> VALUE NOW [0] [0] [3010]

Client has executed command "players"

Failed to find any players.

MessageAnnouncer >> Broadcast: Наберите /kit start, чтобы получить стартовый набор (еда, вода, топор)

MessageAnnouncer >> Наберите /kit start, чтобы получить стартовый набор (еда, вода, топор)

GET NOW
Client has executed command "GET NOW"

ServerControl >> VALUE NOW [0] [0] [3018]

Client has executed command "GET NOW"

ServerControl >> VALUE NOW [0] [0] [3020]

GET NOW
Client has executed command "GET NOW"

ServerControl >> VALUE NOW [0] [0] [3028]

Client has executed command "GET NOW"

ServerControl >> VALUE NOW [0] [0] [3030]

Client has executed command "players"

Failed to find any players.

GET NOW
Client has executed command "GET NOW"

ServerControl >> VALUE NOW [0] [0] [3038]

Client has executed command "GET NOW"

ServerControl >> VALUE NOW [0] [0] [3040]

GET NOW
Client has executed command "GET NOW"

ServerControl >> VALUE NOW [0] [0] [3048]

Client has executed command "GET NOW"

ServerControl >> VALUE NOW [0] [0] [3050]

Client has executed command "players"

Failed to find any players.

GET NOW
Client has executed command "GET NOW"

ServerControl >> VALUE NOW [0] [0] [3058]

Client has executed command "GET NOW"

ServerControl >> VALUE NOW [0] [0] [3060]

GET NOW
Client has executed command "GET NOW"

ServerControl >> VALUE NOW [0] [0] [3068]

Client has executed command "GET NOW"

ServerControl >> VALUE NOW [0] [0] [3070]

MessageAnnouncer >> Broadcast: Внимание! PvP-режим по субботам! PvP-режим!!!

MessageAnnouncer >> Внимание! PvP-режим по субботам! PvP-режим!!!

Client has executed command "players"

Failed to find any players.

GET NOW
Client has executed command "GET NOW"

ServerControl >> VALUE NOW [0] [0] [3078]

Client has executed command "GET NOW"

ServerControl >> VALUE NOW [0] [0] [3080]

GET NOW
Client has executed command "GET NOW"

ServerControl >> VALUE NOW [0] [0] [3088]

Client has executed command "GET NOW"

ServerControl >> VALUE NOW [0] [0] [3090]

Client has executed command "players"

Failed to find any players.

GET NOW
Client has executed command "GET NOW"

ServerControl >> VALUE NOW [0] [0] [3098]

Client has executed command "GET NOW"

ServerControl >> VALUE NOW [0] [0] [3100]

GET NOW
Client has executed command "GET NOW"

ServerControl >> VALUE NOW [0] [0] [3109]

Client has executed command "GET NOW"

ServerControl >> VALUE NOW [0] [0] [3110]

Client has executed command "players"

Failed to find any players.

GET NOW
Client has executed command "GET NOW"

ServerControl >> VALUE NOW [0] [0] [3119]

Client has executed command "GET NOW"

ServerControl >> VALUE NOW [0] [0] [3120]

GET NOW
Client has executed command "GET NOW"

ServerControl >> VALUE NOW [0] [0] [3129]

Client has executed command "GET NOW"

ServerControl >> VALUE NOW [0] [0] [3130]

MessageAnnouncer >> Broadcast: vk.com/unturned_hgm - группа сервера ВК, уникальный кит в записи!

MessageAnnouncer >> vk.com/unturned_hgm - группа сервера ВК, уникальный кит в записи!

Client has executed command "players"

Failed to find any players.

GET NOW
Client has executed command "GET NOW"

ServerControl >> VALUE NOW [0] [0] [3139]

Client has executed command "GET NOW"

ServerControl >> VALUE NOW [0] [0] [3140]

GET NOW
Client has executed command "GET NOW"

ServerControl >> VALUE NOW [0] [0] [3149]

Client has executed command "GET NOW"
ServerControl >> VALUE NOW [0] [0] [3150]

Client has executed command "players"

Failed to find any players.

GET NOW
Client has executed command "GET NOW"

ServerControl >> VALUE NOW [0] [0] [3159]

Client has executed command "GET NOW"

ServerControl >> VALUE NOW [0] [0] [3160]

GET NOW
Client has executed command "GET NOW"

ServerControl >> VALUE NOW [0] [0] [3169]

Client has executed command "GET NOW"

ServerControl >> VALUE NOW [0] [0] [3170]

Client has executed command "players"

Failed to find any players.

GET NOW
Client has executed command "GET NOW"

ServerControl >> VALUE NOW [0] [0] [3179]

Client has executed command "GET NOW"

ServerControl >> VALUE NOW [0] [0] [3180]

GET NOW
Client has executed command "GET NOW"

ServerControl >> VALUE NOW [0] [0] [3189]

Client has executed command "GET NOW"

ServerControl >> VALUE NOW [0] [0] [3190]

MessageAnnouncer >> Broadcast: Посетите наш сайт. Вы будете удивлены! unturned.hemulgm.ru

MessageAnnouncer >> Посетите наш сайт. Вы будете удивлены! unturned.hemulgm.ru

Client has executed command "players"

Failed to find any players.

GET NOW
Client has executed command "GET NOW"

ServerControl >> VALUE NOW [0] [0] [3199]

Client has executed command "GET NOW"

ServerControl >> VALUE NOW [0] [0] [3200]

GET NOW
Client has executed command "GET NOW"

ServerControl >> VALUE NOW [0] [0] [3209]

Client has executed command "GET NOW"

ServerControl >> VALUE NOW [0] [0] [3210]

GET NOW
Client has executed command "GET NOW"

ServerControl >> VALUE NOW [0] [0] [3219]
Client has executed command "players"
Failed to find any players.

Client has executed command "GET NOW"

ServerControl >> VALUE NOW [0] [0] [3220]

GET NOW
Client has executed command "GET NOW"

ServerControl >> VALUE NOW [0] [0] [3229]

Client has executed command "GET NOW"

ServerControl >> VALUE NOW [0] [0] [3230]

GET NOW
Client has executed command "GET NOW"

ServerControl >> VALUE NOW [0] [0] [3239]

Client has executed command "players"

Failed to find any players.

Client has executed command "GET NOW"

ServerControl >> VALUE NOW [0] [0] [3240]

GET NOW
Client has executed command "GET NOW"

ServerControl >> VALUE NOW [0] [0] [3249]

Client has executed command "GET NOW"

ServerControl >> VALUE NOW [0] [0] [3250]

MessageAnnouncer >> Broadcast: Наберите /kit help, чтобы получить первую мед. помощь (бинты, таблетки, еда)
MessageAnnouncer >> Наберите /kit help, чтобы получить первую мед. помощь (бинты, таблетки, еда)

GET NOW
Client has executed command "GET NOW"

ServerControl >> VALUE NOW [0] [0] [3259]

Client has executed command "players"

Failed to find any players.

Client has executed command "GET NOW"

ServerControl >> VALUE NOW [0] [0] [3260]

GET NOW
Client has executed command "GET NOW"

ServerControl >> VALUE NOW [0] [0] [3269]

Client has executed command "GET NOW"

ServerControl >> VALUE NOW [0] [0] [3270]

GET NOW
Client has executed command "GET NOW"

ServerControl >> VALUE NOW [0] [0] [3279]

Client has executed command "players"

Failed to find any players.

Client has executed command "GET NOW"

ServerControl >> VALUE NOW [0] [0] [3280]

GET NOW
Client has executed command "GET NOW"

ServerControl >> VALUE NOW [0] [0] [3289]

Client has executed command "GET NOW"

ServerControl >> VALUE NOW [0] [0] [3290]

GET NOW
Client has executed command "GET NOW"

ServerControl >> VALUE NOW [0] [0] [3299]

Client has executed command "GET NOW"

ServerControl >> VALUE NOW [0] [0] [3300]

Client has executed command "players"

Failed to find any players.

GET NOW
Client has executed command "GET NOW"

ServerControl >> VALUE NOW [0] [0] [3309]

Client has executed command "GET NOW"

ServerControl >> VALUE NOW [0] [0] [3310]

MessageAnnouncer >> Broadcast: vk.com/unturned_hgm - цены на премиум, VIP и другие услуги смотрите в группе!

MessageAnnouncer >> vk.com/unturned_hgm - цены на премиум, VIP и другие услуги смотрите в группе!

GET NOW
Client has executed command "GET NOW"

ServerControl >> VALUE NOW [0] [0] [3319]

Client has executed command "GET NOW"

ServerControl >> VALUE NOW [0] [0] [3320]

Client has executed command "players"

Failed to find any players.

GET NOW
Client has executed command "GET NOW"

ServerControl >> VALUE NOW [0] [0] [3329]

Client has executed command "GET NOW"

ServerControl >> VALUE NOW [0] [0] [3330]

GET NOW
Client has executed command "GET NOW"
ServerControl >> VALUE NOW [0] [0] [3339]

Client has executed command "GET NOW"

ServerControl >> VALUE NOW [0] [0] [3340]

Client has executed command "players"

Failed to find any players.

GET NOW
Client has executed command "GET NOW"

ServerControl >> VALUE NOW [0] [0] [3349]

Client has executed command "GET NOW"

ServerControl >> VALUE NOW [0] [0] [3350]

GET NOW
Client has executed command "GET NOW"

ServerControl >> VALUE NOW [0] [0] [3359]

Client has executed command "GET NOW"
ServerControl >> VALUE NOW [0] [0] [3360]

Client has executed command "players"

Failed to find any players.

GET NOW
Client has executed command "GET NOW"

ServerControl >> VALUE NOW [0] [0] [3369]

Client has executed command "GET NOW"

ServerControl >> VALUE NOW [0] [0] [3370]

MessageAnnouncer >> Broadcast: Наберите /kit claim, чтобы получить Claim Flag
MessageAnnouncer >> Наберите /kit claim, чтобы получить Claim Flag

GET NOW
Client has executed command "GET NOW"

ServerControl >> VALUE NOW [0] [0] [3379]

Client has executed command "GET NOW"

ServerControl >> VALUE NOW [0] [0] [3380]

Client has executed command "players"

Failed to find any players.

GET NOW
Client has executed command "GET NOW"
ServerControl >> VALUE NOW [0] [0] [3389]

Client has executed command "GET NOW"

ServerControl >> VALUE NOW [0] [0] [3390]

GET NOW
Client has executed command "GET NOW"

ServerControl >> VALUE NOW [0] [0] [3399]

Client has executed command "GET NOW"

ServerControl >> VALUE NOW [0] [0] [3400]

Client has executed command "players"

Failed to find any players.

GET NOW
Client has executed command "GET NOW"

ServerControl >> VALUE NOW [0] [0] [3409]

Client has executed command "GET NOW"

ServerControl >> VALUE NOW [0] [0] [3410]

GET NOW
Client has executed command "GET NOW"

ServerControl >> VALUE NOW [0] [0] [3419]

Client has executed command "GET NOW"

ServerControl >> VALUE NOW [0] [0] [3420]

PlayerInfoLib >> No expired player info records found for this batch.

Saving server

Сохранение сервера
Client has executed command "players"

Failed to find any players.

GET NOW
Client has executed command "GET NOW"

ServerControl >> VALUE NOW [0] [0] [3429]

Client has executed command "GET NOW"

ServerControl >> VALUE NOW [0] [0] [3430]

MessageAnnouncer >> Broadcast: Если модератор ведёт себя неподобающе, пишите в группу или ЛС (vk.com/unturned_hgm, vk.com/hemulgm)

MessageAnnouncer >> Если модератор ведёт себя неподобающе, пишите в группу или ЛС (vk.com/unturned_hgm, vk.com/hemulgm)

GET NOW
Client has executed command "GET NOW"

ServerControl >> VALUE NOW [0] [0] [3439]

Client has executed command "GET NOW"

ServerControl >> VALUE NOW [0] [0] [3440]

Client has executed command "players"

Failed to find any players.

GET NOW
Client has executed command "GET NOW"

ServerControl >> VALUE NOW [0] [0] [3449]

Client has executed command "GET NOW"

ServerControl >> VALUE NOW [0] [0] [3450]

Client has executed command "cchat "/33/09/17/04/17/15/16 /24/05/17/05/08 1 /24. 50 /13. " 255 255 0"

ServerControl >> Broadcast: Аирдроп через 1 ч. 50 м.

Не обработано: ServerControl >> Broadcast: Аирдроп через 1 ч. 50 м.
GET NOW
Client has executed command "GET NOW"

ServerControl >> VALUE NOW [0] [0] [3459]

Client has executed command "GET NOW"

ServerControl >> VALUE NOW [0] [0] [3460]

Client has executed command "players"

Failed to find any players.

GET NOW
Client has executed command "GET NOW"

ServerControl >> VALUE NOW [0] [0] [3469]

Client has executed command "GET NOW"

ServerControl >> VALUE NOW [0] [0] [3470]

GET NOW
Client has executed command "GET NOW"

ServerControl >> VALUE NOW [0] [0] [3479]

Client has executed command "GET NOW"

ServerControl >> VALUE NOW [0] [0] [3480]

Client has executed command "players"

GET NOW
Failed to find any players.
Client has executed command "GET NOW"
ServerControl >> VALUE NOW [0] [0] [3490]

Client has executed command "GET NOW"

ServerControl >> VALUE NOW [0] [0] [3490]

MessageAnnouncer >> Broadcast: Посетите наш сайт. Вы будете удивлены! unturned.hemulgm.ru

MessageAnnouncer >> Посетите наш сайт. Вы будете удивлены! unturned.hemulgm.ru

Client has executed command "GET NOW"

ServerControl >> VALUE NOW [0] [0] [3500]

GET NOW
Client has executed command "GET NOW"

ServerControl >> VALUE NOW [0] [0] [3500]

Client has executed command "players"

Failed to find any players.

Client has executed command "GET NOW"

ServerControl >> VALUE NOW [0] [0] [3510]

GET NOW
Client has executed command "GET NOW"

ServerControl >> VALUE NOW [0] [0] [3510]

Client has executed command "GET NOW"

ServerControl >> VALUE NOW [0] [0] [3520]

GET NOW
Client has executed command "GET NOW"

ServerControl >> VALUE NOW [0] [0] [3520]

Client has executed command "players"

Failed to find any players.

Client has executed command "GET NOW"

ServerControl >> VALUE NOW [0] [0] [3530]

GET NOW
Client has executed command "GET NOW"

ServerControl >> VALUE NOW [0] [0] [3530]

Client has executed command "GET NOW"

ServerControl >> VALUE NOW [0] [0] [3540]

GET NOW
Client has executed command "GET NOW"

ServerControl >> VALUE NOW [0] [0] [3540]

Client has executed command "players"

Failed to find any players.

Client has executed command "GET NOW"

ServerControl >> VALUE NOW [0] [0] [3550]

GET NOW
Client has executed command "GET NOW"

ServerControl >> VALUE NOW [0] [0] [3550]

MessageAnnouncer >> Broadcast: vk.com/hemulgm - ЕДИНСТВЕННЫЙ администратор сервера

MessageAnnouncer >> vk.com/hemulgm - ЕДИНСТВЕННЫЙ администратор сервера

Client has executed command "GET NOW"

ServerControl >> VALUE NOW [0] [0] [3560]

GET NOW
Client has executed command "GET NOW"

ServerControl >> VALUE NOW [0] [0] [3560]

Client has executed command "players"

Failed to find any players.

Client has executed command "GET NOW"

ServerControl >> VALUE NOW [0] [0] [3570]

GET NOW
Client has executed command "GET NOW"

ServerControl >> VALUE NOW [0] [0] [3570]

