RocketRcon v2.4.8.0

login aVIPs22031994
players
Client has executed command "players"
Players:
PlayerID: 76561198301131571 Name: PogChamp Character: Тише Будь! Ping: 147
PlayerID: 76561198360077099 Name: BJIOXA Character: BJIOXA Ping: 85
PlayerID: 76561198242496136 Name: _Official_Group_GameGuardian_ Character: mer_1560 Ping: 31
PlayerID: 76561198190664649 Name: Енот Ракета Character: Foxy Ping: 73
PlayerID: 76561198245870076 Name: 0|TheGangstar|0 Character: Nyan Bread Ping: 81
PlayerID: 76561198366549870 Name: Expert13372284200 Character: Expert1337 Ping: 171
Client has executed command "players"
Players:
PlayerID: 76561198301131571 Name: PogChamp Character: Тише Будь! Ping: 150
PlayerID: 76561198360077099 Name: BJIOXA Character: BJIOXA Ping: 85
PlayerID: 76561198242496136 Name: _Official_Group_GameGuardian_ Character: mer_1560 Ping: 34
PlayerID: 76561198190664649 Name: Енот Ракета Character: Foxy Ping: 80
PlayerID: 76561198245870076 Name: 0|TheGangstar|0 Character: Nyan Bread Ping: 86
PlayerID: 76561198366549870 Name: Expert13372284200 Character: Expert1337 Ping: 171

END
Client has executed command "bans"

Bans:
PlayerID: 76561197966773788
JudgeID: 0
Reason: 900000 Duration: 31536000 Remaining: 28169754
PlayerID: 76561198336969313
JudgeID: 0
Reason: reid Duration: 604800 Remaining: 284987
PlayerID: 76561198212486347
JudgeID: 0
Reason: reid Duration: 604800 Remaining: 285318
PlayerID: 76561198391097237
JudgeID: 0
Reason: reid Duration: 604800 Remaining: 447805
PlayerID: 76561198190667017
JudgeID: 0
Reason: cheater Duration: 31104000 Remaining: 31050032
PlayerID: 76561198374710965
JudgeID: 0
Reason: cheater Duration: 31104000 Remaining: 31050048

END
Client has executed command "bans"

Bans:
PlayerID: 76561197966773788
JudgeID: 0
Reason: 900000 Duration: 31536000 Remaining: 28169754
PlayerID: 76561198336969313
JudgeID: 0
Reason: reid Duration: 604800 Remaining: 284987
PlayerID: 76561198212486347
JudgeID: 0
Reason: reid Duration: 604800 Remaining: 285318
PlayerID: 76561198391097237
JudgeID: 0
Reason: reid Duration: 604800 Remaining: 447805
PlayerID: 76561198190667017
JudgeID: 0
Reason: cheater Duration: 31104000 Remaining: 31050032
PlayerID: 76561198374710965
JudgeID: 0
Reason: cheater Duration: 31104000 Remaining: 31050048

END
END
[World] Тише Будь! [PogChamp]: "У меня 100 тыс)"

