RocketRcon v2.4.8.0

login aVIPs22031994
players
Client has executed command "players"
Players:
PlayerID: 76561198424120093 Name: Knockout1Demscouts Character: Knockout1Demscouts Ping: 195

Client has executed command "bans"
Bans:
PlayerID: 76561197966773788
JudgeID: 0
Reason: 900000 Duration: 31536000 Remaining: 27999337
PlayerID: 76561198336969313
JudgeID: 0
Reason: reid Duration: 604800 Remaining: 114570
PlayerID: 76561198212486347
JudgeID: 0
Reason: reid Duration: 604800 Remaining: 114901
PlayerID: 76561198391097237
JudgeID: 0
Reason: reid Duration: 604800 Remaining: 277388
PlayerID: 76561198190667017
JudgeID: 0
Reason: cheater Duration: 31104000 Remaining: 30879615
PlayerID: 76561198374710965
JudgeID: 0
Reason: cheater Duration: 31104000 Remaining: 30879631

END
Client has executed command "GET NOW"
ServerControl >> VALUE NOW [0] [1] [2531]

END
Client has executed command "players"

Players:
PlayerID: 76561198424120093 Name: Knockout1Demscouts Character: Knockout1Demscouts Ping: 185

Client has executed command "bans"

Bans:
PlayerID: 76561197966773788
JudgeID: 0
Reason: 900000 Duration: 31536000 Remaining: 27999328
PlayerID: 76561198336969313
JudgeID: 0
Reason: reid Duration: 604800 Remaining: 114561
PlayerID: 76561198212486347
JudgeID: 0
Reason: reid Duration: 604800 Remaining: 114892
PlayerID: 76561198391097237
JudgeID: 0
Reason: reid Duration: 604800 Remaining: 277379
PlayerID: 76561198190667017
JudgeID: 0
Reason: cheater Duration: 31104000 Remaining: 30879606
PlayerID: 76561198374710965
JudgeID: 0
Reason: cheater Duration: 31104000 Remaining: 30879622

END
Client has executed command "GET NOW"

ServerControl >> VALUE NOW [0] [1] [2541]

END
GET NOW
Client has executed command "GET NOW"

ServerControl >> VALUE NOW [0] [1] [2543]

Client has executed command "GET NOW"

ServerControl >> VALUE NOW [0] [1] [2551]

GET NOW
Client has executed command "GET NOW"

ServerControl >> VALUE NOW [0] [1] [2553]

Client has executed command "players"

Players:
PlayerID: 76561198424120093 Name: Knockout1Demscouts Character: Knockout1Demscouts Ping: 203

Client has executed command "bans"

Bans:
PlayerID: 76561197966773788
JudgeID: 0
Reason: 900000 Duration: 31536000 Remaining: 27999308
PlayerID: 76561198336969313
JudgeID: 0
Reason: reid Duration: 604800 Remaining: 114541
PlayerID: 76561198212486347
JudgeID: 0
Reason: reid Duration: 604800 Remaining: 114872
PlayerID: 76561198391097237
JudgeID: 0
Reason: reid Duration: 604800 Remaining: 277359
PlayerID: 76561198190667017
JudgeID: 0
Reason: cheater Duration: 31104000 Remaining: 30879586
PlayerID: 76561198374710965
JudgeID: 0
Reason: cheater Duration: 31104000 Remaining: 30879602

END
Client has executed command "GET NOW"

ServerControl >> VALUE NOW [0] [1] [2561]

END
GET NOW
Client has executed command "GET NOW"

ServerControl >> VALUE NOW [0] [1] [2563]

Client has executed command "GET NOW"

ServerControl >> VALUE NOW [0] [1] [2571]

MessageAnnouncer >> Broadcast: Если модератор ведёт себя неподобающе, пишите в группу или ЛС (vk.com/unturned_hgm, vk.com/hemulgm)

MessageAnnouncer >> Если модератор ведёт себя неподобающе, пишите в группу или ЛС (vk.com/unturned_hgm, vk.com/hemulgm)

GET NOW
Client has executed command "GET NOW"

ServerControl >> VALUE NOW [0] [1] [2573]

Client has executed command "players"

Players:
PlayerID: 76561198424120093 Name: Knockout1Demscouts Character: Knockout1Demscouts Ping: 201

Client has executed command "bans"

Bans:
PlayerID: 76561197966773788
JudgeID: 0
Reason: 900000 Duration: 31536000 Remaining: 27999288
PlayerID: 76561198336969313
JudgeID: 0
Reason: reid Duration: 604800 Remaining: 114521
PlayerID: 76561198212486347
JudgeID: 0
Reason: reid Duration: 604800 Remaining: 114852
PlayerID: 76561198391097237
JudgeID: 0
Reason: reid Duration: 604800 Remaining: 277339
PlayerID: 76561198190667017
JudgeID: 0
Reason: cheater Duration: 31104000 Remaining: 30879566
PlayerID: 76561198374710965
JudgeID: 0
Reason: cheater Duration: 31104000 Remaining: 30879582

END
Client has executed command "GET NOW"

ServerControl >> VALUE NOW [0] [1] [2581]

END
GET NOW
Client has executed command "GET NOW"

ServerControl >> VALUE NOW [0] [1] [2583]

Client has executed command "GET NOW"

ServerControl >> VALUE NOW [0] [1] [2591]

