RocketRcon v2.4.8.0

login aVIPs22031994
players
Client has executed command "players"
Players:
PlayerID: 76561198423084997 Name: lovemariina Character: 228ff Ping: 136
PlayerID: 76561198408019916 Name: slava.fan555 Character: Славик Cухоруков Ping: 101
PlayerID: 76561198444494613 Name: vladkrut22 Character: Aня Ping: 183
PlayerID: 76561198366549870 Name: Expert13372284200 Character: Expert1337 Ping: 160
PlayerID: 76561198177412437 Name: Korak Character: Korak Ping: 144
PlayerID: 76561198385149949 Name: GoDNooB Character: Рамен Маджор Ping: 128
MessageAnnouncer >> Broadcast: Используйте /report [ник], чтобы отправить жалобу на игрока
MessageAnnouncer >> Используйте /report [ник], чтобы отправить жалобу на игрока

Client has executed command "bans"
Bans:
PlayerID: 76561197966773788
JudgeID: 0
Reason: 900000 Duration: 31536000 Remaining: 27646441
PlayerID: 76561198190667017
JudgeID: 0
Reason: cheater Duration: 31104000 Remaining: 30526719
PlayerID: 76561198374710965
JudgeID: 0
Reason: cheater Duration: 31104000 Remaining: 30526735

END
Client has executed command "GET NOW"
ServerControl >> VALUE NOW [1] [0] [1543]
Client has executed command "players"
Players:
PlayerID: 76561198423084997 Name: lovemariina Character: 228ff Ping: 132
PlayerID: 76561198408019916 Name: slava.fan555 Character: Славик Cухоруков Ping: 70
PlayerID: 76561198444494613 Name: vladkrut22 Character: Aня Ping: 207
PlayerID: 76561198366549870 Name: Expert13372284200 Character: Expert1337 Ping: 160
PlayerID: 76561198177412437 Name: Korak Character: Korak Ping: 136
PlayerID: 76561198385149949 Name: GoDNooB Character: Рамен Маджор Ping: 132

END
Client has executed command "bans"

Bans:
PlayerID: 76561197966773788
JudgeID: 0
Reason: 900000 Duration: 31536000 Remaining: 27646438
PlayerID: 76561198190667017
JudgeID: 0
Reason: cheater Duration: 31104000 Remaining: 30526716
PlayerID: 76561198374710965
JudgeID: 0
Reason: cheater Duration: 31104000 Remaining: 30526732

END
END
[World] Expert1337 [Expert13372284200]: "залезут"

Client has executed command "GET NOW"

ServerControl >> VALUE NOW [1] [0] [1553]

GET NOW
Client has executed command "GET NOW"

ServerControl >> VALUE NOW [1] [0] [1555]

Client has executed command "GET NOW"

ServerControl >> VALUE NOW [1] [0] [1563]

[World] Expert1337 [Expert13372284200]: "окно..."

Client has executed command "players"

Players:
PlayerID: 76561198423084997 Name: lovemariina Character: 228ff Ping: 156
PlayerID: 76561198408019916 Name: slava.fan555 Character: Славик Cухоруков Ping: 78
PlayerID: 76561198444494613 Name: vladkrut22 Character: Aня Ping: 207
PlayerID: 76561198366549870 Name: Expert13372284200 Character: Expert1337 Ping: 160
PlayerID: 76561198177412437 Name: Korak Character: Korak Ping: 140
PlayerID: 76561198385149949 Name: GoDNooB Character: Рамен Маджор Ping: 128

GET NOW
Client has executed command "GET NOW"

ServerControl >> VALUE NOW [1] [0] [1565]

Client has executed command "bans"

Bans:
PlayerID: 76561197966773788
JudgeID: 0
Reason: 900000 Duration: 31536000 Remaining: 27646416
PlayerID: 76561198190667017
JudgeID: 0
Reason: cheater Duration: 31104000 Remaining: 30526694
PlayerID: 76561198374710965
JudgeID: 0
Reason: cheater Duration: 31104000 Remaining: 30526710

END
END
[World] Expert1337 [Expert13372284200]: "стекло..."

Client has executed command "GET NOW"

ServerControl >> VALUE NOW [1] [0] [1573]

GET NOW
Client has executed command "GET NOW"

ServerControl >> VALUE NOW [1] [0] [1575]

[World] Expert1337 [Expert13372284200]: "я дам"

Client has executed command "GET NOW"

ServerControl >> VALUE NOW [1] [0] [1583]

Client has executed command "players"

Players:
PlayerID: 76561198423084997 Name: lovemariina Character: 228ff Ping: 140
PlayerID: 76561198408019916 Name: slava.fan555 Character: Славик Cухоруков Ping: 85
PlayerID: 76561198444494613 Name: vladkrut22 Character: Aня Ping: 171
PlayerID: 76561198366549870 Name: Expert13372284200 Character: Expert1337 Ping: 148
PlayerID: 76561198177412437 Name: Korak Character: Korak Ping: 136
PlayerID: 76561198385149949 Name: GoDNooB Character: Рамен Маджор Ping: 156

GET NOW
Client has executed command "GET NOW"

ServerControl >> VALUE NOW [1] [0] [1585]

Client has executed command "bans"

Bans:
PlayerID: 76561197966773788
JudgeID: 0
Reason: 900000 Duration: 31536000 Remaining: 27646396
PlayerID: 76561198190667017
JudgeID: 0
Reason: cheater Duration: 31104000 Remaining: 30526674
PlayerID: 76561198374710965
JudgeID: 0

END
END
Reason: cheater Duration: 31104000 Remaining: 30526690

Не обработано: Reason: cheater Duration: 31104000 Remaining: 30526690
Client has executed command "GET NOW"
ServerControl >> VALUE NOW [1] [0] [1593]

GET NOW
Client has executed command "GET NOW"

ServerControl >> VALUE NOW [1] [0] [1595]

Disconnecting: PlayerID: 76561198385149949 Name: GoDNooB Character: Рамен Маджор

MessageAnnouncer >> Broadcast: Наберите /rules (/r) для просмотра правил

MessageAnnouncer >> Наберите /rules (/r) для просмотра правил

Client has executed command "GET NOW"

ServerControl >> VALUE NOW [1] [0] [1603]

Client has executed command "players"

Players:
PlayerID: 76561198423084997 Name: lovemariina Character: 228ff Ping: 144
PlayerID: 76561198408019916 Name: slava.fan555 Character: Славик Cухоруков Ping: 101
PlayerID: 76561198444494613 Name: vladkrut22 Character: Aня Ping: 218
PlayerID: 76561198366549870 Name: Expert13372284200 Character: Expert1337 Ping: 171
PlayerID: 76561198177412437 Name: Korak Character: Korak Ping: 148

GET NOW
Client has executed command "bans"

Bans:
PlayerID: 76561197966773788
JudgeID: 0
Reason: 900000 Duration: 31536000 Remaining: 27646378
PlayerID: 76561198190667017
JudgeID: 0
Reason: cheater Duration: 31104000 Remaining: 30526656
PlayerID: 76561198374710965
JudgeID: 0
Reason: cheater Duration: 31104000 Remaining: 30526672

END
Client has executed command "GET NOW"
ServerControl >> VALUE NOW [1] [0] [1605]

[World] Expert1337 [Expert13372284200]: "/i 286"

Дал Expert1337 вещь 286:1

Не обработано: Дал Expert1337 вещь 286:1
END
Client has executed command "GET NOW"

ServerControl >> VALUE NOW [1] [0] [1613]

GET NOW
Client has executed command "GET NOW"

ServerControl >> VALUE NOW [1] [0] [1615]

Client has executed command "cchat "/33/09/17/04/17/15/16 /24/05/17/05/08 3 /24. 20 /13. " 255 255 0"

ServerControl >> Broadcast: Аирдроп через 3 ч. 20 м.

Не обработано: ServerControl >> Broadcast: Аирдроп через 3 ч. 20 м.
Client has executed command "GET NOW"

ServerControl >> VALUE NOW [1] [0] [1624]

Client has executed command "players"

Players:
PlayerID: 76561198423084997 Name: lovemariina Character: 228ff Ping: 136
PlayerID: 76561198408019916 Name: slava.fan555 Character: Славик Cухоруков Ping: 70
PlayerID: 76561198444494613 Name: vladkrut22 Character: Aня Ping: 210
PlayerID: 76561198366549870 Name: Expert13372284200 Character: Expert1337 Ping: 160
PlayerID: 76561198177412437 Name: Korak Character: Korak Ping: 140

Client has executed command "bans"

GET NOW
Bans:
PlayerID: 76561197966773788
JudgeID: 0
Reason: 900000 Duration: 31536000 Remaining: 27646358
PlayerID: 76561198190667017
JudgeID: 0
Reason: cheater Duration: 31104000 Remaining: 30526636
PlayerID: 76561198374710965
JudgeID: 0
Reason: cheater Duration: 31104000 Remaining: 30526652

END
Client has executed command "GET NOW"

ServerControl >> VALUE NOW [1] [0] [1625]

END
Client has executed command "GET NOW"

ServerControl >> VALUE NOW [1] [0] [1634]

GET NOW
Client has executed command "GET NOW"

ServerControl >> VALUE NOW [1] [0] [1636]

[World] Aня [vladkrut22]: "/HOME"

Client has executed command "GET NOW"

ServerControl >> VALUE NOW [1] [0] [1644]

Client has executed command "players"

Players:
PlayerID: 76561198423084997 Name: lovemariina Character: 228ff Ping: 144
PlayerID: 76561198408019916 Name: slava.fan555 Character: Славик Cухоруков Ping: 58
PlayerID: 76561198444494613 Name: vladkrut22 Character: Aня Ping: 183
PlayerID: 76561198366549870 Name: Expert13372284200 Character: Expert1337 Ping: 156
PlayerID: 76561198177412437 Name: Korak Character: Korak Ping: 132

Client has executed command "bans"

Bans:
PlayerID: 76561197966773788
JudgeID: 0
Reason: 900000 Duration: 31536000 Remaining: 27646338
PlayerID: 76561198190667017
JudgeID: 0
Reason: cheater Duration: 31104000 Remaining: 30526616
PlayerID: 76561198374710965
JudgeID: 0

END
GET NOW
Reason: cheater Duration: 31104000 Remaining: 30526632
Client has executed command "GET NOW"
ServerControl >> VALUE NOW [1] [0] [1646]

END
Client has executed command "GET NOW"

ServerControl >> VALUE NOW [1] [0] [1654]

GET NOW
Client has executed command "GET NOW"

ServerControl >> VALUE NOW [1] [0] [1656]

Connecting: PlayerID: 76561198385149949 Name: GoDNooB Character: Рамен Маджор

Рамен Маджор connected with IP 213.87.131.175

MessageAnnouncer >> Broadcast: Добро пожаловать на HGM. Тут рады вам больше, чем на любом другом сервере!

MessageAnnouncer >> Добро пожаловать на HGM. Тут рады вам больше, чем на любом другом сервере!

Client has executed command "GET NOW"

ServerControl >> VALUE NOW [1] [0] [1664]

Client has executed command "players"

Players:
PlayerID: 76561198423084997 Name: lovemariina Character: 228ff Ping: 144
PlayerID: 76561198408019916 Name: slava.fan555 Character: Славик Cухоруков Ping: 70
PlayerID: 76561198444494613 Name: vladkrut22 Character: Aня Ping: 179
PlayerID: 76561198366549870 Name: Expert13372284200 Character: Expert1337 Ping: 164
PlayerID: 76561198177412437 Name: Korak Character: Korak Ping: 140
PlayerID: 76561198385149949 Name: GoDNooB Character: Рамен Маджор Ping: 0

Client has executed command "bans"

Bans:
PlayerID: 76561197966773788
JudgeID: 0
Reason: 900000 Duration: 31536000 Remaining: 27646318
PlayerID: 76561198190667017
JudgeID: 0
Reason: cheater Duration: 31104000 Remaining: 30526596
PlayerID: 76561198374710965
JudgeID: 0
Reason: cheater Duration: 31104000 Remaining: 30526612

END
GET NOW
Client has executed command "GET NOW"
ServerControl >> VALUE NOW [1] [0] [1666]

END
Disconnecting: PlayerID: 76561198385149949 Name: GoDNooB Character: Рамен Маджор

[World] Expert1337 [Expert13372284200]: "/give 1298/10"

Successfully gave Expert13372284200 1298 x10!

Client has executed command "GET NOW"

ServerControl >> VALUE NOW [1] [0] [1674]

GET NOW
Client has executed command "GET NOW"

ServerControl >> VALUE NOW [1] [0] [1676]

Client has executed command "GET NOW"

ServerControl >> VALUE NOW [1] [0] [1684]

Client has executed command "players"

Players:
PlayerID: 76561198423084997 Name: lovemariina Character: 228ff Ping: 132
PlayerID: 76561198408019916 Name: slava.fan555 Character: Славик Cухоруков Ping: 82
PlayerID: 76561198444494613 Name: vladkrut22 Character: Aня Ping: 171
PlayerID: 76561198366549870 Name: Expert13372284200 Character: Expert1337 Ping: 167
PlayerID: 76561198177412437 Name: Korak Character: Korak Ping: 140

[World] Expert1337 [Expert13372284200]: "'n ,fu"

GET NOW
Client has executed command "GET NOW"

ServerControl >> VALUE NOW [1] [0] [1686]

Client has executed command "bans"

Bans:
PlayerID: 76561197966773788
JudgeID: 0
Reason: 900000 Duration: 31536000 Remaining: 27646296
PlayerID: 76561198190667017
JudgeID: 0
Reason: cheater Duration: 31104000 Remaining: 30526574
PlayerID: 76561198374710965
JudgeID: 0
Reason: cheater Duration: 31104000 Remaining: 30526590

END
END
[World] Expert1337 [Expert13372284200]: "баг я знаю"

Client has executed command "GET NOW"

ServerControl >> VALUE NOW [1] [0] [1694]

GET NOW
Client has executed command "GET NOW"

ServerControl >> VALUE NOW [1] [0] [1696]

Client has executed command "GET NOW"

ServerControl >> VALUE NOW [1] [0] [1704]

Client has executed command "players"

Players:
PlayerID: 76561198423084997 Name: lovemariina Character: 228ff Ping: 136
PlayerID: 76561198408019916 Name: slava.fan555 Character: Славик Cухоруков Ping: 93
PlayerID: 76561198444494613 Name: vladkrut22 Character: Aня Ping: 175
PlayerID: 76561198366549870 Name: Expert13372284200 Character: Expert1337 Ping: 171
PlayerID: 76561198177412437 Name: Korak Character: Korak Ping: 144

Client has executed command "bans"

Bans:
PlayerID: 76561197966773788
JudgeID: 0
Reason: 900000 Duration: 31536000 Remaining: 27646277
PlayerID: 76561198190667017
JudgeID: 0
Reason: cheater Duration: 31104000 Remaining: 30526555
PlayerID: 76561198374710965
JudgeID: 0
Reason: cheater Duration: 31104000 Remaining: 30526571

END
GET NOW
Client has executed command "GET NOW"

ServerControl >> VALUE NOW [1] [0] [1706]

END
[World] Expert1337 [Expert13372284200]: "со стенками так тож можно"

Client has executed command "GET NOW"

ServerControl >> VALUE NOW [1] [0] [1714]

GET NOW
Client has executed command "GET NOW"

ServerControl >> VALUE NOW [1] [0] [1716]

MessageAnnouncer >> Broadcast: Наберите /kit start, чтобы получить стартовый набор (еда, вода, топор)

MessageAnnouncer >> Наберите /kit start, чтобы получить стартовый набор (еда, вода, топор)

Client has executed command "GET NOW"

ServerControl >> VALUE NOW [1] [0] [1724]

Client has executed command "players"

Players:
PlayerID: 76561198423084997 Name: lovemariina Character: 228ff Ping: 128
PlayerID: 76561198408019916 Name: slava.fan555 Character: Славик Cухоруков Ping: 85
PlayerID: 76561198444494613 Name: vladkrut22 Character: Aня Ping: 179
PlayerID: 76561198366549870 Name: Expert13372284200 Character: Expert1337 Ping: 171
PlayerID: 76561198177412437 Name: Korak Character: Korak Ping: 152

Client has executed command "bans"

Bans:
PlayerID: 76561197966773788
JudgeID: 0
Reason: 900000 Duration: 31536000 Remaining: 27646257
PlayerID: 76561198190667017
JudgeID: 0
Reason: cheater Duration: 31104000 Remaining: 30526535
PlayerID: 76561198374710965
JudgeID: 0
Reason: cheater Duration: 31104000 Remaining: 30526551

END
GET NOW
Client has executed command "GET NOW"

ServerControl >> VALUE NOW [1] [0] [1726]

END
Client has executed command "GET NOW"

ServerControl >> VALUE NOW [1] [0] [1734]

GET NOW
Client has executed command "GET NOW"

ServerControl >> VALUE NOW [1] [0] [1736]

Client has executed command "GET NOW"

ServerControl >> VALUE NOW [1] [0] [1744]

Client has executed command "players"

Players:
PlayerID: 76561198423084997 Name: lovemariina Character: 228ff Ping: 136
PlayerID: 76561198408019916 Name: slava.fan555 Character: Славик Cухоруков Ping: 109
PlayerID: 76561198444494613 Name: vladkrut22 Character: Aня Ping: 167
PlayerID: 76561198366549870 Name: Expert13372284200 Character: Expert1337 Ping: 164
PlayerID: 76561198177412437 Name: Korak Character: Korak Ping: 144

Client has executed command "bans"

Bans:
PlayerID: 76561197966773788
JudgeID: 0
Reason: 900000 Duration: 31536000 Remaining: 27646237
PlayerID: 76561198190667017
JudgeID: 0
Reason: cheater Duration: 31104000 Remaining: 30526515
PlayerID: 76561198374710965
JudgeID: 0

END
GET NOW
Reason: cheater Duration: 31104000 Remaining: 30526531

Client has executed command "GET NOW"
ServerControl >> VALUE NOW [1] [0] [1746]

END
Client has executed command "GET NOW"

ServerControl >> VALUE NOW [1] [0] [1754]

GET NOW
Client has executed command "GET NOW"

ServerControl >> VALUE NOW [1] [0] [1756]

[World] Expert1337 [Expert13372284200]: "маленькая теретория"

Client has executed command "GET NOW"

ServerControl >> VALUE NOW [1] [0] [1764]

Client has executed command "players"

Players:
PlayerID: 76561198423084997 Name: lovemariina Character: 228ff Ping: 136
PlayerID: 76561198408019916 Name: slava.fan555 Character: Славик Cухоруков Ping: 85
PlayerID: 76561198444494613 Name: vladkrut22 Character: Aня Ping: 187
PlayerID: 76561198366549870 Name: Expert13372284200 Character: Expert1337 Ping: 171
PlayerID: 76561198177412437 Name: Korak Character: Korak Ping: 136

Client has executed command "bans"

Bans:
PlayerID: 76561197966773788
JudgeID: 0
Reason: 900000 Duration: 31536000 Remaining: 27646217
PlayerID: 76561198190667017
JudgeID: 0
Reason: cheater Duration: 31104000 Remaining: 30526495
PlayerID: 76561198374710965
JudgeID: 0

END
GET NOW
Reason: cheater Duration: 31104000 Remaining: 30526511

Client has executed command "GET NOW"
ServerControl >> VALUE NOW [1] [0] [1766]

END
Connecting: PlayerID: 76561198396880187 Name: AnimatorCMEPTU Character: AnimatorCMEPTU

AnimatorCMEPTU connected with IP 188.186.224.22

Client has executed command "GET NOW"
ServerControl >> VALUE NOW [1] [0] [1774]

GET NOW
Client has executed command "GET NOW"

ServerControl >> VALUE NOW [1] [0] [1776]

MessageAnnouncer >> Broadcast: Внимание! PvP-режим по субботам! PvP-режим!!!

MessageAnnouncer >> Внимание! PvP-режим по субботам! PvP-режим!!!

[World] Expert1337 [Expert13372284200]: "ну дом маленький на клановый не похож"

Client has executed command "GET NOW"

ServerControl >> VALUE NOW [1] [0] [1784]

Client has executed command "players"

Players:
PlayerID: 76561198423084997 Name: lovemariina Character: 228ff Ping: 136
PlayerID: 76561198408019916 Name: slava.fan555 Character: Славик Cухоруков Ping: 93
PlayerID: 76561198444494613 Name: vladkrut22 Character: Aня Ping: 203
PlayerID: 76561198366549870 Name: Expert13372284200 Character: Expert1337 Ping: 152
PlayerID: 76561198177412437 Name: Korak Character: Korak Ping: 144
PlayerID: 76561198396880187 Name: AnimatorCMEPTU Character: AnimatorCMEPTU Ping: 257

Client has executed command "bans"

Bans:
PlayerID: 76561197966773788
JudgeID: 0
Reason: 900000 Duration: 31536000 Remaining: 27646197
PlayerID: 76561198190667017
JudgeID: 0
Reason: cheater Duration: 31104000 Remaining: 30526475
PlayerID: 76561198374710965
JudgeID: 0
Reason: cheater Duration: 31104000 Remaining: 30526491

END
GET NOW
Client has executed command "GET NOW"

ServerControl >> VALUE NOW [1] [0] [1786]

END
GET NOW
Client has executed command "GET NOW"

ServerControl >> VALUE NOW [1] [0] [1793]

[World] AnimatorCMEPTU [AnimatorCMEPTU]: "эксперт привет"

Client has executed command "GET NOW"

ServerControl >> VALUE NOW [1] [0] [1794]

GET NOW
Client has executed command "GET NOW"

ServerControl >> VALUE NOW [1] [0] [1795]

GET NOW
Client has executed command "GET NOW"

ServerControl >> VALUE NOW [1] [0] [1796]

GET NOW
Client has executed command "GET NOW"

ServerControl >> VALUE NOW [1] [0] [1797]

GET NOW
Client has executed command "GET NOW"

ServerControl >> VALUE NOW [1] [0] [1799]

[World] AnimatorCMEPTU [AnimatorCMEPTU]: "помнишь меня?"

[World] Expert1337 [Expert13372284200]: "да больше надо в ширину"

Client has executed command "players"

Players:
PlayerID: 76561198423084997 Name: lovemariina Character: 228ff Ping: 136
PlayerID: 76561198408019916 Name: slava.fan555 Character: Славик Cухоруков Ping: 85
PlayerID: 76561198444494613 Name: vladkrut22 Character: Aня Ping: 179
PlayerID: 76561198366549870 Name: Expert13372284200 Character: Expert1337 Ping: 140
PlayerID: 76561198177412437 Name: Korak Character: Korak Ping: 140

PlayerID: 76561198396880187 Name: AnimatorCMEPTU Character: AnimatorCMEPTU Ping: 125
Client has executed command "GET NOW"

ServerControl >> VALUE NOW [1] [0] [1804]

Client has executed command "bans"

Bans:
PlayerID: 76561197966773788
JudgeID: 0
Reason: 900000 Duration: 31536000 Remaining: 27646177
PlayerID: 76561198190667017
JudgeID: 0
Reason: cheater Duration: 31104000 Remaining: 30526455
PlayerID: 76561198374710965
JudgeID: 0
Reason: cheater Duration: 31104000 Remaining: 30526471

END
GET NOW
Client has executed command "GET NOW"

ServerControl >> VALUE NOW [1] [0] [1806]

[World] Expert1337 [Expert13372284200]: "fuf gjvy."

END
[World] Expert1337 [Expert13372284200]: "да помню"

Client has executed command "GET NOW"

ServerControl >> VALUE NOW [1] [0] [1814]

GET NOW
Client has executed command "GET NOW"

ServerControl >> VALUE NOW [1] [0] [1816]

