RocketRcon v2.4.8.0

login aVIPs22031994
players
Client has executed command "players"
Players:
PlayerID: 76561198444494613 Name: vladkrigin Character: дима васильев Ping: 156
PlayerID: 76561198423084997 Name: lovemariina Character: Rendy Ping: 121

Client has executed command "GET NOW"
ServerControl >> VALUE NOW [0] [0] [2826]

Client has executed command "bans"
Bans:
PlayerID: 76561197966773788
JudgeID: 0
Reason: 900000 Duration: 31536000 Remaining: 27913282
PlayerID: 76561198336969313
JudgeID: 0
Reason: reid Duration: 604800 Remaining: 28515
PlayerID: 76561198212486347
JudgeID: 0
Reason: reid Duration: 604800 Remaining: 28846
PlayerID: 76561198391097237
JudgeID: 0
Reason: reid Duration: 604800 Remaining: 191333
PlayerID: 76561198190667017
JudgeID: 0
Reason: cheater Duration: 31104000 Remaining: 30793560
PlayerID: 76561198374710965
JudgeID: 0
Reason: cheater Duration: 31104000 Remaining: 30793576
Client has executed command "players"
Players:
PlayerID: 76561198444494613 Name: vladkrigin Character: дима васильев Ping: 148
PlayerID: 76561198423084997 Name: lovemariina Character: Rendy Ping: 117

END
END
Client has executed command "bans"

Bans:
PlayerID: 76561197966773788
JudgeID: 0
Reason: 900000 Duration: 31536000 Remaining: 27913280
PlayerID: 76561198336969313
JudgeID: 0
Reason: reid Duration: 604800 Remaining: 28513
PlayerID: 76561198212486347
JudgeID: 0
Reason: reid Duration: 604800 Remaining: 28844
PlayerID: 76561198391097237
JudgeID: 0
Reason: reid Duration: 604800 Remaining: 191331
PlayerID: 76561198190667017
JudgeID: 0
Reason: cheater Duration: 31104000 Remaining: 30793558
PlayerID: 76561198374710965
JudgeID: 0
Reason: cheater Duration: 31104000 Remaining: 30793574

END
[World] Rendy [lovemariina]: "/tpa w"

END
Connecting: PlayerID: 76561198276303216 Name: zombie_staff Character: влад лац

влад лац connected with IP 188.163.37.241

[World] Rendy [lovemariina]: "/tpa o"

Client has executed command "GET NOW"

ServerControl >> VALUE NOW [0] [0] [2836]

GET NOW
Client has executed command "GET NOW"

ServerControl >> VALUE NOW [0] [0] [2839]

Client has executed command "GET NOW"

ServerControl >> VALUE NOW [0] [0] [2846]

Client has executed command "players"

Players:
PlayerID: 76561198444494613 Name: vladkrigin Character: дима васильев Ping: 152
PlayerID: 76561198423084997 Name: lovemariina Character: Rendy Ping: 121
PlayerID: 76561198276303216 Name: zombie_staff Character: влад лац Ping: 66

GET NOW
Client has executed command "GET NOW"

ServerControl >> VALUE NOW [0] [0] [2849]

[World] Rendy [lovemariina]: "/tpa accept"

Client has executed command "bans"

Bans:
PlayerID: 76561197966773788
JudgeID: 0
Reason: 900000 Duration: 31536000 Remaining: 27913259
PlayerID: 76561198336969313
JudgeID: 0
Reason: reid Duration: 604800 Remaining: 28492
PlayerID: 76561198212486347
JudgeID: 0
Reason: reid Duration: 604800 Remaining: 28823
PlayerID: 76561198391097237
JudgeID: 0
Reason: reid Duration: 604800 Remaining: 191310
PlayerID: 76561198190667017
JudgeID: 0
Reason: cheater Duration: 31104000 Remaining: 30793537
PlayerID: 76561198374710965
JudgeID: 0
Reason: cheater Duration: 31104000 Remaining: 30793553

END
END
[World] Rendy [lovemariina]: "/tpa y"

Client has executed command "GET NOW"

ServerControl >> VALUE NOW [0] [0] [2856]

