Не обработано: RocketRcon v2.4.8.0
RocketRcon v2.4.8.0

Client has executed command "players"

TimerTerminateCommand.Enabled with Players:
Players:
PlayerID: 76561198376380342 Name: Sergeant Gamezer Character: Dr.Lee Gamezer  Ping: 171
PlayerID: 76561198345092267 Name: demid3450 Character: [гл террористов] демид журавлёв Ping: 109
PlayerID: 76561198288337012 Name: VODKA Character: TheCatMako Ping: 31
PlayerID: 76561197991720459 Name: alek_el Character: Sans the skeleton Ping: 78
PlayerID: 76561198349787658 Name: VIKTORIA_201577 Character: VIKTORIA Ping: 179

TimerTerminateCommand.Enabled with Players:
Client has executed command "bans"

END with Players:
TimerTerminateCommand.Enabled with Bans:
Bans:
PlayerID: 123123
JudgeID: 0
Reason: unspecified Duration: 31536000 Remaining: 31304368
PlayerID: 123
JudgeID: 0
Reason: durila Duration: 4000 Remaining: 4294740162
PlayerID: 76561198274427357
JudgeID: 0
Reason: you were vote kicked Duration: 180 Remaining: 4294768535

