RocketRcon v2.4.8.0

login aVIPs22031994
players
Client has executed command "players"
Players:
PlayerID: 76561198203101308 Name: Dirooll Character: Алексей Вдувакин Ping: 62
PlayerID: 76561198444494613 Name: vladkrut22 Character: Aня Ping: 140
PlayerID: 76561198423084997 Name: lovemariina Character: 228ff Ping: 132
PlayerID: 76561198396880187 Name: AnimatorCMEPTU Character: AnimatorCMEPTU Ping: 128
PlayerID: 76561198408019916 Name: slava.fan555 Character: Славик Cухоруков Ping: 89

Client has executed command "bans"
Bans:
PlayerID: 76561197966773788
JudgeID: 0
Reason: 900000 Duration: 31536000 Remaining: 27651200
PlayerID: 76561198190667017
JudgeID: 0
Reason: cheater Duration: 31104000 Remaining: 30531478
PlayerID: 76561198374710965
JudgeID: 0
Reason: cheater Duration: 31104000 Remaining: 30531494

END
END
[World] Славик Cухоруков [slava.fan555]: "какой ид воды?"

Client has executed command "GET NOW"

ServerControl >> VALUE NOW [1] [0] [1923]

