RocketRcon v2.4.8.0

login aVIPs22031994
players
Client has executed command "players"
Players:
PlayerID: 76561198424120093 Name: Knockout1Demscouts Character: Knockout1Demscouts Ping: 195

Client has executed command "bans"
Bans:
PlayerID: 76561197966773788
JudgeID: 0
Reason: 900000 Duration: 31536000 Remaining: 28009365
PlayerID: 76561198336969313
JudgeID: 0
Reason: reid Duration: 604800 Remaining: 124598
PlayerID: 76561198212486347
JudgeID: 0
Reason: reid Duration: 604800 Remaining: 124929
PlayerID: 76561198391097237
JudgeID: 0
Reason: reid Duration: 604800 Remaining: 287416
PlayerID: 76561198190667017
JudgeID: 0
Reason: cheater Duration: 31104000 Remaining: 30889643
PlayerID: 76561198374710965
JudgeID: 0
Reason: cheater Duration: 31104000 Remaining: 30889659

END
END
Client has executed command "GET NOW"

ServerControl >> VALUE NOW [0] [0] [3305]

GET NOW
Client has executed command "GET NOW"

ServerControl >> VALUE NOW [0] [0] [3315]

Client has executed command "players"

Players:
PlayerID: 76561198424120093 Name: Knockout1Demscouts Character: Knockout1Demscouts Ping: 189

Client has executed command "GET NOW"

ServerControl >> VALUE NOW [0] [0] [3315]

Client has executed command "bans"

Bans:
PlayerID: 76561197966773788
JudgeID: 0
Reason: 900000 Duration: 31536000 Remaining: 28009350
PlayerID: 76561198336969313
JudgeID: 0
Reason: reid Duration: 604800 Remaining: 124583
PlayerID: 76561198212486347
JudgeID: 0
Reason: reid Duration: 604800 Remaining: 124914
PlayerID: 76561198391097237
JudgeID: 0
Reason: reid Duration: 604800 Remaining: 287401
PlayerID: 76561198190667017
JudgeID: 0
Reason: cheater Duration: 31104000 Remaining: 30889628
PlayerID: 76561198374710965
JudgeID: 0
Reason: cheater Duration: 31104000 Remaining: 30889644

END
END
GET NOW
Client has executed command "GET NOW"

ServerControl >> VALUE NOW [0] [0] [3325]

Client has executed command "GET NOW"

ServerControl >> VALUE NOW [0] [0] [3325]

GET NOW
Client has executed command "GET NOW"

ServerControl >> VALUE NOW [0] [0] [3335]

Client has executed command "players"
Players:
PlayerID: 76561198424120093 Name: Knockout1Demscouts Character: Knockout1Demscouts Ping: 175

Client has executed command "GET NOW"

ServerControl >> VALUE NOW [0] [0] [3335]

Client has executed command "bans"

Bans:
PlayerID: 76561197966773788
JudgeID: 0
Reason: 900000 Duration: 31536000 Remaining: 28009330
PlayerID: 76561198336969313
JudgeID: 0
Reason: reid Duration: 604800 Remaining: 124563
PlayerID: 76561198212486347
JudgeID: 0
Reason: reid Duration: 604800 Remaining: 124894
PlayerID: 76561198391097237
JudgeID: 0
Reason: reid Duration: 604800 Remaining: 287381
PlayerID: 76561198190667017
JudgeID: 0
Reason: cheater Duration: 31104000 Remaining: 30889608
PlayerID: 76561198374710965
JudgeID: 0
Reason: cheater Duration: 31104000 Remaining: 30889624

END
END
GET NOW
Client has executed command "GET NOW"

ServerControl >> VALUE NOW [0] [0] [3345]

Client has executed command "GET NOW"

ServerControl >> VALUE NOW [0] [0] [3345]

MessageAnnouncer >> Broadcast: vk.com/hemulgm - ЕДИНСТВЕННЫЙ администратор сервера

MessageAnnouncer >> vk.com/hemulgm - ЕДИНСТВЕННЫЙ администратор сервера

pay 76561198424120093 1000
Client has executed command "pay 76561198424120093 1000"

GET NOW
Client has executed command "GET NOW"

ServerControl >> VALUE NOW [0] [0] [3355]
Client has executed command "players"
Players:
PlayerID: 76561198424120093 Name: Knockout1Demscouts Character: Knockout1Demscouts Ping: 185

Client has executed command "GET NOW"

ServerControl >> VALUE NOW [0] [0] [3355]

Client has executed command "bans"

Bans:
PlayerID: 76561197966773788
JudgeID: 0
Reason: 900000 Duration: 31536000 Remaining: 28009310
PlayerID: 76561198336969313
JudgeID: 0
Reason: reid Duration: 604800 Remaining: 124543
PlayerID: 76561198212486347
JudgeID: 0
Reason: reid Duration: 604800 Remaining: 124874
PlayerID: 76561198391097237
JudgeID: 0
Reason: reid Duration: 604800 Remaining: 287361
PlayerID: 76561198190667017
JudgeID: 0
Reason: cheater Duration: 31104000 Remaining: 30889588
PlayerID: 76561198374710965
JudgeID: 0
Reason: cheater Duration: 31104000 Remaining: 30889604

END
END
GET NOW
Client has executed command "GET NOW"

ServerControl >> VALUE NOW [0] [0] [3365]

Client has executed command "GET NOW"

ServerControl >> VALUE NOW [0] [0] [3365]

cchat "no thx)" 255 0 0
Client has executed command "cchat "no thx)" 255 0 0"

ServerControl >> Broadcast: no thx)

Не обработано: ServerControl >> Broadcast: no thx)
GET NOW
Client has executed command "players"
Players:
PlayerID: 76561198424120093 Name: Knockout1Demscouts Character: Knockout1Demscouts Ping: 181
Client has executed command "GET NOW"
ServerControl >> VALUE NOW [0] [0] [3375]
Client has executed command "bans"
Bans:
PlayerID: 76561197966773788
JudgeID: 0
Reason: 900000 Duration: 31536000 Remaining: 28009290
PlayerID: 76561198336969313
JudgeID: 0
Reason: reid Duration: 604800 Remaining: 124523
PlayerID: 76561198212486347
JudgeID: 0
Reason: reid Duration: 604800 Remaining: 124854
PlayerID: 76561198391097237
JudgeID: 0
Reason: reid Duration: 604800 Remaining: 287341
PlayerID: 76561198190667017
JudgeID: 0
Reason: cheater Duration: 31104000 Remaining: 30889568
PlayerID: 76561198374710965
JudgeID: 0
Reason: cheater Duration: 31104000 Remaining: 30889584
Client has executed command "GET NOW"
ServerControl >> VALUE NOW [0] [0] [3385]

END
Client has executed command "GET NOW"
ServerControl >> VALUE NOW [0] [0] [3394]

Client has executed command "players"

Players:
PlayerID: 76561198424120093 Name: Knockout1Demscouts Character: Knockout1Demscouts Ping: 191

END
Client has executed command "GET NOW"

ServerControl >> VALUE NOW [0] [0] [3395]

Client has executed command "bans"

Bans:
PlayerID: 76561197966773788
JudgeID: 0
Reason: 900000 Duration: 31536000 Remaining: 28009270
PlayerID: 76561198336969313
JudgeID: 0
Reason: reid Duration: 604800 Remaining: 124503
PlayerID: 76561198212486347
JudgeID: 0
Reason: reid Duration: 604800 Remaining: 124834
PlayerID: 76561198391097237
JudgeID: 0
Reason: reid Duration: 604800 Remaining: 287321
PlayerID: 76561198190667017
JudgeID: 0
Reason: cheater Duration: 31104000 Remaining: 30889548
PlayerID: 76561198374710965
JudgeID: 0
Reason: cheater Duration: 31104000 Remaining: 30889564

END
[Group] Knockout1Demscouts [Knockout1Demscouts]: "wait"

END
[Group] Knockout1Demscouts [Knockout1Demscouts]: "what"

GET NOW
Client has executed command "GET NOW"

ServerControl >> VALUE NOW [0] [0] [3404]

Client has executed command "GET NOW"

ServerControl >> VALUE NOW [0] [0] [3405]

MessageAnnouncer >> Broadcast: Используйте /report [ник], чтобы отправить жалобу на игрока

MessageAnnouncer >> Используйте /report [ник], чтобы отправить жалобу на игрока

[Group] Knockout1Demscouts [Knockout1Demscouts]: "server speaks english"

GET NOW
Client has executed command "GET NOW"

ServerControl >> VALUE NOW [0] [0] [3414]

Client has executed command "players"

Players:
PlayerID: 76561198424120093 Name: Knockout1Demscouts Character: Knockout1Demscouts Ping: 191

Client has executed command "GET NOW"

ServerControl >> VALUE NOW [0] [0] [3415]

Client has executed command "bans"

Bans:
PlayerID: 76561197966773788
JudgeID: 0
Reason: 900000 Duration: 31536000 Remaining: 28009250
PlayerID: 76561198336969313
JudgeID: 0
Reason: reid Duration: 604800 Remaining: 124483
PlayerID: 76561198212486347
JudgeID: 0
Reason: reid Duration: 604800 Remaining: 124814
PlayerID: 76561198391097237
JudgeID: 0
Reason: reid Duration: 604800 Remaining: 287301
PlayerID: 76561198190667017
JudgeID: 0
Reason: cheater Duration: 31104000 Remaining: 30889528
PlayerID: 76561198374710965
JudgeID: 0
Reason: cheater Duration: 31104000 Remaining: 30889544

END
END
GET NOW
Client has executed command "GET NOW"

ServerControl >> VALUE NOW [0] [0] [3424]

Client has executed command "GET NOW"

ServerControl >> VALUE NOW [0] [0] [3425]

GET NOW
Client has executed command "GET NOW"

ServerControl >> VALUE NOW [0] [0] [3434]

Client has executed command "players"

Players:
PlayerID: 76561198424120093 Name: Knockout1Demscouts Character: Knockout1Demscouts Ping: 195

Client has executed command "GET NOW"

ServerControl >> VALUE NOW [0] [0] [3435]

cchat "a little" 255 0 0
Client has executed command "cchat "a little" 255 0 0"

ServerControl >> Broadcast: a little

Не обработано: ServerControl >> Broadcast: a little
Client has executed command "bans"

Bans:
PlayerID: 76561197966773788
JudgeID: 0
Reason: 900000 Duration: 31536000 Remaining: 28009230
PlayerID: 76561198336969313
JudgeID: 0
Reason: reid Duration: 604800 Remaining: 124463
PlayerID: 76561198212486347
JudgeID: 0
Reason: reid Duration: 604800 Remaining: 124794
PlayerID: 76561198391097237
JudgeID: 0
Reason: reid Duration: 604800 Remaining: 287281
PlayerID: 76561198190667017
JudgeID: 0
Reason: cheater Duration: 31104000 Remaining: 30889508
PlayerID: 76561198374710965
JudgeID: 0
Reason: cheater Duration: 31104000 Remaining: 30889524

END
END
GET NOW
Client has executed command "GET NOW"

ServerControl >> VALUE NOW [0] [0] [3444]

Client has executed command "GET NOW"

ServerControl >> VALUE NOW [0] [0] [3445]

GET NOW
Client has executed command "GET NOW"

ServerControl >> VALUE NOW [0] [0] [3454]

Client has executed command "players"

Players:
PlayerID: 76561198424120093 Name: Knockout1Demscouts Character: Knockout1Demscouts Ping: 191

Client has executed command "GET NOW"

ServerControl >> VALUE NOW [0] [0] [3455]

[Group] Knockout1Demscouts [Knockout1Demscouts]: "so your the admin"

END
Client has executed command "bans"

Bans:
PlayerID: 76561197966773788
JudgeID: 0
Reason: 900000 Duration: 31536000 Remaining: 28009208
PlayerID: 76561198336969313
JudgeID: 0
Reason: reid Duration: 604800 Remaining: 124441
PlayerID: 76561198212486347
JudgeID: 0
Reason: reid Duration: 604800 Remaining: 124772
PlayerID: 76561198391097237
JudgeID: 0
Reason: reid Duration: 604800 Remaining: 287259
PlayerID: 76561198190667017
JudgeID: 0
Reason: cheater Duration: 31104000 Remaining: 30889486
PlayerID: 76561198374710965
JudgeID: 0
Reason: cheater Duration: 31104000 Remaining: 30889502

END
GET NOW
Client has executed command "GET NOW"

ServerControl >> VALUE NOW [0] [0] [3464]

Client has executed command "GET NOW"

ServerControl >> VALUE NOW [0] [0] [3465]

MessageAnnouncer >> Broadcast: Наберите /rules (/r) для просмотра правил

MessageAnnouncer >> Наберите /rules (/r) для просмотра правил

[Group] Knockout1Demscouts [Knockout1Demscouts]: "then you spawned all those planes"

GET NOW
Client has executed command "GET NOW"

ServerControl >> VALUE NOW [0] [0] [3474]

cchat "yeah" 255 0 0
Client has executed command "cchat "yeah" 255 0 0"

ServerControl >> Broadcast: yeah

Не обработано: ServerControl >> Broadcast: yeah
Client has executed command "players"

Players:
PlayerID: 76561198424120093 Name: Knockout1Demscouts Character: Knockout1Demscouts Ping: 193

Client has executed command "GET NOW"

ServerControl >> VALUE NOW [0] [0] [3475]

Client has executed command "bans"

Bans:
PlayerID: 76561197966773788
JudgeID: 0
Reason: 900000 Duration: 31536000 Remaining: 28009190
PlayerID: 76561198336969313
JudgeID: 0
Reason: reid Duration: 604800 Remaining: 124423
PlayerID: 76561198212486347
JudgeID: 0
Reason: reid Duration: 604800 Remaining: 124754
PlayerID: 76561198391097237
JudgeID: 0
Reason: reid Duration: 604800 Remaining: 287241
PlayerID: 76561198190667017
JudgeID: 0
Reason: cheater Duration: 31104000 Remaining: 30889468
PlayerID: 76561198374710965
JudgeID: 0
Reason: cheater Duration: 31104000 Remaining: 30889484

END
END
[Group] Knockout1Demscouts [Knockout1Demscouts]: "jesus christ man"

GET NOW
Client has executed command "GET NOW"

ServerControl >> VALUE NOW [0] [0] [3484]

Client has executed command "GET NOW"

ServerControl >> VALUE NOW [0] [0] [3485]

[Group] Knockout1Demscouts [Knockout1Demscouts]: "i was over hyped"

GET NOW
Client has executed command "GET NOW"

ServerControl >> VALUE NOW [0] [0] [3494]

Client has executed command "players"

Players:
PlayerID: 76561198424120093 Name: Knockout1Demscouts Character: Knockout1Demscouts Ping: 183

Client has executed command "GET NOW"

ServerControl >> VALUE NOW [0] [0] [3495]

Client has executed command "bans"

Bans:
PlayerID: 76561197966773788
JudgeID: 0
Reason: 900000 Duration: 31536000 Remaining: 28009170
PlayerID: 76561198336969313
JudgeID: 0
Reason: reid Duration: 604800 Remaining: 124403
PlayerID: 76561198212486347
JudgeID: 0
Reason: reid Duration: 604800 Remaining: 124734
PlayerID: 76561198391097237
JudgeID: 0
Reason: reid Duration: 604800 Remaining: 287221
PlayerID: 76561198190667017
JudgeID: 0
Reason: cheater Duration: 31104000 Remaining: 30889448
PlayerID: 76561198374710965
JudgeID: 0
Reason: cheater Duration: 31104000 Remaining: 30889464

END
END
GET NOW
Client has executed command "GET NOW"

ServerControl >> VALUE NOW [0] [0] [3504]

Client has executed command "GET NOW"

ServerControl >> VALUE NOW [0] [0] [3505]

GET NOW
Client has executed command "GET NOW"

ServerControl >> VALUE NOW [0] [0] [3514]

Client has executed command "players"

Players:
PlayerID: 76561198424120093 Name: Knockout1Demscouts Character: Knockout1Demscouts Ping: 191

Client has executed command "GET NOW"

ServerControl >> VALUE NOW [0] [0] [3515]

[Group] Knockout1Demscouts [Knockout1Demscouts]: "so question for you"

END
Client has executed command "bans"

Bans:
PlayerID: 76561197966773788
JudgeID: 0
Reason: 900000 Duration: 31536000 Remaining: 28009149
PlayerID: 76561198336969313
JudgeID: 0
Reason: reid Duration: 604800 Remaining: 124382
PlayerID: 76561198212486347
JudgeID: 0
Reason: reid Duration: 604800 Remaining: 124713
PlayerID: 76561198391097237
JudgeID: 0
Reason: reid Duration: 604800 Remaining: 287200
PlayerID: 76561198190667017
JudgeID: 0
Reason: cheater Duration: 31104000 Remaining: 30889427
PlayerID: 76561198374710965
JudgeID: 0
Reason: cheater Duration: 31104000 Remaining: 30889443

END
cchat "every 5 hours" 255 0 0
Client has executed command "cchat "every 5 hours" 255 0 0"

GET NOW
ServerControl >> Broadcast: every 5 hours

Не обработано: ServerControl >> Broadcast: every 5 hours
Client has executed command "GET NOW"
ServerControl >> VALUE NOW [0] [0] [3524]

Client has executed command "GET NOW"

ServerControl >> VALUE NOW [0] [0] [3525]

cchat "mass airdrop" 255 0 0
Client has executed command "cchat "mass airdrop" 255 0 0"

ServerControl >> Broadcast: mass airdrop

Не обработано: ServerControl >> Broadcast: mass airdrop
MessageAnnouncer >> Broadcast: Добро пожаловать на HGM. Тут рады вам больше, чем на любом другом сервере!

MessageAnnouncer >> Добро пожаловать на HGM. Тут рады вам больше, чем на любом другом сервере!

[Group] Knockout1Demscouts [Knockout1Demscouts]: "oh"

GET NOW
Client has executed command "GET NOW"

ServerControl >> VALUE NOW [0] [0] [3535]

Client has executed command "players"

Players:
PlayerID: 76561198424120093 Name: Knockout1Demscouts Character: Knockout1Demscouts Ping: 195

Client has executed command "GET NOW"

ServerControl >> VALUE NOW [0] [0] [3535]

Client has executed command "bans"

Bans:
PlayerID: 76561197966773788
JudgeID: 0
Reason: 900000 Duration: 31536000 Remaining: 28009130
PlayerID: 76561198336969313
JudgeID: 0
Reason: reid Duration: 604800 Remaining: 124363
PlayerID: 76561198212486347
JudgeID: 0
Reason: reid Duration: 604800 Remaining: 124694
PlayerID: 76561198391097237
JudgeID: 0
Reason: reid Duration: 604800 Remaining: 287181
PlayerID: 76561198190667017
JudgeID: 0
Reason: cheater Duration: 31104000 Remaining: 30889408
PlayerID: 76561198374710965
JudgeID: 0
Reason: cheater Duration: 31104000 Remaining: 30889424

END
[Group] Knockout1Demscouts [Knockout1Demscouts]: "gg"

END
GET NOW
Client has executed command "GET NOW"

ServerControl >> VALUE NOW [0] [0] [3545]

Client has executed command "GET NOW"

ServerControl >> VALUE NOW [0] [0] [3545]

GET NOW
Client has executed command "GET NOW"

ServerControl >> VALUE NOW [0] [0] [3555]

Client has executed command "players"

Players:
PlayerID: 76561198424120093 Name: Knockout1Demscouts Character: Knockout1Demscouts Ping: 187

Client has executed command "GET NOW"

ServerControl >> VALUE NOW [0] [0] [3555]

Client has executed command "bans"

Bans:
PlayerID: 76561197966773788
JudgeID: 0
Reason: 900000 Duration: 31536000 Remaining: 28009110
PlayerID: 76561198336969313
JudgeID: 0
Reason: reid Duration: 604800 Remaining: 124343
PlayerID: 76561198212486347
JudgeID: 0
Reason: reid Duration: 604800 Remaining: 124674
PlayerID: 76561198391097237
JudgeID: 0
Reason: reid Duration: 604800 Remaining: 287161
PlayerID: 76561198190667017
JudgeID: 0
Reason: cheater Duration: 31104000 Remaining: 30889388
PlayerID: 76561198374710965
JudgeID: 0
Reason: cheater Duration: 31104000 Remaining: 30889404

END
[Group] Knockout1Demscouts [Knockout1Demscouts]: "so have you been watching me play most of the night>"

END
GET NOW
Client has executed command "GET NOW"

ServerControl >> VALUE NOW [0] [0] [3565]

Client has executed command "GET NOW"

ServerControl >> VALUE NOW [0] [0] [3565]

GET NOW
Client has executed command "GET NOW"

ServerControl >> VALUE NOW [0] [0] [3575]

Client has executed command "players"

Players:
PlayerID: 76561198424120093 Name: Knockout1Demscouts Character: Knockout1Demscouts Ping: 193

Client has executed command "GET NOW"

ServerControl >> VALUE NOW [0] [0] [3575]

Client has executed command "bans"

Bans:
PlayerID: 76561197966773788
JudgeID: 0
Reason: 900000 Duration: 31536000 Remaining: 28009090
PlayerID: 76561198336969313
JudgeID: 0
Reason: reid Duration: 604800 Remaining: 124323
PlayerID: 76561198212486347
JudgeID: 0
Reason: reid Duration: 604800 Remaining: 124654
PlayerID: 76561198391097237
JudgeID: 0
Reason: reid Duration: 604800 Remaining: 287141
PlayerID: 76561198190667017
JudgeID: 0
Reason: cheater Duration: 31104000 Remaining: 30889368
PlayerID: 76561198374710965
JudgeID: 0
Reason: cheater Duration: 31104000 Remaining: 30889384

END
END
GET NOW
Client has executed command "GET NOW"

ServerControl >> VALUE NOW [0] [0] [3585]

Client has executed command "GET NOW"

ServerControl >> VALUE NOW [0] [0] [3585]

MessageAnnouncer >> Broadcast: Наберите /kit start, чтобы получить стартовый набор (еда, вода, топор)

MessageAnnouncer >> Наберите /kit start, чтобы получить стартовый набор (еда, вода, топор)

cchat "not, the console itself watches" 255 0 0
Client has executed command "cchat "not, the console itself watches" 255 0 0"

ServerControl >> Broadcast: not, the console itself watches

Не обработано: ServerControl >> Broadcast: not, the console itself watches
GET NOW
Client has executed command "GET NOW"

ServerControl >> VALUE NOW [0] [0] [3595]

Client has executed command "players"

Players:
PlayerID: 76561198424120093 Name: Knockout1Demscouts Character: Knockout1Demscouts Ping: 208

Client has executed command "GET NOW"

ServerControl >> VALUE NOW [0] [0] [3595]

Client has executed command "bans"

Bans:
PlayerID: 76561197966773788
JudgeID: 0
Reason: 900000 Duration: 31536000 Remaining: 28009070
PlayerID: 76561198336969313
JudgeID: 0
Reason: reid Duration: 604800 Remaining: 124303
PlayerID: 76561198212486347
JudgeID: 0
Reason: reid Duration: 604800 Remaining: 124634
PlayerID: 76561198391097237
JudgeID: 0
Reason: reid Duration: 604800 Remaining: 287121
PlayerID: 76561198190667017
JudgeID: 0
Reason: cheater Duration: 31104000 Remaining: 30889348
PlayerID: 76561198374710965
JudgeID: 0
Reason: cheater Duration: 31104000 Remaining: 30889364

END
END
GET NOW
Client has executed command "GET NOW"

ServerControl >> VALUE NOW [1] [0] [5]

Client has executed command "GET NOW"

ServerControl >> VALUE NOW [1] [0] [5]

[Group] Knockout1Demscouts [Knockout1Demscouts]: "huh"

GET NOW
Client has executed command "GET NOW"

ServerControl >> VALUE NOW [1] [0] [15]

[Group] Knockout1Demscouts [Knockout1Demscouts]: "cool"

Client has executed command "players"

Players:
PlayerID: 76561198424120093 Name: Knockout1Demscouts Character: Knockout1Demscouts Ping: 187

Client has executed command "GET NOW"

ServerControl >> VALUE NOW [1] [0] [15]

Client has executed command "bans"

Bans:
PlayerID: 76561197966773788
JudgeID: 0
Reason: 900000 Duration: 31536000 Remaining: 28009050
PlayerID: 76561198336969313
JudgeID: 0
Reason: reid Duration: 604800 Remaining: 124283
PlayerID: 76561198212486347
JudgeID: 0
Reason: reid Duration: 604800 Remaining: 124614
PlayerID: 76561198391097237
JudgeID: 0
Reason: reid Duration: 604800 Remaining: 287101
PlayerID: 76561198190667017
JudgeID: 0
Reason: cheater Duration: 31104000 Remaining: 30889328
PlayerID: 76561198374710965
JudgeID: 0
Reason: cheater Duration: 31104000 Remaining: 30889344

END
END
GET NOW
Client has executed command "GET NOW"

ServerControl >> VALUE NOW [1] [0] [25]

Client has executed command "GET NOW"

ServerControl >> VALUE NOW [1] [0] [25]

GET NOW
Client has executed command "GET NOW"

ServerControl >> VALUE NOW [1] [0] [35]

Client has executed command "players"

Players:
PlayerID: 76561198424120093 Name: Knockout1Demscouts Character: Knockout1Demscouts Ping: 191

Client has executed command "GET NOW"

ServerControl >> VALUE NOW [1] [0] [35]

Client has executed command "bans"

Bans:
PlayerID: 76561197966773788
JudgeID: 0
Reason: 900000 Duration: 31536000 Remaining: 28009030
PlayerID: 76561198336969313
JudgeID: 0
Reason: reid Duration: 604800 Remaining: 124263
PlayerID: 76561198212486347
JudgeID: 0
Reason: reid Duration: 604800 Remaining: 124594
PlayerID: 76561198391097237
JudgeID: 0
Reason: reid Duration: 604800 Remaining: 287081
PlayerID: 76561198190667017
JudgeID: 0
Reason: cheater Duration: 31104000 Remaining: 30889308
PlayerID: 76561198374710965
JudgeID: 0
Reason: cheater Duration: 31104000 Remaining: 30889324

END
END
GET NOW
Client has executed command "GET NOW"

ServerControl >> VALUE NOW [1] [0] [45]

Client has executed command "GET NOW"

ServerControl >> VALUE NOW [1] [0] [46]

MessageAnnouncer >> Broadcast: Внимание! PvP-режим по субботам! PvP-режим!!!

MessageAnnouncer >> Внимание! PvP-режим по субботам! PvP-режим!!!

cchat "yeah, and I'm currently working on this console" 255 0 0
Client has executed command "cchat "yeah, and I'm currently working on this console" 255 0 0"

ServerControl >> Broadcast: yeah, and I'm currently working on this console

Не обработано: ServerControl >> Broadcast: yeah, and I'm currently working on this console
GET NOW
Client has executed command "GET NOW"

ServerControl >> VALUE NOW [1] [0] [55]

Client has executed command "players"

Players:
PlayerID: 76561198424120093 Name: Knockout1Demscouts Character: Knockout1Demscouts Ping: 205

Client has executed command "GET NOW"

ServerControl >> VALUE NOW [1] [0] [55]

Client has executed command "bans"

Bans:
PlayerID: 76561197966773788
JudgeID: 0
Reason: 900000 Duration: 31536000 Remaining: 28009010
PlayerID: 76561198336969313
JudgeID: 0
Reason: reid Duration: 604800 Remaining: 124243
PlayerID: 76561198212486347
JudgeID: 0
Reason: reid Duration: 604800 Remaining: 124574
PlayerID: 76561198391097237
JudgeID: 0
Reason: reid Duration: 604800 Remaining: 287061
PlayerID: 76561198190667017
JudgeID: 0
Reason: cheater Duration: 31104000 Remaining: 30889288
PlayerID: 76561198374710965
JudgeID: 0
Reason: cheater Duration: 31104000 Remaining: 30889304

END
END
GET NOW
Client has executed command "GET NOW"

ServerControl >> VALUE NOW [1] [0] [65]

Client has executed command "GET NOW"

ServerControl >> VALUE NOW [1] [0] [66]

cchat "so-called server-manager" 255 0 0
Client has executed command "cchat "so-called server-manager" 255 0 0"

ServerControl >> Broadcast: so-called server-manager

Не обработано: ServerControl >> Broadcast: so-called server-manager
GET NOW
Client has executed command "GET NOW"
ServerControl >> VALUE NOW [1] [0] [75]

Client has executed command "players"

Players:
PlayerID: 76561198424120093 Name: Knockout1Demscouts Character: Knockout1Demscouts Ping: 181

Client has executed command "GET NOW"

ServerControl >> VALUE NOW [1] [0] [76]

Client has executed command "bans"

Bans:
PlayerID: 76561197966773788
JudgeID: 0
Reason: 900000 Duration: 31536000 Remaining: 28008990
PlayerID: 76561198336969313
JudgeID: 0
Reason: reid Duration: 604800 Remaining: 124223
PlayerID: 76561198212486347
JudgeID: 0
Reason: reid Duration: 604800 Remaining: 124554
PlayerID: 76561198391097237
JudgeID: 0
Reason: reid Duration: 604800 Remaining: 287041
PlayerID: 76561198190667017
JudgeID: 0
Reason: cheater Duration: 31104000 Remaining: 30889268
PlayerID: 76561198374710965
JudgeID: 0
Reason: cheater Duration: 31104000 Remaining: 30889284

END
END
[Group] Knockout1Demscouts [Knockout1Demscouts]: "tbh i was ortignally planning to build a sky scrapper at the scorp 6 base i was trying"

GET NOW
Client has executed command "GET NOW"

ServerControl >> VALUE NOW [1] [0] [85]

Client has executed command "GET NOW"

ServerControl >> VALUE NOW [1] [0] [86]

[Group] Knockout1Demscouts [Knockout1Demscouts]: "to find an adminf to ask'"

GET NOW
Client has executed command "GET NOW"

ServerControl >> VALUE NOW [1] [0] [95]

Client has executed command "players"

Players:
PlayerID: 76561198424120093 Name: Knockout1Demscouts Character: Knockout1Demscouts Ping: 195

Client has executed command "GET NOW"

ServerControl >> VALUE NOW [1] [0] [96]

[Group] Knockout1Demscouts [Knockout1Demscouts]: "if that is fine"

Client has executed command "bans"

Bans:
PlayerID: 76561197966773788
JudgeID: 0
Reason: 900000 Duration: 31536000 Remaining: 28008969
PlayerID: 76561198336969313
JudgeID: 0
Reason: reid Duration: 604800 Remaining: 124202
PlayerID: 76561198212486347
JudgeID: 0
Reason: reid Duration: 604800 Remaining: 124533
PlayerID: 76561198391097237
JudgeID: 0
Reason: reid Duration: 604800 Remaining: 287020
PlayerID: 76561198190667017
JudgeID: 0
Reason: cheater Duration: 31104000 Remaining: 30889247
PlayerID: 76561198374710965
JudgeID: 0
Reason: cheater Duration: 31104000 Remaining: 30889263

END
END
GET NOW
Client has executed command "GET NOW"

ServerControl >> VALUE NOW [1] [0] [105]

Client has executed command "GET NOW"

ServerControl >> VALUE NOW [1] [0] [106]

MessageAnnouncer >> Broadcast: vk.com/unturned_hgm - группа сервера ВК, уникальный кит в записи!

MessageAnnouncer >> vk.com/unturned_hgm - группа сервера ВК, уникальный кит в записи!

GET NOW
Client has executed command "GET NOW"

ServerControl >> VALUE NOW [1] [0] [115]

Client has executed command "players"
Players:
PlayerID: 76561198424120093 Name: Knockout1Demscouts Character: Knockout1Demscouts Ping: 193

Client has executed command "GET NOW"

ServerControl >> VALUE NOW [1] [0] [116]

Client has executed command "bans"

Bans:
PlayerID: 76561197966773788
JudgeID: 0
Reason: 900000 Duration: 31536000 Remaining: 28008950
PlayerID: 76561198336969313
JudgeID: 0
Reason: reid Duration: 604800 Remaining: 124183
PlayerID: 76561198212486347
JudgeID: 0
Reason: reid Duration: 604800 Remaining: 124514
PlayerID: 76561198391097237
JudgeID: 0
Reason: reid Duration: 604800 Remaining: 287001
PlayerID: 76561198190667017
JudgeID: 0
Reason: cheater Duration: 31104000 Remaining: 30889228
PlayerID: 76561198374710965
JudgeID: 0
Reason: cheater Duration: 31104000 Remaining: 30889244

END
END
GET NOW
Client has executed command "GET NOW"

ServerControl >> VALUE NOW [1] [0] [125]

Client has executed command "GET NOW"
ServerControl >> VALUE NOW [1] [0] [126]

GET NOW
Client has executed command "GET NOW"

Client has executed command "players"
ServerControl >> VALUE NOW [1] [0] [135]
Players:
PlayerID: 76561198424120093 Name: Knockout1Demscouts Character: Knockout1Demscouts Ping: 183

Client has executed command "GET NOW"

ServerControl >> VALUE NOW [1] [0] [136]

Client has executed command "bans"

Bans:
PlayerID: 76561197966773788
JudgeID: 0
Reason: 900000 Duration: 31536000 Remaining: 28008930
PlayerID: 76561198336969313
JudgeID: 0
Reason: reid Duration: 604800 Remaining: 124163
PlayerID: 76561198212486347
JudgeID: 0
Reason: reid Duration: 604800 Remaining: 124494
PlayerID: 76561198391097237
JudgeID: 0
Reason: reid Duration: 604800 Remaining: 286981
PlayerID: 76561198190667017
JudgeID: 0
Reason: cheater Duration: 31104000 Remaining: 30889208
PlayerID: 76561198374710965
JudgeID: 0
Reason: cheater Duration: 31104000 Remaining: 30889224

END
END
GET NOW
Client has executed command "GET NOW"

ServerControl >> VALUE NOW [1] [0] [145]

Client has executed command "GET NOW"

ServerControl >> VALUE NOW [1] [0] [146]

cchat "remember that for one player, build a maximum of 3x3x3" 255 0 0
Client has executed command "cchat "remember that for one player, build a maximum of 3x3x3" 255 0 0"

ServerControl >> Broadcast: remember that for one player, build a maximum of 3x3x3

Не обработано: ServerControl >> Broadcast: remember that for one player, build a maximum of 3x3x3
Client has executed command "players"

GET NOW
Players:
PlayerID: 76561198424120093 Name: Knockout1Demscouts Character: Knockout1Demscouts Ping: 199

Client has executed command "GET NOW"

ServerControl >> VALUE NOW [1] [0] [155]

Client has executed command "GET NOW"

ServerControl >> VALUE NOW [1] [0] [156]

Client has executed command "bans"

Bans:
PlayerID: 76561197966773788
JudgeID: 0
Reason: 900000 Duration: 31536000 Remaining: 28008910
PlayerID: 76561198336969313
JudgeID: 0
Reason: reid Duration: 604800 Remaining: 124143
PlayerID: 76561198212486347
JudgeID: 0
Reason: reid Duration: 604800 Remaining: 124474
PlayerID: 76561198391097237
JudgeID: 0
Reason: reid Duration: 604800 Remaining: 286961
PlayerID: 76561198190667017
JudgeID: 0
Reason: cheater Duration: 31104000 Remaining: 30889188
PlayerID: 76561198374710965
JudgeID: 0
Reason: cheater Duration: 31104000 Remaining: 30889204

END
END
GET NOW
Client has executed command "GET NOW"

ServerControl >> VALUE NOW [1] [0] [165]

Client has executed command "GET NOW"

ServerControl >> VALUE NOW [1] [0] [166]

MessageAnnouncer >> Broadcast: Посетите наш сайт. Вы будете удивлены! unturned.hemulgm.ru

MessageAnnouncer >> Посетите наш сайт. Вы будете удивлены! unturned.hemulgm.ru

[Group] Knockout1Demscouts [Knockout1Demscouts]: "ah alright"

Client has executed command "players"

Players:
PlayerID: 76561198424120093 Name: Knockout1Demscouts Character: Knockout1Demscouts Ping: 183

GET NOW
Client has executed command "GET NOW"

ServerControl >> VALUE NOW [1] [0] [176]

Client has executed command "GET NOW"
ServerControl >> VALUE NOW [1] [0] [176]

Client has executed command "bans"

Bans:
PlayerID: 76561197966773788
JudgeID: 0
Reason: 900000 Duration: 31536000 Remaining: 28008890
PlayerID: 76561198336969313
JudgeID: 0
Reason: reid Duration: 604800 Remaining: 124123
PlayerID: 76561198212486347
JudgeID: 0
Reason: reid Duration: 604800 Remaining: 124454
PlayerID: 76561198391097237
JudgeID: 0
Reason: reid Duration: 604800 Remaining: 286941
PlayerID: 76561198190667017
JudgeID: 0
Reason: cheater Duration: 31104000 Remaining: 30889168
PlayerID: 76561198374710965
JudgeID: 0
Reason: cheater Duration: 31104000 Remaining: 30889184

END
cchat "Or the moderator will cut it" 255 0 0
Client has executed command "cchat "Or the moderator will cut it" 255 0 0"

ServerControl >> Broadcast: Or the moderator will cut it

Не обработано: ServerControl >> Broadcast: Or the moderator will cut it
END
GET NOW
Client has executed command "GET NOW"

ServerControl >> VALUE NOW [1] [0] [186]
Client has executed command "GET NOW"
ServerControl >> VALUE NOW [1] [0] [186]

[Group] Knockout1Demscouts [Knockout1Demscouts]: "well i was going to start bringing my group on here"

Client has executed command "players"

Players:
PlayerID: 76561198424120093 Name: Knockout1Demscouts Character: Knockout1Demscouts Ping: 191

GET NOW
Client has executed command "GET NOW"

ServerControl >> VALUE NOW [1] [0] [196]
Client has executed command "GET NOW"
ServerControl >> VALUE NOW [1] [0] [196]

Client has executed command "bans"

Bans:
PlayerID: 76561197966773788
JudgeID: 0
Reason: 900000 Duration: 31536000 Remaining: 28008870
PlayerID: 76561198336969313
JudgeID: 0
Reason: reid Duration: 604800 Remaining: 124103
PlayerID: 76561198212486347
JudgeID: 0
Reason: reid Duration: 604800 Remaining: 124434
PlayerID: 76561198391097237
JudgeID: 0
Reason: reid Duration: 604800 Remaining: 286921
PlayerID: 76561198190667017
JudgeID: 0
Reason: cheater Duration: 31104000 Remaining: 30889148
PlayerID: 76561198374710965
JudgeID: 0
Reason: cheater Duration: 31104000 Remaining: 30889164

END
END
[Group] Knockout1Demscouts [Knockout1Demscouts]: "tbh i love this server"

GET NOW
Client has executed command "GET NOW"

ServerControl >> VALUE NOW [1] [0] [206]

Client has executed command "GET NOW"
ServerControl >> VALUE NOW [1] [0] [206]

[Group] Knockout1Demscouts [Knockout1Demscouts]: "reminds me of rust"

Client has executed command "players"

Players:
PlayerID: 76561198424120093 Name: Knockout1Demscouts Character: Knockout1Demscouts Ping: 199

Client has executed command "GET NOW"

GET NOW
ServerControl >> VALUE NOW [1] [0] [216]

Client has executed command "GET NOW"

ServerControl >> VALUE NOW [1] [0] [216]

Client has executed command "bans"

Bans:
PlayerID: 76561197966773788
JudgeID: 0
Reason: 900000 Duration: 31536000 Remaining: 28008850
PlayerID: 76561198336969313
JudgeID: 0
Reason: reid Duration: 604800 Remaining: 124083
PlayerID: 76561198212486347
JudgeID: 0
Reason: reid Duration: 604800 Remaining: 124414
PlayerID: 76561198391097237
JudgeID: 0
Reason: reid Duration: 604800 Remaining: 286901
PlayerID: 76561198190667017
JudgeID: 0
Reason: cheater Duration: 31104000 Remaining: 30889128
PlayerID: 76561198374710965
JudgeID: 0
Reason: cheater Duration: 31104000 Remaining: 30889144

END
END
Client has executed command "GET NOW"

ServerControl >> VALUE NOW [1] [0] [226]

GET NOW
Client has executed command "GET NOW"

ServerControl >> VALUE NOW [1] [0] [226]

MessageAnnouncer >> Broadcast: Наберите /kit help, чтобы получить первую мед. помощь (бинты, таблетки, еда)

MessageAnnouncer >> Наберите /kit help, чтобы получить первую мед. помощь (бинты, таблетки, еда)

Client has executed command "players"

Players:
PlayerID: 76561198424120093 Name: Knockout1Demscouts Character: Knockout1Demscouts Ping: 195

Client has executed command "GET NOW"

ServerControl >> VALUE NOW [1] [0] [236]

GET NOW
Client has executed command "GET NOW"

ServerControl >> VALUE NOW [1] [0] [236]

Client has executed command "bans"

Bans:
PlayerID: 76561197966773788
JudgeID: 0
Reason: 900000 Duration: 31536000 Remaining: 28008830
PlayerID: 76561198336969313
JudgeID: 0
Reason: reid Duration: 604800 Remaining: 124063
PlayerID: 76561198212486347
JudgeID: 0
Reason: reid Duration: 604800 Remaining: 124394
PlayerID: 76561198391097237
JudgeID: 0
Reason: reid Duration: 604800 Remaining: 286881
PlayerID: 76561198190667017
JudgeID: 0
Reason: cheater Duration: 31104000 Remaining: 30889108
PlayerID: 76561198374710965
JudgeID: 0
Reason: cheater Duration: 31104000 Remaining: 30889124

END
END
Client has executed command "GET NOW"

ServerControl >> VALUE NOW [1] [0] [246]

GET NOW
Client has executed command "GET NOW"

ServerControl >> VALUE NOW [1] [0] [246]

cchat "for a group with a maximum of 5 by 5)" 255 0 0
Client has executed command "cchat "for a group with a maximum of 5 by 5)" 255 0 0"

ServerControl >> Broadcast: for a group with a maximum of 5 by 5)

Не обработано: ServerControl >> Broadcast: for a group with a maximum of 5 by 5)
cchat "5x5x5" 255 0 0
Client has executed command "cchat "5x5x5" 255 0 0"

ServerControl >> Broadcast: 5x5x5

Не обработано: ServerControl >> Broadcast: 5x5x5
Client has executed command "players"

Players:
PlayerID: 76561198424120093 Name: Knockout1Demscouts Character: Knockout1Demscouts Ping: 185

Client has executed command "GET NOW"

ServerControl >> VALUE NOW [1] [0] [256]

GET NOW
Client has executed command "GET NOW"

ServerControl >> VALUE NOW [1] [0] [256]

Client has executed command "bans"

Bans:
PlayerID: 76561197966773788
JudgeID: 0
Reason: 900000 Duration: 31536000 Remaining: 28008810
PlayerID: 76561198336969313
JudgeID: 0
Reason: reid Duration: 604800 Remaining: 124043
PlayerID: 76561198212486347
JudgeID: 0
Reason: reid Duration: 604800 Remaining: 124374
PlayerID: 76561198391097237
JudgeID: 0
Reason: reid Duration: 604800 Remaining: 286861
PlayerID: 76561198190667017
JudgeID: 0
Reason: cheater Duration: 31104000 Remaining: 30889088
PlayerID: 76561198374710965
JudgeID: 0
Reason: cheater Duration: 31104000 Remaining: 30889104

END
END
[Area] Knockout1Demscouts [Knockout1Demscouts]: "alright"

Client has executed command "GET NOW"

ServerControl >> VALUE NOW [1] [0] [266]

GET NOW
Client has executed command "GET NOW"

ServerControl >> VALUE NOW [1] [0] [266]

Client has executed command "players"

Players:
PlayerID: 76561198424120093 Name: Knockout1Demscouts Character: Knockout1Demscouts Ping: 183

Client has executed command "GET NOW"

ServerControl >> VALUE NOW [1] [0] [276]

GET NOW
Client has executed command "GET NOW"

ServerControl >> VALUE NOW [1] [0] [276]

Client has executed command "bans"

Bans:
PlayerID: 76561197966773788
JudgeID: 0
Reason: 900000 Duration: 31536000 Remaining: 28008790
PlayerID: 76561198336969313
JudgeID: 0
Reason: reid Duration: 604800 Remaining: 124023
PlayerID: 76561198212486347
JudgeID: 0
Reason: reid Duration: 604800 Remaining: 124354
PlayerID: 76561198391097237
JudgeID: 0
Reason: reid Duration: 604800 Remaining: 286841
PlayerID: 76561198190667017
JudgeID: 0
Reason: cheater Duration: 31104000 Remaining: 30889068
PlayerID: 76561198374710965
JudgeID: 0
Reason: cheater Duration: 31104000 Remaining: 30889084

END
END
Client has executed command "GET NOW"

ServerControl >> VALUE NOW [1] [0] [286]

GET NOW
Client has executed command "GET NOW"

ServerControl >> VALUE NOW [1] [0] [286]

MessageAnnouncer >> Broadcast: vk.com/unturned_hgm - цены на премиум, VIP и другие услуги смотрите в группе!

MessageAnnouncer >> vk.com/unturned_hgm - цены на премиум, VIP и другие услуги смотрите в группе!

Client has executed command "heal 76561198424120093"

Knockout1Demscouts был исцелён

Не обработано: Knockout1Demscouts был исцелён
Client has executed command "cchat "/33/09/17/04/17/15/16 /24/05/17/05/08 3 /24. " 255 255 0"

ServerControl >> Broadcast: Аирдроп через 3 ч.

Не обработано: ServerControl >> Broadcast: Аирдроп через 3 ч.
Client has executed command "players"

Players:
PlayerID: 76561198424120093 Name: Knockout1Demscouts Character: Knockout1Demscouts Ping: 189

Client has executed command "GET NOW"

ServerControl >> VALUE NOW [1] [0] [296]

GET NOW
Client has executed command "GET NOW"

ServerControl >> VALUE NOW [1] [0] [296]

Client has executed command "bans"

Bans:
PlayerID: 76561197966773788
JudgeID: 0
Reason: 900000 Duration: 31536000 Remaining: 28008770
PlayerID: 76561198336969313
JudgeID: 0
Reason: reid Duration: 604800 Remaining: 124003
PlayerID: 76561198212486347
JudgeID: 0
Reason: reid Duration: 604800 Remaining: 124334
PlayerID: 76561198391097237
JudgeID: 0
Reason: reid Duration: 604800 Remaining: 286821
PlayerID: 76561198190667017
JudgeID: 0
Reason: cheater Duration: 31104000 Remaining: 30889048
PlayerID: 76561198374710965
JudgeID: 0
Reason: cheater Duration: 31104000 Remaining: 30889064

END
END
Client has executed command "GET NOW"

ServerControl >> VALUE NOW [1] [0] [306]

GET NOW
Client has executed command "GET NOW"

ServerControl >> VALUE NOW [1] [0] [306]

[Group] Knockout1Demscouts [Knockout1Demscouts]: "sorry for bothering you again but"

Client has executed command "players"
Players:
PlayerID: 76561198424120093 Name: Knockout1Demscouts Character: Knockout1Demscouts Ping: 189

Client has executed command "GET NOW"
ServerControl >> VALUE NOW [1] [0] [316]

GET NOW
Client has executed command "GET NOW"

ServerControl >> VALUE NOW [1] [0] [316]

Client has executed command "bans"

Bans:
PlayerID: 76561197966773788
JudgeID: 0
Reason: 900000 Duration: 31536000 Remaining: 28008749
PlayerID: 76561198336969313
JudgeID: 0
Reason: reid Duration: 604800 Remaining: 123982
PlayerID: 76561198212486347
JudgeID: 0
Reason: reid Duration: 604800 Remaining: 124313
PlayerID: 76561198391097237
JudgeID: 0
Reason: reid Duration: 604800 Remaining: 286800
PlayerID: 76561198190667017
JudgeID: 0
Reason: cheater Duration: 31104000 Remaining: 30889027
PlayerID: 76561198374710965
JudgeID: 0
Reason: cheater Duration: 31104000 Remaining: 30889043

END
END
[Group] Knockout1Demscouts [Knockout1Demscouts]: "what is the credits for?"

Client has executed command "GET NOW"

ServerControl >> VALUE NOW [1] [0] [326]

GET NOW
Client has executed command "GET NOW"

ServerControl >> VALUE NOW [1] [0] [326]

Client has executed command "players"

Players:
PlayerID: 76561198424120093 Name: Knockout1Demscouts Character: Knockout1Demscouts Ping: 193

Client has executed command "GET NOW"

ServerControl >> VALUE NOW [1] [0] [336]

GET NOW
Client has executed command "GET NOW"

ServerControl >> VALUE NOW [1] [0] [336]

Client has executed command "bans"

Bans:
PlayerID: 76561197966773788
JudgeID: 0
Reason: 900000 Duration: 31536000 Remaining: 28008729
PlayerID: 76561198336969313
JudgeID: 0
Reason: reid Duration: 604800 Remaining: 123962
PlayerID: 76561198212486347
JudgeID: 0
Reason: reid Duration: 604800 Remaining: 124293
PlayerID: 76561198391097237
JudgeID: 0
Reason: reid Duration: 604800 Remaining: 286780
PlayerID: 76561198190667017
JudgeID: 0
Reason: cheater Duration: 31104000 Remaining: 30889007
PlayerID: 76561198374710965
JudgeID: 0
Reason: cheater Duration: 31104000 Remaining: 30889023

END
END
Client has executed command "GET NOW"

ServerControl >> VALUE NOW [1] [0] [346]

GET NOW
Client has executed command "GET NOW"

ServerControl >> VALUE NOW [1] [0] [346]

MessageAnnouncer >> Broadcast: Наберите /kit claim, чтобы получить Claim Flag

cchat "you can buy almost any items" 255 0 0
MessageAnnouncer >> Наберите /kit claim, чтобы получить Claim Flag

Client has executed command "cchat "you can buy almost any items" 255 0 0"
ServerControl >> Broadcast: you can buy almost any items

Не обработано: ServerControl >> Broadcast: you can buy almost any items
Client has executed command "players"

Players:
PlayerID: 76561198424120093 Name: Knockout1Demscouts Character: Knockout1Demscouts Ping: 189

Client has executed command "GET NOW"

ServerControl >> VALUE NOW [1] [0] [356]

GET NOW
Client has executed command "GET NOW"

ServerControl >> VALUE NOW [1] [0] [356]

Client has executed command "bans"

Bans:
PlayerID: 76561197966773788
JudgeID: 0
Reason: 900000 Duration: 31536000 Remaining: 28008709
PlayerID: 76561198336969313
JudgeID: 0
Reason: reid Duration: 604800 Remaining: 123942
PlayerID: 76561198212486347
JudgeID: 0
Reason: reid Duration: 604800 Remaining: 124273
PlayerID: 76561198391097237
JudgeID: 0
Reason: reid Duration: 604800 Remaining: 286760
PlayerID: 76561198190667017
JudgeID: 0
Reason: cheater Duration: 31104000 Remaining: 30888987
PlayerID: 76561198374710965
JudgeID: 0
Reason: cheater Duration: 31104000 Remaining: 30889003

END
cchat "and sell" 255 0 0
Client has executed command "cchat "and sell" 255 0 0"

ServerControl >> Broadcast: and sell

Не обработано: ServerControl >> Broadcast: and sell
END
Client has executed command "GET NOW"

ServerControl >> VALUE NOW [1] [0] [366]

GET NOW
Client has executed command "GET NOW"

ServerControl >> VALUE NOW [1] [0] [366]

[Group] Knockout1Demscouts [Knockout1Demscouts]: "did you give me that 1000 earlier"

cchat "./buy <id>" 255 0 0
Client has executed command "cchat "./buy <id>" 255 0 0"

ServerControl >> Broadcast: ./buy <id>

Не обработано: ServerControl >> Broadcast: ./buy <id>
Client has executed command "players"

Players:
PlayerID: 76561198424120093 Name: Knockout1Demscouts Character: Knockout1Demscouts Ping: 187

Client has executed command "GET NOW"

ServerControl >> VALUE NOW [1] [0] [376]

[Group] Knockout1Demscouts [Knockout1Demscouts]: "or did i win it?"

GET NOW
Client has executed command "GET NOW"

ServerControl >> VALUE NOW [1] [0] [376]

Client has executed command "bans"

Bans:
PlayerID: 76561197966773788
JudgeID: 0
Reason: 900000 Duration: 31536000 Remaining: 28008689
PlayerID: 76561198336969313
JudgeID: 0
Reason: reid Duration: 604800 Remaining: 123922
PlayerID: 76561198212486347
JudgeID: 0
Reason: reid Duration: 604800 Remaining: 124253
PlayerID: 76561198391097237
JudgeID: 0
Reason: reid Duration: 604800 Remaining: 286740
PlayerID: 76561198190667017
JudgeID: 0
Reason: cheater Duration: 31104000 Remaining: 30888967
PlayerID: 76561198374710965
JudgeID: 0
Reason: cheater Duration: 31104000 Remaining: 30888983

END
cchat "./cost <id>" 255 0 0
Client has executed command "cchat "./cost <id>" 255 0 0"

ServerControl >> Broadcast: ./cost <id>

Не обработано: ServerControl >> Broadcast: ./cost <id>
END
[Group] Knockout1Demscouts [Knockout1Demscouts]: "oh sweet"

Client has executed command "GET NOW"

ServerControl >> VALUE NOW [1] [0] [386]

GET NOW
Client has executed command "GET NOW"

ServerControl >> VALUE NOW [1] [0] [386]

cchat "there is just so)" 255 0 0
Client has executed command "cchat "there is just so)" 255 0 0"

ServerControl >> Broadcast: there is just so)

Не обработано: ServerControl >> Broadcast: there is just so)
Client has executed command "players"

Players:
PlayerID: 76561198424120093 Name: Knockout1Demscouts Character: Knockout1Demscouts Ping: 189

Client has executed command "GET NOW"

ServerControl >> VALUE NOW [1] [0] [396]

GET NOW
Client has executed command "GET NOW"

ServerControl >> VALUE NOW [1] [0] [396]

Client has executed command "bans"

Bans:
PlayerID: 76561197966773788
JudgeID: 0
Reason: 900000 Duration: 31536000 Remaining: 28008669
PlayerID: 76561198336969313
JudgeID: 0
Reason: reid Duration: 604800 Remaining: 123902
PlayerID: 76561198212486347
JudgeID: 0
Reason: reid Duration: 604800 Remaining: 124233
PlayerID: 76561198391097237
JudgeID: 0
Reason: reid Duration: 604800 Remaining: 286720
PlayerID: 76561198190667017
JudgeID: 0
Reason: cheater Duration: 31104000 Remaining: 30888947
PlayerID: 76561198374710965
JudgeID: 0
Reason: cheater Duration: 31104000 Remaining: 30888963

END
END
Client has executed command "GET NOW"

ServerControl >> VALUE NOW [1] [0] [406]

GET NOW
Client has executed command "GET NOW"

ServerControl >> VALUE NOW [1] [0] [406]

MessageAnnouncer >> Broadcast: Если модератор ведёт себя неподобающе, пишите в группу или ЛС (vk.com/unturned_hgm, vk.com/hemulgm)

MessageAnnouncer >> Если модератор ведёт себя неподобающе, пишите в группу или ЛС (vk.com/unturned_hgm, vk.com/hemulgm)

Client has executed command "players"

Players:
PlayerID: 76561198424120093 Name: Knockout1Demscouts Character: Knockout1Demscouts Ping: 179

Client has executed command "GET NOW"

ServerControl >> VALUE NOW [1] [0] [416]

GET NOW
Client has executed command "GET NOW"

ServerControl >> VALUE NOW [1] [0] [417]

Client has executed command "bans"

Bans:
PlayerID: 76561197966773788
JudgeID: 0
Reason: 900000 Duration: 31536000 Remaining: 28008649
PlayerID: 76561198336969313
JudgeID: 0
Reason: reid Duration: 604800 Remaining: 123882
PlayerID: 76561198212486347
JudgeID: 0
Reason: reid Duration: 604800 Remaining: 124213
PlayerID: 76561198391097237
JudgeID: 0
Reason: reid Duration: 604800 Remaining: 286700
PlayerID: 76561198190667017
JudgeID: 0
Reason: cheater Duration: 31104000 Remaining: 30888927
PlayerID: 76561198374710965
JudgeID: 0
Reason: cheater Duration: 31104000 Remaining: 30888943

END
END
[Group] Knockout1Demscouts [Knockout1Demscouts]: "./buy 81"

Client has executed command "GET NOW"

ServerControl >> VALUE NOW [1] [0] [426]

GET NOW
Client has executed command "GET NOW"

ServerControl >> VALUE NOW [1] [0] [427]

Client has executed command "players"

Players:
PlayerID: 76561198424120093 Name: Knockout1Demscouts Character: Knockout1Demscouts Ping: 199

Client has executed command "GET NOW"

ServerControl >> VALUE NOW [1] [0] [436]

GET NOW
Client has executed command "GET NOW"

ServerControl >> VALUE NOW [1] [0] [437]

Client has executed command "bans"

Bans:
PlayerID: 76561197966773788
JudgeID: 0
Reason: 900000 Duration: 31536000 Remaining: 28008629
PlayerID: 76561198336969313
JudgeID: 0
Reason: reid Duration: 604800 Remaining: 123862
PlayerID: 76561198212486347
JudgeID: 0
Reason: reid Duration: 604800 Remaining: 124193
PlayerID: 76561198391097237
JudgeID: 0
Reason: reid Duration: 604800 Remaining: 286680
PlayerID: 76561198190667017
JudgeID: 0
Reason: cheater Duration: 31104000 Remaining: 30888907
PlayerID: 76561198374710965
JudgeID: 0
Reason: cheater Duration: 31104000 Remaining: 30888923

END
END
cchat "no, dot not necessary" 255 0 0
Client has executed command "cchat "no, dot not necessary" 255 0 0"

ServerControl >> Broadcast: no, dot not necessary

Не обработано: ServerControl >> Broadcast: no, dot not necessary
Client has executed command "GET NOW"

ServerControl >> VALUE NOW [1] [0] [446]

GET NOW
Client has executed command "GET NOW"

ServerControl >> VALUE NOW [1] [0] [447]

Client has executed command "players"

Players:
PlayerID: 76561198424120093 Name: Knockout1Demscouts Character: Knockout1Demscouts Ping: 189

Client has executed command "GET NOW"

ServerControl >> VALUE NOW [1] [0] [456]

GET NOW
Client has executed command "GET NOW"

ServerControl >> VALUE NOW [1] [0] [457]

Client has executed command "bans"

Bans:
PlayerID: 76561197966773788
JudgeID: 0
Reason: 900000 Duration: 31536000 Remaining: 28008609
PlayerID: 76561198336969313
JudgeID: 0
Reason: reid Duration: 604800 Remaining: 123842
PlayerID: 76561198212486347
JudgeID: 0
Reason: reid Duration: 604800 Remaining: 124173
PlayerID: 76561198391097237
JudgeID: 0
Reason: reid Duration: 604800 Remaining: 286660
PlayerID: 76561198190667017
JudgeID: 0
Reason: cheater Duration: 31104000 Remaining: 30888887
PlayerID: 76561198374710965
JudgeID: 0
Reason: cheater Duration: 31104000 Remaining: 30888903
[Group] Knockout1Demscouts [Knockout1Demscouts]: "oh"

END
END
Client has executed command "GET NOW"

ServerControl >> VALUE NOW [1] [0] [466]

[Group] Knockout1Demscouts [Knockout1Demscouts]: "/buy 81"

GET NOW
Client has executed command "GET NOW"

ServerControl >> VALUE NOW [1] [0] [467]

MessageAnnouncer >> Broadcast: Посетите наш сайт. Вы будете удивлены! unturned.hemulgm.ru

MessageAnnouncer >> Посетите наш сайт. Вы будете удивлены! unturned.hemulgm.ru

Client has executed command "players"

Players:
PlayerID: 76561198424120093 Name: Knockout1Demscouts Character: Knockout1Demscouts Ping: 205

Client has executed command "GET NOW"

ServerControl >> VALUE NOW [1] [0] [476]

GET NOW
Client has executed command "GET NOW"

ServerControl >> VALUE NOW [1] [0] [477]

Client has executed command "bans"

Bans:
PlayerID: 76561197966773788
JudgeID: 0
Reason: 900000 Duration: 31536000 Remaining: 28008589
PlayerID: 76561198336969313
JudgeID: 0
Reason: reid Duration: 604800 Remaining: 123822
PlayerID: 76561198212486347
JudgeID: 0
Reason: reid Duration: 604800 Remaining: 124153
PlayerID: 76561198391097237
JudgeID: 0
Reason: reid Duration: 604800 Remaining: 286640
PlayerID: 76561198190667017
JudgeID: 0
Reason: cheater Duration: 31104000 Remaining: 30888867
PlayerID: 76561198374710965
JudgeID: 0
Reason: cheater Duration: 31104000 Remaining: 30888883

END
END
cchat "right" 255 0 0
Client has executed command "cchat "right" 255 0 0"

ServerControl >> Broadcast: right

Не обработано: ServerControl >> Broadcast: right
Client has executed command "GET NOW"

ServerControl >> VALUE NOW [1] [0] [486]

GET NOW
Client has executed command "GET NOW"

ServerControl >> VALUE NOW [1] [0] [487]

Client has executed command "players"

Players:
PlayerID: 76561198424120093 Name: Knockout1Demscouts Character: Knockout1Demscouts Ping: 205

Client has executed command "GET NOW"

ServerControl >> VALUE NOW [1] [0] [496]

GET NOW
Client has executed command "GET NOW"

ServerControl >> VALUE NOW [1] [0] [497]

Client has executed command "bans"

Bans:
PlayerID: 76561197966773788
JudgeID: 0
Reason: 900000 Duration: 31536000 Remaining: 28008569
PlayerID: 76561198336969313
JudgeID: 0
Reason: reid Duration: 604800 Remaining: 123802
PlayerID: 76561198212486347
JudgeID: 0
Reason: reid Duration: 604800 Remaining: 124133
PlayerID: 76561198391097237
JudgeID: 0
Reason: reid Duration: 604800 Remaining: 286620
PlayerID: 76561198190667017
JudgeID: 0
Reason: cheater Duration: 31104000 Remaining: 30888847
PlayerID: 76561198374710965
JudgeID: 0
Reason: cheater Duration: 31104000 Remaining: 30888863

END
END
cchat "to buy transport ./buy v.id" 255 0 0
[Group] Knockout1Demscouts [Knockout1Demscouts]: "so since you been watching me do I seem to be doing good for my self?"

Client has executed command "cchat "to buy transport ./buy v.id" 255 0 0"
ServerControl >> Broadcast: to buy transport ./buy v.id

Не обработано: ServerControl >> Broadcast: to buy transport ./buy v.id
Client has executed command "GET NOW"

ServerControl >> VALUE NOW [1] [0] [506]

GET NOW
Client has executed command "GET NOW"

ServerControl >> VALUE NOW [1] [0] [507]

PlayerInfoLib >> No expired player info records found for this batch.

Saving server

Сохранение сервера
Client has executed command "players"

Players:
PlayerID: 76561198424120093 Name: Knockout1Demscouts Character: Knockout1Demscouts Ping: 191

Client has executed command "GET NOW"

ServerControl >> VALUE NOW [1] [0] [516]

[Group] Knockout1Demscouts [Knockout1Demscouts]: "do workshop items count with buying stuff"

GET NOW
Client has executed command "GET NOW"

ServerControl >> VALUE NOW [1] [0] [517]

Client has executed command "bans"

Bans:
PlayerID: 76561197966773788
JudgeID: 0
Reason: 900000 Duration: 31536000 Remaining: 28008549
PlayerID: 76561198336969313
JudgeID: 0
Reason: reid Duration: 604800 Remaining: 123782
PlayerID: 76561198212486347
JudgeID: 0
Reason: reid Duration: 604800 Remaining: 124113
PlayerID: 76561198391097237
JudgeID: 0
Reason: reid Duration: 604800 Remaining: 286600
PlayerID: 76561198190667017
JudgeID: 0
Reason: cheater Duration: 31104000 Remaining: 30888827
PlayerID: 76561198374710965
JudgeID: 0
Reason: cheater Duration: 31104000 Remaining: 30888843

END
END
Client has executed command "GET NOW"

ServerControl >> VALUE NOW [1] [0] [526]

[Group] Knockout1Demscouts [Knockout1Demscouts]: "or just ingame?"

GET NOW
Client has executed command "GET NOW"

ServerControl >> VALUE NOW [1] [0] [527]

MessageAnnouncer >> Broadcast: vk.com/hemulgm - ЕДИНСТВЕННЫЙ администратор сервера

MessageAnnouncer >> vk.com/hemulgm - ЕДИНСТВЕННЫЙ администратор сервера

Client has executed command "players"

Players:
PlayerID: 76561198424120093 Name: Knockout1Demscouts Character: Knockout1Demscouts Ping: 191

Client has executed command "GET NOW"

ServerControl >> VALUE NOW [1] [0] [536]

GET NOW
Client has executed command "GET NOW"

ServerControl >> VALUE NOW [1] [0] [537]

Client has executed command "bans"

Bans:
PlayerID: 76561197966773788
JudgeID: 0
Reason: 900000 Duration: 31536000 Remaining: 28008529
PlayerID: 76561198336969313
JudgeID: 0
Reason: reid Duration: 604800 Remaining: 123762
PlayerID: 76561198212486347
JudgeID: 0
Reason: reid Duration: 604800 Remaining: 124093
PlayerID: 76561198391097237
JudgeID: 0
Reason: reid Duration: 604800 Remaining: 286580
PlayerID: 76561198190667017
JudgeID: 0
Reason: cheater Duration: 31104000 Remaining: 30888807
PlayerID: 76561198374710965
JudgeID: 0
Reason: cheater Duration: 31104000 Remaining: 30888823

END
cchat "ingame" 255 0 0
Client has executed command "cchat "ingame" 255 0 0"

ServerControl >> Broadcast: ingame

Не обработано: ServerControl >> Broadcast: ingame
END
Client has executed command "GET NOW"

ServerControl >> VALUE NOW [1] [0] [546]

GET NOW
Client has executed command "GET NOW"

ServerControl >> VALUE NOW [1] [0] [547]

[Group] Knockout1Demscouts [Knockout1Demscouts]: "alright"

Client has executed command "players"

Players:
PlayerID: 76561198424120093 Name: Knockout1Demscouts Character: Knockout1Demscouts Ping: 197

Client has executed command "GET NOW"

ServerControl >> VALUE NOW [1] [0] [556]

GET NOW
Client has executed command "GET NOW"

ServerControl >> VALUE NOW [1] [0] [557]

Client has executed command "bans"

Bans:
PlayerID: 76561197966773788
JudgeID: 0
Reason: 900000 Duration: 31536000 Remaining: 28008508
PlayerID: 76561198336969313
JudgeID: 0
Reason: reid Duration: 604800 Remaining: 123741
PlayerID: 76561198212486347
JudgeID: 0
Reason: reid Duration: 604800 Remaining: 124072
PlayerID: 76561198391097237
JudgeID: 0
Reason: reid Duration: 604800 Remaining: 286559
PlayerID: 76561198190667017
JudgeID: 0
Reason: cheater Duration: 31104000 Remaining: 30888786
PlayerID: 76561198374710965
JudgeID: 0
Reason: cheater Duration: 31104000 Remaining: 30888802

END
END
Client has executed command "GET NOW"

ServerControl >> VALUE NOW [1] [0] [566]

GET NOW
Client has executed command "GET NOW"

ServerControl >> VALUE NOW [1] [0] [567]

Client has executed command "players"

Players:
PlayerID: 76561198424120093 Name: Knockout1Demscouts Character: Knockout1Demscouts Ping: 187

Client has executed command "GET NOW"

ServerControl >> VALUE NOW [1] [0] [576]

GET NOW
Client has executed command "GET NOW"

ServerControl >> VALUE NOW [1] [0] [577]

Client has executed command "bans"

Bans:
PlayerID: 76561197966773788
JudgeID: 0
Reason: 900000 Duration: 31536000 Remaining: 28008488
PlayerID: 76561198336969313
JudgeID: 0
Reason: reid Duration: 604800 Remaining: 123721
PlayerID: 76561198212486347
JudgeID: 0
Reason: reid Duration: 604800 Remaining: 124052
PlayerID: 76561198391097237
JudgeID: 0
Reason: reid Duration: 604800 Remaining: 286539
PlayerID: 76561198190667017
JudgeID: 0
Reason: cheater Duration: 31104000 Remaining: 30888766
PlayerID: 76561198374710965
JudgeID: 0
Reason: cheater Duration: 31104000 Remaining: 30888782

END
END
cchat "I'm now doing an auto-translation for the console" 255 0 0
Client has executed command "cchat "I'm now doing an auto-translation for the console" 255 0 0"

ServerControl >> Broadcast: I'm now doing an auto-translation for the console

Не обработано: ServerControl >> Broadcast: I'm now doing an auto-translation for the console
Client has executed command "GET NOW"

ServerControl >> VALUE NOW [1] [0] [586]

GET NOW
Client has executed command "GET NOW"

ServerControl >> VALUE NOW [1] [0] [587]

MessageAnnouncer >> Broadcast: Используйте /report [ник], чтобы отправить жалобу на игрока
MessageAnnouncer >> Используйте /report [ник], чтобы отправить жалобу на игрока

Client has executed command "players"

Players:
PlayerID: 76561198424120093 Name: Knockout1Demscouts Character: Knockout1Demscouts Ping: 183

[Group] Knockout1Demscouts [Knockout1Demscouts]: "alright'"

Client has executed command "GET NOW"
ServerControl >> VALUE NOW [1] [0] [596]

GET NOW
Client has executed command "GET NOW"

ServerControl >> VALUE NOW [1] [0] [597]

cchat "With English I have a bad" 255 0 0
Client has executed command "cchat "With English I have a bad" 255 0 0"

ServerControl >> Broadcast: With English I have a bad

Не обработано: ServerControl >> Broadcast: With English I have a bad
Client has executed command "bans"

Bans:
PlayerID: 76561197966773788
JudgeID: 0
Reason: 900000 Duration: 31536000 Remaining: 28008468
PlayerID: 76561198336969313
JudgeID: 0
Reason: reid Duration: 604800 Remaining: 123701
PlayerID: 76561198212486347
JudgeID: 0
Reason: reid Duration: 604800 Remaining: 124032
PlayerID: 76561198391097237
JudgeID: 0
Reason: reid Duration: 604800 Remaining: 286519
PlayerID: 76561198190667017
JudgeID: 0
Reason: cheater Duration: 31104000 Remaining: 30888746
PlayerID: 76561198374710965
JudgeID: 0
Reason: cheater Duration: 31104000 Remaining: 30888762

END
END
Client has executed command "GET NOW"

ServerControl >> VALUE NOW [1] [0] [606]

GET NOW
Client has executed command "GET NOW"

ServerControl >> VALUE NOW [1] [0] [607]

cchat "as you could see" 255 0 0
Client has executed command "cchat "as you could see" 255 0 0"

ServerControl >> Broadcast: as you could see

Не обработано: ServerControl >> Broadcast: as you could see
[Group] Knockout1Demscouts [Knockout1Demscouts]: "Its fine dont worry"

Client has executed command "players"

Players:
PlayerID: 76561198424120093 Name: Knockout1Demscouts Character: Knockout1Demscouts Ping: 212

Client has executed command "GET NOW"

ServerControl >> VALUE NOW [1] [0] [616]

GET NOW
Client has executed command "GET NOW"

ServerControl >> VALUE NOW [1] [0] [617]

Client has executed command "bans"

Bans:
PlayerID: 76561197966773788
JudgeID: 0
Reason: 900000 Duration: 31536000 Remaining: 28008448
PlayerID: 76561198336969313
JudgeID: 0
Reason: reid Duration: 604800 Remaining: 123681
PlayerID: 76561198212486347
JudgeID: 0
Reason: reid Duration: 604800 Remaining: 124012
PlayerID: 76561198391097237
JudgeID: 0
Reason: reid Duration: 604800 Remaining: 286499
PlayerID: 76561198190667017
JudgeID: 0
Reason: cheater Duration: 31104000 Remaining: 30888726
PlayerID: 76561198374710965
JudgeID: 0
Reason: cheater Duration: 31104000 Remaining: 30888742

END
END
[Group] Knockout1Demscouts [Knockout1Demscouts]: "im dabbling in russian"

Client has executed command "GET NOW"

ServerControl >> VALUE NOW [1] [0] [626]

GET NOW
Client has executed command "GET NOW"

ServerControl >> VALUE NOW [1] [0] [627]

Client has executed command "players"

Players:
PlayerID: 76561198424120093 Name: Knockout1Demscouts Character: Knockout1Demscouts Ping: 195

Client has executed command "GET NOW"

ServerControl >> VALUE NOW [1] [0] [636]

[Group] Knockout1Demscouts [Knockout1Demscouts]: "not a pro at other languages"

GET NOW
Client has executed command "GET NOW"

ServerControl >> VALUE NOW [1] [0] [637]

Client has executed command "bans"

Bans:
PlayerID: 76561197966773788
JudgeID: 0
Reason: 900000 Duration: 31536000 Remaining: 28008428
PlayerID: 76561198336969313
JudgeID: 0
Reason: reid Duration: 604800 Remaining: 123661
PlayerID: 76561198212486347
JudgeID: 0
Reason: reid Duration: 604800 Remaining: 123992
PlayerID: 76561198391097237
JudgeID: 0
Reason: reid Duration: 604800 Remaining: 286479
PlayerID: 76561198190667017
JudgeID: 0
Reason: cheater Duration: 31104000 Remaining: 30888706
PlayerID: 76561198374710965
JudgeID: 0
Reason: cheater Duration: 31104000 Remaining: 30888722

END
END
Client has executed command "GET NOW"

ServerControl >> VALUE NOW [1] [0] [646]

GET NOW
Client has executed command "GET NOW"

ServerControl >> VALUE NOW [1] [0] [647]

MessageAnnouncer >> Broadcast: Наберите /rules (/r) для просмотра правил

MessageAnnouncer >> Наберите /rules (/r) для просмотра правил

Client has executed command "players"

Players:
PlayerID: 76561198424120093 Name: Knockout1Demscouts Character: Knockout1Demscouts Ping: 197

Client has executed command "GET NOW"

ServerControl >> VALUE NOW [1] [0] [656]

GET NOW
Client has executed command "bans"

Bans:
PlayerID: 76561197966773788
JudgeID: 0
Reason: 900000 Duration: 31536000 Remaining: 28008410
PlayerID: 76561198336969313
JudgeID: 0
Reason: reid Duration: 604800 Remaining: 123643
PlayerID: 76561198212486347
JudgeID: 0
Reason: reid Duration: 604800 Remaining: 123974
PlayerID: 76561198391097237
JudgeID: 0
Reason: reid Duration: 604800 Remaining: 286461
PlayerID: 76561198190667017
JudgeID: 0
Reason: cheater Duration: 31104000 Remaining: 30888688
PlayerID: 76561198374710965
JudgeID: 0
Reason: cheater Duration: 31104000 Remaining: 30888704
Client has executed command "GET NOW"
ServerControl >> VALUE NOW [1] [0] [657]

END
END
Client has executed command "GET NOW"

ServerControl >> VALUE NOW [1] [0] [666]

GET NOW
Client has executed command "GET NOW"

ServerControl >> VALUE NOW [1] [0] [667]

Client has executed command "players"

Players:
PlayerID: 76561198424120093 Name: Knockout1Demscouts Character: Knockout1Demscouts Ping: 203

Client has executed command "GET NOW"

ServerControl >> VALUE NOW [1] [0] [676]

Client has executed command "bans"

Bans:
PlayerID: 76561197966773788
JudgeID: 0
Reason: 900000 Duration: 31536000 Remaining: 28008390
PlayerID: 76561198336969313
JudgeID: 0
Reason: reid Duration: 604800 Remaining: 123623
PlayerID: 76561198212486347
JudgeID: 0
Reason: reid Duration: 604800 Remaining: 123954
PlayerID: 76561198391097237
JudgeID: 0
Reason: reid Duration: 604800 Remaining: 286441
PlayerID: 76561198190667017
JudgeID: 0
Reason: cheater Duration: 31104000 Remaining: 30888668
PlayerID: 76561198374710965
JudgeID: 0
Reason: cheater Duration: 31104000 Remaining: 30888684

END
GET NOW
Client has executed command "GET NOW"

ServerControl >> VALUE NOW [1] [0] [677]

END
Client has executed command "GET NOW"

ServerControl >> VALUE NOW [1] [0] [686]

GET NOW
Client has executed command "GET NOW"

ServerControl >> VALUE NOW [1] [0] [688]

[Group] Knockout1Demscouts [Knockout1Demscouts]: "if you want I can help you with translating"

Client has executed command "players"

Players:
PlayerID: 76561198424120093 Name: Knockout1Demscouts Character: Knockout1Demscouts Ping: 203

Client has executed command "GET NOW"

ServerControl >> VALUE NOW [1] [0] [696]

Client has executed command "bans"

Bans:
PlayerID: 76561197966773788
JudgeID: 0
Reason: 900000 Duration: 31536000 Remaining: 28008370
PlayerID: 76561198336969313
JudgeID: 0
Reason: reid Duration: 604800 Remaining: 123603
PlayerID: 76561198212486347
JudgeID: 0
Reason: reid Duration: 604800 Remaining: 123934
PlayerID: 76561198391097237
JudgeID: 0
Reason: reid Duration: 604800 Remaining: 286421
PlayerID: 76561198190667017
JudgeID: 0
Reason: cheater Duration: 31104000 Remaining: 30888648
PlayerID: 76561198374710965
JudgeID: 0
Reason: cheater Duration: 31104000 Remaining: 30888664

END
GET NOW
Client has executed command "GET NOW"

ServerControl >> VALUE NOW [1] [0] [698]

END
Client has executed command "GET NOW"

ServerControl >> VALUE NOW [1] [0] [706]

GET NOW
Client has executed command "GET NOW"

ServerControl >> VALUE NOW [1] [0] [708]

MessageAnnouncer >> Broadcast: Добро пожаловать на HGM. Тут рады вам больше, чем на любом другом сервере!

MessageAnnouncer >> Добро пожаловать на HGM. Тут рады вам больше, чем на любом другом сервере!

Client has executed command "players"

Players:
PlayerID: 76561198424120093 Name: Knockout1Demscouts Character: Knockout1Demscouts Ping: 185

Client has executed command "GET NOW"

ServerControl >> VALUE NOW [1] [0] [716]

Client has executed command "bans"

Bans:
PlayerID: 76561197966773788
JudgeID: 0
Reason: 900000 Duration: 31536000 Remaining: 28008350
PlayerID: 76561198336969313
JudgeID: 0
Reason: reid Duration: 604800 Remaining: 123583
PlayerID: 76561198212486347
JudgeID: 0
Reason: reid Duration: 604800 Remaining: 123914
PlayerID: 76561198391097237
JudgeID: 0
Reason: reid Duration: 604800 Remaining: 286401
PlayerID: 76561198190667017
JudgeID: 0
Reason: cheater Duration: 31104000 Remaining: 30888628
PlayerID: 76561198374710965
JudgeID: 0
Reason: cheater Duration: 31104000 Remaining: 30888644

END
GET NOW
Client has executed command "GET NOW"

ServerControl >> VALUE NOW [1] [0] [718]

END
Client has executed command "GET NOW"

ServerControl >> VALUE NOW [1] [0] [726]

GET NOW
Client has executed command "GET NOW"

ServerControl >> VALUE NOW [1] [0] [728]

Client has executed command "players"

Players:
PlayerID: 76561198424120093 Name: Knockout1Demscouts Character: Knockout1Demscouts Ping: 195

Client has executed command "GET NOW"

ServerControl >> VALUE NOW [1] [0] [736]

Client has executed command "bans"

Bans:
PlayerID: 76561197966773788
JudgeID: 0
Reason: 900000 Duration: 31536000 Remaining: 28008330
PlayerID: 76561198336969313
JudgeID: 0
Reason: reid Duration: 604800 Remaining: 123563
PlayerID: 76561198212486347
JudgeID: 0
Reason: reid Duration: 604800 Remaining: 123894
PlayerID: 76561198391097237
JudgeID: 0
Reason: reid Duration: 604800 Remaining: 286381
PlayerID: 76561198190667017
JudgeID: 0
Reason: cheater Duration: 31104000 Remaining: 30888608
PlayerID: 76561198374710965
JudgeID: 0
Reason: cheater Duration: 31104000 Remaining: 30888624

END
GET NOW
Client has executed command "GET NOW"

ServerControl >> VALUE NOW [1] [0] [738]

END
Client has executed command "GET NOW"

ServerControl >> VALUE NOW [1] [0] [746]

cchat "over google translater)" 255 0 0
Client has executed command "cchat "over google translater)" 255 0 0"

ServerControl >> Broadcast: over google translater)

Не обработано: ServerControl >> Broadcast: over google translater)
GET NOW
Client has executed command "GET NOW"

ServerControl >> VALUE NOW [1] [0] [748]

Client has executed command "players"

Players:
PlayerID: 76561198424120093 Name: Knockout1Demscouts Character: Knockout1Demscouts Ping: 183

Client has executed command "GET NOW"

ServerControl >> VALUE NOW [1] [0] [756]

Client has executed command "bans"

Bans:
PlayerID: 76561197966773788
JudgeID: 0
Reason: 900000 Duration: 31536000 Remaining: 28008310
PlayerID: 76561198336969313
JudgeID: 0
Reason: reid Duration: 604800 Remaining: 123543
PlayerID: 76561198212486347
JudgeID: 0
Reason: reid Duration: 604800 Remaining: 123874
PlayerID: 76561198391097237
JudgeID: 0
Reason: reid Duration: 604800 Remaining: 286361
PlayerID: 76561198190667017
JudgeID: 0
Reason: cheater Duration: 31104000 Remaining: 30888588
PlayerID: 76561198374710965
JudgeID: 0
Reason: cheater Duration: 31104000 Remaining: 30888604

END
GET NOW
Client has executed command "GET NOW"

ServerControl >> VALUE NOW [1] [0] [758]

END
Client has executed command "GET NOW"

ServerControl >> VALUE NOW [1] [0] [766]

GET NOW
Client has executed command "GET NOW"

ServerControl >> VALUE NOW [1] [0] [768]

MessageAnnouncer >> Broadcast: Наберите /kit start, чтобы получить стартовый набор (еда, вода, топор)

MessageAnnouncer >> Наберите /kit start, чтобы получить стартовый набор (еда, вода, топор)

Client has executed command "players"

Players:
PlayerID: 76561198424120093 Name: Knockout1Demscouts Character: Knockout1Demscouts Ping: 195

Client has executed command "GET NOW"

ServerControl >> VALUE NOW [1] [0] [776]

[Group] Knockout1Demscouts [Knockout1Demscouts]: "yeah well I can do a few words by my self"

GET NOW
Client has executed command "GET NOW"

ServerControl >> VALUE NOW [1] [0] [778]

Client has executed command "bans"

Bans:
PlayerID: 76561197966773788
JudgeID: 0
Reason: 900000 Duration: 31536000 Remaining: 28008288
PlayerID: 76561198336969313
JudgeID: 0
Reason: reid Duration: 604800 Remaining: 123521
PlayerID: 76561198212486347
JudgeID: 0
Reason: reid Duration: 604800 Remaining: 123852
PlayerID: 76561198391097237
JudgeID: 0
Reason: reid Duration: 604800 Remaining: 286339
PlayerID: 76561198190667017
JudgeID: 0
Reason: cheater Duration: 31104000 Remaining: 30888566
PlayerID: 76561198374710965
JudgeID: 0
Reason: cheater Duration: 31104000 Remaining: 30888582

END
END
Client has executed command "GET NOW"

ServerControl >> VALUE NOW [1] [0] [786]

GET NOW
Client has executed command "GET NOW"

ServerControl >> VALUE NOW [1] [0] [788]

Client has executed command "players"

Players:
PlayerID: 76561198424120093 Name: Knockout1Demscouts Character: Knockout1Demscouts Ping: 183

Client has executed command "GET NOW"

ServerControl >> VALUE NOW [1] [0] [796]

Client has executed command "bans"

Bans:
PlayerID: 76561197966773788
JudgeID: 0
Reason: 900000 Duration: 31536000 Remaining: 28008270
PlayerID: 76561198336969313
JudgeID: 0
Reason: reid Duration: 604800 Remaining: 123503
PlayerID: 76561198212486347
JudgeID: 0
Reason: reid Duration: 604800 Remaining: 123834
PlayerID: 76561198391097237
JudgeID: 0
Reason: reid Duration: 604800 Remaining: 286321
PlayerID: 76561198190667017
JudgeID: 0
Reason: cheater Duration: 31104000 Remaining: 30888548
PlayerID: 76561198374710965
JudgeID: 0
Reason: cheater Duration: 31104000 Remaining: 30888564

END
GET NOW
Client has executed command "GET NOW"

ServerControl >> VALUE NOW [1] [0] [798]

END
[Group] Knockout1Demscouts [Knockout1Demscouts]: "the hell?"

Client has executed command "GET NOW"

ServerControl >> VALUE NOW [1] [0] [806]

GET NOW
Client has executed command "GET NOW"

ServerControl >> VALUE NOW [1] [0] [808]

[Group] Knockout1Demscouts [Knockout1Demscouts]: "theres a red metal base"

cchat "if you need me, then write the word /66admin/66 in the chat and I will get a notification" 255 0 0
Client has executed command "cchat "if you need me, then write the word /66admin/66 in the chat and I will get a notification" 255 0 0"

ServerControl >> Broadcast: if you need me, then write the word "admin" in the chat and I will get a notification

Не обработано: ServerControl >> Broadcast: if you need me, then write the word "admin" in the chat and I will get a notification
Client has executed command "players"

Players:
PlayerID: 76561198424120093 Name: Knockout1Demscouts Character: Knockout1Demscouts Ping: 185

Client has executed command "GET NOW"

ServerControl >> VALUE NOW [1] [0] [816]

Client has executed command "bans"

Bans:
PlayerID: 76561197966773788
JudgeID: 0
Reason: 900000 Duration: 31536000 Remaining: 28008250
PlayerID: 76561198336969313
JudgeID: 0
Reason: reid Duration: 604800 Remaining: 123483
PlayerID: 76561198212486347
JudgeID: 0
Reason: reid Duration: 604800 Remaining: 123814
PlayerID: 76561198391097237
JudgeID: 0
Reason: reid Duration: 604800 Remaining: 286301
PlayerID: 76561198190667017
JudgeID: 0
Reason: cheater Duration: 31104000 Remaining: 30888528
PlayerID: 76561198374710965
JudgeID: 0
Reason: cheater Duration: 31104000 Remaining: 30888544

END
GET NOW
Client has executed command "GET NOW"

ServerControl >> VALUE NOW [1] [0] [818]

END
[Group] Knockout1Demscouts [Knockout1Demscouts]: "ok"

Client has executed command "GET NOW"

ServerControl >> VALUE NOW [1] [0] [826]

GET NOW
Client has executed command "GET NOW"

ServerControl >> VALUE NOW [1] [0] [828]

MessageAnnouncer >> Broadcast: Внимание! PvP-режим по субботам! PvP-режим!!!

MessageAnnouncer >> Внимание! PvP-режим по субботам! PvP-режим!!!

cchat "im afk" 255 0 0
Client has executed command "cchat "im afk" 255 0 0"

ServerControl >> Broadcast: im afk

Не обработано: ServerControl >> Broadcast: im afk
Client has executed command "players"

Players:
PlayerID: 76561198424120093 Name: Knockout1Demscouts Character: Knockout1Demscouts Ping: 207

[Group] Knockout1Demscouts [Knockout1Demscouts]: "nice meeting you"

Client has executed command "GET NOW"

ServerControl >> VALUE NOW [1] [0] [836]

Client has executed command "bans"

Bans:
PlayerID: 76561197966773788
JudgeID: 0
Reason: 900000 Duration: 31536000 Remaining: 28008230
PlayerID: 76561198336969313
JudgeID: 0
Reason: reid Duration: 604800 Remaining: 123463
PlayerID: 76561198212486347
JudgeID: 0
Reason: reid Duration: 604800 Remaining: 123794
PlayerID: 76561198391097237
JudgeID: 0
Reason: reid Duration: 604800 Remaining: 286281
PlayerID: 76561198190667017
JudgeID: 0
Reason: cheater Duration: 31104000 Remaining: 30888508
PlayerID: 76561198374710965
JudgeID: 0
Reason: cheater Duration: 31104000 Remaining: 30888524

END
GET NOW
Client has executed command "GET NOW"

ServerControl >> VALUE NOW [1] [0] [838]

END
Client has executed command "GET NOW"

ServerControl >> VALUE NOW [1] [0] [846]

GET NOW
Client has executed command "GET NOW"

ServerControl >> VALUE NOW [1] [0] [848]

cchat "mutually" 255 0 0
Client has executed command "cchat "mutually" 255 0 0"

ServerControl >> Broadcast: mutually

Не обработано: ServerControl >> Broadcast: mutually
Client has executed command "players"

Players:
PlayerID: 76561198424120093 Name: Knockout1Demscouts Character: Knockout1Demscouts Ping: 189

Client has executed command "GET NOW"

ServerControl >> VALUE NOW [1] [0] [856]

Client has executed command "bans"

Bans:
PlayerID: 76561197966773788
JudgeID: 0
Reason: 900000 Duration: 31536000 Remaining: 28008210
PlayerID: 76561198336969313
JudgeID: 0
Reason: reid Duration: 604800 Remaining: 123443
PlayerID: 76561198212486347
JudgeID: 0
Reason: reid Duration: 604800 Remaining: 123774
PlayerID: 76561198391097237
JudgeID: 0
Reason: reid Duration: 604800 Remaining: 286261
PlayerID: 76561198190667017
JudgeID: 0
Reason: cheater Duration: 31104000 Remaining: 30888488
PlayerID: 76561198374710965
JudgeID: 0
Reason: cheater Duration: 31104000 Remaining: 30888504

END
GET NOW
Client has executed command "GET NOW"

ServerControl >> VALUE NOW [1] [0] [858]

END
Client has executed command "GET NOW"

ServerControl >> VALUE NOW [1] [0] [866]

GET NOW
Client has executed command "GET NOW"

ServerControl >> VALUE NOW [1] [0] [868]

