RocketRcon v2.4.8.0

login aVIPs22031994
players
Client has executed command "players"
Players:
PlayerID: 76561198444494613 Name: vladkrigin Character: дима васильев Ping: 152
PlayerID: 76561198423084997 Name: lovemariina Character: Rendy Ping: 125
PlayerID: 76561198290750582 Name: FlipLOOT.Farm Character: Shinobi Ping: 46
PlayerID: 76561198152645913 Name: jon Character: jon Ping: 46
PlayerID: 76561198265247601 Name: BisonbonasusPlay Character: Dmitriy Ping: 453

Client has executed command "GET NOW"
ServerControl >> VALUE NOW [1] [0] [297]

Client has executed command "bans"
Bans:
PlayerID: 76561197966773788
JudgeID: 0
Reason: 900000 Duration: 31536000 Remaining: 27912212
PlayerID: 76561198336969313
JudgeID: 0
Reason: reid Duration: 604800 Remaining: 27445
PlayerID: 76561198212486347
JudgeID: 0
Reason: reid Duration: 604800 Remaining: 27776
PlayerID: 76561198391097237
JudgeID: 0
Reason: reid Duration: 604800 Remaining: 190263
PlayerID: 76561198190667017
JudgeID: 0
Reason: cheater Duration: 31104000 Remaining: 30792490
PlayerID: 76561198374710965
JudgeID: 0
Reason: cheater Duration: 31104000 Remaining: 30792506

END
END
Client has executed command "GET NOW"

ServerControl >> VALUE NOW [1] [0] [307]

Client has executed command "players"

Players:
PlayerID: 76561198444494613 Name: vladkrigin Character: дима васильев Ping: 171
PlayerID: 76561198423084997 Name: lovemariina Character: Rendy Ping: 121
PlayerID: 76561198290750582 Name: FlipLOOT.Farm Character: Shinobi Ping: 58
PlayerID: 76561198152645913 Name: jon Character: jon Ping: 54
PlayerID: 76561198265247601 Name: BisonbonasusPlay Character: Dmitriy Ping: 85

GET NOW
Client has executed command "GET NOW"

