Не обработано: RocketRcon v2.4.8.0
RocketRcon v2.4.8.0

Client has executed command "players"

TimerTerminateCommand.Enabled with Players:
Players:
PlayerID: 76561198366549870 Name: Expert13372284200 Character: Expert1337 Ping: 171
PlayerID: 76561198200101595 Name: NEVALYASHA Character: NEVALYASHA Ping: 144
PlayerID: 76561198303283372 Name: PeR4IK Character: данил Ping: 117
PlayerID: 76561198140053978 Name: 7_AleX_3 Character: 7_AleX_3 Ping: 46
PlayerID: 76561198295801599 Name: Lo[x] Character: Lo[x] Ping: 74
PlayerID: 76561198314140913 Name: DireHick Character: JeffRee Ping: 27
PlayerID: 76561198314638573 Name: UDODMEN Character: udodmen Ping: 89
PlayerID: 76561198176817369 Name: ?. Character: GlodiS Ping: 85
PlayerID: 76561198280617288 Name: Незнаю какой придумать Character: Пипр Ping: 82
PlayerID: 76561198276840558 Name: Котик ^-^ Character: kennys Ping: 117
PlayerID: 76561198256523318 Name: baha Character: baha Ping: 46
PlayerID: 76561198241901342 Name: Podarochek Character: Игорь Петрович Ping: 132
PlayerID: 76561198287257345 Name: TheHard27 Character: TheHard27 Ping: 167
PlayerID: 76561198380218376 Name: wdsdewdasd2 Character: wdsdewdasd2 Ping: 125
PlayerID: 76561198292543416 Name: Mr_GiladKing Character: GamerYT Ping: 66
PlayerID: 76561198274640327 Name: NGB_KOTLETA Character: NGB_KOTLETA Ping: 113
PlayerID: 76561198392663165 Name: cherniy.maksim Character: cherniy.maksim Ping: 121
PlayerID: 76561198291966293 Name: redkostniy pedoras Character: ZaXaR4K Ping: 66
PlayerID: 76561198391121800 Name: Джеимс Вурхиз Character: Джеимс Вурхиз Ping: 132

TimerTerminateCommand.Enabled with Players:
PlayerID: 76561198322193999 Name: ™_Game®_™ Character: (POLISE)_MaKeR_ Ping: 179
PlayerID: 76561198257991263 Name: Box Head Character: lektor0312 Ping: 97

TimerTerminateCommand.Enabled with Players:
Client has executed command "bans"

END with Players:
TimerTerminateCommand.Enabled with Bans:
Bans:
PlayerID: 123123
JudgeID: 0
Reason: unspecified Duration: 31536000 Remaining: 31467601
PlayerID: 123
JudgeID: 0
Reason: durila Duration: 4000 Remaining: 4294903395
PlayerID: 76561198274427357
JudgeID: 0
Reason: you were vote kicked Duration: 180 Remaining: 4294931768

TimerTerminateCommand.Enabled with Bans:
[World] TheHard27 [TheHard27]: "/home"

END with Bans:
Disconnecting: PlayerID: 76561198366549870 Name: Expert13372284200 Character: Expert1337

Client has executed command "players"

TimerTerminateCommand.Enabled with Players:
Players:
PlayerID: 76561198200101595 Name: NEVALYASHA Character: NEVALYASHA Ping: 125
PlayerID: 76561198303283372 Name: PeR4IK Character: данил Ping: 89
PlayerID: 76561198140053978 Name: 7_AleX_3 Character: 7_AleX_3 Ping: 62
PlayerID: 76561198295801599 Name: Lo[x] Character: Lo[x] Ping: 74
PlayerID: 76561198314140913 Name: DireHick Character: JeffRee Ping: 46
PlayerID: 76561198314638573 Name: UDODMEN Character: udodmen Ping: 89
PlayerID: 76561198176817369 Name: ?. Character: GlodiS Ping: 93
PlayerID: 76561198280617288 Name: Незнаю какой придумать Character: Пипр Ping: 62
PlayerID: 76561198276840558 Name: Котик ^-^ Character: kennys Ping: 160
PlayerID: 76561198256523318 Name: baha Character: baha Ping: 54
PlayerID: 76561198241901342 Name: Podarochek Character: Игорь Петрович Ping: 125
PlayerID: 76561198287257345 Name: TheHard27 Character: TheHard27 Ping: 187
PlayerID: 76561198380218376 Name: wdsdewdasd2 Character: wdsdewdasd2 Ping: 121
PlayerID: 76561198292543416 Name: Mr_GiladKing Character: GamerYT Ping: 70
PlayerID: 76561198274640327 Name: NGB_KOTLETA Character: NGB_KOTLETA Ping: 101
PlayerID: 76561198392663165 Name: cherniy.maksim Character: cherniy.maksim Ping: 105
PlayerID: 76561198291966293 Name: redkostniy pedoras Character: ZaXaR4K Ping: 74
PlayerID: 76561198391121800 Name: Джеимс Вурхиз Character: Джеимс Вурхиз Ping: 89
PlayerID: 76561198322193999 Name: ™_Game®_™ Character: (POLISE)_MaKeR_ Ping: 101

TimerTerminateCommand.Enabled with Players:
PlayerID: 76561198257991263 Name: Box Head Character: lektor0312 Ping: 132

END with Players:
[World] wdsdewdasd2 [wdsdewdasd2]: "tqqqqq"

[World] lektor0312 [Box Head]: "/kit start"

[World] wdsdewdasd2 [wdsdewdasd2]: "ей меня забыли"

