RocketRcon v2.4.8.0

login aVIPs22031994
players
Client has executed command "players"
Players:
PlayerID: 76561198424120093 Name: Knockout1Demscouts Character: Knockout1Demscouts Ping: 197
PlayerID: 76561198218103779 Name: Магистр_Сала Character: мафия    Ping: 29
PlayerID: 76561198170878115 Name: EssexSting1 Character: EssexSting1 Ping: 208

Client has executed command "bans"
Bans:
PlayerID: 76561197966773788
JudgeID: 0
Reason: 900000 Duration: 31536000 Remaining: 28011759
PlayerID: 76561198336969313
JudgeID: 0
Reason: reid Duration: 604800 Remaining: 126992
PlayerID: 76561198212486347
JudgeID: 0
Reason: reid Duration: 604800 Remaining: 127323
PlayerID: 76561198391097237
JudgeID: 0
Reason: reid Duration: 604800 Remaining: 289810
PlayerID: 76561198190667017
JudgeID: 0
Reason: cheater Duration: 31104000 Remaining: 30892037
PlayerID: 76561198374710965
JudgeID: 0
Reason: cheater Duration: 31104000 Remaining: 30892053

END
END
Client has executed command "GET NOW"

ServerControl >> VALUE NOW [1] [0] [914]

Client has executed command "players"

Players:
PlayerID: 76561198424120093 Name: Knockout1Demscouts Character: Knockout1Demscouts Ping: 210
PlayerID: 76561198218103779 Name: Магистр_Сала Character: мафия    Ping: 17
PlayerID: 76561198170878115 Name: EssexSting1 Character: EssexSting1 Ping: 201

Client has executed command "bans"

Bans:
PlayerID: 76561197966773788
JudgeID: 0
Reason: 900000 Duration: 31536000 Remaining: 28011751
PlayerID: 76561198336969313
JudgeID: 0
Reason: reid Duration: 604800 Remaining: 126984
PlayerID: 76561198212486347
JudgeID: 0
Reason: reid Duration: 604800 Remaining: 127315
PlayerID: 76561198391097237
JudgeID: 0
Reason: reid Duration: 604800 Remaining: 289802
PlayerID: 76561198190667017
JudgeID: 0
Reason: cheater Duration: 31104000 Remaining: 30892029
PlayerID: 76561198374710965
JudgeID: 0
Reason: cheater Duration: 31104000 Remaining: 30892045

END
END
GET NOW
Client has executed command "GET NOW"

ServerControl >> VALUE NOW [1] [0] [921]

