Подключение к RCON сервера
ClientSocketLookup
Загрузка данных из локальной БД
Запуск модуля слежения за процессом
ClientSocketConnecting
ClientSocketConnect
ClientSocketWrite
Подключение к БД сервера
Подключение к БД сайта
Can't connect to MySQL server on '127.0.0.1' (10061)
Подключение к локальной папке сервера
Подключение к Вконтакте
Запуск таймеров
Запуск потока обновления списка онлайн-игроков
Запуск потока обработки сообщений с сайта и на сайт
Запуск потока запросов на сервер
Запуск потока мониторинга за процессом сервера
Запуск потока работы с Телеграмом
Запуск совершён
except DeleteDonat You have an error in your SQL syntax; check the manual that corresponds to your MySQL server version for the right syntax to use near 'where ID = '26'' at line 1
