RocketRcon v2.4.8.0

login aVIPs22031994
players
cchat "76561198385149949" "/53 /19/05/01/32 /11/15/14/24/09/12/18/32 /04/15/14/00/19" 255 255 255
Client has executed command "players"
Players:
PlayerID: 76561198366549870 Name: Expert13372284200 Character: Expert1337 Ping: 218
PlayerID: 76561198385149949 Name: GoDNooB Character: GoDNooB Ping: 127
PlayerID: 76561198315561906 Name: MaXiMuS Character: valuxa1984 Ping: 55
PlayerID: 76561198430964141 Name: tolikoleshki Character: tolik Ping: 77
PlayerID: 76561198265247601 Name: BisonbonasusPlay Character: Dmitriy Ping: 83
PlayerID: 76561198384139999 Name: agat84 Character: Mr.Shadou Ping: 83

Client has executed command "cchat "76561198385149949" "/53 /19/05/01/32 /11/15/14/24/09/12/18/32 /04/15/14/00/19" 255 255 255"

ServerControl >> /53 /19/05/01/32 /11/15/14/24/09/12/18/32 /04/15/14/00/19 255 255 255

Не обработано: ServerControl >> /53 /19/05/01/32 /11/15/14/24/09/12/18/32 /04/15/14/00/19 255 255 255
Client has executed command "bans"
Bans:
PlayerID: 76561197966773788
JudgeID: 0
Reason: 900000 Duration: 31536000 Remaining: 28076719
PlayerID: 76561198336969313
JudgeID: 0
Reason: reid Duration: 604800 Remaining: 191952
PlayerID: 76561198212486347
JudgeID: 0
Reason: reid Duration: 604800 Remaining: 192283
PlayerID: 76561198391097237
JudgeID: 0
Reason: reid Duration: 604800 Remaining: 354770
PlayerID: 76561198190667017
JudgeID: 0
Reason: cheater Duration: 31104000 Remaining: 30956997
PlayerID: 76561198374710965
JudgeID: 0
Reason: cheater Duration: 31104000 Remaining: 30957013

END
END
MessageAnnouncer >> Broadcast: Наберите /kit help, чтобы получить первую мед. помощь (бинты, таблетки, еда)

MessageAnnouncer >> Наберите /kit help, чтобы получить первую мед. помощь (бинты, таблетки, еда)

Client has executed command "GET NOW"

ServerControl >> VALUE NOW [1] [0] [2245]

