17.11.2017 15:29:11: login aVIPs22031994
17.11.2017 15:29:11: players
17.11.2017 15:29:14: FUpdatePlayerList
17.11.2017 15:29:14: bans
17.11.2017 15:29:19: FUpdatePlayerList
17.11.2017 15:29:19: bans
17.11.2017 15:29:39: FUpdatePlayerList
17.11.2017 15:29:39: bans
17.11.2017 15:29:51: cchat "/44/15/03/15-/14/09/01/20/04/29 /11/20/04/00-/14/09/01/20/04/29 /19/16?" 255 0 0
17.11.2017 15:29:59: FUpdatePlayerList
17.11.2017 15:29:59: bans
17.11.2017 15:30:19: FUpdatePlayerList
17.11.2017 15:30:19: bans
17.11.2017 15:30:24: cchat "/47/20 /16/07" 255 0 0
17.11.2017 15:30:27: cchat "/44/15/03/15-/14/09/01/20/04/29 /11/20/04/00-/14/09/01/20/04/29 /19/16?" 255 0 0
17.11.2017 15:30:36: cchat "/46/14/05 /19/15/12/29/11/15 /16/17/15/02/05/17/09/19/29" 255 0 0
17.11.2017 15:30:39: FUpdatePlayerList
17.11.2017 15:30:39: bans
17.11.2017 15:30:59: FUpdatePlayerList
17.11.2017 15:30:59: bans
17.11.2017 15:31:19: FUpdatePlayerList
17.11.2017 15:31:19: bans
17.11.2017 15:31:40: FUpdatePlayerList
17.11.2017 15:31:40: bans
17.11.2017 15:31:59: FUpdatePlayerList
17.11.2017 15:31:59: bans
17.11.2017 15:32:19: FUpdatePlayerList
17.11.2017 15:32:19: bans
17.11.2017 15:32:39: FUpdatePlayerList
17.11.2017 15:32:39: bans
17.11.2017 15:32:59: FUpdatePlayerList
17.11.2017 15:32:59: bans
17.11.2017 15:33:19: FUpdatePlayerList
17.11.2017 15:33:19: bans
17.11.2017 15:33:23: cchat "/44/15/03/15-/14/09/01/20/04/29 /11/20/04/00-/14/09/01/20/04/29 /19/16?" 255 0 0
17.11.2017 15:33:39: FUpdatePlayerList
17.11.2017 15:33:39: bans
17.11.2017 15:33:59: FUpdatePlayerList
17.11.2017 15:33:59: bans
17.11.2017 15:34:16: cchat "/44/15/03/15-/14/09/01/20/04/29 /11/20/04/00-/14/09/01/20/04/29 /19/16?" 255 0 0
17.11.2017 15:34:19: FUpdatePlayerList
17.11.2017 15:34:19: bans
17.11.2017 15:34:39: FUpdatePlayerList
17.11.2017 15:34:39: bans
17.11.2017 15:34:59: FUpdatePlayerList
17.11.2017 15:34:59: bans
17.11.2017 15:35:19: FUpdatePlayerList
17.11.2017 15:35:19: bans
17.11.2017 15:35:39: FUpdatePlayerList
17.11.2017 15:35:39: bans
17.11.2017 15:35:59: FUpdatePlayerList
17.11.2017 15:35:59: bans
17.11.2017 15:36:06: teleport 76561198170498361 Paradise Point
17.11.2017 15:36:06: 76561198170498361 телепортирован к Paradise Point
17.11.2017 15:36:06: Failed to find parameters in format [SteamID | Player]/[SteamID | Player].
17.11.2017 15:36:19: FUpdatePlayerList
17.11.2017 15:36:19: bans
17.11.2017 15:36:22: cchat "/18/05/11" 255 0 0
