RocketRcon v2.4.8.0

login aVIPs22031994
players
Client has executed command "players"
Failed to find any players.
Client has executed command "players"
Failed to find any players.

Client has executed command "GET NOW"
ServerControl >> VALUE NOW [0] [0] [2309]

Client has executed command "GET NOW"

ServerControl >> VALUE NOW [0] [0] [2319]

GET NOW
Client has executed command "GET NOW"

ServerControl >> VALUE NOW [0] [0] [2322]

Client has executed command "players"

Failed to find any players.

Client has executed command "GET NOW"

ServerControl >> VALUE NOW [0] [0] [2329]

GET NOW
Client has executed command "GET NOW"

ServerControl >> VALUE NOW [0] [0] [2332]

MessageAnnouncer >> Broadcast: Наберите /kit claim, чтобы получить Claim Flag

MessageAnnouncer >> Наберите /kit claim, чтобы получить Claim Flag

