20.11.2017 11:15:54: RocketRcon v2.4.8.0

20.11.2017 11:15:54: login aVIPs22031994
20.11.2017 11:15:54: players
20.11.2017 11:15:55: Client has executed command "players"
Players:
PlayerID: 76561198245870076 Name: 0|TheGangstar|0 Character: Nyan Bread Ping: 120

20.11.2017 11:15:56: Client has executed command "bans"
Bans:
PlayerID: 76561197966773788
JudgeID: 0
Reason: 900000 Duration: 31536000 Remaining: 28270612
PlayerID: 76561198336969313
JudgeID: 0
Reason: reid Duration: 604800 Remaining: 385845
PlayerID: 76561198212486347
JudgeID: 0
Reason: reid Duration: 604800 Remaining: 386176
PlayerID: 76561198391097237
JudgeID: 0
Reason: reid Duration: 604800 Remaining: 548663

20.11.2017 11:15:56: END
20.11.2017 11:15:58: END
20.11.2017 11:16:04: Client has executed command "players"

20.11.2017 11:16:04: Players:
PlayerID: 76561198245870076 Name: 0|TheGangstar|0 Character: Nyan Bread Ping: 115

20.11.2017 11:16:06: Client has executed command "bans"

20.11.2017 11:16:06: Bans:
PlayerID: 76561197966773788
JudgeID: 0
Reason: 900000 Duration: 31536000 Remaining: 28270602
PlayerID: 76561198336969313
JudgeID: 0
Reason: reid Duration: 604800 Remaining: 385835
PlayerID: 76561198212486347
JudgeID: 0
Reason: reid Duration: 604800 Remaining: 386166
PlayerID: 76561198391097237
JudgeID: 0
Reason: reid Duration: 604800 Remaining: 548653

20.11.2017 11:16:06: END
20.11.2017 11:16:13: VehicleEvents >> Broadcast: Брошенный транспорт 'Оранжевый снегоход' в Arlington Farm! Найди его и он твой!

20.11.2017 11:16:14: END
