Не обработано: RocketRcon v2.4.8.0
RocketRcon v2.4.8.0

Client has executed command "players"

TimerTerminateCommand.Enabled with Players:
Players:
PlayerID: 76561198140053978 Name: 7_AleX_3 Character: 7_AleX_3 Ping: 41
PlayerID: 76561198235802198 Name: Bodya Character: Bodya Ping: 135
PlayerID: 76561198366549870 Name: Expert13372284200 Character: Expert1337 Ping: 163
PlayerID: 76561198368930526 Name: LLlaxuD Character: LLlaxuD Ping: 141
PlayerID: 76561198123840535 Name: ?????? Character: top Ping: 347
PlayerID: 76561198289556960 Name: доширак Character: artiom$KI Ping: 218
PlayerID: 76561198030393730 Name: heavy198 Character: heavy198 Ping: 139
PlayerID: 76561198152563082 Name: Drakon Character: Stanat Ping: 150
PlayerID: 76561198051446787 Name: PUGNA Character: Opticor Ping: 22
PlayerID: 76561198397238388 Name: nikita-zakharov-1999 Character: nikita-zakharov-1999 Ping: 46
PlayerID: 76561198247269044 Name: SpaceMan Character: КрасноглазыйЧерножоп Ping: 49
PlayerID: 76561198238255690 Name: SWAG Character: AimBooT #NiceShot Ping: 104

TimerTerminateCommand.Enabled with Players:
[World] Expert1337 [Expert13372284200]: "я пулик дам взамен"

END with Players:
Client has executed command "bans"

TimerTerminateCommand.Enabled with Bans:
Bans:
PlayerID: 76561198274427357
JudgeID: 0
Reason: you were vote kicked Duration: 180 Remaining: 4293981987

TimerTerminateCommand.Enabled with Bans:
[World] heavy198 [heavy198]: "tpa accept"

TimerTerminateCommand.Enabled with Bans:
[World] top [??????]: "кинь еще раз"

END with Bans:
TimerTerminateCommand.Enabled with Players:
Client has executed command "players"
Players:
PlayerID: 76561198140053978 Name: 7_AleX_3 Character: 7_AleX_3 Ping: 38
PlayerID: 76561198235802198 Name: Bodya Character: Bodya Ping: 136
PlayerID: 76561198366549870 Name: Expert13372284200 Character: Expert1337 Ping: 162
PlayerID: 76561198368930526 Name: LLlaxuD Character: LLlaxuD Ping: 136
PlayerID: 76561198123840535 Name: ?????? Character: top Ping: 325
PlayerID: 76561198289556960 Name: доширак Character: artiom$KI Ping: 187
PlayerID: 76561198030393730 Name: heavy198 Character: heavy198 Ping: 137
PlayerID: 76561198152563082 Name: Drakon Character: Stanat Ping: 139
PlayerID: 76561198051446787 Name: PUGNA Character: Opticor Ping: 38
PlayerID: 76561198397238388 Name: nikita-zakharov-1999 Character: nikita-zakharov-1999 Ping: 51
PlayerID: 76561198247269044 Name: SpaceMan Character: КрасноглазыйЧерножоп Ping: 46
PlayerID: 76561198238255690 Name: SWAG Character: AimBooT #NiceShot Ping: 95

END with Players:
Client has executed command "bans"

TimerTerminateCommand.Enabled with Bans:
Bans:
PlayerID: 76561198274427357
JudgeID: 0
Reason: you were vote kicked Duration: 180 Remaining: 4293981968

TimerTerminateCommand.Enabled with Bans:
[World] heavy198 [heavy198]: "бодя"

