RocketRcon v2.4.8.0

login aVIPs22031994
players
Client has executed command "players"
Failed to find any players.
Client has executed command "players"

Failed to find any players.

Client has executed command "GET NOW"
ServerControl >> VALUE NOW [0] [0] [2853]

Client has executed command "GET NOW"

ServerControl >> VALUE NOW [0] [0] [2863]

GET NOW
Client has executed command "GET NOW"

ServerControl >> VALUE NOW [0] [0] [2864]

Client has executed command "players"

Failed to find any players.

Client has executed command "GET NOW"

ServerControl >> VALUE NOW [0] [0] [2873]

GET NOW
Client has executed command "GET NOW"

ServerControl >> VALUE NOW [0] [0] [2874]

MessageAnnouncer >> Broadcast: Наберите /kit help, чтобы получить первую мед. помощь (бинты, таблетки, еда)

MessageAnnouncer >> Наберите /kit help, чтобы получить первую мед. помощь (бинты, таблетки, еда)

Client has executed command "GET NOW"

ServerControl >> VALUE NOW [0] [0] [2883]

GET NOW
Client has executed command "GET NOW"

ServerControl >> VALUE NOW [0] [0] [2884]

Client has executed command "players"

Failed to find any players.

Client has executed command "GET NOW"

ServerControl >> VALUE NOW [0] [0] [2893]

GET NOW
Client has executed command "GET NOW"

ServerControl >> VALUE NOW [0] [0] [2894]

Client has executed command "GET NOW"

ServerControl >> VALUE NOW [0] [0] [2903]

GET NOW
Client has executed command "GET NOW"

ServerControl >> VALUE NOW [0] [0] [2904]

Client has executed command "players"

Failed to find any players.

Client has executed command "GET NOW"

ServerControl >> VALUE NOW [0] [0] [2913]

GET NOW
Client has executed command "GET NOW"

ServerControl >> VALUE NOW [0] [0] [2914]

Client has executed command "GET NOW"

ServerControl >> VALUE NOW [0] [0] [2923]

GET NOW
Client has executed command "GET NOW"

ServerControl >> VALUE NOW [0] [0] [2924]

Client has executed command "players"
Failed to find any players.

