25.06.2017 13:49:50: Отправлен в бан 76561198330640699 "BANNED" 3600
25.06.2017 13:49:50: Successfully banned 76561198330640699 for 3600 seconds!
25.06.2017 17:33:29: Successfully set time to day!
25.06.2017 17:35:31: Successfully set airdrop!
25.06.2017 17:35:32: Successfully set airdrop!
25.06.2017 17:35:34: Successfully set airdrop!
25.06.2017 17:35:35: Successfully set airdrop!
25.06.2017 17:35:36: Successfully set airdrop!
25.06.2017 17:35:45: Successfully set airdrop!
25.06.2017 17:53:14: Successfully permabanned 76561198392750097!
25.06.2017 17:53:31: Successfully permabanned 76561198388803679!
25.06.2017 17:53:37: Successfully permabanned 76561198341417980!
25.06.2017 18:06:28: Successfully set time to day!
25.06.2017 18:57:05: Разбанен 76561198392750097
25.06.2017 18:57:05: Successfully unbanned 76561198392750097!
25.06.2017 18:57:06: Разбанен 76561198388803679
25.06.2017 18:57:06: Successfully unbanned 76561198388803679!
25.06.2017 18:57:08: Разбанен 76561198341417980
25.06.2017 18:57:08: Successfully unbanned 76561198341417980!
25.06.2017 18:57:12: Разбанен 76561198287598789
25.06.2017 18:57:12: Successfully unbanned 76561198287598789!
25.06.2017 18:57:22: Разбанен 76561198330640699
25.06.2017 18:57:22: Successfully unbanned 76561198330640699!
25.06.2017 19:09:37: Successfully permabanned 76561198388803679!
25.06.2017 21:33:38: Successfully set time to day!
25.06.2017 22:02:16: Successfully set time to day!
25.06.2017 22:06:21: Successfully set airdrop!
25.06.2017 22:06:22: Successfully set airdrop!
25.06.2017 22:06:23: Successfully set airdrop!
25.06.2017 22:06:23: Successfully set airdrop!
25.06.2017 22:06:24: Successfully set airdrop!
25.06.2017 22:06:25: Successfully set airdrop!
25.06.2017 22:06:26: Successfully set airdrop!
25.06.2017 22:06:27: Successfully set airdrop!
25.06.2017 22:06:28: Successfully set airdrop!
25.06.2017 22:06:29: Successfully set airdrop!
26.06.2017 1:15:34: Successfully gave _TagerYT_ 77 x1!
26.06.2017 1:16:33: Successfully gave _TagerYT_ 66 x1!
26.06.2017 1:17:08: Successfully gave _TagerYT_ 253 x1!
26.06.2017 1:18:06: Successfully gave _TagerYT_ 140 x1!
26.06.2017 1:18:39: Successfully gave _TagerYT_ 141 x1!
26.06.2017 1:19:16: Successfully gave _TagerYT_ 490 x1!
26.06.2017 1:19:59: Successfully gave _TagerYT_ 127 x1!
26.06.2017 1:20:47: Successfully gave _TagerYT_ 126 x1!
26.06.2017 1:21:42: Successfully gave _TagerYT_ 80 x1!
26.06.2017 1:22:15: Successfully gave _TagerYT_ 80!
26.06.2017 1:23:33: Successfully gave _TagerYT_ 44!
26.06.2017 1:26:31: Successfully gave _TagerYT_ 107!
26.06.2017 1:28:08: Successfully gave _TagerYT_ 1364 x1!
26.06.2017 1:29:06: Successfully gave _TagerYT_ 1393 x1!
26.06.2017 1:30:13: Successfully gave _TagerYT_ 107!
26.06.2017 9:47:02: Разбанен 76561198388803679
26.06.2017 9:47:02: Successfully unbanned 76561198388803679!
