RocketRcon v2.4.8.0

login aVIPs22031994
players
Client has executed command "players"
Players:
PlayerID: 76561198273639213 Name: KuRwa Character: Морф Стоун Ping: 65
PlayerID: 76561198411368239 Name: ProctoLeva Character: Лёва Дигнлов Ping: 33
PlayerID: 76561198428670756 Name: greetje123 Character: noop Ping: 95
Client has executed command "bans"
Bans:
PlayerID: 76561197966773788
JudgeID: 0
Reason: 900000 Duration: 31536000 Remaining: 26437154
PlayerID: 76561198190667017
JudgeID: 0
Reason: cheater Duration: 31104000 Remaining: 29317432
PlayerID: 76561198374710965
JudgeID: 0
Reason: cheater Duration: 31104000 Remaining: 29317448
Client has executed command "GET NOW"
ServerControl >> VALUE NOW [1] [0] [958]

END
END
