11.07.2017 15:31:16: Da1mSad был съеден зомби! 
11.07.2017 16:08:53: KirilllE был съеден зомби! 
11.07.2017 16:18:21: KirilllE был съеден зомби! 
11.07.2017 16:18:45: k.kirillselin был убит плювальщиком!
11.07.2017 16:22:25: M_i_H_a_K_e_R был съеден зомби! 
11.07.2017 16:22:27: Thekotofan истёк кровью!
11.07.2017 16:23:24: M_i_H_a_K_e_R был съеден зомби! 
11.07.2017 16:23:42: shadow5 утонул!
11.07.2017 16:25:06: Thekotofan истёк кровью!
11.07.2017 16:27:33: Thekotofan был съеден зомби! 
11.07.2017 16:28:52: Thekotofan был съеден зомби! 
11.07.2017 16:33:22: TPOXA истёк кровью!
11.07.2017 16:34:10: Thekotofan был съеден зомби! 
11.07.2017 16:36:01: Thekotofan был съеден зомби! 
11.07.2017 16:36:07: TPOXA был съеден зомби! 
11.07.2017 16:37:19: Thekotofan истёк кровью!
11.07.2017 16:39:23: Thekotofan был съеден зомби! 
11.07.2017 16:39:46: power истёк кровью!
11.07.2017 16:45:41: Magard1S истёк кровью!
11.07.2017 16:48:52: goddam был съеден зомби! 
11.07.2017 16:49:51: KirilllE был съеден зомби! 
11.07.2017 16:50:07: KirilllE был съеден зомби! 
11.07.2017 16:50:30: k.kirillselin был съеден зомби! 
11.07.2017 17:07:37: ST GABE истёк кровью!
11.07.2017 17:13:17: ST GABE был съеден зомби! 
11.07.2017 17:13:38: shadow5 утонул!
11.07.2017 17:13:51: reuop был съеден зомби! 
11.07.2017 17:21:51: filipinhippi совершил суецид!
11.07.2017 17:31:33: k.kirillselin совершил суецид!
11.07.2017 17:37:05: k.kirillselin был съеден зомби! 
11.07.2017 17:39:58: Dime был съеден зомби! 
11.07.2017 17:40:09: k.kirillselin был съеден зомби! 
11.07.2017 17:42:30: STACH был убит плювальщиком!
11.07.2017 17:45:00: Dime был съеден зомби! 
11.07.2017 17:45:58: Dime был съеден зомби! 
11.07.2017 17:46:40: STACH был съеден зомби! 
11.07.2017 17:46:58: Dime истёк кровью!
11.07.2017 17:48:24: STACH died of holding his breath for too long!
11.07.2017 17:51:39: Dime был съеден зомби! 
11.07.2017 17:52:18: Arter был съеден зомби! 
11.07.2017 17:53:58: Dime истёк кровью!
11.07.2017 17:55:00: thekinggamer совершил суецид!
11.07.2017 17:55:39: Dime был съеден зомби! 
11.07.2017 17:57:17: Dime был съеден зомби! 
11.07.2017 18:01:38: Dime был съеден зомби! 
11.07.2017 18:03:47: Dime был съеден зомби! 
11.07.2017 18:04:55: KirilllE совершил суецид!
11.07.2017 18:09:02: Dime был убит плювальщиком!
11.07.2017 18:11:17: Пипр истёк кровью!
11.07.2017 18:18:03: W.D.Gaster был съеден зомби! 
11.07.2017 18:18:05: ViLLi_WoNka был съеден зомби! 
11.07.2017 18:18:29: ViLLi_WoNka совершил суецид!
11.07.2017 18:20:49: Dime был съеден зомби! 
11.07.2017 18:22:59: Dime был съеден зомби! 
11.07.2017 18:27:21: ViLLi_WoNka был съеден зомби! 
11.07.2017 18:27:56: Dime был съеден зомби! 
11.07.2017 18:28:46: Dime был съеден зомби! 
11.07.2017 18:30:58: ViLLi_WoNka был убит плювальщиком!
11.07.2017 18:31:09: lyrel был убит плювальщиком!
11.07.2017 18:32:34: Dime был съеден зомби! 
11.07.2017 18:34:12: ViLLi_WoNka был съеден зомби! 
11.07.2017 18:36:38: ViLLi_WoNka сгорел!
11.07.2017 18:38:52: Пипр был съеден зомби! 
11.07.2017 18:38:53: damil.gaisin истёк кровью!
11.07.2017 18:41:19: KirilllE совершил суецид!
11.07.2017 18:43:29: damil.gaisin был съеден зомби! 
11.07.2017 18:47:31: Пипр был съеден зомби! 
11.07.2017 18:47:58: damil.gaisin был съеден зомби! 
11.07.2017 18:48:02: Пипр истёк кровью!
11.07.2017 18:59:49: ViLLi_WoNka истёк кровью!
11.07.2017 19:02:26: ViLLi_WoNka был съеден зомби! 
11.07.2017 19:02:59: lyrel истёк кровью!
11.07.2017 19:03:01: ViLLi_WoNka был съеден зомби! 
11.07.2017 19:08:29: a1f4k7 был убит плювальщиком!
11.07.2017 19:36:41: [TVG]Киллер был съеден зомби! 
11.07.2017 19:37:52: Пипр был съеден зомби! 
11.07.2017 19:41:36: [TVG]Киллер был съеден зомби! 
11.07.2017 19:48:00: Filini был съеден зомби! 
11.07.2017 20:51:53: AjdarYeChesh истёк кровью!
11.07.2017 21:07:29: the uarist истёк кровью!
11.07.2017 21:12:09: Drag0n истёк кровью!
11.07.2017 21:23:32: boker истёк кровью!
11.07.2017 22:11:58:  егор фралов отравился!
11.07.2017 22:16:17:  егор фралов истёк кровью!
11.07.2017 22:21:28: stefanradusin сгорел!
11.07.2017 22:24:34: stefanradusin был съеден зомби! 
11.07.2017 22:28:57: DraganGamerHD истёк кровью!
11.07.2017 22:30:05: DraganGamerHD был съеден зомби! 
11.07.2017 23:10:19: Hellfire истёк кровью!
11.07.2017 23:10:34: $4Xis$ истёк кровью!
11.07.2017 23:12:09: Hellfire был съеден зомби! 
11.07.2017 23:24:16: Ucarn284 истёк кровью!
12.07.2017 0:35:50: CKslayer истёк кровью!
12.07.2017 0:37:31: CKslayer был съеден зомби! 
12.07.2017 2:26:55: SpruceFuck истёк кровью!
12.07.2017 6:26:17: tEErk совершил суецид!
12.07.2017 7:19:30: matvei был съеден зомби! 
12.07.2017 7:22:44: matvei истёк кровью!
12.07.2017 7:23:50: matvei был съеден зомби! 
12.07.2017 7:25:21: matvei был съеден зомби! 
12.07.2017 7:28:34: matvei совершил суецид!
12.07.2017 7:31:22: matvei был съеден зомби! 
12.07.2017 7:34:04: matvei истёк кровью!
12.07.2017 8:02:26: KirilllE был съеден зомби! 
12.07.2017 8:02:30: k.kirillselin был съеден зомби! 
12.07.2017 8:20:56: k.kirillselin был съеден зомби! 
12.07.2017 8:31:20: joe_speen был съеден зомби! 
12.07.2017 8:34:15: k.kirillselin был убит плювальщиком!
12.07.2017 8:53:25: KirilllE совершил суецид!
12.07.2017 8:54:22: k.kirillselin совершил суецид!
12.07.2017 9:04:33: siv123123123 отравился!
12.07.2017 9:10:42: k.kirillselin был убит плювальщиком!
12.07.2017 9:14:04: joe_speen был съеден зомби! 
12.07.2017 9:14:53: joe_speen совершил суецид!
12.07.2017 9:29:25: siv123123123 был съеден зомби! 
12.07.2017 9:31:22: siv123123123 был съеден зомби! 
12.07.2017 9:33:46: siv123123123 died of holding his breath for too long!
12.07.2017 9:41:45: siv123123123 истёк кровью!
12.07.2017 9:43:06: KirilllE совершил суецид!
12.07.2017 9:43:07: siv123123123 был съеден зомби! 
12.07.2017 9:43:39: KirilllE совершил суецид!
12.07.2017 9:44:32: siv123123123 был съеден зомби! 
12.07.2017 9:44:46: k.kirillselin совершил суецид!
12.07.2017 9:47:17: siv123123123 был съеден зомби! 
12.07.2017 9:52:15: egorpro4554656567 был съеден зомби! 
12.07.2017 9:52:27: siv123123123 истёк кровью!
12.07.2017 9:57:23: KirilllE истёк кровью!
12.07.2017 10:23:17: koshieliev05 был съеден зомби! 
12.07.2017 10:26:42: KirilllE был съеден зомби! 
12.07.2017 10:33:53: k.kirillselin совершил суецид!
12.07.2017 10:42:24: kannez_ совершил суецид!
12.07.2017 10:55:03: egorpro4554656567 был съеден зомби! 
12.07.2017 10:58:49: egorpro4554656567 был съеден зомби! 
12.07.2017 11:04:08: KirilllE совершил суецид!
12.07.2017 11:04:44: k.kirillselin совершил суецид!
12.07.2017 11:08:15: joe_speen был съеден зомби! 
12.07.2017 11:34:38: alex_bag78 был съеден зомби! 
12.07.2017 11:41:12: alex_bag78 сгорел!
12.07.2017 11:45:49: alex_bag78 был съеден зомби! 
12.07.2017 11:50:42: alex_bag78 был съеден зомби! 
12.07.2017 11:54:18: THEIONUTSIALTELEYTB совершил суецид!
12.07.2017 11:56:08: alex_bag78 сгорел!
12.07.2017 11:56:40: alex_bag78 совершил суецид!
12.07.2017 11:56:47: alex_bag78 совершил суецид!
12.07.2017 11:56:53: alex_bag78 совершил суецид!
12.07.2017 11:57:01: alex_bag78 совершил суецид!
12.07.2017 11:57:07: alex_bag78 совершил суецид!
12.07.2017 11:57:12: alex_bag78 совершил суецид!
12.07.2017 12:06:01: M_i_H_a_K_e_R был убит взрывной волной от машины!
12.07.2017 12:07:32: M_i_H_a_K_e_R был съеден зомби! 
12.07.2017 12:09:57: joe_speen был съеден зомби! 
12.07.2017 12:10:53: kettu122 совершил суецид!
12.07.2017 12:12:43: kettu122 был убит плювальщиком!
12.07.2017 12:15:13: joe_speen был убит плювальщиком!
12.07.2017 12:21:41: gamer_v_zakone был съеден зомби! 
12.07.2017 12:22:50: doroxg совершил суецид!
12.07.2017 12:25:35: American Bear был съеден зомби! 
12.07.2017 12:32:46: M_i_H_a_K_e_R был убит плювальщиком!
12.07.2017 12:32:55: joe_speen был убит плювальщиком!
12.07.2017 12:34:30: M_i_H_a_K_e_R был убит плювальщиком!
12.07.2017 12:37:59: M_i_H_a_K_e_R был убит плювальщиком!
12.07.2017 12:41:02: kosmat совершил суецид!
12.07.2017 12:42:58: American Bear истёк кровью!
12.07.2017 12:43:26: kosmat был съеден зомби! 
12.07.2017 12:43:41: American Bear был съеден зомби! 
12.07.2017 12:44:49: doroxg совершил суецид!
12.07.2017 12:45:08: American Bear был съеден зомби! 
12.07.2017 12:45:24: kosmat был съеден зомби! 
12.07.2017 12:46:16:  AnonymouS истёк кровью!
12.07.2017 12:53:34: American Bear истёк кровью!
12.07.2017 13:19:35: shadow5 был съеден зомби! 
12.07.2017 13:37:38: American Bear был съеден зомби! 
12.07.2017 13:40:40: BadBoY сгорел!
12.07.2017 13:45:15: shadow5 истёк кровью!
12.07.2017 13:51:33: David истёк кровью!
12.07.2017 13:51:52: BadBoY был съеден зомби! 
12.07.2017 13:52:04: American Bear был съеден зомби! 
12.07.2017 14:00:13: 7_AleX_3 истёк кровью!
12.07.2017 14:00:40: David истёк кровью!
12.07.2017 14:01:20: American Bear был съеден зомби! 
12.07.2017 14:05:19: 7_AleX_3 истёк кровью!
12.07.2017 14:05:53: American Bear истёк кровью!
12.07.2017 14:06:03: American Bear совершил суецид!
12.07.2017 14:20:01: American Bear истёк кровью!
12.07.2017 14:25:06: HiddenMystery истёк кровью!
12.07.2017 14:25:12: Мока истёк кровью!
12.07.2017 14:26:28: Artur102Rus был съеден зомби! 
12.07.2017 14:27:21: Мока был съеден зомби! 
12.07.2017 14:30:52: Мока был убит плювальщиком!
12.07.2017 14:33:07: Мока истёк кровью!
12.07.2017 14:34:20: American Bear был съеден зомби! 
12.07.2017 14:37:14: Мока был съеден зомби! 
12.07.2017 14:38:28: American Bear истёк кровью!
12.07.2017 14:39:47: American Bear совершил суецид!
12.07.2017 14:40:51: Мока был съеден зомби! 
12.07.2017 14:41:16: Мока был съеден зомби! 
12.07.2017 14:41:16: HiddenMystery истёк кровью!
12.07.2017 14:43:04: Мока был съеден зомби! 
12.07.2017 14:48:53: joe_speen утонул!
12.07.2017 14:49:17: Пипр был съеден зомби! 
12.07.2017 14:50:58: rexhis32 был съеден зомби! 
12.07.2017 14:52:56: Мока был съеден зомби! 
12.07.2017 14:56:22: Мока истёк кровью!
12.07.2017 15:12:14: killer был убит плювальщиком!
12.07.2017 15:14:10: mr.maksim2021 был убит плювальщиком!
12.07.2017 15:14:15: killer был съеден зомби! 
12.07.2017 15:17:27: pepe el destructor был съеден зомби! 
12.07.2017 15:18:14: filipinhippi истёк кровью!
12.07.2017 15:20:36: Пипр истёк кровью!
12.07.2017 15:32:48: joe_speen был съеден зомби! 
12.07.2017 15:37:11: Snipz был съеден зомби! 
12.07.2017 15:38:34: mr.maksim2021 был съеден зомби! 
12.07.2017 15:40:18: killer был съеден зомби! 
12.07.2017 15:41:11: joe_speen был съеден зомби! 
12.07.2017 15:42:03: mr.maksim2021 истёк кровью!
12.07.2017 15:42:30: Da1mSad died of holding his breath for too long!
12.07.2017 15:45:12: mr.maksim2021 был съеден зомби! 
12.07.2017 15:46:16: killer был убит плювальщиком!
12.07.2017 15:52:01: killer был съеден зомби! 
12.07.2017 15:52:06: mr.maksim2021 был съеден зомби! 
12.07.2017 16:02:47: killer истёк кровью!
12.07.2017 16:03:02: mr.maksim2021 был убит плювальщиком!
12.07.2017 16:19:47: марк был съеден зомби! 
12.07.2017 16:31:44: Андрей  был убит плювальщиком!
12.07.2017 16:43:42: Андрей  был убит плювальщиком!
12.07.2017 17:12:47: KirilllE совершил суецид!
12.07.2017 17:14:42:  егор фралов был съеден зомби! 
12.07.2017 17:21:31: joystickje был съеден зомби! 
12.07.2017 17:22:46: joystickje был съеден зомби! 
12.07.2017 17:26:19:  егор фралов совершил суецид!
12.07.2017 17:26:29: Крокодил Гена был съеден зомби! 
12.07.2017 17:32:16: k.kirillselin был съеден зомби! 
12.07.2017 17:37:14: joystickje был съеден зомби! 
12.07.2017 17:38:25: k.kirillselin был убит плювальщиком!
12.07.2017 17:41:58: joystickje истёк кровью!
12.07.2017 17:44:49: joystickje истёк кровью!
12.07.2017 17:44:56: gamer_v_zakone был съеден зомби! 
12.07.2017 17:48:36: gamer_v_zakone был съеден зомби! 
12.07.2017 17:50:31: gamer_v_zakone был съеден зомби! 
12.07.2017 17:52:09: Magard1S был убит плювальщиком!
12.07.2017 17:53:07: gamer_v_zakone был убит плювальщиком!
12.07.2017 18:08:06: arminpoiss сгорел!
12.07.2017 18:16:17:  егор фралов истёк кровью!
12.07.2017 18:18:59: Marc32R был убит взрывной волной от машины!
12.07.2017 18:31:00: Дмитрий Иванович died of holding his breath for too long!
12.07.2017 18:33:30: Дмитрий Иванович был съеден зомби! 
12.07.2017 18:52:37: Marc32R совершил суецид!
12.07.2017 19:56:57: sent boy совершил суецид!
12.07.2017 19:59:58: sent boy был съеден зомби! 
12.07.2017 20:07:35: Lord of Hell был съеден зомби! 
12.07.2017 20:19:50: Lord of Hell истёк кровью!
12.07.2017 20:24:10: Lord of Hell был съеден зомби! 
12.07.2017 20:30:37: vp был съеден зомби! 
12.07.2017 20:40:06: vp отравился!
12.07.2017 20:53:16: vp был съеден зомби! 
12.07.2017 20:53:50: Kot<3 cs.money сгорел!
12.07.2017 21:12:29: pchegodaev совершил суецид!
12.07.2017 21:25:59: Mario_Randall был съеден зомби! 
12.07.2017 21:45:02: koshieliev05 был убит плювальщиком!
12.07.2017 23:46:37: koshieliev05 был съеден зомби! 
12.07.2017 23:46:37: Егор сгорел!
12.07.2017 23:46:37: lana.vlad.zakharova истёк кровью!
12.07.2017 23:46:37: Канал хмурого был съеден зомби! 
13.07.2017 0:03:05: Shinobi совершил суецид!
13.07.2017 0:07:20: mmaaxx777 совершил суецид!
13.07.2017 0:19:25: mmaaxx777 истёк кровью!
13.07.2017 0:23:12: mmaaxx777 был съеден зомби! 
13.07.2017 0:27:41: TheLivingDab был убит плювальщиком!
13.07.2017 1:34:03: Marc32R был съеден зомби! 
13.07.2017 1:37:16: Marc32R был съеден зомби! 
13.07.2017 8:19:00: KirilllE совершил суецид!
13.07.2017 8:31:06: k.kirillselin истёк кровью!
13.07.2017 8:33:36: KirilllE совершил суецид!
13.07.2017 8:45:46: k.kirillselin был съеден зомби! 
13.07.2017 8:50:12: KirilllE истёк кровью!
13.07.2017 9:05:19: k.kirillselin совершил суецид!
13.07.2017 9:05:44: k.kirillselin совершил суецид!
13.07.2017 9:06:53: k.kirillselin совершил суецид!
13.07.2017 9:07:22: k.kirillselin совершил суецид!
13.07.2017 9:07:39: k.kirillselin совершил суецид!
13.07.2017 10:50:52: Magard1S был съеден зомби! 
13.07.2017 10:53:03: kannez_ был съеден зомби! 
13.07.2017 11:01:52: kannez_ истёк кровью!
13.07.2017 11:03:02: kannez_ истёк кровью!
13.07.2017 11:03:14: American Bear был съеден зомби! 
13.07.2017 11:05:18: American Bear истёк кровью!
13.07.2017 11:18:15: kannez_ был съеден зомби! 
13.07.2017 11:18:53: American Bear истёк кровью!
13.07.2017 11:21:46: PAVEL20082004 истёк кровью!
13.07.2017 11:29:39: kannez_ истёк кровью!
13.07.2017 11:47:35: PAVEL20082004 истёк кровью!
13.07.2017 11:47:48: kannez_ был убит плювальщиком!
13.07.2017 11:48:52: kannez_ был съеден зомби! 
13.07.2017 11:59:17: kannez_ сгорел!
13.07.2017 11:59:37: Napstoblook был съеден зомби! 
13.07.2017 12:00:32: PAVEL20082004 был съеден зомби! 
13.07.2017 12:05:18: gonfog совершил суецид!
13.07.2017 12:20:24: American Bear был съеден зомби! 
13.07.2017 12:20:50: kannez_ был съеден зомби! 
13.07.2017 12:22:11: kannez_ был съеден зомби! 
13.07.2017 12:29:36: siv123123123 истёк кровью!
13.07.2017 12:29:58: k.kirillselin совершил суецид!
13.07.2017 12:36:10: American Bear был съеден зомби! 
13.07.2017 12:36:12: siv123123123 истёк кровью!
13.07.2017 12:36:13: kannez_ истёк кровью!
13.07.2017 12:37:28: siv123123123 был съеден зомби! 
13.07.2017 12:40:32: k.kirillselin совершил суецид!
13.07.2017 12:40:52: k.kirillselin совершил суецид!
13.07.2017 12:40:59: k.kirillselin совершил суецид!
13.07.2017 12:41:05: k.kirillselin совершил суецид!
13.07.2017 12:41:10: k.kirillselin совершил суецид!
13.07.2017 12:41:17: k.kirillselin совершил суецид!
13.07.2017 12:41:23: k.kirillselin совершил суецид!
13.07.2017 12:48:33: NoMercy был съеден зомби! 
13.07.2017 12:51:35: HiddenMystery был съеден зомби! 
13.07.2017 12:51:38: NoMercy истёк кровью!
13.07.2017 12:55:35: kannez_ истёк кровью!
13.07.2017 12:58:29: Мока был съеден зомби! 
13.07.2017 12:59:01: Мока был съеден зомби! 
13.07.2017 13:04:23: American Bear истёк кровью!
13.07.2017 13:05:59: kannez_ был убит плювальщиком!
13.07.2017 13:16:12: KirilllE совершил суецид!
13.07.2017 13:16:18: k.kirillselin совершил суецид!
13.07.2017 13:22:11: JOHN CENA был съеден зомби! 
13.07.2017 14:33:16: k.kirillselin был убит взрывной волной от машины!
13.07.2017 14:37:12: Obi-Wan Kenobi был съеден зомби! 
13.07.2017 14:53:09: Obi-Wan Kenobi был съеден зомби! 
13.07.2017 14:56:51: Obi-Wan Kenobi был съеден зомби! 
13.07.2017 15:00:16: Bloody Ripper был съеден зомби! 
13.07.2017 15:07:30:  егор фралов был убит плювальщиком!
13.07.2017 15:18:10: warfacebog был съеден зомби! 
13.07.2017 15:36:55: bostanoff.jama был съеден зомби! 
13.07.2017 15:48:01: pinigin был съеден зомби! 
13.07.2017 15:51:43: pinigin был съеден зомби! 
13.07.2017 15:57:42: pinigin был съеден зомби! 
13.07.2017 16:17:31: muhammadgeg35 совершил суецид!
13.07.2017 16:39:23: SiJey_Fattax истёк кровью!
13.07.2017 16:44:23: supersonik33 был съеден зомби! 
13.07.2017 16:46:42: supersonik33 истёк кровью!
13.07.2017 17:39:16: Marc32R был съеден зомби! 
13.07.2017 17:53:29: Marc32R был убит плювальщиком!
13.07.2017 18:07:57: DARKNARX отравился!
13.07.2017 18:08:35: comandos2000 был съеден зомби! 
13.07.2017 18:13:19: MarkoVoliHR был съеден зомби! 
13.07.2017 18:30:24: MarkoVoliHR совершил суецид!
13.07.2017 18:38:24: k.kirillselin был убит взрывной волной от машины!
14.07.2017 8:17:25: k.kirillselin был съеден зомби! 
14.07.2017 8:17:29: KirilllE был съеден зомби! 
14.07.2017 9:46:24: acelele был убит плювальщиком!
14.07.2017 9:47:17: acelele был съеден зомби! 
14.07.2017 10:16:47: Седогрив был съеден зомби! 
14.07.2017 10:17:22: Седогрив был съеден зомби! 
14.07.2017 10:18:59: KirilllE совершил суецид!
14.07.2017 10:34:10: kannez_ был съеден зомби! 
14.07.2017 10:38:16: kannez_ был съеден зомби! 
14.07.2017 10:40:43: bobedooo1 был съеден зомби! 
14.07.2017 10:49:06: kannez_ был съеден зомби! 
14.07.2017 10:49:51: k.kirillselin совершил суецид!
14.07.2017 11:07:31: KirilllE был убит плювальщиком!
14.07.2017 11:35:13: Рома Прокопьев был съеден зомби! 
14.07.2017 11:47:26: joe_speen разбился насмерть!
14.07.2017 11:49:41: joe_speen был съеден зомби! 
14.07.2017 11:59:54: joe_speen разбился насмерть!
14.07.2017 12:05:03: M_i_H_a_K_e_R был съеден зомби! 
14.07.2017 12:22:52: M_i_H_a_K_e_R был съеден зомби! 
14.07.2017 12:25:04: M_i_H_a_K_e_R был съеден зомби! 
14.07.2017 13:07:53: joe_speen был съеден зомби! 
14.07.2017 13:15:18: joe_speen разбился насмерть!
14.07.2017 13:19:34: joe_speen истёк кровью!
14.07.2017 13:19:45: Jeka_Potroshitel был съеден зомби! 
14.07.2017 13:20:32: M_i_H_a_K_e_R был съеден зомби! 
14.07.2017 13:22:16: ТопРак  сгорел!
14.07.2017 13:38:43: joe_speen был съеден зомби! 
14.07.2017 13:39:38: M_i_H_a_K_e_R был съеден зомби! 
14.07.2017 13:41:56: M_i_H_a_K_e_R был съеден зомби! 
14.07.2017 13:54:35: M_i_H_a_K_e_R был съеден зомби! 
14.07.2017 14:02:49: TheNightWolf истёк кровью!
14.07.2017 14:02:50: LordofPvP совершил суецид!
14.07.2017 14:13:20: LordofPvP был съеден зомби! 
14.07.2017 14:32:37: TheNightWolf был съеден зомби! 
14.07.2017 14:33:03: TheNightWolf был съеден зомби! 
14.07.2017 14:33:06: LordofPvP был съеден зомби! 
14.07.2017 14:35:21: TheNightWolf истёк кровью!
14.07.2017 14:39:00: LordofPvP был убит плювальщиком!
14.07.2017 14:40:58: LordofPvP был съеден зомби! 
14.07.2017 15:06:21: Стилл был съеден зомби! 
14.07.2017 15:06:31: Владас был съеден зомби! 
14.07.2017 15:07:34: joe_speen разбился насмерть!
14.07.2017 15:09:46: Владас был съеден зомби! 
14.07.2017 15:12:11: Стилл был съеден зомби! 
14.07.2017 15:12:15: Владас истёк кровью!
14.07.2017 15:14:59: bostanoff.jama был съеден зомби! 
14.07.2017 15:17:25: Стилл был съеден зомби! 
14.07.2017 15:17:37: Владас был съеден зомби! 
14.07.2017 15:19:17: Onuralptaras был съеден зомби! 
14.07.2017 15:20:19: Стилл истёк кровью!
14.07.2017 15:20:28: Владас был съеден зомби! 
14.07.2017 15:21:24: Onuralptaras истёк кровью!
14.07.2017 15:23:00: NameOfShadow был съеден зомби! 
14.07.2017 15:23:01: Стилл был съеден зомби! 
14.07.2017 15:25:19: Владас был съеден зомби! 
14.07.2017 15:25:33: Стилл был съеден зомби! 
14.07.2017 16:05:45: k.kirillselin был съеден зомби! 
14.07.2017 16:06:13: KirilllE был съеден зомби! 
14.07.2017 16:36:30: KirilllE совершил суецид!
14.07.2017 16:52:36: k.kirillselin сгорел!
14.07.2017 16:57:01: Stasella умер от голода!
14.07.2017 17:12:27: KirilllE отравился!
14.07.2017 17:25:52: Marc32R был съеден зомби! 
14.07.2017 17:25:57: Андрей  истёк кровью!
14.07.2017 17:38:05: KirilllE был съеден зомби! 
14.07.2017 17:39:05: k.kirillselin совершил суецид!
14.07.2017 17:40:15: Thelomtik был съеден зомби! 
14.07.2017 17:51:01: Marc32R был съеден зомби! 
14.07.2017 18:01:07: PROSkANDR был съеден зомби! 
14.07.2017 18:13:09: Marc32R был съеден зомби! 
14.07.2017 18:21:49: Marc32R был съеден зомби! 
14.07.2017 18:35:52: дед с тапором был съеден зомби! 
14.07.2017 18:36:27: andreyofdipp был съеден зомби! 
14.07.2017 18:46:35: [Вольный сталкер]Даниил Анонимус был съеден зомби! 
14.07.2017 18:47:45: Expert1337 был съеден зомби! 
14.07.2017 18:56:52: [Вольный сталкер]Даниил Анонимус истёк кровью!
14.07.2017 18:56:52: дед с тапором был убит взрывной волной от машины!
14.07.2017 18:56:52: Jove был убит взрывной волной от машины!
14.07.2017 18:58:56: clc.muir был съеден зомби! 
14.07.2017 18:59:46: [Вольный сталкер]Даниил Анонимус был съеден зомби! 
14.07.2017 19:00:59: Marc32R утонул!
14.07.2017 19:01:42: [Вольный сталкер]Даниил Анонимус был съеден зомби! 
14.07.2017 19:13:10: KOALA был съеден зомби! 
14.07.2017 20:37:19: дед с тапором был съеден зомби! 
14.07.2017 20:57:46: Razer совершил суецид!
14.07.2017 20:58:21: Razer был съеден зомби! 
14.07.2017 21:09:40: Marc32R утонул!
14.07.2017 21:48:53: Marc32R был съеден зомби! 
14.07.2017 21:51:00: Marc32R истёк кровью!
14.07.2017 21:52:45: Marc32R был съеден зомби! 
14.07.2017 21:52:51: Андрей  истёк кровью!
14.07.2017 21:57:10: moro05-83 died of holding his breath for too long!
14.07.2017 22:03:29: Crazydog был съеден зомби! 
14.07.2017 22:37:33: Jake был съеден зомби! 
14.07.2017 22:38:16: Костя совершил суецид!
14.07.2017 22:39:03: Jake был съеден зомби! 
14.07.2017 23:01:55: даня был съеден зомби! 
14.07.2017 23:07:31: даня был съеден зомби! 
17.07.2017 9:34:18: billy.crow совершил суецид!
17.07.2017 10:12:11: Алексей был съеден зомби! 
17.07.2017 10:21:25: {GORO}Trisha был съеден зомби! 
17.07.2017 10:26:41: Алексей был съеден зомби! 
17.07.2017 10:31:31: {GORO}Trisha истёк кровью!
17.07.2017 10:46:05: Алексей истёк кровью!
17.07.2017 10:46:22: {GORO}Trisha был убит плювальщиком!
17.07.2017 10:50:56:  Candidrogue был съеден зомби! 
17.07.2017 10:53:36: Vadim133 был убит плювальщиком!
17.07.2017 11:14:04: Vadim133 истёк кровью!
17.07.2017 11:14:38: Vadim133 был съеден зомби! 
17.07.2017 11:56:00: balandinslava91 был съеден зомби! 
17.07.2017 12:06:47: Vadim133 был съеден зомби! 
17.07.2017 12:25:03: Vorontsemil совершил суецид!
17.07.2017 12:27:55: Vorontsemil был съеден зомби! 
17.07.2017 12:39:25: Green был съеден зомби! 
17.07.2017 12:51:23: Ditex был съеден зомби! 
17.07.2017 12:56:57: Ditex был съеден зомби! 
17.07.2017 12:59:36: Geryy был убит взрывной волной от машины!
17.07.2017 13:11:57: Ditex истёк кровью!
17.07.2017 13:14:56: [DinaMit} German:D был съеден зомби! 
17.07.2017 13:31:27: Vorontsemil был съеден зомби! 
17.07.2017 13:38:33: eriklord2006 истёк кровью!
17.07.2017 13:38:41: Geryy истёк кровью!
17.07.2017 13:45:01: КАЩЕЙ БЕСМЕРТНЫЙ был съеден зомби! 
17.07.2017 13:46:26: КАЩЕЙ БЕСМЕРТНЫЙ был съеден зомби! 
17.07.2017 13:47:30: КАЩЕЙ БЕСМЕРТНЫЙ был съеден зомби! 
17.07.2017 13:48:16: КАЩЕЙ БЕСМЕРТНЫЙ был съеден зомби! 
17.07.2017 13:49:23: Geryy был съеден зомби! 
17.07.2017 13:49:25: КАЩЕЙ БЕСМЕРТНЫЙ был съеден зомби! 
17.07.2017 13:49:58: eriklord2006 истёк кровью!
17.07.2017 13:51:36: Geryy был съеден зомби! 
17.07.2017 13:52:19: КАЩЕЙ БЕСМЕРТНЫЙ был съеден зомби! 
17.07.2017 13:53:59: Руся Сиренев был съеден зомби! 
17.07.2017 14:01:13: Руся Сиренев был съеден зомби! 
17.07.2017 14:02:41: Руся Сиренев истёк кровью!
17.07.2017 14:23:09: eriklord2006 совершил суецид!
17.07.2017 14:24:05: slava был съеден зомби! 
17.07.2017 14:25:29: Geryy был съеден зомби! 
17.07.2017 14:26:56: Geryy был съеден зомби! 
17.07.2017 14:27:22: Geryy был съеден зомби! 
17.07.2017 14:27:25: eriklord2006 был съеден зомби! 
17.07.2017 14:28:51: eriklord2006 был съеден зомби! 
17.07.2017 14:29:00: Geryy истёк кровью!
17.07.2017 14:30:06: slava был съеден зомби! 
17.07.2017 14:53:47: Geryy был съеден зомби! 
17.07.2017 14:53:56: eriklord2006 был съеден зомби! 
17.07.2017 14:58:31: Geryy был съеден зомби! 
17.07.2017 15:01:55: Руся Сиренев был съеден зомби! 
17.07.2017 15:02:45: Руся Сиренев был съеден зомби! 
17.07.2017 15:07:23: gulka.tupova был съеден зомби! 
17.07.2017 15:10:24: Руся Сиренев был съеден зомби! 
17.07.2017 15:13:22: Geryy был съеден зомби! 
17.07.2017 15:14:26: Руся Сиренев был съеден зомби! 
17.07.2017 15:21:45: Руся Сиренев был съеден зомби! 
17.07.2017 16:16:04: Vorontsemil совершил суецид!
17.07.2017 16:25:31: Geryy был убит взрывной волной от машины!
17.07.2017 16:26:23: Geryy был съеден зомби! 
17.07.2017 16:26:37: eriklord2006 был съеден зомби! 
17.07.2017 16:28:49: Geryy был съеден зомби! 
17.07.2017 16:29:06: eriklord2006 был съеден зомби! 
17.07.2017 16:29:18: LeventeXD истёк кровью!
17.07.2017 16:29:44: Руся Сиренев утонул!
17.07.2017 16:29:59: Weedoo Doll был съеден зомби! 
17.07.2017 16:31:44: eriklord2006 был съеден зомби! 
17.07.2017 16:32:31: eriklord2006 истёк кровью!
17.07.2017 16:35:54: tvpc истёк кровью!
17.07.2017 16:36:16: Руся Сиренев совершил суецид!
17.07.2017 16:38:16: Руся Сиренев был съеден зомби! 
17.07.2017 16:55:47: Baraga-Doter совершил суецид!
17.07.2017 16:55:55: Руся Сиренев был съеден зомби! 
17.07.2017 16:57:09: Baraga-Doter совершил суецид!
17.07.2017 16:59:36: Baraga-Doter был съеден зомби! 
17.07.2017 17:01:26: Baraga-Doter был съеден зомби! 
17.07.2017 17:05:56: Baraga-Doter совершил суецид!
17.07.2017 17:07:16: Geryy утонул!
17.07.2017 17:14:16: eriklord2006 истёк кровью!
17.07.2017 17:17:28: Geryy был съеден зомби! 
17.07.2017 17:17:36: eriklord2006 истёк кровью!
17.07.2017 17:51:21: vLobizon был съеден зомби! 
17.07.2017 17:59:46: Geryy истёк кровью!
17.07.2017 18:02:44: udodmen был убит взрывной волной от машины!
17.07.2017 18:03:25: Geryy был съеден зомби! 
17.07.2017 18:04:36: vice06 died of holding his breath for too long!
17.07.2017 18:10:37: polgod был съеден зомби! 
17.07.2017 18:11:00: trooll истёк кровью!
17.07.2017 18:13:17: trooll был съеден зомби! 
17.07.2017 18:16:03: trooll истёк кровью!
17.07.2017 18:16:03: polgod был съеден зомби! 
17.07.2017 19:29:50: VITAS был съеден зомби! 
17.07.2017 19:32:10: dimazaharcev2017 совершил суецид!
17.07.2017 19:34:18: dimazaharcev2017 совершил суецид!
17.07.2017 19:35:07: Jake был съеден зомби! 
17.07.2017 19:40:10: pes.medison был съеден зомби! 
17.07.2017 19:57:08: dimazaharcev2017 отравился!
17.07.2017 19:57:32: dimazaharcev2017 совершил суецид!
17.07.2017 19:57:50: dimazaharcev2017 совершил суецид!
17.07.2017 19:57:57: dimazaharcev2017 совершил суецид!
17.07.2017 19:58:17: dimazaharcev2017 совершил суецид!
17.07.2017 19:59:17: dimazaharcev2017 совершил суецид!
17.07.2017 19:59:24: dimazaharcev2017 совершил суецид!
17.07.2017 20:14:40: pav.tloka был съеден зомби! 
17.07.2017 20:17:07: Kennys был съеден зомби! 
17.07.2017 20:17:40: dimazaharcev2017 был съеден зомби! 
17.07.2017 20:22:00: pes.medison был съеден зомби! 
17.07.2017 22:56:53: влад ентонов был съеден зомби! 
17.07.2017 23:20:15: Андрей  был убит взрывной волной от машины!
17.07.2017 23:25:54: max_bro был съеден зомби! 
17.07.2017 23:26:01: max_bro совершил суецид!
17.07.2017 23:28:38: max_bro истёк кровью!
17.07.2017 23:43:27: Матвей истёк кровью!
17.07.2017 23:47:29: Marc32R был съеден зомби! 
18.07.2017 0:18:16: max_bro утонул!
18.07.2017 0:21:37: max_bro истёк кровью!
18.07.2017 0:21:52: max_bro совершил суецид!
18.07.2017 0:30:20: max_bro был съеден зомби! 
18.07.2017 0:33:28: max_bro истёк кровью!
18.07.2017 16:22:43: orlovvado был съеден зомби! 
18.07.2017 16:24:12: orlovvado был съеден зомби! 
