RocketRcon v2.4.8.0

login aVIPs22031994
players
Client has executed command "players"
Failed to find any players.

Client has executed command "GET NOW"
ServerControl >> VALUE NOW [1] [0] [686]

GET NOW
Client has executed command "GET NOW"

ServerControl >> VALUE NOW [1] [0] [696]

Client has executed command "GET NOW"

ServerControl >> VALUE NOW [1] [0] [696]

Client has executed command "players"

Failed to find any players.

GET NOW
Client has executed command "GET NOW"
ServerControl >> VALUE NOW [1] [0] [706]

Client has executed command "GET NOW"

ServerControl >> VALUE NOW [1] [0] [707]

Client has executed command "GET NOW"

ServerControl >> VALUE NOW [1] [0] [716]

GET NOW
Client has executed command "GET NOW"

ServerControl >> VALUE NOW [1] [0] [717]

Client has executed command "players"

Failed to find any players.

Client has executed command "GET NOW"

ServerControl >> VALUE NOW [1] [0] [726]

GET NOW
Client has executed command "GET NOW"

ServerControl >> VALUE NOW [1] [0] [727]

MessageAnnouncer >> Broadcast: Наберите /kit claim, чтобы получить Claim Flag

MessageAnnouncer >> Наберите /kit claim, чтобы получить Claim Flag

Client has executed command "GET NOW"

ServerControl >> VALUE NOW [1] [0] [736]

GET NOW
Client has executed command "GET NOW"

ServerControl >> VALUE NOW [1] [0] [737]

Client has executed command "players"

Failed to find any players.

Client has executed command "GET NOW"

ServerControl >> VALUE NOW [1] [0] [746]

GET NOW
Client has executed command "GET NOW"

ServerControl >> VALUE NOW [1] [0] [747]

Client has executed command "GET NOW"

ServerControl >> VALUE NOW [1] [0] [756]

GET NOW
Client has executed command "GET NOW"

ServerControl >> VALUE NOW [1] [0] [757]

Client has executed command "players"

Failed to find any players.

Client has executed command "GET NOW"

ServerControl >> VALUE NOW [1] [0] [766]

GET NOW
Client has executed command "GET NOW"

ServerControl >> VALUE NOW [1] [0] [767]

Client has executed command "GET NOW"

ServerControl >> VALUE NOW [1] [0] [776]

GET NOW
Client has executed command "GET NOW"

ServerControl >> VALUE NOW [1] [0] [777]

Client has executed command "players"

Failed to find any players.

Client has executed command "GET NOW"

ServerControl >> VALUE NOW [1] [0] [786]

GET NOW
Client has executed command "GET NOW"

ServerControl >> VALUE NOW [1] [0] [787]

MessageAnnouncer >> Broadcast: Если модератор ведёт себя неподобающе, пишите в группу или ЛС (vk.com/unturned_hgm, vk.com/hemulgm)

MessageAnnouncer >> Если модератор ведёт себя неподобающе, пишите в группу или ЛС (vk.com/unturned_hgm, vk.com/hemulgm)

Client has executed command "GET NOW"

ServerControl >> VALUE NOW [1] [0] [796]

