20.11.2017 9:27:22: RocketRcon v2.4.8.0

20.11.2017 9:27:22: login aVIPs22031994
20.11.2017 9:27:22: players
20.11.2017 9:27:23: Client has executed command "players"
Players:
PlayerID: 76561198385149949 Name: GoDNooB Character: GoDNooB Ping: 125

20.11.2017 9:27:24: Client has executed command "players"
Players:
PlayerID: 76561198385149949 Name: GoDNooB Character: GoDNooB Ping: 121
Client has executed command "bans"
Bans:
PlayerID: 76561197966773788
JudgeID: 0
Reason: 900000 Duration: 31536000 Remaining: 28277124
PlayerID: 76561198336969313
JudgeID: 0
Reason: reid Duration: 604800 Remaining: 392357
PlayerID: 76561198212486347
JudgeID: 0
Reason: reid Duration: 604800 Remaining: 392688
PlayerID: 76561198391097237
JudgeID: 0
Reason: reid Duration: 604800 Remaining: 555175
Client has executed command "bans"
Bans:
PlayerID: 76561197966773788
JudgeID: 0
Reason: 900000 Duration: 31536000 Remaining: 28277124
PlayerID: 76561198336969313
JudgeID: 0
Reason: reid Duration: 604800 Remaining: 392357
PlayerID: 76561198212486347
JudgeID: 0
Reason: reid Duration: 604800 Remaining: 392688
PlayerID: 76561198391097237
JudgeID: 0
Reason: reid Duration: 604800 Remaining: 555175

20.11.2017 9:27:24: END
20.11.2017 9:27:24: END
20.11.2017 9:27:24: END
