Не обработано: RocketRcon v2.4.8.0
RocketRcon v2.4.8.0

Client has executed command "players"

TimerTerminateCommand.Enabled with Players:
Players:
PlayerID: 76561198140053978 Name: 7_AleX_3 Character: 7_AleX_3 Ping: 39
PlayerID: 76561198314140913 Name: DireHick Character: JeffRee Ping: 35
PlayerID: 76561198280617288 Name: Незнаю какой придумать Character: Пипр Ping: 62
PlayerID: 76561198256523318 Name: baha Character: baha Ping: 39
PlayerID: 76561198176817369 Name: ?. Character: GlodiS Ping: 66
PlayerID: 76561198389415200 Name: Andrew Lavrinets Character: Andrew Ping: 132
PlayerID: 76561198357648706 Name: lessik1210 Character: Griman18 Ping: 50
PlayerID: 76561198366549870 Name: Expert13372284200 Character: Expert1337 Ping: 136
PlayerID: 76561198295801599 Name: Lo[x] Character: Lo[x] Ping: 58
PlayerID: 76561198276840558 Name: Котик ^-^ Character: kennys Ping: 70
PlayerID: 76561198322193999 Name: ™_Game®_™ Character: Карл Иванович Ping: 50
PlayerID: 76561198200101595 Name: NEVALYASHA Character: Nevalyasha4 Ping: 140
PlayerID: 76561198177243258 Name: garfield2016 Character: rubi Ping: 85
PlayerID: 76561198262878051 Name: Kolder Character: Kolder Ping: 42
PlayerID: 76561198117292760 Name: Kamikadze Character: Kamikadze Ping: 85
PlayerID: 76561198287257345 Name: TheHard27 Character: TheHard27 Ping: 203
PlayerID: 76561198130434614 Name: ZH3K4 Character: ZH3K4 Ping: 58

TimerTerminateCommand.Enabled with Players:
Client has executed command "bans"

END with Players:
TimerTerminateCommand.Enabled with Bans:
Bans:
PlayerID: 123123
JudgeID: 0
Reason: unspecified Duration: 31536000 Remaining: 31459769
PlayerID: 123
JudgeID: 0
Reason: durila Duration: 4000 Remaining: 4294895563
PlayerID: 76561198274427357
JudgeID: 0
Reason: you were vote kicked Duration: 180 Remaining: 4294923936

TimerTerminateCommand.Enabled with Bans:
[World] Andrew [Andrew Lavrinets]: "/kit start"

TimerTerminateCommand.Enabled with Bans:
[World] Nevalyasha4 [NEVALYASHA]: "Jeffree"
[World] JeffRee [DireHick]: "/tpa accept"
[World] Пипр [Незнаю какой придумать]: "/tpa ken"

TimerTerminateCommand.Enabled with Bans:
[World] kennys [Котик ^-^]: "/tpa a"

TimerTerminateCommand.Enabled with Bans:
Disconnecting: PlayerID: 76561198389415200 Name: Andrew Lavrinets Character: Andrew

END with Bans:
Не обработано: MessageAnnouncer >> Broadcast: Используйте /report [ник], чтобы отправить жалобу на игрока
MessageAnnouncer >> Broadcast: Используйте /report [ник], чтобы отправить жалобу на игрока

Не обработано: MessageAnnouncer >> Используйте /report [ник], чтобы отправить жалобу на игрока
MessageAnnouncer >> Используйте /report [ник], чтобы отправить жалобу на игрока

Client has executed command "players"

TimerTerminateCommand.Enabled with Players:
Players:
PlayerID: 76561198140053978 Name: 7_AleX_3 Character: 7_AleX_3 Ping: 62
PlayerID: 76561198314140913 Name: DireHick Character: JeffRee Ping: 42
PlayerID: 76561198280617288 Name: Незнаю какой придумать Character: Пипр Ping: 58
PlayerID: 76561198256523318 Name: baha Character: baha Ping: 46
PlayerID: 76561198176817369 Name: ?. Character: GlodiS Ping: 58
PlayerID: 76561198357648706 Name: lessik1210 Character: Griman18 Ping: 54
PlayerID: 76561198366549870 Name: Expert13372284200 Character: Expert1337 Ping: 148
PlayerID: 76561198295801599 Name: Lo[x] Character: Lo[x] Ping: 70
PlayerID: 76561198276840558 Name: Котик ^-^ Character: kennys Ping: 85
PlayerID: 76561198322193999 Name: ™_Game®_™ Character: Карл Иванович Ping: 50
PlayerID: 76561198200101595 Name: NEVALYASHA Character: Nevalyasha4 Ping: 152
PlayerID: 76561198177243258 Name: garfield2016 Character: rubi Ping: 85
PlayerID: 76561198262878051 Name: Kolder Character: Kolder Ping: 58
PlayerID: 76561198117292760 Name: Kamikadze Character: Kamikadze Ping: 82
PlayerID: 76561198287257345 Name: TheHard27 Character: TheHard27 Ping: 199
PlayerID: 76561198130434614 Name: ZH3K4 Character: ZH3K4 Ping: 62

END with Players:
