17.11.2017 15:51:58: login aVIPs22031994
17.11.2017 15:51:58: players
17.11.2017 15:51:59: FUpdatePlayerList
17.11.2017 15:51:59: bans
17.11.2017 15:52:18: cchat "Nick_Hunter[RUS] /14/00/16/09/25/09 /02/15/16/17/15/18 /01/05/08 /01/20/11/02/28 /53" 255 0 0
17.11.2017 15:52:20: FUpdatePlayerList
17.11.2017 15:52:20: bans
17.11.2017 15:52:25: cchat "/16/17/15/18/19/15: /11/00/11/15/10 /00/10/04/09 /01/05/14/08/15/16/09/12/28" 255 0 0
17.11.2017 15:52:38: cchat "/37/00 /01/12/32, /24/06 /08/00 /14/00/22" 255 0 0
17.11.2017 15:52:39: FUpdatePlayerList
17.11.2017 15:52:39: bans
17.11.2017 15:52:42: cchat "/51/16/00/18/09/01/15, /05/26/06 /17/00/08" 255 0 0
17.11.2017 15:52:43: cchat "/57/19/15" 255 0 0
17.11.2017 15:53:02: FUpdatePlayerList
17.11.2017 15:53:02: bans
17.11.2017 15:53:08: cchat "/14/05/19, /02/18/13 /30/19/15 /18/16/00/18/09/01/15 /05/26/06 /17/00/08, /00 /14/05 /02/15/16/17/15/18)" 255 0 0
17.11.2017 15:53:19: FUpdatePlayerList
17.11.2017 15:53:19: bans
17.11.2017 15:53:27: cchat "/59/00, /32 /19/20/19 /16/17/15/18/19/15 /00/02/19/15/15/19/02/05/19/24/09/11 /04/05/12/00/31 " 255 0 0
17.11.2017 15:53:31: cchat "/57/19/15/01 /11/15/14/18/15/12/29 /15/19/02/05/24/00/12/00" 255 0 0
17.11.2017 15:53:35: cchat "/47/00 /19/00/11/09/05 /02/15/16/17/15/18/28" 255 0 0
17.11.2017 15:53:39: FUpdatePlayerList
17.11.2017 15:53:39: bans
17.11.2017 15:53:59: FUpdatePlayerList
17.11.2017 15:53:59: bans
