RocketRcon v2.4.8.0

login aVIPs22031994
players
Client has executed command "players"
Players:
PlayerID: 76561198424120093 Name: Knockout1Demscouts Character: Knockout1Demscouts Ping: 199
Client has executed command "players"

Players:
PlayerID: 76561198424120093 Name: Knockout1Demscouts Character: Knockout1Demscouts Ping: 199

END
Client has executed command "bans"

Bans:
PlayerID: 76561197966773788
JudgeID: 0
Reason: 900000 Duration: 31536000 Remaining: 28009692
PlayerID: 76561198336969313
JudgeID: 0
Reason: reid Duration: 604800 Remaining: 124925
PlayerID: 76561198212486347
JudgeID: 0
Reason: reid Duration: 604800 Remaining: 125256
PlayerID: 76561198391097237
JudgeID: 0
Reason: reid Duration: 604800 Remaining: 287743
PlayerID: 76561198190667017
JudgeID: 0
Reason: cheater Duration: 31104000 Remaining: 30889970
PlayerID: 76561198374710965
JudgeID: 0
Reason: cheater Duration: 31104000 Remaining: 30889986
Client has executed command "GET NOW"
ServerControl >> VALUE NOW [0] [0] [2975]
Client has executed command "bans"
Bans:
PlayerID: 76561197966773788
JudgeID: 0
Reason: 900000 Duration: 31536000 Remaining: 28009692
PlayerID: 76561198336969313
JudgeID: 0
Reason: reid Duration: 604800 Remaining: 124925
PlayerID: 76561198212486347
JudgeID: 0
Reason: reid Duration: 604800 Remaining: 125256
PlayerID: 76561198391097237
JudgeID: 0
Reason: reid Duration: 604800 Remaining: 287743
PlayerID: 76561198190667017
JudgeID: 0
Reason: cheater Duration: 31104000 Remaining: 30889970
PlayerID: 76561198374710965
JudgeID: 0
Reason: cheater Duration: 31104000 Remaining: 30889986

END
END
END
Client has executed command "GET NOW"

ServerControl >> VALUE NOW [0] [0] [2985]

GET NOW
MessageAnnouncer >> Broadcast: Посетите наш сайт. Вы будете удивлены! unturned.hemulgm.ru

MessageAnnouncer >> Посетите наш сайт. Вы будете удивлены! unturned.hemulgm.ru

Client has executed command "GET NOW"
ServerControl >> VALUE NOW [0] [0] [2989]

