RocketRcon v2.4.8.0

login aVIPs22031994
players
Client has executed command "players"
Players:
PlayerID: 76561198301131571 Name: PogChamp Character: Тише Будь! Ping: 143
PlayerID: 76561198360077099 Name: BJIOXA Character: BJIOXA Ping: 70
PlayerID: 76561198242496136 Name: _Official_Group_GameGuardian_ Character: mer_1560 Ping: 38
PlayerID: 76561198190664649 Name: Енот Ракета Character: Foxy Ping: 133
PlayerID: 76561198245870076 Name: 0|TheGangstar|0 Character: Nyan Bread Ping: 93
PlayerID: 76561198366549870 Name: Expert13372284200 Character: Expert1337 Ping: 172

[World] BJIOXA [BJIOXA]: "Яхз"
[World] Nyan Bread [0|TheGangstar|0]: "не игнорьте пж"

Client has executed command "bans"
Bans:
PlayerID: 76561197966773788
JudgeID: 0
Reason: 900000 Duration: 31536000 Remaining: 28169887
PlayerID: 76561198336969313
JudgeID: 0
Reason: reid Duration: 604800 Remaining: 285120
PlayerID: 76561198212486347
JudgeID: 0
Reason: reid Duration: 604800 Remaining: 285451
PlayerID: 76561198391097237
JudgeID: 0
Reason: reid Duration: 604800 Remaining: 447938
PlayerID: 76561198190667017
JudgeID: 0
Reason: cheater Duration: 31104000 Remaining: 31050165
PlayerID: 76561198374710965
JudgeID: 0
Reason: cheater Duration: 31104000 Remaining: 31050181

END
[World] Nyan Bread [0|TheGangstar|0]: "мона или нет?"

END
[World] BJIOXA [BJIOXA]: "Мари"

[World] Тише Будь! [PogChamp]: "Можно"

