Не обработано: RocketRcon v2.4.8.0
RocketRcon v2.4.8.0

Client has executed command "players"

TimerTerminateCommand.Enabled with Players:
Players:
PlayerID: 76561198140053978 Name: 7_AleX_3 Character: 7_AleX_3 Ping: 35
PlayerID: 76561198314140913 Name: DireHick Character: JeffRee Ping: 35
PlayerID: 76561198280617288 Name: Незнаю какой придумать Character: Пипр Ping: 70
PlayerID: 76561198256523318 Name: baha Character: baha Ping: 42
PlayerID: 76561198176817369 Name: ?. Character: GlodiS Ping: 74
PlayerID: 76561198357648706 Name: lessik1210 Character: Griman18 Ping: 50
PlayerID: 76561198366549870 Name: Expert13372284200 Character: Expert1337 Ping: 140
PlayerID: 76561198295801599 Name: Lo[x] Character: Lo[x] Ping: 66
PlayerID: 76561198276840558 Name: Котик ^-^ Character: kennys Ping: 210
PlayerID: 76561198322193999 Name: ™_Game®_™ Character: Карл Иванович Ping: 54
PlayerID: 76561198177243258 Name: garfield2016 Character: rubi Ping: 78
PlayerID: 76561198262878051 Name: Kolder Character: Kolder Ping: 58
PlayerID: 76561198130434614 Name: ZH3K4 Character: ZH3K4 Ping: 70
PlayerID: 76561198287257345 Name: TheHard27 Character: TheHard27 Ping: 187

TimerTerminateCommand.Enabled with Players:
Client has executed command "bans"

END with Players:
TimerTerminateCommand.Enabled with Bans:
Bans:
PlayerID: 123123
JudgeID: 0
Reason: unspecified Duration: 31536000 Remaining: 31459325
PlayerID: 123
JudgeID: 0
Reason: durila Duration: 4000 Remaining: 4294895119
PlayerID: 76561198274427357
JudgeID: 0
Reason: you were vote kicked Duration: 180 Remaining: 4294923492

END with Bans:
[Area] kennys [Котик ^-^]: "он просто сохраняет?"

[Area] Пипр [Незнаю какой придумать]: "да"

[Area] kennys [Котик ^-^]: "дай эту тачку"

Client has executed command "players"

TimerTerminateCommand.Enabled with Players:
Players:
PlayerID: 76561198140053978 Name: 7_AleX_3 Character: 7_AleX_3 Ping: 58
PlayerID: 76561198314140913 Name: DireHick Character: JeffRee Ping: 42
PlayerID: 76561198280617288 Name: Незнаю какой придумать Character: Пипр Ping: 58
PlayerID: 76561198256523318 Name: baha Character: baha Ping: 54
PlayerID: 76561198176817369 Name: ?. Character: GlodiS Ping: 85
PlayerID: 76561198357648706 Name: lessik1210 Character: Griman18 Ping: 54
PlayerID: 76561198366549870 Name: Expert13372284200 Character: Expert1337 Ping: 136
PlayerID: 76561198295801599 Name: Lo[x] Character: Lo[x] Ping: 62
PlayerID: 76561198276840558 Name: Котик ^-^ Character: kennys Ping: 164
PlayerID: 76561198322193999 Name: ™_Game®_™ Character: Карл Иванович Ping: 62
PlayerID: 76561198177243258 Name: garfield2016 Character: rubi Ping: 70
PlayerID: 76561198262878051 Name: Kolder Character: Kolder Ping: 54
PlayerID: 76561198130434614 Name: ZH3K4 Character: ZH3K4 Ping: 62
PlayerID: 76561198287257345 Name: TheHard27 Character: TheHard27 Ping: 234

TimerTerminateCommand.Enabled with Players:
[World] 7_AleX_3 [7_AleX_3]: "не аодбирай ок"

END with Players:
[World] Kolder [Kolder]: "/home"

[Area] Пипр [Незнаю какой придумать]: "я потом вышку строить буду чтоб бенз был"

Не обработано: Kolder moved x:466.1421 y:70.73441(+27.20679) z:-776.0767 in the last second (0.09999847)
Kolder moved x:466.1421 y:70.73441(+27.20679) z:-776.0767 in the last second (0.09999847)

Не обработано: DeathMessagesRemastered >> Broadcast: 7_AleX_3 has starved to death!
DeathMessagesRemastered >> Broadcast: 7_AleX_3 has starved to death!

Не обработано: 7_AleX_3 [7_AleX_3] starved to death!
7_AleX_3 [7_AleX_3] starved to death!

