Не обработано: RocketRcon v2.4.8.0
RocketRcon v2.4.8.0

Client has executed command "players"

TimerTerminateCommand.Enabled with Players:
Players:
PlayerID: 76561198376380342 Name: Sergeant Gamezer Character: Dr.Lee Gamezer  Ping: 125
PlayerID: 76561198319470051 Name: _TATAP_ Character: TATAP123 Ping: 54
PlayerID: 76561198381173735 Name: ingener_spring Character: ingener_spring Ping: 46
PlayerID: 76561198345092267 Name: demid3450 Character: [гл террористов] демид журавлёв Ping: 101
PlayerID: 76561198288337012 Name: VODKA Character: TheCatMako Ping: 31
PlayerID: 76561197991720459 Name: alek_el Character: Sans the skeleton Ping: 70

TimerTerminateCommand.Enabled with Players:
Client has executed command "bans"

END with Players:
TimerTerminateCommand.Enabled with Bans:
Bans:
PlayerID: 123123
JudgeID: 0
Reason: unspecified Duration: 31536000 Remaining: 31304840
PlayerID: 123
JudgeID: 0
Reason: durila Duration: 4000 Remaining: 4294740634
PlayerID: 76561198274427357
JudgeID: 0
Reason: you were vote kicked Duration: 180 Remaining: 4294769007

