RocketRcon v2.4.8.0

login aVIPs22031994
players
Client has executed command "players"
Players:
PlayerID: 76561198218103779 Name: Магистр_Сала Character: мафия    Ping: 171

Client has executed command "bans"
Bans:
PlayerID: 76561197966773788
JudgeID: 0
Reason: 900000 Duration: 31536000 Remaining: 28017991
PlayerID: 76561198336969313
JudgeID: 0
Reason: reid Duration: 604800 Remaining: 133224
PlayerID: 76561198212486347
JudgeID: 0
Reason: reid Duration: 604800 Remaining: 133555
PlayerID: 76561198391097237
JudgeID: 0
Reason: reid Duration: 604800 Remaining: 296042
PlayerID: 76561198190667017
JudgeID: 0
Reason: cheater Duration: 31104000 Remaining: 30898269
PlayerID: 76561198374710965
JudgeID: 0
Reason: cheater Duration: 31104000 Remaining: 30898285

END
END
Client has executed command "GET NOW"
ServerControl >> VALUE NOW [1] [0] [1881]

GET NOW
Client has executed command "GET NOW"

ServerControl >> VALUE NOW [1] [0] [1890]

Client has executed command "GET NOW"

ServerControl >> VALUE NOW [1] [0] [1891]

Client has executed command "players"

Players:
PlayerID: 76561198218103779 Name: Магистр_Сала Character: мафия    Ping: 164

Client has executed command "bans"

Bans:
PlayerID: 76561197966773788
JudgeID: 0
Reason: 900000 Duration: 31536000 Remaining: 28017973
PlayerID: 76561198336969313
JudgeID: 0
Reason: reid Duration: 604800 Remaining: 133206
PlayerID: 76561198212486347
JudgeID: 0
Reason: reid Duration: 604800 Remaining: 133537
PlayerID: 76561198391097237
JudgeID: 0
Reason: reid Duration: 604800 Remaining: 296024
PlayerID: 76561198190667017
JudgeID: 0
Reason: cheater Duration: 31104000 Remaining: 30898251
PlayerID: 76561198374710965
JudgeID: 0
Reason: cheater Duration: 31104000 Remaining: 30898267

END
END
GET NOW
Client has executed command "GET NOW"

ServerControl >> VALUE NOW [1] [0] [1900]

Client has executed command "GET NOW"

ServerControl >> VALUE NOW [1] [0] [1901]

MessageAnnouncer >> Broadcast: Посетите наш сайт. Вы будете удивлены! unturned.hemulgm.ru

MessageAnnouncer >> Посетите наш сайт. Вы будете удивлены! unturned.hemulgm.ru

GET NOW
Client has executed command "GET NOW"

ServerControl >> VALUE NOW [1] [0] [1910]

Client has executed command "GET NOW"

ServerControl >> VALUE NOW [1] [0] [1911]

Client has executed command "players"

Players:
PlayerID: 76561198218103779 Name: Магистр_Сала Character: мафия    Ping: 167

Client has executed command "bans"

Bans:
PlayerID: 76561197966773788
JudgeID: 0
Reason: 900000 Duration: 31536000 Remaining: 28017952
PlayerID: 76561198336969313
JudgeID: 0
Reason: reid Duration: 604800 Remaining: 133185
PlayerID: 76561198212486347
JudgeID: 0
Reason: reid Duration: 604800 Remaining: 133516
PlayerID: 76561198391097237
JudgeID: 0
Reason: reid Duration: 604800 Remaining: 296003
PlayerID: 76561198190667017
JudgeID: 0
Reason: cheater Duration: 31104000 Remaining: 30898230
PlayerID: 76561198374710965
JudgeID: 0
Reason: cheater Duration: 31104000 Remaining: 30898246

END
END
GET NOW
Client has executed command "GET NOW"

ServerControl >> VALUE NOW [1] [0] [1920]

Client has executed command "GET NOW"

ServerControl >> VALUE NOW [1] [0] [1921]

Connecting: PlayerID: 76561198424120093 Name: Knockout1Demscouts Character: Knockout1Demscouts

Knockout1Demscouts connected with IP 208.80.77.16

