RocketRcon v2.4.8.0

login aVIPs22031994
players
Client has executed command "players"
Failed to find any players.

Client has executed command "players"

Failed to find any players.

Client has executed command "GET NOW"

ServerControl >> VALUE NOW [0] [0] [2349]

players
Client has executed command "players"

Failed to find any players.

Client has executed command "cchat "" 0 0 0"

GET NOW
Client has executed command "GET NOW"

ServerControl >> VALUE NOW [0] [0] [2355]

Client has executed command "GET NOW"

ServerControl >> VALUE NOW [0] [0] [2360]

GET NOW
Client has executed command "GET NOW"

ServerControl >> VALUE NOW [0] [0] [2366]

players
Client has executed command "players"

Failed to find any players.

players
Client has executed command "players"

Failed to find any players.

Client has executed command "players"

Failed to find any players.

Client has executed command "GET NOW"

ServerControl >> VALUE NOW [0] [0] [2370]

GET NOW
Client has executed command "GET NOW"

ServerControl >> VALUE NOW [0] [0] [2376]

Client has executed command "GET NOW"

ServerControl >> VALUE NOW [0] [0] [2380]

