RocketRcon v2.4.8.0

login aVIPs22031994
players
Client has executed command "players"
Players:
PlayerID: 76561198423084997 Name: lovemariina Character: 228ff Ping: 136
PlayerID: 76561198408019916 Name: slava.fan555 Character: Славик Cухоруков Ping: 82
PlayerID: 76561198315561906 Name: MaXiMuS Character: MaXiMuS Ping: 50
PlayerID: 76561198165490172 Name: Ashtoreth Character: |Gothic| Ping: 50
PlayerID: 76561198444494613 Name: vladkrut22 Character: Aня Ping: 121

Client has executed command "bans"
Bans:
PlayerID: 76561197966773788
JudgeID: 0
Reason: 900000 Duration: 31536000 Remaining: 27648973
PlayerID: 76561198190667017
JudgeID: 0
Reason: cheater Duration: 31104000 Remaining: 30529251
PlayerID: 76561198374710965
JudgeID: 0
Reason: cheater Duration: 31104000 Remaining: 30529267

END
bans
Client has executed command "bans"

Bans:
PlayerID: 76561197966773788
JudgeID: 0
Reason: 900000 Duration: 31536000 Remaining: 27648973
PlayerID: 76561198190667017
JudgeID: 0
Reason: cheater Duration: 31104000 Remaining: 30529251
PlayerID: 76561198374710965
JudgeID: 0
Reason: cheater Duration: 31104000 Remaining: 30529267

END
END
Client has executed command "GET NOW"

ServerControl >> VALUE NOW [1] [0] [1318]

MessageAnnouncer >> Broadcast: Если модератор ведёт себя неподобающе, пишите в группу или ЛС (vk.com/unturned_hgm, vk.com/hemulgm)

MessageAnnouncer >> Если модератор ведёт себя неподобающе, пишите в группу или ЛС (vk.com/unturned_hgm, vk.com/hemulgm)

Client has executed command "players"

Players:
PlayerID: 76561198423084997 Name: lovemariina Character: 228ff Ping: 140
PlayerID: 76561198408019916 Name: slava.fan555 Character: Славик Cухоруков Ping: 70
PlayerID: 76561198315561906 Name: MaXiMuS Character: MaXiMuS Ping: 50
PlayerID: 76561198165490172 Name: Ashtoreth Character: |Gothic| Ping: 54
PlayerID: 76561198444494613 Name: vladkrut22 Character: Aня Ping: 140

Client has executed command "bans"
Bans:
PlayerID: 76561197966773788
JudgeID: 0
Reason: 900000 Duration: 31536000 Remaining: 27648962
PlayerID: 76561198190667017
JudgeID: 0
Reason: cheater Duration: 31104000 Remaining: 30529240
PlayerID: 76561198374710965
JudgeID: 0

END
bans
Reason: cheater Duration: 31104000 Remaining: 30529256

Client has executed command "bans"
Bans:
PlayerID: 76561197966773788
JudgeID: 0
Reason: 900000 Duration: 31536000 Remaining: 27648962
PlayerID: 76561198190667017
JudgeID: 0
Reason: cheater Duration: 31104000 Remaining: 30529240
PlayerID: 76561198374710965
JudgeID: 0
Reason: cheater Duration: 31104000 Remaining: 30529256

END
GET NOW
Client has executed command "GET NOW"

ServerControl >> VALUE NOW [1] [0] [1326]

END
Client has executed command "GET NOW"

ServerControl >> VALUE NOW [1] [0] [1328]

players
GET NOW
Client has executed command "players"

Players:
PlayerID: 76561198423084997 Name: lovemariina Character: 228ff Ping: 136
PlayerID: 76561198408019916 Name: slava.fan555 Character: Славик Cухоруков Ping: 74
PlayerID: 76561198315561906 Name: MaXiMuS Character: MaXiMuS Ping: 54
PlayerID: 76561198165490172 Name: Ashtoreth Character: |Gothic| Ping: 31
PlayerID: 76561198444494613 Name: vladkrut22 Character: Aня Ping: 128

Client has executed command "GET NOW"

ServerControl >> VALUE NOW [1] [0] [1336]

