RocketRcon v2.4.8.0

login aVIPs22031994
players
Client has executed command "players"
Players:
PlayerID: 76561198056500580 Name: BART Character: KOFFI Ping: 31
PlayerID: 76561198366549870 Name: Expert13372284200 Character: Expert1337 Ping: 195
Client has executed command "players"
Players:
PlayerID: 76561198056500580 Name: BART Character: KOFFI Ping: 31
PlayerID: 76561198366549870 Name: Expert13372284200 Character: Expert1337 Ping: 195
Client has executed command "bans"
Bans:
PlayerID: 76561197966773788
JudgeID: 0
Reason: 900000 Duration: 31536000 Remaining: 27473880
PlayerID: 76561198190667017
JudgeID: 0
Reason: cheater Duration: 31104000 Remaining: 30354158
PlayerID: 76561198374710965
JudgeID: 0
Reason: cheater Duration: 31104000 Remaining: 30354174
Client has executed command "bans"
Bans:
PlayerID: 76561197966773788
JudgeID: 0
Reason: 900000 Duration: 31536000 Remaining: 27473880
PlayerID: 76561198190667017
JudgeID: 0
Reason: cheater Duration: 31104000 Remaining: 30354158
PlayerID: 76561198374710965
JudgeID: 0
Reason: cheater Duration: 31104000 Remaining: 30354174

END
END
END
[World] Expert1337 [Expert13372284200]: "/i makeshift"
Дал Expert1337 вещь 487:1

Не обработано: Дал Expert1337 вещь 487:1
END
Client has executed command "GET NOW"

ServerControl >> VALUE NOW [1] [0] [772]

Disconnecting: PlayerID: 76561198366549870 Name: Expert13372284200 Character: Expert1337

GET NOW
Client has executed command "GET NOW"

ServerControl >> VALUE NOW [1] [0] [781]

Client has executed command "GET NOW"

ServerControl >> VALUE NOW [1] [0] [782]

Client has executed command "players"

Players:
PlayerID: 76561198056500580 Name: BART Character: KOFFI Ping: 15

Client has executed command "bans"

Bans:
PlayerID: 76561197966773788
JudgeID: 0
Reason: 900000 Duration: 31536000 Remaining: 27473859
PlayerID: 76561198190667017
JudgeID: 0
Reason: cheater Duration: 31104000 Remaining: 30354137
PlayerID: 76561198374710965
JudgeID: 0
Reason: cheater Duration: 31104000 Remaining: 30354153

END
END
GET NOW
Client has executed command "GET NOW"

ServerControl >> VALUE NOW [1] [0] [791]

Client has executed command "GET NOW"

ServerControl >> VALUE NOW [1] [0] [792]

GET NOW
Client has executed command "GET NOW"

ServerControl >> VALUE NOW [1] [0] [801]

Client has executed command "GET NOW"

ServerControl >> VALUE NOW [1] [0] [802]

Client has executed command "players"

Players:
PlayerID: 76561198056500580 Name: BART Character: KOFFI Ping: 15

Client has executed command "bans"

Bans:
PlayerID: 76561197966773788
JudgeID: 0
Reason: 900000 Duration: 31536000 Remaining: 27473839
PlayerID: 76561198190667017
JudgeID: 0
Reason: cheater Duration: 31104000 Remaining: 30354117
PlayerID: 76561198374710965
JudgeID: 0
Reason: cheater Duration: 31104000 Remaining: 30354133

END
END
MessageAnnouncer >> Broadcast: Наберите /kit start, чтобы получить стартовый набор (еда, вода, топор)

MessageAnnouncer >> Наберите /kit start, чтобы получить стартовый набор (еда, вода, топор)

GET NOW
Client has executed command "GET NOW"

ServerControl >> VALUE NOW [1] [0] [811]

Client has executed command "GET NOW"

ServerControl >> VALUE NOW [1] [0] [812]

GET NOW
Client has executed command "GET NOW"

ServerControl >> VALUE NOW [1] [0] [821]

Client has executed command "GET NOW"

ServerControl >> VALUE NOW [1] [0] [822]

Client has executed command "players"

Players:
PlayerID: 76561198056500580 Name: BART Character: KOFFI Ping: 23

Client has executed command "bans"

Bans:
PlayerID: 76561197966773788
JudgeID: 0
Reason: 900000 Duration: 31536000 Remaining: 27473819
PlayerID: 76561198190667017
JudgeID: 0
Reason: cheater Duration: 31104000 Remaining: 30354097
PlayerID: 76561198374710965
JudgeID: 0
Reason: cheater Duration: 31104000 Remaining: 30354113

END
END
GET NOW
Client has executed command "GET NOW"

ServerControl >> VALUE NOW [1] [0] [831]

Client has executed command "GET NOW"

ServerControl >> VALUE NOW [1] [0] [832]

