Не обработано: RocketRcon v2.4.8.0
RocketRcon v2.4.8.0

Client has executed command "players"

TimerTerminateCommand.Enabled with Players:
Players:
PlayerID: 76561198363828451 Name: Ничоси Character: Кеша Ping: 39
PlayerID: 76561198305732269 Name: Owl Character: Owl Ping: 70
PlayerID: 76561198334346242 Name: мареонетка Character: [Кровавые]хмурый Ping: 140
PlayerID: 76561198126311468 Name: top pocik Character: Logic Ping: 74

Не обработано: MessageAnnouncer >> Broadcast: Если модератор ведёт себя неподобающе, пишите в группу или ЛС (vk.com/unturned_hgm, vk.com/hemulgm)
TimerTerminateCommand.Enabled with Players:
MessageAnnouncer >> Broadcast: Если модератор ведёт себя неподобающе, пишите в группу или ЛС (vk.com/unturned_hgm, vk.com/hemulgm)

Не обработано: MessageAnnouncer >> Если модератор ведёт себя неподобающе, пишите в группу или ЛС (vk.com/unturned_hgm, vk.com/hemulgm)
TimerTerminateCommand.Enabled with Players:
MessageAnnouncer >> Если модератор ведёт себя неподобающе, пишите в группу или ЛС (vk.com/unturned_hgm, vk.com/hemulgm)

END with Players:
Client has executed command "bans"

TimerTerminateCommand.Enabled with Bans:
Bans:
PlayerID: 123123
JudgeID: 0
Reason: unspecified Duration: 31536000 Remaining: 31001429
PlayerID: 123
JudgeID: 0
Reason: durila Duration: 4000 Remaining: 4294437223
PlayerID: 76561198274427357
JudgeID: 0
Reason: you were vote kicked Duration: 180 Remaining: 4294465596

END with Bans:
