06.10.2017 16:13:20: ClientSocketLookup
06.10.2017 16:13:22: ClientSocketConnecting
06.10.2017 16:13:24: ClientSocketError Не смог подключиться
06.10.2017 16:13:26: ClientSocketLookup
06.10.2017 16:13:28: ClientSocketConnecting
06.10.2017 16:13:30: ClientSocketError Не смог подключиться
06.10.2017 16:13:32: ClientSocketLookup
06.10.2017 16:13:34: ClientSocketConnecting
06.10.2017 16:13:36: ClientSocketError Не смог подключиться
06.10.2017 16:13:38: ClientSocketLookup
06.10.2017 16:13:40: ClientSocketConnecting
06.10.2017 16:13:42: ClientSocketError Не смог подключиться
06.10.2017 16:13:44: ClientSocketLookup
06.10.2017 16:13:46: ClientSocketConnecting
06.10.2017 16:13:48: ClientSocketError Не смог подключиться
06.10.2017 16:13:50: ClientSocketLookup
06.10.2017 16:13:52: ClientSocketConnecting
06.10.2017 16:13:54: ClientSocketError Не смог подключиться
06.10.2017 16:13:56: ClientSocketLookup
06.10.2017 16:13:58: ClientSocketConnecting
06.10.2017 16:14:00: ClientSocketError Не смог подключиться
06.10.2017 16:14:02: ClientSocketLookup
06.10.2017 16:14:04: ClientSocketConnecting
06.10.2017 16:14:06: ClientSocketError Не смог подключиться
06.10.2017 16:14:08: ClientSocketLookup
06.10.2017 16:14:10: ClientSocketConnecting
06.10.2017 16:14:12: ClientSocketError Не смог подключиться
06.10.2017 16:14:14: ClientSocketLookup
06.10.2017 16:14:16: ClientSocketConnecting
06.10.2017 16:14:18: ClientSocketError Не смог подключиться
06.10.2017 16:14:20: ClientSocketLookup
06.10.2017 16:14:22: ClientSocketConnecting
06.10.2017 16:14:24: ClientSocketError Не смог подключиться
06.10.2017 16:14:26: ClientSocketLookup
06.10.2017 16:14:28: ClientSocketConnecting
06.10.2017 16:14:30: ClientSocketError Не смог подключиться
06.10.2017 16:14:32: ClientSocketLookup
06.10.2017 16:14:34: ClientSocketConnecting
06.10.2017 16:14:36: ClientSocketError Не смог подключиться
06.10.2017 16:14:38: ClientSocketLookup
06.10.2017 16:14:40: ClientSocketConnecting
06.10.2017 16:14:42: ClientSocketError Не смог подключиться
06.10.2017 16:14:44: ClientSocketLookup
06.10.2017 16:14:46: ClientSocketConnecting
06.10.2017 16:14:48: ClientSocketError Не смог подключиться
06.10.2017 16:14:50: ClientSocketLookup
06.10.2017 16:14:52: ClientSocketConnecting
06.10.2017 16:14:54: ClientSocketError Не смог подключиться
06.10.2017 16:14:56: ClientSocketLookup
06.10.2017 16:14:58: ClientSocketConnecting
06.10.2017 16:15:00: ClientSocketError Не смог подключиться
06.10.2017 16:15:02: ClientSocketLookup
06.10.2017 16:15:04: ClientSocketConnecting
06.10.2017 16:15:06: ClientSocketError Не смог подключиться
06.10.2017 16:15:08: ClientSocketLookup
06.10.2017 16:15:10: ClientSocketConnecting
06.10.2017 16:15:12: ClientSocketError Не смог подключиться
06.10.2017 16:15:14: ClientSocketLookup
06.10.2017 16:15:16: ClientSocketConnecting
06.10.2017 16:15:18: ClientSocketError Не смог подключиться
06.10.2017 16:15:20: ClientSocketLookup
06.10.2017 16:15:22: ClientSocketConnecting
06.10.2017 16:15:24: ClientSocketError Не смог подключиться
06.10.2017 16:15:26: ClientSocketLookup
06.10.2017 16:15:28: ClientSocketConnecting
06.10.2017 16:15:30: ClientSocketError Не смог подключиться
06.10.2017 16:15:32: ClientSocketLookup
06.10.2017 16:15:34: ClientSocketConnecting
06.10.2017 16:15:36: ClientSocketError Не смог подключиться
06.10.2017 16:15:38: ClientSocketLookup
06.10.2017 16:15:40: ClientSocketConnecting
06.10.2017 16:15:42: ClientSocketError Не смог подключиться
06.10.2017 16:15:44: ClientSocketLookup
06.10.2017 16:15:46: ClientSocketConnecting
06.10.2017 16:15:48: ClientSocketError Не смог подключиться
06.10.2017 16:15:50: ClientSocketLookup
06.10.2017 16:15:52: ClientSocketConnecting
06.10.2017 16:15:54: ClientSocketError Не смог подключиться
06.10.2017 16:15:56: ClientSocketLookup
06.10.2017 16:15:58: ClientSocketConnecting
06.10.2017 16:16:00: ClientSocketError Не смог подключиться
06.10.2017 16:16:02: ClientSocketLookup
06.10.2017 16:16:04: ClientSocketConnecting
06.10.2017 16:16:06: ClientSocketError Не смог подключиться
06.10.2017 16:16:08: ClientSocketLookup
06.10.2017 16:16:10: ClientSocketConnecting
06.10.2017 16:16:12: ClientSocketError Не смог подключиться
06.10.2017 16:16:14: ClientSocketLookup
06.10.2017 16:16:16: ClientSocketConnecting
06.10.2017 16:16:18: ClientSocketError Не смог подключиться
06.10.2017 16:16:20: ClientSocketLookup
06.10.2017 16:16:22: ClientSocketConnecting
06.10.2017 16:16:24: ClientSocketError Не смог подключиться
06.10.2017 16:16:26: ClientSocketLookup
06.10.2017 16:16:28: ClientSocketConnecting
06.10.2017 16:16:30: ClientSocketError Не смог подключиться
06.10.2017 16:16:32: ClientSocketLookup
06.10.2017 16:16:34: ClientSocketConnecting
06.10.2017 16:16:36: ClientSocketError Не смог подключиться
06.10.2017 16:16:38: ClientSocketLookup
06.10.2017 16:16:40: ClientSocketConnecting
06.10.2017 16:16:42: ClientSocketError Не смог подключиться
06.10.2017 16:16:44: ClientSocketLookup
06.10.2017 16:16:46: ClientSocketConnecting
06.10.2017 16:16:48: ClientSocketError Не смог подключиться
06.10.2017 16:16:50: ClientSocketLookup
06.10.2017 16:16:52: ClientSocketConnecting
06.10.2017 16:16:54: ClientSocketError Не смог подключиться
06.10.2017 16:16:56: ClientSocketLookup
06.10.2017 16:16:58: ClientSocketConnecting
06.10.2017 16:17:00: ClientSocketError Не смог подключиться
06.10.2017 16:17:02: ClientSocketLookup
06.10.2017 16:17:04: ClientSocketConnecting
06.10.2017 16:17:06: ClientSocketError Не смог подключиться
06.10.2017 16:17:08: ClientSocketLookup
06.10.2017 16:17:10: ClientSocketConnecting
06.10.2017 16:17:13: ClientSocketError Не смог подключиться
06.10.2017 16:17:15: ClientSocketLookup
06.10.2017 16:17:17: ClientSocketConnecting
06.10.2017 16:17:19: ClientSocketError Не смог подключиться
06.10.2017 16:17:21: ClientSocketLookup
06.10.2017 16:17:23: ClientSocketConnecting
06.10.2017 16:17:25: ClientSocketError Не смог подключиться
06.10.2017 16:17:27: ClientSocketLookup
06.10.2017 16:17:29: ClientSocketConnecting
06.10.2017 16:17:31: ClientSocketError Не смог подключиться
06.10.2017 16:17:33: ClientSocketLookup
06.10.2017 16:17:35: ClientSocketConnecting
06.10.2017 16:17:37: ClientSocketError Не смог подключиться
06.10.2017 16:17:39: ClientSocketLookup
06.10.2017 16:17:41: ClientSocketConnecting
06.10.2017 16:17:43: ClientSocketError Не смог подключиться
06.10.2017 16:17:45: ClientSocketLookup
06.10.2017 16:17:47: ClientSocketConnecting
06.10.2017 16:17:49: ClientSocketError Не смог подключиться
06.10.2017 16:17:51: ClientSocketLookup
06.10.2017 16:17:53: ClientSocketConnecting
06.10.2017 16:17:55: ClientSocketError Не смог подключиться
06.10.2017 16:17:57: ClientSocketLookup
06.10.2017 16:17:59: ClientSocketConnecting
06.10.2017 16:18:01: ClientSocketError Не смог подключиться
06.10.2017 16:18:03: ClientSocketLookup
06.10.2017 16:18:05: ClientSocketConnecting
06.10.2017 16:18:07: ClientSocketError Не смог подключиться
06.10.2017 16:18:09: ClientSocketLookup
06.10.2017 16:18:11: ClientSocketConnecting
06.10.2017 16:18:13: ClientSocketError Не смог подключиться
06.10.2017 16:18:15: ClientSocketLookup
06.10.2017 16:18:17: ClientSocketConnecting
06.10.2017 16:18:19: ClientSocketError Не смог подключиться
06.10.2017 16:18:21: ClientSocketLookup
06.10.2017 16:18:23: ClientSocketConnecting
06.10.2017 16:18:25: ClientSocketError Не смог подключиться
06.10.2017 16:18:27: ClientSocketLookup
06.10.2017 16:18:29: ClientSocketConnecting
06.10.2017 16:18:31: ClientSocketError Не смог подключиться
06.10.2017 16:18:33: ClientSocketLookup
06.10.2017 16:18:35: ClientSocketConnecting
06.10.2017 16:18:37: ClientSocketConnect
06.10.2017 16:18:37: ClientSocketWrite
06.10.2017 16:18:39: ClientSocketDisconnect
06.10.2017 16:18:39: ClientSocketLookup
06.10.2017 16:18:41: ClientSocketConnecting
06.10.2017 16:18:43: ClientSocketConnect
06.10.2017 16:18:43: ClientSocketWrite
06.10.2017 16:18:45: ClientSocketDisconnect
06.10.2017 16:18:45: ClientSocketLookup
06.10.2017 16:18:47: ClientSocketConnecting
06.10.2017 16:18:49: ClientSocketConnect
06.10.2017 16:18:49: ClientSocketWrite
06.10.2017 16:18:51: ClientSocketDisconnect
06.10.2017 16:18:51: ClientSocketLookup
06.10.2017 16:18:53: ClientSocketConnecting
06.10.2017 16:18:55: ClientSocketConnect
06.10.2017 16:18:55: ClientSocketWrite
06.10.2017 16:18:57: ClientSocketDisconnect
06.10.2017 16:18:57: ClientSocketLookup
06.10.2017 16:18:59: ClientSocketConnecting
06.10.2017 16:19:01: ClientSocketConnect
06.10.2017 16:19:01: ClientSocketWrite
06.10.2017 16:19:03: ClientSocketDisconnect
06.10.2017 16:19:03: ClientSocketLookup
06.10.2017 16:19:05: ClientSocketConnecting
06.10.2017 16:19:07: ClientSocketConnect
06.10.2017 16:19:07: ClientSocketWrite
06.10.2017 16:19:09: ClientSocketDisconnect
06.10.2017 16:19:09: ClientSocketLookup
06.10.2017 16:19:11: ClientSocketConnecting
06.10.2017 16:19:13: ClientSocketConnect
06.10.2017 16:19:13: ClientSocketWrite
06.10.2017 16:19:15: ClientSocketDisconnect
06.10.2017 16:19:15: ClientSocketLookup
06.10.2017 16:19:24: ClientSocketConnecting
06.10.2017 16:19:42: ClientSocketConnect
06.10.2017 16:19:42: ClientSocketWrite
