Не обработано: RocketRcon v2.4.8.0
RocketRcon v2.4.8.0

Client has executed command "players"

TimerTerminateCommand.Enabled with Players:
Players:
PlayerID: 76561198366549870 Name: Expert13372284200 Character: Expert1337 Ping: 132
PlayerID: 76561198300812301 Name: KiLeR00707 Character: KiLeR00707 Ping: 31
PlayerID: 76561198345092267 Name: demid3450 Character: [гл террористов] демид журавлёв Ping: 125
PlayerID: 76561198200101595 Name: NEVALYASHA Character: NEVALYASHA Ping: 125
PlayerID: 76561198262994976 Name: XxX_ARMAЗ_XxX Character: shilyaev710 Ping: 66
PlayerID: 76561198303283372 Name: PeR4IK Character: данил Ping: 125
PlayerID: 76561198123840535 Name: ?????? Character: top Ping: 117
PlayerID: 76561198140053978 Name: 7_AleX_3 Character: 7_AleX_3 Ping: 46
PlayerID: 76561198292543416 Name: Mr_GiladKing Character: GamerYT Ping: 62
PlayerID: 76561198295801599 Name: Lo[x] Character: Lo[x] Ping: 54
PlayerID: 76561198314140913 Name: DireHick Character: JeffRee Ping: 42
PlayerID: 76561198314638573 Name: UDODMEN Character: udodmen Ping: 93
PlayerID: 76561198176817369 Name: ?. Character: GlodiS Ping: 74
PlayerID: 76561198241901342 Name: Podarochek Character: Игорь Петрович Ping: 125
PlayerID: 76561198225218476 Name: Dr Zomberg Character: Dr Zomberg Ping: 66

TimerTerminateCommand.Enabled with Bans:
Client has executed command "bans"
Bans:
PlayerID: 123123
JudgeID: 0
Reason: unspecified Duration: 31536000 Remaining: 31471081
PlayerID: 123
JudgeID: 0
Reason: durila Duration: 4000 Remaining: 4294906875
PlayerID: 76561198274427357
JudgeID: 0
Reason: you were vote kicked Duration: 180 Remaining: 4294935248

TimerTerminateCommand.Enabled with Bans:
[World] данил [PeR4IK]: "/home"

Не обработано: данил moved x:-696.7357 y:70.48215(+32.00484) z:-625.013 in the last second (0.2379227)
TimerTerminateCommand.Enabled with Bans:
данил moved x:-696.7357 y:70.48215(+32.00484) z:-625.013 in the last second (0.2379227)

[World] 7_AleX_3 [7_AleX_3]: "в обьезд можно"

[World] Expert1337 [Expert13372284200]: "долго"

Client has executed command "players"

TimerTerminateCommand.Enabled with Players:
Players:
PlayerID: 76561198366549870 Name: Expert13372284200 Character: Expert1337 Ping: 144
PlayerID: 76561198300812301 Name: KiLeR00707 Character: KiLeR00707 Ping: 148
PlayerID: 76561198345092267 Name: demid3450 Character: [гл террористов] демид журавлёв Ping: 113
PlayerID: 76561198200101595 Name: NEVALYASHA Character: NEVALYASHA Ping: 125
PlayerID: 76561198262994976 Name: XxX_ARMAЗ_XxX Character: shilyaev710 Ping: 117
PlayerID: 76561198303283372 Name: PeR4IK Character: данил Ping: 93
PlayerID: 76561198123840535 Name: ?????? Character: top Ping: 93
PlayerID: 76561198140053978 Name: 7_AleX_3 Character: 7_AleX_3 Ping: 42
PlayerID: 76561198292543416 Name: Mr_GiladKing Character: GamerYT Ping: 62
PlayerID: 76561198295801599 Name: Lo[x] Character: Lo[x] Ping: 62
PlayerID: 76561198314140913 Name: DireHick Character: JeffRee Ping: 42
PlayerID: 76561198314638573 Name: UDODMEN Character: udodmen Ping: 78
PlayerID: 76561198176817369 Name: ?. Character: GlodiS Ping: 78
PlayerID: 76561198241901342 Name: Podarochek Character: Игорь Петрович Ping: 113
PlayerID: 76561198225218476 Name: Dr Zomberg Character: Dr Zomberg Ping: 62

[World] данил [PeR4IK]: "/kit help"

Client has executed command "players"

TimerTerminateCommand.Enabled with Players:
Players:
PlayerID: 76561198366549870 Name: Expert13372284200 Character: Expert1337 Ping: 136
PlayerID: 76561198300812301 Name: KiLeR00707 Character: KiLeR00707 Ping: 42
PlayerID: 76561198345092267 Name: demid3450 Character: [гл террористов] демид журавлёв Ping: 121
PlayerID: 76561198200101595 Name: NEVALYASHA Character: NEVALYASHA Ping: 128
PlayerID: 76561198262994976 Name: XxX_ARMAЗ_XxX Character: shilyaev710 Ping: 148
PlayerID: 76561198303283372 Name: PeR4IK Character: данил Ping: 85
PlayerID: 76561198123840535 Name: ?????? Character: top Ping: 199
PlayerID: 76561198140053978 Name: 7_AleX_3 Character: 7_AleX_3 Ping: 39
PlayerID: 76561198292543416 Name: Mr_GiladKing Character: GamerYT Ping: 58
PlayerID: 76561198295801599 Name: Lo[x] Character: Lo[x] Ping: 58
PlayerID: 76561198314140913 Name: DireHick Character: JeffRee Ping: 42
PlayerID: 76561198314638573 Name: UDODMEN Character: udodmen Ping: 82
PlayerID: 76561198176817369 Name: ?. Character: GlodiS Ping: 74
PlayerID: 76561198241901342 Name: Podarochek Character: Игорь Петрович Ping: 117
PlayerID: 76561198225218476 Name: Dr Zomberg Character: Dr Zomberg Ping: 58

Не обработано: MessageAnnouncer >> Broadcast: vk.com/unturned_hgm - группа сервера ВК, уникальный кит в записи!
MessageAnnouncer >> Broadcast: vk.com/unturned_hgm - группа сервера ВК, уникальный кит в записи!

Не обработано: MessageAnnouncer >> vk.com/unturned_hgm - группа сервера ВК, уникальный кит в записи!
MessageAnnouncer >> vk.com/unturned_hgm - группа сервера ВК, уникальный кит в записи!

[World] 7_AleX_3 [7_AleX_3]: "го с нами"

Client has executed command "players"

TimerTerminateCommand.Enabled with Players:
Players:
PlayerID: 76561198366549870 Name: Expert13372284200 Character: Expert1337 Ping: 148
PlayerID: 76561198300812301 Name: KiLeR00707 Character: KiLeR00707 Ping: 58
PlayerID: 76561198345092267 Name: demid3450 Character: [гл террористов] демид журавлёв Ping: 136
PlayerID: 76561198200101595 Name: NEVALYASHA Character: NEVALYASHA Ping: 128
PlayerID: 76561198262994976 Name: XxX_ARMAЗ_XxX Character: shilyaev710 Ping: 93
PlayerID: 76561198303283372 Name: PeR4IK Character: данил Ping: 113
PlayerID: 76561198123840535 Name: ?????? Character: top Ping: 132
PlayerID: 76561198140053978 Name: 7_AleX_3 Character: 7_AleX_3 Ping: 54
PlayerID: 76561198292543416 Name: Mr_GiladKing Character: GamerYT Ping: 78
PlayerID: 76561198295801599 Name: Lo[x] Character: Lo[x] Ping: 82
PlayerID: 76561198314140913 Name: DireHick Character: JeffRee Ping: 39
PlayerID: 76561198314638573 Name: UDODMEN Character: udodmen Ping: 105
PlayerID: 76561198176817369 Name: ?. Character: GlodiS Ping: 93
PlayerID: 76561198241901342 Name: Podarochek Character: Игорь Петрович Ping: 195
PlayerID: 76561198225218476 Name: Dr Zomberg Character: Dr Zomberg Ping: 89

[World] Expert1337 [Expert13372284200]: "ладно в объезд"

Client has executed command "players"

TimerTerminateCommand.Enabled with Players:
Players:
PlayerID: 76561198366549870 Name: Expert13372284200 Character: Expert1337 Ping: 136
PlayerID: 76561198300812301 Name: KiLeR00707 Character: KiLeR00707 Ping: 128
PlayerID: 76561198345092267 Name: demid3450 Character: [гл террористов] демид журавлёв Ping: 187
PlayerID: 76561198200101595 Name: NEVALYASHA Character: NEVALYASHA Ping: 125
PlayerID: 76561198262994976 Name: XxX_ARMAЗ_XxX Character: shilyaev710 Ping: 82
PlayerID: 76561198303283372 Name: PeR4IK Character: данил Ping: 125
PlayerID: 76561198123840535 Name: ?????? Character: top Ping: 175
PlayerID: 76561198140053978 Name: 7_AleX_3 Character: 7_AleX_3 Ping: 62
PlayerID: 76561198292543416 Name: Mr_GiladKing Character: GamerYT Ping: 78
PlayerID: 76561198295801599 Name: Lo[x] Character: Lo[x] Ping: 66
PlayerID: 76561198314140913 Name: DireHick Character: JeffRee Ping: 50
PlayerID: 76561198314638573 Name: UDODMEN Character: udodmen Ping: 93
PlayerID: 76561198176817369 Name: ?. Character: GlodiS Ping: 82
PlayerID: 76561198241901342 Name: Podarochek Character: Игорь Петрович Ping: 148
PlayerID: 76561198225218476 Name: Dr Zomberg Character: Dr Zomberg Ping: 74

[World] 7_AleX_3 [7_AleX_3]: "меня жди"

[World] [гл террористов] демид журавлёв [demid3450]: "куплю гриззли"

[World] данил [PeR4IK]: "/tpa expe"

[World] 7_AleX_3 [7_AleX_3]: "идея"

[World] данил [PeR4IK]: "примии"

Не обработано: Expert1337 moved x:21.44216 y:45.77039(+17.02327) z:-453.7614 in the last second (1)
Expert1337 moved x:21.44216 y:45.77039(+17.02327) z:-453.7614 in the last second (1)

Client has executed command "players"

TimerTerminateCommand.Enabled with Players:
Players:
PlayerID: 76561198366549870 Name: Expert13372284200 Character: Expert1337 Ping: 128
PlayerID: 76561198300812301 Name: KiLeR00707 Character: KiLeR00707 Ping: 58
PlayerID: 76561198345092267 Name: demid3450 Character: [гл террористов] демид журавлёв Ping: 125
PlayerID: 76561198200101595 Name: NEVALYASHA Character: NEVALYASHA Ping: 117
PlayerID: 76561198262994976 Name: XxX_ARMAЗ_XxX Character: shilyaev710 Ping: 66
PlayerID: 76561198303283372 Name: PeR4IK Character: данил Ping: 70
PlayerID: 76561198123840535 Name: ?????? Character: top Ping: 148
PlayerID: 76561198140053978 Name: 7_AleX_3 Character: 7_AleX_3 Ping: 35
PlayerID: 76561198292543416 Name: Mr_GiladKing Character: GamerYT Ping: 70
PlayerID: 76561198295801599 Name: Lo[x] Character: Lo[x] Ping: 54
PlayerID: 76561198314140913 Name: DireHick Character: JeffRee Ping: 39
PlayerID: 76561198314638573 Name: UDODMEN Character: udodmen Ping: 82
PlayerID: 76561198176817369 Name: ?. Character: GlodiS Ping: 82
PlayerID: 76561198241901342 Name: Podarochek Character: Игорь Петрович Ping: 105
PlayerID: 76561198225218476 Name: Dr Zomberg Character: Dr Zomberg Ping: 58

TimerTerminateCommand.Enabled with Players:
[World] 7_AleX_3 [7_AleX_3]: "за мной"

TimerTerminateCommand.Enabled with Players:
[World] GamerYT [Mr_GiladKing]: "/HOME"

TimerTerminateCommand.Enabled with Players:
[World] данил [PeR4IK]: "екпе"

[World] 7_AleX_3 [7_AleX_3]: "за мной"

[World] Игорь Петрович [Podarochek]: "где там мой бан?"

Client has executed command "players"

TimerTerminateCommand.Enabled with Players:
Players:
PlayerID: 76561198366549870 Name: Expert13372284200 Character: Expert1337 Ping: 152
PlayerID: 76561198300812301 Name: KiLeR00707 Character: KiLeR00707 Ping: 46
PlayerID: 76561198345092267 Name: demid3450 Character: [гл террористов] демид журавлёв Ping: 121
PlayerID: 76561198200101595 Name: NEVALYASHA Character: NEVALYASHA Ping: 113
PlayerID: 76561198262994976 Name: XxX_ARMAЗ_XxX Character: shilyaev710 Ping: 93
PlayerID: 76561198303283372 Name: PeR4IK Character: данил Ping: 85
PlayerID: 76561198123840535 Name: ?????? Character: top Ping: 121
PlayerID: 76561198140053978 Name: 7_AleX_3 Character: 7_AleX_3 Ping: 39
PlayerID: 76561198292543416 Name: Mr_GiladKing Character: GamerYT Ping: 50
PlayerID: 76561198295801599 Name: Lo[x] Character: Lo[x] Ping: 62
PlayerID: 76561198314140913 Name: DireHick Character: JeffRee Ping: 39
PlayerID: 76561198314638573 Name: UDODMEN Character: udodmen Ping: 85
PlayerID: 76561198176817369 Name: ?. Character: GlodiS Ping: 74
PlayerID: 76561198241901342 Name: Podarochek Character: Игорь Петрович Ping: 113
PlayerID: 76561198225218476 Name: Dr Zomberg Character: Dr Zomberg Ping: 70

[World] 7_AleX_3 [7_AleX_3]: "стой"

[World] 7_AleX_3 [7_AleX_3]: "назад"

[World] 7_AleX_3 [7_AleX_3]: "идея"

