RocketRcon v2.4.8.0

login aVIPs22031994
players
Client has executed command "players"
Players:
PlayerID: 76561198424120093 Name: Knockout1Demscouts Character: Knockout1Demscouts Ping: 195

Client has executed command "players"
Players:
PlayerID: 76561198424120093 Name: Knockout1Demscouts Character: Knockout1Demscouts Ping: 203
Client has executed command "bans"
Bans:
PlayerID: 76561197966773788
JudgeID: 0
Reason: 900000 Duration: 31536000 Remaining: 27999449
PlayerID: 76561198336969313
JudgeID: 0
Reason: reid Duration: 604800 Remaining: 114682
PlayerID: 76561198212486347
JudgeID: 0
Reason: reid Duration: 604800 Remaining: 115013
PlayerID: 76561198391097237
JudgeID: 0
Reason: reid Duration: 604800 Remaining: 277500
PlayerID: 76561198190667017
JudgeID: 0
Reason: cheater Duration: 31104000 Remaining: 30879727
PlayerID: 76561198374710965
JudgeID: 0
Reason: cheater Duration: 31104000 Remaining: 30879743
Client has executed command "bans"
Bans:
PlayerID: 76561197966773788
JudgeID: 0
Reason: 900000 Duration: 31536000 Remaining: 27999449
PlayerID: 76561198336969313
JudgeID: 0
Reason: reid Duration: 604800 Remaining: 114682
PlayerID: 76561198212486347
JudgeID: 0
Reason: reid Duration: 604800 Remaining: 115013
PlayerID: 76561198391097237
JudgeID: 0
Reason: reid Duration: 604800 Remaining: 277500
PlayerID: 76561198190667017
JudgeID: 0
Reason: cheater Duration: 31104000 Remaining: 30879727
PlayerID: 76561198374710965
JudgeID: 0
Reason: cheater Duration: 31104000 Remaining: 30879743

END
END
END
Client has executed command "GET NOW"
ServerControl >> VALUE NOW [0] [1] [2421]

END
[Group] Knockout1Demscouts [Knockout1Demscouts]: "/buy 14"

Client has executed command "GET NOW"

ServerControl >> VALUE NOW [0] [1] [2431]

GET NOW
Client has executed command "GET NOW"

ServerControl >> VALUE NOW [0] [1] [2431]

Client has executed command "players"

Players:
PlayerID: 76561198424120093 Name: Knockout1Demscouts Character: Knockout1Demscouts Ping: 207

Client has executed command "bans"

Bans:
PlayerID: 76561197966773788
JudgeID: 0
Reason: 900000 Duration: 31536000 Remaining: 27999428
PlayerID: 76561198336969313
JudgeID: 0
Reason: reid Duration: 604800 Remaining: 114661
PlayerID: 76561198212486347
JudgeID: 0
Reason: reid Duration: 604800 Remaining: 114992
PlayerID: 76561198391097237
JudgeID: 0
Reason: reid Duration: 604800 Remaining: 277479
PlayerID: 76561198190667017
JudgeID: 0
Reason: cheater Duration: 31104000 Remaining: 30879706
PlayerID: 76561198374710965
JudgeID: 0
Reason: cheater Duration: 31104000 Remaining: 30879722

END
Client has executed command "GET NOW"

ServerControl >> VALUE NOW [0] [1] [2441]

GET NOW
Client has executed command "GET NOW"

ServerControl >> VALUE NOW [0] [1] [2441]

END
Client has executed command "GET NOW"

ServerControl >> VALUE NOW [0] [1] [2451]

