RocketRcon v2.4.8.0

login aVIPs22031994
players
Client has executed command "players"
Failed to find any players.

Client has executed command "players"
Failed to find any players.

Client has executed command "GET NOW"

ServerControl >> VALUE NOW [0] [0] [2349]

GET NOW
Client has executed command "GET NOW"

ServerControl >> VALUE NOW [0] [0] [2358]

Client has executed command "GET NOW"

ServerControl >> VALUE NOW [0] [0] [2359]

Client has executed command "players"

Failed to find any players.

GET NOW
Client has executed command "GET NOW"

ServerControl >> VALUE NOW [0] [0] [2368]

Client has executed command "GET NOW"

ServerControl >> VALUE NOW [0] [0] [2369]

GET NOW
Client has executed command "GET NOW"

ServerControl >> VALUE NOW [0] [0] [2378]

Client has executed command "GET NOW"

ServerControl >> VALUE NOW [0] [0] [2379]

Client has executed command "players"

Failed to find any players.

GET NOW
Client has executed command "GET NOW"

ServerControl >> VALUE NOW [0] [0] [2388]

Client has executed command "GET NOW"

ServerControl >> VALUE NOW [0] [0] [2389]

MessageAnnouncer >> Broadcast: Если модератор ведёт себя неподобающе, пишите в группу или ЛС (vk.com/unturned_hgm, vk.com/hemulgm)

MessageAnnouncer >> Если модератор ведёт себя неподобающе, пишите в группу или ЛС (vk.com/unturned_hgm, vk.com/hemulgm)

GET NOW
Client has executed command "GET NOW"

ServerControl >> VALUE NOW [0] [0] [2398]

Client has executed command "GET NOW"

ServerControl >> VALUE NOW [0] [0] [2399]

Client has executed command "players"

Failed to find any players.

GET NOW
Client has executed command "GET NOW"

ServerControl >> VALUE NOW [0] [0] [2408]

Client has executed command "GET NOW"

ServerControl >> VALUE NOW [0] [0] [2409]

GET NOW
Client has executed command "GET NOW"

ServerControl >> VALUE NOW [0] [0] [2418]

Client has executed command "GET NOW"

ServerControl >> VALUE NOW [0] [0] [2419]

Client has executed command "players"

Failed to find any players.

GET NOW
Client has executed command "GET NOW"

ServerControl >> VALUE NOW [0] [0] [2428]

Client has executed command "GET NOW"

ServerControl >> VALUE NOW [0] [0] [2429]

PlayerInfoLib >> No expired player info records found for this batch.

Saving server

Сохранение сервера
GET NOW
Client has executed command "GET NOW"

ServerControl >> VALUE NOW [0] [0] [2438]

Client has executed command "GET NOW"

ServerControl >> VALUE NOW [0] [0] [2439]

Client has executed command "players"

Failed to find any players.

GET NOW
Client has executed command "GET NOW"

ServerControl >> VALUE NOW [0] [0] [2448]

Client has executed command "GET NOW"

ServerControl >> VALUE NOW [0] [0] [2449]

MessageAnnouncer >> Broadcast: Посетите наш сайт. Вы будете удивлены! unturned.hemulgm.ru

MessageAnnouncer >> Посетите наш сайт. Вы будете удивлены! unturned.hemulgm.ru

GET NOW
Client has executed command "GET NOW"

ServerControl >> VALUE NOW [0] [0] [2458]

Client has executed command "GET NOW"

ServerControl >> VALUE NOW [0] [0] [2459]

Client has executed command "players"

Failed to find any players.

GET NOW
Client has executed command "GET NOW"

ServerControl >> VALUE NOW [0] [0] [2468]

Client has executed command "GET NOW"

ServerControl >> VALUE NOW [0] [0] [2469]

GET NOW
Client has executed command "GET NOW"

ServerControl >> VALUE NOW [0] [0] [2479]

Client has executed command "GET NOW"

ServerControl >> VALUE NOW [0] [0] [2479]

Client has executed command "players"

Failed to find any players.

GET NOW
Client has executed command "GET NOW"

ServerControl >> VALUE NOW [0] [0] [2489]

Client has executed command "GET NOW"

ServerControl >> VALUE NOW [0] [0] [2489]

GET NOW
Client has executed command "GET NOW"

ServerControl >> VALUE NOW [0] [0] [2499]

Client has executed command "GET NOW"

ServerControl >> VALUE NOW [0] [0] [2499]

Client has executed command "players"

Failed to find any players.

GET NOW
Client has executed command "GET NOW"

ServerControl >> VALUE NOW [0] [0] [2509]

Client has executed command "GET NOW"

ServerControl >> VALUE NOW [0] [0] [2509]

MessageAnnouncer >> Broadcast: vk.com/hemulgm - ЕДИНСТВЕННЫЙ администратор сервера

MessageAnnouncer >> vk.com/hemulgm - ЕДИНСТВЕННЫЙ администратор сервера

GET NOW
Client has executed command "GET NOW"

ServerControl >> VALUE NOW [0] [0] [2519]

Client has executed command "GET NOW"

ServerControl >> VALUE NOW [0] [0] [2519]

Client has executed command "players"

Failed to find any players.

GET NOW
Client has executed command "GET NOW"

ServerControl >> VALUE NOW [0] [0] [2529]

Client has executed command "GET NOW"

ServerControl >> VALUE NOW [0] [0] [2529]

GET NOW
Client has executed command "GET NOW"

ServerControl >> VALUE NOW [0] [0] [2539]

Client has executed command "GET NOW"

ServerControl >> VALUE NOW [0] [0] [2539]

Client has executed command "cchat "/33/09/17/04/17/15/16 /24/05/17/05/08 3 /24. 40 /13. " 255 255 0"

ServerControl >> Broadcast: Аирдроп через 3 ч. 40 м.

Не обработано: ServerControl >> Broadcast: Аирдроп через 3 ч. 40 м.
Client has executed command "players"

Failed to find any players.

GET NOW
Client has executed command "GET NOW"

ServerControl >> VALUE NOW [0] [0] [2549]

Client has executed command "GET NOW"

ServerControl >> VALUE NOW [0] [0] [2549]

GET NOW
Client has executed command "GET NOW"

ServerControl >> VALUE NOW [0] [0] [2559]

Client has executed command "GET NOW"

ServerControl >> VALUE NOW [0] [0] [2559]

Client has executed command "players"

Failed to find any players.

GET NOW
Client has executed command "GET NOW"

ServerControl >> VALUE NOW [0] [0] [2569]

Client has executed command "GET NOW"

ServerControl >> VALUE NOW [0] [0] [2569]

MessageAnnouncer >> Broadcast: Используйте /report [ник], чтобы отправить жалобу на игрока

MessageAnnouncer >> Используйте /report [ник], чтобы отправить жалобу на игрока

GET NOW
Client has executed command "GET NOW"

ServerControl >> VALUE NOW [0] [0] [2579]

Client has executed command "GET NOW"

ServerControl >> VALUE NOW [0] [0] [2579]

Client has executed command "players"

Failed to find any players.

GET NOW
Client has executed command "GET NOW"

ServerControl >> VALUE NOW [0] [0] [2589]

Client has executed command "GET NOW"

ServerControl >> VALUE NOW [0] [0] [2589]

GET NOW
Client has executed command "GET NOW"

ServerControl >> VALUE NOW [0] [0] [2599]

Client has executed command "GET NOW"

ServerControl >> VALUE NOW [0] [0] [2599]

Client has executed command "players"

Failed to find any players.

GET NOW
Client has executed command "GET NOW"

ServerControl >> VALUE NOW [0] [0] [2609]

Client has executed command "GET NOW"

ServerControl >> VALUE NOW [0] [0] [2609]

