17.11.2017 15:28:25: RocketRcon v2.4.8.0

17.11.2017 15:28:27: Client has executed command "players"
Players:
PlayerID: 76561198234232440 Name: FuSian Character: Fusian Ping: 65
PlayerID: 76561198170498361 Name: _Nick_Hunter_ Character: Nick_Hunter[RUS] Ping: 132
PlayerID: 76561198349888524 Name: Takeo Masaki Loot.farm cs.money Character: hotdog Ping: 28

17.11.2017 15:28:28: Client has executed command "bans"
Bans:
PlayerID: 76561197966773788
JudgeID: 0
Reason: 900000 Duration: 31536000 Remaining: 28514670
PlayerID: 76561198395511982
JudgeID: 0
Reason: 999999 Duration: 31536000 Remaining: 30069422
PlayerID: 76561198331180787
JudgeID: 76561198151655003
Reason: unspecified Duration: 31536000 Remaining: 30417640
PlayerID: 76561198172502147
JudgeID: 76561198237123262
Reason: 3600 Duration: 31536000 Remaining: 30421034
PlayerID: 76561198331252339
JudgeID: 76561198151655003
Reason: unspecified Duration: 31536000 Remaining: 30433367
PlayerID: 76561198434258763
JudgeID: 0
Reason: reid Duration: 608400 Remaining: 199914

17.11.2017 15:28:28: END
17.11.2017 15:28:28: Client has executed command "bans"

17.11.2017 15:28:30: Bans:
PlayerID: 76561197966773788
JudgeID: 0
Reason: 900000 Duration: 31536000 Remaining: 28514670
PlayerID: 76561198395511982
JudgeID: 0
Reason: 999999 Duration: 31536000 Remaining: 30069422
PlayerID: 76561198331180787
JudgeID: 76561198151655003
Reason: unspecified Duration: 31536000 Remaining: 30417640
PlayerID: 76561198172502147
JudgeID: 76561198237123262
Reason: 3600 Duration: 31536000 Remaining: 30421034
PlayerID: 76561198331252339
JudgeID: 76561198151655003
Reason: unspecified Duration: 31536000 Remaining: 30433367
PlayerID: 76561198434258763
JudgeID: 0
Reason: reid Duration: 608400 Remaining: 199914
MessageAnnouncer >> Broadcast: vk.com/unturned_hgm - группа сервера ВК, уникальный кит в записи!
MessageAnnouncer >> vk.com/unturned_hgm - группа сервера ВК, уникальный кит в записи!

17.11.2017 15:28:30: END
17.11.2017 15:28:31: END
17.11.2017 15:28:38: Client has executed command "players"

17.11.2017 15:28:38: Players:
PlayerID: 76561198234232440 Name: FuSian Character: Fusian Ping: 78
PlayerID: 76561198170498361 Name: _Nick_Hunter_ Character: Nick_Hunter[RUS] Ping: 228
PlayerID: 76561198349888524 Name: Takeo Masaki Loot.farm cs.money Character: hotdog Ping: 36

17.11.2017 15:28:39: Client has executed command "bans"

17.11.2017 15:28:39: Bans:
PlayerID: 76561197966773788
JudgeID: 0
Reason: 900000 Duration: 31536000 Remaining: 28514658
PlayerID: 76561198395511982
JudgeID: 0
Reason: 999999 Duration: 31536000 Remaining: 30069410
PlayerID: 76561198331180787
JudgeID: 76561198151655003
Reason: unspecified Duration: 31536000 Remaining: 30417628
PlayerID: 76561198172502147
JudgeID: 76561198237123262
Reason: 3600 Duration: 31536000 Remaining: 30421022
PlayerID: 76561198331252339
JudgeID: 76561198151655003
Reason: unspecified Duration: 31536000 Remaining: 30433355
PlayerID: 76561198434258763
JudgeID: 0
Reason: reid Duration: 608400 Remaining: 199902

17.11.2017 15:28:39: END
17.11.2017 15:28:39: Client has executed command "bans"

17.11.2017 15:28:39: Bans:
PlayerID: 76561197966773788
JudgeID: 0
Reason: 900000 Duration: 31536000 Remaining: 28514658
PlayerID: 76561198395511982
JudgeID: 0
Reason: 999999 Duration: 31536000 Remaining: 30069410
PlayerID: 76561198331180787
JudgeID: 76561198151655003
Reason: unspecified Duration: 31536000 Remaining: 30417628
PlayerID: 76561198172502147
JudgeID: 76561198237123262
Reason: 3600 Duration: 31536000 Remaining: 30421022
PlayerID: 76561198331252339
JudgeID: 76561198151655003
Reason: unspecified Duration: 31536000 Remaining: 30433355
PlayerID: 76561198434258763
JudgeID: 0
Reason: reid Duration: 608400 Remaining: 199902

17.11.2017 15:28:39: END
17.11.2017 15:28:41: END
