Не обработано: RocketRcon v2.4.8.0
RocketRcon v2.4.8.0

Client has executed command "players"

TimerTerminateCommand.Enabled with Players:
Players:
PlayerID: 76561198280617288 Name: Незнаю какой придумать Character: Пипр Ping: 70
PlayerID: 76561198152563082 Name: Drakon Character: [MODER]Stanat Ping: 152
PlayerID: 76561198368128006 Name: Aibek Character: Aibek [A.S.D] Ping: 101
PlayerID: 76561198336965559 Name: Bomjara Character: Bomjara Ping: 42
PlayerID: 76561198363828451 Name: Ничоси Character: Кеша Ping: 39
PlayerID: 76561198165822970 Name: Indigo Character: Indigo Ping: 46
PlayerID: 76561198305732269 Name: Owl Character: Owl Ping: 70
PlayerID: 76561198390891968 Name: artyr-zakirov-96 Character: alkash Ping: 74
PlayerID: 76561198334346242 Name: мареонетка Character: [Кровавые]хмурый Ping: 121
PlayerID: 76561198372676519 Name: Kreeperator play Character: Kreeperator play Ping: 62
PlayerID: 76561198338916497 Name: evgeish Character: JENYA Ping: 66
PlayerID: 76561198386134948 Name: ZAGNIAGNIA Character: zakary.tellier Ping: 101

END with Players:
Client has executed command "bans"

TimerTerminateCommand.Enabled with Bans:
Bans:
PlayerID: 123123
JudgeID: 0
Reason: unspecified Duration: 31536000 Remaining: 31002996
PlayerID: 123
JudgeID: 0
Reason: durila Duration: 4000 Remaining: 4294438790
PlayerID: 76561198274427357
JudgeID: 0
Reason: you were vote kicked Duration: 180 Remaining: 4294467163

END with Bans:
Не обработано: PlayerInfoLib >> No expired player info records found for this batch.
PlayerInfoLib >> No expired player info records found for this batch.

Не обработано: MessageAnnouncer >> Broadcast: vk.com/unturned_hgm - цены на премиум, VIP и другие услуги смотрите в группе!
MessageAnnouncer >> Broadcast: vk.com/unturned_hgm - цены на премиум, VIP и другие услуги смотрите в группе!

Не обработано: MessageAnnouncer >> vk.com/unturned_hgm - цены на премиум, VIP и другие услуги смотрите в группе!
MessageAnnouncer >> vk.com/unturned_hgm - цены на премиум, VIP и другие услуги смотрите в группе!

