17.11.2017 12:51:41: RocketRcon v2.4.8.0

17.11.2017 12:51:42: Client has executed command "players"
Players:
PlayerID: 76561198408019916 Name: slava.fan555 Character: Славик Cухоруков Ping: 101
PlayerID: 76561198218103779 Name: Магистр_Сала Character: мафия    Ping: 21

17.11.2017 12:51:43: Client has executed command "bans"
Bans:
PlayerID: 76561197966773788
JudgeID: 0
Reason: 900000 Duration: 31536000 Remaining: 28524075
PlayerID: 76561198395511982
JudgeID: 0
Reason: 999999 Duration: 31536000 Remaining: 30078827
PlayerID: 76561198331180787
JudgeID: 76561198151655003
Reason: unspecified Duration: 31536000 Remaining: 30427045
PlayerID: 76561198172502147
JudgeID: 76561198237123262
Reason: 3600 Duration: 31536000 Remaining: 30430439
PlayerID: 76561198331252339
JudgeID: 76561198151655003
Reason: unspecified Duration: 31536000 Remaining: 30442772
PlayerID: 76561198434258763
JudgeID: 0
Reason: reid Duration: 608400 Remaining: 209319

17.11.2017 12:51:43: END
17.11.2017 12:51:43: Client has executed command "bans"

17.11.2017 12:51:45: Bans:
PlayerID: 76561197966773788
JudgeID: 0
Reason: 900000 Duration: 31536000 Remaining: 28524074
PlayerID: 76561198395511982
JudgeID: 0
Reason: 999999 Duration: 31536000 Remaining: 30078826
PlayerID: 76561198331180787
JudgeID: 76561198151655003
Reason: unspecified Duration: 31536000 Remaining: 30427044
PlayerID: 76561198172502147
JudgeID: 76561198237123262
Reason: 3600 Duration: 31536000 Remaining: 30430438
PlayerID: 76561198331252339
JudgeID: 76561198151655003
Reason: unspecified Duration: 31536000 Remaining: 30442771
PlayerID: 76561198434258763
JudgeID: 0
Reason: reid Duration: 608400 Remaining: 209318

17.11.2017 12:51:45: END
17.11.2017 12:51:47: END
17.11.2017 12:51:57: Client has executed command "players"

17.11.2017 12:51:57: Players:
PlayerID: 76561198408019916 Name: slava.fan555 Character: Славик Cухоруков Ping: 75
PlayerID: 76561198218103779 Name: Магистр_Сала Character: мафия    Ping: 20

17.11.2017 12:51:59: Client has executed command "bans"

17.11.2017 12:51:59: Bans:
PlayerID: 76561197966773788
JudgeID: 0
Reason: 900000 Duration: 31536000 Remaining: 28524058
PlayerID: 76561198395511982
JudgeID: 0
Reason: 999999 Duration: 31536000 Remaining: 30078810
PlayerID: 76561198331180787
JudgeID: 76561198151655003
Reason: unspecified Duration: 31536000 Remaining: 30427028
PlayerID: 76561198172502147
JudgeID: 76561198237123262
Reason: 3600 Duration: 31536000 Remaining: 30430422
PlayerID: 76561198331252339
JudgeID: 76561198151655003
Reason: unspecified Duration: 31536000 Remaining: 30442755
PlayerID: 76561198434258763
JudgeID: 0
Reason: reid Duration: 608400 Remaining: 209302

17.11.2017 12:51:59: END
17.11.2017 12:51:59: Client has executed command "bans"

17.11.2017 12:51:59: Bans:
PlayerID: 76561197966773788
JudgeID: 0
Reason: 900000 Duration: 31536000 Remaining: 28524058
PlayerID: 76561198395511982
JudgeID: 0
Reason: 999999 Duration: 31536000 Remaining: 30078810
PlayerID: 76561198331180787
JudgeID: 76561198151655003
Reason: unspecified Duration: 31536000 Remaining: 30427028
PlayerID: 76561198172502147
JudgeID: 76561198237123262
Reason: 3600 Duration: 31536000 Remaining: 30430422
PlayerID: 76561198331252339
JudgeID: 76561198151655003
Reason: unspecified Duration: 31536000 Remaining: 30442755
PlayerID: 76561198434258763
JudgeID: 0
Reason: reid Duration: 608400 Remaining: 209302

17.11.2017 12:51:59: END
17.11.2017 12:52:01: END
17.11.2017 12:52:17: Client has executed command "players"

17.11.2017 12:52:17: Players:
PlayerID: 76561198408019916 Name: slava.fan555 Character: Славик Cухоруков Ping: 67
PlayerID: 76561198218103779 Name: Магистр_Сала Character: мафия    Ping: 17

17.11.2017 12:52:19: Client has executed command "bans"

17.11.2017 12:52:19: Bans:
PlayerID: 76561197966773788
JudgeID: 0
Reason: 900000 Duration: 31536000 Remaining: 28524038
PlayerID: 76561198395511982
JudgeID: 0
Reason: 999999 Duration: 31536000 Remaining: 30078790
PlayerID: 76561198331180787
JudgeID: 76561198151655003
Reason: unspecified Duration: 31536000 Remaining: 30427008
PlayerID: 76561198172502147
JudgeID: 76561198237123262
Reason: 3600 Duration: 31536000 Remaining: 30430402
PlayerID: 76561198331252339
JudgeID: 76561198151655003
Reason: unspecified Duration: 31536000 Remaining: 30442735
PlayerID: 76561198434258763
JudgeID: 0
Reason: reid Duration: 608400 Remaining: 209282

17.11.2017 12:52:19: END
17.11.2017 12:52:19: Client has executed command "bans"

17.11.2017 12:52:19: Bans:
PlayerID: 76561197966773788
JudgeID: 0
Reason: 900000 Duration: 31536000 Remaining: 28524038
PlayerID: 76561198395511982
JudgeID: 0
Reason: 999999 Duration: 31536000 Remaining: 30078790
PlayerID: 76561198331180787
JudgeID: 76561198151655003
Reason: unspecified Duration: 31536000 Remaining: 30427008
PlayerID: 76561198172502147
JudgeID: 76561198237123262
Reason: 3600 Duration: 31536000 Remaining: 30430402
PlayerID: 76561198331252339
JudgeID: 76561198151655003
Reason: unspecified Duration: 31536000 Remaining: 30442735
PlayerID: 76561198434258763
JudgeID: 0
Reason: reid Duration: 608400 Remaining: 209282

17.11.2017 12:52:19: END
17.11.2017 12:52:21: END
17.11.2017 12:52:27: MessageAnnouncer >> Broadcast: vk.com/unturned_hgm - группа сервера ВК, уникальный кит в записи!

17.11.2017 12:52:37: MessageAnnouncer >> vk.com/unturned_hgm - группа сервера ВК, уникальный кит в записи!

17.11.2017 12:52:37: Client has executed command "players"
Players:
PlayerID: 76561198408019916 Name: slava.fan555 Character: Славик Cухоруков Ping: 81
PlayerID: 76561198218103779 Name: Магистр_Сала Character: мафия    Ping: 15

17.11.2017 12:52:39: Client has executed command "bans"

17.11.2017 12:52:39: Bans:
PlayerID: 76561197966773788
JudgeID: 0
Reason: 900000 Duration: 31536000 Remaining: 28524018
PlayerID: 76561198395511982
JudgeID: 0
Reason: 999999 Duration: 31536000 Remaining: 30078770
PlayerID: 76561198331180787
JudgeID: 76561198151655003
Reason: unspecified Duration: 31536000 Remaining: 30426988
PlayerID: 76561198172502147
JudgeID: 76561198237123262
Reason: 3600 Duration: 31536000 Remaining: 30430382
PlayerID: 76561198331252339
JudgeID: 76561198151655003
Reason: unspecified Duration: 31536000 Remaining: 30442715
PlayerID: 76561198434258763
JudgeID: 0
Reason: reid Duration: 608400 Remaining: 209262

17.11.2017 12:52:39: END
17.11.2017 12:52:39: Client has executed command "bans"

17.11.2017 12:52:39: Bans:
PlayerID: 76561197966773788
JudgeID: 0
Reason: 900000 Duration: 31536000 Remaining: 28524018
PlayerID: 76561198395511982
JudgeID: 0
Reason: 999999 Duration: 31536000 Remaining: 30078770
PlayerID: 76561198331180787
JudgeID: 76561198151655003
Reason: unspecified Duration: 31536000 Remaining: 30426988
PlayerID: 76561198172502147
JudgeID: 76561198237123262
Reason: 3600 Duration: 31536000 Remaining: 30430382
PlayerID: 76561198331252339
JudgeID: 76561198151655003
Reason: unspecified Duration: 31536000 Remaining: 30442715
PlayerID: 76561198434258763
JudgeID: 0
Reason: reid Duration: 608400 Remaining: 209262

17.11.2017 12:52:39: END
17.11.2017 12:52:41: END
17.11.2017 12:52:57: Client has executed command "players"

17.11.2017 12:52:57: Players:
PlayerID: 76561198408019916 Name: slava.fan555 Character: Славик Cухоруков Ping: 84
PlayerID: 76561198218103779 Name: Магистр_Сала Character: мафия    Ping: 20

17.11.2017 12:52:59: Client has executed command "bans"

17.11.2017 12:52:59: Bans:
PlayerID: 76561197966773788
JudgeID: 0
Reason: 900000 Duration: 31536000 Remaining: 28523998
PlayerID: 76561198395511982
JudgeID: 0
Reason: 999999 Duration: 31536000 Remaining: 30078750
PlayerID: 76561198331180787
JudgeID: 76561198151655003
Reason: unspecified Duration: 31536000 Remaining: 30426968
PlayerID: 76561198172502147
JudgeID: 76561198237123262
Reason: 3600 Duration: 31536000 Remaining: 30430362
PlayerID: 76561198331252339
JudgeID: 76561198151655003
Reason: unspecified Duration: 31536000 Remaining: 30442695
PlayerID: 76561198434258763
JudgeID: 0
Reason: reid Duration: 608400 Remaining: 209242

17.11.2017 12:52:59: END
17.11.2017 12:52:59: Client has executed command "bans"

17.11.2017 12:52:59: Bans:
PlayerID: 76561197966773788
JudgeID: 0
Reason: 900000 Duration: 31536000 Remaining: 28523998
PlayerID: 76561198395511982
JudgeID: 0
Reason: 999999 Duration: 31536000 Remaining: 30078750
PlayerID: 76561198331180787
JudgeID: 76561198151655003
Reason: unspecified Duration: 31536000 Remaining: 30426968
PlayerID: 76561198172502147
JudgeID: 76561198237123262
Reason: 3600 Duration: 31536000 Remaining: 30430362
PlayerID: 76561198331252339
JudgeID: 76561198151655003
Reason: unspecified Duration: 31536000 Remaining: 30442695
PlayerID: 76561198434258763
JudgeID: 0
Reason: reid Duration: 608400 Remaining: 209242

17.11.2017 12:52:59: END
17.11.2017 12:53:01: END
17.11.2017 12:53:17: Client has executed command "players"

17.11.2017 12:53:17: Players:
PlayerID: 76561198408019916 Name: slava.fan555 Character: Славик Cухоруков Ping: 85
PlayerID: 76561198218103779 Name: Магистр_Сала Character: мафия    Ping: 127

17.11.2017 12:53:19: Client has executed command "bans"

17.11.2017 12:53:19: Bans:
PlayerID: 76561197966773788
JudgeID: 0
Reason: 900000 Duration: 31536000 Remaining: 28523978
PlayerID: 76561198395511982
JudgeID: 0
Reason: 999999 Duration: 31536000 Remaining: 30078730
PlayerID: 76561198331180787
JudgeID: 76561198151655003
Reason: unspecified Duration: 31536000 Remaining: 30426948
PlayerID: 76561198172502147
JudgeID: 76561198237123262
Reason: 3600 Duration: 31536000 Remaining: 30430342
PlayerID: 76561198331252339
JudgeID: 76561198151655003
Reason: unspecified Duration: 31536000 Remaining: 30442675
PlayerID: 76561198434258763
JudgeID: 0
Reason: reid Duration: 608400 Remaining: 209222

17.11.2017 12:53:19: END
17.11.2017 12:53:19: Client has executed command "bans"

17.11.2017 12:53:19: Bans:
PlayerID: 76561197966773788
JudgeID: 0
Reason: 900000 Duration: 31536000 Remaining: 28523978
PlayerID: 76561198395511982
JudgeID: 0
Reason: 999999 Duration: 31536000 Remaining: 30078730
PlayerID: 76561198331180787
JudgeID: 76561198151655003
Reason: unspecified Duration: 31536000 Remaining: 30426948
PlayerID: 76561198172502147
JudgeID: 76561198237123262
Reason: 3600 Duration: 31536000 Remaining: 30430342
PlayerID: 76561198331252339
JudgeID: 76561198151655003
Reason: unspecified Duration: 31536000 Remaining: 30442675
PlayerID: 76561198434258763
JudgeID: 0
Reason: reid Duration: 608400 Remaining: 209222

17.11.2017 12:53:19: END
17.11.2017 12:53:21: END
