RocketRcon v2.4.8.0

login aVIPs22031994
players
Client has executed command "players"
Players:
PlayerID: 76561198317172157 Name: ?           ???  ??? Character: Roman Ping: 46
PlayerID: 76561198205863883 Name: Крокодил Гена Character: krokodil gena Ping: 31
PlayerID: 76561198264383990 Name: СПОРТАКУС Character: Иван Снег Ping: 54
PlayerID: 76561198408019916 Name: slava.fan555 Character: Славик Cухоруков (Глава "FOX") Ping: 85
PlayerID: 76561198351213164 Name: _АхМеД_ :D Character: Виндяй Вечеслав Ping: 132

Client has executed command "bans"
Bans:
PlayerID: 76561197966773788
JudgeID: 0
Reason: 900000 Duration: 31536000 Remaining: 27408949
PlayerID: 76561198190667017
JudgeID: 0
Reason: cheater Duration: 31104000 Remaining: 30289227
PlayerID: 76561198374710965
JudgeID: 0
Reason: cheater Duration: 31104000 Remaining: 30289243
PlayerID: 76561198257502095
JudgeID: 76561198237123262
Reason: 3600 Duration: 31536000 Remaining: 31494483

END
END
Client has executed command "GET NOW"

ServerControl >> VALUE NOW [1] [0] [1075]

Client has executed command "players"

Players:
PlayerID: 76561198317172157 Name: ?           ???  ??? Character: Roman Ping: 54
PlayerID: 76561198205863883 Name: Крокодил Гена Character: krokodil gena Ping: 31
PlayerID: 76561198264383990 Name: СПОРТАКУС Character: Иван Снег Ping: 54
PlayerID: 76561198408019916 Name: slava.fan555 Character: Славик Cухоруков (Глава "FOX") Ping: 62
PlayerID: 76561198351213164 Name: _АхМеД_ :D Character: Виндяй Вечеслав Ping: 117

Client has executed command "bans"

Bans:
PlayerID: 76561197966773788
JudgeID: 0
Reason: 900000 Duration: 31536000 Remaining: 27408938
PlayerID: 76561198190667017
JudgeID: 0
Reason: cheater Duration: 31104000 Remaining: 30289216
PlayerID: 76561198374710965
JudgeID: 0
Reason: cheater Duration: 31104000 Remaining: 30289232
PlayerID: 76561198257502095
JudgeID: 76561198237123262
Reason: 3600 Duration: 31536000 Remaining: 31494472

END
END
GET NOW
Client has executed command "GET NOW"

ServerControl >> VALUE NOW [1] [0] [1084]

