RocketRcon v2.4.8.0

login aVIPs22031994
players
Client has executed command "players"
Players:
PlayerID: 76561198245870076 Name: 0|TheGangstar|0 Character: Nyan Bread Ping: 95
PlayerID: 76561198218103779 Name: Магистр_Сала Character: мафия    Ping: 23

Client has executed command "GET NOW"
ServerControl >> VALUE NOW [1] [0] [860]

Client has executed command "bans"
Bans:
PlayerID: 76561197966773788
JudgeID: 0
Reason: 900000 Duration: 31536000 Remaining: 28019005
PlayerID: 76561198336969313
JudgeID: 0
Reason: reid Duration: 604800 Remaining: 134238
PlayerID: 76561198212486347
JudgeID: 0
Reason: reid Duration: 604800 Remaining: 134569
PlayerID: 76561198391097237
JudgeID: 0
Reason: reid Duration: 604800 Remaining: 297056
PlayerID: 76561198190667017
JudgeID: 0
Reason: cheater Duration: 31104000 Remaining: 30899283
PlayerID: 76561198374710965
JudgeID: 0
Reason: cheater Duration: 31104000 Remaining: 30899299

END
END
Client has executed command "GET NOW"

ServerControl >> VALUE NOW [1] [0] [870]

