03.08.2017 11:47:06: SKELET был съеден зомби! 
03.08.2017 11:56:45: ???? был съеден зомби! 
03.08.2017 11:59:59: SKELET сгорел!
03.08.2017 12:05:40: SKELET истёк кровью!
03.08.2017 12:14:11: Кирилл Чаганов был съеден зомби! 
03.08.2017 12:16:55: semplay133 утонул!
03.08.2017 12:19:36: Рафаиль Багаутдинов был съеден зомби! 
03.08.2017 12:20:53: Фин был съеден зомби! 
03.08.2017 12:22:16: SKELET сгорел!
03.08.2017 12:22:38: Skelet был съеден зомби! 
03.08.2017 12:23:25: Рафаиль Багаутдинов был съеден зомби! 
03.08.2017 12:26:24: PersIK был съеден зомби! 
03.08.2017 12:27:55: Рафаиль Багаутдинов был съеден зомби! 
03.08.2017 12:30:19: welcome21534 был съеден зомби! 
03.08.2017 12:38:35: [Гл.Чистое небо] Шрам был съеден зомби! 
03.08.2017 12:49:41: Mr.OlegHunter был съеден зомби! 
03.08.2017 12:52:40: Mr.OlegHunter был съеден зомби! 
03.08.2017 12:54:11: Кот_Кашарович был съеден зомби! 
03.08.2017 12:56:42: Рафаиль Багаутдинов был съеден зомби! 
03.08.2017 12:57:22: Vlad Nagib был съеден зомби! 
03.08.2017 13:01:21: Рафаиль Багаутдинов был съеден зомби! 
03.08.2017 13:03:27: Рафаиль Багаутдинов был съеден зомби! 
03.08.2017 13:05:28: Андрей Горобец истёк кровью!
03.08.2017 13:07:51: Mr.OlegHunter истёк кровью!
03.08.2017 13:09:30: Mr.OlegHunter был съеден зомби! 
03.08.2017 13:09:39: mr.muux был съеден зомби! 
03.08.2017 13:10:09: Ilya11242 утонул!
03.08.2017 13:11:31: Андрей Горобец был съеден зомби! 
03.08.2017 13:12:08: Андрей Горобец совершил суецид!
03.08.2017 13:12:14: Mr.OlegHunter был съеден зомби! 
03.08.2017 13:13:29: Mr.OlegHunter был съеден зомби! 
03.08.2017 13:16:36: mr.muux был съеден зомби! 
03.08.2017 13:17:43: Mr.OlegHunter был съеден зомби! 
03.08.2017 13:20:49: tahret979 истёк кровью!
03.08.2017 13:23:51: Mr.OlegHunter был съеден зомби! 
03.08.2017 13:23:53: Андрей Горобец был съеден зомби! 
03.08.2017 13:25:03: tahret979 был съеден зомби! 
03.08.2017 13:29:21: tahret979 совершил суецид!
03.08.2017 13:29:28: dn0501 истёк кровью!
03.08.2017 13:32:30: S.mickityuck истёк кровью!
03.08.2017 13:35:38: tahret979 был съеден зомби! 
03.08.2017 13:36:26: tahret979 был съеден зомби! 
03.08.2017 13:39:12: tahret979 был съеден зомби! 
03.08.2017 13:45:36: Андрей Горобец был съеден зомби! 
03.08.2017 13:55:25: PersIK был съеден зомби! 
03.08.2017 13:56:44: PersIK истёк кровью!
03.08.2017 14:12:32: liam.olsen99 был съеден зомби! 
03.08.2017 14:15:08: liam.olsen99 совершил суецид!
03.08.2017 14:17:53: ixbrooke24xi был съеден зомби! 
03.08.2017 14:22:52: ixbrooke24xi был съеден зомби! 
03.08.2017 14:23:05: tahret979 был съеден зомби! 
03.08.2017 14:24:26: Nazar121210 был съеден зомби! 
03.08.2017 14:29:24: CrazyGuy был съеден зомби! 
03.08.2017 14:38:48: Nazar121210 был убит камушком!
03.08.2017 14:39:50: KoTik:3 истёк кровью!
03.08.2017 14:40:52: KoTik:3 был съеден зомби! 
03.08.2017 14:42:32: KoTik:3 был съеден зомби! 
03.08.2017 14:53:05: Я умею брасать гранаты был съеден зомби! 
03.08.2017 14:53:14: Я умею брасать гранаты совершил суецид!
03.08.2017 14:55:58: Nazar121210 был съеден зомби! 
03.08.2017 15:01:03: Я умею брасать гранаты был съеден зомби! 
03.08.2017 15:03:12: денис был съеден зомби! 
03.08.2017 15:04:18: Я умею брасать гранаты истёк кровью!
03.08.2017 15:12:44: Я умею брасать гранаты совершил суецид!
03.08.2017 15:20:43: Я умею брасать гранаты истёк кровью!
03.08.2017 15:28:51: viggokingentv совершил суецид!
03.08.2017 15:32:36: tahret979 умер от голода!
03.08.2017 15:46:16: HITLARE был съеден зомби! 
03.08.2017 15:48:39: (A)Shot совершил суецид!
03.08.2017 16:14:55: Nazar121210 утонул!
03.08.2017 16:15:29: Myasko0 истёк кровью!
03.08.2017 16:16:52: xRaShox был съеден зомби! 
03.08.2017 16:22:34: yankouski.anton отравился!
03.08.2017 16:27:30: tahret979 был съеден зомби! 
03.08.2017 16:27:56: Nazar121210 был съеден зомби! 
03.08.2017 16:29:13: Nazar121210 был съеден зомби! 
03.08.2017 16:31:00: dler221 был съеден зомби! 
03.08.2017 16:33:44: tahret979 был съеден зомби! 
03.08.2017 16:35:00: Nazar121210 был съеден зомби! 
03.08.2017 16:35:00: tahret979 был съеден зомби! 
03.08.2017 16:42:30: liampuo совершил суецид!
03.08.2017 16:44:18: liampuo совершил суецид!
03.08.2017 16:46:12: tahret979 истёк кровью!
03.08.2017 17:00:11: liampuo был съеден зомби! 
03.08.2017 17:01:24: SleFanky был съеден зомби! 
03.08.2017 17:24:43: S.mickityuck был съеден зомби! 
03.08.2017 17:26:43: EXALT был съеден зомби! 
03.08.2017 17:28:10: k5652323 был съеден зомби! 
03.08.2017 17:40:50: uukacz был съеден зомби! 
03.08.2017 17:50:53: Alex Deil истёк кровью!
03.08.2017 18:23:50: Alex Deil был съеден зомби! 
03.08.2017 18:24:43: Vlad Nagib истёк кровью!
03.08.2017 18:33:23: ixbrooke24xi был съеден зомби! 
03.08.2017 18:45:24: tahret979 был съеден зомби! 
03.08.2017 18:45:50: tahret979 совершил суецид!
03.08.2017 18:46:19: tahret979 совершил суецид!
03.08.2017 18:48:12: tahret979 был съеден зомби! 
03.08.2017 18:50:49: ixbrooke24xi истёк кровью!
03.08.2017 19:00:37: HappyFox истёк кровью!
03.08.2017 19:00:42: Valerius был съеден зомби! 
03.08.2017 19:37:47: tahret979 был съеден зомби! 
03.08.2017 19:39:05: я крутой 28895551037 был съеден зомби! 
03.08.2017 19:40:20: tahret979 был съеден зомби! 
03.08.2017 20:03:05: tahret979 был съеден зомби! 
03.08.2017 20:14:20: tahret979 был съеден зомби! 
03.08.2017 20:17:08: tahret979 был съеден зомби! 
03.08.2017 21:41:46: Kappa был съеден зомби! 
03.08.2017 21:41:53: Jesait истёк кровью!
03.08.2017 21:46:33: tesugra истёк кровью!
03.08.2017 21:47:07: Kappa был съеден зомби! 
03.08.2017 22:30:49: соси хуй отравился!
03.08.2017 22:33:06: Comedian_Gamer был съеден зомби! 
03.08.2017 22:37:51: SMRAD666 был съеден зомби! 
03.08.2017 22:44:35: Sinon был съеден зомби! 
03.08.2017 22:52:24: Nivaalada был съеден зомби! 
03.08.2017 22:52:46: SMRAD666 был убит плювальщиком!
03.08.2017 22:55:28: Nivaalada был съеден зомби! 
03.08.2017 22:57:12: SMRAD666 был съеден зомби! 
03.08.2017 22:57:30: SMRAD666 совершил суецид!
03.08.2017 22:57:56: SMRAD666 совершил суецид!
03.08.2017 22:58:02: SMRAD666 совершил суецид!
03.08.2017 22:58:19: SMRAD666 совершил суецид!
03.08.2017 23:02:19: SMRAD666 был съеден зомби! 
03.08.2017 23:02:48: Nivaalada сгорел!
03.08.2017 23:04:11: SMRAD666 был съеден зомби! 
03.08.2017 23:17:43: Опасный Ральф был съеден зомби! 
03.08.2017 23:19:08: Опасный Ральф был съеден зомби! 
03.08.2017 23:19:22: dler221 был съеден зомби! 
03.08.2017 23:39:05: elena-shepel был съеден зомби! 
03.08.2017 23:41:39: elena-shepel был съеден зомби! 
03.08.2017 23:41:42: dler221 был съеден зомби! 
03.08.2017 23:42:22: Опасный Ральф истёк кровью!
03.08.2017 23:49:36: (A)Shot был съеден зомби! 
03.08.2017 23:54:51: stas007 был съеден зомби! 
03.08.2017 23:55:10: Satanist истёк кровью!
03.08.2017 23:55:40: elena-shepel истёк кровью!
03.08.2017 23:57:46: stas007 был съеден зомби! 
04.08.2017 0:03:09: stas007 был съеден зомби! 
04.08.2017 0:04:54: Vova был съеден зомби! 
04.08.2017 0:05:25: stas007 истёк кровью!
04.08.2017 0:07:03: (A)Shot был съеден зомби! 
04.08.2017 0:07:13: elena-shepel был съеден зомби! 
04.08.2017 0:09:32: stas007 был съеден зомби! 
04.08.2017 0:11:28: Красивый ник утонул!
04.08.2017 0:13:17: Красивый ник был съеден зомби! 
04.08.2017 0:22:06: 58dolgov был съеден зомби! 
04.08.2017 0:22:37: dler221 был убит плювальщиком!
04.08.2017 0:23:44: Красивый ник был съеден зомби! 
04.08.2017 0:30:24: Опасный Ральф истёк кровью!
04.08.2017 0:33:13: 58dolgov отравился!
04.08.2017 0:35:37: 58dolgov истёк кровью!
04.08.2017 0:37:43: 58dolgov истёк кровью!
04.08.2017 0:41:02: Красивый ник был съеден зомби! 
04.08.2017 0:54:02: 3D_J0B5 был съеден зомби! 
04.08.2017 0:54:07: Sinkrex00 был съеден зомби! 
04.08.2017 0:58:01: 3D_J0B5 был съеден зомби! 
04.08.2017 0:58:04: Sinkrex00 был съеден зомби! 
04.08.2017 0:59:41: 3D_J0B5 совершил суецид!
04.08.2017 0:59:45: Sinkrex00 истёк кровью!
04.08.2017 1:02:54: 3D_J0B5 совершил суецид!
04.08.2017 1:03:50: 3D_J0B5 совершил суецид!
04.08.2017 1:10:23: Опасный Ральф истёк кровью!
04.08.2017 1:15:51: 3D_J0B5 был съеден зомби! 
04.08.2017 1:21:06: Sinkrex00 был съеден зомби! 
04.08.2017 1:22:19: Sinkrex00 был съеден зомби! 
04.08.2017 2:02:56: MrStarFish101 был съеден зомби! 
04.08.2017 2:05:38: punisher был съеден зомби! 
04.08.2017 2:26:08: Опасный Ральф был съеден зомби! 
04.08.2017 2:26:12: dler221 был съеден зомби! 
04.08.2017 2:36:17: Опасный Ральф был съеден зомби! 
04.08.2017 2:36:26: dler221 был съеден зомби! 
04.08.2017 3:05:55: Jake был убит плювальщиком!
04.08.2017 3:16:55: Опасный Ральф был съеден зомби! 
04.08.2017 3:33:40: Jake был съеден зомби! 
04.08.2017 4:59:19: Ilya11242 был съеден зомби! 
04.08.2017 5:56:19: Ilya11242 истёк кровью!
04.08.2017 5:57:10: warriorguy26 был съеден зомби! 
04.08.2017 6:14:23: warriorguy26 был съеден зомби! 
04.08.2017 6:15:29: warriorguy26 был съеден зомби! 
04.08.2017 6:19:26: Question Mark Man совершил суецид!
04.08.2017 6:21:08: Question Mark Man был съеден зомби! 
04.08.2017 9:45:55: Ilya11242 истёк кровью!
04.08.2017 10:21:32: Андрей Горобец совершил суецид!
04.08.2017 10:35:23: Андрей Горобец был убит плювальщиком!
04.08.2017 12:30:07: God'sEnvoy умер от голода!
04.08.2017 12:34:02: Supreme_ был съеден зомби! 
04.08.2017 12:42:42: LegendarY died of holding his breath for too long!
04.08.2017 12:47:10: Supreme_ истёк кровью!
04.08.2017 12:47:35: LegendarY истёк кровью!
04.08.2017 12:49:21: LegendarY истёк кровью!
04.08.2017 12:51:01: LegendarY был съеден зомби! 
04.08.2017 12:55:26: LegendarY сгорел!
04.08.2017 12:57:04: Рафаиль Багаутдинов был съеден зомби! 
04.08.2017 12:58:05: Hyper Beast утонул!
04.08.2017 13:03:58: Oscar был съеден зомби! 
04.08.2017 13:11:52: ixbrooke24xi отравился!
04.08.2017 13:17:05: elena-shepel был съеден зомби! 
04.08.2017 13:17:59: Sarnavskiy.v был съеден зомби! 
04.08.2017 13:19:15: ixbrooke24xi совершил суецид!
04.08.2017 13:20:06: Sarnavskiy.v был съеден зомби! 
04.08.2017 13:26:10: elena-shepel был съеден зомби! 
04.08.2017 13:26:23: (A)Shot был съеден зомби! 
04.08.2017 13:30:11: [SWAT] Astro_174 совершил суецид!
04.08.2017 13:32:05: [SWAT] Astro_174 был съеден зомби! 
04.08.2017 13:32:17: duck killer истёк кровью!
04.08.2017 13:34:03: Sinon был съеден зомби! 
04.08.2017 13:36:22: elena-shepel истёк кровью!
04.08.2017 13:37:32: elena-shepel был съеден зомби! 
04.08.2017 13:43:40: (A)Shot был съеден зомби! 
04.08.2017 13:43:43: elena-shepel был съеден зомби! 
04.08.2017 13:44:15: артем был съеден зомби! 
04.08.2017 13:51:47: Jakiro истёк кровью!
04.08.2017 13:53:07: gravite был съеден зомби! 
04.08.2017 13:53:30: артем был съеден зомби! 
04.08.2017 13:58:01: Sinon истёк кровью!
04.08.2017 13:58:41: duck killer был съеден зомби! 
04.08.2017 14:06:21: Pinkie Pie был съеден зомби! 
04.08.2017 14:06:29: ixbrooke24xi был убит плювальщиком!
04.08.2017 14:08:10: Красивый ник был съеден зомби! 
04.08.2017 14:08:20: Pinkie Pie был убит плювальщиком!
04.08.2017 14:08:21: duck killer был съеден зомби! 
04.08.2017 14:08:28: [SWAT] Astro_174 был убит плювальщиком!
04.08.2017 14:10:46: Красивый ник был съеден зомби! 
04.08.2017 14:19:23: EgorVek совершил суецид!
04.08.2017 14:31:10: stalker_9000 был съеден зомби! 
04.08.2017 14:43:41: elena-shepel был съеден зомби! 
04.08.2017 14:44:23: (A)Shot был съеден зомби! 
04.08.2017 15:06:53: alexanderljensen был съеден зомби! 
04.08.2017 15:15:45: (A)Shot отравился!
04.08.2017 15:26:29: я мир  был съеден зомби! 
04.08.2017 15:30:59: elena-shepel был съеден зомби! 
04.08.2017 15:31:52: marmok202545 был съеден зомби! 
04.08.2017 15:34:38: elena-shepel был съеден зомби! 
04.08.2017 15:49:38: KLeVeRy совершил суецид!
04.08.2017 15:57:23: (A)Shot был съеден зомби! 
04.08.2017 15:58:33: Науменко Родион совершил суецид!
04.08.2017 16:02:05: marmok202545 истёк кровью!
04.08.2017 16:02:23: Mr_Fox_990 истёк кровью!
04.08.2017 16:12:09: elena-shepel утонул!
04.08.2017 16:14:27: dler221 истёк кровью!
04.08.2017 16:15:19: Marivelaves был съеден зомби! 
04.08.2017 16:38:59: marmok202545 был съеден зомби! 
04.08.2017 16:50:59: spidcalls был съеден зомби! 
04.08.2017 16:52:41: God'sEnvoy утонул!
04.08.2017 16:53:01: elena-shepel утонул!
04.08.2017 16:53:31: Mr_Fox_990 истёк кровью!
04.08.2017 16:53:34: marmok202545 истёк кровью!
04.08.2017 16:53:41: God'sEnvoy был съеден зомби! 
04.08.2017 17:08:07: Ilya11242 утонул!
04.08.2017 17:14:14: XxSnajperXx 2017  совершил суецид!
04.08.2017 17:24:46: (A)Shot умер от голода!
04.08.2017 17:29:29: Демон был съеден зомби! 
04.08.2017 17:31:54: Savely совершил суецид!
04.08.2017 17:36:51: ridder1985 был съеден зомби! 
04.08.2017 17:45:24: elena-shepel истёк кровью!
04.08.2017 17:50:09: elena-shepel был съеден зомби! 
04.08.2017 17:50:42: elena-shepel был съеден зомби! 
04.08.2017 17:50:47: (A)Shot был съеден зомби! 
04.08.2017 18:01:13: Ilya11242 истёк кровью!
04.08.2017 18:18:34: пикачу про истёк кровью!
04.08.2017 18:18:35: Женя Макаренко был съеден зомби! 
04.08.2017 18:39:54: Гусев дима был съеден зомби! 
04.08.2017 18:40:05: God'sEnvoy утонул!
04.08.2017 18:40:05: Morgan утонул!
04.08.2017 18:42:34: Кот_Кашарович утонул!
04.08.2017 18:45:46: deadpool был съеден зомби! 
04.08.2017 18:47:40: bobikplay был съеден зомби! 
04.08.2017 18:48:25: я мир  был убит камушком!
04.08.2017 18:49:40: gravite был съеден зомби! 
04.08.2017 18:51:44: Опасный Ральф сгорел!
04.08.2017 18:52:02: я мир  был съеден зомби! 
04.08.2017 18:55:05: я мир  был съеден зомби! 
04.08.2017 18:55:40: я мир  был съеден зомби! 
04.08.2017 18:56:50: я мир  был съеден зомби! 
04.08.2017 19:00:55: ЛЁНЯ богословцев был съеден зомби! 
04.08.2017 19:01:37: KirillDoronin был съеден зомби! 
04.08.2017 19:02:22: Опасный Ральф был убит взрывной волной от машины!
04.08.2017 19:02:22: dler221 был убит взрывной волной от машины!
04.08.2017 19:06:47: Опасный Ральф был убит взрывной волной от машины!
04.08.2017 19:11:34: KirillDoronin был съеден зомби! 
04.08.2017 19:13:52: Коля черников был съеден зомби! 
04.08.2017 19:14:21: KirillDoronin был съеден зомби! 
04.08.2017 19:14:21: ЛЁНЯ богословцев был съеден зомби! 
04.08.2017 19:35:12: God'sEnvoy истёк кровью!
04.08.2017 19:41:05: ЛЁНЯ богословцев сгорел!
04.08.2017 19:54:14: Коля черников был съеден зомби! 
04.08.2017 19:56:19: Nocomments.no был съеден зомби! 
04.08.2017 19:56:35: liampuo был съеден зомби! 
04.08.2017 20:00:53: God'sHakke утонул!
04.08.2017 20:01:18: ЕВГЕНИЙ климов был съеден зомби! 
04.08.2017 20:08:40: liampuo был съеден зомби! 
04.08.2017 20:11:16: liampuo истёк кровью!
04.08.2017 20:15:51: MAKCIMBOSS истёк кровью!
04.08.2017 20:23:14: God'sEnvoy умер от голода!
04.08.2017 20:34:07: NexoWolf был съеден зомби! 
04.08.2017 20:34:46: я мир  был убит плювальщиком!
04.08.2017 20:35:54: я мир  был съеден зомби! 
04.08.2017 20:52:46: Brickfire27 был съеден зомби! 
04.08.2017 20:54:03: Вовчик был съеден зомби! 
04.08.2017 21:01:02: STEEL отравился!
04.08.2017 21:24:32: Arctic был съеден зомби! 
04.08.2017 21:27:28: esteban.h2112 был съеден зомби! 
04.08.2017 21:29:16: welcome21534 был съеден зомби! 
04.08.2017 21:31:18: esteban.h2112 истёк кровью!
04.08.2017 21:34:15: esteban.h2112 был съеден зомби! 
04.08.2017 21:45:31: STEEL died of holding his breath for too long!
04.08.2017 21:54:44: Опасный Ральф был убит взрывной волной от машины!
04.08.2017 22:37:53: welcome21534 был съеден зомби! 
04.08.2017 23:09:13: tahret979 совершил суецид!
04.08.2017 23:22:05: Eren_Ninja был съеден зомби! 
04.08.2017 23:24:01: Eren_Ninja был съеден зомби! 
04.08.2017 23:52:35: _Oliivi_ был съеден зомби! 
05.08.2017 0:41:57: Jerk был съеден зомби! 
05.08.2017 0:42:13: \( .-. )\ отравился!
05.08.2017 0:44:07: Jerk был съеден зомби! 
05.08.2017 2:07:15: STEEL истёк кровью!
05.08.2017 2:45:04: sirducken999 был съеден зомби! 
05.08.2017 2:52:57: sirducken999 был съеден зомби! 
05.08.2017 2:57:15: sirducken999 совершил суецид!
05.08.2017 3:09:19: sirducken999 был съеден зомби! 
05.08.2017 3:11:11: sirducken999 был съеден зомби! 
05.08.2017 3:12:28: sirducken999 был съеден зомби! 
05.08.2017 3:13:54: codylwagn31 был съеден зомби! 
05.08.2017 4:46:13: ridder_2043 истёк кровью!
05.08.2017 4:52:40: Кот_Кашарович был съеден зомби! 
05.08.2017 4:58:35: Кот_Кашарович был съеден зомби! 
05.08.2017 5:06:31: Кот_Кашарович был съеден зомби! 
05.08.2017 6:52:57: Кот_Кашарович утонул!
05.08.2017 7:03:53: СНАЙПЕР был убит плювальщиком!
05.08.2017 7:06:31: СНАЙПЕР был съеден зомби! 
05.08.2017 7:11:45: СНАЙПЕР разбился насмерть!
05.08.2017 7:15:51: СНАЙПЕР был съеден зомби! 
05.08.2017 7:18:08: СНАЙПЕР истёк кровью!
05.08.2017 7:18:52: СНАЙПЕР был съеден зомби! 
05.08.2017 7:31:49: СНАЙПЕР был съеден зомби! 
05.08.2017 7:31:53: ridder_2043 умер от голода!
05.08.2017 7:37:28: СНАЙПЕР был съеден зомби! 
05.08.2017 8:05:54: ridder_2043 был съеден зомби! 
05.08.2017 8:08:00: Андрей Горобец был съеден зомби! 
05.08.2017 8:08:31: artem.natin был съеден зомби! 
05.08.2017 8:12:51: ridder_2043 был съеден зомби! 
05.08.2017 8:14:04: artem.natin истёк кровью!
05.08.2017 8:14:36: ridder_2043 был съеден зомби! 
05.08.2017 8:31:16: ridder_2043 был съеден зомби! 
05.08.2017 8:31:34: ridder1985 был убит плювальщиком!
05.08.2017 8:31:46: ridder1985 совершил суецид!
05.08.2017 8:32:13: ridder1985 совершил суецид!
05.08.2017 8:32:19: ridder1985 совершил суецид!
05.08.2017 8:32:23: ridder1985 совершил суецид!
05.08.2017 8:32:29: ridder1985 совершил суецид!
05.08.2017 8:32:40: ridder1985 совершил суецид!
05.08.2017 8:38:54: СНАЙПЕР умер от голода!
05.08.2017 8:41:10: ridder_2043 был съеден зомби! 
05.08.2017 8:42:38: LOLKEKЧЕБУРЕК истёк кровью!
05.08.2017 8:43:32: Андрей Горобец истёк кровью!
05.08.2017 8:50:17: СНАЙПЕР сгорел!
05.08.2017 8:51:55: СНАЙПЕР был съеден зомби! 
05.08.2017 9:03:52: ridder_2043 был съеден зомби! 
05.08.2017 9:04:18: ridder_2043 совершил суецид!
05.08.2017 9:10:06: tahret979 был съеден зомби! 
05.08.2017 9:16:43: tahret979 был убит плювальщиком!
05.08.2017 9:42:40: ridder_2043 утонул!
05.08.2017 9:48:13: tahret979 был съеден зомби! 
05.08.2017 9:49:41: ridder1985 совершил суецид!
05.08.2017 9:56:04: Андрей Горобец утонул!
05.08.2017 9:58:30: Андрей Горобец был съеден зомби! 
05.08.2017 10:00:17: Гусев дима утонул!
05.08.2017 10:01:42: Андрей Горобец был съеден зомби! 
05.08.2017 10:20:41: ridder1985 совершил суецид!
05.08.2017 10:34:36: LOLKEKЧЕБУРЕК сгорел!
05.08.2017 10:51:48: ridder1985 был съеден зомби! 
05.08.2017 10:53:11: ridder_2043 был съеден зомби! 
05.08.2017 10:54:16: ridder1985 совершил суецид!
05.08.2017 10:54:37: ridder1985 совершил суецид!
05.08.2017 10:54:42: ridder1985 совершил суецид!
05.08.2017 10:55:34: ridder_2043 совершил суецид!
05.08.2017 10:55:58: ridder1985 совершил суецид!
05.08.2017 10:57:07: ridder1985 был съеден зомби! 
05.08.2017 10:58:35: ridder_2043 был съеден зомби! 
05.08.2017 10:58:45: ridder_2043 совершил суецид!
05.08.2017 11:03:00: ridder1985 был съеден зомби! 
05.08.2017 11:38:49: gravite совершил суецид!
05.08.2017 11:40:10: Андрей Горобец был съеден зомби! 
05.08.2017 11:40:31: Андрей Горобец совершил суецид!
05.08.2017 11:42:35: Андрей Горобец совершил суецид!
05.08.2017 11:43:56: Андрей Горобец совершил суецид!
05.08.2017 11:44:18: Андрей Горобец совершил суецид!
05.08.2017 11:44:31: Андрей Горобец совершил суецид!
05.08.2017 11:44:49: Андрей Горобец совершил суецид!
05.08.2017 11:56:58: Андрей Горобец совершил суецид!
05.08.2017 11:57:06: Андрей Горобец совершил суецид!
05.08.2017 11:57:12: Андрей Горобец совершил суецид!
05.08.2017 11:57:25: Андрей Горобец совершил суецид!
05.08.2017 11:57:44: Андрей Горобец совершил суецид!
05.08.2017 11:57:51: Андрей Горобец совершил суецид!
05.08.2017 11:57:57: Андрей Горобец совершил суецид!
05.08.2017 11:58:05: Андрей Горобец совершил суецид!
05.08.2017 11:58:16: Андрей Горобец совершил суецид!
05.08.2017 12:00:11: Андрей Горобец был съеден зомби! 
05.08.2017 12:05:37: Андрей Горобец истёк кровью!
05.08.2017 12:06:33: Андрей Горобец совершил суецид!
05.08.2017 12:07:08: Андрей Горобец died of holding his breath for too long!
05.08.2017 12:08:22: Андрей Горобец died of holding his breath for too long!
05.08.2017 12:19:03: maks.soznov.2017 был съеден зомби! 
05.08.2017 12:31:26: maks.soznov.2017 был убит плювальщиком!
05.08.2017 12:42:02: maks.soznov.2017 был съеден зомби! 
05.08.2017 12:58:47: Коля черников сгорел!
05.08.2017 13:00:25: Коля черников был съеден зомби! 
05.08.2017 13:12:09: Коля черников был убит камушком!
05.08.2017 13:25:34: God'sHakke утонул!
05.08.2017 13:35:39: EliseuS был съеден зомби! 
05.08.2017 13:42:46: Коля черников был съеден зомби! 
05.08.2017 13:42:55: EliseuS был съеден зомби! 
05.08.2017 13:43:14: charle истёк кровью!
05.08.2017 13:58:40: Bandit_Brodyaga был съеден зомби! 
05.08.2017 14:03:37: Bogdan был съеден зомби! 
05.08.2017 14:12:41: (Десантура) Piter_gamer был съеден зомби! 
05.08.2017 14:15:20: charle истёк кровью!
05.08.2017 14:34:21: Vlad Nagib отравился!
05.08.2017 14:39:09: ridder1985 сгорел!
05.08.2017 14:52:45: charle был съеден зомби! 
05.08.2017 14:56:42: Vlad Nagib сгорел!
05.08.2017 15:11:57: katar8nowa79 был съеден зомби! 
05.08.2017 15:12:59: katar8nowa79 был съеден зомби! 
05.08.2017 15:16:59: charle был съеден зомби! 
05.08.2017 16:41:06: fomenok1 истёк кровью!
05.08.2017 16:52:31: Bendecs был съеден зомби! 
05.08.2017 17:12:02: Опасный Ральф истёк кровью!
05.08.2017 17:12:10: dler221 истёк кровью!
05.08.2017 17:26:35: Опасный Ральф died of holding his breath for too long!
05.08.2017 18:03:58: Опасный Ральф был съеден зомби! 
05.08.2017 18:16:08: dler221 был съеден зомби! 
05.08.2017 18:53:53: ridder_2043 утонул!
05.08.2017 19:09:31: ridder1985 совершил суецид!
05.08.2017 19:09:37: ridder1985 совершил суецид!
05.08.2017 19:22:51: prasseti2000 был съеден зомби! 
05.08.2017 19:24:32: prasseti2000 истёк кровью!
05.08.2017 19:26:35: Kochkin245 истёк кровью!
05.08.2017 19:32:14: Коля черников совершил суецид!
05.08.2017 19:39:32: Danil_Boss был съеден зомби! 
05.08.2017 19:41:05: Kochkin245 истёк кровью!
05.08.2017 19:41:14: ridder_2043 был съеден зомби! 
05.08.2017 19:43:57: Kochkin245 истёк кровью!
05.08.2017 19:45:35: Kochkin245 был съеден зомби! 
05.08.2017 19:49:04: ridder1985 совершил суецид!
05.08.2017 19:49:34: Kochkin245 истёк кровью!
05.08.2017 19:56:29: ridder_2043 истёк кровью!
05.08.2017 20:06:03: Kochkin245 истёк кровью!
05.08.2017 20:16:48: DarkMoon890:D был съеден зомби! 
05.08.2017 20:17:03: 4ekHyTbIu* был съеден зомби! 
05.08.2017 20:27:31: ridder1985 утонул!
05.08.2017 20:27:38: ridder1985 совершил суецид!
05.08.2017 20:29:02: ridder_2043 истёк кровью!
05.08.2017 20:29:14: ridder_2043 совершил суецид!
05.08.2017 20:29:20: ridder_2043 совершил суецид!
05.08.2017 20:29:28: ridder_2043 совершил суецид!
05.08.2017 20:29:32: ridder_2043 совершил суецид!
05.08.2017 20:29:41: ridder_2043 совершил суецид!
05.08.2017 20:29:46: ridder_2043 совершил суецид!
05.08.2017 20:29:53: ridder_2043 совершил суецид!
05.08.2017 20:33:39: DarkMoon890:D died of holding his breath for too long!
05.08.2017 20:41:23: ridder_2043 истёк кровью!
05.08.2017 21:05:55: olegy671 был съеден зомби! 
05.08.2017 21:07:42: sava.mironov.02 был съеден зомби! 
05.08.2017 21:57:57: crusty11 был съеден зомби! 
05.08.2017 22:09:12: singleplayer был съеден зомби! 
06.08.2017 0:02:15: снайпер был съеден зомби! 
06.08.2017 0:07:06: снайпер был съеден зомби! 
06.08.2017 0:07:56: Sinon был съеден зомби! 
06.08.2017 0:09:28: Sinon был съеден зомби! 
06.08.2017 0:12:13: Sinon был убит камушком!
06.08.2017 0:12:52: снайпер был съеден зомби! 
06.08.2017 0:13:19: снайпер был съеден зомби! 
06.08.2017 0:38:02: снайпер был съеден зомби! 
06.08.2017 0:49:53: снайпер был съеден зомби! 
06.08.2017 4:02:55: а&Zick243 был убит плювальщиком!
06.08.2017 4:06:18: а&Zick243 совершил суецид!
06.08.2017 8:33:51: Виндяй Вечеслав был убит камушком!
06.08.2017 8:34:40: Артем был съеден зомби! 
06.08.2017 8:47:50: Кот_Кашарович был убит взрывной волной от машины!
06.08.2017 8:50:09: maxvander19 был съеден зомби! 
06.08.2017 8:50:11: Kerem был съеден зомби! 
06.08.2017 10:24:45: artybabie был съеден зомби! 
06.08.2017 10:24:49: unicapzaakung был съеден зомби! 
06.08.2017 10:24:51: .. был съеден зомби! 
06.08.2017 10:27:05: .. был убит плювальщиком!
06.08.2017 10:27:23: unicapzaakung был съеден зомби! 
06.08.2017 10:29:26: .. был съеден зомби! 
06.08.2017 10:29:29: unicapzaakung был съеден зомби! 
06.08.2017 10:30:18: artybabie был съеден зомби! 
06.08.2017 10:30:48: unicapzaakung истёк кровью!
06.08.2017 10:31:20: .. был съеден зомби! 
06.08.2017 10:31:20: artybabie был съеден зомби! 
06.08.2017 10:32:02: Виталий Головин  был съеден зомби! 
06.08.2017 10:38:30: poweralex29 был съеден зомби! 
06.08.2017 10:46:18: Виталий Головин  был убит взрывной волной от машины!
06.08.2017 10:46:51: Виталий Головин  совершил суецид!
06.08.2017 10:48:41: Виталий Головин  был съеден зомби! 
06.08.2017 10:48:48: Виталий Головин  совершил суецид!
06.08.2017 10:51:29: Виталий Головин  совершил суецид!
06.08.2017 11:19:13: LOLKEKЧЕБУРЕК был съеден зомби! 
06.08.2017 11:25:35: Артем истёк кровью!
06.08.2017 11:47:53: Пипр был съеден зомби! 
06.08.2017 11:48:57: K1miko был съеден зомби! 
06.08.2017 12:03:01: IRON MONKEY истёк кровью!
06.08.2017 13:16:38: Красивый ник был съеден зомби! 
06.08.2017 13:25:27: Пипр был съеден зомби! 
06.08.2017 13:32:08: belevtsov.kirill был съеден зомби! 
06.08.2017 14:03:13: biven был съеден зомби! 
06.08.2017 14:13:51: Rozzy совершил суецид!
06.08.2017 14:18:29: снайпер был съеден зомби! 
06.08.2017 15:08:44: drec был съеден зомби! 
06.08.2017 15:20:19: Ilya11242 был съеден зомби! 
06.08.2017 15:25:43: charle истёк кровью!
06.08.2017 15:25:54: 0987653421e был убит взрывной волной от машины!
06.08.2017 15:29:10: MartinCat был съеден зомби! 
06.08.2017 15:31:56: 0987653421e был съеден зомби! 
06.08.2017 15:37:04: Ilya11242 был съеден зомби! 
06.08.2017 15:49:57: LyPoGlAz был съеден зомби! 
06.08.2017 16:03:24: LyPoGlAz истёк кровью!
06.08.2017 16:27:16: _Alone me был съеден зомби! 
06.08.2017 16:27:33: BLOOD^Rain был съеден зомби! 
06.08.2017 17:09:39: WildThing был съеден зомби! 
06.08.2017 17:37:10: un был съеден зомби! 
06.08.2017 17:57:04: elena-shepel истёк кровью!
06.08.2017 18:05:41: heniek был съеден зомби! 
06.08.2017 18:29:46: Kochkin245 был съеден зомби! 
06.08.2017 18:32:47: Kochkin245 истёк кровью!
06.08.2017 18:36:58: Kochkin245 был съеден зомби! 
06.08.2017 18:46:56: mishapozetiva333 был съеден зомби! 
06.08.2017 18:55:48: mishapozetiva333 был съеден зомби! 
06.08.2017 20:02:06: Artem Alekssev был съеден зомби! 
06.08.2017 20:16:47: stalkeravets был съеден зомби! 
06.08.2017 20:18:24: danil был съеден зомби! 
06.08.2017 20:35:50: desdenlua был съеден зомби! 
06.08.2017 21:18:11: снайпер был съеден зомби! 
06.08.2017 21:18:26: BASEL2 был съеден зомби! 
06.08.2017 21:37:11: frank был съеден зомби! 
06.08.2017 21:38:52: снайпер был съеден зомби! 
06.08.2017 21:46:09: zhenya>survior_pro истёк кровью!
06.08.2017 22:04:24: kecso76(HUN) был съеден зомби! 
06.08.2017 22:07:05: dler221 сгорел!
06.08.2017 22:11:56: Опасный Ральф был съеден зомби! 
06.08.2017 22:15:28: Differ Evanson был съеден зомби! 
06.08.2017 22:15:56: снайпер утонул!
06.08.2017 22:16:41: tahret979 был съеден зомби! 
06.08.2017 22:17:55: Денис Комаров был съеден зомби! 
06.08.2017 22:31:01: adrian.pilipiuk был съеден зомби! 
06.08.2017 22:36:39: (A)Shot был убит плювальщиком!
06.08.2017 22:42:30: Денис Комаров истёк кровью!
06.08.2017 22:45:49: (A)Shot был съеден зомби! 
06.08.2017 22:45:52: ql_miki был съеден зомби! 
06.08.2017 22:52:52: снайпер истёк кровью!
06.08.2017 22:59:58: dler221 истёк кровью!
06.08.2017 23:02:07: АКСИМИРОН совершил суецид!
06.08.2017 23:04:57: [FDF]paladindu965 был съеден зомби! 
06.08.2017 23:05:28: снайпер был убит камушком!
06.08.2017 23:06:13: снайпер был убит камушком!
06.08.2017 23:11:34: dler221 был съеден зомби! 
06.08.2017 23:11:46: Опасный Ральф был съеден зомби! 
06.08.2017 23:14:36: MS.STALKER_YT был съеден зомби! 
06.08.2017 23:17:14: Опасный Ральф был съеден зомби! 
06.08.2017 23:17:24: dler221 был съеден зомби! 
06.08.2017 23:18:19: dler221 совершил суецид!
06.08.2017 23:20:26: MS.STALKER_YT совершил суецид!
06.08.2017 23:21:01: [FDF]paladindu965 был съеден зомби! 
06.08.2017 23:23:19: MS.STALKER_YT был съеден зомби! 
06.08.2017 23:24:32: dler221 совершил суецид!
06.08.2017 23:24:41: dler221 совершил суецид!
06.08.2017 23:24:53: dler221 совершил суецид!
06.08.2017 23:25:02: dler221 совершил суецид!
06.08.2017 23:25:07: dler221 совершил суецид!
06.08.2017 23:25:13: dler221 совершил суецид!
06.08.2017 23:25:26: dler221 совершил суецид!
06.08.2017 23:31:52: Опасный Ральф был съеден зомби! 
06.08.2017 23:35:15: снайпер был убит плювальщиком!
06.08.2017 23:48:22: Продам акк с кучей шмоток был съеден зомби! 
06.08.2017 23:53:00: Продам акк с кучей шмоток был съеден зомби! 
06.08.2017 23:53:18: Продам акк с кучей шмоток совершил суецид!
06.08.2017 23:53:35: aleksey.oleksuk69 был съеден зомби! 
06.08.2017 23:54:04: Продам акк с кучей шмоток совершил суецид!
06.08.2017 23:55:07: Продам акк с кучей шмоток совершил суецид!
06.08.2017 23:55:22: Продам акк с кучей шмоток совершил суецид!
06.08.2017 23:55:31: Продам акк с кучей шмоток совершил суецид!
06.08.2017 23:55:42: Продам акк с кучей шмоток совершил суецид!
06.08.2017 23:55:51: Продам акк с кучей шмоток совершил суецид!
06.08.2017 23:57:04: снайпер был убит плювальщиком!
06.08.2017 23:57:35: aleksey.oleksuk69 был съеден зомби! 
06.08.2017 23:57:56: Продам акк с кучей шмоток совершил суецид!
06.08.2017 23:58:23: снайпер был убит камушком!
06.08.2017 23:59:28: DaCutePuggy был съеден зомби! 
06.08.2017 23:59:55: снайпер был съеден зомби! 
07.08.2017 0:01:01: DaCutePuggy совершил суецид!
07.08.2017 0:11:25: Продам акк с кучей шмоток был съеден зомби! 
07.08.2017 0:11:31: SmurfyKerft был съеден зомби! 
07.08.2017 0:24:13: liampuo совершил суецид!
07.08.2017 1:01:03: youcefbrh был съеден зомби! 
07.08.2017 1:04:28: youcefbrh был съеден зомби! 
07.08.2017 1:08:53: youcefbrh истёк кровью!
07.08.2017 1:14:29: youcefbrh был убит плювальщиком!
07.08.2017 1:21:22: youcefbrh был съеден зомби! 
07.08.2017 1:25:18: Valera истёк кровью!
07.08.2017 1:52:35: gxmb10 был съеден зомби! 
07.08.2017 1:53:01: Valera истёк кровью!
07.08.2017 1:53:39: Legend1973 был съеден зомби! 
07.08.2017 1:57:45: Valera был съеден зомби! 
07.08.2017 3:04:26: Valera был съеден зомби! 
07.08.2017 3:06:57: y tho был съеден зомби! 
07.08.2017 3:07:37: st0ne истёк кровью!
07.08.2017 3:13:24: y tho был съеден зомби! 
07.08.2017 8:55:17: MS.STALKER_YT истёк кровью!
07.08.2017 8:55:27: MS.STALKER_YT совершил суецид!
07.08.2017 9:56:47: ridder1985 совершил суецид!
07.08.2017 11:17:53: вова куюн был съеден зомби! 
07.08.2017 11:24:31: Ханк был съеден зомби! 
07.08.2017 11:29:56: chelekaterina был съеден зомби! 
07.08.2017 11:31:23: chelekaterina истёк кровью!
07.08.2017 11:33:43: W1ST был съеден зомби! 
07.08.2017 11:34:45: Ханк истёк кровью!
07.08.2017 11:38:20: Заяц был съеден зомби! 
07.08.2017 11:39:02: W1ST истёк кровью!
07.08.2017 11:41:24: W1ST был съеден зомби! 
07.08.2017 11:41:27: Заяц был съеден зомби! 
07.08.2017 11:44:39: W1ST сгорел!
07.08.2017 11:45:46: Mr. Bob был съеден зомби! 
07.08.2017 11:58:28: 0naumi0 был съеден зомби! 
07.08.2017 11:59:54: 0naumi0 был убит плювальщиком!
07.08.2017 12:01:07: 0naumi0 был съеден зомби! 
07.08.2017 12:08:24: liampuo был съеден зомби! 
07.08.2017 12:13:50: Коля черников отравился!
07.08.2017 12:16:29: W1ST был съеден зомби! 
07.08.2017 12:18:02: W1ST истёк кровью!
07.08.2017 12:28:45: daulet111 был съеден зомби! 
07.08.2017 12:30:19: Дональд Мекхен был съеден зомби! 
07.08.2017 12:42:29: Коля черников был съеден зомби! 
07.08.2017 12:44:40: вова куюн совершил суецид!
07.08.2017 13:18:27: kecso76(HUN) был убит камушком!
07.08.2017 14:20:02: andreyofdipp был съеден зомби! 
07.08.2017 14:49:36: ridder1985 совершил суецид!
07.08.2017 14:51:21: BUCKU был съеден зомби! 
07.08.2017 15:07:05: tahret979 died of holding his breath for too long!
07.08.2017 15:10:35: BUCKU died of holding his breath for too long!
07.08.2017 15:12:31: Iddelia был съеден зомби! 
07.08.2017 15:28:34: CrazyBlueDog был съеден зомби! 
07.08.2017 15:35:06: eks113 был съеден зомби! 
07.08.2017 15:50:09: WhooYou был съеден зомби! 
07.08.2017 15:59:41: MS.STALKER_YT совершил суецид!
07.08.2017 16:00:24: Valera был убит камушком!
07.08.2017 16:01:29: Valera был убит камушком!
07.08.2017 16:01:59: yut был съеден зомби! 
07.08.2017 16:02:05: Legend1973 был убит камушком!
07.08.2017 16:06:30: Максим Селищев истёк кровью!
07.08.2017 16:07:20: poggocz истёк кровью!
07.08.2017 16:07:36: Korry истёк кровью!
07.08.2017 16:09:03: yut был съеден зомби! 
07.08.2017 16:10:18: poggocz был съеден зомби! 
07.08.2017 16:11:25: tahret979 был съеден зомби! 
07.08.2017 16:12:08: Legend1973 был съеден зомби! 
07.08.2017 16:13:14: yut был съеден зомби! 
07.08.2017 16:15:07: Legend1973 истёк кровью!
07.08.2017 16:29:37: Максим Селищев истёк кровью!
07.08.2017 16:33:52: lironick истёк кровью!
07.08.2017 16:34:39: Максим Селищев был съеден зомби! 
07.08.2017 16:43:55: elena-shepel был съеден зомби! 
07.08.2017 16:49:44: Alex был съеден зомби! 
07.08.2017 16:53:29: снайпер был съеден зомби! 
07.08.2017 16:54:59: un был съеден зомби! 
07.08.2017 16:55:23: poggocz умер от голода!
07.08.2017 16:56:19: un истёк кровью!
07.08.2017 16:56:58: lironick истёк кровью!
07.08.2017 17:08:52: BUCKU был убит плювальщиком!
07.08.2017 17:12:22: poggocz был съеден зомби! 
07.08.2017 17:12:47: ridder1985 совершил суецид!
07.08.2017 17:14:18: Alex был съеден зомби! 
07.08.2017 17:15:33: poggocz был съеден зомби! 
07.08.2017 17:18:44: elena-shepel отравился!
07.08.2017 17:25:19: Alex был съеден зомби! 
07.08.2017 17:29:22: poggocz был съеден зомби! 
07.08.2017 17:30:56: Андрей Фирсов был съеден зомби! 
07.08.2017 17:31:01: сталкер был убит взрывной волной от машины!
07.08.2017 17:31:15: un был съеден зомби! 
07.08.2017 17:31:36: jadza126 умер от голода!
07.08.2017 17:38:02: gravite утонул!
07.08.2017 17:45:12: Alex был съеден зомби! 
07.08.2017 17:56:05: Alex истёк кровью!
07.08.2017 18:02:47: Krisbutt был съеден зомби! 
07.08.2017 18:07:26: ridder1985 истёк кровью!
07.08.2017 18:18:08: Alex был съеден зомби! 
07.08.2017 18:51:53: Alex был убит плювальщиком!
07.08.2017 18:52:22: ridder1985 совершил суецид!
07.08.2017 18:52:35: ridder1985 совершил суецид!
07.08.2017 18:54:42: dodo.tin2103 был съеден зомби! 
07.08.2017 18:56:52: сталкер был съеден зомби! 
07.08.2017 18:59:43: сталкер был съеден зомби! 
07.08.2017 19:14:09: Kartoffel GER был съеден зомби! 
07.08.2017 19:16:49: Mr_Jonik_YT был съеден зомби! 
07.08.2017 19:24:09: TheShadowOfLegendaryZocker03 отравился!
07.08.2017 19:24:12: Kartoffel GER отравился!
07.08.2017 19:25:27: (A)Shot был съеден зомби! 
07.08.2017 19:27:40: Mr_Jonik_YT истёк кровью!
07.08.2017 19:30:59: elena-shepel был съеден зомби! 
07.08.2017 19:35:32: Mr_Jonik_YT был съеден зомби! 
07.08.2017 19:36:28: Mr_Jonik_YT был съеден зомби! 
07.08.2017 19:40:17: kirito LVL.14 был съеден зомби! 
07.08.2017 19:41:58: nik.kalashikov.15 был съеден зомби! 
07.08.2017 19:43:04: Максим Селищев был убит плювальщиком!
07.08.2017 19:44:32: nik.kalashikov.15 был съеден зомби! 
07.08.2017 19:45:08: Mr_Jonik_YT был съеден зомби! 
07.08.2017 19:49:31: Максим Селищев был съеден зомби! 
07.08.2017 20:15:14: Mr_Jonik_YT истёк кровью!
07.08.2017 20:15:21: Максим Селищев истёк кровью!
07.08.2017 20:35:11: mishapozetiva333 был съеден зомби! 
07.08.2017 21:29:03: снайпер истёк кровью!
07.08.2017 21:36:31: ???? был съеден зомби! 
07.08.2017 21:39:17: снайпер был съеден зомби! 
07.08.2017 21:40:24: ???? истёк кровью!
07.08.2017 21:40:44: BUCKU был съеден зомби! 
07.08.2017 21:41:10: r2don2 истёк кровью!
07.08.2017 21:42:20: Mr_Jonik_YT был съеден зомби! 
07.08.2017 21:46:48: Mr_Jonik_YT был съеден зомби! 
07.08.2017 21:49:12: ???? был съеден зомби! 
07.08.2017 21:50:55: Mr_Jonik_YT был съеден зомби! 
07.08.2017 21:54:49: Mr_Jonik_YT был съеден зомби! 
07.08.2017 21:55:29: ???? был съеден зомби! 
07.08.2017 21:56:33: Mr_Jonik_YT был съеден зомби! 
07.08.2017 21:57:12: ???? был съеден зомби! 
07.08.2017 22:02:40: ???? был съеден зомби! 
07.08.2017 22:02:56: Mr_Jonik_YT был съеден зомби! 
07.08.2017 22:04:05: Mr_Jonik_YT был съеден зомби! 
07.08.2017 22:06:22: ???? был съеден зомби! 
07.08.2017 22:09:07: ???? был съеден зомби! 
07.08.2017 22:19:45: Mr_Jonik_YT был съеден зомби! 
07.08.2017 22:42:18: aNYway совершил суецид!
07.08.2017 22:42:27: Lolaso истёк кровью!
07.08.2017 22:48:14: [CELLTEAM6] Pila истёк кровью!
07.08.2017 22:48:31: Петух истёк кровью!
07.08.2017 23:14:09: Alex был съеден зомби! 
