RocketRcon v2.4.8.0

login aVIPs22031994
players
Client has executed command "players"
Players:
PlayerID: 76561198444494613 Name: vladkrigin Character: дима васильев Ping: 156
PlayerID: 76561198423084997 Name: lovemariina Character: Rendy Ping: 132
PlayerID: 76561198290750582 Name: FlipLOOT.Farm Character: Shinobi Ping: 66
PlayerID: 76561198152645913 Name: jon Character: jon Ping: 50
PlayerID: 76561198265247601 Name: BisonbonasusPlay Character: Dmitriy Ping: 97
PlayerID: 76561198213470589 Name: VanUshKa | vreecase.com Character: Иван Беляев Ping: 58

Client has executed command "bans"
Bans:
PlayerID: 76561197966773788
JudgeID: 0
Reason: 900000 Duration: 31536000 Remaining: 27911885
PlayerID: 76561198336969313
JudgeID: 0
Reason: reid Duration: 604800 Remaining: 27118
PlayerID: 76561198212486347
JudgeID: 0
Reason: reid Duration: 604800 Remaining: 27449
PlayerID: 76561198391097237
JudgeID: 0
Reason: reid Duration: 604800 Remaining: 189936
PlayerID: 76561198190667017
JudgeID: 0
Reason: cheater Duration: 31104000 Remaining: 30792163
PlayerID: 76561198374710965
JudgeID: 0
Reason: cheater Duration: 31104000 Remaining: 30792179

END
Client has executed command "GET NOW"
ServerControl >> VALUE NOW [1] [0] [627]

END
Client has executed command "players"

Players:
PlayerID: 76561198444494613 Name: vladkrigin Character: дима васильев Ping: 164
PlayerID: 76561198423084997 Name: lovemariina Character: Rendy Ping: 140
PlayerID: 76561198290750582 Name: FlipLOOT.Farm Character: Shinobi Ping: 58
PlayerID: 76561198152645913 Name: jon Character: jon Ping: 58
PlayerID: 76561198265247601 Name: BisonbonasusPlay Character: Dmitriy Ping: 85
PlayerID: 76561198213470589 Name: VanUshKa | vreecase.com Character: Иван Беляев Ping: 74

Client has executed command "bans"

Bans:
PlayerID: 76561197966773788
JudgeID: 0
Reason: 900000 Duration: 31536000 Remaining: 27911879
PlayerID: 76561198336969313
JudgeID: 0
Reason: reid Duration: 604800 Remaining: 27112
PlayerID: 76561198212486347
JudgeID: 0
Reason: reid Duration: 604800 Remaining: 27443
PlayerID: 76561198391097237
JudgeID: 0
Reason: reid Duration: 604800 Remaining: 189930
PlayerID: 76561198190667017
JudgeID: 0
Reason: cheater Duration: 31104000 Remaining: 30792157
PlayerID: 76561198374710965
JudgeID: 0
Reason: cheater Duration: 31104000 Remaining: 30792173

END
END
[World] Иван Беляев [VanUshKa | vreecase.com]: "Тут же пве да ?"

[World] Иван Беляев [VanUshKa | vreecase.com]: "/pbe"

Client has executed command "GET NOW"

ServerControl >> VALUE NOW [1] [0] [637]

[World] Иван Беляев [VanUshKa | vreecase.com]: "/pve"

GET NOW
Client has executed command "GET NOW"

ServerControl >> VALUE NOW [1] [0] [638]

[World] Shinobi [FlipLOOT.Farm]: "/buy 253"

