Не обработано: RocketRcon v2.4.8.0
RocketRcon v2.4.8.0

Client has executed command "players"

TimerTerminateCommand.Enabled with Players:
Players:
PlayerID: 76561198140053978 Name: 7_AleX_3 Character: 7_AleX_3 Ping: 42
PlayerID: 76561198176817369 Name: ?. Character: GlodiS Ping: 89
PlayerID: 76561198295801599 Name: Lo[x] Character: Lo[x] Ping: 62
PlayerID: 76561198276840558 Name: Котик ^-^ Character: kennys Ping: 140
PlayerID: 76561198322193999 Name: ™_Game®_™ Character: Карл Иванович Ping: 54
PlayerID: 76561198262878051 Name: Kolder Character: Kolder Ping: 46
PlayerID: 76561198287257345 Name: TheHard27 Character: TheHard27 Ping: 160
PlayerID: 76561198351213164 Name: _АхМеД_ Character: Виндяй Вечеслав Ping: 85
PlayerID: 76561198391510049 Name: matushkin_99 Character: matushkin_99 Ping: 74

TimerTerminateCommand.Enabled with Players:
Client has executed command "bans"

END with Players:
TimerTerminateCommand.Enabled with Bans:
Bans:
PlayerID: 123123
JudgeID: 0
Reason: unspecified Duration: 31536000 Remaining: 31458108
PlayerID: 123
JudgeID: 0
Reason: durila Duration: 4000 Remaining: 4294893902
PlayerID: 76561198274427357
JudgeID: 0
Reason: you were vote kicked Duration: 180 Remaining: 4294922275

END with Bans:
Client has executed command "say "))""

Client has executed command "players"

TimerTerminateCommand.Enabled with Players:
Players:
PlayerID: 76561198140053978 Name: 7_AleX_3 Character: 7_AleX_3 Ping: 39
PlayerID: 76561198176817369 Name: ?. Character: GlodiS Ping: 105
PlayerID: 76561198295801599 Name: Lo[x] Character: Lo[x] Ping: 66
PlayerID: 76561198276840558 Name: Котик ^-^ Character: kennys Ping: 128
PlayerID: 76561198322193999 Name: ™_Game®_™ Character: Карл Иванович Ping: 54
PlayerID: 76561198262878051 Name: Kolder Character: Kolder Ping: 54
PlayerID: 76561198287257345 Name: TheHard27 Character: TheHard27 Ping: 179
PlayerID: 76561198351213164 Name: _АхМеД_ Character: Виндяй Вечеслав Ping: 62
PlayerID: 76561198391510049 Name: matushkin_99 Character: matushkin_99 Ping: 93

END with Players:
Не обработано: MessageAnnouncer >> Broadcast: Наберите /kit start, чтобы получить стартовый набор (еда, вода, топор)
MessageAnnouncer >> Broadcast: Наберите /kit start, чтобы получить стартовый набор (еда, вода, топор)

Не обработано: MessageAnnouncer >> Наберите /kit start, чтобы получить стартовый набор (еда, вода, топор)
MessageAnnouncer >> Наберите /kit start, чтобы получить стартовый набор (еда, вода, топор)

Client has executed command "players"

TimerTerminateCommand.Enabled with Players:
Players:
PlayerID: 76561198140053978 Name: 7_AleX_3 Character: 7_AleX_3 Ping: 39
PlayerID: 76561198176817369 Name: ?. Character: GlodiS Ping: 70
PlayerID: 76561198295801599 Name: Lo[x] Character: Lo[x] Ping: 54
PlayerID: 76561198276840558 Name: Котик ^-^ Character: kennys Ping: 105
PlayerID: 76561198322193999 Name: ™_Game®_™ Character: Карл Иванович Ping: 46
PlayerID: 76561198262878051 Name: Kolder Character: Kolder Ping: 50
PlayerID: 76561198287257345 Name: TheHard27 Character: TheHard27 Ping: 191
PlayerID: 76561198351213164 Name: _АхМеД_ Character: Виндяй Вечеслав Ping: 78
PlayerID: 76561198391510049 Name: matushkin_99 Character: matushkin_99 Ping: 85

TimerTerminateCommand.Enabled with Players:
[Area] Виндяй Вечеслав [_АхМеД_]: "ты за мной следишь?)"

END with Players:
Connecting: PlayerID: 76561198087393467 Name: Грицько Ринка Character: ?HyperX?

Client has executed command "players"

TimerTerminateCommand.Enabled with Players:
Players:
PlayerID: 76561198140053978 Name: 7_AleX_3 Character: 7_AleX_3 Ping: 46
PlayerID: 76561198176817369 Name: ?. Character: GlodiS Ping: 74
PlayerID: 76561198295801599 Name: Lo[x] Character: Lo[x] Ping: 54
PlayerID: 76561198276840558 Name: Котик ^-^ Character: kennys Ping: 152
PlayerID: 76561198322193999 Name: ™_Game®_™ Character: Карл Иванович Ping: 54
PlayerID: 76561198262878051 Name: Kolder Character: Kolder Ping: 58
PlayerID: 76561198287257345 Name: TheHard27 Character: TheHard27 Ping: 218
PlayerID: 76561198351213164 Name: _АхМеД_ Character: Виндяй Вечеслав Ping: 93
PlayerID: 76561198391510049 Name: matushkin_99 Character: matushkin_99 Ping: 74

END with Players:
Client has executed command "say "net, ya server menedger pishu. Testiruyu""

Client has executed command "players"

TimerTerminateCommand.Enabled with Players:
Players:
PlayerID: 76561198140053978 Name: 7_AleX_3 Character: 7_AleX_3 Ping: 35
PlayerID: 76561198176817369 Name: ?. Character: GlodiS Ping: 93
PlayerID: 76561198295801599 Name: Lo[x] Character: Lo[x] Ping: 66
PlayerID: 76561198276840558 Name: Котик ^-^ Character: kennys Ping: 121
PlayerID: 76561198322193999 Name: ™_Game®_™ Character: Карл Иванович Ping: 50
PlayerID: 76561198262878051 Name: Kolder Character: Kolder Ping: 50
PlayerID: 76561198287257345 Name: TheHard27 Character: TheHard27 Ping: 195
PlayerID: 76561198351213164 Name: _АхМеД_ Character: Виндяй Вечеслав Ping: 82
PlayerID: 76561198391510049 Name: matushkin_99 Character: matushkin_99 Ping: 78

END with Players:
Connecting: PlayerID: 76561198272573142 Name: Bloody СУП Character: СУП

Client has executed command "say "Skoro chat na saite budet viden""

Client has executed command "players"

TimerTerminateCommand.Enabled with Players:
Players:
PlayerID: 76561198140053978 Name: 7_AleX_3 Character: 7_AleX_3 Ping: 27
PlayerID: 76561198176817369 Name: ?. Character: GlodiS Ping: 85
PlayerID: 76561198295801599 Name: Lo[x] Character: Lo[x] Ping: 58
PlayerID: 76561198276840558 Name: Котик ^-^ Character: kennys Ping: 101
PlayerID: 76561198322193999 Name: ™_Game®_™ Character: Карл Иванович Ping: 42
PlayerID: 76561198262878051 Name: Kolder Character: Kolder Ping: 46
PlayerID: 76561198287257345 Name: TheHard27 Character: TheHard27 Ping: 437
PlayerID: 76561198351213164 Name: _АхМеД_ Character: Виндяй Вечеслав Ping: 78
PlayerID: 76561198391510049 Name: matushkin_99 Character: matushkin_99 Ping: 78
PlayerID: 76561198272573142 Name: Bloody СУП Character: СУП Ping: 50

END with Players:
Client has executed command "players"

TimerTerminateCommand.Enabled with Players:
Players:
PlayerID: 76561198140053978 Name: 7_AleX_3 Character: 7_AleX_3 Ping: 39
PlayerID: 76561198176817369 Name: ?. Character: GlodiS Ping: 78
PlayerID: 76561198295801599 Name: Lo[x] Character: Lo[x] Ping: 54
PlayerID: 76561198276840558 Name: Котик ^-^ Character: kennys Ping: 156
PlayerID: 76561198322193999 Name: ™_Game®_™ Character: Карл Иванович Ping: 50
PlayerID: 76561198262878051 Name: Kolder Character: Kolder Ping: 50
PlayerID: 76561198287257345 Name: TheHard27 Character: TheHard27 Ping: 183
PlayerID: 76561198351213164 Name: _АхМеД_ Character: Виндяй Вечеслав Ping: 62
PlayerID: 76561198391510049 Name: matushkin_99 Character: matushkin_99 Ping: 78
PlayerID: 76561198272573142 Name: Bloody СУП Character: СУП Ping: 273

END with Players:
Connecting: PlayerID: 76561198130434614 Name: ZH3K4 Character: ZH3K4

[World] Lo[x] [Lo[x]]: "/kit help"

Disconnecting: PlayerID: 76561198322193999 Name: ™_Game®_™ Character: Карл Иванович

Client has executed command "players"

TimerTerminateCommand.Enabled with Players:
Players:
PlayerID: 76561198140053978 Name: 7_AleX_3 Character: 7_AleX_3 Ping: 39
PlayerID: 76561198176817369 Name: ?. Character: GlodiS Ping: 66
PlayerID: 76561198295801599 Name: Lo[x] Character: Lo[x] Ping: 66
PlayerID: 76561198276840558 Name: Котик ^-^ Character: kennys Ping: 105
PlayerID: 76561198262878051 Name: Kolder Character: Kolder Ping: 54
PlayerID: 76561198287257345 Name: TheHard27 Character: TheHard27 Ping: 191
PlayerID: 76561198351213164 Name: _АхМеД_ Character: Виндяй Вечеслав Ping: 82
PlayerID: 76561198391510049 Name: matushkin_99 Character: matushkin_99 Ping: 70
PlayerID: 76561198272573142 Name: Bloody СУП Character: СУП Ping: 58
PlayerID: 76561198130434614 Name: ZH3K4 Character: ZH3K4 Ping: 62

END with Players:
[Area] Виндяй Вечеслав [_АхМеД_]: "хорошо"

Не обработано: MessageAnnouncer >> Broadcast: Внимание! PvP-режим по субботам! PvP-режим!!!
MessageAnnouncer >> Broadcast: Внимание! PvP-режим по субботам! PvP-режим!!!

Не обработано: MessageAnnouncer >> Внимание! PvP-режим по субботам! PvP-режим!!!
MessageAnnouncer >> Внимание! PvP-режим по субботам! PvP-режим!!!

Client has executed command "players"

TimerTerminateCommand.Enabled with Players:
Players:
PlayerID: 76561198140053978 Name: 7_AleX_3 Character: 7_AleX_3 Ping: 50
PlayerID: 76561198176817369 Name: ?. Character: GlodiS Ping: 74
PlayerID: 76561198295801599 Name: Lo[x] Character: Lo[x] Ping: 62
PlayerID: 76561198276840558 Name: Котик ^-^ Character: kennys Ping: 128
PlayerID: 76561198262878051 Name: Kolder Character: Kolder Ping: 50
PlayerID: 76561198287257345 Name: TheHard27 Character: TheHard27 Ping: 175
PlayerID: 76561198351213164 Name: _АхМеД_ Character: Виндяй Вечеслав Ping: 85
PlayerID: 76561198391510049 Name: matushkin_99 Character: matushkin_99 Ping: 62
PlayerID: 76561198272573142 Name: Bloody СУП Character: СУП Ping: 74
PlayerID: 76561198130434614 Name: ZH3K4 Character: ZH3K4 Ping: 62

END with Players:
Connecting: PlayerID: 76561198283030731 Name: small_yong321 Character: small_yong321

Client has executed command "players"

TimerTerminateCommand.Enabled with Players:
Players:
PlayerID: 76561198140053978 Name: 7_AleX_3 Character: 7_AleX_3 Ping: 42
PlayerID: 76561198176817369 Name: ?. Character: GlodiS Ping: 82
PlayerID: 76561198295801599 Name: Lo[x] Character: Lo[x] Ping: 66
PlayerID: 76561198276840558 Name: Котик ^-^ Character: kennys Ping: 125
PlayerID: 76561198262878051 Name: Kolder Character: Kolder Ping: 54
PlayerID: 76561198287257345 Name: TheHard27 Character: TheHard27 Ping: 195
PlayerID: 76561198351213164 Name: _АхМеД_ Character: Виндяй Вечеслав Ping: 74
PlayerID: 76561198391510049 Name: matushkin_99 Character: matushkin_99 Ping: 85
PlayerID: 76561198272573142 Name: Bloody СУП Character: СУП Ping: 66
PlayerID: 76561198130434614 Name: ZH3K4 Character: ZH3K4 Ping: 62
PlayerID: 76561198283030731 Name: small_yong321 Character: small_yong321 Ping: 347

END with Players:
Disconnecting: PlayerID: 76561198283030731 Name: small_yong321 Character: small_yong321

Client has executed command "players"

TimerTerminateCommand.Enabled with Players:
Players:
PlayerID: 76561198140053978 Name: 7_AleX_3 Character: 7_AleX_3 Ping: 42
PlayerID: 76561198176817369 Name: ?. Character: GlodiS Ping: 66
PlayerID: 76561198295801599 Name: Lo[x] Character: Lo[x] Ping: 58
PlayerID: 76561198276840558 Name: Котик ^-^ Character: kennys Ping: 136
PlayerID: 76561198262878051 Name: Kolder Character: Kolder Ping: 58
PlayerID: 76561198287257345 Name: TheHard27 Character: TheHard27 Ping: 195
PlayerID: 76561198351213164 Name: _АхМеД_ Character: Виндяй Вечеслав Ping: 82
PlayerID: 76561198391510049 Name: matushkin_99 Character: matushkin_99 Ping: 85
PlayerID: 76561198272573142 Name: Bloody СУП Character: СУП Ping: 58
PlayerID: 76561198130434614 Name: ZH3K4 Character: ZH3K4 Ping: 58

Не обработано: DeathMessagesRemastered >> Broadcast: ZH3K4 has been mauled by a zombie! 
TimerTerminateCommand.Enabled with Players:
DeathMessagesRemastered >> Broadcast: ZH3K4 has been mauled by a zombie! 

Не обработано: ZH3K4 [ZH3K4] was mauled by a zombie!
TimerTerminateCommand.Enabled with Players:
ZH3K4 [ZH3K4] was mauled by a zombie!

END with Players:
[World] Kolder [Kolder]: "/home"

[World] ZH3K4 [ZH3K4]: "/p"

Не обработано: DeathMessagesRemastered >> Broadcast: matushkin_99 has bled to death!
DeathMessagesRemastered >> Broadcast: matushkin_99 has bled to death!

Не обработано: matushkin_99 [matushkin_99] bled to death!
matushkin_99 [matushkin_99] bled to death!

Client has executed command "players"

TimerTerminateCommand.Enabled with Players:
Players:
PlayerID: 76561198140053978 Name: 7_AleX_3 Character: 7_AleX_3 Ping: 35
PlayerID: 76561198176817369 Name: ?. Character: GlodiS Ping: 70
PlayerID: 76561198295801599 Name: Lo[x] Character: Lo[x] Ping: 54
PlayerID: 76561198276840558 Name: Котик ^-^ Character: kennys Ping: 101
PlayerID: 76561198262878051 Name: Kolder Character: Kolder Ping: 50
PlayerID: 76561198287257345 Name: TheHard27 Character: TheHard27 Ping: 191
PlayerID: 76561198351213164 Name: _АхМеД_ Character: Виндяй Вечеслав Ping: 89
PlayerID: 76561198391510049 Name: matushkin_99 Character: matushkin_99 Ping: 78
PlayerID: 76561198272573142 Name: Bloody СУП Character: СУП Ping: 54
PlayerID: 76561198130434614 Name: ZH3K4 Character: ZH3K4 Ping: 54

END with Players:
