Подключение к RCON сервера
ClientSocketLookup
Загрузка данных из локальной БД
Запуск модуля слежения за процессом
ClientSocketConnecting
ClientSocketConnect
ClientSocketWrite
Подключение к БД сервера
Подключение к БД сайта
Подключение к локальной папке сервера
Подключение к Вконтакте
Запуск таймеров
Запуск потока обновления списка онлайн-игроков
Запуск потока обработки сообщений с сайта и на сайт
Запуск потока запросов на сервер
Запуск потока мониторинга за процессом сервера
Запуск модуля игровых событий
Запуск потока работы с Телеграмом
Загрузка данных из базы данных сервера
Запуск совершён
