Не обработано: RocketRcon v2.4.8.0
RocketRcon v2.4.8.0

Client has executed command "players"

TimerTerminateCommand.Enabled with Players:
Players:
PlayerID: 76561198140053978 Name: 7_AleX_3 Character: 7_AleX_3 Ping: 54
PlayerID: 76561198357648706 Name: lessik1210 Character: Griman18 Ping: 46
PlayerID: 76561198016413040 Name: Гоша Войовнича Лють Character: U FACE JARAXXUS Ping: 46
PlayerID: 76561198354875685 Name: piska Character: Broxa Ping: 74
PlayerID: 76561198303283372 Name: PeR4IK Character: данил Ping: 82
PlayerID: 76561198295801599 Name: Lo[x] Character: Lo[x] Ping: 54
PlayerID: 76561198314638573 Name: UDODMEN Character: udodmen Ping: 89
PlayerID: 76561198176817369 Name: ?. Character: GlodiS Ping: 66
PlayerID: 76561198385294163 Name: daniil.ilkaev Character: Даниил Ping: 105
PlayerID: 76561198034206393 Name: MayBeOkay Character: Grex Ping: 54
PlayerID: 76561197998208475 Name: Quaintkitten Character: Skrublord Ping: 210
PlayerID: 76561198280617288 Name: Незнаю какой придумать Character: Пипр Ping: 66

TimerTerminateCommand.Enabled with Players:
Client has executed command "bans"

END with Players:
TimerTerminateCommand.Enabled with Bans:
Bans:
PlayerID: 123123
JudgeID: 0
Reason: unspecified Duration: 31536000 Remaining: 31449221
PlayerID: 123
JudgeID: 0
Reason: durila Duration: 4000 Remaining: 4294885015
PlayerID: 76561198274427357
JudgeID: 0
Reason: you were vote kicked Duration: 180 Remaining: 4294913388

TimerTerminateCommand.Enabled with Bans:
[World] GlodiS [?.]: "АДМИНЧИК"

END with Bans:
Не обработано: Saving server
Saving server

Client has executed command "say "chto?""

Client has executed command "players"

TimerTerminateCommand.Enabled with Players:
Players:
PlayerID: 76561198140053978 Name: 7_AleX_3 Character: 7_AleX_3 Ping: 46
PlayerID: 76561198357648706 Name: lessik1210 Character: Griman18 Ping: 50
PlayerID: 76561198016413040 Name: Гоша Войовнича Лють Character: U FACE JARAXXUS Ping: 50
PlayerID: 76561198354875685 Name: piska Character: Broxa Ping: 66
PlayerID: 76561198303283372 Name: PeR4IK Character: данил Ping: 89
PlayerID: 76561198295801599 Name: Lo[x] Character: Lo[x] Ping: 54
PlayerID: 76561198314638573 Name: UDODMEN Character: udodmen Ping: 89
PlayerID: 76561198176817369 Name: ?. Character: GlodiS Ping: 66
PlayerID: 76561198385294163 Name: daniil.ilkaev Character: Даниил Ping: 230
PlayerID: 76561198034206393 Name: MayBeOkay Character: Grex Ping: 74
PlayerID: 76561197998208475 Name: Quaintkitten Character: Skrublord Ping: 218
PlayerID: 76561198280617288 Name: Незнаю какой придумать Character: Пипр Ping: 54

END with Players:
[World] GlodiS [?.]: "можешь помочь? в нас на тере поставили штуки и мы не можем их убрать"

[World] Пипр [Незнаю какой придумать]: "А лут закрывать можно"

Client has executed command "players"

TimerTerminateCommand.Enabled with Players:
Players:
PlayerID: 76561198140053978 Name: 7_AleX_3 Character: 7_AleX_3 Ping: 42
PlayerID: 76561198357648706 Name: lessik1210 Character: Griman18 Ping: 46
PlayerID: 76561198016413040 Name: Гоша Войовнича Лють Character: U FACE JARAXXUS Ping: 42
PlayerID: 76561198354875685 Name: piska Character: Broxa Ping: 70
PlayerID: 76561198303283372 Name: PeR4IK Character: данил Ping: 74
PlayerID: 76561198295801599 Name: Lo[x] Character: Lo[x] Ping: 54
PlayerID: 76561198314638573 Name: UDODMEN Character: udodmen Ping: 89
PlayerID: 76561198176817369 Name: ?. Character: GlodiS Ping: 74
PlayerID: 76561198385294163 Name: daniil.ilkaev Character: Даниил Ping: 89
PlayerID: 76561198034206393 Name: MayBeOkay Character: Grex Ping: 46
PlayerID: 76561197998208475 Name: Quaintkitten Character: Skrublord Ping: 218
PlayerID: 76561198280617288 Name: Незнаю какой придумать Character: Пипр Ping: 50

END with Players:
Не обработано: RocketRcon v2.4.8.0
RocketRcon v2.4.8.0

Client has executed command "players"

TimerTerminateCommand.Enabled with Players:
Players:
PlayerID: 76561198200101595 Name: Deus vult Character: Nevalyasha4 Ping: 128
PlayerID: 76561198391121800 Name: Джеимс Вурхиз Character: Джеимс Вурхиз Ping: 58
PlayerID: 76561198303283372 Name: PeR4IK Character: данил Ping: 97
PlayerID: 76561198295801599 Name: Lo[x] Character: Lo[x] Ping: 62
PlayerID: 76561198366549870 Name: Expert13372284200 Character: Expert1337 Ping: 183
PlayerID: 76561198371041527 Name: ¦_s1mple_¦ Character: miguelhormat Ping: 42
PlayerID: 76561198176817369 Name: ?. Character: GlodiS Ping: 78

TimerTerminateCommand.Enabled with Players:
Client has executed command "bans"

END with Players:
TimerTerminateCommand.Enabled with Bans:
Bans:
PlayerID: 123123
JudgeID: 0
Reason: unspecified Duration: 31536000 Remaining: 31383116
PlayerID: 123
JudgeID: 0
Reason: durila Duration: 4000 Remaining: 4294818910
PlayerID: 76561198274427357
JudgeID: 0
Reason: you were vote kicked Duration: 180 Remaining: 4294847283

TimerTerminateCommand.Enabled with Bans:
[Area] miguelhormat [¦_s1mple_¦]: "взрывать"

TimerTerminateCommand.Enabled with Bans:
Connecting: PlayerID: 76561198292543416 Name: Mr_GiladKing Character: GamerYT

END with Bans:
Client has executed command "players"

TimerTerminateCommand.Enabled with Players:
Players:
PlayerID: 76561198200101595 Name: Deus vult Character: Nevalyasha4 Ping: 117
PlayerID: 76561198391121800 Name: Джеимс Вурхиз Character: Джеимс Вурхиз Ping: 46
PlayerID: 76561198303283372 Name: PeR4IK Character: данил Ping: 89
PlayerID: 76561198295801599 Name: Lo[x] Character: Lo[x] Ping: 50
PlayerID: 76561198366549870 Name: Expert13372284200 Character: Expert1337 Ping: 148
PlayerID: 76561198371041527 Name: ¦_s1mple_¦ Character: miguelhormat Ping: 31
PlayerID: 76561198176817369 Name: ?. Character: GlodiS Ping: 58
PlayerID: 76561198292543416 Name: Mr_GiladKing Character: GamerYT Ping: 277

END with Players:
[World] данил [PeR4IK]: "да"

[World] Expert1337 [Expert13372284200]: "идём"

Client has executed command "players"

TimerTerminateCommand.Enabled with Players:
Players:
PlayerID: 76561198200101595 Name: Deus vult Character: Nevalyasha4 Ping: 113
PlayerID: 76561198391121800 Name: Джеимс Вурхиз Character: Джеимс Вурхиз Ping: 50
PlayerID: 76561198303283372 Name: PeR4IK Character: данил Ping: 97
PlayerID: 76561198295801599 Name: Lo[x] Character: Lo[x] Ping: 58
PlayerID: 76561198366549870 Name: Expert13372284200 Character: Expert1337 Ping: 144
PlayerID: 76561198371041527 Name: ¦_s1mple_¦ Character: miguelhormat Ping: 31
PlayerID: 76561198176817369 Name: ?. Character: GlodiS Ping: 74
PlayerID: 76561198292543416 Name: Mr_GiladKing Character: GamerYT Ping: 54

END with Players:
[World] Expert1337 [Expert13372284200]: "всё"

[World] данил [PeR4IK]: "да не в дверь блять"

Client has executed command "players"

TimerTerminateCommand.Enabled with Players:
Players:
PlayerID: 76561198200101595 Name: Deus vult Character: Nevalyasha4 Ping: 128
PlayerID: 76561198391121800 Name: Джеимс Вурхиз Character: Джеимс Вурхиз Ping: 62
PlayerID: 76561198303283372 Name: PeR4IK Character: данил Ping: 97
PlayerID: 76561198295801599 Name: Lo[x] Character: Lo[x] Ping: 62
PlayerID: 76561198366549870 Name: Expert13372284200 Character: Expert1337 Ping: 148
PlayerID: 76561198371041527 Name: ¦_s1mple_¦ Character: miguelhormat Ping: 46
PlayerID: 76561198176817369 Name: ?. Character: GlodiS Ping: 74
PlayerID: 76561198292543416 Name: Mr_GiladKing Character: GamerYT Ping: 62

END with Players:
[Area] miguelhormat [¦_s1mple_¦]: "/tpa данил"

[World] данил [PeR4IK]: "/tpa a"

[World] Nevalyasha4 [Deus vult]: "Я о об этом не писал в World чат"

Client has executed command "players"

TimerTerminateCommand.Enabled with Players:
Players:
PlayerID: 76561198200101595 Name: Deus vult Character: Nevalyasha4 Ping: 125
PlayerID: 76561198391121800 Name: Джеимс Вурхиз Character: Джеимс Вурхиз Ping: 46
PlayerID: 76561198303283372 Name: PeR4IK Character: данил Ping: 125
PlayerID: 76561198295801599 Name: Lo[x] Character: Lo[x] Ping: 54
PlayerID: 76561198366549870 Name: Expert13372284200 Character: Expert1337 Ping: 152
PlayerID: 76561198371041527 Name: ¦_s1mple_¦ Character: miguelhormat Ping: 35
PlayerID: 76561198176817369 Name: ?. Character: GlodiS Ping: 70
PlayerID: 76561198292543416 Name: Mr_GiladKing Character: GamerYT Ping: 66

TimerTerminateCommand.Enabled with Players:
[World] Nevalyasha4 [Deus vult]: "Хаха"

END with Players:
Client has executed command "players"

TimerTerminateCommand.Enabled with Players:
Players:
PlayerID: 76561198200101595 Name: Deus vult Character: Nevalyasha4 Ping: 117
PlayerID: 76561198391121800 Name: Джеимс Вурхиз Character: Джеимс Вурхиз Ping: 50
PlayerID: 76561198303283372 Name: PeR4IK Character: данил Ping: 93
PlayerID: 76561198295801599 Name: Lo[x] Character: Lo[x] Ping: 54
PlayerID: 76561198366549870 Name: Expert13372284200 Character: Expert1337 Ping: 140
PlayerID: 76561198371041527 Name: ¦_s1mple_¦ Character: miguelhormat Ping: 42
PlayerID: 76561198176817369 Name: ?. Character: GlodiS Ping: 78
PlayerID: 76561198292543416 Name: Mr_GiladKing Character: GamerYT Ping: 70

END with Players:
[World] Expert1337 [Expert13372284200]: "незнаю"

Не обработано: MessageAnnouncer >> Broadcast: Если модератор ведёт себя неподобающе, пишите в группу или ЛС (vk.com/unturned_hgm, vk.com/hemulgm)
MessageAnnouncer >> Broadcast: Если модератор ведёт себя неподобающе, пишите в группу или ЛС (vk.com/unturned_hgm, vk.com/hemulgm)

Не обработано: MessageAnnouncer >> Если модератор ведёт себя неподобающе, пишите в группу или ЛС (vk.com/unturned_hgm, vk.com/hemulgm)
MessageAnnouncer >> Если модератор ведёт себя неподобающе, пишите в группу или ЛС (vk.com/unturned_hgm, vk.com/hemulgm)

Client has executed command "players"

TimerTerminateCommand.Enabled with Players:
Players:
PlayerID: 76561198200101595 Name: Deus vult Character: Nevalyasha4 Ping: 113
PlayerID: 76561198391121800 Name: Джеимс Вурхиз Character: Джеимс Вурхиз Ping: 58
PlayerID: 76561198303283372 Name: PeR4IK Character: данил Ping: 97
PlayerID: 76561198295801599 Name: Lo[x] Character: Lo[x] Ping: 62
PlayerID: 76561198366549870 Name: Expert13372284200 Character: Expert1337 Ping: 144
PlayerID: 76561198371041527 Name: ¦_s1mple_¦ Character: miguelhormat Ping: 39
PlayerID: 76561198176817369 Name: ?. Character: GlodiS Ping: 70
PlayerID: 76561198292543416 Name: Mr_GiladKing Character: GamerYT Ping: 74

END with Players:
Client has executed command "players"

TimerTerminateCommand.Enabled with Players:
Players:
PlayerID: 76561198200101595 Name: Deus vult Character: Nevalyasha4 Ping: 117
PlayerID: 76561198391121800 Name: Джеимс Вурхиз Character: Джеимс Вурхиз Ping: 50
PlayerID: 76561198303283372 Name: PeR4IK Character: данил Ping: 93
PlayerID: 76561198295801599 Name: Lo[x] Character: Lo[x] Ping: 58
PlayerID: 76561198366549870 Name: Expert13372284200 Character: Expert1337 Ping: 167
PlayerID: 76561198371041527 Name: ¦_s1mple_¦ Character: miguelhormat Ping: 46
PlayerID: 76561198176817369 Name: ?. Character: GlodiS Ping: 74
PlayerID: 76561198292543416 Name: Mr_GiladKing Character: GamerYT Ping: 74

END with Players:
Client has executed command "players"

TimerTerminateCommand.Enabled with Players:
Players:
PlayerID: 76561198200101595 Name: Deus vult Character: Nevalyasha4 Ping: 113
PlayerID: 76561198391121800 Name: Джеимс Вурхиз Character: Джеимс Вурхиз Ping: 54
PlayerID: 76561198303283372 Name: PeR4IK Character: данил Ping: 70
PlayerID: 76561198295801599 Name: Lo[x] Character: Lo[x] Ping: 54
PlayerID: 76561198366549870 Name: Expert13372284200 Character: Expert1337 Ping: 148
PlayerID: 76561198371041527 Name: ¦_s1mple_¦ Character: miguelhormat Ping: 35
PlayerID: 76561198176817369 Name: ?. Character: GlodiS Ping: 82
PlayerID: 76561198292543416 Name: Mr_GiladKing Character: GamerYT Ping: 58

END with Players:
[World] данил [PeR4IK]: "/kits"

[World] Expert1337 [Expert13372284200]: "hgm1"

Client has executed command "players"

TimerTerminateCommand.Enabled with Players:
Players:
PlayerID: 76561198200101595 Name: Deus vult Character: Nevalyasha4 Ping: 117
PlayerID: 76561198391121800 Name: Джеимс Вурхиз Character: Джеимс Вурхиз Ping: 54
PlayerID: 76561198303283372 Name: PeR4IK Character: данил Ping: 93
PlayerID: 76561198295801599 Name: Lo[x] Character: Lo[x] Ping: 58
PlayerID: 76561198366549870 Name: Expert13372284200 Character: Expert1337 Ping: 164
PlayerID: 76561198371041527 Name: ¦_s1mple_¦ Character: miguelhormat Ping: 35
PlayerID: 76561198176817369 Name: ?. Character: GlodiS Ping: 74
PlayerID: 76561198292543416 Name: Mr_GiladKing Character: GamerYT Ping: 70

END with Players:
[World] Expert1337 [Expert13372284200]: "/kit hgm1"

[World] данил [PeR4IK]: "/kit hgm1"

[World] GamerYT [Mr_GiladKing]: "/kit help"

Client has executed command "players"

TimerTerminateCommand.Enabled with Players:
Players:
PlayerID: 76561198200101595 Name: Deus vult Character: Nevalyasha4 Ping: 113
PlayerID: 76561198391121800 Name: Джеимс Вурхиз Character: Джеимс Вурхиз Ping: 66
PlayerID: 76561198303283372 Name: PeR4IK Character: данил Ping: 97
PlayerID: 76561198295801599 Name: Lo[x] Character: Lo[x] Ping: 66
PlayerID: 76561198366549870 Name: Expert13372284200 Character: Expert1337 Ping: 144
PlayerID: 76561198371041527 Name: ¦_s1mple_¦ Character: miguelhormat Ping: 39
PlayerID: 76561198176817369 Name: ?. Character: GlodiS Ping: 70
PlayerID: 76561198292543416 Name: Mr_GiladKing Character: GamerYT Ping: 62

END with Players:
Client has executed command "players"

TimerTerminateCommand.Enabled with Players:
Players:
PlayerID: 76561198200101595 Name: Deus vult Character: Nevalyasha4 Ping: 117
PlayerID: 76561198391121800 Name: Джеимс Вурхиз Character: Джеимс Вурхиз Ping: 50
PlayerID: 76561198303283372 Name: PeR4IK Character: данил Ping: 93
PlayerID: 76561198295801599 Name: Lo[x] Character: Lo[x] Ping: 58
PlayerID: 76561198366549870 Name: Expert13372284200 Character: Expert1337 Ping: 140
PlayerID: 76561198371041527 Name: ¦_s1mple_¦ Character: miguelhormat Ping: 42
PlayerID: 76561198176817369 Name: ?. Character: GlodiS Ping: 82
PlayerID: 76561198292543416 Name: Mr_GiladKing Character: GamerYT Ping: 54

END with Players:
Не обработано: MessageAnnouncer >> Broadcast: vk.com/hemulgm - ЕДИНСТВЕННЫЙ администратор сервера
MessageAnnouncer >> Broadcast: vk.com/hemulgm - ЕДИНСТВЕННЫЙ администратор сервера

Не обработано: MessageAnnouncer >> vk.com/hemulgm - ЕДИНСТВЕННЫЙ администратор сервера
MessageAnnouncer >> vk.com/hemulgm - ЕДИНСТВЕННЫЙ администратор сервера

Client has executed command "players"

TimerTerminateCommand.Enabled with Players:
Players:
PlayerID: 76561198200101595 Name: Deus vult Character: Nevalyasha4 Ping: 109
PlayerID: 76561198391121800 Name: Джеимс Вурхиз Character: Джеимс Вурхиз Ping: 46
PlayerID: 76561198303283372 Name: PeR4IK Character: данил Ping: 74
PlayerID: 76561198295801599 Name: Lo[x] Character: Lo[x] Ping: 54
PlayerID: 76561198366549870 Name: Expert13372284200 Character: Expert1337 Ping: 140
PlayerID: 76561198371041527 Name: ¦_s1mple_¦ Character: miguelhormat Ping: 46
PlayerID: 76561198176817369 Name: ?. Character: GlodiS Ping: 74
PlayerID: 76561198292543416 Name: Mr_GiladKing Character: GamerYT Ping: 46

END with Players:
[World] данил [PeR4IK]: "/home"

Не обработано: данил moved x:-685.1 y:75.19424(+21.76526) z:-617.0675 in the last second (0.2379227)
данил moved x:-685.1 y:75.19424(+21.76526) z:-617.0675 in the last second (0.2379227)

[World] Expert1337 [Expert13372284200]: "/home"

Client has executed command "players"

TimerTerminateCommand.Enabled with Players:
Players:
PlayerID: 76561198200101595 Name: Deus vult Character: Nevalyasha4 Ping: 117
PlayerID: 76561198391121800 Name: Джеимс Вурхиз Character: Джеимс Вурхиз Ping: 50
PlayerID: 76561198303283372 Name: PeR4IK Character: данил Ping: 304
PlayerID: 76561198295801599 Name: Lo[x] Character: Lo[x] Ping: 58
PlayerID: 76561198366549870 Name: Expert13372284200 Character: Expert1337 Ping: 195
PlayerID: 76561198371041527 Name: ¦_s1mple_¦ Character: miguelhormat Ping: 50
PlayerID: 76561198176817369 Name: ?. Character: GlodiS Ping: 82
PlayerID: 76561198292543416 Name: Mr_GiladKing Character: GamerYT Ping: 50

END with Players:
Client has executed command "players"

TimerTerminateCommand.Enabled with Players:
Players:
PlayerID: 76561198200101595 Name: Deus vult Character: Nevalyasha4 Ping: 117
PlayerID: 76561198391121800 Name: Джеимс Вурхиз Character: Джеимс Вурхиз Ping: 50
PlayerID: 76561198303283372 Name: PeR4IK Character: данил Ping: 78
PlayerID: 76561198295801599 Name: Lo[x] Character: Lo[x] Ping: 54
PlayerID: 76561198366549870 Name: Expert13372284200 Character: Expert1337 Ping: 152
PlayerID: 76561198371041527 Name: ¦_s1mple_¦ Character: miguelhormat Ping: 46
PlayerID: 76561198176817369 Name: ?. Character: GlodiS Ping: 78
PlayerID: 76561198292543416 Name: Mr_GiladKing Character: GamerYT Ping: 54

END with Players:
Client has executed command "players"

TimerTerminateCommand.Enabled with Players:
Players:
PlayerID: 76561198200101595 Name: Deus vult Character: Nevalyasha4 Ping: 101
PlayerID: 76561198391121800 Name: Джеимс Вурхиз Character: Джеимс Вурхиз Ping: 42
PlayerID: 76561198303283372 Name: PeR4IK Character: данил Ping: 89
PlayerID: 76561198295801599 Name: Lo[x] Character: Lo[x] Ping: 50
PlayerID: 76561198366549870 Name: Expert13372284200 Character: Expert1337 Ping: 152
PlayerID: 76561198371041527 Name: ¦_s1mple_¦ Character: miguelhormat Ping: 35
PlayerID: 76561198176817369 Name: ?. Character: GlodiS Ping: 70
PlayerID: 76561198292543416 Name: Mr_GiladKing Character: GamerYT Ping: 50

END with Players:
Disconnecting: PlayerID: 76561198371041527 Name: ¦_s1mple_¦ Character: miguelhormat

Client has executed command "players"

TimerTerminateCommand.Enabled with Players:
Players:
PlayerID: 76561198200101595 Name: Deus vult Character: Nevalyasha4 Ping: 113
PlayerID: 76561198391121800 Name: Джеимс Вурхиз Character: Джеимс Вурхиз Ping: 54
PlayerID: 76561198303283372 Name: PeR4IK Character: данил Ping: 93
PlayerID: 76561198295801599 Name: Lo[x] Character: Lo[x] Ping: 54
PlayerID: 76561198366549870 Name: Expert13372284200 Character: Expert1337 Ping: 152
PlayerID: 76561198176817369 Name: ?. Character: GlodiS Ping: 70
PlayerID: 76561198292543416 Name: Mr_GiladKing Character: GamerYT Ping: 58

END with Players:
Client has executed command "players"

TimerTerminateCommand.Enabled with Players:
Players:
PlayerID: 76561198200101595 Name: Deus vult Character: Nevalyasha4 Ping: 125
PlayerID: 76561198391121800 Name: Джеимс Вурхиз Character: Джеимс Вурхиз Ping: 50
PlayerID: 76561198303283372 Name: PeR4IK Character: данил Ping: 85
PlayerID: 76561198295801599 Name: Lo[x] Character: Lo[x] Ping: 54
PlayerID: 76561198366549870 Name: Expert13372284200 Character: Expert1337 Ping: 140
PlayerID: 76561198176817369 Name: ?. Character: GlodiS Ping: 70
PlayerID: 76561198292543416 Name: Mr_GiladKing Character: GamerYT Ping: 54

END with Players:
Не обработано: PlayerInfoLib >> No expired player info records found for this batch.
PlayerInfoLib >> No expired player info records found for this batch.

Не обработано: MessageAnnouncer >> Broadcast: Используйте /report [ник], чтобы отправить жалобу на игрока
MessageAnnouncer >> Broadcast: Используйте /report [ник], чтобы отправить жалобу на игрока

Не обработано: MessageAnnouncer >> Используйте /report [ник], чтобы отправить жалобу на игрока
MessageAnnouncer >> Используйте /report [ник], чтобы отправить жалобу на игрока

Client has executed command "players"

TimerTerminateCommand.Enabled with Players:
Players:
PlayerID: 76561198200101595 Name: Deus vult Character: Nevalyasha4 Ping: 121
PlayerID: 76561198391121800 Name: Джеимс Вурхиз Character: Джеимс Вурхиз Ping: 46
PlayerID: 76561198303283372 Name: PeR4IK Character: данил Ping: 93
PlayerID: 76561198295801599 Name: Lo[x] Character: Lo[x] Ping: 62
PlayerID: 76561198366549870 Name: Expert13372284200 Character: Expert1337 Ping: 136
PlayerID: 76561198176817369 Name: ?. Character: GlodiS Ping: 62
PlayerID: 76561198292543416 Name: Mr_GiladKing Character: GamerYT Ping: 62

END with Players:
Client has executed command "players"

TimerTerminateCommand.Enabled with Players:
Players:
PlayerID: 76561198200101595 Name: Deus vult Character: Nevalyasha4 Ping: 117
PlayerID: 76561198391121800 Name: Джеимс Вурхиз Character: Джеимс Вурхиз Ping: 50
PlayerID: 76561198303283372 Name: PeR4IK Character: данил Ping: 78
PlayerID: 76561198295801599 Name: Lo[x] Character: Lo[x] Ping: 58
PlayerID: 76561198366549870 Name: Expert13372284200 Character: Expert1337 Ping: 144
PlayerID: 76561198176817369 Name: ?. Character: GlodiS Ping: 58
PlayerID: 76561198292543416 Name: Mr_GiladKing Character: GamerYT Ping: 58

END with Players:
Connecting: PlayerID: 76561198324996335 Name: Mуждей щи Мамалыга Character: []Max[]

Connecting: PlayerID: 76561198267822211 Name: $pinner Character: SkyBaff

Client has executed command "players"

TimerTerminateCommand.Enabled with Players:
Players:
PlayerID: 76561198200101595 Name: Deus vult Character: Nevalyasha4 Ping: 105
PlayerID: 76561198391121800 Name: Джеимс Вурхиз Character: Джеимс Вурхиз Ping: 42
PlayerID: 76561198303283372 Name: PeR4IK Character: данил Ping: 89
PlayerID: 76561198295801599 Name: Lo[x] Character: Lo[x] Ping: 50
PlayerID: 76561198366549870 Name: Expert13372284200 Character: Expert1337 Ping: 140
PlayerID: 76561198176817369 Name: ?. Character: GlodiS Ping: 58
PlayerID: 76561198292543416 Name: Mr_GiladKing Character: GamerYT Ping: 58
PlayerID: 76561198324996335 Name: Mуждей щи Мамалыга Character: []Max[] Ping: 93
PlayerID: 76561198267822211 Name: $pinner Character: SkyBaff Ping: 58

END with Players:
[World] Nevalyasha4 [Deus vult]: "/kit start"

Connecting: PlayerID: 76561198371041527 Name: ¦_s1mple_¦ Character: miguelhormat

Client has executed command "players"

TimerTerminateCommand.Enabled with Players:
Players:
PlayerID: 76561198200101595 Name: Deus vult Character: Nevalyasha4 Ping: 113
PlayerID: 76561198391121800 Name: Джеимс Вурхиз Character: Джеимс Вурхиз Ping: 66
PlayerID: 76561198303283372 Name: PeR4IK Character: данил Ping: 101
PlayerID: 76561198295801599 Name: Lo[x] Character: Lo[x] Ping: 58
PlayerID: 76561198366549870 Name: Expert13372284200 Character: Expert1337 Ping: 164
PlayerID: 76561198176817369 Name: ?. Character: GlodiS Ping: 70
PlayerID: 76561198292543416 Name: Mr_GiladKing Character: GamerYT Ping: 62
PlayerID: 76561198324996335 Name: Mуждей щи Мамалыга Character: []Max[] Ping: 93
PlayerID: 76561198267822211 Name: $pinner Character: SkyBaff Ping: 82
PlayerID: 76561198371041527 Name: ¦_s1mple_¦ Character: miguelhormat Ping: 7

END with Players:
Client has executed command "players"

TimerTerminateCommand.Enabled with Players:
Players:
PlayerID: 76561198200101595 Name: Deus vult Character: Nevalyasha4 Ping: 128
PlayerID: 76561198391121800 Name: Джеимс Вурхиз Character: Джеимс Вурхиз Ping: 62
PlayerID: 76561198303283372 Name: PeR4IK Character: данил Ping: 85
PlayerID: 76561198295801599 Name: Lo[x] Character: Lo[x] Ping: 66
PlayerID: 76561198366549870 Name: Expert13372284200 Character: Expert1337 Ping: 171
PlayerID: 76561198176817369 Name: ?. Character: GlodiS Ping: 93
PlayerID: 76561198292543416 Name: Mr_GiladKing Character: GamerYT Ping: 66
PlayerID: 76561198324996335 Name: Mуждей щи Мамалыга Character: []Max[] Ping: 82
PlayerID: 76561198267822211 Name: $pinner Character: SkyBaff Ping: 70
PlayerID: 76561198371041527 Name: ¦_s1mple_¦ Character: miguelhormat Ping: 46

END with Players:
[World] miguelhormat [¦_s1mple_¦]: "/tpa данил"

[World] данил [PeR4IK]: "/tpa a"

Client has executed command "players"

TimerTerminateCommand.Enabled with Players:
Players:
PlayerID: 76561198200101595 Name: Deus vult Character: Nevalyasha4 Ping: 117
PlayerID: 76561198391121800 Name: Джеимс Вурхиз Character: Джеимс Вурхиз Ping: 54
PlayerID: 76561198303283372 Name: PeR4IK Character: данил Ping: 85
PlayerID: 76561198295801599 Name: Lo[x] Character: Lo[x] Ping: 62
PlayerID: 76561198366549870 Name: Expert13372284200 Character: Expert1337 Ping: 156
PlayerID: 76561198176817369 Name: ?. Character: GlodiS Ping: 66
PlayerID: 76561198292543416 Name: Mr_GiladKing Character: GamerYT Ping: 58
PlayerID: 76561198324996335 Name: Mуждей щи Мамалыга Character: []Max[] Ping: 97
PlayerID: 76561198267822211 Name: $pinner Character: SkyBaff Ping: 74
PlayerID: 76561198371041527 Name: ¦_s1mple_¦ Character: miguelhormat Ping: 66

END with Players:
Не обработано: MessageAnnouncer >> Broadcast: Наберите /rules (/r) для просмотра правил
MessageAnnouncer >> Broadcast: Наберите /rules (/r) для просмотра правил

Не обработано: MessageAnnouncer >> Наберите /rules (/r) для просмотра правил
MessageAnnouncer >> Наберите /rules (/r) для просмотра правил

Не обработано: DeathMessagesRemastered >> Broadcast: []Max[] has been mauled by a zombie! 
DeathMessagesRemastered >> Broadcast: []Max[] has been mauled by a zombie! 

Не обработано: []Max[] [Mуждей щи Мамалыга] was mauled by a zombie!
[]Max[] [Mуждей щи Мамалыга] was mauled by a zombie!

Client has executed command "players"

TimerTerminateCommand.Enabled with Players:
Players:
PlayerID: 76561198200101595 Name: Deus vult Character: Nevalyasha4 Ping: 109
PlayerID: 76561198391121800 Name: Джеимс Вурхиз Character: Джеимс Вурхиз Ping: 50
PlayerID: 76561198303283372 Name: PeR4IK Character: данил Ping: 101
PlayerID: 76561198295801599 Name: Lo[x] Character: Lo[x] Ping: 50
PlayerID: 76561198366549870 Name: Expert13372284200 Character: Expert1337 Ping: 144
PlayerID: 76561198176817369 Name: ?. Character: GlodiS Ping: 66
PlayerID: 76561198292543416 Name: Mr_GiladKing Character: GamerYT Ping: 54
PlayerID: 76561198324996335 Name: Mуждей щи Мамалыга Character: []Max[] Ping: 101
PlayerID: 76561198267822211 Name: $pinner Character: SkyBaff Ping: 62
PlayerID: 76561198371041527 Name: ¦_s1mple_¦ Character: miguelhormat Ping: 35

END with Players:
[World] данил [PeR4IK]: "/kits"

Client has executed command "players"

TimerTerminateCommand.Enabled with Players:
Players:
PlayerID: 76561198200101595 Name: Deus vult Character: Nevalyasha4 Ping: 113
PlayerID: 76561198391121800 Name: Джеимс Вурхиз Character: Джеимс Вурхиз Ping: 54
PlayerID: 76561198303283372 Name: PeR4IK Character: данил Ping: 62
PlayerID: 76561198295801599 Name: Lo[x] Character: Lo[x] Ping: 54
PlayerID: 76561198366549870 Name: Expert13372284200 Character: Expert1337 Ping: 140
PlayerID: 76561198176817369 Name: ?. Character: GlodiS Ping: 74
PlayerID: 76561198292543416 Name: Mr_GiladKing Character: GamerYT Ping: 58
PlayerID: 76561198324996335 Name: Mуждей щи Мамалыга Character: []Max[] Ping: 85
PlayerID: 76561198267822211 Name: $pinner Character: SkyBaff Ping: 70
PlayerID: 76561198371041527 Name: ¦_s1mple_¦ Character: miguelhormat Ping: 42

END with Players:
[World] данил [PeR4IK]: "/kit hgm"

Не обработано: Saving server
Saving server

[Area] GlodiS [?.]: "/hom"

[Area] GlodiS [?.]: "/hom"

[Area] GlodiS [?.]: "/home"

[World] данил [PeR4IK]: "/kit hgm1"

Client has executed command "players"

TimerTerminateCommand.Enabled with Players:
Players:
PlayerID: 76561198200101595 Name: Deus vult Character: Nevalyasha4 Ping: 125
PlayerID: 76561198391121800 Name: Джеимс Вурхиз Character: Джеимс Вурхиз Ping: 54
PlayerID: 76561198303283372 Name: PeR4IK Character: данил Ping: 89
PlayerID: 76561198295801599 Name: Lo[x] Character: Lo[x] Ping: 58
PlayerID: 76561198366549870 Name: Expert13372284200 Character: Expert1337 Ping: 136
PlayerID: 76561198176817369 Name: ?. Character: GlodiS Ping: 89
PlayerID: 76561198292543416 Name: Mr_GiladKing Character: GamerYT Ping: 58
PlayerID: 76561198324996335 Name: Mуждей щи Мамалыга Character: []Max[] Ping: 93
PlayerID: 76561198267822211 Name: $pinner Character: SkyBaff Ping: 70
PlayerID: 76561198371041527 Name: ¦_s1mple_¦ Character: miguelhormat Ping: 42

END with Players:
[World] SkyBaff [$pinner]: ".лш"

Client has executed command "players"

TimerTerminateCommand.Enabled with Players:
Players:
PlayerID: 76561198200101595 Name: Deus vult Character: Nevalyasha4 Ping: 117
PlayerID: 76561198391121800 Name: Джеимс Вурхиз Character: Джеимс Вурхиз Ping: 58
PlayerID: 76561198303283372 Name: PeR4IK Character: данил Ping: 89
PlayerID: 76561198295801599 Name: Lo[x] Character: Lo[x] Ping: 58
PlayerID: 76561198366549870 Name: Expert13372284200 Character: Expert1337 Ping: 152
PlayerID: 76561198176817369 Name: ?. Character: GlodiS Ping: 82
PlayerID: 76561198292543416 Name: Mr_GiladKing Character: GamerYT Ping: 66
PlayerID: 76561198324996335 Name: Mуждей щи Мамалыга Character: []Max[] Ping: 85
PlayerID: 76561198267822211 Name: $pinner Character: SkyBaff Ping: 62
PlayerID: 76561198371041527 Name: ¦_s1mple_¦ Character: miguelhormat Ping: 39

END with Players:
[Area] miguelhormat [¦_s1mple_¦]: "куда вещи"

Disconnecting: PlayerID: 76561198267822211 Name: $pinner Character: SkyBaff

Client has executed command "players"

TimerTerminateCommand.Enabled with Players:
Players:
PlayerID: 76561198200101595 Name: Deus vult Character: Nevalyasha4 Ping: 121
PlayerID: 76561198391121800 Name: Джеимс Вурхиз Character: Джеимс Вурхиз Ping: 58
PlayerID: 76561198303283372 Name: PeR4IK Character: данил Ping: 89
PlayerID: 76561198295801599 Name: Lo[x] Character: Lo[x] Ping: 54
PlayerID: 76561198366549870 Name: Expert13372284200 Character: Expert1337 Ping: 152
PlayerID: 76561198176817369 Name: ?. Character: GlodiS Ping: 74
PlayerID: 76561198292543416 Name: Mr_GiladKing Character: GamerYT Ping: 54
PlayerID: 76561198324996335 Name: Mуждей щи Мамалыга Character: []Max[] Ping: 85
PlayerID: 76561198371041527 Name: ¦_s1mple_¦ Character: miguelhormat Ping: 35

END with Players:
[World] данил [PeR4IK]: "есть жилеза"

Client has executed command "players"

TimerTerminateCommand.Enabled with Players:
Players:
PlayerID: 76561198200101595 Name: Deus vult Character: Nevalyasha4 Ping: 121
PlayerID: 76561198391121800 Name: Джеимс Вурхиз Character: Джеимс Вурхиз Ping: 62
PlayerID: 76561198303283372 Name: PeR4IK Character: данил Ping: 117
PlayerID: 76561198295801599 Name: Lo[x] Character: Lo[x] Ping: 50
PlayerID: 76561198366549870 Name: Expert13372284200 Character: Expert1337 Ping: 140
PlayerID: 76561198176817369 Name: ?. Character: GlodiS Ping: 82
PlayerID: 76561198292543416 Name: Mr_GiladKing Character: GamerYT Ping: 62
PlayerID: 76561198324996335 Name: Mуждей щи Мамалыга Character: []Max[] Ping: 97
PlayerID: 76561198371041527 Name: ¦_s1mple_¦ Character: miguelhormat Ping: 50

END with Players:
Не обработано: MessageAnnouncer >> Broadcast: Добро пожаловать на HEMULGM.RU. Тут рады вам больше, чем на любом другом сервере!
MessageAnnouncer >> Broadcast: Добро пожаловать на HEMULGM.RU. Тут рады вам больше, чем на любом другом сервере!

Не обработано: MessageAnnouncer >> Добро пожаловать на HEMULGM.RU. Тут рады вам больше, чем на любом другом сервере!
MessageAnnouncer >> Добро пожаловать на HEMULGM.RU. Тут рады вам больше, чем на любом другом сервере!

Client has executed command "players"

TimerTerminateCommand.Enabled with Players:
Players:
PlayerID: 76561198200101595 Name: Deus vult Character: Nevalyasha4 Ping: 113
PlayerID: 76561198391121800 Name: Джеимс Вурхиз Character: Джеимс Вурхиз Ping: 62
PlayerID: 76561198303283372 Name: PeR4IK Character: данил Ping: 78

TimerTerminateCommand.Enabled with Players:
PlayerID: 76561198295801599 Name: Lo[x] Character: Lo[x] Ping: 62

TimerTerminateCommand.Enabled with Players:
PlayerID: 76561198366549870 Name: Expert13372284200 Character: Expert1337 Ping: 140
PlayerID: 76561198176817369 Name: ?. Character: GlodiS Ping: 78
PlayerID: 76561198292543416 Name: Mr_GiladKing Character: GamerYT Ping: 58
PlayerID: 76561198324996335 Name: Mуждей щи Мамалыга Character: []Max[] Ping: 101
PlayerID: 76561198371041527 Name: ¦_s1mple_¦ Character: miguelhormat Ping: 50

END with Players:
[World] данил [PeR4IK]: "нет"

Client has executed command "players"

TimerTerminateCommand.Enabled with Players:
Players:
PlayerID: 76561198200101595 Name: Deus vult Character: Nevalyasha4 Ping: 121
PlayerID: 76561198391121800 Name: Джеимс Вурхиз Character: Джеимс Вурхиз Ping: 50
PlayerID: 76561198303283372 Name: PeR4IK Character: данил Ping: 82
PlayerID: 76561198295801599 Name: Lo[x] Character: Lo[x] Ping: 54
PlayerID: 76561198366549870 Name: Expert13372284200 Character: Expert1337 Ping: 140
PlayerID: 76561198176817369 Name: ?. Character: GlodiS Ping: 62
PlayerID: 76561198292543416 Name: Mr_GiladKing Character: GamerYT Ping: 50
PlayerID: 76561198324996335 Name: Mуждей щи Мамалыга Character: []Max[] Ping: 89
PlayerID: 76561198371041527 Name: ¦_s1mple_¦ Character: miguelhormat Ping: 39

END with Players:
[Area] miguelhormat [¦_s1mple_¦]: "я пошол  выложу вещи"

Client has executed command "players"

TimerTerminateCommand.Enabled with Players:
Players:
PlayerID: 76561198200101595 Name: Deus vult Character: Nevalyasha4 Ping: 121
PlayerID: 76561198391121800 Name: Джеимс Вурхиз Character: Джеимс Вурхиз Ping: 58
PlayerID: 76561198303283372 Name: PeR4IK Character: данил Ping: 93
PlayerID: 76561198295801599 Name: Lo[x] Character: Lo[x] Ping: 58
PlayerID: 76561198366549870 Name: Expert13372284200 Character: Expert1337 Ping: 144
PlayerID: 76561198176817369 Name: ?. Character: GlodiS Ping: 66
PlayerID: 76561198292543416 Name: Mr_GiladKing Character: GamerYT Ping: 50
PlayerID: 76561198324996335 Name: Mуждей щи Мамалыга Character: []Max[] Ping: 82
PlayerID: 76561198371041527 Name: ¦_s1mple_¦ Character: miguelhormat Ping: 35

END with Players:
Connecting: PlayerID: 76561198269033799 Name: Genadi_Gena Character: Шалунтик2000

Connecting: PlayerID: 76561198356323691 Name: Alex Vine Character: alex

Client has executed command "players"

TimerTerminateCommand.Enabled with Players:
Players:
PlayerID: 76561198200101595 Name: Deus vult Character: Nevalyasha4 Ping: 125
PlayerID: 76561198391121800 Name: Джеимс Вурхиз Character: Джеимс Вурхиз Ping: 54
PlayerID: 76561198303283372 Name: PeR4IK Character: данил Ping: 101
PlayerID: 76561198295801599 Name: Lo[x] Character: Lo[x] Ping: 58
PlayerID: 76561198366549870 Name: Expert13372284200 Character: Expert1337 Ping: 144
PlayerID: 76561198176817369 Name: ?. Character: GlodiS Ping: 74
PlayerID: 76561198292543416 Name: Mr_GiladKing Character: GamerYT Ping: 50
PlayerID: 76561198324996335 Name: Mуждей щи Мамалыга Character: []Max[] Ping: 82
PlayerID: 76561198371041527 Name: ¦_s1mple_¦ Character: miguelhormat Ping: 39
PlayerID: 76561198269033799 Name: Genadi_Gena Character: Шалунтик2000 Ping: 89
PlayerID: 76561198356323691 Name: Alex Vine Character: alex Ping: 238

END with Players:
[World] Nevalyasha4 [Deus vult]: "У кого есть попить и поесть?"

Client has executed command "players"

TimerTerminateCommand.Enabled with Players:
Players:
PlayerID: 76561198200101595 Name: Deus vult Character: Nevalyasha4 Ping: 121
PlayerID: 76561198391121800 Name: Джеимс Вурхиз Character: Джеимс Вурхиз Ping: 46
PlayerID: 76561198303283372 Name: PeR4IK Character: данил Ping: 136
PlayerID: 76561198295801599 Name: Lo[x] Character: Lo[x] Ping: 58
PlayerID: 76561198366549870 Name: Expert13372284200 Character: Expert1337 Ping: 140
PlayerID: 76561198176817369 Name: ?. Character: GlodiS Ping: 70
PlayerID: 76561198292543416 Name: Mr_GiladKing Character: GamerYT Ping: 66
PlayerID: 76561198324996335 Name: Mуждей щи Мамалыга Character: []Max[] Ping: 82
PlayerID: 76561198371041527 Name: ¦_s1mple_¦ Character: miguelhormat Ping: 50
PlayerID: 76561198269033799 Name: Genadi_Gena Character: Шалунтик2000 Ping: 78
PlayerID: 76561198356323691 Name: Alex Vine Character: alex Ping: 167

END with Players:
[World] Expert1337 [Expert13372284200]: "e vtyz"

[World] Expert1337 [Expert13372284200]: "у меня"

[World] Nevalyasha4 [Deus vult]: "А ты где?"

Client has executed command "players"

TimerTerminateCommand.Enabled with Players:
Players:
PlayerID: 76561198200101595 Name: Deus vult Character: Nevalyasha4 Ping: 113
PlayerID: 76561198391121800 Name: Джеимс Вурхиз Character: Джеимс Вурхиз Ping: 66
PlayerID: 76561198303283372 Name: PeR4IK Character: данил Ping: 117
PlayerID: 76561198295801599 Name: Lo[x] Character: Lo[x] Ping: 66
PlayerID: 76561198366549870 Name: Expert13372284200 Character: Expert1337 Ping: 144
PlayerID: 76561198176817369 Name: ?. Character: GlodiS Ping: 78
PlayerID: 76561198292543416 Name: Mr_GiladKing Character: GamerYT Ping: 66
PlayerID: 76561198324996335 Name: Mуждей щи Мамалыга Character: []Max[] Ping: 85
PlayerID: 76561198371041527 Name: ¦_s1mple_¦ Character: miguelhormat Ping: 54
PlayerID: 76561198269033799 Name: Genadi_Gena Character: Шалунтик2000 Ping: 82
PlayerID: 76561198356323691 Name: Alex Vine Character: alex Ping: 82

TimerTerminateCommand.Enabled with Players:
[World] Expert1337 [Expert13372284200]: "тп"

END with Players:
[World] Nevalyasha4 [Deus vult]: "/tpa expert"

[World] Expert1337 [Expert13372284200]: "/tpa a"

[World] Nevalyasha4 [Deus vult]: "я на военку иду"

Не обработано: MessageAnnouncer >> Broadcast: Наберите /kit start, чтобы получить стартовый набор (еда, вода, топор)
MessageAnnouncer >> Broadcast: Наберите /kit start, чтобы получить стартовый набор (еда, вода, топор)

Не обработано: MessageAnnouncer >> Наберите /kit start, чтобы получить стартовый набор (еда, вода, топор)
MessageAnnouncer >> Наберите /kit start, чтобы получить стартовый набор (еда, вода, топор)

Client has executed command "players"

TimerTerminateCommand.Enabled with Players:
Players:
PlayerID: 76561198200101595 Name: Deus vult Character: Nevalyasha4 Ping: 109
PlayerID: 76561198391121800 Name: Джеимс Вурхиз Character: Джеимс Вурхиз Ping: 54
PlayerID: 76561198303283372 Name: PeR4IK Character: данил Ping: 113
PlayerID: 76561198295801599 Name: Lo[x] Character: Lo[x] Ping: 58
PlayerID: 76561198366549870 Name: Expert13372284200 Character: Expert1337 Ping: 144
PlayerID: 76561198176817369 Name: ?. Character: GlodiS Ping: 66
PlayerID: 76561198292543416 Name: Mr_GiladKing Character: GamerYT Ping: 58
PlayerID: 76561198324996335 Name: Mуждей щи Мамалыга Character: []Max[] Ping: 82
PlayerID: 76561198371041527 Name: ¦_s1mple_¦ Character: miguelhormat Ping: 46
PlayerID: 76561198269033799 Name: Genadi_Gena Character: Шалунтик2000 Ping: 74
PlayerID: 76561198356323691 Name: Alex Vine Character: alex Ping: 78

END with Players:
Не обработано: DeathMessagesRemastered >> Broadcast: Шалунтик2000 has bled to death!
DeathMessagesRemastered >> Broadcast: Шалунтик2000 has bled to death!

Не обработано: Шалунтик2000 [Genadi_Gena] bled to death!
Шалунтик2000 [Genadi_Gena] bled to death!

Client has executed command "players"

TimerTerminateCommand.Enabled with Players:
Players:
PlayerID: 76561198200101595 Name: Deus vult Character: Nevalyasha4 Ping: 109
PlayerID: 76561198391121800 Name: Джеимс Вурхиз Character: Джеимс Вурхиз Ping: 58
PlayerID: 76561198303283372 Name: PeR4IK Character: данил Ping: 238
PlayerID: 76561198295801599 Name: Lo[x] Character: Lo[x] Ping: 58
PlayerID: 76561198366549870 Name: Expert13372284200 Character: Expert1337 Ping: 148
PlayerID: 76561198176817369 Name: ?. Character: GlodiS Ping: 74
PlayerID: 76561198292543416 Name: Mr_GiladKing Character: GamerYT Ping: 66
PlayerID: 76561198324996335 Name: Mуждей щи Мамалыга Character: []Max[] Ping: 78
PlayerID: 76561198371041527 Name: ¦_s1mple_¦ Character: miguelhormat Ping: 54
PlayerID: 76561198269033799 Name: Genadi_Gena Character: Шалунтик2000 Ping: 78
PlayerID: 76561198356323691 Name: Alex Vine Character: alex Ping: 105

END with Players:
[World] Шалунтик2000 [Genadi_Gena]: "/kit start"

[World] alex [Alex Vine]: "/tpa Genadi_Gena"

Client has executed command "players"

TimerTerminateCommand.Enabled with Players:
Players:
PlayerID: 76561198200101595 Name: Deus vult Character: Nevalyasha4 Ping: 117
PlayerID: 76561198391121800 Name: Джеимс Вурхиз Character: Джеимс Вурхиз Ping: 50
PlayerID: 76561198303283372 Name: PeR4IK Character: данил Ping: 74
PlayerID: 76561198295801599 Name: Lo[x] Character: Lo[x] Ping: 54
PlayerID: 76561198366549870 Name: Expert13372284200 Character: Expert1337 Ping: 144
PlayerID: 76561198176817369 Name: ?. Character: GlodiS Ping: 85
PlayerID: 76561198292543416 Name: Mr_GiladKing Character: GamerYT Ping: 66
PlayerID: 76561198324996335 Name: Mуждей щи Мамалыга Character: []Max[] Ping: 89
PlayerID: 76561198371041527 Name: ¦_s1mple_¦ Character: miguelhormat Ping: 50
PlayerID: 76561198269033799 Name: Genadi_Gena Character: Шалунтик2000 Ping: 85
PlayerID: 76561198356323691 Name: Alex Vine Character: alex Ping: 89

END with Players:
[World] Шалунтик2000 [Genadi_Gena]: "/tpa accept"

Client has executed command "players"

TimerTerminateCommand.Enabled with Players:
Players:
PlayerID: 76561198200101595 Name: Deus vult Character: Nevalyasha4 Ping: 117
PlayerID: 76561198391121800 Name: Джеимс Вурхиз Character: Джеимс Вурхиз Ping: 54
PlayerID: 76561198303283372 Name: PeR4IK Character: данил Ping: 78
PlayerID: 76561198295801599 Name: Lo[x] Character: Lo[x] Ping: 50
PlayerID: 76561198366549870 Name: Expert13372284200 Character: Expert1337 Ping: 167
PlayerID: 76561198176817369 Name: ?. Character: GlodiS Ping: 66
PlayerID: 76561198292543416 Name: Mr_GiladKing Character: GamerYT Ping: 54
PlayerID: 76561198324996335 Name: Mуждей щи Мамалыга Character: []Max[] Ping: 85
PlayerID: 76561198371041527 Name: ¦_s1mple_¦ Character: miguelhormat Ping: 50
PlayerID: 76561198269033799 Name: Genadi_Gena Character: Шалунтик2000 Ping: 74
PlayerID: 76561198356323691 Name: Alex Vine Character: alex Ping: 89

TimerTerminateCommand.Enabled with Players:
[Area] GlodiS [?.]: "/tpa lo[x]"

TimerTerminateCommand.Enabled with Players:
Connecting: PlayerID: 76561198177243258 Name: garfield2016 Character: rubi

TimerTerminateCommand.Enabled with Players:
[World] данил [PeR4IK]: "дай гарелку"

TimerTerminateCommand.Enabled with Players:
[Area] GlodiS [?.]: "/kit help"

END with Players:
Client has executed command "players"

TimerTerminateCommand.Enabled with Players:
Players:
PlayerID: 76561198200101595 Name: Deus vult Character: Nevalyasha4 Ping: 121
PlayerID: 76561198391121800 Name: Джеимс Вурхиз Character: Джеимс Вурхиз Ping: 58
PlayerID: 76561198303283372 Name: PeR4IK Character: данил Ping: 105
PlayerID: 76561198295801599 Name: Lo[x] Character: Lo[x] Ping: 62
PlayerID: 76561198366549870 Name: Expert13372284200 Character: Expert1337 Ping: 140
PlayerID: 76561198176817369 Name: ?. Character: GlodiS Ping: 78
PlayerID: 76561198292543416 Name: Mr_GiladKing Character: GamerYT Ping: 66
PlayerID: 76561198324996335 Name: Mуждей щи Мамалыга Character: []Max[] Ping: 89
PlayerID: 76561198371041527 Name: ¦_s1mple_¦ Character: miguelhormat Ping: 54
PlayerID: 76561198269033799 Name: Genadi_Gena Character: Шалунтик2000 Ping: 78
PlayerID: 76561198356323691 Name: Alex Vine Character: alex Ping: 109
PlayerID: 76561198177243258 Name: garfield2016 Character: rubi Ping: 82

END with Players:
[World] Lo[x] [Lo[x]]: "/tpa accept"

[World] alex [Alex Vine]: "/kit start"

Client has executed command "players"

TimerTerminateCommand.Enabled with Players:
Players:
PlayerID: 76561198200101595 Name: Deus vult Character: Nevalyasha4 Ping: 105
PlayerID: 76561198391121800 Name: Джеимс Вурхиз Character: Джеимс Вурхиз Ping: 42
PlayerID: 76561198303283372 Name: PeR4IK Character: данил Ping: 78
PlayerID: 76561198295801599 Name: Lo[x] Character: Lo[x] Ping: 62
PlayerID: 76561198366549870 Name: Expert13372284200 Character: Expert1337 Ping: 136
PlayerID: 76561198176817369 Name: ?. Character: GlodiS Ping: 85
PlayerID: 76561198292543416 Name: Mr_GiladKing Character: GamerYT Ping: 70
PlayerID: 76561198324996335 Name: Mуждей щи Мамалыга Character: []Max[] Ping: 82
PlayerID: 76561198371041527 Name: ¦_s1mple_¦ Character: miguelhormat Ping: 39
PlayerID: 76561198269033799 Name: Genadi_Gena Character: Шалунтик2000 Ping: 74
PlayerID: 76561198356323691 Name: Alex Vine Character: alex Ping: 82
PlayerID: 76561198177243258 Name: garfield2016 Character: rubi Ping: 93

END with Players:
[World] данил [PeR4IK]: "дай"

Не обработано: MessageAnnouncer >> Broadcast: Внимание! PvP-режим по субботам! PvP-режим!!!
MessageAnnouncer >> Broadcast: Внимание! PvP-режим по субботам! PvP-режим!!!

Не обработано: MessageAnnouncer >> Внимание! PvP-режим по субботам! PvP-режим!!!
MessageAnnouncer >> Внимание! PvP-режим по субботам! PvP-режим!!!

Client has executed command "players"

TimerTerminateCommand.Enabled with Players:
Players:
PlayerID: 76561198200101595 Name: Deus vult Character: Nevalyasha4 Ping: 109
PlayerID: 76561198391121800 Name: Джеимс Вурхиз Character: Джеимс Вурхиз Ping: 54
PlayerID: 76561198303283372 Name: PeR4IK Character: данил Ping: 78
PlayerID: 76561198295801599 Name: Lo[x] Character: Lo[x] Ping: 58
PlayerID: 76561198366549870 Name: Expert13372284200 Character: Expert1337 Ping: 160
PlayerID: 76561198176817369 Name: ?. Character: GlodiS Ping: 85
PlayerID: 76561198292543416 Name: Mr_GiladKing Character: GamerYT Ping: 54
PlayerID: 76561198324996335 Name: Mуждей щи Мамалыга Character: []Max[] Ping: 101
PlayerID: 76561198371041527 Name: ¦_s1mple_¦ Character: miguelhormat Ping: 46
PlayerID: 76561198269033799 Name: Genadi_Gena Character: Шалунтик2000 Ping: 82
PlayerID: 76561198356323691 Name: Alex Vine Character: alex Ping: 97
PlayerID: 76561198177243258 Name: garfield2016 Character: rubi Ping: 101

END with Players:
Disconnecting: PlayerID: 76561198371041527 Name: ¦_s1mple_¦ Character: miguelhormat

Client has executed command "players"

TimerTerminateCommand.Enabled with Players:
Players:
PlayerID: 76561198200101595 Name: Deus vult Character: Nevalyasha4 Ping: 101
PlayerID: 76561198391121800 Name: Джеимс Вурхиз Character: Джеимс Вурхиз Ping: 50
PlayerID: 76561198303283372 Name: PeR4IK Character: данил Ping: 93
PlayerID: 76561198295801599 Name: Lo[x] Character: Lo[x] Ping: 46
PlayerID: 76561198366549870 Name: Expert13372284200 Character: Expert1337 Ping: 128
PlayerID: 76561198176817369 Name: ?. Character: GlodiS Ping: 70
PlayerID: 76561198292543416 Name: Mr_GiladKing Character: GamerYT Ping: 50
PlayerID: 76561198324996335 Name: Mуждей щи Мамалыга Character: []Max[] Ping: 105
PlayerID: 76561198269033799 Name: Genadi_Gena Character: Шалунтик2000 Ping: 74
PlayerID: 76561198356323691 Name: Alex Vine Character: alex Ping: 46
PlayerID: 76561198177243258 Name: garfield2016 Character: rubi Ping: 78

END with Players:
Client has executed command "players"

TimerTerminateCommand.Enabled with Players:
Players:
PlayerID: 76561198200101595 Name: Deus vult Character: Nevalyasha4 Ping: 117
PlayerID: 76561198391121800 Name: Джеимс Вурхиз Character: Джеимс Вурхиз Ping: 50
PlayerID: 76561198303283372 Name: PeR4IK Character: данил Ping: 85
PlayerID: 76561198295801599 Name: Lo[x] Character: Lo[x] Ping: 50
PlayerID: 76561198366549870 Name: Expert13372284200 Character: Expert1337 Ping: 148
PlayerID: 76561198176817369 Name: ?. Character: GlodiS Ping: 70
PlayerID: 76561198292543416 Name: Mr_GiladKing Character: GamerYT Ping: 66
PlayerID: 76561198324996335 Name: Mуждей щи Мамалыга Character: []Max[] Ping: 97
PlayerID: 76561198269033799 Name: Genadi_Gena Character: Шалунтик2000 Ping: 78
PlayerID: 76561198356323691 Name: Alex Vine Character: alex Ping: 105
PlayerID: 76561198177243258 Name: garfield2016 Character: rubi Ping: 82

END with Players:
[World] данил [PeR4IK]: "у тебя матамарез есть"

Client has executed command "players"

TimerTerminateCommand.Enabled with Players:
Players:
PlayerID: 76561198200101595 Name: Deus vult Character: Nevalyasha4 Ping: 113
PlayerID: 76561198391121800 Name: Джеимс Вурхиз Character: Джеимс Вурхиз Ping: 50
PlayerID: 76561198303283372 Name: PeR4IK Character: данил Ping: 97
PlayerID: 76561198295801599 Name: Lo[x] Character: Lo[x] Ping: 62
PlayerID: 76561198366549870 Name: Expert13372284200 Character: Expert1337 Ping: 140
PlayerID: 76561198176817369 Name: ?. Character: GlodiS Ping: 78
PlayerID: 76561198292543416 Name: Mr_GiladKing Character: GamerYT Ping: 62
PlayerID: 76561198324996335 Name: Mуждей щи Мамалыга Character: []Max[] Ping: 89
PlayerID: 76561198269033799 Name: Genadi_Gena Character: Шалунтик2000 Ping: 78
PlayerID: 76561198356323691 Name: Alex Vine Character: alex Ping: 109
PlayerID: 76561198177243258 Name: garfield2016 Character: rubi Ping: 89

TimerTerminateCommand.Enabled with Players:
[World] данил [PeR4IK]: "у меня матроны есть"

END with Players:
[World] данил [PeR4IK]: "неси его"

[World] данил [PeR4IK]: "а го зарейдим"

Client has executed command "players"

TimerTerminateCommand.Enabled with Players:
Players:
PlayerID: 76561198200101595 Name: Deus vult Character: Nevalyasha4 Ping: 121
PlayerID: 76561198391121800 Name: Джеимс Вурхиз Character: Джеимс Вурхиз Ping: 54
PlayerID: 76561198303283372 Name: PeR4IK Character: данил Ping: 74
PlayerID: 76561198295801599 Name: Lo[x] Character: Lo[x] Ping: 66
PlayerID: 76561198366549870 Name: Expert13372284200 Character: Expert1337 Ping: 140
PlayerID: 76561198176817369 Name: ?. Character: GlodiS Ping: 74
PlayerID: 76561198292543416 Name: Mr_GiladKing Character: GamerYT Ping: 78
PlayerID: 76561198324996335 Name: Mуждей щи Мамалыга Character: []Max[] Ping: 113
PlayerID: 76561198269033799 Name: Genadi_Gena Character: Шалунтик2000 Ping: 78
PlayerID: 76561198356323691 Name: Alex Vine Character: alex Ping: 97
PlayerID: 76561198177243258 Name: garfield2016 Character: rubi Ping: 82

END with Players:
[World] данил [PeR4IK]: "зареди"

Не обработано: DeathMessagesRemastered >> Broadcast: alex has bled to death!
DeathMessagesRemastered >> Broadcast: alex has bled to death!

Не обработано: alex [Alex Vine] bled to death!
alex [Alex Vine] bled to death!

[World] данил [PeR4IK]: "всё го рейд"

Client has executed command "players"

TimerTerminateCommand.Enabled with Players:
Players:
PlayerID: 76561198200101595 Name: Deus vult Character: Nevalyasha4 Ping: 113
PlayerID: 76561198391121800 Name: Джеимс Вурхиз Character: Джеимс Вурхиз Ping: 54
PlayerID: 76561198303283372 Name: PeR4IK Character: данил Ping: 101
PlayerID: 76561198295801599 Name: Lo[x] Character: Lo[x] Ping: 54
PlayerID: 76561198366549870 Name: Expert13372284200 Character: Expert1337 Ping: 148
PlayerID: 76561198176817369 Name: ?. Character: GlodiS Ping: 82
PlayerID: 76561198292543416 Name: Mr_GiladKing Character: GamerYT Ping: 54
PlayerID: 76561198324996335 Name: Mуждей щи Мамалыга Character: []Max[] Ping: 97
PlayerID: 76561198269033799 Name: Genadi_Gena Character: Шалунтик2000 Ping: 82
PlayerID: 76561198356323691 Name: Alex Vine Character: alex Ping: 257
PlayerID: 76561198177243258 Name: garfield2016 Character: rubi Ping: 89

END with Players:
Не обработано: DeathMessagesRemastered >> Broadcast: []Max[] has been mauled by a zombie! 
DeathMessagesRemastered >> Broadcast: []Max[] has been mauled by a zombie! 

Не обработано: []Max[] [Mуждей щи Мамалыга] was mauled by a zombie!
[]Max[] [Mуждей щи Мамалыга] was mauled by a zombie!

[World] alex [Alex Vine]: "/tpa Genadi_Gena"

[World] Nevalyasha4 [Deus vult]: "Что вы собираетесь там делать?"

Не обработано: MessageAnnouncer >> Broadcast: vk.com/unturned_hgm - группа сервера ВК, уникальный кит в записи!
MessageAnnouncer >> Broadcast: vk.com/unturned_hgm - группа сервера ВК, уникальный кит в записи!

Не обработано: MessageAnnouncer >> vk.com/unturned_hgm - группа сервера ВК, уникальный кит в записи!
MessageAnnouncer >> vk.com/unturned_hgm - группа сервера ВК, уникальный кит в записи!

TimerTerminateCommand.Enabled with Players:
Client has executed command "players"
Players:
PlayerID: 76561198200101595 Name: Deus vult Character: Nevalyasha4 Ping: 109
PlayerID: 76561198391121800 Name: Джеимс Вурхиз Character: Джеимс Вурхиз Ping: 54
PlayerID: 76561198303283372 Name: PeR4IK Character: данил Ping: 82
PlayerID: 76561198295801599 Name: Lo[x] Character: Lo[x] Ping: 54
PlayerID: 76561198366549870 Name: Expert13372284200 Character: Expert1337 Ping: 140
PlayerID: 76561198176817369 Name: ?. Character: GlodiS Ping: 74
PlayerID: 76561198292543416 Name: Mr_GiladKing Character: GamerYT Ping: 58
PlayerID: 76561198324996335 Name: Mуждей щи Мамалыга Character: []Max[] Ping: 85
PlayerID: 76561198269033799 Name: Genadi_Gena Character: Шалунтик2000 Ping: 82
PlayerID: 76561198356323691 Name: Alex Vine Character: alex Ping: 66
PlayerID: 76561198177243258 Name: garfield2016 Character: rubi Ping: 93

END with Players:
Не обработано: DeathMessagesRemastered >> Broadcast: Шалунтик2000 has bled to death!
DeathMessagesRemastered >> Broadcast: Шалунтик2000 has bled to death!

Не обработано: Шалунтик2000 [Genadi_Gena] bled to death!
Шалунтик2000 [Genadi_Gena] bled to death!

Не обработано: VehicleEvents >> Broadcast: Брошенный квадроцикл в Olympia Military Base! Найди его и он твой!
VehicleEvents >> Broadcast: Брошенный квадроцикл в Olympia Military Base! Найди его и он твой!

Client has executed command "players"

TimerTerminateCommand.Enabled with Players:
Players:
PlayerID: 76561198200101595 Name: Deus vult Character: Nevalyasha4 Ping: 109
PlayerID: 76561198391121800 Name: Джеимс Вурхиз Character: Джеимс Вурхиз Ping: 50
PlayerID: 76561198303283372 Name: PeR4IK Character: данил Ping: 101
PlayerID: 76561198295801599 Name: Lo[x] Character: Lo[x] Ping: 58
PlayerID: 76561198366549870 Name: Expert13372284200 Character: Expert1337 Ping: 136
PlayerID: 76561198176817369 Name: ?. Character: GlodiS Ping: 74
PlayerID: 76561198292543416 Name: Mr_GiladKing Character: GamerYT Ping: 66
PlayerID: 76561198324996335 Name: Mуждей щи Мамалыга Character: []Max[] Ping: 82
PlayerID: 76561198269033799 Name: Genadi_Gena Character: Шалунтик2000 Ping: 82
PlayerID: 76561198356323691 Name: Alex Vine Character: alex Ping: 82
PlayerID: 76561198177243258 Name: garfield2016 Character: rubi Ping: 97

END with Players:
Client has executed command "players"

TimerTerminateCommand.Enabled with Players:
Players:
PlayerID: 76561198200101595 Name: Deus vult Character: Nevalyasha4 Ping: 117
PlayerID: 76561198391121800 Name: Джеимс Вурхиз Character: Джеимс Вурхиз Ping: 62
PlayerID: 76561198303283372 Name: PeR4IK Character: данил Ping: 97
PlayerID: 76561198295801599 Name: Lo[x] Character: Lo[x] Ping: 62
PlayerID: 76561198366549870 Name: Expert13372284200 Character: Expert1337 Ping: 144
PlayerID: 76561198176817369 Name: ?. Character: GlodiS Ping: 85
PlayerID: 76561198292543416 Name: Mr_GiladKing Character: GamerYT Ping: 62
PlayerID: 76561198324996335 Name: Mуждей щи Мамалыга Character: []Max[] Ping: 93
PlayerID: 76561198269033799 Name: Genadi_Gena Character: Шалунтик2000 Ping: 85
PlayerID: 76561198356323691 Name: Alex Vine Character: alex Ping: 85
PlayerID: 76561198177243258 Name: garfield2016 Character: rubi Ping: 101

END with Players:
Client has executed command "players"

TimerTerminateCommand.Enabled with Players:
Players:
PlayerID: 76561198200101595 Name: Deus vult Character: Nevalyasha4 Ping: 121
PlayerID: 76561198391121800 Name: Джеимс Вурхиз Character: Джеимс Вурхиз Ping: 58
PlayerID: 76561198303283372 Name: PeR4IK Character: данил Ping: 93
PlayerID: 76561198295801599 Name: Lo[x] Character: Lo[x] Ping: 62
PlayerID: 76561198366549870 Name: Expert13372284200 Character: Expert1337 Ping: 175
PlayerID: 76561198176817369 Name: ?. Character: GlodiS Ping: 58
PlayerID: 76561198292543416 Name: Mr_GiladKing Character: GamerYT Ping: 82
PlayerID: 76561198324996335 Name: Mуждей щи Мамалыга Character: []Max[] Ping: 85
PlayerID: 76561198269033799 Name: Genadi_Gena Character: Шалунтик2000 Ping: 82
PlayerID: 76561198356323691 Name: Alex Vine Character: alex Ping: 105

TimerTerminateCommand.Enabled with Players:
PlayerID: 76561198177243258 Name: garfield2016 Character: rubi Ping: 85

END with Players:
Client has executed command "players"

TimerTerminateCommand.Enabled with Players:
Players:
PlayerID: 76561198200101595 Name: Deus vult Character: Nevalyasha4 Ping: 109
PlayerID: 76561198391121800 Name: Джеимс Вурхиз Character: Джеимс Вурхиз Ping: 54
PlayerID: 76561198303283372 Name: PeR4IK Character: данил Ping: 105
PlayerID: 76561198295801599 Name: Lo[x] Character: Lo[x] Ping: 54
PlayerID: 76561198366549870 Name: Expert13372284200 Character: Expert1337 Ping: 144
PlayerID: 76561198176817369 Name: ?. Character: GlodiS Ping: 58
PlayerID: 76561198292543416 Name: Mr_GiladKing Character: GamerYT Ping: 54
PlayerID: 76561198324996335 Name: Mуждей щи Мамалыга Character: []Max[] Ping: 101
PlayerID: 76561198269033799 Name: Genadi_Gena Character: Шалунтик2000 Ping: 82
PlayerID: 76561198356323691 Name: Alex Vine Character: alex Ping: 74
PlayerID: 76561198177243258 Name: garfield2016 Character: rubi Ping: 85

END with Players:
[World] Nevalyasha4 [Deus vult]: "/home"

Не обработано: Nevalyasha4 moved x:-957.4163 y:76.15571(+37.67839) z:902.3574 in the last second (0.2379227)
Nevalyasha4 moved x:-957.4163 y:76.15571(+37.67839) z:902.3574 in the last second (0.2379227)

Client has executed command "players"

TimerTerminateCommand.Enabled with Players:
Players:
PlayerID: 76561198200101595 Name: Deus vult Character: Nevalyasha4 Ping: 113
PlayerID: 76561198391121800 Name: Джеимс Вурхиз Character: Джеимс Вурхиз Ping: 54
PlayerID: 76561198303283372 Name: PeR4IK Character: данил Ping: 89
PlayerID: 76561198295801599 Name: Lo[x] Character: Lo[x] Ping: 62
PlayerID: 76561198366549870 Name: Expert13372284200 Character: Expert1337 Ping: 160
PlayerID: 76561198176817369 Name: ?. Character: GlodiS Ping: 62
PlayerID: 76561198292543416 Name: Mr_GiladKing Character: GamerYT Ping: 66
PlayerID: 76561198324996335 Name: Mуждей щи Мамалыга Character: []Max[] Ping: 82
PlayerID: 76561198269033799 Name: Genadi_Gena Character: Шалунтик2000 Ping: 78
PlayerID: 76561198356323691 Name: Alex Vine Character: alex Ping: 101
PlayerID: 76561198177243258 Name: garfield2016 Character: rubi Ping: 82

END with Players:
Не обработано: DeathMessagesRemastered >> Broadcast: alex has been mauled by a zombie! 
DeathMessagesRemastered >> Broadcast: alex has been mauled by a zombie! 

Не обработано: alex [Alex Vine] was mauled by a zombie!
alex [Alex Vine] was mauled by a zombie!

Не обработано: MessageAnnouncer >> Broadcast: Наберите /kit help, чтобы получить первую мед. помощь (бинты, таблетки, еда)
MessageAnnouncer >> Broadcast: Наберите /kit help, чтобы получить первую мед. помощь (бинты, таблетки, еда)

Не обработано: MessageAnnouncer >> Наберите /kit help, чтобы получить первую мед. помощь (бинты, таблетки, еда)
MessageAnnouncer >> Наберите /kit help, чтобы получить первую мед. помощь (бинты, таблетки, еда)

Client has executed command "players"

TimerTerminateCommand.Enabled with Players:
Players:
PlayerID: 76561198200101595 Name: Deus vult Character: Nevalyasha4 Ping: 105
PlayerID: 76561198391121800 Name: Джеимс Вурхиз Character: Джеимс Вурхиз Ping: 58
PlayerID: 76561198303283372 Name: PeR4IK Character: данил Ping: 93
PlayerID: 76561198295801599 Name: Lo[x] Character: Lo[x] Ping: 62
PlayerID: 76561198366549870 Name: Expert13372284200 Character: Expert1337 Ping: 152
PlayerID: 76561198176817369 Name: ?. Character: GlodiS Ping: 74
PlayerID: 76561198292543416 Name: Mr_GiladKing Character: GamerYT Ping: 58
PlayerID: 76561198324996335 Name: Mуждей щи Мамалыга Character: []Max[] Ping: 78
PlayerID: 76561198269033799 Name: Genadi_Gena Character: Шалунтик2000 Ping: 74
PlayerID: 76561198356323691 Name: Alex Vine Character: alex Ping: 70
PlayerID: 76561198177243258 Name: garfield2016 Character: rubi Ping: 78

TimerTerminateCommand.Enabled with Players:
[World] Expert1337 [Expert13372284200]: "/home"

Не обработано: Expert1337 moved x:-686.4483 y:74.59423(+33.84458) z:-616.3519 in the last second (0.09999847)
TimerTerminateCommand.Enabled with Players:
Expert1337 moved x:-686.4483 y:74.59423(+33.84458) z:-616.3519 in the last second (0.09999847)

END with Players:
[World] alex [Alex Vine]: "/tpa Genadi_Gena"

[World] данил [PeR4IK]: "у кого есть милитари коробки"

Client has executed command "players"

TimerTerminateCommand.Enabled with Players:
Players:
PlayerID: 76561198200101595 Name: Deus vult Character: Nevalyasha4 Ping: 113
PlayerID: 76561198391121800 Name: Джеимс Вурхиз Character: Джеимс Вурхиз Ping: 58
PlayerID: 76561198303283372 Name: PeR4IK Character: данил Ping: 85
PlayerID: 76561198295801599 Name: Lo[x] Character: Lo[x] Ping: 66
PlayerID: 76561198366549870 Name: Expert13372284200 Character: Expert1337 Ping: 136
PlayerID: 76561198176817369 Name: ?. Character: GlodiS Ping: 74
PlayerID: 76561198292543416 Name: Mr_GiladKing Character: GamerYT Ping: 62
PlayerID: 76561198324996335 Name: Mуждей щи Мамалыга Character: []Max[] Ping: 78
PlayerID: 76561198269033799 Name: Genadi_Gena Character: Шалунтик2000 Ping: 78
PlayerID: 76561198356323691 Name: Alex Vine Character: alex Ping: 66
PlayerID: 76561198177243258 Name: garfield2016 Character: rubi Ping: 82

TimerTerminateCommand.Enabled with Players:
[World] Шалунтик2000 [Genadi_Gena]: "/tpa accept"

END with Players:
[World] данил [PeR4IK]: "у кого"

Client has executed command "players"

TimerTerminateCommand.Enabled with Players:
Players:
PlayerID: 76561198200101595 Name: Deus vult Character: Nevalyasha4 Ping: 105
PlayerID: 76561198391121800 Name: Джеимс Вурхиз Character: Джеимс Вурхиз Ping: 62
PlayerID: 76561198303283372 Name: PeR4IK Character: данил Ping: 85
PlayerID: 76561198295801599 Name: Lo[x] Character: Lo[x] Ping: 50
PlayerID: 76561198366549870 Name: Expert13372284200 Character: Expert1337 Ping: 132
PlayerID: 76561198176817369 Name: ?. Character: GlodiS Ping: 78
PlayerID: 76561198292543416 Name: Mr_GiladKing Character: GamerYT Ping: 50
PlayerID: 76561198324996335 Name: Mуждей щи Мамалыга Character: []Max[] Ping: 97
PlayerID: 76561198269033799 Name: Genadi_Gena Character: Шалунтик2000 Ping: 78
PlayerID: 76561198356323691 Name: Alex Vine Character: alex Ping: 121
PlayerID: 76561198177243258 Name: garfield2016 Character: rubi Ping: 85

END with Players:
[World] данил [PeR4IK]: "дам эмку"

Не обработано: DeathMessagesRemastered >> Broadcast: Lo[x] has bled to death!
DeathMessagesRemastered >> Broadcast: Lo[x] has bled to death!

Не обработано: Lo[x] [Lo[x]] bled to death!
Lo[x] [Lo[x]] bled to death!

Client has executed command "players"

TimerTerminateCommand.Enabled with Players:
Players:
PlayerID: 76561198200101595 Name: Deus vult Character: Nevalyasha4 Ping: 125
PlayerID: 76561198391121800 Name: Джеимс Вурхиз Character: Джеимс Вурхиз Ping: 82
PlayerID: 76561198303283372 Name: PeR4IK Character: данил Ping: 125
PlayerID: 76561198295801599 Name: Lo[x] Character: Lo[x] Ping: 78
PlayerID: 76561198366549870 Name: Expert13372284200 Character: Expert1337 Ping: 164
PlayerID: 76561198176817369 Name: ?. Character: GlodiS Ping: 101
PlayerID: 76561198292543416 Name: Mr_GiladKing Character: GamerYT Ping: 82
PlayerID: 76561198324996335 Name: Mуждей щи Мамалыга Character: []Max[] Ping: 117
PlayerID: 76561198269033799 Name: Genadi_Gena Character: Шалунтик2000 Ping: 105
PlayerID: 76561198356323691 Name: Alex Vine Character: alex Ping: 101
PlayerID: 76561198177243258 Name: garfield2016 Character: rubi Ping: 93

END with Players:
[World] Lo[x] [Lo[x]]: "/tpa Glodis"

[Group] GlodiS [?.]: "/tpa accept"

[World] Nevalyasha4 [Deus vult]: "expert тп"

[World] Nevalyasha4 [Deus vult]: "ТП"

Client has executed command "players"

TimerTerminateCommand.Enabled with Players:
Players:
PlayerID: 76561198200101595 Name: Deus vult Character: Nevalyasha4 Ping: 113
PlayerID: 76561198391121800 Name: Джеимс Вурхиз Character: Джеимс Вурхиз Ping: 66
PlayerID: 76561198303283372 Name: PeR4IK Character: данил Ping: 105
PlayerID: 76561198295801599 Name: Lo[x] Character: Lo[x] Ping: 62
PlayerID: 76561198366549870 Name: Expert13372284200 Character: Expert1337 Ping: 152
PlayerID: 76561198176817369 Name: ?. Character: GlodiS Ping: 66
PlayerID: 76561198292543416 Name: Mr_GiladKing Character: GamerYT Ping: 66
PlayerID: 76561198324996335 Name: Mуждей щи Мамалыга Character: []Max[] Ping: 93
PlayerID: 76561198269033799 Name: Genadi_Gena Character: Шалунтик2000 Ping: 78
PlayerID: 76561198356323691 Name: Alex Vine Character: alex Ping: 74
PlayerID: 76561198177243258 Name: garfield2016 Character: rubi Ping: 78

TimerTerminateCommand.Enabled with Players:
[World] Nevalyasha4 [Deus vult]: "Я У ДРОПА"

END with Players:
[World] Expert1337 [Expert13372284200]: "/tpa ne"

[World] Nevalyasha4 [Deus vult]: "плиз"

[World] Nevalyasha4 [Deus vult]: "тп"

[World] Nevalyasha4 [Deus vult]: "/tpa a"

[World] данил [PeR4IK]: "/tpa nevaly"

Client has executed command "players"

TimerTerminateCommand.Enabled with Players:
Players:
PlayerID: 76561198200101595 Name: Deus vult Character: Nevalyasha4 Ping: 109
PlayerID: 76561198391121800 Name: Джеимс Вурхиз Character: Джеимс Вурхиз Ping: 58
PlayerID: 76561198303283372 Name: PeR4IK Character: данил Ping: 85
PlayerID: 76561198295801599 Name: Lo[x] Character: Lo[x] Ping: 62
PlayerID: 76561198366549870 Name: Expert13372284200 Character: Expert1337 Ping: 152
PlayerID: 76561198176817369 Name: ?. Character: GlodiS Ping: 70
PlayerID: 76561198292543416 Name: Mr_GiladKing Character: GamerYT Ping: 54
PlayerID: 76561198324996335 Name: Mуждей щи Мамалыга Character: []Max[] Ping: 82
PlayerID: 76561198269033799 Name: Genadi_Gena Character: Шалунтик2000 Ping: 78
PlayerID: 76561198356323691 Name: Alex Vine Character: alex Ping: 89
PlayerID: 76561198177243258 Name: garfield2016 Character: rubi Ping: 70

END with Players:
[World] данил [PeR4IK]: "/tpa expe"

Не обработано: MessageAnnouncer >> Broadcast: vk.com/unturned_hgm - цены на премиум, VIP и другие услуги смотрите в группе!
MessageAnnouncer >> Broadcast: vk.com/unturned_hgm - цены на премиум, VIP и другие услуги смотрите в группе!

Не обработано: MessageAnnouncer >> vk.com/unturned_hgm - цены на премиум, VIP и другие услуги смотрите в группе!
MessageAnnouncer >> vk.com/unturned_hgm - цены на премиум, VIP и другие услуги смотрите в группе!

[World] данил [PeR4IK]: "прими неваляшка"

Client has executed command "players"

TimerTerminateCommand.Enabled with Players:
Players:
PlayerID: 76561198200101595 Name: Deus vult Character: Nevalyasha4 Ping: 113
PlayerID: 76561198391121800 Name: Джеимс Вурхиз Character: Джеимс Вурхиз Ping: 50
PlayerID: 76561198303283372 Name: PeR4IK Character: данил Ping: 199
PlayerID: 76561198295801599 Name: Lo[x] Character: Lo[x] Ping: 50
PlayerID: 76561198366549870 Name: Expert13372284200 Character: Expert1337 Ping: 160
PlayerID: 76561198176817369 Name: ?. Character: GlodiS Ping: 74
PlayerID: 76561198292543416 Name: Mr_GiladKing Character: GamerYT Ping: 62
PlayerID: 76561198324996335 Name: Mуждей щи Мамалыга Character: []Max[] Ping: 97
PlayerID: 76561198269033799 Name: Genadi_Gena Character: Шалунтик2000 Ping: 74
PlayerID: 76561198356323691 Name: Alex Vine Character: alex Ping: 89
PlayerID: 76561198177243258 Name: garfield2016 Character: rubi Ping: 85

END with Players:
Не обработано: DeathMessagesRemastered >> Broadcast: Lo[x] has bled to death!
DeathMessagesRemastered >> Broadcast: Lo[x] has bled to death!

Не обработано: Lo[x] [Lo[x]] bled to death!
Lo[x] [Lo[x]] bled to death!

[World] данил [PeR4IK]: "неваляшка"

Client has executed command "players"

TimerTerminateCommand.Enabled with Players:
Players:
PlayerID: 76561198200101595 Name: Deus vult Character: Nevalyasha4 Ping: 113
PlayerID: 76561198391121800 Name: Джеимс Вурхиз Character: Джеимс Вурхиз Ping: 58
PlayerID: 76561198303283372 Name: PeR4IK Character: данил Ping: 93
PlayerID: 76561198295801599 Name: Lo[x] Character: Lo[x] Ping: 58
PlayerID: 76561198366549870 Name: Expert13372284200 Character: Expert1337 Ping: 160
PlayerID: 76561198176817369 Name: ?. Character: GlodiS Ping: 85
PlayerID: 76561198292543416 Name: Mr_GiladKing Character: GamerYT Ping: 54
PlayerID: 76561198324996335 Name: Mуждей щи Мамалыга Character: []Max[] Ping: 82
PlayerID: 76561198269033799 Name: Genadi_Gena Character: Шалунтик2000 Ping: 93
PlayerID: 76561198356323691 Name: Alex Vine Character: alex Ping: 82
PlayerID: 76561198177243258 Name: garfield2016 Character: rubi Ping: 74

TimerTerminateCommand.Enabled with Players:
[World] данил [PeR4IK]: "прими"

TimerTerminateCommand.Enabled with Players:
[World] Lo[x] [Lo[x]]: "/tpa Glodis"

END with Players:
Не обработано: DeathMessagesRemastered >> Broadcast: Шалунтик2000 has been mauled by a zombie! 
DeathMessagesRemastered >> Broadcast: Шалунтик2000 has been mauled by a zombie! 

Не обработано: Шалунтик2000 [Genadi_Gena] was mauled by a zombie!
Шалунтик2000 [Genadi_Gena] was mauled by a zombie!

[World] данил [PeR4IK]: "/tpa exper"

[World] Lo[x] [Lo[x]]: "/tpa Glodis"

[World] Expert1337 [Expert13372284200]: "/tpa a"

[World] данил [PeR4IK]: "40сек"

[World] Lo[x] [Lo[x]]: "/tpa GLodis"

Client has executed command "players"

TimerTerminateCommand.Enabled with Players:
Players:
PlayerID: 76561198200101595 Name: Deus vult Character: Nevalyasha4 Ping: 109
PlayerID: 76561198391121800 Name: Джеимс Вурхиз Character: Джеимс Вурхиз Ping: 54
PlayerID: 76561198303283372 Name: PeR4IK Character: данил Ping: 152
PlayerID: 76561198295801599 Name: Lo[x] Character: Lo[x] Ping: 62
PlayerID: 76561198366549870 Name: Expert13372284200 Character: Expert1337 Ping: 156
PlayerID: 76561198176817369 Name: ?. Character: GlodiS Ping: 82
PlayerID: 76561198292543416 Name: Mr_GiladKing Character: GamerYT Ping: 50
PlayerID: 76561198324996335 Name: Mуждей щи Мамалыга Character: []Max[] Ping: 82
PlayerID: 76561198269033799 Name: Genadi_Gena Character: Шалунтик2000 Ping: 85
PlayerID: 76561198356323691 Name: Alex Vine Character: alex Ping: 148
PlayerID: 76561198177243258 Name: garfield2016 Character: rubi Ping: 89

TimerTerminateCommand.Enabled with Players:
[Area] GlodiS [?.]: "/tpa accept"

TimerTerminateCommand.Enabled with Players:
[World] Nevalyasha4 [Deus vult]: "/TPA A"

END with Players:
Client has executed command "players"

TimerTerminateCommand.Enabled with Players:
Players:
PlayerID: 76561198200101595 Name: Deus vult Character: Nevalyasha4 Ping: 109
PlayerID: 76561198391121800 Name: Джеимс Вурхиз Character: Джеимс Вурхиз Ping: 54
PlayerID: 76561198303283372 Name: PeR4IK Character: данил Ping: 117
PlayerID: 76561198295801599 Name: Lo[x] Character: Lo[x] Ping: 62
PlayerID: 76561198366549870 Name: Expert13372284200 Character: Expert1337 Ping: 148
PlayerID: 76561198176817369 Name: ?. Character: GlodiS Ping: 78
PlayerID: 76561198292543416 Name: Mr_GiladKing Character: GamerYT Ping: 54
PlayerID: 76561198324996335 Name: Mуждей щи Мамалыга Character: []Max[] Ping: 89
PlayerID: 76561198269033799 Name: Genadi_Gena Character: Шалунтик2000 Ping: 78
PlayerID: 76561198356323691 Name: Alex Vine Character: alex Ping: 97
PlayerID: 76561198177243258 Name: garfield2016 Character: rubi Ping: 78

END with Players:
[World] alex [Alex Vine]: "ребят привет"

[World] alex [Alex Vine]: "кто даст лут"

Client has executed command "players"

TimerTerminateCommand.Enabled with Players:
Players:
PlayerID: 76561198200101595 Name: Deus vult Character: Nevalyasha4 Ping: 113
PlayerID: 76561198391121800 Name: Джеимс Вурхиз Character: Джеимс Вурхиз Ping: 46
PlayerID: 76561198303283372 Name: PeR4IK Character: данил Ping: 140
PlayerID: 76561198295801599 Name: Lo[x] Character: Lo[x] Ping: 46
PlayerID: 76561198366549870 Name: Expert13372284200 Character: Expert1337 Ping: 152
PlayerID: 76561198176817369 Name: ?. Character: GlodiS Ping: 66
PlayerID: 76561198292543416 Name: Mr_GiladKing Character: GamerYT Ping: 66
PlayerID: 76561198324996335 Name: Mуждей щи Мамалыга Character: []Max[] Ping: 82
PlayerID: 76561198269033799 Name: Genadi_Gena Character: Шалунтик2000 Ping: 74
PlayerID: 76561198356323691 Name: Alex Vine Character: alex Ping: 85
PlayerID: 76561198177243258 Name: garfield2016 Character: rubi Ping: 82

END with Players:
Client has executed command "players"

TimerTerminateCommand.Enabled with Players:
Players:
PlayerID: 76561198200101595 Name: Deus vult Character: Nevalyasha4 Ping: 105
PlayerID: 76561198391121800 Name: Джеимс Вурхиз Character: Джеимс Вурхиз Ping: 50
PlayerID: 76561198303283372 Name: PeR4IK Character: данил Ping: 136
PlayerID: 76561198295801599 Name: Lo[x] Character: Lo[x] Ping: 54
PlayerID: 76561198366549870 Name: Expert13372284200 Character: Expert1337 Ping: 144
PlayerID: 76561198176817369 Name: ?. Character: GlodiS Ping: 70
PlayerID: 76561198292543416 Name: Mr_GiladKing Character: GamerYT Ping: 50
PlayerID: 76561198324996335 Name: Mуждей щи Мамалыга Character: []Max[] Ping: 117
PlayerID: 76561198269033799 Name: Genadi_Gena Character: Шалунтик2000 Ping: 74
PlayerID: 76561198356323691 Name: Alex Vine Character: alex Ping: 85
PlayerID: 76561198177243258 Name: garfield2016 Character: rubi Ping: 89

END with Players:
Не обработано: MessageAnnouncer >> Broadcast: Наберите /kit claim, чтобы получить Claim Flag
MessageAnnouncer >> Broadcast: Наберите /kit claim, чтобы получить Claim Flag

Не обработано: MessageAnnouncer >> Наберите /kit claim, чтобы получить Claim Flag
MessageAnnouncer >> Наберите /kit claim, чтобы получить Claim Flag

Не обработано: Джеимс Вурхиз moved x:-710.8127 y:78.45557(+39.42311) z:402.1844 in the last second (1)
Джеимс Вурхиз moved x:-710.8127 y:78.45557(+39.42311) z:402.1844 in the last second (1)

Client has executed command "players"

TimerTerminateCommand.Enabled with Players:
Players:
PlayerID: 76561198200101595 Name: Deus vult Character: Nevalyasha4 Ping: 105
PlayerID: 76561198391121800 Name: Джеимс Вурхиз Character: Джеимс Вурхиз Ping: 54
PlayerID: 76561198303283372 Name: PeR4IK Character: данил Ping: 125
PlayerID: 76561198295801599 Name: Lo[x] Character: Lo[x] Ping: 66
PlayerID: 76561198366549870 Name: Expert13372284200 Character: Expert1337 Ping: 152
PlayerID: 76561198176817369 Name: ?. Character: GlodiS Ping: 74
PlayerID: 76561198292543416 Name: Mr_GiladKing Character: GamerYT Ping: 58
PlayerID: 76561198324996335 Name: Mуждей щи Мамалыга Character: []Max[] Ping: 89
PlayerID: 76561198269033799 Name: Genadi_Gena Character: Шалунтик2000 Ping: 82
PlayerID: 76561198356323691 Name: Alex Vine Character: alex Ping: 82
PlayerID: 76561198177243258 Name: garfield2016 Character: rubi Ping: 105

END with Players:
[World] Expert1337 [Expert13372284200]: "/home"

Не обработано: Expert1337 moved x:-686.4483 y:74.59423(+40.99679) z:-616.3519 in the last second (0.09999847)
Expert1337 moved x:-686.4483 y:74.59423(+40.99679) z:-616.3519 in the last second (0.09999847)

Client has executed command "players"

TimerTerminateCommand.Enabled with Players:
Players:
PlayerID: 76561198200101595 Name: Deus vult Character: Nevalyasha4 Ping: 109
PlayerID: 76561198391121800 Name: Джеимс Вурхиз Character: Джеимс Вурхиз Ping: 54
PlayerID: 76561198303283372 Name: PeR4IK Character: данил Ping: 93
PlayerID: 76561198295801599 Name: Lo[x] Character: Lo[x] Ping: 58
PlayerID: 76561198366549870 Name: Expert13372284200 Character: Expert1337 Ping: 148
PlayerID: 76561198176817369 Name: ?. Character: GlodiS Ping: 78
PlayerID: 76561198292543416 Name: Mr_GiladKing Character: GamerYT Ping: 58
PlayerID: 76561198324996335 Name: Mуждей щи Мамалыга Character: []Max[] Ping: 97
PlayerID: 76561198269033799 Name: Genadi_Gena Character: Шалунтик2000 Ping: 78
PlayerID: 76561198356323691 Name: Alex Vine Character: alex Ping: 78
PlayerID: 76561198177243258 Name: garfield2016 Character: rubi Ping: 89

END with Players:
[World] данил [PeR4IK]: "/home"

Не обработано: данил moved x:-685.1 y:75.19424(+32.56133) z:-617.0675 in the last second (0.2379227)
данил moved x:-685.1 y:75.19424(+32.56133) z:-617.0675 in the last second (0.2379227)

Connecting: PlayerID: 76561198364876957 Name: 3danila2287 Character: lolka

Client has executed command "players"

TimerTerminateCommand.Enabled with Players:
Players:
PlayerID: 76561198200101595 Name: Deus vult Character: Nevalyasha4 Ping: 109
PlayerID: 76561198391121800 Name: Джеимс Вурхиз Character: Джеимс Вурхиз Ping: 54
PlayerID: 76561198303283372 Name: PeR4IK Character: данил Ping: 89
PlayerID: 76561198295801599 Name: Lo[x] Character: Lo[x] Ping: 62
PlayerID: 76561198366549870 Name: Expert13372284200 Character: Expert1337 Ping: 210
PlayerID: 76561198176817369 Name: ?. Character: GlodiS Ping: 78
PlayerID: 76561198292543416 Name: Mr_GiladKing Character: GamerYT Ping: 58
PlayerID: 76561198324996335 Name: Mуждей щи Мамалыга Character: []Max[] Ping: 85
PlayerID: 76561198269033799 Name: Genadi_Gena Character: Шалунтик2000 Ping: 74
PlayerID: 76561198356323691 Name: Alex Vine Character: alex Ping: 117
PlayerID: 76561198177243258 Name: garfield2016 Character: rubi Ping: 89
PlayerID: 76561198364876957 Name: 3danila2287 Character: lolka Ping: 0

END with Players:
[World] Nevalyasha4 [Deus vult]: "/TPA expert"

[World] lolka [3danila2287]: "/KITS"

[World] Expert1337 [Expert13372284200]: "/tpa a"

Не обработано: Nevalyasha4 moved x:-702.2682 y:70.50214(+37.14295) z:-609.0821 in the last second (0.4188843)
Nevalyasha4 moved x:-702.2682 y:70.50214(+37.14295) z:-609.0821 in the last second (0.4188843)

[World] alex [Alex Vine]: "/kit start"

Client has executed command "players"

TimerTerminateCommand.Enabled with Players:
Players:
PlayerID: 76561198200101595 Name: Deus vult Character: Nevalyasha4 Ping: 113
PlayerID: 76561198391121800 Name: Джеимс Вурхиз Character: Джеимс Вурхиз Ping: 50
PlayerID: 76561198303283372 Name: PeR4IK Character: данил Ping: 78
PlayerID: 76561198295801599 Name: Lo[x] Character: Lo[x] Ping: 50
PlayerID: 76561198366549870 Name: Expert13372284200 Character: Expert1337 Ping: 156
PlayerID: 76561198176817369 Name: ?. Character: GlodiS Ping: 74
PlayerID: 76561198292543416 Name: Mr_GiladKing Character: GamerYT Ping: 50
PlayerID: 76561198324996335 Name: Mуждей щи Мамалыга Character: []Max[] Ping: 89
PlayerID: 76561198269033799 Name: Genadi_Gena Character: Шалунтик2000 Ping: 74
PlayerID: 76561198356323691 Name: Alex Vine Character: alex Ping: 89
PlayerID: 76561198177243258 Name: garfield2016 Character: rubi Ping: 85
PlayerID: 76561198364876957 Name: 3danila2287 Character: lolka Ping: 62

END with Players:
[World] Expert1337 [Expert13372284200]: "gjdnjhb to` hfp"

Не обработано: DeathMessagesRemastered >> Broadcast: Шалунтик2000 has been mauled by a zombie! 
DeathMessagesRemastered >> Broadcast: Шалунтик2000 has been mauled by a zombie! 

Не обработано: Шалунтик2000 [Genadi_Gena] was mauled by a zombie!
Шалунтик2000 [Genadi_Gena] was mauled by a zombie!

[World] Expert1337 [Expert13372284200]: "повтори"

Disconnecting: PlayerID: 76561198364876957 Name: 3danila2287 Character: lolka

Client has executed command "players"

TimerTerminateCommand.Enabled with Players:
Players:
PlayerID: 76561198200101595 Name: Deus vult Character: Nevalyasha4 Ping: 121
PlayerID: 76561198391121800 Name: Джеимс Вурхиз Character: Джеимс Вурхиз Ping: 62
PlayerID: 76561198303283372 Name: PeR4IK Character: данил Ping: 82
PlayerID: 76561198295801599 Name: Lo[x] Character: Lo[x] Ping: 58
PlayerID: 76561198366549870 Name: Expert13372284200 Character: Expert1337 Ping: 152
PlayerID: 76561198176817369 Name: ?. Character: GlodiS Ping: 74
PlayerID: 76561198292543416 Name: Mr_GiladKing Character: GamerYT Ping: 62
PlayerID: 76561198324996335 Name: Mуждей щи Мамалыга Character: []Max[] Ping: 97
PlayerID: 76561198269033799 Name: Genadi_Gena Character: Шалунтик2000 Ping: 78
PlayerID: 76561198356323691 Name: Alex Vine Character: alex Ping: 89
PlayerID: 76561198177243258 Name: garfield2016 Character: rubi Ping: 82

END with Players:
[World] Expert1337 [Expert13372284200]: "не слышно"

[World] alex [Alex Vine]: "rnj lfcn ken"

[World] Шалунтик2000 [Genadi_Gena]: "/tpa alex"

[World] Expert1337 [Expert13372284200]: "да"

[World] Expert1337 [Expert13372284200]: "а ок"

Client has executed command "players"

TimerTerminateCommand.Enabled with Players:
Players:
PlayerID: 76561198200101595 Name: Deus vult Character: Nevalyasha4 Ping: 109
PlayerID: 76561198391121800 Name: Джеимс Вурхиз Character: Джеимс Вурхиз Ping: 50
PlayerID: 76561198303283372 Name: PeR4IK Character: данил Ping: 82
PlayerID: 76561198295801599 Name: Lo[x] Character: Lo[x] Ping: 54
PlayerID: 76561198366549870 Name: Expert13372284200 Character: Expert1337 Ping: 136
PlayerID: 76561198176817369 Name: ?. Character: GlodiS Ping: 78
PlayerID: 76561198292543416 Name: Mr_GiladKing Character: GamerYT Ping: 50
PlayerID: 76561198324996335 Name: Mуждей щи Мамалыга Character: []Max[] Ping: 101
PlayerID: 76561198269033799 Name: Genadi_Gena Character: Шалунтик2000 Ping: 128
PlayerID: 76561198356323691 Name: Alex Vine Character: alex Ping: 54
PlayerID: 76561198177243258 Name: garfield2016 Character: rubi Ping: 85

END with Players:
[World] alex [Alex Vine]: "/tpa accept"

[World] данил [PeR4IK]: "lf"

Не обработано: MessageAnnouncer >> Broadcast: Если модератор ведёт себя неподобающе, пишите в группу или ЛС (vk.com/unturned_hgm, vk.com/hemulgm)
MessageAnnouncer >> Broadcast: Если модератор ведёт себя неподобающе, пишите в группу или ЛС (vk.com/unturned_hgm, vk.com/hemulgm)

Не обработано: MessageAnnouncer >> Если модератор ведёт себя неподобающе, пишите в группу или ЛС (vk.com/unturned_hgm, vk.com/hemulgm)
MessageAnnouncer >> Если модератор ведёт себя неподобающе, пишите в группу или ЛС (vk.com/unturned_hgm, vk.com/hemulgm)

[World] данил [PeR4IK]: "да"

Client has executed command "players"

TimerTerminateCommand.Enabled with Players:
Players:
PlayerID: 76561198200101595 Name: Deus vult Character: Nevalyasha4 Ping: 113
PlayerID: 76561198391121800 Name: Джеимс Вурхиз Character: Джеимс Вурхиз Ping: 54
PlayerID: 76561198303283372 Name: PeR4IK Character: данил Ping: 93
PlayerID: 76561198295801599 Name: Lo[x] Character: Lo[x] Ping: 58
PlayerID: 76561198366549870 Name: Expert13372284200 Character: Expert1337 Ping: 140
PlayerID: 76561198176817369 Name: ?. Character: GlodiS Ping: 58
PlayerID: 76561198292543416 Name: Mr_GiladKing Character: GamerYT Ping: 54
PlayerID: 76561198324996335 Name: Mуждей щи Мамалыга Character: []Max[] Ping: 101
PlayerID: 76561198269033799 Name: Genadi_Gena Character: Шалунтик2000 Ping: 85
PlayerID: 76561198356323691 Name: Alex Vine Character: alex Ping: 74
PlayerID: 76561198177243258 Name: garfield2016 Character: rubi Ping: 101

TimerTerminateCommand.Enabled with Players:
[World] Lo[x] [Lo[x]]: "/home"

TimerTerminateCommand.Enabled with Players:
[World] alex [Alex Vine]: "кто даст лут"

END with Players:
[World] alex [Alex Vine]: "пж"

Client has executed command "players"

TimerTerminateCommand.Enabled with Players:
Players:
PlayerID: 76561198200101595 Name: Deus vult Character: Nevalyasha4 Ping: 109
PlayerID: 76561198391121800 Name: Джеимс Вурхиз Character: Джеимс Вурхиз Ping: 54
PlayerID: 76561198303283372 Name: PeR4IK Character: данил Ping: 82
PlayerID: 76561198295801599 Name: Lo[x] Character: Lo[x] Ping: 46
PlayerID: 76561198366549870 Name: Expert13372284200 Character: Expert1337 Ping: 128
PlayerID: 76561198176817369 Name: ?. Character: GlodiS Ping: 70
PlayerID: 76561198292543416 Name: Mr_GiladKing Character: GamerYT Ping: 85
PlayerID: 76561198324996335 Name: Mуждей щи Мамалыга Character: []Max[] Ping: 78
PlayerID: 76561198269033799 Name: Genadi_Gena Character: Шалунтик2000 Ping: 74
PlayerID: 76561198356323691 Name: Alex Vine Character: alex Ping: 74
PlayerID: 76561198177243258 Name: garfield2016 Character: rubi Ping: 85

TimerTerminateCommand.Enabled with Players:
[World] Lo[x] [Lo[x]]: "/tpa Glodis"

END with Players:
