Не обработано: RocketRcon v2.4.8.0
RocketRcon v2.4.8.0

Client has executed command "players"

TimerTerminateCommand.Enabled with Players:
Players:
PlayerID: 76561198341997660 Name: Dimacvit1996 Character: Dimacvit1996 Ping: 78
PlayerID: 76561198305732269 Name: Owl Character: Owl Ping: 54
PlayerID: 76561198389415200 Name: Andrew Lavrinets Character: Andrew Ping: 109
PlayerID: 76561198309008539 Name: NOOO-SENPAI... Character: Сенпай Ping: 31
PlayerID: 76561198123840535 Name: ?????? Character: top Ping: 210
PlayerID: 76561198151655003 Name: HemulGM Character: HemulGM Ping: 7

END with Players:
Client has executed command "bans"

TimerTerminateCommand.Enabled with Bans:
Bans:
PlayerID: 76561198274427357
JudgeID: 0
Reason: you were vote kicked Duration: 180 Remaining: 4294314451

END with Bans:
Client has executed command "say "TestOano""

TimerTerminateCommand.Enabled with Players:
Client has executed command "players"
Players:
PlayerID: 76561198341997660 Name: Dimacvit1996 Character: Dimacvit1996 Ping: 54
PlayerID: 76561198305732269 Name: Owl Character: Owl Ping: 46
PlayerID: 76561198389415200 Name: Andrew Lavrinets Character: Andrew Ping: 101
PlayerID: 76561198309008539 Name: NOOO-SENPAI... Character: Сенпай Ping: 31
PlayerID: 76561198123840535 Name: ?????? Character: top Ping: 85
PlayerID: 76561198151655003 Name: HemulGM Character: HemulGM Ping: 0

END with Players:
Client has executed command "bans"

