RocketRcon v2.4.8.0

login aVIPs22031994
players
Client has executed command "players"
Failed to find any players.

Client has executed command "GET NOW"

ServerControl >> VALUE NOW [1] [0] [1147]

Client has executed command "players"

Failed to find any players.

GET NOW
Client has executed command "GET NOW"

ServerControl >> VALUE NOW [1] [0] [1153]

MessageAnnouncer >> Broadcast: Наберите /kit start, чтобы получить стартовый набор (еда, вода, топор)

MessageAnnouncer >> Наберите /kit start, чтобы получить стартовый набор (еда, вода, топор)

Client has executed command "GET NOW"

ServerControl >> VALUE NOW [1] [0] [1157]

GET NOW
Client has executed command "GET NOW"

ServerControl >> VALUE NOW [1] [0] [1165]

Client has executed command "GET NOW"

ServerControl >> VALUE NOW [1] [0] [1167]

Client has executed command "players"

Failed to find any players.

GET NOW
Client has executed command "GET NOW"

ServerControl >> VALUE NOW [1] [0] [1175]

Client has executed command "GET NOW"

ServerControl >> VALUE NOW [1] [0] [1177]

GET NOW
Client has executed command "GET NOW"

ServerControl >> VALUE NOW [1] [0] [1185]

Client has executed command "GET NOW"

ServerControl >> VALUE NOW [1] [0] [1187]

