RocketRcon v2.4.8.0

login aVIPs22031994
players
Client has executed command "players"
Players:
PlayerID: 76561198218103779 Name: Магистр_Сала Character: мафия    Ping: 27

Client has executed command "bans"
Bans:
PlayerID: 76561197966773788
JudgeID: 0
Reason: 900000 Duration: 31536000 Remaining: 27665157
PlayerID: 76561198190667017
JudgeID: 0
Reason: cheater Duration: 31104000 Remaining: 30545435
PlayerID: 76561198374710965
JudgeID: 0
Reason: cheater Duration: 31104000 Remaining: 30545451

END
END
Client has executed command "players"

Players:
PlayerID: 76561198218103779 Name: Магистр_Сала Character: мафия    Ping: 33

Client has executed command "GET NOW"

ServerControl >> VALUE NOW [1] [0] [539]

Client has executed command "bans"

Bans:
PlayerID: 76561197966773788
JudgeID: 0
Reason: 900000 Duration: 31536000 Remaining: 27665153
PlayerID: 76561198190667017
JudgeID: 0
Reason: cheater Duration: 31104000 Remaining: 30545431
PlayerID: 76561198374710965
JudgeID: 0
Reason: cheater Duration: 31104000 Remaining: 30545447

END
END
Client has executed command "GET NOW"

ServerControl >> VALUE NOW [1] [0] [549]

GET NOW
Client has executed command "GET NOW"

ServerControl >> VALUE NOW [1] [0] [550]

Client has executed command "players"

Players:
PlayerID: 76561198218103779 Name: Магистр_Сала Character: мафия    Ping: 27

Client has executed command "GET NOW"

ServerControl >> VALUE NOW [1] [0] [559]

Client has executed command "bans"

Bans:
PlayerID: 76561197966773788
JudgeID: 0
Reason: 900000 Duration: 31536000 Remaining: 27665133
PlayerID: 76561198190667017
JudgeID: 0
Reason: cheater Duration: 31104000 Remaining: 30545411
PlayerID: 76561198374710965
JudgeID: 0
Reason: cheater Duration: 31104000 Remaining: 30545427

END
GET NOW
Client has executed command "GET NOW"

ServerControl >> VALUE NOW [1] [0] [560]

END
Client has executed command "GET NOW"

ServerControl >> VALUE NOW [1] [0] [569]

GET NOW
Client has executed command "GET NOW"

ServerControl >> VALUE NOW [1] [0] [570]

Client has executed command "players"

Players:
PlayerID: 76561198218103779 Name: Магистр_Сала Character: мафия    Ping: 13

Client has executed command "GET NOW"

ServerControl >> VALUE NOW [1] [0] [579]

Client has executed command "bans"

Bans:
PlayerID: 76561197966773788
JudgeID: 0
Reason: 900000 Duration: 31536000 Remaining: 27665113
PlayerID: 76561198190667017
JudgeID: 0
Reason: cheater Duration: 31104000 Remaining: 30545391
PlayerID: 76561198374710965
JudgeID: 0
Reason: cheater Duration: 31104000 Remaining: 30545407

END
GET NOW
Client has executed command "GET NOW"

ServerControl >> VALUE NOW [1] [0] [580]

END
