RocketRcon v2.4.8.0

login aVIPs22031994
players
Client has executed command "players"
Players:
PlayerID: 76561198424120093 Name: Knockout1Demscouts Character: Knockout1Demscouts Ping: 185
PlayerID: 76561198218103779 Name: Магистр_Сала Character: мафия    Ping: 19
PlayerID: 76561198170878115 Name: EssexSting1 Character: EssexSting1 Ping: 220

Client has executed command "bans"
Bans:
PlayerID: 76561197966773788
JudgeID: 0
Reason: 900000 Duration: 31536000 Remaining: 28011734
PlayerID: 76561198336969313
JudgeID: 0
Reason: reid Duration: 604800 Remaining: 126967
PlayerID: 76561198212486347
JudgeID: 0
Reason: reid Duration: 604800 Remaining: 127298
PlayerID: 76561198391097237
JudgeID: 0
Reason: reid Duration: 604800 Remaining: 289785
PlayerID: 76561198190667017
JudgeID: 0
Reason: cheater Duration: 31104000 Remaining: 30892012
PlayerID: 76561198374710965
JudgeID: 0
Reason: cheater Duration: 31104000 Remaining: 30892028

END
Client has executed command "GET NOW"
ServerControl >> VALUE NOW [1] [0] [934]
Client has executed command "players"
Players:
PlayerID: 76561198424120093 Name: Knockout1Demscouts Character: Knockout1Demscouts Ping: 187
PlayerID: 76561198218103779 Name: Магистр_Сала Character: мафия    Ping: 19
PlayerID: 76561198170878115 Name: EssexSting1 Character: EssexSting1 Ping: 210

END
Client has executed command "bans"

Bans:
PlayerID: 76561197966773788
JudgeID: 0
Reason: 900000 Duration: 31536000 Remaining: 28011731
PlayerID: 76561198336969313
JudgeID: 0
Reason: reid Duration: 604800 Remaining: 126964
PlayerID: 76561198212486347
JudgeID: 0
Reason: reid Duration: 604800 Remaining: 127295
PlayerID: 76561198391097237
JudgeID: 0
Reason: reid Duration: 604800 Remaining: 289782
PlayerID: 76561198190667017
JudgeID: 0
Reason: cheater Duration: 31104000 Remaining: 30892009
PlayerID: 76561198374710965
JudgeID: 0
Reason: cheater Duration: 31104000 Remaining: 30892025

END
END
Client has executed command "GET NOW"

ServerControl >> VALUE NOW [1] [0] [944]

GET NOW
Client has executed command "GET NOW"

ServerControl >> VALUE NOW [1] [0] [946]

