Не обработано: RocketRcon v2.4.8.0
RocketRcon v2.4.8.0

Client has executed command "players"

TimerTerminateCommand.Enabled with Players:
Players:
PlayerID: 76561198366549870 Name: Expert13372284200 Character: Expert1337 Ping: 148
PlayerID: 76561198300812301 Name: KiLeR00707 Character: KiLeR00707 Ping: 39
PlayerID: 76561198345092267 Name: demid3450 Character: [гл террористов] демид журавлёв Ping: 121
PlayerID: 76561198200101595 Name: NEVALYASHA Character: NEVALYASHA Ping: 121
PlayerID: 76561198262994976 Name: XxX_ARMAЗ_XxX Character: shilyaev710 Ping: 62
PlayerID: 76561198303283372 Name: PeR4IK Character: данил Ping: 78
PlayerID: 76561198123840535 Name: ?????? Character: top Ping: 160

TimerTerminateCommand.Enabled with Bans:
Client has executed command "bans"
Bans:
PlayerID: 123123

TimerTerminateCommand.Enabled with Bans:
JudgeID: 0
Reason: unspecified Duration: 31536000 Remaining: 31473377
PlayerID: 123
JudgeID: 0
Reason: durila Duration: 4000 Remaining: 4294909171
PlayerID: 76561198274427357
JudgeID: 0
Reason: you were vote kicked Duration: 180 Remaining: 4294937544

Client has executed command "players"

TimerTerminateCommand.Enabled with Players:
Players:
PlayerID: 76561198366549870 Name: Expert13372284200 Character: Expert1337 Ping: 132
PlayerID: 76561198300812301 Name: KiLeR00707 Character: KiLeR00707 Ping: 27
PlayerID: 76561198345092267 Name: demid3450 Character: [гл террористов] демид журавлёв Ping: 113
PlayerID: 76561198200101595 Name: NEVALYASHA Character: NEVALYASHA Ping: 113
PlayerID: 76561198262994976 Name: XxX_ARMAЗ_XxX Character: shilyaev710 Ping: 62
PlayerID: 76561198303283372 Name: PeR4IK Character: данил Ping: 74
PlayerID: 76561198123840535 Name: ?????? Character: top Ping: 113

Client has executed command "players"

TimerTerminateCommand.Enabled with Players:
Players:
PlayerID: 76561198366549870 Name: Expert13372284200 Character: Expert1337 Ping: 144
PlayerID: 76561198300812301 Name: KiLeR00707 Character: KiLeR00707 Ping: 39
PlayerID: 76561198345092267 Name: demid3450 Character: [гл террористов] демид журавлёв Ping: 144
PlayerID: 76561198200101595 Name: NEVALYASHA Character: NEVALYASHA Ping: 121
PlayerID: 76561198262994976 Name: XxX_ARMAЗ_XxX Character: shilyaev710 Ping: 82
PlayerID: 76561198303283372 Name: PeR4IK Character: данил Ping: 78
PlayerID: 76561198123840535 Name: ?????? Character: top Ping: 113

[World] shilyaev710 [XxX_ARMAЗ_XxX]: "/tpa exp"

Client has executed command "players"

TimerTerminateCommand.Enabled with Players:
Players:
PlayerID: 76561198366549870 Name: Expert13372284200 Character: Expert1337 Ping: 144
PlayerID: 76561198300812301 Name: KiLeR00707 Character: KiLeR00707 Ping: 23
PlayerID: 76561198345092267 Name: demid3450 Character: [гл террористов] демид журавлёв Ping: 121
PlayerID: 76561198200101595 Name: NEVALYASHA Character: NEVALYASHA Ping: 117
PlayerID: 76561198262994976 Name: XxX_ARMAЗ_XxX Character: shilyaev710 Ping: 54
PlayerID: 76561198303283372 Name: PeR4IK Character: данил Ping: 105
PlayerID: 76561198123840535 Name: ?????? Character: top Ping: 93

TimerTerminateCommand.Enabled with Players:
[World] Expert1337 [Expert13372284200]: "/tpa a"

Не обработано: shilyaev710 moved x:-701.833 y:70.38215(+27.25836) z:-618.1238 in the last second (0.5999985)
TimerTerminateCommand.Enabled with Players:
shilyaev710 moved x:-701.833 y:70.38215(+27.25836) z:-618.1238 in the last second (0.5999985)

Не обработано: MessageAnnouncer >> Broadcast: Наберите /kit claim, чтобы получить Claim Flag
MessageAnnouncer >> Broadcast: Наберите /kit claim, чтобы получить Claim Flag

Не обработано: MessageAnnouncer >> Наберите /kit claim, чтобы получить Claim Flag
MessageAnnouncer >> Наберите /kit claim, чтобы получить Claim Flag

Не обработано: Connecting: PlayerID: 76561198292543416 Name: Mr_GiladKing Character: GamerYT
Connecting: PlayerID: 76561198292543416 Name: Mr_GiladKing Character: GamerYT

[World] Expert1337 [Expert13372284200]: "/kit help"

Client has executed command "players"

TimerTerminateCommand.Enabled with Players:
Players:
PlayerID: 76561198366549870 Name: Expert13372284200 Character: Expert1337 Ping: 144
PlayerID: 76561198300812301 Name: KiLeR00707 Character: KiLeR00707 Ping: 27
PlayerID: 76561198345092267 Name: demid3450 Character: [гл террористов] демид журавлёв Ping: 152
PlayerID: 76561198200101595 Name: NEVALYASHA Character: NEVALYASHA Ping: 109
PlayerID: 76561198262994976 Name: XxX_ARMAЗ_XxX Character: shilyaev710 Ping: 54
PlayerID: 76561198303283372 Name: PeR4IK Character: данил Ping: 74
PlayerID: 76561198123840535 Name: ?????? Character: top Ping: 89
PlayerID: 76561198292543416 Name: Mr_GiladKing Character: GamerYT Ping: 0

Не обработано: Disconnecting: PlayerID: 76561198292543416 Name: Mr_GiladKing Character: GamerYT
Disconnecting: PlayerID: 76561198292543416 Name: Mr_GiladKing Character: GamerYT

Client has executed command "players"

TimerTerminateCommand.Enabled with Players:
Players:
PlayerID: 76561198366549870 Name: Expert13372284200 Character: Expert1337 Ping: 140
PlayerID: 76561198300812301 Name: KiLeR00707 Character: KiLeR00707 Ping: 35
PlayerID: 76561198345092267 Name: demid3450 Character: [гл террористов] демид журавлёв Ping: 105
PlayerID: 76561198200101595 Name: NEVALYASHA Character: NEVALYASHA Ping: 113
PlayerID: 76561198262994976 Name: XxX_ARMAЗ_XxX Character: shilyaev710 Ping: 82
PlayerID: 76561198303283372 Name: PeR4IK Character: данил Ping: 97
PlayerID: 76561198123840535 Name: ?????? Character: top Ping: 113

Client has executed command "players"

TimerTerminateCommand.Enabled with Players:
Players:
PlayerID: 76561198366549870 Name: Expert13372284200 Character: Expert1337 Ping: 136
PlayerID: 76561198300812301 Name: KiLeR00707 Character: KiLeR00707 Ping: 23
PlayerID: 76561198345092267 Name: demid3450 Character: [гл террористов] демид журавлёв Ping: 128
PlayerID: 76561198200101595 Name: NEVALYASHA Character: NEVALYASHA Ping: 117
PlayerID: 76561198262994976 Name: XxX_ARMAЗ_XxX Character: shilyaev710 Ping: 105
PlayerID: 76561198303283372 Name: PeR4IK Character: данил Ping: 78
PlayerID: 76561198123840535 Name: ?????? Character: top Ping: 128

Client has executed command "players"

TimerTerminateCommand.Enabled with Players:
Players:
PlayerID: 76561198366549870 Name: Expert13372284200 Character: Expert1337 Ping: 140
PlayerID: 76561198300812301 Name: KiLeR00707 Character: KiLeR00707 Ping: 62
PlayerID: 76561198345092267 Name: demid3450 Character: [гл террористов] демид журавлёв Ping: 125
PlayerID: 76561198200101595 Name: NEVALYASHA Character: NEVALYASHA Ping: 113
PlayerID: 76561198262994976 Name: XxX_ARMAЗ_XxX Character: shilyaev710 Ping: 70
PlayerID: 76561198303283372 Name: PeR4IK Character: данил Ping: 78
PlayerID: 76561198123840535 Name: ?????? Character: top Ping: 97

[World] данил [PeR4IK]: "спс"

[World] данил [PeR4IK]: "скайп есть"

Client has executed command "players"

TimerTerminateCommand.Enabled with Players:
Players:
PlayerID: 76561198366549870 Name: Expert13372284200 Character: Expert1337 Ping: 144
PlayerID: 76561198300812301 Name: KiLeR00707 Character: KiLeR00707 Ping: 19
PlayerID: 76561198345092267 Name: demid3450 Character: [гл террористов] демид журавлёв Ping: 117
PlayerID: 76561198200101595 Name: NEVALYASHA Character: NEVALYASHA Ping: 117
PlayerID: 76561198262994976 Name: XxX_ARMAЗ_XxX Character: shilyaev710 Ping: 70
PlayerID: 76561198303283372 Name: PeR4IK Character: данил Ping: 74
PlayerID: 76561198123840535 Name: ?????? Character: top Ping: 136

