Не обработано: RocketRcon v2.4.8.0
RocketRcon v2.4.8.0

Client has executed command "players"

TimerTerminateCommand.Enabled with Players:
Players:
PlayerID: 76561198152466685 Name: Blaster006 Character: Blaster006 Ping: 59
PlayerID: 76561198329269141 Name: Iliyas Character: Iliyas Ping: 94
PlayerID: 76561198130825409 Name: ya.maksim51 Character: ya.maksim51 Ping: 69
PlayerID: 76561198340683253 Name: mitin7373 Character: mitin7373 Ping: 73
PlayerID: 76561198336822099 Name: #Strike »NumbeR ???« Character: EinzOulGaun Ping: 53
PlayerID: 76561198278360341 Name: AcademeG Character: AcademeG Ping: 76
PlayerID: 76561198232631228 Name: alex115 Character: Charles o"brien Ping: 156
PlayerID: 76561198188791818 Name: no Character: P1rate Ping: 48
PlayerID: 76561198087989905 Name: Nick_Zaporozhets Character: Nick_Zaporozhets Ping: 47

END with Players:
Client has executed command "bans"

TimerTerminateCommand.Enabled with Bans:
Bans:
PlayerID: 76561198274427357
JudgeID: 0
Reason: you were vote kicked Duration: 180 Remaining: 4294118836

END with Bans:
Не обработано: MessageAnnouncer >> Broadcast: vk.com/unturned_hgm - группа сервера ВК, уникальный кит в записи!
MessageAnnouncer >> Broadcast: vk.com/unturned_hgm - группа сервера ВК, уникальный кит в записи!

Не обработано: MessageAnnouncer >> vk.com/unturned_hgm - группа сервера ВК, уникальный кит в записи!
MessageAnnouncer >> vk.com/unturned_hgm - группа сервера ВК, уникальный кит в записи!

Client has executed command "players"

TimerTerminateCommand.Enabled with Players:
Players:
PlayerID: 76561198152466685 Name: Blaster006 Character: Blaster006 Ping: 63
PlayerID: 76561198329269141 Name: Iliyas Character: Iliyas Ping: 98
PlayerID: 76561198130825409 Name: ya.maksim51 Character: ya.maksim51 Ping: 85
PlayerID: 76561198340683253 Name: mitin7373 Character: mitin7373 Ping: 87
PlayerID: 76561198336822099 Name: #Strike »NumbeR ???« Character: EinzOulGaun Ping: 48
PlayerID: 76561198278360341 Name: AcademeG Character: AcademeG Ping: 94
PlayerID: 76561198232631228 Name: alex115 Character: Charles o"brien Ping: 160
PlayerID: 76561198188791818 Name: no Character: P1rate Ping: 25
PlayerID: 76561198087989905 Name: Nick_Zaporozhets Character: Nick_Zaporozhets Ping: 32

END with Players:
Client has executed command "bans"

TimerTerminateCommand.Enabled with Bans:
Bans:
PlayerID: 76561198274427357
JudgeID: 0
Reason: you were vote kicked Duration: 180 Remaining: 4294118816

END with Bans:
Client has executed command "players"

TimerTerminateCommand.Enabled with Players:
Players:
PlayerID: 76561198152466685 Name: Blaster006 Character: Blaster006 Ping: 59
PlayerID: 76561198329269141 Name: Iliyas Character: Iliyas Ping: 82
PlayerID: 76561198130825409 Name: ya.maksim51 Character: ya.maksim51 Ping: 73
PlayerID: 76561198340683253 Name: mitin7373 Character: mitin7373 Ping: 229
PlayerID: 76561198336822099 Name: #Strike »NumbeR ???« Character: EinzOulGaun Ping: 46
PlayerID: 76561198278360341 Name: AcademeG Character: AcademeG Ping: 77
PlayerID: 76561198232631228 Name: alex115 Character: Charles o"brien Ping: 160
PlayerID: 76561198188791818 Name: no Character: P1rate Ping: 28
PlayerID: 76561198087989905 Name: Nick_Zaporozhets Character: Nick_Zaporozhets Ping: 81

TimerTerminateCommand.Enabled with Players:
[World] Iliyas [Iliyas]: "Стой"

END with Players:
Client has executed command "bans"

TimerTerminateCommand.Enabled with Bans:
Bans:
PlayerID: 76561198274427357
JudgeID: 0
Reason: you were vote kicked Duration: 180 Remaining: 4294118795

END with Bans:
[Area] EinzOulGaun [#Strike »NumbeR ???«]: "как фундаемет сделать?"

[World] Iliyas [Iliyas]: "Я тебе немного помогу"

[Area] EinzOulGaun [#Strike »NumbeR ???«]: "спасибо"

Не обработано: DeathMessagesRemastered >> Broadcast: Charles o"brien has been mauled by a zombie! 
DeathMessagesRemastered >> Broadcast: Charles o"brien has been mauled by a zombie! 

Не обработано: Charles o"brien [alex115] was mauled by a zombie!
Charles o"brien [alex115] was mauled by a zombie!

Client has executed command "players"

TimerTerminateCommand.Enabled with Players:
Players:
PlayerID: 76561198152466685 Name: Blaster006 Character: Blaster006 Ping: 72
PlayerID: 76561198329269141 Name: Iliyas Character: Iliyas Ping: 97
PlayerID: 76561198130825409 Name: ya.maksim51 Character: ya.maksim51 Ping: 78
PlayerID: 76561198340683253 Name: mitin7373 Character: mitin7373 Ping: 85
PlayerID: 76561198336822099 Name: #Strike »NumbeR ???« Character: EinzOulGaun Ping: 45
PlayerID: 76561198278360341 Name: AcademeG Character: AcademeG Ping: 85
PlayerID: 76561198232631228 Name: alex115 Character: Charles o"brien Ping: 214
PlayerID: 76561198188791818 Name: no Character: P1rate Ping: 29
PlayerID: 76561198087989905 Name: Nick_Zaporozhets Character: Nick_Zaporozhets Ping: 71

END with Players:
Client has executed command "bans"

TimerTerminateCommand.Enabled with Bans:
Bans:
PlayerID: 76561198274427357
JudgeID: 0
Reason: you were vote kicked Duration: 180 Remaining: 4294118776

TimerTerminateCommand.Enabled with Bans:
Connecting: PlayerID: 76561198360277765 Name: redwood_177 Character: rick sanchies

END with Bans:
[World] Iliyas [Iliyas]: "Дай дерева"

Client has executed command "players"

TimerTerminateCommand.Enabled with Players:
Players:
PlayerID: 76561198152466685 Name: Blaster006 Character: Blaster006 Ping: 67
PlayerID: 76561198329269141 Name: Iliyas Character: Iliyas Ping: 88
PlayerID: 76561198130825409 Name: ya.maksim51 Character: ya.maksim51 Ping: 91
PlayerID: 76561198340683253 Name: mitin7373 Character: mitin7373 Ping: 85
PlayerID: 76561198336822099 Name: #Strike »NumbeR ???« Character: EinzOulGaun Ping: 50
PlayerID: 76561198278360341 Name: AcademeG Character: AcademeG Ping: 77
PlayerID: 76561198232631228 Name: alex115 Character: Charles o"brien Ping: 155
PlayerID: 76561198188791818 Name: no Character: P1rate Ping: 33
PlayerID: 76561198087989905 Name: Nick_Zaporozhets Character: Nick_Zaporozhets Ping: 54
PlayerID: 76561198360277765 Name: redwood_177 Character: rick sanchies Ping: 240

END with Players:
Client has executed command "bans"

TimerTerminateCommand.Enabled with Bans:
Bans:
PlayerID: 76561198274427357
JudgeID: 0
Reason: you were vote kicked Duration: 180 Remaining: 4294118756

TimerTerminateCommand.Enabled with Bans:
[World] rick sanchies [redwood_177]: "is an admin in here"

END with Bans:
[World] Iliyas [Iliyas]: "Смотри"

[World] Iliyas [Iliyas]: "Вот фундамент"

[World] rick sanchies [redwood_177]: "what"

[Area] EinzOulGaun [#Strike »NumbeR ???«]: "дай я поставлю"

Client has executed command "players"

TimerTerminateCommand.Enabled with Players:
Players:
PlayerID: 76561198152466685 Name: Blaster006 Character: Blaster006 Ping: 60
PlayerID: 76561198329269141 Name: Iliyas Character: Iliyas Ping: 87
PlayerID: 76561198130825409 Name: ya.maksim51 Character: ya.maksim51 Ping: 44
PlayerID: 76561198340683253 Name: mitin7373 Character: mitin7373 Ping: 96
PlayerID: 76561198336822099 Name: #Strike »NumbeR ???« Character: EinzOulGaun Ping: 47
PlayerID: 76561198278360341 Name: AcademeG Character: AcademeG Ping: 65
PlayerID: 76561198232631228 Name: alex115 Character: Charles o"brien Ping: 159
PlayerID: 76561198188791818 Name: no Character: P1rate Ping: 31
PlayerID: 76561198087989905 Name: Nick_Zaporozhets Character: Nick_Zaporozhets Ping: 41
PlayerID: 76561198360277765 Name: redwood_177 Character: rick sanchies Ping: 218

END with Players:
Client has executed command "bans"

TimerTerminateCommand.Enabled with Bans:
Bans:
PlayerID: 76561198274427357
JudgeID: 0
Reason: you were vote kicked Duration: 180 Remaining: 4294118736

END with Bans:
[World] Blaster006 [Blaster006]: "this is russian server -_-"

[World] Iliyas [Iliyas]: "На ставь"

[World] rick sanchies [redwood_177]: "/tpa lliyas"

Client has executed command "players"

TimerTerminateCommand.Enabled with Players:
Players:
PlayerID: 76561198152466685 Name: Blaster006 Character: Blaster006 Ping: 58
PlayerID: 76561198329269141 Name: Iliyas Character: Iliyas Ping: 86
PlayerID: 76561198130825409 Name: ya.maksim51 Character: ya.maksim51 Ping: 49
PlayerID: 76561198340683253 Name: mitin7373 Character: mitin7373 Ping: 89
PlayerID: 76561198336822099 Name: #Strike »NumbeR ???« Character: EinzOulGaun Ping: 47
PlayerID: 76561198278360341 Name: AcademeG Character: AcademeG Ping: 86
PlayerID: 76561198232631228 Name: alex115 Character: Charles o"brien Ping: 155
PlayerID: 76561198188791818 Name: no Character: P1rate Ping: 27
PlayerID: 76561198087989905 Name: Nick_Zaporozhets Character: Nick_Zaporozhets Ping: 39
PlayerID: 76561198360277765 Name: redwood_177 Character: rick sanchies Ping: 210

END with Players:
Client has executed command "bans"

TimerTerminateCommand.Enabled with Bans:
Bans:
PlayerID: 76561198274427357
JudgeID: 0
Reason: you were vote kicked Duration: 180 Remaining: 4294118716

END with Bans:
Disconnecting: PlayerID: 76561198360277765 Name: redwood_177 Character: rick sanchies

Не обработано: PlayerInfoLib >> No expired player info records found for this batch.
PlayerInfoLib >> No expired player info records found for this batch.

Не обработано: Saving server
Saving server

[World] Iliyas [Iliyas]: "Дерево"

Не обработано: MessageAnnouncer >> Broadcast: Наберите /kit help, чтобы получить первую мед. помощь (бинты, таблетки, еда)
MessageAnnouncer >> Broadcast: Наберите /kit help, чтобы получить первую мед. помощь (бинты, таблетки, еда)

Не обработано: MessageAnnouncer >> Наберите /kit help, чтобы получить первую мед. помощь (бинты, таблетки, еда)
MessageAnnouncer >> Наберите /kit help, чтобы получить первую мед. помощь (бинты, таблетки, еда)

[World] AcademeG [AcademeG]: "Кто обменяет розовый бинт на изоленту? xD"

[Area] EinzOulGaun [#Strike »NumbeR ???«]: "всё фундамент"

Client has executed command "players"

TimerTerminateCommand.Enabled with Players:
Players:
PlayerID: 76561198152466685 Name: Blaster006 Character: Blaster006 Ping: 56
PlayerID: 76561198329269141 Name: Iliyas Character: Iliyas Ping: 94
PlayerID: 76561198130825409 Name: ya.maksim51 Character: ya.maksim51 Ping: 101
PlayerID: 76561198340683253 Name: mitin7373 Character: mitin7373 Ping: 61
PlayerID: 76561198336822099 Name: #Strike »NumbeR ???« Character: EinzOulGaun Ping: 44
PlayerID: 76561198278360341 Name: AcademeG Character: AcademeG Ping: 87
PlayerID: 76561198232631228 Name: alex115 Character: Charles o"brien Ping: 168
PlayerID: 76561198188791818 Name: no Character: P1rate Ping: 26
PlayerID: 76561198087989905 Name: Nick_Zaporozhets Character: Nick_Zaporozhets Ping: 52

END with Players:
Client has executed command "bans"

TimerTerminateCommand.Enabled with Bans:
Bans:
PlayerID: 76561198274427357
JudgeID: 0
Reason: you were vote kicked Duration: 180 Remaining: 4294118696

END with Bans:
[World] Nick_Zaporozhets [Nick_Zaporozhets]: "/kits"

Client has executed command "players"

TimerTerminateCommand.Enabled with Players:
Players:
PlayerID: 76561198152466685 Name: Blaster006 Character: Blaster006 Ping: 62
PlayerID: 76561198329269141 Name: Iliyas Character: Iliyas Ping: 98
PlayerID: 76561198130825409 Name: ya.maksim51 Character: ya.maksim51 Ping: 68
PlayerID: 76561198340683253 Name: mitin7373 Character: mitin7373 Ping: 75
PlayerID: 76561198336822099 Name: #Strike »NumbeR ???« Character: EinzOulGaun Ping: 49
PlayerID: 76561198278360341 Name: AcademeG Character: AcademeG Ping: 78
PlayerID: 76561198232631228 Name: alex115 Character: Charles o"brien Ping: 151
PlayerID: 76561198188791818 Name: no Character: P1rate Ping: 32
PlayerID: 76561198087989905 Name: Nick_Zaporozhets Character: Nick_Zaporozhets Ping: 50

END with Players:
Client has executed command "bans"

TimerTerminateCommand.Enabled with Bans:
Bans:
PlayerID: 76561198274427357
JudgeID: 0
Reason: you were vote kicked Duration: 180 Remaining: 4294118676

END with Bans:
Не обработано: DeathMessagesRemastered >> Broadcast: ya.maksim51 has bled to death!
DeathMessagesRemastered >> Broadcast: ya.maksim51 has bled to death!

Не обработано: ya.maksim51 [ya.maksim51] bled to death!
ya.maksim51 [ya.maksim51] bled to death!

[Area] EinzOulGaun [#Strike »NumbeR ???«]: "теперь я знаю что делат"

Client has executed command "players"

TimerTerminateCommand.Enabled with Players:
Players:
PlayerID: 76561198152466685 Name: Blaster006 Character: Blaster006 Ping: 62
PlayerID: 76561198329269141 Name: Iliyas Character: Iliyas Ping: 85
PlayerID: 76561198130825409 Name: ya.maksim51 Character: ya.maksim51 Ping: 74
PlayerID: 76561198340683253 Name: mitin7373 Character: mitin7373 Ping: 73
PlayerID: 76561198336822099 Name: #Strike »NumbeR ???« Character: EinzOulGaun Ping: 51
PlayerID: 76561198278360341 Name: AcademeG Character: AcademeG Ping: 83

TimerTerminateCommand.Enabled with Players:
PlayerID: 76561198232631228 Name: alex115 Character: Charles o"brien Ping: 155
PlayerID: 76561198188791818 Name: no Character: P1rate Ping: 43
PlayerID: 76561198087989905 Name: Nick_Zaporozhets Character: Nick_Zaporozhets Ping: 34

TimerTerminateCommand.Enabled with Players:
[World] ya.maksim51 [ya.maksim51]: "/tpa mit"

TimerTerminateCommand.Enabled with Players:
[World] Iliyas [Iliyas]: "Аахахаха"

TimerTerminateCommand.Enabled with Players:
[World] mitin7373 [mitin7373]: "/tpa yes"

Не обработано: ya.maksim51 moved x:-363.3785 y:46.83136(+15.5779) z:-51.21751 in the last second (0.6162758)
TimerTerminateCommand.Enabled with Players:
ya.maksim51 moved x:-363.3785 y:46.83136(+15.5779) z:-51.21751 in the last second (0.6162758)

TimerTerminateCommand.Enabled with Players:
[Area] EinzOulGaun [#Strike »NumbeR ???«]: "делать"

Не обработано: DeathMessagesRemastered >> Broadcast: P1rate has bled to death!
TimerTerminateCommand.Enabled with Players:
DeathMessagesRemastered >> Broadcast: P1rate has bled to death!

Не обработано: P1rate [no] bled to death!
TimerTerminateCommand.Enabled with Players:
P1rate [no] bled to death!

END with Players:
Client has executed command "bans"

TimerTerminateCommand.Enabled with Bans:
Bans:
PlayerID: 76561198274427357
JudgeID: 0
Reason: you were vote kicked Duration: 180 Remaining: 4294118650

END with Bans:
[World] Iliyas [Iliyas]: "Ты крышу скрафтил"

[World] Nick_Zaporozhets [Nick_Zaporozhets]: "/tpa accept"

[Area] EinzOulGaun [#Strike »NumbeR ???«]: "но помошь неь помешал бы"

Client has executed command "players"

TimerTerminateCommand.Enabled with Players:
Players:
PlayerID: 76561198152466685 Name: Blaster006 Character: Blaster006 Ping: 66
PlayerID: 76561198329269141 Name: Iliyas Character: Iliyas Ping: 94
PlayerID: 76561198130825409 Name: ya.maksim51 Character: ya.maksim51 Ping: 86
PlayerID: 76561198340683253 Name: mitin7373 Character: mitin7373 Ping: 65
PlayerID: 76561198336822099 Name: #Strike »NumbeR ???« Character: EinzOulGaun Ping: 50
PlayerID: 76561198278360341 Name: AcademeG Character: AcademeG Ping: 81
PlayerID: 76561198232631228 Name: alex115 Character: Charles o"brien Ping: 155
PlayerID: 76561198188791818 Name: no Character: P1rate Ping: 32
PlayerID: 76561198087989905 Name: Nick_Zaporozhets Character: Nick_Zaporozhets Ping: 40

END with Players:
Client has executed command "bans"

TimerTerminateCommand.Enabled with Bans:
Bans:
PlayerID: 76561198274427357
JudgeID: 0
Reason: you were vote kicked Duration: 180 Remaining: 4294118634

END with Bans:
[Area] EinzOulGaun [#Strike »NumbeR ???«]: "нет но"

[Area] EinzOulGaun [#Strike »NumbeR ???«]: "сделаю"

[World] P1rate [no]: "/tpa Nick_Zaporozhets"

[World] Nick_Zaporozhets [Nick_Zaporozhets]: "/tpa accept"

Connecting: PlayerID: 76561198335414537 Name: miron_s04 Character: miron_s04

Client has executed command "players"

TimerTerminateCommand.Enabled with Players:
Players:
PlayerID: 76561198152466685 Name: Blaster006 Character: Blaster006 Ping: 63
PlayerID: 76561198329269141 Name: Iliyas Character: Iliyas Ping: 97
PlayerID: 76561198130825409 Name: ya.maksim51 Character: ya.maksim51 Ping: 77
PlayerID: 76561198340683253 Name: mitin7373 Character: mitin7373 Ping: 87
PlayerID: 76561198336822099 Name: #Strike »NumbeR ???« Character: EinzOulGaun Ping: 47
PlayerID: 76561198278360341 Name: AcademeG Character: AcademeG Ping: 79
PlayerID: 76561198232631228 Name: alex115 Character: Charles o"brien Ping: 150
PlayerID: 76561198188791818 Name: no Character: P1rate Ping: 30
PlayerID: 76561198087989905 Name: Nick_Zaporozhets Character: Nick_Zaporozhets Ping: 39
PlayerID: 76561198335414537 Name: miron_s04 Character: miron_s04 Ping: 388

END with Players:
Client has executed command "bans"

TimerTerminateCommand.Enabled with Bans:
Bans:
PlayerID: 76561198274427357
JudgeID: 0
Reason: you were vote kicked Duration: 180 Remaining: 4294118614

TimerTerminateCommand.Enabled with Bans:
Disconnecting: PlayerID: 76561198152466685 Name: Blaster006 Character: Blaster006

TimerTerminateCommand.Enabled with Bans:
[Area] EinzOulGaun [#Strike »NumbeR ???«]: "мне фундамент нужен"

END with Bans:
[Area] EinzOulGaun [#Strike »NumbeR ???«]: "чутчуть ещё"

Client has executed command "players"

TimerTerminateCommand.Enabled with Players:
Players:
PlayerID: 76561198329269141 Name: Iliyas Character: Iliyas Ping: 94
PlayerID: 76561198130825409 Name: ya.maksim51 Character: ya.maksim51 Ping: 67
PlayerID: 76561198340683253 Name: mitin7373 Character: mitin7373 Ping: 64
PlayerID: 76561198336822099 Name: #Strike »NumbeR ???« Character: EinzOulGaun Ping: 51
PlayerID: 76561198278360341 Name: AcademeG Character: AcademeG Ping: 83
PlayerID: 76561198232631228 Name: alex115 Character: Charles o"brien Ping: 155
PlayerID: 76561198188791818 Name: no Character: P1rate Ping: 31
PlayerID: 76561198087989905 Name: Nick_Zaporozhets Character: Nick_Zaporozhets Ping: 98
PlayerID: 76561198335414537 Name: miron_s04 Character: miron_s04 Ping: 105

END with Players:
Client has executed command "bans"

TimerTerminateCommand.Enabled with Bans:
Bans:
PlayerID: 76561198274427357
JudgeID: 0
Reason: you were vote kicked Duration: 180 Remaining: 4294118594

END with Bans:
Не обработано: MessageAnnouncer >> Broadcast: vk.com/unturned_hgm - цены на премиум, VIP и другие услуги смотрите в группе!
Не обработано: MessageAnnouncer >> vk.com/unturned_hgm - цены на премиум, VIP и другие услуги смотрите в группе!
MessageAnnouncer >> Broadcast: vk.com/unturned_hgm - цены на премиум, VIP и другие услуги смотрите в группе!
MessageAnnouncer >> vk.com/unturned_hgm - цены на премиум, VIP и другие услуги смотрите в группе!

Client has executed command "players"

TimerTerminateCommand.Enabled with Players:
Players:
PlayerID: 76561198329269141 Name: Iliyas Character: Iliyas Ping: 95
PlayerID: 76561198130825409 Name: ya.maksim51 Character: ya.maksim51 Ping: 49
PlayerID: 76561198340683253 Name: mitin7373 Character: mitin7373 Ping: 68
PlayerID: 76561198336822099 Name: #Strike »NumbeR ???« Character: EinzOulGaun Ping: 46
PlayerID: 76561198278360341 Name: AcademeG Character: AcademeG Ping: 96
PlayerID: 76561198232631228 Name: alex115 Character: Charles o"brien Ping: 156
PlayerID: 76561198188791818 Name: no Character: P1rate Ping: 44
PlayerID: 76561198087989905 Name: Nick_Zaporozhets Character: Nick_Zaporozhets Ping: 36
PlayerID: 76561198335414537 Name: miron_s04 Character: miron_s04 Ping: 109

END with Players:
Client has executed command "bans"

TimerTerminateCommand.Enabled with Bans:
Bans:
PlayerID: 76561198274427357
JudgeID: 0
Reason: you were vote kicked Duration: 180 Remaining: 4294118574

END with Bans:
[Area] EinzOulGaun [#Strike »NumbeR ???«]: "ещё 3 фундамента и всё"

[World] Iliyas [Iliyas]: "Это крыша!!!!!!!"

Client has executed command "players"

TimerTerminateCommand.Enabled with Players:
Players:
PlayerID: 76561198329269141 Name: Iliyas Character: Iliyas Ping: 87
PlayerID: 76561198130825409 Name: ya.maksim51 Character: ya.maksim51 Ping: 59
PlayerID: 76561198340683253 Name: mitin7373 Character: mitin7373 Ping: 67
PlayerID: 76561198336822099 Name: #Strike »NumbeR ???« Character: EinzOulGaun Ping: 49
PlayerID: 76561198278360341 Name: AcademeG Character: AcademeG Ping: 78
PlayerID: 76561198232631228 Name: alex115 Character: Charles o"brien Ping: 155
PlayerID: 76561198188791818 Name: no Character: P1rate Ping: 29
PlayerID: 76561198087989905 Name: Nick_Zaporozhets Character: Nick_Zaporozhets Ping: 53
PlayerID: 76561198335414537 Name: miron_s04 Character: miron_s04 Ping: 120

END with Players:
Client has executed command "bans"

TimerTerminateCommand.Enabled with Bans:
Bans:
PlayerID: 76561198274427357
JudgeID: 0
Reason: you were vote kicked Duration: 180 Remaining: 4294118554

END with Bans:
[World] AcademeG [AcademeG]: "У кого есть изолента?"

Client has executed command "players"

TimerTerminateCommand.Enabled with Players:
Players:
PlayerID: 76561198329269141 Name: Iliyas Character: Iliyas Ping: 91
PlayerID: 76561198130825409 Name: ya.maksim51 Character: ya.maksim51 Ping: 273
PlayerID: 76561198340683253 Name: mitin7373 Character: mitin7373 Ping: 100
PlayerID: 76561198336822099 Name: #Strike »NumbeR ???« Character: EinzOulGaun Ping: 50
PlayerID: 76561198278360341 Name: AcademeG Character: AcademeG Ping: 76
PlayerID: 76561198232631228 Name: alex115 Character: Charles o"brien Ping: 157
PlayerID: 76561198188791818 Name: no Character: P1rate Ping: 30
PlayerID: 76561198087989905 Name: Nick_Zaporozhets Character: Nick_Zaporozhets Ping: 44
PlayerID: 76561198335414537 Name: miron_s04 Character: miron_s04 Ping: 92

END with Players:
Client has executed command "bans"

TimerTerminateCommand.Enabled with Bans:
Bans:
PlayerID: 76561198274427357
JudgeID: 0
Reason: you were vote kicked Duration: 180 Remaining: 4294118534

END with Bans:
[World] Iliyas [Iliyas]: "у МЕНЯ"

[World] AcademeG [AcademeG]: "А не уже не надо)"

Client has executed command "players"

TimerTerminateCommand.Enabled with Players:
Players:
PlayerID: 76561198329269141 Name: Iliyas Character: Iliyas Ping: 82
PlayerID: 76561198130825409 Name: ya.maksim51 Character: ya.maksim51 Ping: 81
PlayerID: 76561198340683253 Name: mitin7373 Character: mitin7373 Ping: 90
PlayerID: 76561198336822099 Name: #Strike »NumbeR ???« Character: EinzOulGaun Ping: 46
PlayerID: 76561198278360341 Name: AcademeG Character: AcademeG Ping: 73
PlayerID: 76561198232631228 Name: alex115 Character: Charles o"brien Ping: 153
PlayerID: 76561198188791818 Name: no Character: P1rate Ping: 38
PlayerID: 76561198087989905 Name: Nick_Zaporozhets Character: Nick_Zaporozhets Ping: 51
PlayerID: 76561198335414537 Name: miron_s04 Character: miron_s04 Ping: 112

END with Players:
Client has executed command "bans"

TimerTerminateCommand.Enabled with Bans:
Bans:
PlayerID: 76561198274427357
JudgeID: 0
Reason: you were vote kicked Duration: 180 Remaining: 4294118514

END with Bans:
[World] Iliyas [Iliyas]: "Дай дерева"

Connecting: PlayerID: 76561198145655960 Name: Nikabrine Character: Nika Brine

Client has executed command "players"

TimerTerminateCommand.Enabled with Players:
Players:
PlayerID: 76561198329269141 Name: Iliyas Character: Iliyas Ping: 117
PlayerID: 76561198130825409 Name: ya.maksim51 Character: ya.maksim51 Ping: 83
PlayerID: 76561198340683253 Name: mitin7373 Character: mitin7373 Ping: 102
PlayerID: 76561198336822099 Name: #Strike »NumbeR ???« Character: EinzOulGaun Ping: 45
PlayerID: 76561198278360341 Name: AcademeG Character: AcademeG Ping: 86
PlayerID: 76561198232631228 Name: alex115 Character: Charles o"brien Ping: 163
PlayerID: 76561198188791818 Name: no Character: P1rate Ping: 31
PlayerID: 76561198087989905 Name: Nick_Zaporozhets Character: Nick_Zaporozhets Ping: 38
PlayerID: 76561198335414537 Name: miron_s04 Character: miron_s04 Ping: 115
PlayerID: 76561198145655960 Name: Nikabrine Character: Nika Brine Ping: 147

END with Players:
Client has executed command "bans"

TimerTerminateCommand.Enabled with Bans:
Bans:
PlayerID: 76561198274427357
JudgeID: 0
Reason: you were vote kicked Duration: 180 Remaining: 4294118494

END with Bans:
[World] Iliyas [Iliyas]: "Стой!"

Connecting: PlayerID: 76561198223861788 Name: EroPvP Character: EroPvP

[World] Iliyas [Iliyas]: "Это крышу ты ставишь"

[World] AcademeG [AcademeG]: "/home"

[World] Nika Brine [Nikabrine]: "/kits"

[Area] EinzOulGaun [#Strike »NumbeR ???«]: "ешё 1 фундамент"

Client has executed command "players"

TimerTerminateCommand.Enabled with Players:
Players:
PlayerID: 76561198329269141 Name: Iliyas Character: Iliyas Ping: 88
PlayerID: 76561198130825409 Name: ya.maksim51 Character: ya.maksim51 Ping: 74
PlayerID: 76561198340683253 Name: mitin7373 Character: mitin7373 Ping: 79
PlayerID: 76561198336822099 Name: #Strike »NumbeR ???« Character: EinzOulGaun Ping: 53
PlayerID: 76561198278360341 Name: AcademeG Character: AcademeG Ping: 109
PlayerID: 76561198232631228 Name: alex115 Character: Charles o"brien Ping: 158
PlayerID: 76561198188791818 Name: no Character: P1rate Ping: 39
PlayerID: 76561198087989905 Name: Nick_Zaporozhets Character: Nick_Zaporozhets Ping: 45
PlayerID: 76561198335414537 Name: miron_s04 Character: miron_s04 Ping: 123
PlayerID: 76561198145655960 Name: Nikabrine Character: Nika Brine Ping: 40
PlayerID: 76561198223861788 Name: EroPvP Character: EroPvP Ping: 41

END with Players:
Client has executed command "bans"

TimerTerminateCommand.Enabled with Bans:
Bans:
PlayerID: 76561198274427357
JudgeID: 0
Reason: you were vote kicked Duration: 180 Remaining: 4294118474

END with Bans:
Не обработано: MessageAnnouncer >> Broadcast: Наберите /kit claim, чтобы получить Claim Flag
MessageAnnouncer >> Broadcast: Наберите /kit claim, чтобы получить Claim Flag

Не обработано: MessageAnnouncer >> Наберите /kit claim, чтобы получить Claim Flag
MessageAnnouncer >> Наберите /kit claim, чтобы получить Claim Flag

[World] Nika Brine [Nikabrine]: "/kit start"

Client has executed command "players"

TimerTerminateCommand.Enabled with Players:
Players:
PlayerID: 76561198329269141 Name: Iliyas Character: Iliyas Ping: 88
PlayerID: 76561198130825409 Name: ya.maksim51 Character: ya.maksim51 Ping: 93
PlayerID: 76561198340683253 Name: mitin7373 Character: mitin7373 Ping: 91
PlayerID: 76561198336822099 Name: #Strike »NumbeR ???« Character: EinzOulGaun Ping: 47
PlayerID: 76561198278360341 Name: AcademeG Character: AcademeG Ping: 89
PlayerID: 76561198232631228 Name: alex115 Character: Charles o"brien Ping: 173
PlayerID: 76561198188791818 Name: no Character: P1rate Ping: 25
PlayerID: 76561198087989905 Name: Nick_Zaporozhets Character: Nick_Zaporozhets Ping: 34
PlayerID: 76561198335414537 Name: miron_s04 Character: miron_s04 Ping: 111
PlayerID: 76561198145655960 Name: Nikabrine Character: Nika Brine Ping: 34
PlayerID: 76561198223861788 Name: EroPvP Character: EroPvP Ping: 35

END with Players:
Client has executed command "bans"

TimerTerminateCommand.Enabled with Bans:
Bans:
PlayerID: 76561198274427357
JudgeID: 0
Reason: you were vote kicked Duration: 180 Remaining: 4294118454

TimerTerminateCommand.Enabled with Bans:
[World] Iliyas [Iliyas]: "Строй сам!"

TimerTerminateCommand.Enabled with Bans:
[Area] EinzOulGaun [#Strike »NumbeR ???«]: "дай фундамент"

TimerTerminateCommand.Enabled with Bans:
[World] Nika Brine [Nikabrine]: "/kit help"

END with Bans:
[Area] EinzOulGaun [#Strike »NumbeR ???«]: "и всё"

[World] Nika Brine [Nikabrine]: "/kit vip"

[Area] EinzOulGaun [#Strike »NumbeR ???«]: "ок"

Client has executed command "players"

TimerTerminateCommand.Enabled with Players:
Players:
PlayerID: 76561198329269141 Name: Iliyas Character: Iliyas Ping: 90
PlayerID: 76561198130825409 Name: ya.maksim51 Character: ya.maksim51 Ping: 53
PlayerID: 76561198340683253 Name: mitin7373 Character: mitin7373 Ping: 68
PlayerID: 76561198336822099 Name: #Strike »NumbeR ???« Character: EinzOulGaun Ping: 46
PlayerID: 76561198278360341 Name: AcademeG Character: AcademeG Ping: 92
PlayerID: 76561198232631228 Name: alex115 Character: Charles o"brien Ping: 155
PlayerID: 76561198188791818 Name: no Character: P1rate Ping: 35
PlayerID: 76561198087989905 Name: Nick_Zaporozhets Character: Nick_Zaporozhets Ping: 60
PlayerID: 76561198335414537 Name: miron_s04 Character: miron_s04 Ping: 108
PlayerID: 76561198145655960 Name: Nikabrine Character: Nika Brine Ping: 35
PlayerID: 76561198223861788 Name: EroPvP Character: EroPvP Ping: 48

END with Players:
Client has executed command "bans"

TimerTerminateCommand.Enabled with Bans:
Bans:
PlayerID: 76561198274427357
JudgeID: 0
Reason: you were vote kicked Duration: 180 Remaining: 4294118434

END with Bans:
[World] Nika Brine [Nikabrine]: "/kit admin"

[World] Nika Brine [Nikabrine]: "/kits"

[World] Nika Brine [Nikabrine]: "/kit vk"

Client has executed command "players"

TimerTerminateCommand.Enabled with Players:
Players:
PlayerID: 76561198329269141 Name: Iliyas Character: Iliyas Ping: 94
PlayerID: 76561198130825409 Name: ya.maksim51 Character: ya.maksim51 Ping: 247
PlayerID: 76561198340683253 Name: mitin7373 Character: mitin7373 Ping: 73
PlayerID: 76561198336822099 Name: #Strike »NumbeR ???« Character: EinzOulGaun Ping: 53
PlayerID: 76561198278360341 Name: AcademeG Character: AcademeG Ping: 96
PlayerID: 76561198232631228 Name: alex115 Character: Charles o"brien Ping: 156
PlayerID: 76561198188791818 Name: no Character: P1rate Ping: 24
PlayerID: 76561198087989905 Name: Nick_Zaporozhets Character: Nick_Zaporozhets Ping: 41
PlayerID: 76561198335414537 Name: miron_s04 Character: miron_s04 Ping: 115
PlayerID: 76561198145655960 Name: Nikabrine Character: Nika Brine Ping: 31
PlayerID: 76561198223861788 Name: EroPvP Character: EroPvP Ping: 40

END with Players:
Client has executed command "bans"

TimerTerminateCommand.Enabled with Bans:
Bans:
PlayerID: 76561198274427357
JudgeID: 0
Reason: you were vote kicked Duration: 180 Remaining: 4294118414

END with Bans:
Не обработано: DeathMessagesRemastered >> Broadcast: P1rate was killed by spit!
DeathMessagesRemastered >> Broadcast: P1rate was killed by spit!

Не обработано: P1rate [no] was dissolved by a zombie!
P1rate [no] was dissolved by a zombie!

Не обработано: DeathMessagesRemastered >> Broadcast: Nick_Zaporozhets has been mauled by a zombie! 
DeathMessagesRemastered >> Broadcast: Nick_Zaporozhets has been mauled by a zombie! 

Не обработано: Nick_Zaporozhets [Nick_Zaporozhets] was mauled by a zombie!
Nick_Zaporozhets [Nick_Zaporozhets] was mauled by a zombie!

[World] EroPvP [EroPvP]: "Ребят. Тут плагин на анти рэйд есть?"

Disconnecting: PlayerID: 76561198145655960 Name: Nikabrine Character: Nika Brine

Connecting: PlayerID: 76561198268161521 Name: DOMIK Character: Listiger_wolf2

Client has executed command "players"

TimerTerminateCommand.Enabled with Players:
Players:
PlayerID: 76561198329269141 Name: Iliyas Character: Iliyas Ping: 96
PlayerID: 76561198130825409 Name: ya.maksim51 Character: ya.maksim51 Ping: 68
PlayerID: 76561198340683253 Name: mitin7373 Character: mitin7373 Ping: 78
PlayerID: 76561198336822099 Name: #Strike »NumbeR ???« Character: EinzOulGaun Ping: 49
PlayerID: 76561198278360341 Name: AcademeG Character: AcademeG Ping: 76
PlayerID: 76561198232631228 Name: alex115 Character: Charles o"brien Ping: 154
PlayerID: 76561198188791818 Name: no Character: P1rate Ping: 35
PlayerID: 76561198087989905 Name: Nick_Zaporozhets Character: Nick_Zaporozhets Ping: 103
PlayerID: 76561198335414537 Name: miron_s04 Character: miron_s04 Ping: 133
PlayerID: 76561198223861788 Name: EroPvP Character: EroPvP Ping: 46
PlayerID: 76561198268161521 Name: DOMIK Character: Listiger_wolf2 Ping: 92

END with Players:
Client has executed command "bans"

TimerTerminateCommand.Enabled with Bans:
Bans:
PlayerID: 76561198274427357
JudgeID: 0
Reason: you were vote kicked Duration: 180 Remaining: 4294118394

END with Bans:
Client has executed command "players"

TimerTerminateCommand.Enabled with Players:
Players:
PlayerID: 76561198329269141 Name: Iliyas Character: Iliyas Ping: 96
PlayerID: 76561198130825409 Name: ya.maksim51 Character: ya.maksim51 Ping: 65
PlayerID: 76561198340683253 Name: mitin7373 Character: mitin7373 Ping: 60
PlayerID: 76561198336822099 Name: #Strike »NumbeR ???« Character: EinzOulGaun Ping: 48
PlayerID: 76561198278360341 Name: AcademeG Character: AcademeG Ping: 82
PlayerID: 76561198232631228 Name: alex115 Character: Charles o"brien Ping: 151
PlayerID: 76561198188791818 Name: no Character: P1rate Ping: 20
PlayerID: 76561198087989905 Name: Nick_Zaporozhets Character: Nick_Zaporozhets Ping: 75
PlayerID: 76561198335414537 Name: miron_s04 Character: miron_s04 Ping: 92
PlayerID: 76561198223861788 Name: EroPvP Character: EroPvP Ping: 51
PlayerID: 76561198268161521 Name: DOMIK Character: Listiger_wolf2 Ping: 53

END with Players:
Client has executed command "bans"

TimerTerminateCommand.Enabled with Bans:
Bans:
PlayerID: 76561198274427357
JudgeID: 0
Reason: you were vote kicked Duration: 180 Remaining: 4294118374

END with Bans:
[World] P1rate [no]: "/tpa Nick_Zaporozhets"

[World] Nick_Zaporozhets [Nick_Zaporozhets]: "/tpa accept"

Client has executed command "players"

TimerTerminateCommand.Enabled with Players:
Players:
PlayerID: 76561198329269141 Name: Iliyas Character: Iliyas Ping: 94
PlayerID: 76561198130825409 Name: ya.maksim51 Character: ya.maksim51 Ping: 62
PlayerID: 76561198340683253 Name: mitin7373 Character: mitin7373 Ping: 60
PlayerID: 76561198336822099 Name: #Strike »NumbeR ???« Character: EinzOulGaun Ping: 50
PlayerID: 76561198278360341 Name: AcademeG Character: AcademeG Ping: 93
PlayerID: 76561198232631228 Name: alex115 Character: Charles o"brien Ping: 154
PlayerID: 76561198188791818 Name: no Character: P1rate Ping: 40
PlayerID: 76561198087989905 Name: Nick_Zaporozhets Character: Nick_Zaporozhets Ping: 33
PlayerID: 76561198335414537 Name: miron_s04 Character: miron_s04 Ping: 117
PlayerID: 76561198223861788 Name: EroPvP Character: EroPvP Ping: 50
PlayerID: 76561198268161521 Name: DOMIK Character: Listiger_wolf2 Ping: 53

END with Players:
Client has executed command "bans"

TimerTerminateCommand.Enabled with Bans:
Bans:
PlayerID: 76561198274427357
JudgeID: 0
Reason: you were vote kicked Duration: 180 Remaining: 4294118354

END with Bans:
Не обработано: MessageAnnouncer >> Broadcast: Если модератор ведёт себя неподобающе, пишите в группу или ЛС (vk.com/unturned_hgm, vk.com/hemulgm)
MessageAnnouncer >> Broadcast: Если модератор ведёт себя неподобающе, пишите в группу или ЛС (vk.com/unturned_hgm, vk.com/hemulgm)

Не обработано: MessageAnnouncer >> Если модератор ведёт себя неподобающе, пишите в группу или ЛС (vk.com/unturned_hgm, vk.com/hemulgm)
MessageAnnouncer >> Если модератор ведёт себя неподобающе, пишите в группу или ЛС (vk.com/unturned_hgm, vk.com/hemulgm)

Client has executed command "players"

TimerTerminateCommand.Enabled with Players:
Players:
PlayerID: 76561198329269141 Name: Iliyas Character: Iliyas Ping: 128
PlayerID: 76561198130825409 Name: ya.maksim51 Character: ya.maksim51 Ping: 70
PlayerID: 76561198340683253 Name: mitin7373 Character: mitin7373 Ping: 78
PlayerID: 76561198336822099 Name: #Strike »NumbeR ???« Character: EinzOulGaun Ping: 42
PlayerID: 76561198278360341 Name: AcademeG Character: AcademeG Ping: 64
PlayerID: 76561198232631228 Name: alex115 Character: Charles o"brien Ping: 154
PlayerID: 76561198188791818 Name: no Character: P1rate Ping: 31
PlayerID: 76561198087989905 Name: Nick_Zaporozhets Character: Nick_Zaporozhets Ping: 69
PlayerID: 76561198335414537 Name: miron_s04 Character: miron_s04 Ping: 99
PlayerID: 76561198223861788 Name: EroPvP Character: EroPvP Ping: 46
PlayerID: 76561198268161521 Name: DOMIK Character: Listiger_wolf2 Ping: 56

END with Players:
Client has executed command "bans"

TimerTerminateCommand.Enabled with Bans:
Bans:
PlayerID: 76561198274427357
JudgeID: 0
Reason: you were vote kicked Duration: 180 Remaining: 4294118334

END with Bans:
Client has executed command "players"

TimerTerminateCommand.Enabled with Players:
Players:
PlayerID: 76561198329269141 Name: Iliyas Character: Iliyas Ping: 101
PlayerID: 76561198130825409 Name: ya.maksim51 Character: ya.maksim51 Ping: 54
PlayerID: 76561198340683253 Name: mitin7373 Character: mitin7373 Ping: 86
PlayerID: 76561198336822099 Name: #Strike »NumbeR ???« Character: EinzOulGaun Ping: 45
PlayerID: 76561198278360341 Name: AcademeG Character: AcademeG Ping: 87
PlayerID: 76561198232631228 Name: alex115 Character: Charles o"brien Ping: 163
PlayerID: 76561198188791818 Name: no Character: P1rate Ping: 33
PlayerID: 76561198087989905 Name: Nick_Zaporozhets Character: Nick_Zaporozhets Ping: 25
PlayerID: 76561198335414537 Name: miron_s04 Character: miron_s04 Ping: 99
PlayerID: 76561198223861788 Name: EroPvP Character: EroPvP Ping: 46
PlayerID: 76561198268161521 Name: DOMIK Character: Listiger_wolf2 Ping: 55

END with Players:
Client has executed command "bans"

TimerTerminateCommand.Enabled with Bans:
Bans:
PlayerID: 76561198274427357
JudgeID: 0
Reason: you were vote kicked Duration: 180 Remaining: 4294118314

END with Bans:
Client has executed command "players"

TimerTerminateCommand.Enabled with Players:
Players:
PlayerID: 76561198329269141 Name: Iliyas Character: Iliyas Ping: 89
PlayerID: 76561198130825409 Name: ya.maksim51 Character: ya.maksim51 Ping: 81
PlayerID: 76561198340683253 Name: mitin7373 Character: mitin7373 Ping: 100
PlayerID: 76561198336822099 Name: #Strike »NumbeR ???« Character: EinzOulGaun Ping: 52
PlayerID: 76561198278360341 Name: AcademeG Character: AcademeG Ping: 100
PlayerID: 76561198232631228 Name: alex115 Character: Charles o"brien Ping: 162
PlayerID: 76561198188791818 Name: no Character: P1rate Ping: 26
PlayerID: 76561198087989905 Name: Nick_Zaporozhets Character: Nick_Zaporozhets Ping: 46
PlayerID: 76561198335414537 Name: miron_s04 Character: miron_s04 Ping: 119
PlayerID: 76561198223861788 Name: EroPvP Character: EroPvP Ping: 50
PlayerID: 76561198268161521 Name: DOMIK Character: Listiger_wolf2 Ping: 54

TimerTerminateCommand.Enabled with Players:
Disconnecting: PlayerID: 76561198223861788 Name: EroPvP Character: EroPvP

END with Players:
Client has executed command "bans"

TimerTerminateCommand.Enabled with Bans:
Bans:
PlayerID: 76561198274427357
JudgeID: 0
Reason: you were vote kicked Duration: 180 Remaining: 4294118292

END with Bans:
[World] AcademeG [AcademeG]: "Как мясо пожарить?"

Client has executed command "players"

TimerTerminateCommand.Enabled with Players:
Players:
PlayerID: 76561198329269141 Name: Iliyas Character: Iliyas Ping: 101
PlayerID: 76561198130825409 Name: ya.maksim51 Character: ya.maksim51 Ping: 103
PlayerID: 76561198340683253 Name: mitin7373 Character: mitin7373 Ping: 92
PlayerID: 76561198336822099 Name: #Strike »NumbeR ???« Character: EinzOulGaun Ping: 43
PlayerID: 76561198278360341 Name: AcademeG Character: AcademeG Ping: 89
PlayerID: 76561198232631228 Name: alex115 Character: Charles o"brien Ping: 154
PlayerID: 76561198188791818 Name: no Character: P1rate Ping: 39
PlayerID: 76561198087989905 Name: Nick_Zaporozhets Character: Nick_Zaporozhets Ping: 48
PlayerID: 76561198335414537 Name: miron_s04 Character: miron_s04 Ping: 105
PlayerID: 76561198268161521 Name: DOMIK Character: Listiger_wolf2 Ping: 48

END with Players:
Client has executed command "bans"

TimerTerminateCommand.Enabled with Bans:
Bans:
PlayerID: 76561198274427357
JudgeID: 0
Reason: you were vote kicked Duration: 180 Remaining: 4294118274

END with Bans:
[World] Listiger_wolf2 [DOMIK]: "на огне"

[Area] EinzOulGaun [#Strike »NumbeR ???«]: "на костре"

[World] AcademeG [AcademeG]: "Я возле костра"

Client has executed command "players"

TimerTerminateCommand.Enabled with Players:
Players:
PlayerID: 76561198329269141 Name: Iliyas Character: Iliyas Ping: 96
PlayerID: 76561198130825409 Name: ya.maksim51 Character: ya.maksim51 Ping: 70
PlayerID: 76561198340683253 Name: mitin7373 Character: mitin7373 Ping: 74
PlayerID: 76561198336822099 Name: #Strike »NumbeR ???« Character: EinzOulGaun Ping: 45
PlayerID: 76561198278360341 Name: AcademeG Character: AcademeG Ping: 122
PlayerID: 76561198232631228 Name: alex115 Character: Charles o"brien Ping: 158
PlayerID: 76561198188791818 Name: no Character: P1rate Ping: 36
PlayerID: 76561198087989905 Name: Nick_Zaporozhets Character: Nick_Zaporozhets Ping: 44
PlayerID: 76561198335414537 Name: miron_s04 Character: miron_s04 Ping: 103
PlayerID: 76561198268161521 Name: DOMIK Character: Listiger_wolf2 Ping: 48

TimerTerminateCommand.Enabled with Players:
[World] AcademeG [AcademeG]: "Как дальше?)"

END with Players:
Client has executed command "bans"

TimerTerminateCommand.Enabled with Bans:
Bans:
PlayerID: 76561198274427357
JudgeID: 0
Reason: you were vote kicked Duration: 180 Remaining: 4294118252

END with Bans:
[World] Listiger_wolf2 [DOMIK]: "погоди"

Client has executed command "players"

TimerTerminateCommand.Enabled with Players:
Players:
PlayerID: 76561198329269141 Name: Iliyas Character: Iliyas Ping: 110
PlayerID: 76561198130825409 Name: ya.maksim51 Character: ya.maksim51 Ping: 78
PlayerID: 76561198340683253 Name: mitin7373 Character: mitin7373 Ping: 80
PlayerID: 76561198336822099 Name: #Strike »NumbeR ???« Character: EinzOulGaun Ping: 43
PlayerID: 76561198278360341 Name: AcademeG Character: AcademeG Ping: 107
PlayerID: 76561198232631228 Name: alex115 Character: Charles o"brien Ping: 166
PlayerID: 76561198188791818 Name: no Character: P1rate Ping: 37
PlayerID: 76561198087989905 Name: Nick_Zaporozhets Character: Nick_Zaporozhets Ping: 63
PlayerID: 76561198335414537 Name: miron_s04 Character: miron_s04 Ping: 139
PlayerID: 76561198268161521 Name: DOMIK Character: Listiger_wolf2 Ping: 47

END with Players:
Client has executed command "bans"

TimerTerminateCommand.Enabled with Bans:
Bans:
PlayerID: 76561198274427357
JudgeID: 0
Reason: you were vote kicked Duration: 180 Remaining: 4294118234

END with Bans:
Не обработано: MessageAnnouncer >> Broadcast: vk.com/hemulgm - ЕДИНСТВЕННЫЙ администратор сервера
MessageAnnouncer >> Broadcast: vk.com/hemulgm - ЕДИНСТВЕННЫЙ администратор сервера

Не обработано: MessageAnnouncer >> vk.com/hemulgm - ЕДИНСТВЕННЫЙ администратор сервера
MessageAnnouncer >> vk.com/hemulgm - ЕДИНСТВЕННЫЙ администратор сервера

Client has executed command "players"

TimerTerminateCommand.Enabled with Players:
Players:
PlayerID: 76561198329269141 Name: Iliyas Character: Iliyas Ping: 87
PlayerID: 76561198130825409 Name: ya.maksim51 Character: ya.maksim51 Ping: 62
PlayerID: 76561198340683253 Name: mitin7373 Character: mitin7373 Ping: 77
PlayerID: 76561198336822099 Name: #Strike »NumbeR ???« Character: EinzOulGaun Ping: 43
PlayerID: 76561198278360341 Name: AcademeG Character: AcademeG Ping: 89
PlayerID: 76561198232631228 Name: alex115 Character: Charles o"brien Ping: 158
PlayerID: 76561198188791818 Name: no Character: P1rate Ping: 44
PlayerID: 76561198087989905 Name: Nick_Zaporozhets Character: Nick_Zaporozhets Ping: 68
PlayerID: 76561198335414537 Name: miron_s04 Character: miron_s04 Ping: 112
PlayerID: 76561198268161521 Name: DOMIK Character: Listiger_wolf2 Ping: 54

END with Players:
Client has executed command "bans"

TimerTerminateCommand.Enabled with Bans:
Bans:
PlayerID: 76561198274427357
JudgeID: 0
Reason: you were vote kicked Duration: 180 Remaining: 4294118214

END with Bans:
[World] miron_s04 [miron_s04]: "/tpa listiger_wolf2"

[Area] EinzOulGaun [#Strike »NumbeR ???«]: "спасибо"

Client has executed command "players"

TimerTerminateCommand.Enabled with Players:
Players:
PlayerID: 76561198329269141 Name: Iliyas Character: Iliyas Ping: 82
PlayerID: 76561198130825409 Name: ya.maksim51 Character: ya.maksim51 Ping: 139
PlayerID: 76561198340683253 Name: mitin7373 Character: mitin7373 Ping: 76
PlayerID: 76561198336822099 Name: #Strike »NumbeR ???« Character: EinzOulGaun Ping: 45
PlayerID: 76561198278360341 Name: AcademeG Character: AcademeG Ping: 98
PlayerID: 76561198232631228 Name: alex115 Character: Charles o"brien Ping: 157
PlayerID: 76561198188791818 Name: no Character: P1rate Ping: 30
PlayerID: 76561198087989905 Name: Nick_Zaporozhets Character: Nick_Zaporozhets Ping: 44
PlayerID: 76561198335414537 Name: miron_s04 Character: miron_s04 Ping: 105
PlayerID: 76561198268161521 Name: DOMIK Character: Listiger_wolf2 Ping: 62

END with Players:
Client has executed command "bans"

TimerTerminateCommand.Enabled with Bans:
Bans:
PlayerID: 76561198274427357
JudgeID: 0
Reason: you were vote kicked Duration: 180 Remaining: 4294118194

TimerTerminateCommand.Enabled with Bans:
[World] Listiger_wolf2 [DOMIK]: "вроде пкм или лкм"

END with Bans:
[World] Listiger_wolf2 [DOMIK]: "возьми мясо в руки"

Не обработано: DeathMessagesRemastered >> Broadcast: miron_s04 has bled to death!
DeathMessagesRemastered >> Broadcast: miron_s04 has bled to death!

Не обработано: miron_s04 [miron_s04] bled to death!
miron_s04 [miron_s04] bled to death!

[World] Listiger_wolf2 [DOMIK]: "и нажми на костёр"

[World] AcademeG [AcademeG]: "Все"

Не обработано: miron_s04 moved x:-744.4502 y:58.56762(+20.09039) z:127.2084 in the last second (0.9748459)
miron_s04 moved x:-744.4502 y:58.56762(+20.09039) z:127.2084 in the last second (0.9748459)

[World] Listiger_wolf2 [DOMIK]: "лкм или пкм"

[World] AcademeG [AcademeG]: "Нашел)"

Client has executed command "players"

TimerTerminateCommand.Enabled with Players:
Players:
PlayerID: 76561198329269141 Name: Iliyas Character: Iliyas Ping: 78
PlayerID: 76561198130825409 Name: ya.maksim51 Character: ya.maksim51 Ping: 62
PlayerID: 76561198340683253 Name: mitin7373 Character: mitin7373 Ping: 72
PlayerID: 76561198336822099 Name: #Strike »NumbeR ???« Character: EinzOulGaun Ping: 49
PlayerID: 76561198278360341 Name: AcademeG Character: AcademeG Ping: 95
PlayerID: 76561198232631228 Name: alex115 Character: Charles o"brien Ping: 161
PlayerID: 76561198188791818 Name: no Character: P1rate Ping: 27
PlayerID: 76561198087989905 Name: Nick_Zaporozhets Character: Nick_Zaporozhets Ping: 44
PlayerID: 76561198335414537 Name: miron_s04 Character: miron_s04 Ping: 299
PlayerID: 76561198268161521 Name: DOMIK Character: Listiger_wolf2 Ping: 47

END with Players:
Client has executed command "bans"

TimerTerminateCommand.Enabled with Bans:
Bans:
PlayerID: 76561198274427357
JudgeID: 0
Reason: you were vote kicked Duration: 180 Remaining: 4294118174

END with Bans:
[Area] EinzOulGaun [#Strike »NumbeR ???«]: "нет в крафтах там если не ошибаюсь"

[World] Listiger_wolf2 [DOMIK]: "я убил биг зомби второй раз"

Client has executed command "players"

TimerTerminateCommand.Enabled with Players:
Players:
PlayerID: 76561198329269141 Name: Iliyas Character: Iliyas Ping: 89
PlayerID: 76561198130825409 Name: ya.maksim51 Character: ya.maksim51 Ping: 65
PlayerID: 76561198340683253 Name: mitin7373 Character: mitin7373 Ping: 75
PlayerID: 76561198336822099 Name: #Strike »NumbeR ???« Character: EinzOulGaun Ping: 44
PlayerID: 76561198278360341 Name: AcademeG Character: AcademeG Ping: 103
PlayerID: 76561198232631228 Name: alex115 Character: Charles o"brien Ping: 151
PlayerID: 76561198188791818 Name: no Character: P1rate Ping: 26
PlayerID: 76561198087989905 Name: Nick_Zaporozhets Character: Nick_Zaporozhets Ping: 50
PlayerID: 76561198335414537 Name: miron_s04 Character: miron_s04 Ping: 126
PlayerID: 76561198268161521 Name: DOMIK Character: Listiger_wolf2 Ping: 50

TimerTerminateCommand.Enabled with Players:
[World] EinzOulGaun [#Strike »NumbeR ???«]: "в крафтах если не ошибаюсь"

END with Players:
TimerTerminateCommand.Enabled with Bans:
Client has executed command "bans"
Bans:
PlayerID: 76561198274427357
JudgeID: 0
Reason: you were vote kicked Duration: 180 Remaining: 4294118153

END with Bans:
[World] miron_s04 [miron_s04]: "можно с вами?"

Client has executed command "players"

TimerTerminateCommand.Enabled with Players:
Players:
PlayerID: 76561198329269141 Name: Iliyas Character: Iliyas Ping: 91
PlayerID: 76561198130825409 Name: ya.maksim51 Character: ya.maksim51 Ping: 52
PlayerID: 76561198340683253 Name: mitin7373 Character: mitin7373 Ping: 79
PlayerID: 76561198336822099 Name: #Strike »NumbeR ???« Character: EinzOulGaun Ping: 45
PlayerID: 76561198278360341 Name: AcademeG Character: AcademeG Ping: 129
PlayerID: 76561198232631228 Name: alex115 Character: Charles o"brien Ping: 153
PlayerID: 76561198188791818 Name: no Character: P1rate Ping: 24
PlayerID: 76561198087989905 Name: Nick_Zaporozhets Character: Nick_Zaporozhets Ping: 55
PlayerID: 76561198335414537 Name: miron_s04 Character: miron_s04 Ping: 82
PlayerID: 76561198268161521 Name: DOMIK Character: Listiger_wolf2 Ping: 50

END with Players:
Client has executed command "bans"

TimerTerminateCommand.Enabled with Bans:
Bans:
PlayerID: 76561198274427357
JudgeID: 0
Reason: you were vote kicked Duration: 180 Remaining: 4294118134

END with Bans:
[World] Listiger_wolf2 [DOMIK]: "ксто построит мне дом за какой либо лутец"

Connecting: PlayerID: 76561198031426565 Name: Nexx Character: conexyng

Client has executed command "players"

TimerTerminateCommand.Enabled with Players:
Players:
PlayerID: 76561198329269141 Name: Iliyas Character: Iliyas Ping: 99
PlayerID: 76561198130825409 Name: ya.maksim51 Character: ya.maksim51 Ping: 74
PlayerID: 76561198340683253 Name: mitin7373 Character: mitin7373 Ping: 79
PlayerID: 76561198336822099 Name: #Strike »NumbeR ???« Character: EinzOulGaun Ping: 46
PlayerID: 76561198278360341 Name: AcademeG Character: AcademeG Ping: 107
PlayerID: 76561198232631228 Name: alex115 Character: Charles o"brien Ping: 179
PlayerID: 76561198188791818 Name: no Character: P1rate Ping: 34
PlayerID: 76561198087989905 Name: Nick_Zaporozhets Character: Nick_Zaporozhets Ping: 67
PlayerID: 76561198335414537 Name: miron_s04 Character: miron_s04 Ping: 109
PlayerID: 76561198268161521 Name: DOMIK Character: Listiger_wolf2 Ping: 55
PlayerID: 76561198031426565 Name: Nexx Character: conexyng Ping: 0

END with Players:
Client has executed command "bans"

TimerTerminateCommand.Enabled with Bans:
Bans:
PlayerID: 76561198274427357
JudgeID: 0
Reason: you were vote kicked Duration: 180 Remaining: 4294118114

END with Bans:
Не обработано: MessageAnnouncer >> Broadcast: Используйте /report [ник], чтобы отправить жалобу на игрока
MessageAnnouncer >> Broadcast: Используйте /report [ник], чтобы отправить жалобу на игрока

Не обработано: MessageAnnouncer >> Используйте /report [ник], чтобы отправить жалобу на игрока
MessageAnnouncer >> Используйте /report [ник], чтобы отправить жалобу на игрока

[World] conexyng [Nexx]: "/kit"

[World] Listiger_wolf2 [DOMIK]: "за 4 гранаты магазин от ппш"

Client has executed command "players"

TimerTerminateCommand.Enabled with Players:
Players:
PlayerID: 76561198329269141 Name: Iliyas Character: Iliyas Ping: 107
PlayerID: 76561198130825409 Name: ya.maksim51 Character: ya.maksim51 Ping: 95
PlayerID: 76561198340683253 Name: mitin7373 Character: mitin7373 Ping: 96
PlayerID: 76561198336822099 Name: #Strike »NumbeR ???« Character: EinzOulGaun Ping: 47
PlayerID: 76561198278360341 Name: AcademeG Character: AcademeG Ping: 120
PlayerID: 76561198232631228 Name: alex115 Character: Charles o"brien Ping: 164
PlayerID: 76561198188791818 Name: no Character: P1rate Ping: 34
PlayerID: 76561198087989905 Name: Nick_Zaporozhets Character: Nick_Zaporozhets Ping: 46
PlayerID: 76561198335414537 Name: miron_s04 Character: miron_s04 Ping: 174

TimerTerminateCommand.Enabled with Players:
PlayerID: 76561198268161521 Name: DOMIK Character: Listiger_wolf2 Ping: 54
PlayerID: 76561198031426565 Name: Nexx Character: conexyng Ping: 85

END with Players:
Client has executed command "bans"

TimerTerminateCommand.Enabled with Bans:
Bans:
PlayerID: 76561198274427357
JudgeID: 0
Reason: you were vote kicked Duration: 180 Remaining: 4294118094

END with Bans:
[World] conexyng [Nexx]: "/kit starter"

Client has executed command "players"

TimerTerminateCommand.Enabled with Players:
Players:
PlayerID: 76561198329269141 Name: Iliyas Character: Iliyas Ping: 98
PlayerID: 76561198130825409 Name: ya.maksim51 Character: ya.maksim51 Ping: 75
PlayerID: 76561198340683253 Name: mitin7373 Character: mitin7373 Ping: 77
PlayerID: 76561198336822099 Name: #Strike »NumbeR ???« Character: EinzOulGaun Ping: 53
PlayerID: 76561198278360341 Name: AcademeG Character: AcademeG Ping: 99
PlayerID: 76561198232631228 Name: alex115 Character: Charles o"brien Ping: 177
PlayerID: 76561198188791818 Name: no Character: P1rate Ping: 27
PlayerID: 76561198087989905 Name: Nick_Zaporozhets Character: Nick_Zaporozhets Ping: 62
PlayerID: 76561198335414537 Name: miron_s04 Character: miron_s04 Ping: 151
PlayerID: 76561198268161521 Name: DOMIK Character: Listiger_wolf2 Ping: 55
PlayerID: 76561198031426565 Name: Nexx Character: conexyng Ping: 100

END with Players:
Client has executed command "bans"

TimerTerminateCommand.Enabled with Bans:
Bans:
PlayerID: 76561198274427357
JudgeID: 0
Reason: you were vote kicked Duration: 180 Remaining: 4294118074

TimerTerminateCommand.Enabled with Bans:
Connecting: PlayerID: 76561198152466685 Name: Blaster006 Character: Blaster006

END with Bans:
Connecting: PlayerID: 76561198327141290 Name: tertix Character: tertixyt

Client has executed command "players"

TimerTerminateCommand.Enabled with Players:
Players:
PlayerID: 76561198329269141 Name: Iliyas Character: Iliyas Ping: 95
PlayerID: 76561198130825409 Name: ya.maksim51 Character: ya.maksim51 Ping: 79
PlayerID: 76561198340683253 Name: mitin7373 Character: mitin7373 Ping: 97
PlayerID: 76561198336822099 Name: #Strike »NumbeR ???« Character: EinzOulGaun Ping: 42
PlayerID: 76561198278360341 Name: AcademeG Character: AcademeG Ping: 88
PlayerID: 76561198232631228 Name: alex115 Character: Charles o"brien Ping: 153
PlayerID: 76561198188791818 Name: no Character: P1rate Ping: 34
PlayerID: 76561198087989905 Name: Nick_Zaporozhets Character: Nick_Zaporozhets Ping: 68
PlayerID: 76561198335414537 Name: miron_s04 Character: miron_s04 Ping: 97
PlayerID: 76561198268161521 Name: DOMIK Character: Listiger_wolf2 Ping: 54
PlayerID: 76561198031426565 Name: Nexx Character: conexyng Ping: 90
PlayerID: 76561198152466685 Name: Blaster006 Character: Blaster006 Ping: 47
PlayerID: 76561198327141290 Name: tertix Character: tertixyt Ping: 132

Не обработано: DeathMessagesRemastered >> Broadcast: mitin7373 has been mauled by a zombie! 
TimerTerminateCommand.Enabled with Players:
DeathMessagesRemastered >> Broadcast: mitin7373 has been mauled by a zombie! 

Не обработано: mitin7373 [mitin7373] was mauled by a zombie!
TimerTerminateCommand.Enabled with Players:
mitin7373 [mitin7373] was mauled by a zombie!

END with Players:
Client has executed command "bans"

TimerTerminateCommand.Enabled with Bans:
Bans:
PlayerID: 76561198274427357
JudgeID: 0
Reason: you were vote kicked Duration: 180 Remaining: 4294118052

END with Bans:
Disconnecting: PlayerID: 76561198031426565 Name: Nexx Character: conexyng

Disconnecting: PlayerID: 76561198327141290 Name: tertix Character: tertixyt

Client has executed command "players"

TimerTerminateCommand.Enabled with Players:
Players:
PlayerID: 76561198329269141 Name: Iliyas Character: Iliyas Ping: 105
PlayerID: 76561198130825409 Name: ya.maksim51 Character: ya.maksim51 Ping: 103
PlayerID: 76561198340683253 Name: mitin7373 Character: mitin7373 Ping: 227
PlayerID: 76561198336822099 Name: #Strike »NumbeR ???« Character: EinzOulGaun Ping: 41
PlayerID: 76561198278360341 Name: AcademeG Character: AcademeG Ping: 91
PlayerID: 76561198232631228 Name: alex115 Character: Charles o"brien Ping: 156
PlayerID: 76561198188791818 Name: no Character: P1rate Ping: 44
PlayerID: 76561198087989905 Name: Nick_Zaporozhets Character: Nick_Zaporozhets Ping: 85
PlayerID: 76561198335414537 Name: miron_s04 Character: miron_s04 Ping: 96
PlayerID: 76561198268161521 Name: DOMIK Character: Listiger_wolf2 Ping: 71
PlayerID: 76561198152466685 Name: Blaster006 Character: Blaster006 Ping: 53

END with Players:
Client has executed command "bans"

TimerTerminateCommand.Enabled with Bans:
Bans:
PlayerID: 76561198274427357
JudgeID: 0
Reason: you were vote kicked Duration: 180 Remaining: 4294118034

Не обработано: DeathMessagesRemastered >> Broadcast: Nick_Zaporozhets has been mauled by a zombie! 
TimerTerminateCommand.Enabled with Bans:
DeathMessagesRemastered >> Broadcast: Nick_Zaporozhets has been mauled by a zombie! 

Не обработано: Nick_Zaporozhets [Nick_Zaporozhets] was mauled by a zombie!
TimerTerminateCommand.Enabled with Bans:
Nick_Zaporozhets [Nick_Zaporozhets] was mauled by a zombie!

END with Bans:
Не обработано: DeathMessagesRemastered >> Broadcast: P1rate was killed by spit!
DeathMessagesRemastered >> Broadcast: P1rate was killed by spit!

Не обработано: P1rate [no] was dissolved by a zombie!
P1rate [no] was dissolved by a zombie!

Client has executed command "players"

TimerTerminateCommand.Enabled with Players:
Players:
PlayerID: 76561198329269141 Name: Iliyas Character: Iliyas Ping: 101
PlayerID: 76561198130825409 Name: ya.maksim51 Character: ya.maksim51 Ping: 69
PlayerID: 76561198340683253 Name: mitin7373 Character: mitin7373 Ping: 71
PlayerID: 76561198336822099 Name: #Strike »NumbeR ???« Character: EinzOulGaun Ping: 44
PlayerID: 76561198278360341 Name: AcademeG Character: AcademeG Ping: 89
PlayerID: 76561198232631228 Name: alex115 Character: Charles o"brien Ping: 152
PlayerID: 76561198188791818 Name: no Character: P1rate Ping: 291
PlayerID: 76561198087989905 Name: Nick_Zaporozhets Character: Nick_Zaporozhets Ping: 53
PlayerID: 76561198335414537 Name: miron_s04 Character: miron_s04 Ping: 107
PlayerID: 76561198268161521 Name: DOMIK Character: Listiger_wolf2 Ping: 54
PlayerID: 76561198152466685 Name: Blaster006 Character: Blaster006 Ping: 58

END with Players:
Client has executed command "bans"

TimerTerminateCommand.Enabled with Bans:
Bans:
PlayerID: 76561198274427357
JudgeID: 0
Reason: you were vote kicked Duration: 180 Remaining: 4294118014

TimerTerminateCommand.Enabled with Bans:
Disconnecting: PlayerID: 76561198188791818 Name: no Character: P1rate

