RocketRcon v2.4.8.0

login aVIPs22031994
players
Client has executed command "players"
Failed to find any players.

Client has executed command "GET NOW"
ServerControl >> VALUE NOW [1] [0] [1527]

GET NOW
Client has executed command "GET NOW"

ServerControl >> VALUE NOW [1] [0] [1536]

Client has executed command "GET NOW"

ServerControl >> VALUE NOW [1] [0] [1537]

Client has executed command "players"

Failed to find any players.

GET NOW
Client has executed command "GET NOW"

ServerControl >> VALUE NOW [1] [0] [1547]

Client has executed command "GET NOW"

ServerControl >> VALUE NOW [1] [0] [1547]

GET NOW
Client has executed command "GET NOW"

ServerControl >> VALUE NOW [1] [0] [1557]

Client has executed command "GET NOW"

ServerControl >> VALUE NOW [1] [0] [1557]

Client has executed command "players"

Failed to find any players.

GET NOW
Client has executed command "GET NOW"

ServerControl >> VALUE NOW [1] [0] [1567]
Client has executed command "GET NOW"
ServerControl >> VALUE NOW [1] [0] [1567]

MessageAnnouncer >> Broadcast: Если модератор ведёт себя неподобающе, пишите в группу или ЛС (vk.com/unturned_hgm, vk.com/hemulgm)

MessageAnnouncer >> Если модератор ведёт себя неподобающе, пишите в группу или ЛС (vk.com/unturned_hgm, vk.com/hemulgm)

GET NOW
Client has executed command "GET NOW"

ServerControl >> VALUE NOW [1] [0] [1577]

Client has executed command "GET NOW"

ServerControl >> VALUE NOW [1] [0] [1577]

Client has executed command "players"

Failed to find any players.

GET NOW
Client has executed command "GET NOW"

ServerControl >> VALUE NOW [1] [0] [1587]

Client has executed command "GET NOW"

ServerControl >> VALUE NOW [1] [0] [1587]

GET NOW
Client has executed command "GET NOW"

ServerControl >> VALUE NOW [1] [0] [1597]

Client has executed command "GET NOW"

ServerControl >> VALUE NOW [1] [0] [1597]

Client has executed command "players"

Failed to find any players.

GET NOW
Client has executed command "GET NOW"

ServerControl >> VALUE NOW [1] [0] [1607]

Client has executed command "GET NOW"

ServerControl >> VALUE NOW [1] [0] [1607]

GET NOW
Client has executed command "GET NOW"

ServerControl >> VALUE NOW [1] [0] [1617]

Client has executed command "GET NOW"

ServerControl >> VALUE NOW [1] [0] [1617]

Client has executed command "players"

Failed to find any players.

PlayerInfoLib >> No expired player info records found for this batch.

Saving server

Сохранение сервера
GET NOW
Client has executed command "GET NOW"

ServerControl >> VALUE NOW [1] [0] [1627]

Client has executed command "GET NOW"

ServerControl >> VALUE NOW [1] [0] [1627]

MessageAnnouncer >> Broadcast: Посетите наш сайт. Вы будете удивлены! unturned.hemulgm.ru

MessageAnnouncer >> Посетите наш сайт. Вы будете удивлены! unturned.hemulgm.ru

GET NOW
Client has executed command "GET NOW"

ServerControl >> VALUE NOW [1] [0] [1637]

Client has executed command "GET NOW"

ServerControl >> VALUE NOW [1] [0] [1637]

Client has executed command "players"

Failed to find any players.

GET NOW
Client has executed command "GET NOW"

ServerControl >> VALUE NOW [1] [0] [1647]

Client has executed command "GET NOW"

ServerControl >> VALUE NOW [1] [0] [1647]

Client has executed command "cchat "/33/09/17/04/17/15/16 /24/05/17/05/08 3 /24. 20 /13. " 255 255 0"

ServerControl >> Broadcast: Аирдроп через 3 ч. 20 м.

Не обработано: ServerControl >> Broadcast: Аирдроп через 3 ч. 20 м.
GET NOW
Client has executed command "GET NOW"

ServerControl >> VALUE NOW [1] [0] [1657]

Client has executed command "GET NOW"

ServerControl >> VALUE NOW [1] [0] [1657]

Client has executed command "players"

Failed to find any players.

GET NOW
Client has executed command "GET NOW"

ServerControl >> VALUE NOW [1] [0] [1667]

Client has executed command "GET NOW"

ServerControl >> VALUE NOW [1] [0] [1667]

GET NOW
Client has executed command "GET NOW"

ServerControl >> VALUE NOW [1] [0] [1677]

Client has executed command "GET NOW"

ServerControl >> VALUE NOW [1] [0] [1677]

Client has executed command "players"

Failed to find any players.

GET NOW
Client has executed command "GET NOW"

ServerControl >> VALUE NOW [1] [0] [1687]

Client has executed command "GET NOW"

ServerControl >> VALUE NOW [1] [0] [1687]

MessageAnnouncer >> Broadcast: vk.com/hemulgm - ЕДИНСТВЕННЫЙ администратор сервера

MessageAnnouncer >> vk.com/hemulgm - ЕДИНСТВЕННЫЙ администратор сервера

GET NOW
Client has executed command "GET NOW"

ServerControl >> VALUE NOW [1] [0] [1697]

Client has executed command "GET NOW"

ServerControl >> VALUE NOW [1] [0] [1697]

Client has executed command "players"

Failed to find any players.

GET NOW
Client has executed command "GET NOW"

ServerControl >> VALUE NOW [1] [0] [1707]

Client has executed command "GET NOW"

ServerControl >> VALUE NOW [1] [0] [1707]

GET NOW
Client has executed command "GET NOW"

ServerControl >> VALUE NOW [1] [0] [1717]

Client has executed command "GET NOW"

ServerControl >> VALUE NOW [1] [0] [1717]

Client has executed command "players"

Failed to find any players.

GET NOW
Client has executed command "GET NOW"

ServerControl >> VALUE NOW [1] [0] [1727]

Client has executed command "GET NOW"

ServerControl >> VALUE NOW [1] [0] [1727]

GET NOW
Client has executed command "GET NOW"
ServerControl >> VALUE NOW [1] [0] [1737]

Client has executed command "GET NOW"

ServerControl >> VALUE NOW [1] [0] [1737]

Client has executed command "players"

Failed to find any players.

Client has executed command "GET NOW"

ServerControl >> VALUE NOW [1] [0] [1747]

GET NOW
Client has executed command "GET NOW"

ServerControl >> VALUE NOW [1] [0] [1747]

MessageAnnouncer >> Broadcast: Используйте /report [ник], чтобы отправить жалобу на игрока

MessageAnnouncer >> Используйте /report [ник], чтобы отправить жалобу на игрока

Client has executed command "GET NOW"

ServerControl >> VALUE NOW [1] [0] [1757]

GET NOW
Client has executed command "GET NOW"

ServerControl >> VALUE NOW [1] [0] [1757]

Client has executed command "players"

Failed to find any players.

Client has executed command "GET NOW"

ServerControl >> VALUE NOW [1] [0] [1767]

GET NOW
Client has executed command "GET NOW"

ServerControl >> VALUE NOW [1] [0] [1767]

Client has executed command "GET NOW"

ServerControl >> VALUE NOW [1] [0] [1777]

GET NOW
Client has executed command "GET NOW"

ServerControl >> VALUE NOW [1] [0] [1777]

Client has executed command "players"

Failed to find any players.

Client has executed command "GET NOW"

ServerControl >> VALUE NOW [1] [0] [1787]

GET NOW
Client has executed command "GET NOW"

ServerControl >> VALUE NOW [1] [0] [1787]

Client has executed command "GET NOW"

ServerControl >> VALUE NOW [1] [0] [1797]

GET NOW
Client has executed command "GET NOW"

ServerControl >> VALUE NOW [1] [0] [1797]

Client has executed command "players"

Failed to find any players.

Client has executed command "GET NOW"

ServerControl >> VALUE NOW [1] [0] [1807]

GET NOW
Client has executed command "GET NOW"

ServerControl >> VALUE NOW [1] [0] [1807]

MessageAnnouncer >> Broadcast: Наберите /rules (/r) для просмотра правил

MessageAnnouncer >> Наберите /rules (/r) для просмотра правил

Client has executed command "GET NOW"

ServerControl >> VALUE NOW [1] [0] [1817]

GET NOW
Client has executed command "GET NOW"

ServerControl >> VALUE NOW [1] [0] [1817]

Client has executed command "players"

Failed to find any players.

Client has executed command "GET NOW"
ServerControl >> VALUE NOW [1] [0] [1827]

GET NOW
Client has executed command "GET NOW"

ServerControl >> VALUE NOW [1] [0] [1827]

Client has executed command "GET NOW"

ServerControl >> VALUE NOW [1] [0] [1837]

GET NOW
Client has executed command "GET NOW"

ServerControl >> VALUE NOW [1] [0] [1837]

Client has executed command "players"

Failed to find any players.

Client has executed command "GET NOW"

ServerControl >> VALUE NOW [1] [0] [1847]

GET NOW
Client has executed command "GET NOW"

ServerControl >> VALUE NOW [1] [0] [1847]

Client has executed command "GET NOW"

ServerControl >> VALUE NOW [1] [0] [1857]

GET NOW
Client has executed command "GET NOW"

ServerControl >> VALUE NOW [1] [0] [1857]

Client has executed command "players"

Failed to find any players.

Client has executed command "GET NOW"

ServerControl >> VALUE NOW [1] [0] [1867]

GET NOW
Client has executed command "GET NOW"

ServerControl >> VALUE NOW [1] [0] [1867]

MessageAnnouncer >> Broadcast: Добро пожаловать на HGM. Тут рады вам больше, чем на любом другом сервере!

MessageAnnouncer >> Добро пожаловать на HGM. Тут рады вам больше, чем на любом другом сервере!

Client has executed command "GET NOW"

ServerControl >> VALUE NOW [1] [0] [1877]

GET NOW
Client has executed command "GET NOW"

ServerControl >> VALUE NOW [1] [0] [1877]

Client has executed command "players"

Failed to find any players.

Client has executed command "GET NOW"

ServerControl >> VALUE NOW [1] [0] [1887]

GET NOW
Client has executed command "GET NOW"

ServerControl >> VALUE NOW [1] [0] [1887]

Client has executed command "GET NOW"

ServerControl >> VALUE NOW [1] [0] [1897]

GET NOW
Client has executed command "GET NOW"

ServerControl >> VALUE NOW [1] [0] [1897]

Client has executed command "players"

Failed to find any players.

Client has executed command "GET NOW"

ServerControl >> VALUE NOW [1] [0] [1907]

GET NOW
Client has executed command "GET NOW"

ServerControl >> VALUE NOW [1] [0] [1907]

Client has executed command "GET NOW"

ServerControl >> VALUE NOW [1] [0] [1917]

GET NOW
Client has executed command "GET NOW"

ServerControl >> VALUE NOW [1] [0] [1917]

Client has executed command "players"
Failed to find any players.
Client has executed command "GET NOW"
ServerControl >> VALUE NOW [1] [0] [1927]

GET NOW
Client has executed command "GET NOW"

ServerControl >> VALUE NOW [1] [0] [1927]

MessageAnnouncer >> Broadcast: Наберите /kit start, чтобы получить стартовый набор (еда, вода, топор)

MessageAnnouncer >> Наберите /kit start, чтобы получить стартовый набор (еда, вода, топор)

Client has executed command "GET NOW"

ServerControl >> VALUE NOW [1] [0] [1937]

GET NOW
Client has executed command "GET NOW"

ServerControl >> VALUE NOW [1] [0] [1937]

Client has executed command "players"

Failed to find any players.

GET NOW
Client has executed command "GET NOW"

Client has executed command "GET NOW"
ServerControl >> VALUE NOW [1] [0] [1947]
ServerControl >> VALUE NOW [1] [0] [1947]

Client has executed command "GET NOW"

ServerControl >> VALUE NOW [1] [0] [1957]

GET NOW
Client has executed command "GET NOW"

ServerControl >> VALUE NOW [1] [0] [1957]

Client has executed command "GET NOW"

ServerControl >> VALUE NOW [1] [0] [1967]

GET NOW
Client has executed command "GET NOW"

ServerControl >> VALUE NOW [1] [0] [1967]

Client has executed command "players"

Failed to find any players.

Client has executed command "GET NOW"

ServerControl >> VALUE NOW [1] [0] [1977]

GET NOW
Client has executed command "GET NOW"

ServerControl >> VALUE NOW [1] [0] [1977]

Client has executed command "GET NOW"

ServerControl >> VALUE NOW [1] [0] [1987]

GET NOW
Client has executed command "GET NOW"

ServerControl >> VALUE NOW [1] [0] [1987]

Client has executed command "players"

Failed to find any players.

MessageAnnouncer >> Broadcast: Внимание! PvP-режим по субботам! PvP-режим!!!

MessageAnnouncer >> Внимание! PvP-режим по субботам! PvP-режим!!!

Client has executed command "GET NOW"

ServerControl >> VALUE NOW [1] [0] [1997]

GET NOW
Client has executed command "GET NOW"

ServerControl >> VALUE NOW [1] [0] [1997]

Client has executed command "GET NOW"

ServerControl >> VALUE NOW [1] [0] [2007]

GET NOW
Client has executed command "GET NOW"

ServerControl >> VALUE NOW [1] [0] [2007]

Client has executed command "players"

Failed to find any players.

Client has executed command "GET NOW"

ServerControl >> VALUE NOW [1] [0] [2017]

GET NOW
Client has executed command "GET NOW"

ServerControl >> VALUE NOW [1] [0] [2017]

Client has executed command "GET NOW"

ServerControl >> VALUE NOW [1] [0] [2027]

GET NOW
Client has executed command "GET NOW"

ServerControl >> VALUE NOW [1] [0] [2027]

Client has executed command "players"

Failed to find any players.

Client has executed command "GET NOW"

ServerControl >> VALUE NOW [1] [0] [2037]

GET NOW
Client has executed command "GET NOW"

ServerControl >> VALUE NOW [1] [0] [2037]

Client has executed command "GET NOW"

ServerControl >> VALUE NOW [1] [0] [2047]

GET NOW
Client has executed command "GET NOW"

ServerControl >> VALUE NOW [1] [0] [2047]

Client has executed command "players"

Failed to find any players.

MessageAnnouncer >> Broadcast: vk.com/unturned_hgm - группа сервера ВК, уникальный кит в записи!
MessageAnnouncer >> vk.com/unturned_hgm - группа сервера ВК, уникальный кит в записи!

Client has executed command "GET NOW"

ServerControl >> VALUE NOW [1] [0] [2057]

GET NOW
Client has executed command "GET NOW"

ServerControl >> VALUE NOW [1] [0] [2057]

Client has executed command "GET NOW"
ServerControl >> VALUE NOW [1] [0] [2067]

GET NOW
Client has executed command "GET NOW"

ServerControl >> VALUE NOW [1] [0] [2067]

Client has executed command "players"

Failed to find any players.

Client has executed command "GET NOW"

ServerControl >> VALUE NOW [1] [0] [2077]

GET NOW
Client has executed command "GET NOW"

ServerControl >> VALUE NOW [1] [0] [2077]

Client has executed command "GET NOW"

ServerControl >> VALUE NOW [1] [0] [2087]

GET NOW
Client has executed command "GET NOW"

ServerControl >> VALUE NOW [1] [0] [2087]

Client has executed command "players"

Failed to find any players.

Client has executed command "GET NOW"

ServerControl >> VALUE NOW [1] [0] [2097]

GET NOW
Client has executed command "GET NOW"

ServerControl >> VALUE NOW [1] [0] [2097]

Client has executed command "GET NOW"

ServerControl >> VALUE NOW [1] [0] [2107]

GET NOW
Client has executed command "GET NOW"

ServerControl >> VALUE NOW [1] [0] [2107]

Client has executed command "players"

Failed to find any players.

MessageAnnouncer >> Broadcast: Посетите наш сайт. Вы будете удивлены! unturned.hemulgm.ru

MessageAnnouncer >> Посетите наш сайт. Вы будете удивлены! unturned.hemulgm.ru

Client has executed command "GET NOW"
ServerControl >> VALUE NOW [1] [0] [2117]

GET NOW
Client has executed command "GET NOW"

ServerControl >> VALUE NOW [1] [0] [2117]

Client has executed command "GET NOW"

ServerControl >> VALUE NOW [1] [0] [2127]

GET NOW
Client has executed command "GET NOW"

ServerControl >> VALUE NOW [1] [0] [2127]

Client has executed command "players"

Failed to find any players.

Client has executed command "GET NOW"

ServerControl >> VALUE NOW [1] [0] [2137]

GET NOW
Client has executed command "GET NOW"

ServerControl >> VALUE NOW [1] [0] [2137]

Client has executed command "GET NOW"

ServerControl >> VALUE NOW [1] [0] [2147]

GET NOW
Client has executed command "GET NOW"

ServerControl >> VALUE NOW [1] [0] [2147]

Client has executed command "players"

Failed to find any players.

Client has executed command "GET NOW"

ServerControl >> VALUE NOW [1] [0] [2157]

GET NOW
Client has executed command "GET NOW"

ServerControl >> VALUE NOW [1] [0] [2157]

Client has executed command "GET NOW"

ServerControl >> VALUE NOW [1] [0] [2167]

GET NOW
Client has executed command "GET NOW"

ServerControl >> VALUE NOW [1] [0] [2167]

Client has executed command "players"

Failed to find any players.

MessageAnnouncer >> Broadcast: Наберите /kit help, чтобы получить первую мед. помощь (бинты, таблетки, еда)

MessageAnnouncer >> Наберите /kit help, чтобы получить первую мед. помощь (бинты, таблетки, еда)

Client has executed command "GET NOW"

ServerControl >> VALUE NOW [1] [0] [2177]

GET NOW
Client has executed command "GET NOW"

ServerControl >> VALUE NOW [1] [0] [2177]

Client has executed command "GET NOW"

ServerControl >> VALUE NOW [1] [0] [2187]

GET NOW
Client has executed command "GET NOW"

ServerControl >> VALUE NOW [1] [0] [2187]

Client has executed command "players"

Failed to find any players.

Client has executed command "GET NOW"

ServerControl >> VALUE NOW [1] [0] [2197]

GET NOW
Client has executed command "GET NOW"

ServerControl >> VALUE NOW [1] [0] [2197]

Client has executed command "GET NOW"

ServerControl >> VALUE NOW [1] [0] [2207]

GET NOW
Client has executed command "GET NOW"

ServerControl >> VALUE NOW [1] [0] [2207]

Client has executed command "players"

Failed to find any players.

Client has executed command "GET NOW"

ServerControl >> VALUE NOW [1] [0] [2217]

GET NOW
Client has executed command "GET NOW"

ServerControl >> VALUE NOW [1] [0] [2217]

Client has executed command "GET NOW"

ServerControl >> VALUE NOW [1] [0] [2227]

GET NOW
Client has executed command "GET NOW"

ServerControl >> VALUE NOW [1] [0] [2227]

Client has executed command "players"

Failed to find any players.

MessageAnnouncer >> Broadcast: vk.com/unturned_hgm - цены на премиум, VIP и другие услуги смотрите в группе!

MessageAnnouncer >> vk.com/unturned_hgm - цены на премиум, VIP и другие услуги смотрите в группе!

Client has executed command "GET NOW"

ServerControl >> VALUE NOW [1] [0] [2237]

GET NOW
Client has executed command "GET NOW"

ServerControl >> VALUE NOW [1] [0] [2237]

Client has executed command "GET NOW"

ServerControl >> VALUE NOW [1] [0] [2247]

GET NOW
Client has executed command "GET NOW"

ServerControl >> VALUE NOW [1] [0] [2247]

Client has executed command "players"

Failed to find any players.

Client has executed command "cchat "/33/09/17/04/17/15/16 /24/05/17/05/08 3 /24. 10 /13. " 255 255 0"
ServerControl >> Broadcast: Аирдроп через 3 ч. 10 м.

Не обработано: ServerControl >> Broadcast: Аирдроп через 3 ч. 10 м.
Client has executed command "GET NOW"

ServerControl >> VALUE NOW [1] [0] [2257]

GET NOW
Client has executed command "GET NOW"

ServerControl >> VALUE NOW [1] [0] [2257]

VehicleEvents >> Broadcast: Брошенный транспорт 'Фиолетовый хэтчбек' в Rainbridge Island! Найди его и он твой!

Client has executed command "GET NOW"

ServerControl >> VALUE NOW [1] [0] [2267]

GET NOW
Client has executed command "GET NOW"

ServerControl >> VALUE NOW [1] [0] [2267]

Client has executed command "players"

Failed to find any players.

Client has executed command "GET NOW"

ServerControl >> VALUE NOW [1] [0] [2277]

GET NOW
Client has executed command "GET NOW"

ServerControl >> VALUE NOW [1] [0] [2277]

Client has executed command "GET NOW"

ServerControl >> VALUE NOW [1] [0] [2287]

GET NOW
Client has executed command "GET NOW"

ServerControl >> VALUE NOW [1] [0] [2287]

MessageAnnouncer >> Broadcast: Наберите /kit claim, чтобы получить Claim Flag

MessageAnnouncer >> Наберите /kit claim, чтобы получить Claim Flag

Client has executed command "players"

Failed to find any players.

Client has executed command "GET NOW"

ServerControl >> VALUE NOW [1] [0] [2297]

GET NOW
Client has executed command "GET NOW"

ServerControl >> VALUE NOW [1] [0] [2297]

Client has executed command "GET NOW"
ServerControl >> VALUE NOW [0] [0] [2307]

GET NOW
Client has executed command "GET NOW"

ServerControl >> VALUE NOW [0] [0] [2308]

Client has executed command "players"

Failed to find any players.

Client has executed command "GET NOW"

ServerControl >> VALUE NOW [0] [0] [2317]

GET NOW
Client has executed command "GET NOW"

ServerControl >> VALUE NOW [0] [0] [2318]

Client has executed command "GET NOW"

ServerControl >> VALUE NOW [0] [0] [2327]

GET NOW
Client has executed command "GET NOW"

ServerControl >> VALUE NOW [0] [0] [2328]

Client has executed command "players"

Failed to find any players.

Client has executed command "GET NOW"

ServerControl >> VALUE NOW [0] [0] [2337]

GET NOW
Client has executed command "GET NOW"

ServerControl >> VALUE NOW [0] [0] [2338]

Client has executed command "GET NOW"

ServerControl >> VALUE NOW [0] [0] [2347]

GET NOW
Client has executed command "GET NOW"

ServerControl >> VALUE NOW [0] [0] [2348]

MessageAnnouncer >> Broadcast: Если модератор ведёт себя неподобающе, пишите в группу или ЛС (vk.com/unturned_hgm, vk.com/hemulgm)

MessageAnnouncer >> Если модератор ведёт себя неподобающе, пишите в группу или ЛС (vk.com/unturned_hgm, vk.com/hemulgm)

Client has executed command "players"

Failed to find any players.

Client has executed command "GET NOW"

ServerControl >> VALUE NOW [0] [0] [2357]

GET NOW
Client has executed command "GET NOW"

ServerControl >> VALUE NOW [0] [0] [2358]

Client has executed command "GET NOW"

ServerControl >> VALUE NOW [0] [0] [2367]

GET NOW
Client has executed command "GET NOW"

ServerControl >> VALUE NOW [0] [0] [2368]

Client has executed command "players"

Failed to find any players.

Client has executed command "GET NOW"

ServerControl >> VALUE NOW [0] [0] [2377]

GET NOW
Client has executed command "GET NOW"

ServerControl >> VALUE NOW [0] [0] [2378]

Client has executed command "GET NOW"

ServerControl >> VALUE NOW [0] [0] [2387]

GET NOW
Client has executed command "GET NOW"

ServerControl >> VALUE NOW [0] [0] [2388]

Client has executed command "players"

Failed to find any players.

Client has executed command "GET NOW"

ServerControl >> VALUE NOW [0] [0] [2397]

GET NOW
Client has executed command "GET NOW"

ServerControl >> VALUE NOW [0] [0] [2398]

Client has executed command "GET NOW"

ServerControl >> VALUE NOW [0] [0] [2407]

GET NOW
Client has executed command "GET NOW"

ServerControl >> VALUE NOW [0] [0] [2408]

MessageAnnouncer >> Broadcast: Посетите наш сайт. Вы будете удивлены! unturned.hemulgm.ru

MessageAnnouncer >> Посетите наш сайт. Вы будете удивлены! unturned.hemulgm.ru

Client has executed command "GET NOW"

ServerControl >> VALUE NOW [0] [0] [2417]

GET NOW
Client has executed command "GET NOW"

Client has executed command "players"
ServerControl >> VALUE NOW [0] [0] [2418]
Failed to find any players.

Client has executed command "GET NOW"

ServerControl >> VALUE NOW [0] [0] [2427]

GET NOW
Client has executed command "GET NOW"

ServerControl >> VALUE NOW [0] [0] [2428]

Client has executed command "GET NOW"

ServerControl >> VALUE NOW [0] [0] [2437]

GET NOW
Client has executed command "GET NOW"

ServerControl >> VALUE NOW [0] [0] [2438]

Client has executed command "players"

Failed to find any players.

Client has executed command "GET NOW"

ServerControl >> VALUE NOW [0] [0] [2447]

GET NOW
Client has executed command "GET NOW"

ServerControl >> VALUE NOW [0] [0] [2448]

Client has executed command "GET NOW"

ServerControl >> VALUE NOW [0] [0] [2457]

GET NOW
Client has executed command "GET NOW"

ServerControl >> VALUE NOW [0] [0] [2458]

Client has executed command "players"

Failed to find any players.

Client has executed command "GET NOW"

ServerControl >> VALUE NOW [0] [0] [2467]

GET NOW
Client has executed command "GET NOW"

ServerControl >> VALUE NOW [0] [0] [2468]

MessageAnnouncer >> Broadcast: vk.com/hemulgm - ЕДИНСТВЕННЫЙ администратор сервера

MessageAnnouncer >> vk.com/hemulgm - ЕДИНСТВЕННЫЙ администратор сервера

Client has executed command "GET NOW"

ServerControl >> VALUE NOW [0] [0] [2477]

GET NOW
Client has executed command "GET NOW"

ServerControl >> VALUE NOW [0] [0] [2478]

Client has executed command "players"

Failed to find any players.

Client has executed command "GET NOW"

ServerControl >> VALUE NOW [0] [0] [2487]

GET NOW
Client has executed command "GET NOW"

ServerControl >> VALUE NOW [0] [0] [2488]

Client has executed command "GET NOW"
ServerControl >> VALUE NOW [0] [0] [2497]

GET NOW
Client has executed command "GET NOW"

ServerControl >> VALUE NOW [0] [0] [2498]

Client has executed command "players"

Failed to find any players.

Client has executed command "GET NOW"

ServerControl >> VALUE NOW [0] [0] [2507]

GET NOW
Client has executed command "GET NOW"

ServerControl >> VALUE NOW [0] [0] [2508]

Client has executed command "GET NOW"

ServerControl >> VALUE NOW [0] [0] [2517]

GET NOW
Client has executed command "GET NOW"

ServerControl >> VALUE NOW [0] [0] [2519]

Client has executed command "players"

Failed to find any players.

Client has executed command "GET NOW"

ServerControl >> VALUE NOW [0] [0] [2527]

GET NOW
Client has executed command "GET NOW"

ServerControl >> VALUE NOW [0] [0] [2529]

MessageAnnouncer >> Broadcast: Используйте /report [ник], чтобы отправить жалобу на игрока

MessageAnnouncer >> Используйте /report [ник], чтобы отправить жалобу на игрока

Client has executed command "GET NOW"

ServerControl >> VALUE NOW [0] [0] [2537]

GET NOW
Client has executed command "GET NOW"

ServerControl >> VALUE NOW [0] [0] [2539]

Client has executed command "players"

Failed to find any players.

Client has executed command "GET NOW"

ServerControl >> VALUE NOW [0] [0] [2547]

GET NOW
Client has executed command "GET NOW"

ServerControl >> VALUE NOW [0] [0] [2549]

Client has executed command "GET NOW"

ServerControl >> VALUE NOW [0] [0] [2557]

GET NOW
Client has executed command "GET NOW"

ServerControl >> VALUE NOW [0] [0] [2559]

Client has executed command "players"

Failed to find any players.

Client has executed command "GET NOW"

ServerControl >> VALUE NOW [0] [0] [2567]

GET NOW
Client has executed command "GET NOW"

ServerControl >> VALUE NOW [0] [0] [2569]

Client has executed command "GET NOW"

ServerControl >> VALUE NOW [0] [0] [2577]

GET NOW
Client has executed command "GET NOW"

ServerControl >> VALUE NOW [0] [0] [2579]

Client has executed command "players"
Failed to find any players.

Client has executed command "GET NOW"

GET NOW
ServerControl >> VALUE NOW [0] [0] [2587]

Client has executed command "GET NOW"
ServerControl >> VALUE NOW [0] [0] [2589]

MessageAnnouncer >> Broadcast: Наберите /rules (/r) для просмотра правил

MessageAnnouncer >> Наберите /rules (/r) для просмотра правил

Client has executed command "GET NOW"

ServerControl >> VALUE NOW [0] [0] [2597]

GET NOW
Client has executed command "GET NOW"

ServerControl >> VALUE NOW [0] [0] [2599]

Client has executed command "players"
Failed to find any players.

Client has executed command "GET NOW"

ServerControl >> VALUE NOW [0] [0] [2607]

GET NOW
Client has executed command "GET NOW"

ServerControl >> VALUE NOW [0] [0] [2609]

Client has executed command "GET NOW"

ServerControl >> VALUE NOW [0] [0] [2617]

GET NOW
Client has executed command "GET NOW"

ServerControl >> VALUE NOW [0] [0] [2619]

Client has executed command "players"

Failed to find any players.

Client has executed command "GET NOW"

ServerControl >> VALUE NOW [0] [0] [2627]

GET NOW
Client has executed command "GET NOW"

ServerControl >> VALUE NOW [0] [0] [2629]

Client has executed command "GET NOW"

ServerControl >> VALUE NOW [0] [0] [2637]

GET NOW
Client has executed command "GET NOW"

ServerControl >> VALUE NOW [0] [0] [2639]

Client has executed command "players"

Failed to find any players.

Client has executed command "GET NOW"

ServerControl >> VALUE NOW [0] [0] [2647]

GET NOW
Client has executed command "GET NOW"

ServerControl >> VALUE NOW [0] [0] [2649]

MessageAnnouncer >> Broadcast: Добро пожаловать на HGM. Тут рады вам больше, чем на любом другом сервере!

MessageAnnouncer >> Добро пожаловать на HGM. Тут рады вам больше, чем на любом другом сервере!

Client has executed command "GET NOW"

ServerControl >> VALUE NOW [0] [0] [2657]

GET NOW
Client has executed command "GET NOW"

ServerControl >> VALUE NOW [0] [0] [2659]

Client has executed command "players"

Failed to find any players.

Client has executed command "GET NOW"

ServerControl >> VALUE NOW [0] [0] [2667]

GET NOW
Client has executed command "GET NOW"

ServerControl >> VALUE NOW [0] [0] [2669]

Client has executed command "GET NOW"

ServerControl >> VALUE NOW [0] [0] [2677]

GET NOW
Client has executed command "GET NOW"

ServerControl >> VALUE NOW [0] [0] [2679]

Client has executed command "players"

Failed to find any players.

Client has executed command "GET NOW"
ServerControl >> VALUE NOW [0] [0] [2687]

GET NOW
Client has executed command "GET NOW"

ServerControl >> VALUE NOW [0] [0] [2689]

Client has executed command "GET NOW"

ServerControl >> VALUE NOW [0] [0] [2697]

GET NOW
Client has executed command "GET NOW"

ServerControl >> VALUE NOW [0] [0] [2699]

Client has executed command "players"

Failed to find any players.

Client has executed command "GET NOW"

ServerControl >> VALUE NOW [0] [0] [2707]

GET NOW
Client has executed command "GET NOW"

ServerControl >> VALUE NOW [0] [0] [2709]

MessageAnnouncer >> Broadcast: Наберите /kit start, чтобы получить стартовый набор (еда, вода, топор)

MessageAnnouncer >> Наберите /kit start, чтобы получить стартовый набор (еда, вода, топор)

Client has executed command "GET NOW"

ServerControl >> VALUE NOW [0] [0] [2717]

GET NOW
Client has executed command "GET NOW"

ServerControl >> VALUE NOW [0] [0] [2719]

Client has executed command "players"

Failed to find any players.

Client has executed command "GET NOW"

ServerControl >> VALUE NOW [0] [0] [2727]

GET NOW
Client has executed command "GET NOW"

ServerControl >> VALUE NOW [0] [0] [2729]

Client has executed command "GET NOW"

ServerControl >> VALUE NOW [0] [0] [2737]

GET NOW
Client has executed command "GET NOW"

ServerControl >> VALUE NOW [0] [0] [2739]

Client has executed command "players"

Failed to find any players.

Client has executed command "GET NOW"

ServerControl >> VALUE NOW [0] [0] [2747]

GET NOW
Client has executed command "GET NOW"

ServerControl >> VALUE NOW [0] [0] [2749]

Client has executed command "GET NOW"

ServerControl >> VALUE NOW [0] [0] [2757]

GET NOW
Client has executed command "GET NOW"

ServerControl >> VALUE NOW [0] [0] [2759]

VehicleEvents >> Vehicle has been despawned

Client has executed command "players"
Failed to find any players.

Client has executed command "GET NOW"

ServerControl >> VALUE NOW [0] [0] [2767]

GET NOW
Client has executed command "GET NOW"

ServerControl >> VALUE NOW [0] [0] [2769]

MessageAnnouncer >> Broadcast: Внимание! PvP-режим по субботам! PvP-режим!!!

MessageAnnouncer >> Внимание! PvP-режим по субботам! PvP-режим!!!

Client has executed command "GET NOW"

ServerControl >> VALUE NOW [0] [0] [2777]

GET NOW
Client has executed command "GET NOW"

ServerControl >> VALUE NOW [0] [0] [2779]

Client has executed command "players"

Failed to find any players.

Client has executed command "GET NOW"

ServerControl >> VALUE NOW [0] [0] [2787]

GET NOW
Client has executed command "GET NOW"

ServerControl >> VALUE NOW [0] [0] [2789]

Client has executed command "GET NOW"

ServerControl >> VALUE NOW [0] [0] [2797]

GET NOW
Client has executed command "GET NOW"

ServerControl >> VALUE NOW [0] [0] [2799]

Client has executed command "players"

Failed to find any players.

Client has executed command "GET NOW"

ServerControl >> VALUE NOW [0] [0] [2807]

GET NOW
Client has executed command "GET NOW"

ServerControl >> VALUE NOW [0] [0] [2809]

Client has executed command "GET NOW"

ServerControl >> VALUE NOW [0] [0] [2817]

GET NOW
Client has executed command "GET NOW"

ServerControl >> VALUE NOW [0] [0] [2819]

Client has executed command "players"

Failed to find any players.

Client has executed command "GET NOW"

ServerControl >> VALUE NOW [0] [0] [2828]

GET NOW
Client has executed command "GET NOW"

ServerControl >> VALUE NOW [0] [0] [2829]

MessageAnnouncer >> Broadcast: vk.com/unturned_hgm - группа сервера ВК, уникальный кит в записи!

MessageAnnouncer >> vk.com/unturned_hgm - группа сервера ВК, уникальный кит в записи!

Client has executed command "GET NOW"

ServerControl >> VALUE NOW [0] [0] [2838]

GET NOW
Client has executed command "GET NOW"

ServerControl >> VALUE NOW [0] [0] [2839]

Client has executed command "players"

Failed to find any players.

Client has executed command "GET NOW"

ServerControl >> VALUE NOW [0] [0] [2848]

GET NOW
Client has executed command "GET NOW"

ServerControl >> VALUE NOW [0] [0] [2849]

Client has executed command "cchat "/33/09/17/04/17/15/16 /24/05/17/05/08 3 /24. " 255 255 0"

ServerControl >> Broadcast: Аирдроп через 3 ч.

Не обработано: ServerControl >> Broadcast: Аирдроп через 3 ч.
Client has executed command "GET NOW"

ServerControl >> VALUE NOW [0] [0] [2858]

GET NOW
Client has executed command "GET NOW"

ServerControl >> VALUE NOW [0] [0] [2859]

