RocketRcon v2.4.8.0

login aVIPs22031994
players
Client has executed command "players"
Players:
PlayerID: 76561198056500580 Name: BART Character: KOFFI Ping: 23
Client has executed command "bans"

Bans:
PlayerID: 76561197966773788
JudgeID: 0
Reason: 900000 Duration: 31536000 Remaining: 27474492
PlayerID: 76561198190667017
JudgeID: 0
Reason: cheater Duration: 31104000 Remaining: 30354770
PlayerID: 76561198374710965
JudgeID: 0
Reason: cheater Duration: 31104000 Remaining: 30354786

END
END
Client has executed command "GET NOW"
ServerControl >> VALUE NOW [1] [0] [161]

Client has executed command "players"

Players:
PlayerID: 76561198056500580 Name: BART Character: KOFFI Ping: 23

Client has executed command "bans"

Bans:
PlayerID: 76561197966773788
JudgeID: 0
Reason: 900000 Duration: 31536000 Remaining: 27474479
PlayerID: 76561198190667017
JudgeID: 0
Reason: cheater Duration: 31104000 Remaining: 30354757
PlayerID: 76561198374710965
JudgeID: 0
Reason: cheater Duration: 31104000 Remaining: 30354773

END
GET NOW
Client has executed command "GET NOW"

ServerControl >> VALUE NOW [1] [0] [168]

END
Client has executed command "GET NOW"

ServerControl >> VALUE NOW [1] [0] [171]

GET NOW
Client has executed command "GET NOW"

ServerControl >> VALUE NOW [1] [0] [179]

Client has executed command "GET NOW"

ServerControl >> VALUE NOW [1] [0] [181]

Client has executed command "players"

Players:
PlayerID: 76561198056500580 Name: BART Character: KOFFI Ping: 23

Client has executed command "bans"

Bans:
PlayerID: 76561197966773788
JudgeID: 0
Reason: 900000 Duration: 31536000 Remaining: 27474459
PlayerID: 76561198190667017
JudgeID: 0
Reason: cheater Duration: 31104000 Remaining: 30354737
PlayerID: 76561198374710965
JudgeID: 0
Reason: cheater Duration: 31104000 Remaining: 30354753

END
