Не обработано: RocketRcon v2.4.8.0
RocketRcon v2.4.8.0

Client has executed command "players"

TimerTerminateCommand.Enabled with Players:
Players:
PlayerID: 76561198262878051 Name: Kolder Character: Kolder Ping: 70
PlayerID: 76561198366549870 Name: Expert13372284200 Character: Expert1337 Ping: 152
PlayerID: 76561198152563082 Name: Drakon Character: [MODER]Stanat Ping: 39

END with Players:
Client has executed command "bans"

TimerTerminateCommand.Enabled with Bans:
Bans:
PlayerID: 123123
JudgeID: 0
Reason: unspecified Duration: 31536000 Remaining: 30963548
PlayerID: 123
JudgeID: 0
Reason: durila Duration: 4000 Remaining: 4294399342
PlayerID: 76561198274427357
JudgeID: 0
Reason: you were vote kicked Duration: 180 Remaining: 4294427715

END with Bans:
