27.07.2017 17:58:41: Сохранение сервера
27.07.2017 18:28:41: Сохранение сервера
27.07.2017 18:46:12: Не обработано: PlayerID: 76561198296821721 Name: RedBull Character: Майк Никольсон Ping: 93
27.07.2017 18:52:12: Не обработано: PlayerID: 76561198296821721 Name: RedBull Character: Майк Никольсон Ping: 82
27.07.2017 18:58:41: Сохранение сервера
27.07.2017 19:28:41: Сохранение сервера
27.07.2017 19:33:35: Не обработано: 
27.07.2017 19:33:35: Не обработано: [unloading] RocketMod_TPA
27.07.2017 20:05:19: Сохранение сервера
27.07.2017 20:06:11: Не обработано: vitalik.yurchenko.2005l [antheo tenses] was mauled by a zombie!
27.07.2017 20:09:22: Не обработано: Ferb [Yuri_play08] was mauled by a zombie!
27.07.2017 20:10:19: Не обработано: Ferb [Yuri_play08] was mauled by a zombie!
27.07.2017 20:11:30: Не обработано: Ferb [Yuri_play08] was mauled by a zombie!
27.07.2017 20:17:22: Не обработано: vlAd_a9eEv_NaRkU|||A [vlAd_a9eEv_NaRkU|||A] was blown up by a vehicle!
27.07.2017 20:33:33: Не обработано: Майк Никольсон moved x:941.8983 y:110.8095(+72.33223) z:-910.6583 in the last second (0.09999847)
27.07.2017 20:35:19: Сохранение сервера
27.07.2017 20:38:19: Не обработано: Майк Никольсон moved x:941.8983 y:110.8095(+71.62646) z:-910.6583 in the last second (0.09999847)
27.07.2017 20:39:53: Не обработано: Майк Никольсон был исцелён
27.07.2017 21:05:19: Сохранение сервера
27.07.2017 21:16:12: Не обработано: PrivateMessages >> Sorry, you haven't received a message!
27.07.2017 21:35:19: Сохранение сервера
27.07.2017 21:39:02: Не обработано: Nolic [vг??? ? Я ЕНОТ] bled to death!
27.07.2017 21:54:16: Не обработано: Kasper_Hansen [Kasper_Hansen] was mauled by a zombie!
27.07.2017 21:54:19: Не обработано: Kasper_Hansen moved x:-720.9009 y:59.51276(+16.1268) z:150.1289 in the last second (1.003479)
27.07.2017 21:54:24: Не обработано: Louna [Соня Мармеладова] was mauled by a zombie!
27.07.2017 22:05:19: Сохранение сервера
27.07.2017 22:05:40: Не обработано: drevniydragon [stive48] was dissolved by a zombie!
27.07.2017 22:06:14: Не обработано: drevniydragon [stive48] killed themself.
27.07.2017 22:06:53: Не обработано: drevniydragon [stive48] killed themself.
27.07.2017 22:07:03: Не обработано: drevniydragon [stive48] killed themself.
27.07.2017 22:07:13: Не обработано: drevniydragon [stive48] killed themself.
27.07.2017 22:10:25: Не обработано: drevniydragon [stive48] was mauled by a zombie!
27.07.2017 22:12:59: Не обработано: drevniydragon [stive48] was dissolved by a zombie!
27.07.2017 22:15:09: Не обработано: Legend [??Legend??] was mauled by a zombie!
27.07.2017 22:17:14: Не обработано: Legend [??Legend??] was mauled by a zombie!
27.07.2017 22:17:30: Не обработано: DinosaurPlays [kman4615] bled to death!
27.07.2017 22:20:13: Не обработано: Nolic [vг??? ? Я ЕНОТ] was mauled by a zombie!
27.07.2017 22:29:33: Не обработано: Starboy [Starboy] was mauled by a zombie!
27.07.2017 22:35:19: Сохранение сервера
27.07.2017 22:53:41: Не обработано: #1 /kit start, чтобы получить стартовый набор (еда, вода, топор)
27.07.2017 22:53:41: Не обработано: #2 /kit help, чтобы получить первую мед. помощь (бинты, таблетки, еда)
27.07.2017 22:53:41: Не обработано: #3 /kit claim, чтобы получить Claim Flag
27.07.2017 22:53:41: Не обработано: #4 Зайдите в группу вконтакте vk.com/unturned_hgm, чтобы узнать спец. кит!
27.07.2017 23:00:27: Не обработано: Dimacvit1996 moved x:-830.4136 y:95.70561(+57.02826) z:57.02798 in the last second (0.6716614)
27.07.2017 23:03:35: Не обработано: Starboy [Starboy] was mauled by a zombie!
27.07.2017 23:05:19: Сохранение сервера
27.07.2017 23:14:35: Не обработано: Starboy [Starboy] was mauled by a zombie!
27.07.2017 23:16:14: Не обработано: Starboy [Starboy] killed themself.
27.07.2017 23:16:36: Не обработано: Starboy [Starboy] killed themself.
27.07.2017 23:17:12: Не обработано: Starboy [Starboy] was mauled by a zombie!
27.07.2017 23:17:25: Не обработано: Starboy [Starboy] killed themself.
27.07.2017 23:18:10: Не обработано: Starboy [Starboy] was mauled by a zombie!
27.07.2017 23:24:06: Не обработано: Starboy [Starboy] was mauled by a zombie!
27.07.2017 23:34:04: Не обработано: Dimacvit1996 moved x:-911.0514 y:80.4048(+41.92748) z:399.0795 in the last second (0.1612701)
27.07.2017 23:35:19: Сохранение сервера
27.07.2017 23:39:58: Не обработано: Nolic был исцелён
27.07.2017 23:39:58: Не обработано: Owl был исцелён
27.07.2017 23:39:58: Не обработано: Dimacvit1996 был исцелён
27.07.2017 23:39:58: Не обработано: lalka228337 был исцелён
27.07.2017 23:39:58: Не обработано: danya был исцелён
27.07.2017 23:45:47: Не обработано: lalka228337 moved x:-255.9971 y:54.6104(+15.93308) z:106.0661 in the last second (0.1000023)
27.07.2017 23:45:51: Не обработано: danya moved x:-256.458 y:55.5104(+16.83307) z:103.9943 in the last second (1)
27.07.2017 23:47:54: Не обработано: danya [stalker337] was mauled by a zombie!
27.07.2017 23:48:13: Не обработано: lalka228337 [TrueDimon1] was dissolved by a zombie!
27.07.2017 23:54:05: Не обработано: Owl [Owl] bled to death!
27.07.2017 23:56:31: Не обработано: lalka228337 [TrueDimon1] was mauled by a zombie!
27.07.2017 23:56:34: Не обработано: danya [stalker337] was mauled by a zombie!
27.07.2017 23:58:21: Не обработано: Owl [Owl] was mauled by a zombie!
27.07.2017 23:58:32: Не обработано: lalka228337 [TrueDimon1] was mauled by a zombie!
28.07.2017 0:01:11: Не обработано: lalka228337 moved x:576.332 y:54.51842(+15.67857) z:-553.6382 in the last second (0.9999962)
28.07.2017 0:01:15: Не обработано: danya moved x:573.8777 y:54.54591(+15.70606) z:-557.2835 in the last second (1)
28.07.2017 0:02:56: Не обработано: lalka228337 [TrueDimon1] was mauled by a zombie!
28.07.2017 0:03:40: Не обработано: danya [stalker337] was mauled by a zombie!
28.07.2017 0:05:19: Сохранение сервера
28.07.2017 0:06:06: Не обработано: danya [stalker337] was mauled by a zombie!
28.07.2017 0:06:33: Не обработано: lalka228337 [TrueDimon1] bled to death!
28.07.2017 0:07:05: Не обработано: Owl moved x:-915.5711 y:62.07801(+28.3201) z:-57.70277 in the last second (0.7989578)
28.07.2017 0:07:22: Не обработано: Dimacvit1996 moved x:-919.0976 y:59.92317(+25.11171) z:-60.15532 in the last second (0.1387444)
28.07.2017 0:14:04: Не обработано: [FDF]paladindu965 [paladindu965] bled to death!
28.07.2017 0:20:03: Не обработано: danya [stalker337] was mauled by a zombie!
28.07.2017 0:20:08: Не обработано: lalka228337 [TrueDimon1] was mauled by a zombie!
28.07.2017 0:21:39: Не обработано: Dimacvit1996 moved x:73.35741 y:67.81531(+28.08585) z:-634.113 in the last second (0.8116455)
28.07.2017 0:24:10: Не обработано: Owl [Owl] was mauled by a zombie!
28.07.2017 0:28:12: Не обработано: Dimacvit1996 [Canada] was mauled by a zombie!
28.07.2017 0:35:19: Сохранение сервера
28.07.2017 0:51:18: Не обработано: Kim-Keel Won [Kim-Keel Won] was mauled by a zombie!
28.07.2017 0:53:38: Не обработано: Kim-Keel Won [Kim-Keel Won] was mauled by a zombie!
28.07.2017 0:54:22: Не обработано: Kim-Keel Won [Kim-Keel Won] was mauled by a zombie!
28.07.2017 0:57:01: Не обработано: Kim-Keel Won [Kim-Keel Won] bled to death!
28.07.2017 0:59:41: Не обработано: Kim-Keel Won [Kim-Keel Won] was mauled by a zombie!
28.07.2017 1:02:14: Не обработано: Kim-Keel Won [Kim-Keel Won] bled to death!
28.07.2017 1:05:19: Сохранение сервера
28.07.2017 1:05:20: Не обработано: Kim-Keel Won [Kim-Keel Won] was mauled by a zombie!
28.07.2017 1:09:05: Не обработано: Kim-Keel Won [Kim-Keel Won] was mauled by a zombie!
28.07.2017 1:12:41: Не обработано: Kim-Keel Won [Kim-Keel Won] was mauled by a zombie!
28.07.2017 1:35:19: Сохранение сервера
28.07.2017 1:58:15: Не обработано: ___yoan__ [iS4nko_] was mauled by a zombie!
28.07.2017 1:58:22: Не обработано: ___yoan__ moved x:-744.4502 y:58.56762(+19.76027) z:127.2084 in the last second (0.9748459)
28.07.2017 1:59:09: Не обработано: ___yoan__ [iS4nko_] was mauled by a zombie!
28.07.2017 2:05:19: Сохранение сервера
28.07.2017 2:11:57: Не обработано: ___yoan__ [iS4nko_] was mauled by a zombie!
28.07.2017 2:13:47: Не обработано: ___yoan__ [iS4nko_] was mauled by a zombie!
28.07.2017 2:27:07: Не обработано: Poop 2 [Richard] was mauled by a zombie!
28.07.2017 2:35:19: Сохранение сервера
28.07.2017 3:05:19: Сохранение сервера
28.07.2017 3:35:19: Сохранение сервера
28.07.2017 4:05:19: Сохранение сервера
28.07.2017 4:35:19: Сохранение сервера
28.07.2017 5:05:19: Сохранение сервера
28.07.2017 5:35:19: Сохранение сервера
28.07.2017 6:05:19: Сохранение сервера
28.07.2017 6:35:19: Сохранение сервера
28.07.2017 7:05:19: Сохранение сервера
28.07.2017 7:35:19: Сохранение сервера
28.07.2017 7:49:06: Не обработано: (((Police))) [?SCORPIO¦?  ?] was mauled by a zombie!
28.07.2017 7:52:47: Не обработано: Hyper Beast [Hyper Beast] was mauled by a zombie!
28.07.2017 7:56:57: Не обработано: lol [God'sEnvoy°] bled to death!
28.07.2017 7:57:10: Не обработано: Hyper Beast [Hyper Beast] bled to death!
28.07.2017 7:58:52: Не обработано: Hyper Beast [Hyper Beast] bled to death!
28.07.2017 8:00:47: Не обработано: (((Police))) [?SCORPIO¦?  ?] was mauled by a zombie!
28.07.2017 8:01:35: Не обработано: lol [God'sEnvoy°] bled to death!
28.07.2017 8:05:19: Сохранение сервера
28.07.2017 8:05:50: Не обработано: BAX [alextihonov1919] was dissolved by a zombie!
28.07.2017 8:06:42: Не обработано: (((Police))) [?SCORPIO¦?  ?] bled to death!
28.07.2017 8:10:30: Не обработано: lol [God'sEnvoy°] was mauled by a zombie!
28.07.2017 8:11:39: Не обработано: (((Police))) [?SCORPIO¦?  ?] was mauled by a zombie!
28.07.2017 8:12:13: Не обработано: lol [God'sEnvoy°] was mauled by a zombie!
28.07.2017 8:13:02: Не обработано: lol [God'sEnvoy°] was mauled by a zombie!
28.07.2017 8:13:15: Не обработано: (((Police))) [?SCORPIO¦?  ?] was mauled by a zombie!
28.07.2017 8:14:07: Не обработано: lol moved x:-298.4802 y:55.11039(+16.63308) z:62.02379 in the last second (0.5999947)
28.07.2017 8:16:03: Не обработано: lol [God'sEnvoy°] was dissolved by a zombie!
28.07.2017 8:17:07: Не обработано: (((Police))) [?SCORPIO¦?  ?] was mauled by a zombie!
28.07.2017 8:26:22: Не обработано: BAX [alextihonov1919] was blown up by a vehicle!
28.07.2017 8:28:30: Не обработано: BAX [alextihonov1919] was mauled by a zombie!
28.07.2017 8:35:19: Сохранение сервера
28.07.2017 8:42:40: Не обработано: BAX [alextihonov1919] was mauled by a zombie!
28.07.2017 9:05:19: Сохранение сервера
28.07.2017 9:35:18: Сохранение сервера
28.07.2017 9:46:22: Не обработано: 7_AleX_3 [7_AleX_3] was blown up by a vehicle!
28.07.2017 10:05:18: Сохранение сервера
28.07.2017 10:18:04: Не обработано: Client has disconnected! (IP: 31.25.240.66:57372)
28.07.2017 10:23:10: Не обработано: Client has disconnected! (IP: 31.25.240.66:58145)
28.07.2017 10:23:31: Не обработано: Client has disconnected! (IP: 31.25.240.66:58152)
