Не обработано: RocketRcon v2.4.8.0
RocketRcon v2.4.8.0

Client has executed command "players"

TimerTerminateCommand.Enabled with Players:
Players:
PlayerID: 76561198152563082 Name: Drakon Character: [MODER]Stanat Ping: 39
PlayerID: 76561198367661777 Name: Andrei888 Character: zmushko2002 Ping: 82
PlayerID: 76561198393829004 Name: rubisbogdan Character: BodyaBich Ping: 109
PlayerID: 76561198322934559 Name: @& утка про  &@ Character: yesjop Ping: 85
PlayerID: 76561198328119181 Name: Fex Character: Fex Ping: 50
PlayerID: 76561198347057860 Name: PhantoM Character: ResonZ Ping: 66
PlayerID: 76561198147477828 Name: galbatsovmikail Character: galbatsovmikail Ping: 50
PlayerID: 76561198381173735 Name: ingener_spring Character: ingener_spring Ping: 152
PlayerID: 76561198350739197 Name: bykov4677 Character: MR.CAT Ping: 89
PlayerID: 76561198368128006 Name: Aibek Character: 3o/loToN_Akym Ping: 93
PlayerID: 76561198350260924 Name: Спартанец Character: дима Ping: 152
PlayerID: 76561198345092267 Name: demid3450 Character: [гл террористов] демид журавлёв Ping: 261

END with Players:
Client has executed command "bans"

TimerTerminateCommand.Enabled with Bans:
Bans:
PlayerID: 76561198274427357
JudgeID: 0
Reason: you were vote kicked Duration: 180 Remaining: 4294412239

TimerTerminateCommand.Enabled with Bans:
[World] galbatsovmikail [galbatsovmikail]: "ща приду"

TimerTerminateCommand.Enabled with Bans:
[World] [гл террористов] демид журавлёв [demid3450]: "бля ну нахуй"

END with Bans:
[World] [гл террористов] демид журавлёв [demid3450]: "админы вы где"

[World] [MODER]Stanat [Drakon]: "аахах"

Client has executed command "players"

TimerTerminateCommand.Enabled with Players:
Players:
PlayerID: 76561198152563082 Name: Drakon Character: [MODER]Stanat Ping: 35
PlayerID: 76561198367661777 Name: Andrei888 Character: zmushko2002 Ping: 101
PlayerID: 76561198393829004 Name: rubisbogdan Character: BodyaBich Ping: 128
PlayerID: 76561198322934559 Name: @& утка про  &@ Character: yesjop Ping: 70
PlayerID: 76561198328119181 Name: Fex Character: Fex Ping: 62
PlayerID: 76561198347057860 Name: PhantoM Character: ResonZ Ping: 50
PlayerID: 76561198147477828 Name: galbatsovmikail Character: galbatsovmikail Ping: 46
PlayerID: 76561198381173735 Name: ingener_spring Character: ingener_spring Ping: 148
PlayerID: 76561198350739197 Name: bykov4677 Character: MR.CAT Ping: 97
PlayerID: 76561198368128006 Name: Aibek Character: 3o/loToN_Akym Ping: 97
PlayerID: 76561198350260924 Name: Спартанец Character: дима Ping: 164
PlayerID: 76561198345092267 Name: demid3450 Character: [гл террористов] демид журавлёв Ping: 148

TimerTerminateCommand.Enabled with Players:
[World] [MODER]Stanat [Drakon]: "опять рейданули"

END with Players:
Client has executed command "bans"

TimerTerminateCommand.Enabled with Bans:
Bans:
PlayerID: 76561198274427357
JudgeID: 0
Reason: you were vote kicked Duration: 180 Remaining: 4294412219

TimerTerminateCommand.Enabled with Bans:
[World] [гл террористов] демид журавлёв [demid3450]: "да\"

Не обработано: MessageAnnouncer >> Broadcast: Наберите /kit start, чтобы получить стартовый набор (еда, вода, топор)
Не обработано: MessageAnnouncer >> Наберите /kit start, чтобы получить стартовый набор (еда, вода, топор)
Не обработано: MR.CAT moved x:607.3336 y:58.66451(+22.44261) z:447.4084 in the last second (20.28596)
Не обработано: Saving server
TimerTerminateCommand.Enabled with Bans:
[World] [гл террористов] демид журавлёв [demid3450]: "пидоры"
[World] [гл террористов] демид журавлёв [demid3450]: "2 раз уже"
MessageAnnouncer >> Broadcast: Наберите /kit start, чтобы получить стартовый набор (еда, вода, топор)
MessageAnnouncer >> Наберите /kit start, чтобы получить стартовый набор (еда, вода, топор)
[World] [гл террористов] демид журавлёв [demid3450]: "бля ещё тем бан не кинули"
[World] zmushko2002 [Andrei888]: "меня тоже рейданули"
MR.CAT moved x:607.3336 y:58.66451(+22.44261) z:447.4084 in the last second (20.28596)
[World] [гл террористов] демид журавлёв [demid3450]: "ну нахуй тут играть"
[World] [гл террористов] демид журавлёв [demid3450]: "лучше на свой серв пойду"
Saving server
[World] zmushko2002 [Andrei888]: "на всех серверах рейдят"
[World] zmushko2002 [Andrei888]: "такова судьба"

Не обработано: MessageAnnouncer >> Broadcast: Внимание! PvP-режим по субботам! PvP-режим!!!
Не обработано: MessageAnnouncer >> Внимание! PvP-режим по субботам! PvP-режим!!!
TimerTerminateCommand.Enabled with Bans:
[World] yesjop [@& утка про  &@]: "дай джепеес"
[World] [MODER]Stanat [Drakon]: "ты руский"
[World] yesjop [@& утка про  &@]: "да ну даеш"
[World] [гл террористов] демид журавлёв [demid3450]: "я даты нет"
[World] [MODER]Stanat [Drakon]: "точно"
[World] [MODER]Stanat [Drakon]: "столица россии"
[World] zmushko2002 [Andrei888]: "станат тебе сколько лет?"
[World] yesjop [@& утка про  &@]: "даааа"
[World] yesjop [@& утка про  &@]: "даааа"
Connecting: PlayerID: 76561198262878051 Name: Kolder Character: Kolder
[World] [MODER]Stanat [Drakon]: "че даа"
[World] [MODER]Stanat [Drakon]: "столица россии"
[World] [гл террористов] демид журавлёв [demid3450]: "/kit help"
[World] [MODER]Stanat [Drakon]: "потом 2 столица"
MessageAnnouncer >> Broadcast: Внимание! PvP-режим по субботам! PvP-режим!!!
MessageAnnouncer >> Внимание! PvP-режим по субботам! PvP-режим!!!
[World] zmushko2002 [Andrei888]: "вообщето русский"
[World] yesjop [@& утка про  &@]: "да я руский"
[World] zmushko2002 [Andrei888]: "с 2 сс"
[World] [MODER]Stanat [Drakon]: "так сложно"
[World] Kolder [Kolder]: "/tpa zmushko"
[World] [MODER]Stanat [Drakon]: "написать"
[World] [MODER]Stanat [Drakon]: "столицу"
[World] yesjop [@& утка про  &@]: "даш"
[World] [MODER]Stanat [Drakon]: "скажи"
[World] [MODER]Stanat [Drakon]: "столицу"
[World] [MODER]Stanat [Drakon]: "дам"
[World] zmushko2002 [Andrei888]: "/tpa a"
[World] [MODER]Stanat [Drakon]: "новигатор"
[World] yesjop [@& утка про  &@]: "мне надо на воэнку пж"
[World] [гл террористов] демид журавлёв [demid3450]: "я живу в якутске"
[World] ingener_spring [ingener_spring]: "это тебе"
[World] galbatsovmikail [galbatsovmikail]: "спс"

END with Bans:
TimerTerminateCommand.Enabled with Players:
Client has executed command "players"
Players:
PlayerID: 76561198152563082 Name: Drakon Character: [MODER]Stanat Ping: 42
PlayerID: 76561198367661777 Name: Andrei888 Character: zmushko2002 Ping: 113
PlayerID: 76561198393829004 Name: rubisbogdan Character: BodyaBich Ping: 160
PlayerID: 76561198322934559 Name: @& утка про  &@ Character: yesjop Ping: 70
PlayerID: 76561198328119181 Name: Fex Character: Fex Ping: 46
PlayerID: 76561198347057860 Name: PhantoM Character: ResonZ Ping: 54
PlayerID: 76561198147477828 Name: galbatsovmikail Character: galbatsovmikail Ping: 50
PlayerID: 76561198381173735 Name: ingener_spring Character: ingener_spring Ping: 152
PlayerID: 76561198350739197 Name: bykov4677 Character: MR.CAT Ping: 113
PlayerID: 76561198368128006 Name: Aibek Character: 3o/loToN_Akym Ping: 97
PlayerID: 76561198350260924 Name: Спартанец Character: дима Ping: 148
PlayerID: 76561198345092267 Name: demid3450 Character: [гл террористов] демид журавлёв Ping: 125
PlayerID: 76561198262878051 Name: Kolder Character: Kolder Ping: 54

TimerTerminateCommand.Enabled with Players:
[World] yesjop [@& утка про  &@]: "даш навигатор"

END with Players:
Client has executed command "bans"

TimerTerminateCommand.Enabled with Bans:
Bans:
PlayerID: 76561198274427357
JudgeID: 0
Reason: you were vote kicked Duration: 180 Remaining: 4294412002

END with Bans:
Не обработано: Successfully gave Drakon 77!
[World] [MODER]Stanat [Drakon]: "нет"
[World] [MODER]Stanat [Drakon]: "/vehicle 77"
Successfully gave Drakon 77!

[World] yesjop [@& утка про  &@]: "ну пж"

Client has executed command "players"

TimerTerminateCommand.Enabled with Players:
Players:
PlayerID: 76561198152563082 Name: Drakon Character: [MODER]Stanat Ping: 46
PlayerID: 76561198367661777 Name: Andrei888 Character: zmushko2002 Ping: 89
PlayerID: 76561198393829004 Name: rubisbogdan Character: BodyaBich Ping: 187
PlayerID: 76561198322934559 Name: @& утка про  &@ Character: yesjop Ping: 78
PlayerID: 76561198328119181 Name: Fex Character: Fex Ping: 46
PlayerID: 76561198347057860 Name: PhantoM Character: ResonZ Ping: 46
PlayerID: 76561198147477828 Name: galbatsovmikail Character: galbatsovmikail Ping: 46
PlayerID: 76561198381173735 Name: ingener_spring Character: ingener_spring Ping: 148
PlayerID: 76561198350739197 Name: bykov4677 Character: MR.CAT Ping: 105
PlayerID: 76561198368128006 Name: Aibek Character: 3o/loToN_Akym Ping: 101
PlayerID: 76561198350260924 Name: Спартанец Character: дима Ping: 160
PlayerID: 76561198345092267 Name: demid3450 Character: [гл террористов] демид журавлёв Ping: 257
PlayerID: 76561198262878051 Name: Kolder Character: Kolder Ping: 50

END with Players:
Client has executed command "bans"

TimerTerminateCommand.Enabled with Bans:
Bans:
PlayerID: 76561198274427357
JudgeID: 0
Reason: you were vote kicked Duration: 180 Remaining: 4294411984

TimerTerminateCommand.Enabled with Bans:
[World] [гл террористов] демид журавлёв [demid3450]: "у тебя можно чтонибуть купить модер"

END with Bans:
[World] [MODER]Stanat [Drakon]: "столица россии"

[World] galbatsovmikail [galbatsovmikail]: "как спал мешок сделать?"

Client has executed command "players"

TimerTerminateCommand.Enabled with Players:
Players:
PlayerID: 76561198152563082 Name: Drakon Character: [MODER]Stanat Ping: 42
PlayerID: 76561198367661777 Name: Andrei888 Character: zmushko2002 Ping: 89
PlayerID: 76561198393829004 Name: rubisbogdan Character: BodyaBich Ping: 93
PlayerID: 76561198322934559 Name: @& утка про  &@ Character: yesjop Ping: 74
PlayerID: 76561198328119181 Name: Fex Character: Fex Ping: 54
PlayerID: 76561198347057860 Name: PhantoM Character: ResonZ Ping: 54
PlayerID: 76561198147477828 Name: galbatsovmikail Character: galbatsovmikail Ping: 39
PlayerID: 76561198381173735 Name: ingener_spring Character: ingener_spring Ping: 156
PlayerID: 76561198350739197 Name: bykov4677 Character: MR.CAT Ping: 109
PlayerID: 76561198368128006 Name: Aibek Character: 3o/loToN_Akym Ping: 97
PlayerID: 76561198350260924 Name: Спартанец Character: дима Ping: 160
PlayerID: 76561198345092267 Name: demid3450 Character: [гл террористов] демид журавлёв Ping: 121
PlayerID: 76561198262878051 Name: Kolder Character: Kolder Ping: 50

END with Players:
Client has executed command "bans"

TimerTerminateCommand.Enabled with Bans:
Bans:
PlayerID: 76561198274427357
JudgeID: 0
Reason: you were vote kicked Duration: 180 Remaining: 4294411964

END with Bans:
[World] [MODER]Stanat [Drakon]: "обменять"

[World] [MODER]Stanat [Drakon]: "можно"

Не обработано: MessageAnnouncer >> Broadcast: vk.com/unturned_hgm - группа сервера ВК, уникальный кит в записи!
MessageAnnouncer >> Broadcast: vk.com/unturned_hgm - группа сервера ВК, уникальный кит в записи!

Не обработано: MessageAnnouncer >> vk.com/unturned_hgm - группа сервера ВК, уникальный кит в записи!
MessageAnnouncer >> vk.com/unturned_hgm - группа сервера ВК, уникальный кит в записи!

[World] [гл террористов] демид журавлёв [demid3450]: "люди продам отмычку тп"

Client has executed command "players"

TimerTerminateCommand.Enabled with Players:
Players:
PlayerID: 76561198152563082 Name: Drakon Character: [MODER]Stanat Ping: 46
PlayerID: 76561198367661777 Name: Andrei888 Character: zmushko2002 Ping: 93
PlayerID: 76561198393829004 Name: rubisbogdan Character: BodyaBich Ping: 101
PlayerID: 76561198322934559 Name: @& утка про  &@ Character: yesjop Ping: 70
PlayerID: 76561198328119181 Name: Fex Character: Fex Ping: 46
PlayerID: 76561198347057860 Name: PhantoM Character: ResonZ Ping: 54
PlayerID: 76561198147477828 Name: galbatsovmikail Character: galbatsovmikail Ping: 50
PlayerID: 76561198381173735 Name: ingener_spring Character: ingener_spring Ping: 179
PlayerID: 76561198350739197 Name: bykov4677 Character: MR.CAT Ping: 101
PlayerID: 76561198368128006 Name: Aibek Character: 3o/loToN_Akym Ping: 97
PlayerID: 76561198350260924 Name: Спартанец Character: дима Ping: 156
PlayerID: 76561198345092267 Name: demid3450 Character: [гл террористов] демид журавлёв Ping: 136
PlayerID: 76561198262878051 Name: Kolder Character: Kolder Ping: 46

TimerTerminateCommand.Enabled with Players:
Client has executed command "say "q\""

END with Players:
Client has executed command "bans"

TimerTerminateCommand.Enabled with Bans:
Bans:
PlayerID: 76561198274427357
JudgeID: 0
Reason: you were vote kicked Duration: 180 Remaining: 4294411940

END with Bans:
[World] Kolder [Kolder]: "/q"

[World] ingener_spring [ingener_spring]: "и го постройм тебе дом"

Client has executed command "players"

TimerTerminateCommand.Enabled with Players:
Players:
PlayerID: 76561198152563082 Name: Drakon Character: [MODER]Stanat Ping: 39
PlayerID: 76561198367661777 Name: Andrei888 Character: zmushko2002 Ping: 105
PlayerID: 76561198393829004 Name: rubisbogdan Character: BodyaBich Ping: 144
PlayerID: 76561198322934559 Name: @& утка про  &@ Character: yesjop Ping: 85
PlayerID: 76561198328119181 Name: Fex Character: Fex Ping: 74
PlayerID: 76561198347057860 Name: PhantoM Character: ResonZ Ping: 50
PlayerID: 76561198147477828 Name: galbatsovmikail Character: galbatsovmikail Ping: 58
PlayerID: 76561198381173735 Name: ingener_spring Character: ingener_spring Ping: 152
PlayerID: 76561198350739197 Name: bykov4677 Character: MR.CAT Ping: 93
PlayerID: 76561198368128006 Name: Aibek Character: 3o/loToN_Akym Ping: 101
PlayerID: 76561198350260924 Name: Спартанец Character: дима Ping: 156
PlayerID: 76561198345092267 Name: demid3450 Character: [гл террористов] демид журавлёв Ping: 121
PlayerID: 76561198262878051 Name: Kolder Character: Kolder Ping: 50

END with Players:
Client has executed command "bans"

TimerTerminateCommand.Enabled with Bans:
Bans:
PlayerID: 76561198274427357
JudgeID: 0
Reason: you were vote kicked Duration: 180 Remaining: 4294411924

END with Bans:
Client has executed command "say "Eto ne komanda.""

[World] [MODER]Stanat [Drakon]: "q/"

[World] [гл террористов] демид журавлёв [demid3450]: "можеш обменять мою заяву в группе на бан чтобы забанить ктллера и эксперта"

TimerTerminateCommand.Enabled with Players:
Client has executed command "players"
Players:
PlayerID: 76561198152563082 Name: Drakon Character: [MODER]Stanat Ping: 42
PlayerID: 76561198367661777 Name: Andrei888 Character: zmushko2002 Ping: 97
PlayerID: 76561198393829004 Name: rubisbogdan Character: BodyaBich Ping: 128
PlayerID: 76561198322934559 Name: @& утка про  &@ Character: yesjop Ping: 82
PlayerID: 76561198328119181 Name: Fex Character: Fex Ping: 66
PlayerID: 76561198347057860 Name: PhantoM Character: ResonZ Ping: 50
PlayerID: 76561198147477828 Name: galbatsovmikail Character: galbatsovmikail Ping: 50
PlayerID: 76561198381173735 Name: ingener_spring Character: ingener_spring Ping: 164
PlayerID: 76561198350739197 Name: bykov4677 Character: MR.CAT Ping: 93
PlayerID: 76561198368128006 Name: Aibek Character: 3o/loToN_Akym Ping: 105
PlayerID: 76561198350260924 Name: Спартанец Character: дима Ping: 156
PlayerID: 76561198345092267 Name: demid3450 Character: [гл террористов] демид журавлёв Ping: 125
PlayerID: 76561198262878051 Name: Kolder Character: Kolder Ping: 54

END with Players:
Client has executed command "bans"

TimerTerminateCommand.Enabled with Bans:
Bans:
PlayerID: 76561198274427357
JudgeID: 0
Reason: you were vote kicked Duration: 180 Remaining: 4294411902

TimerTerminateCommand.Enabled with Bans:
[World] [гл террористов] демид журавлёв [demid3450]: "KiLLer Expert"

END with Bans:
[World] [гл террористов] демид журавлёв [demid3450]: "пойдёт обмен"

[World] ingener_spring [ingener_spring]: "бери и я щас"

Client has executed command "players"

TimerTerminateCommand.Enabled with Players:
Players:
PlayerID: 76561198152563082 Name: Drakon Character: [MODER]Stanat Ping: 50
PlayerID: 76561198367661777 Name: Andrei888 Character: zmushko2002 Ping: 97
PlayerID: 76561198393829004 Name: rubisbogdan Character: BodyaBich Ping: 160
PlayerID: 76561198322934559 Name: @& утка про  &@ Character: yesjop Ping: 82
PlayerID: 76561198328119181 Name: Fex Character: Fex Ping: 54
PlayerID: 76561198347057860 Name: PhantoM Character: ResonZ Ping: 66
PlayerID: 76561198147477828 Name: galbatsovmikail Character: galbatsovmikail Ping: 42
PlayerID: 76561198381173735 Name: ingener_spring Character: ingener_spring Ping: 148
PlayerID: 76561198350739197 Name: bykov4677 Character: MR.CAT Ping: 93
PlayerID: 76561198368128006 Name: Aibek Character: 3o/loToN_Akym Ping: 97
PlayerID: 76561198350260924 Name: Спартанец Character: дима Ping: 156
PlayerID: 76561198345092267 Name: demid3450 Character: [гл террористов] демид журавлёв Ping: 128
PlayerID: 76561198262878051 Name: Kolder Character: Kolder Ping: 54

END with Players:
Client has executed command "bans"

TimerTerminateCommand.Enabled with Bans:
Bans:
PlayerID: 76561198274427357
JudgeID: 0
Reason: you were vote kicked Duration: 180 Remaining: 4294411882

END with Bans:
Client has executed command "say "Kolder, preduprezhdenie vam""

Client has executed command "players"

TimerTerminateCommand.Enabled with Players:
Players:
PlayerID: 76561198152563082 Name: Drakon Character: [MODER]Stanat Ping: 46
PlayerID: 76561198367661777 Name: Andrei888 Character: zmushko2002 Ping: 85
PlayerID: 76561198393829004 Name: rubisbogdan Character: BodyaBich Ping: 132
PlayerID: 76561198322934559 Name: @& утка про  &@ Character: yesjop Ping: 85
PlayerID: 76561198328119181 Name: Fex Character: Fex Ping: 46
PlayerID: 76561198347057860 Name: PhantoM Character: ResonZ Ping: 46
PlayerID: 76561198147477828 Name: galbatsovmikail Character: galbatsovmikail Ping: 50
PlayerID: 76561198381173735 Name: ingener_spring Character: ingener_spring Ping: 156
PlayerID: 76561198350739197 Name: bykov4677 Character: MR.CAT Ping: 187
PlayerID: 76561198368128006 Name: Aibek Character: 3o/loToN_Akym Ping: 101
PlayerID: 76561198350260924 Name: Спартанец Character: дима Ping: 160
PlayerID: 76561198345092267 Name: demid3450 Character: [гл террористов] демид журавлёв Ping: 132
PlayerID: 76561198262878051 Name: Kolder Character: Kolder Ping: 54

END with Players:
Client has executed command "bans"

TimerTerminateCommand.Enabled with Bans:
Bans:
PlayerID: 76561198274427357
JudgeID: 0
Reason: you were vote kicked Duration: 180 Remaining: 4294411862

END with Bans:
[World] [гл террористов] демид журавлёв [demid3450]: "колдер кстати тоже рейдер"

Client has executed command "players"

TimerTerminateCommand.Enabled with Players:
Players:
PlayerID: 76561198152563082 Name: Drakon Character: [MODER]Stanat Ping: 58
PlayerID: 76561198367661777 Name: Andrei888 Character: zmushko2002 Ping: 101
PlayerID: 76561198393829004 Name: rubisbogdan Character: BodyaBich Ping: 140
PlayerID: 76561198322934559 Name: @& утка про  &@ Character: yesjop Ping: 78
PlayerID: 76561198328119181 Name: Fex Character: Fex Ping: 50
PlayerID: 76561198347057860 Name: PhantoM Character: ResonZ Ping: 54
PlayerID: 76561198147477828 Name: galbatsovmikail Character: galbatsovmikail Ping: 54
PlayerID: 76561198381173735 Name: ingener_spring Character: ingener_spring Ping: 144
PlayerID: 76561198350739197 Name: bykov4677 Character: MR.CAT Ping: 105
PlayerID: 76561198368128006 Name: Aibek Character: 3o/loToN_Akym Ping: 97
PlayerID: 76561198350260924 Name: Спартанец Character: дима Ping: 148
PlayerID: 76561198345092267 Name: demid3450 Character: [гл террористов] демид журавлёв Ping: 125
PlayerID: 76561198262878051 Name: Kolder Character: Kolder Ping: 50

END with Players:
Client has executed command "bans"

TimerTerminateCommand.Enabled with Bans:
Bans:
PlayerID: 76561198274427357
JudgeID: 0
Reason: you were vote kicked Duration: 180 Remaining: 4294411842

TimerTerminateCommand.Enabled with Bans:
[World] [гл террористов] демид журавлёв [demid3450]: "он меня просил чтоб я дал ему патронов на рейд"

TimerTerminateCommand.Enabled with Bans:
[World] Kolder [Kolder]: "sto"

Не обработано: DeathMessagesRemastered >> Broadcast: MR.CAT has bled to death!
TimerTerminateCommand.Enabled with Bans:
DeathMessagesRemastered >> Broadcast: MR.CAT has bled to death!

Не обработано: MR.CAT [bykov4677] bled to death!
TimerTerminateCommand.Enabled with Bans:
MR.CAT [bykov4677] bled to death!

END with Bans:
Не обработано: MessageAnnouncer >> Broadcast: Наберите /kit help, чтобы получить первую мед. помощь (бинты, таблетки, еда)
MessageAnnouncer >> Broadcast: Наберите /kit help, чтобы получить первую мед. помощь (бинты, таблетки, еда)

Не обработано: MessageAnnouncer >> Наберите /kit help, чтобы получить первую мед. помощь (бинты, таблетки, еда)
MessageAnnouncer >> Наберите /kit help, чтобы получить первую мед. помощь (бинты, таблетки, еда)

[World] zmushko2002 [Andrei888]: "что тебе надо?"

[World] [гл террористов] демид журавлёв [demid3450]: "/home"

Client has executed command "players"

TimerTerminateCommand.Enabled with Players:
Players:
PlayerID: 76561198152563082 Name: Drakon Character: [MODER]Stanat Ping: 35
PlayerID: 76561198367661777 Name: Andrei888 Character: zmushko2002 Ping: 97
PlayerID: 76561198393829004 Name: rubisbogdan Character: BodyaBich Ping: 101
PlayerID: 76561198322934559 Name: @& утка про  &@ Character: yesjop Ping: 113
PlayerID: 76561198328119181 Name: Fex Character: Fex Ping: 66
PlayerID: 76561198347057860 Name: PhantoM Character: ResonZ Ping: 50
PlayerID: 76561198147477828 Name: galbatsovmikail Character: galbatsovmikail Ping: 46
PlayerID: 76561198381173735 Name: ingener_spring Character: ingener_spring Ping: 160
PlayerID: 76561198350739197 Name: bykov4677 Character: MR.CAT Ping: 89
PlayerID: 76561198368128006 Name: Aibek Character: 3o/loToN_Akym Ping: 101
PlayerID: 76561198350260924 Name: Спартанец Character: дима Ping: 152
PlayerID: 76561198345092267 Name: demid3450 Character: [гл террористов] демид журавлёв Ping: 125
PlayerID: 76561198262878051 Name: Kolder Character: Kolder Ping: 46

Не обработано: [гл террористов] демид журавлёв moved x:-824.8892 y:78.19715(+39.71983) z:-566.1694 in the last second (0.05000305)
TimerTerminateCommand.Enabled with Players:
[гл террористов] демид журавлёв moved x:-824.8892 y:78.19715(+39.71983) z:-566.1694 in the last second (0.05000305)

END with Players:
Client has executed command "bans"

TimerTerminateCommand.Enabled with Bans:
Bans:
PlayerID: 76561198274427357
JudgeID: 0
Reason: you were vote kicked Duration: 180 Remaining: 4294411822

END with Bans:
Disconnecting: PlayerID: 76561198350739197 Name: bykov4677 Character: MR.CAT

Client has executed command "players"

