Не обработано: RocketRcon v2.4.8.0
RocketRcon v2.4.8.0

Client has executed command "players"

TimerTerminateCommand.Enabled with Players:
Players:
PlayerID: 76561198300812301 Name: KiLeR00707 Character: KiLeR00707 Ping: 31
PlayerID: 76561198295801599 Name: Lo[x] Character: Lo[x] Ping: 54
PlayerID: 76561198176817369 Name: ?. Character: GlodiS Ping: 54
PlayerID: 76561198349642857 Name: хлеб228 Character: хлеб228 Ping: 164
PlayerID: 76561198056237987 Name: Calibrovshik Character: Calibrovshik Ping: 93
PlayerID: 76561198282625830 Name: Mafia Character: serj-goryn Ping: 148
PlayerID: 76561198263636845 Name: matic Character: matic Ping: 101
PlayerID: 76561198256962041 Name: Omega orange Character: CLI Ping: 62
PlayerID: 76561198371161101 Name: TheOneWinner4 Character: rauno.pikk Ping: 132

TimerTerminateCommand.Enabled with Players:
Connecting: PlayerID: 76561198238373696 Name: SecretGuyRasmus Character: SecretGuyRasmus

END with Players:
Client has executed command "bans"

TimerTerminateCommand.Enabled with Bans:
Bans:
PlayerID: 123123
JudgeID: 0
Reason: unspecified Duration: 31536000 Remaining: 31281890
PlayerID: 123
JudgeID: 0
Reason: durila Duration: 4000 Remaining: 4294717684
PlayerID: 76561198274427357
JudgeID: 0
Reason: you were vote kicked Duration: 180 Remaining: 4294746057

END with Bans:
[World] Lo[x] [Lo[x]]: "/tpa Glodis"

[Area] serj-goryn [Mafia]: "/kit start"

Client has executed command "players"

TimerTerminateCommand.Enabled with Players:
Players:
PlayerID: 76561198300812301 Name: KiLeR00707 Character: KiLeR00707 Ping: 31
PlayerID: 76561198295801599 Name: Lo[x] Character: Lo[x] Ping: 46
PlayerID: 76561198176817369 Name: ?. Character: GlodiS Ping: 62
PlayerID: 76561198349642857 Name: хлеб228 Character: хлеб228 Ping: 132
PlayerID: 76561198056237987 Name: Calibrovshik Character: Calibrovshik Ping: 93
PlayerID: 76561198282625830 Name: Mafia Character: serj-goryn Ping: 132
PlayerID: 76561198263636845 Name: matic Character: matic Ping: 93
PlayerID: 76561198256962041 Name: Omega orange Character: CLI Ping: 62
PlayerID: 76561198371161101 Name: TheOneWinner4 Character: rauno.pikk Ping: 70
PlayerID: 76561198238373696 Name: SecretGuyRasmus Character: SecretGuyRasmus Ping: 62

END with Players:
Client has executed command "bans"

TimerTerminateCommand.Enabled with Bans:
Bans:
PlayerID: 123123
JudgeID: 0
Reason: unspecified Duration: 31536000 Remaining: 31281871
PlayerID: 123
JudgeID: 0
Reason: durila Duration: 4000 Remaining: 4294717665
PlayerID: 76561198274427357
JudgeID: 0
Reason: you were vote kicked Duration: 180 Remaining: 4294746038

END with Bans:
[Group] GlodiS [?.]: "/tpa accept"

[World] SecretGuyRasmus [SecretGuyRasmus]: "/kits"

[World] CLI [Omega orange]: "/kit star"

[World] CLI [Omega orange]: "/kit start"

Client has executed command "players"

TimerTerminateCommand.Enabled with Players:
Players:
PlayerID: 76561198300812301 Name: KiLeR00707 Character: KiLeR00707 Ping: 31
PlayerID: 76561198295801599 Name: Lo[x] Character: Lo[x] Ping: 39
PlayerID: 76561198176817369 Name: ?. Character: GlodiS Ping: 54
PlayerID: 76561198349642857 Name: хлеб228 Character: хлеб228 Ping: 148
PlayerID: 76561198056237987 Name: Calibrovshik Character: Calibrovshik Ping: 93
PlayerID: 76561198282625830 Name: Mafia Character: serj-goryn Ping: 132
PlayerID: 76561198263636845 Name: matic Character: matic Ping: 101
PlayerID: 76561198256962041 Name: Omega orange Character: CLI Ping: 62
PlayerID: 76561198371161101 Name: TheOneWinner4 Character: rauno.pikk Ping: 70
PlayerID: 76561198238373696 Name: SecretGuyRasmus Character: SecretGuyRasmus Ping: 78

TimerTerminateCommand.Enabled with Players:
[World] KiLeR00707 [KiLeR00707]: "/kit start"

END with Players:
Client has executed command "bans"

TimerTerminateCommand.Enabled with Bans:
Bans:
PlayerID: 123123
JudgeID: 0
Reason: unspecified Duration: 31536000 Remaining: 31281851
PlayerID: 123
JudgeID: 0
Reason: durila Duration: 4000 Remaining: 4294717645
PlayerID: 76561198274427357
JudgeID: 0
Reason: you were vote kicked Duration: 180 Remaining: 4294746018

END with Bans:
[World] SecretGuyRasmus [SecretGuyRasmus]: "/tpa theone"

Не обработано: MessageAnnouncer >> Broadcast: vk.com/unturned_hgm - группа сервера ВК, уникальный кит в записи!
MessageAnnouncer >> Broadcast: vk.com/unturned_hgm - группа сервера ВК, уникальный кит в записи!

Не обработано: MessageAnnouncer >> vk.com/unturned_hgm - группа сервера ВК, уникальный кит в записи!
MessageAnnouncer >> vk.com/unturned_hgm - группа сервера ВК, уникальный кит в записи!

Client has executed command "players"

TimerTerminateCommand.Enabled with Players:
Players:
PlayerID: 76561198300812301 Name: KiLeR00707 Character: KiLeR00707 Ping: 31
PlayerID: 76561198295801599 Name: Lo[x] Character: Lo[x] Ping: 46
PlayerID: 76561198176817369 Name: ?. Character: GlodiS Ping: 54
PlayerID: 76561198349642857 Name: хлеб228 Character: хлеб228 Ping: 140
PlayerID: 76561198056237987 Name: Calibrovshik Character: Calibrovshik Ping: 93
PlayerID: 76561198282625830 Name: Mafia Character: serj-goryn Ping: 179
PlayerID: 76561198263636845 Name: matic Character: matic Ping: 140
PlayerID: 76561198256962041 Name: Omega orange Character: CLI Ping: 62
PlayerID: 76561198371161101 Name: TheOneWinner4 Character: rauno.pikk Ping: 62
PlayerID: 76561198238373696 Name: SecretGuyRasmus Character: SecretGuyRasmus Ping: 85

END with Players:
Client has executed command "bans"

TimerTerminateCommand.Enabled with Bans:
Bans:
PlayerID: 123123
JudgeID: 0
Reason: unspecified Duration: 31536000 Remaining: 31281831
PlayerID: 123
JudgeID: 0
Reason: durila Duration: 4000 Remaining: 4294717625
PlayerID: 76561198274427357
JudgeID: 0
Reason: you were vote kicked Duration: 180 Remaining: 4294745998

END with Bans:
Client has executed command "players"

TimerTerminateCommand.Enabled with Players:
Players:
PlayerID: 76561198300812301 Name: KiLeR00707 Character: KiLeR00707 Ping: 15
PlayerID: 76561198295801599 Name: Lo[x] Character: Lo[x] Ping: 46
PlayerID: 76561198176817369 Name: ?. Character: GlodiS Ping: 54
PlayerID: 76561198349642857 Name: хлеб228 Character: хлеб228 Ping: 140
PlayerID: 76561198056237987 Name: Calibrovshik Character: Calibrovshik Ping: 93
PlayerID: 76561198282625830 Name: Mafia Character: serj-goryn Ping: 140
PlayerID: 76561198263636845 Name: matic Character: matic Ping: 93
PlayerID: 76561198256962041 Name: Omega orange Character: CLI Ping: 70
PlayerID: 76561198371161101 Name: TheOneWinner4 Character: rauno.pikk Ping: 78
PlayerID: 76561198238373696 Name: SecretGuyRasmus Character: SecretGuyRasmus Ping: 101

Не обработано: Saving server
TimerTerminateCommand.Enabled with Players:
Saving server

END with Players:
Client has executed command "bans"

TimerTerminateCommand.Enabled with Bans:
Bans:
PlayerID: 123123
JudgeID: 0
Reason: unspecified Duration: 31536000 Remaining: 31281810
PlayerID: 123
JudgeID: 0
Reason: durila Duration: 4000 Remaining: 4294717604
PlayerID: 76561198274427357
JudgeID: 0
Reason: you were vote kicked Duration: 180 Remaining: 4294745977

END with Bans:
Client has executed command "players"

TimerTerminateCommand.Enabled with Players:
Players:
PlayerID: 76561198300812301 Name: KiLeR00707 Character: KiLeR00707 Ping: 15
PlayerID: 76561198295801599 Name: Lo[x] Character: Lo[x] Ping: 62
PlayerID: 76561198176817369 Name: ?. Character: GlodiS Ping: 78
PlayerID: 76561198349642857 Name: хлеб228 Character: хлеб228 Ping: 148
PlayerID: 76561198056237987 Name: Calibrovshik Character: Calibrovshik Ping: 93
PlayerID: 76561198282625830 Name: Mafia Character: serj-goryn Ping: 148
PlayerID: 76561198263636845 Name: matic Character: matic Ping: 101
PlayerID: 76561198256962041 Name: Omega orange Character: CLI Ping: 70
PlayerID: 76561198371161101 Name: TheOneWinner4 Character: rauno.pikk Ping: 85
PlayerID: 76561198238373696 Name: SecretGuyRasmus Character: SecretGuyRasmus Ping: 54

END with Players:
Client has executed command "bans"

TimerTerminateCommand.Enabled with Bans:
Bans:
PlayerID: 123123
JudgeID: 0
Reason: unspecified Duration: 31536000 Remaining: 31281791
PlayerID: 123
JudgeID: 0
Reason: durila Duration: 4000 Remaining: 4294717585
PlayerID: 76561198274427357
JudgeID: 0
Reason: you were vote kicked Duration: 180 Remaining: 4294745958

END with Bans:
Client has executed command "players"

TimerTerminateCommand.Enabled with Players:
Players:
PlayerID: 76561198300812301 Name: KiLeR00707 Character: KiLeR00707 Ping: 31
PlayerID: 76561198295801599 Name: Lo[x] Character: Lo[x] Ping: 54
PlayerID: 76561198176817369 Name: ?. Character: GlodiS Ping: 62
PlayerID: 76561198349642857 Name: хлеб228 Character: хлеб228 Ping: 164
PlayerID: 76561198056237987 Name: Calibrovshik Character: Calibrovshik Ping: 93
PlayerID: 76561198282625830 Name: Mafia Character: serj-goryn Ping: 148
PlayerID: 76561198263636845 Name: matic Character: matic Ping: 101
PlayerID: 76561198256962041 Name: Omega orange Character: CLI Ping: 62
PlayerID: 76561198371161101 Name: TheOneWinner4 Character: rauno.pikk Ping: 85
PlayerID: 76561198238373696 Name: SecretGuyRasmus Character: SecretGuyRasmus Ping: 78

END with Players:
Client has executed command "bans"

TimerTerminateCommand.Enabled with Bans:
Bans:
PlayerID: 123123
JudgeID: 0
Reason: unspecified Duration: 31536000 Remaining: 31281771
PlayerID: 123
JudgeID: 0
Reason: durila Duration: 4000 Remaining: 4294717565
PlayerID: 76561198274427357
JudgeID: 0
Reason: you were vote kicked Duration: 180 Remaining: 4294745938

END with Bans:
[World] rauno.pikk [TheOneWinner4]: "/tpa a Tereee"

Не обработано: SecretGuyRasmus moved x:90.525 y:91.54397(+52.76943) z:-628.5756 in the last second (0.6061707)
SecretGuyRasmus moved x:90.525 y:91.54397(+52.76943) z:-628.5756 in the last second (0.6061707)

Client has executed command "players"

TimerTerminateCommand.Enabled with Players:
Players:
PlayerID: 76561198300812301 Name: KiLeR00707 Character: KiLeR00707 Ping: 15
PlayerID: 76561198295801599 Name: Lo[x] Character: Lo[x] Ping: 31
PlayerID: 76561198176817369 Name: ?. Character: GlodiS Ping: 54
PlayerID: 76561198349642857 Name: хлеб228 Character: хлеб228 Ping: 140
PlayerID: 76561198056237987 Name: Calibrovshik Character: Calibrovshik Ping: 93
PlayerID: 76561198282625830 Name: Mafia Character: serj-goryn Ping: 132
PlayerID: 76561198263636845 Name: matic Character: matic Ping: 93
PlayerID: 76561198256962041 Name: Omega orange Character: CLI Ping: 62
PlayerID: 76561198371161101 Name: TheOneWinner4 Character: rauno.pikk Ping: 70
PlayerID: 76561198238373696 Name: SecretGuyRasmus Character: SecretGuyRasmus Ping: 54

END with Players:
Client has executed command "bans"

TimerTerminateCommand.Enabled with Bans:
Bans:
PlayerID: 123123
JudgeID: 0
Reason: unspecified Duration: 31536000 Remaining: 31281751
PlayerID: 123
JudgeID: 0
Reason: durila Duration: 4000 Remaining: 4294717545
PlayerID: 76561198274427357
JudgeID: 0
Reason: you were vote kicked Duration: 180 Remaining: 4294745918

END with Bans:
Client has executed command "players"

TimerTerminateCommand.Enabled with Players:
Players:
PlayerID: 76561198300812301 Name: KiLeR00707 Character: KiLeR00707 Ping: 23
PlayerID: 76561198295801599 Name: Lo[x] Character: Lo[x] Ping: 62
PlayerID: 76561198176817369 Name: ?. Character: GlodiS Ping: 54
PlayerID: 76561198349642857 Name: хлеб228 Character: хлеб228 Ping: 148
PlayerID: 76561198056237987 Name: Calibrovshik Character: Calibrovshik Ping: 93
PlayerID: 76561198282625830 Name: Mafia Character: serj-goryn Ping: 140
PlayerID: 76561198263636845 Name: matic Character: matic Ping: 93
PlayerID: 76561198256962041 Name: Omega orange Character: CLI Ping: 62
PlayerID: 76561198371161101 Name: TheOneWinner4 Character: rauno.pikk Ping: 62
PlayerID: 76561198238373696 Name: SecretGuyRasmus Character: SecretGuyRasmus Ping: 78

END with Players:
Client has executed command "bans"

TimerTerminateCommand.Enabled with Bans:
Bans:
PlayerID: 123123
JudgeID: 0
Reason: unspecified Duration: 31536000 Remaining: 31281731
PlayerID: 123
JudgeID: 0
Reason: durila Duration: 4000 Remaining: 4294717525
PlayerID: 76561198274427357
JudgeID: 0
Reason: you were vote kicked Duration: 180 Remaining: 4294745898

END with Bans:
Не обработано: MessageAnnouncer >> Broadcast: Наберите /kit help, чтобы получить первую мед. помощь (бинты, таблетки, еда)
MessageAnnouncer >> Broadcast: Наберите /kit help, чтобы получить первую мед. помощь (бинты, таблетки, еда)

Не обработано: MessageAnnouncer >> Наберите /kit help, чтобы получить первую мед. помощь (бинты, таблетки, еда)
MessageAnnouncer >> Наберите /kit help, чтобы получить первую мед. помощь (бинты, таблетки, еда)

Client has executed command "players"

TimerTerminateCommand.Enabled with Players:
Players:
PlayerID: 76561198300812301 Name: KiLeR00707 Character: KiLeR00707 Ping: 31
PlayerID: 76561198295801599 Name: Lo[x] Character: Lo[x] Ping: 54
PlayerID: 76561198176817369 Name: ?. Character: GlodiS Ping: 62
PlayerID: 76561198349642857 Name: хлеб228 Character: хлеб228 Ping: 140
PlayerID: 76561198056237987 Name: Calibrovshik Character: Calibrovshik Ping: 101
PlayerID: 76561198282625830 Name: Mafia Character: serj-goryn Ping: 140
PlayerID: 76561198263636845 Name: matic Character: matic Ping: 93
PlayerID: 76561198256962041 Name: Omega orange Character: CLI Ping: 78
PlayerID: 76561198371161101 Name: TheOneWinner4 Character: rauno.pikk Ping: 78
PlayerID: 76561198238373696 Name: SecretGuyRasmus Character: SecretGuyRasmus Ping: 78

END with Players:
Client has executed command "bans"

TimerTerminateCommand.Enabled with Bans:
Bans:
PlayerID: 123123
JudgeID: 0
Reason: unspecified Duration: 31536000 Remaining: 31281711
PlayerID: 123
JudgeID: 0
Reason: durila Duration: 4000 Remaining: 4294717505
PlayerID: 76561198274427357
JudgeID: 0
Reason: you were vote kicked Duration: 180 Remaining: 4294745878

END with Bans:
Client has executed command "players"

TimerTerminateCommand.Enabled with Players:
Players:
PlayerID: 76561198300812301 Name: KiLeR00707 Character: KiLeR00707 Ping: 23
PlayerID: 76561198295801599 Name: Lo[x] Character: Lo[x] Ping: 62
PlayerID: 76561198176817369 Name: ?. Character: GlodiS Ping: 62
PlayerID: 76561198349642857 Name: хлеб228 Character: хлеб228 Ping: 156
PlayerID: 76561198056237987 Name: Calibrovshik Character: Calibrovshik Ping: 93
PlayerID: 76561198282625830 Name: Mafia Character: serj-goryn Ping: 148
PlayerID: 76561198263636845 Name: matic Character: matic Ping: 93
PlayerID: 76561198256962041 Name: Omega orange Character: CLI Ping: 70
PlayerID: 76561198371161101 Name: TheOneWinner4 Character: rauno.pikk Ping: 70
PlayerID: 76561198238373696 Name: SecretGuyRasmus Character: SecretGuyRasmus Ping: 54

END with Players:
Client has executed command "bans"

TimerTerminateCommand.Enabled with Bans:
Bans:
PlayerID: 123123
JudgeID: 0
Reason: unspecified Duration: 31536000 Remaining: 31281691
PlayerID: 123
JudgeID: 0
Reason: durila Duration: 4000 Remaining: 4294717485
PlayerID: 76561198274427357
JudgeID: 0
Reason: you were vote kicked Duration: 180 Remaining: 4294745858

END with Bans:
Disconnecting: PlayerID: 76561198256962041 Name: Omega orange Character: CLI

Client has executed command "players"

TimerTerminateCommand.Enabled with Players:
Players:
PlayerID: 76561198300812301 Name: KiLeR00707 Character: KiLeR00707 Ping: 23
PlayerID: 76561198295801599 Name: Lo[x] Character: Lo[x] Ping: 46
PlayerID: 76561198176817369 Name: ?. Character: GlodiS Ping: 54
PlayerID: 76561198349642857 Name: хлеб228 Character: хлеб228 Ping: 140
PlayerID: 76561198056237987 Name: Calibrovshik Character: Calibrovshik Ping: 93
PlayerID: 76561198282625830 Name: Mafia Character: serj-goryn Ping: 148
PlayerID: 76561198263636845 Name: matic Character: matic Ping: 93
PlayerID: 76561198371161101 Name: TheOneWinner4 Character: rauno.pikk Ping: 70
PlayerID: 76561198238373696 Name: SecretGuyRasmus Character: SecretGuyRasmus Ping: 195

END with Players:
Client has executed command "bans"

TimerTerminateCommand.Enabled with Bans:
Bans:
PlayerID: 123123
JudgeID: 0
Reason: unspecified Duration: 31536000 Remaining: 31281671
PlayerID: 123
JudgeID: 0
Reason: durila Duration: 4000 Remaining: 4294717465
PlayerID: 76561198274427357
JudgeID: 0
Reason: you were vote kicked Duration: 180 Remaining: 4294745838

Не обработано: DeathMessagesRemastered >> Broadcast: serj-goryn has been mauled by a zombie! 
TimerTerminateCommand.Enabled with Bans:
DeathMessagesRemastered >> Broadcast: serj-goryn has been mauled by a zombie! 

Не обработано: serj-goryn [Mafia] was mauled by a zombie!
TimerTerminateCommand.Enabled with Bans:
serj-goryn [Mafia] was mauled by a zombie!

END with Bans:
Client has executed command "players"

TimerTerminateCommand.Enabled with Players:
Players:
PlayerID: 76561198300812301 Name: KiLeR00707 Character: KiLeR00707 Ping: 7
PlayerID: 76561198295801599 Name: Lo[x] Character: Lo[x] Ping: 46
PlayerID: 76561198176817369 Name: ?. Character: GlodiS Ping: 85
PlayerID: 76561198349642857 Name: хлеб228 Character: хлеб228 Ping: 148
PlayerID: 76561198056237987 Name: Calibrovshik Character: Calibrovshik Ping: 93
PlayerID: 76561198282625830 Name: Mafia Character: serj-goryn Ping: 148
PlayerID: 76561198263636845 Name: matic Character: matic Ping: 93
PlayerID: 76561198371161101 Name: TheOneWinner4 Character: rauno.pikk Ping: 54
PlayerID: 76561198238373696 Name: SecretGuyRasmus Character: SecretGuyRasmus Ping: 93

END with Players:
Client has executed command "bans"

TimerTerminateCommand.Enabled with Bans:
Bans:
PlayerID: 123123
JudgeID: 0
Reason: unspecified Duration: 31536000 Remaining: 31281651
PlayerID: 123
JudgeID: 0
Reason: durila Duration: 4000 Remaining: 4294717445
PlayerID: 76561198274427357
JudgeID: 0
Reason: you were vote kicked Duration: 180 Remaining: 4294745818

END with Bans:
Не обработано: DeathMessagesRemastered >> Broadcast: rauno.pikk has been mauled by a zombie! 
DeathMessagesRemastered >> Broadcast: rauno.pikk has been mauled by a zombie! 

Не обработано: rauno.pikk [TheOneWinner4] was mauled by a zombie!
rauno.pikk [TheOneWinner4] was mauled by a zombie!

Client has executed command "players"

TimerTerminateCommand.Enabled with Players:
Players:
PlayerID: 76561198300812301 Name: KiLeR00707 Character: KiLeR00707 Ping: 31
PlayerID: 76561198295801599 Name: Lo[x] Character: Lo[x] Ping: 39
PlayerID: 76561198176817369 Name: ?. Character: GlodiS Ping: 54
PlayerID: 76561198349642857 Name: хлеб228 Character: хлеб228 Ping: 156
PlayerID: 76561198056237987 Name: Calibrovshik Character: Calibrovshik Ping: 93
PlayerID: 76561198282625830 Name: Mafia Character: serj-goryn Ping: 156
PlayerID: 76561198263636845 Name: matic Character: matic Ping: 93
PlayerID: 76561198371161101 Name: TheOneWinner4 Character: rauno.pikk Ping: 54
PlayerID: 76561198238373696 Name: SecretGuyRasmus Character: SecretGuyRasmus Ping: 101

END with Players:
Client has executed command "bans"

TimerTerminateCommand.Enabled with Bans:
Bans:
PlayerID: 123123
JudgeID: 0
Reason: unspecified Duration: 31536000 Remaining: 31281631
PlayerID: 123
JudgeID: 0
Reason: durila Duration: 4000 Remaining: 4294717425
PlayerID: 76561198274427357
JudgeID: 0
Reason: you were vote kicked Duration: 180 Remaining: 4294745798

END with Bans:
Client has executed command "players"

TimerTerminateCommand.Enabled with Players:
Players:
PlayerID: 76561198300812301 Name: KiLeR00707 Character: KiLeR00707 Ping: 23
PlayerID: 76561198295801599 Name: Lo[x] Character: Lo[x] Ping: 62
PlayerID: 76561198176817369 Name: ?. Character: GlodiS Ping: 54
PlayerID: 76561198349642857 Name: хлеб228 Character: хлеб228 Ping: 148
PlayerID: 76561198056237987 Name: Calibrovshik Character: Calibrovshik Ping: 117
PlayerID: 76561198282625830 Name: Mafia Character: serj-goryn Ping: 132
PlayerID: 76561198263636845 Name: matic Character: matic Ping: 117
PlayerID: 76561198371161101 Name: TheOneWinner4 Character: rauno.pikk Ping: 70
PlayerID: 76561198238373696 Name: SecretGuyRasmus Character: SecretGuyRasmus Ping: 93

END with Players:
Client has executed command "bans"

TimerTerminateCommand.Enabled with Bans:
Bans:
PlayerID: 123123
JudgeID: 0
Reason: unspecified Duration: 31536000 Remaining: 31281611
PlayerID: 123
JudgeID: 0
Reason: durila Duration: 4000 Remaining: 4294717405
PlayerID: 76561198274427357
JudgeID: 0
Reason: you were vote kicked Duration: 180 Remaining: 4294745778

END with Bans:
Не обработано: MessageAnnouncer >> Broadcast: vk.com/unturned_hgm - цены на премиум, VIP и другие услуги смотрите в группе!
MessageAnnouncer >> Broadcast: vk.com/unturned_hgm - цены на премиум, VIP и другие услуги смотрите в группе!

Не обработано: MessageAnnouncer >> vk.com/unturned_hgm - цены на премиум, VIP и другие услуги смотрите в группе!
MessageAnnouncer >> vk.com/unturned_hgm - цены на премиум, VIP и другие услуги смотрите в группе!

Client has executed command "players"

TimerTerminateCommand.Enabled with Players:
Players:
PlayerID: 76561198300812301 Name: KiLeR00707 Character: KiLeR00707 Ping: 39
PlayerID: 76561198295801599 Name: Lo[x] Character: Lo[x] Ping: 54
PlayerID: 76561198176817369 Name: ?. Character: GlodiS Ping: 46
PlayerID: 76561198349642857 Name: хлеб228 Character: хлеб228 Ping: 132
PlayerID: 76561198056237987 Name: Calibrovshik Character: Calibrovshik Ping: 101
PlayerID: 76561198282625830 Name: Mafia Character: serj-goryn Ping: 156
PlayerID: 76561198263636845 Name: matic Character: matic Ping: 93
PlayerID: 76561198371161101 Name: TheOneWinner4 Character: rauno.pikk Ping: 78
PlayerID: 76561198238373696 Name: SecretGuyRasmus Character: SecretGuyRasmus Ping: 70

END with Players:
Client has executed command "bans"

TimerTerminateCommand.Enabled with Bans:
Bans:
PlayerID: 123123
JudgeID: 0
Reason: unspecified Duration: 31536000 Remaining: 31281591
PlayerID: 123
JudgeID: 0
Reason: durila Duration: 4000 Remaining: 4294717385
PlayerID: 76561198274427357
JudgeID: 0
Reason: you were vote kicked Duration: 180 Remaining: 4294745758

END with Bans:
Connecting: PlayerID: 76561198256962041 Name: Omega orange Character: CLI

Client has executed command "players"

TimerTerminateCommand.Enabled with Players:
Players:
PlayerID: 76561198300812301 Name: KiLeR00707 Character: KiLeR00707 Ping: 31
PlayerID: 76561198295801599 Name: Lo[x] Character: Lo[x] Ping: 54
PlayerID: 76561198176817369 Name: ?. Character: GlodiS Ping: 54
PlayerID: 76561198349642857 Name: хлеб228 Character: хлеб228 Ping: 140
PlayerID: 76561198056237987 Name: Calibrovshik Character: Calibrovshik Ping: 109
PlayerID: 76561198282625830 Name: Mafia Character: serj-goryn Ping: 164
PlayerID: 76561198263636845 Name: matic Character: matic Ping: 93
PlayerID: 76561198371161101 Name: TheOneWinner4 Character: rauno.pikk Ping: 78
PlayerID: 76561198238373696 Name: SecretGuyRasmus Character: SecretGuyRasmus Ping: 85
PlayerID: 76561198256962041 Name: Omega orange Character: CLI Ping: 125

END with Players:
Client has executed command "bans"

TimerTerminateCommand.Enabled with Bans:
Bans:
PlayerID: 123123
JudgeID: 0
Reason: unspecified Duration: 31536000 Remaining: 31281571
PlayerID: 123
JudgeID: 0
Reason: durila Duration: 4000 Remaining: 4294717365
PlayerID: 76561198274427357
JudgeID: 0
Reason: you were vote kicked Duration: 180 Remaining: 4294745738

END with Bans:
Connecting: PlayerID: 76561198388679451 Name: jarobmw Character: inferno king

[World] CLI [Omega orange]: "/tpa kil"

[World] KiLeR00707 [KiLeR00707]: "/tpa accept"

Не обработано: VehicleEvents >> Broadcast: Брошенный белый минивен в Rainbridge Island! Найди его и он твой!
VehicleEvents >> Broadcast: Брошенный белый минивен в Rainbridge Island! Найди его и он твой!

Client has executed command "players"

TimerTerminateCommand.Enabled with Players:
Players:
PlayerID: 76561198300812301 Name: KiLeR00707 Character: KiLeR00707 Ping: 15
PlayerID: 76561198295801599 Name: Lo[x] Character: Lo[x] Ping: 54
PlayerID: 76561198176817369 Name: ?. Character: GlodiS Ping: 46
PlayerID: 76561198349642857 Name: хлеб228 Character: хлеб228 Ping: 148
PlayerID: 76561198056237987 Name: Calibrovshik Character: Calibrovshik Ping: 101
PlayerID: 76561198282625830 Name: Mafia Character: serj-goryn Ping: 148
PlayerID: 76561198263636845 Name: matic Character: matic Ping: 101
PlayerID: 76561198371161101 Name: TheOneWinner4 Character: rauno.pikk Ping: 54
PlayerID: 76561198238373696 Name: SecretGuyRasmus Character: SecretGuyRasmus Ping: 132
PlayerID: 76561198256962041 Name: Omega orange Character: CLI Ping: 62
PlayerID: 76561198388679451 Name: jarobmw Character: inferno king Ping: 117

END with Players:
Client has executed command "bans"

TimerTerminateCommand.Enabled with Bans:
Bans:
PlayerID: 123123
JudgeID: 0
Reason: unspecified Duration: 31536000 Remaining: 31281551
PlayerID: 123
JudgeID: 0
Reason: durila Duration: 4000 Remaining: 4294717345
PlayerID: 76561198274427357
JudgeID: 0
Reason: you were vote kicked Duration: 180 Remaining: 4294745718

END with Bans:
[World] Lo[x] [Lo[x]]: "/home"

[Area] GlodiS [?.]: "/home"

Client has executed command "players"

TimerTerminateCommand.Enabled with Players:
Players:
PlayerID: 76561198300812301 Name: KiLeR00707 Character: KiLeR00707 Ping: 15
PlayerID: 76561198295801599 Name: Lo[x] Character: Lo[x] Ping: 31
PlayerID: 76561198176817369 Name: ?. Character: GlodiS Ping: 62
PlayerID: 76561198349642857 Name: хлеб228 Character: хлеб228 Ping: 179
PlayerID: 76561198056237987 Name: Calibrovshik Character: Calibrovshik Ping: 109
PlayerID: 76561198282625830 Name: Mafia Character: serj-goryn Ping: 140
PlayerID: 76561198263636845 Name: matic Character: matic Ping: 93
PlayerID: 76561198371161101 Name: TheOneWinner4 Character: rauno.pikk Ping: 62
PlayerID: 76561198238373696 Name: SecretGuyRasmus Character: SecretGuyRasmus Ping: 117
PlayerID: 76561198256962041 Name: Omega orange Character: CLI Ping: 62
PlayerID: 76561198388679451 Name: jarobmw Character: inferno king Ping: 117

TimerTerminateCommand.Enabled with Players:
[World] KiLeR00707 [KiLeR00707]: "/home"

Не обработано: KiLeR00707 moved x:843.7886 y:86.94987(+48.47255) z:-482.8979 in the last second (0.2379227)
TimerTerminateCommand.Enabled with Players:
KiLeR00707 moved x:843.7886 y:86.94987(+48.47255) z:-482.8979 in the last second (0.2379227)

END with Players:
Client has executed command "bans"

TimerTerminateCommand.Enabled with Bans:
Bans:
PlayerID: 123123
JudgeID: 0
Reason: unspecified Duration: 31536000 Remaining: 31281531
PlayerID: 123
JudgeID: 0
Reason: durila Duration: 4000 Remaining: 4294717325
PlayerID: 76561198274427357
JudgeID: 0
Reason: you were vote kicked Duration: 180 Remaining: 4294745698

END with Bans:
