Не обработано: RocketRcon v2.4.8.0
RocketRcon v2.4.8.0

Client has executed command "players"

TimerTerminateCommand.Enabled with Players:
Players:
PlayerID: 76561198300812301 Name: KiLeR00707 Character: KiLeR00707 Ping: 101
PlayerID: 76561198295801599 Name: Lo[x] Character: Lo[x] Ping: 54
PlayerID: 76561198176817369 Name: ?. Character: GlodiS Ping: 62
PlayerID: 76561198349642857 Name: хлеб228 Character: хлеб228 Ping: 148
PlayerID: 76561198056237987 Name: Calibrovshik Character: Calibrovshik Ping: 109
PlayerID: 76561198282625830 Name: Mafia Character: serj-goryn Ping: 140
PlayerID: 76561198263636845 Name: matic Character: matic Ping: 93
PlayerID: 76561198371161101 Name: TheOneWinner4 Character: rauno.pikk Ping: 85
PlayerID: 76561198238373696 Name: SecretGuyRasmus Character: SecretGuyRasmus Ping: 101
PlayerID: 76561198256962041 Name: Omega orange Character: CLI Ping: 70
PlayerID: 76561198388679451 Name: jarobmw Character: inferno king Ping: 140
PlayerID: 76561198341997660 Name: Dimacvit1996 Character: Dimacvit1996 Ping: 78
PlayerID: 76561198305732269 Name: Owl Character: Owl Ping: 62

END with Players:
Client has executed command "bans"

TimerTerminateCommand.Enabled with Bans:
Bans:
PlayerID: 123123
JudgeID: 0
Reason: unspecified Duration: 31536000 Remaining: 31281196
PlayerID: 123
JudgeID: 0
Reason: durila Duration: 4000 Remaining: 4294716990
PlayerID: 76561198274427357
JudgeID: 0
Reason: you were vote kicked Duration: 180 Remaining: 4294745363

END with Bans:
