Не обработано: RocketRcon v2.4.8.0
RocketRcon v2.4.8.0

Client has executed command "players"

TimerTerminateCommand.Enabled with Players:
Players:
PlayerID: 76561198200101595 Name: NEVALYASHA Character: NEVALYASHA Ping: 113
PlayerID: 76561198303283372 Name: PeR4IK Character: данил Ping: 109
PlayerID: 76561198140053978 Name: 7_AleX_3 Character: 7_AleX_3 Ping: 70
PlayerID: 76561198295801599 Name: Lo[x] Character: Lo[x] Ping: 74
PlayerID: 76561198314140913 Name: DireHick Character: JeffRee Ping: 35
PlayerID: 76561198314638573 Name: UDODMEN Character: udodmen Ping: 85
PlayerID: 76561198176817369 Name: ?. Character: GlodiS Ping: 85
PlayerID: 76561198280617288 Name: Незнаю какой придумать Character: Пипр Ping: 58
PlayerID: 76561198276840558 Name: Котик ^-^ Character: kennys Ping: 109
PlayerID: 76561198256523318 Name: baha Character: baha Ping: 35
PlayerID: 76561198241901342 Name: Podarochek Character: Игорь Петрович Ping: 128
PlayerID: 76561198287257345 Name: TheHard27 Character: TheHard27 Ping: 207
PlayerID: 76561198380218376 Name: wdsdewdasd2 Character: wdsdewdasd2 Ping: 140
PlayerID: 76561198292543416 Name: Mr_GiladKing Character: GamerYT Ping: 66
PlayerID: 76561198274640327 Name: NGB_KOTLETA Character: NGB_KOTLETA Ping: 140
PlayerID: 76561198392663165 Name: cherniy.maksim Character: cherniy.maksim Ping: 140
PlayerID: 76561198291966293 Name: redkostniy pedoras Character: ZaXaR4K Ping: 74
PlayerID: 76561198391121800 Name: Джеимс Вурхиз Character: Джеимс Вурхиз Ping: 82
PlayerID: 76561198322193999 Name: ™_Game®_™ Character: (POLISE)_MaKeR_ Ping: 125

TimerTerminateCommand.Enabled with Players:
PlayerID: 76561198257991263 Name: Box Head Character: lektor0312 Ping: 85

TimerTerminateCommand.Enabled with Players:
Client has executed command "bans"

END with Players:
TimerTerminateCommand.Enabled with Bans:
Bans:
PlayerID: 123123
JudgeID: 0
Reason: unspecified Duration: 31536000 Remaining: 31467537
PlayerID: 123
JudgeID: 0
Reason: durila Duration: 4000 Remaining: 4294903331
PlayerID: 76561198274427357
JudgeID: 0
Reason: you were vote kicked Duration: 180 Remaining: 4294931704

TimerTerminateCommand.Enabled with Bans:
[World] 7_AleX_3 [7_AleX_3]: "я строить буду"

END with Bans:
[World] данил [PeR4IK]: "аткрой"

Client has executed command "players"

TimerTerminateCommand.Enabled with Players:
Players:
PlayerID: 76561198200101595 Name: NEVALYASHA Character: NEVALYASHA Ping: 117
PlayerID: 76561198303283372 Name: PeR4IK Character: данил Ping: 97
PlayerID: 76561198140053978 Name: 7_AleX_3 Character: 7_AleX_3 Ping: 50
PlayerID: 76561198295801599 Name: Lo[x] Character: Lo[x] Ping: 78
PlayerID: 76561198314140913 Name: DireHick Character: JeffRee Ping: 50
PlayerID: 76561198314638573 Name: UDODMEN Character: udodmen Ping: 93
PlayerID: 76561198176817369 Name: ?. Character: GlodiS Ping: 93
PlayerID: 76561198280617288 Name: Незнаю какой придумать Character: Пипр Ping: 58
PlayerID: 76561198276840558 Name: Котик ^-^ Character: kennys Ping: 136
PlayerID: 76561198256523318 Name: baha Character: baha Ping: 35
PlayerID: 76561198241901342 Name: Podarochek Character: Игорь Петрович Ping: 117
PlayerID: 76561198287257345 Name: TheHard27 Character: TheHard27 Ping: 226
PlayerID: 76561198380218376 Name: wdsdewdasd2 Character: wdsdewdasd2 Ping: 148
PlayerID: 76561198292543416 Name: Mr_GiladKing Character: GamerYT Ping: 62
PlayerID: 76561198274640327 Name: NGB_KOTLETA Character: NGB_KOTLETA Ping: 125
PlayerID: 76561198392663165 Name: cherniy.maksim Character: cherniy.maksim Ping: 136
PlayerID: 76561198291966293 Name: redkostniy pedoras Character: ZaXaR4K Ping: 62
PlayerID: 76561198391121800 Name: Джеимс Вурхиз Character: Джеимс Вурхиз Ping: 82
PlayerID: 76561198322193999 Name: ™_Game®_™ Character: (POLISE)_MaKeR_ Ping: 136

TimerTerminateCommand.Enabled with Players:
PlayerID: 76561198257991263 Name: Box Head Character: lektor0312 Ping: 85

END with Players:
Disconnecting: PlayerID: 76561198380218376 Name: wdsdewdasd2 Character: wdsdewdasd2

Client has executed command "players"

TimerTerminateCommand.Enabled with Players:
Players:
PlayerID: 76561198200101595 Name: NEVALYASHA Character: NEVALYASHA Ping: 121
PlayerID: 76561198303283372 Name: PeR4IK Character: данил Ping: 117
PlayerID: 76561198140053978 Name: 7_AleX_3 Character: 7_AleX_3 Ping: 35
PlayerID: 76561198295801599 Name: Lo[x] Character: Lo[x] Ping: 62
PlayerID: 76561198314140913 Name: DireHick Character: JeffRee Ping: 35
PlayerID: 76561198314638573 Name: UDODMEN Character: udodmen Ping: 82
PlayerID: 76561198176817369 Name: ?. Character: GlodiS Ping: 78
PlayerID: 76561198280617288 Name: Незнаю какой придумать Character: Пипр Ping: 70
PlayerID: 76561198276840558 Name: Котик ^-^ Character: kennys Ping: 105
PlayerID: 76561198256523318 Name: baha Character: baha Ping: 31
PlayerID: 76561198241901342 Name: Podarochek Character: Игорь Петрович Ping: 128
PlayerID: 76561198287257345 Name: TheHard27 Character: TheHard27 Ping: 195
PlayerID: 76561198292543416 Name: Mr_GiladKing Character: GamerYT Ping: 54
PlayerID: 76561198274640327 Name: NGB_KOTLETA Character: NGB_KOTLETA Ping: 82
PlayerID: 76561198392663165 Name: cherniy.maksim Character: cherniy.maksim Ping: 105
PlayerID: 76561198291966293 Name: redkostniy pedoras Character: ZaXaR4K Ping: 191
PlayerID: 76561198391121800 Name: Джеимс Вурхиз Character: Джеимс Вурхиз Ping: 58
PlayerID: 76561198322193999 Name: ™_Game®_™ Character: (POLISE)_MaKeR_ Ping: 207
PlayerID: 76561198257991263 Name: Box Head Character: lektor0312 Ping: 113

TimerTerminateCommand.Enabled with Players:
[World] 7_AleX_3 [7_AleX_3]: "потом"

TimerTerminateCommand.Enabled with Players:
Disconnecting: PlayerID: 76561198314638573 Name: UDODMEN Character: udodmen

END with Players:
[World] данил [PeR4IK]: "даш мне тачку"

Disconnecting: PlayerID: 76561198391121800 Name: Джеимс Вурхиз Character: Джеимс Вурхиз

Connecting: PlayerID: 76561198391121800 Name: Джеимс Вурхиз Character: Джеимс Вурхиз

Client has executed command "players"

TimerTerminateCommand.Enabled with Players:
Players:
PlayerID: 76561198200101595 Name: NEVALYASHA Character: NEVALYASHA Ping: 113
PlayerID: 76561198303283372 Name: PeR4IK Character: данил Ping: 101
PlayerID: 76561198140053978 Name: 7_AleX_3 Character: 7_AleX_3 Ping: 50
PlayerID: 76561198295801599 Name: Lo[x] Character: Lo[x] Ping: 54
PlayerID: 76561198314140913 Name: DireHick Character: JeffRee Ping: 35
PlayerID: 76561198176817369 Name: ?. Character: GlodiS Ping: 78
PlayerID: 76561198280617288 Name: Незнаю какой придумать Character: Пипр Ping: 54
PlayerID: 76561198276840558 Name: Котик ^-^ Character: kennys Ping: 93
PlayerID: 76561198256523318 Name: baha Character: baha Ping: 46
PlayerID: 76561198241901342 Name: Podarochek Character: Игорь Петрович Ping: 109
PlayerID: 76561198287257345 Name: TheHard27 Character: TheHard27 Ping: 210
PlayerID: 76561198292543416 Name: Mr_GiladKing Character: GamerYT Ping: 58
PlayerID: 76561198274640327 Name: NGB_KOTLETA Character: NGB_KOTLETA Ping: 105
PlayerID: 76561198392663165 Name: cherniy.maksim Character: cherniy.maksim Ping: 105
PlayerID: 76561198291966293 Name: redkostniy pedoras Character: ZaXaR4K Ping: 54
PlayerID: 76561198322193999 Name: ™_Game®_™ Character: (POLISE)_MaKeR_ Ping: 101
PlayerID: 76561198257991263 Name: Box Head Character: lektor0312 Ping: 222
PlayerID: 76561198391121800 Name: Джеимс Вурхиз Character: Джеимс Вурхиз Ping: 214

END with Players:
[World] данил [PeR4IK]: "аа"

Disconnecting: PlayerID: 76561198274640327 Name: NGB_KOTLETA Character: NGB_KOTLETA

[World] данил [PeR4IK]: "спс"

Client has executed command "players"

TimerTerminateCommand.Enabled with Players:
Players:
PlayerID: 76561198200101595 Name: NEVALYASHA Character: NEVALYASHA Ping: 117
PlayerID: 76561198303283372 Name: PeR4IK Character: данил Ping: 113
PlayerID: 76561198140053978 Name: 7_AleX_3 Character: 7_AleX_3 Ping: 39
PlayerID: 76561198295801599 Name: Lo[x] Character: Lo[x] Ping: 54
PlayerID: 76561198314140913 Name: DireHick Character: JeffRee Ping: 46
PlayerID: 76561198176817369 Name: ?. Character: GlodiS Ping: 82
PlayerID: 76561198280617288 Name: Незнаю какой придумать Character: Пипр Ping: 82
PlayerID: 76561198276840558 Name: Котик ^-^ Character: kennys Ping: 93
PlayerID: 76561198256523318 Name: baha Character: baha Ping: 39
PlayerID: 76561198241901342 Name: Podarochek Character: Игорь Петрович Ping: 113
PlayerID: 76561198287257345 Name: TheHard27 Character: TheHard27 Ping: 203
PlayerID: 76561198292543416 Name: Mr_GiladKing Character: GamerYT Ping: 58
PlayerID: 76561198392663165 Name: cherniy.maksim Character: cherniy.maksim Ping: 93
PlayerID: 76561198291966293 Name: redkostniy pedoras Character: ZaXaR4K Ping: 58
PlayerID: 76561198322193999 Name: ™_Game®_™ Character: (POLISE)_MaKeR_ Ping: 70
PlayerID: 76561198257991263 Name: Box Head Character: lektor0312 Ping: 117
PlayerID: 76561198391121800 Name: Джеимс Вурхиз Character: Джеимс Вурхиз Ping: 54

END with Players:
