Не обработано: RocketRcon v2.4.8.0
RocketRcon v2.4.8.0

Client has executed command "players"

TimerTerminateCommand.Enabled with Players:
Players:
PlayerID: 76561198341997660 Name: Dimacvit1996 Character: Dimacvit1996 Ping: 62
PlayerID: 76561198305732269 Name: Owl Character: Owl Ping: 54
PlayerID: 76561198389415200 Name: Andrew Lavrinets Character: Andrew Ping: 85
PlayerID: 76561198309008539 Name: NOOO-SENPAI... Character: Сенпай Ping: 23
PlayerID: 76561198123840535 Name: ?????? Character: top Ping: 101
PlayerID: 76561198151655003 Name: HemulGM Character: HemulGM Ping: 15

END with Players:
Client has executed command "bans"

TimerTerminateCommand.Enabled with Bans:
Bans:
PlayerID: 76561198274427357
JudgeID: 0
Reason: you were vote kicked Duration: 180 Remaining: 4294314646

END with Bans:
Client has executed command "say "Oano""

[World] Сенпай [NOOO-SENPAI...]: "тебя убить когда пвп включится?"

TimerTerminateCommand.Enabled with Players:
Client has executed command "players"
Players:
PlayerID: 76561198341997660 Name: Dimacvit1996 Character: Dimacvit1996 Ping: 62
PlayerID: 76561198305732269 Name: Owl Character: Owl Ping: 62
PlayerID: 76561198389415200 Name: Andrew Lavrinets Character: Andrew Ping: 117
PlayerID: 76561198309008539 Name: NOOO-SENPAI... Character: Сенпай Ping: 23
PlayerID: 76561198123840535 Name: ?????? Character: top Ping: 101
PlayerID: 76561198151655003 Name: HemulGM Character: HemulGM Ping: 0

END with Players:
Client has executed command "bans"

TimerTerminateCommand.Enabled with Bans:
Bans:
PlayerID: 76561198274427357
JudgeID: 0
Reason: you were vote kicked Duration: 180 Remaining: 4294314626

END with Bans:
[World] top [??????]: "нее"

[World] top [??????]: "подвезенш"

[World] Сенпай [NOOO-SENPAI...]: "еще раз выстрелишь в машину пипц тебе"

Client has executed command "players"

TimerTerminateCommand.Enabled with Players:
Players:
PlayerID: 76561198341997660 Name: Dimacvit1996 Character: Dimacvit1996 Ping: 62
PlayerID: 76561198305732269 Name: Owl Character: Owl Ping: 54
PlayerID: 76561198389415200 Name: Andrew Lavrinets Character: Andrew Ping: 109
PlayerID: 76561198309008539 Name: NOOO-SENPAI... Character: Сенпай Ping: 31
PlayerID: 76561198123840535 Name: ?????? Character: top Ping: 62
PlayerID: 76561198151655003 Name: HemulGM Character: HemulGM Ping: 0

END with Players:
Client has executed command "bans"

TimerTerminateCommand.Enabled with Bans:
Bans:
PlayerID: 76561198274427357
JudgeID: 0
Reason: you were vote kicked Duration: 180 Remaining: 4294314606

END with Bans:
Не обработано: MessageAnnouncer >> Broadcast: Используйте /report [ник], чтобы отправить жалобу на игрока
MessageAnnouncer >> Broadcast: Используйте /report [ник], чтобы отправить жалобу на игрока

Не обработано: MessageAnnouncer >> Используйте /report [ник], чтобы отправить жалобу на игрока
MessageAnnouncer >> Используйте /report [ник], чтобы отправить жалобу на игрока

Client has executed command "players"

TimerTerminateCommand.Enabled with Players:
Players:
PlayerID: 76561198341997660 Name: Dimacvit1996 Character: Dimacvit1996 Ping: 70
PlayerID: 76561198305732269 Name: Owl Character: Owl Ping: 46
PlayerID: 76561198389415200 Name: Andrew Lavrinets Character: Andrew Ping: 125
PlayerID: 76561198309008539 Name: NOOO-SENPAI... Character: Сенпай Ping: 31
PlayerID: 76561198123840535 Name: ?????? Character: top Ping: 101
PlayerID: 76561198151655003 Name: HemulGM Character: HemulGM Ping: 7

END with Players:
Client has executed command "bans"

TimerTerminateCommand.Enabled with Bans:
Bans:
PlayerID: 76561198274427357
JudgeID: 0
Reason: you were vote kicked Duration: 180 Remaining: 4294314586

END with Bans:
Client has executed command "players"

TimerTerminateCommand.Enabled with Players:
Players:
PlayerID: 76561198341997660 Name: Dimacvit1996 Character: Dimacvit1996 Ping: 54
PlayerID: 76561198305732269 Name: Owl Character: Owl Ping: 62
PlayerID: 76561198389415200 Name: Andrew Lavrinets Character: Andrew Ping: 117
PlayerID: 76561198309008539 Name: NOOO-SENPAI... Character: Сенпай Ping: 23
PlayerID: 76561198123840535 Name: ?????? Character: top Ping: 164
PlayerID: 76561198151655003 Name: HemulGM Character: HemulGM Ping: 7

END with Players:
Client has executed command "bans"

TimerTerminateCommand.Enabled with Bans:
Bans:
PlayerID: 76561198274427357
JudgeID: 0
Reason: you were vote kicked Duration: 180 Remaining: 4294314566

END with Bans:
Client has executed command "players"

TimerTerminateCommand.Enabled with Players:
Players:
PlayerID: 76561198341997660 Name: Dimacvit1996 Character: Dimacvit1996 Ping: 62
PlayerID: 76561198305732269 Name: Owl Character: Owl Ping: 62
PlayerID: 76561198389415200 Name: Andrew Lavrinets Character: Andrew Ping: 109
PlayerID: 76561198309008539 Name: NOOO-SENPAI... Character: Сенпай Ping: 15
PlayerID: 76561198123840535 Name: ?????? Character: top Ping: 78
PlayerID: 76561198151655003 Name: HemulGM Character: HemulGM Ping: 23

END with Players:
Client has executed command "bans"

TimerTerminateCommand.Enabled with Bans:
Bans:
PlayerID: 76561198274427357
JudgeID: 0
Reason: you were vote kicked Duration: 180 Remaining: 4294314546

END with Bans:
Client has executed command "players"

TimerTerminateCommand.Enabled with Players:
Players:
PlayerID: 76561198341997660 Name: Dimacvit1996 Character: Dimacvit1996 Ping: 70
PlayerID: 76561198305732269 Name: Owl Character: Owl Ping: 54
PlayerID: 76561198389415200 Name: Andrew Lavrinets Character: Andrew Ping: 125
PlayerID: 76561198309008539 Name: NOOO-SENPAI... Character: Сенпай Ping: 31
PlayerID: 76561198123840535 Name: ?????? Character: top Ping: 93
PlayerID: 76561198151655003 Name: HemulGM Character: HemulGM Ping: 23

END with Players:
Client has executed command "bans"

TimerTerminateCommand.Enabled with Bans:
Bans:
PlayerID: 76561198274427357
JudgeID: 0
Reason: you were vote kicked Duration: 180 Remaining: 4294314526

END with Bans:
Client has executed command "players"

TimerTerminateCommand.Enabled with Players:
Players:
PlayerID: 76561198341997660 Name: Dimacvit1996 Character: Dimacvit1996 Ping: 70
PlayerID: 76561198305732269 Name: Owl Character: Owl Ping: 54
PlayerID: 76561198389415200 Name: Andrew Lavrinets Character: Andrew Ping: 132
PlayerID: 76561198309008539 Name: NOOO-SENPAI... Character: Сенпай Ping: 15
PlayerID: 76561198123840535 Name: ?????? Character: top Ping: 117
PlayerID: 76561198151655003 Name: HemulGM Character: HemulGM Ping: 7

END with Players:
Client has executed command "bans"

TimerTerminateCommand.Enabled with Bans:
Bans:
PlayerID: 76561198274427357
JudgeID: 0
Reason: you were vote kicked Duration: 180 Remaining: 4294314506

END with Bans:
