27.06.2017 17:44:16: Не обработано: Qmake | kickback.com [Кеса <3] was mauled by a zombie!
27.06.2017 17:45:08: Не обработано: gulka.tupova [galka.tupova] was mauled by a zombie!
27.06.2017 17:45:10: Не обработано: gulka.tupova moved x:-720.9009 y:59.51276(+21.03544) z:150.1289 in the last second (1.003479)
27.06.2017 17:47:47: Не обработано: MandarinJEFF [MandarinJEFF] was mauled by a zombie!
27.06.2017 17:50:49: Не обработано: gulka.tupova [galka.tupova] was mauled by a zombie!
27.06.2017 17:53:41: Не обработано: TheNightWolf [TheNightWolf] bled to death!
27.06.2017 17:53:47: Не обработано: LordofPvP [LordofPvP] bled to death!
27.06.2017 17:54:30: Не обработано: TheNightWolf [TheNightWolf] killed themself.
27.06.2017 17:54:53: Не обработано: LordofPvP [LordofPvP] was mauled by a zombie!
27.06.2017 17:58:00: Не обработано: TheNightWolf [TheNightWolf] was mauled by a zombie!
27.06.2017 17:58:02: Не обработано: TheNightWolf moved x:-744.4502 y:58.56762(+19.89528) z:127.2084 in the last second (0.9748459)
27.06.2017 17:59:08: Не обработано: CRYSIS [CRYSIS] starved to death!
27.06.2017 18:03:36: Не обработано: gulka.tupova [galka.tupova] bled to death!
27.06.2017 18:03:39: Не обработано: gulka.tupova moved x:-720.9009 y:59.51276(+21.03544) z:150.1289 in the last second (1.003479)
27.06.2017 18:07:56: Не обработано: PlayerInfoLib >> No expired player info records found for this batch.
27.06.2017 18:07:56: Сохранение сервера
27.06.2017 18:11:01: Не обработано: rafael.rod78 moved x:-825.9061 y:93.40867(+54.74156) z:50.77398 in the last second (0.6026382)
27.06.2017 18:11:47: Не обработано: AJ [tosha.jukov24] was mauled by a zombie!
27.06.2017 18:13:12: Не обработано: REHDI2 moved x:958.02 y:98.44214(+61.16587) z:-662.7104 in the last second (1)
27.06.2017 18:13:15: Не обработано: gulka.tupova moved x:955.7623 y:97.6095(+59.13218) z:-658.2719 in the last second (1)
27.06.2017 18:25:42: Не обработано: DatScout [DatScout] was mauled by a zombie!
27.06.2017 18:25:45: Не обработано: DatScout moved x:-720.9009 y:59.51276(+21.03543) z:150.1289 in the last second (1.003479)
27.06.2017 18:30:59: Не обработано: rafael.rod78 [rafael.rod78] dehydrated to death!
27.06.2017 18:31:06: Не обработано: rafael.rod78 moved x:-720.9009 y:59.51276(+21.03544) z:150.1289 in the last second (1.003479)
27.06.2017 18:31:54: Не обработано: mimiyollooooooo [mimiyollooooooo] bled to death!
27.06.2017 18:33:28: Не обработано: Vanyk moved x:-562.2112 y:69.27341(+15.90292) z:153.5338 in the last second (0.05000305)
27.06.2017 18:37:35: Не обработано: mimiyollooooooo [mimiyollooooooo] was mauled by a zombie!
27.06.2017 18:37:56: Не обработано: PlayerInfoLib >> No expired player info records found for this batch.
27.06.2017 18:37:56: Сохранение сервера
27.06.2017 18:38:55: Не обработано: heroestore [heroestore] was mauled by a zombie!
27.06.2017 18:39:42: Не обработано: Qmake | kickback.com [Кеса <3] was mauled by a zombie!
27.06.2017 18:40:01: Не обработано: KOKO [?KOKO?] was crushed by a zombie!
27.06.2017 18:40:14: Не обработано: Qmake | kickback.com [Кеса <3] killed themself.
27.06.2017 18:40:19: Не обработано: rafael.rod78 [rafael.rod78] was mauled by a zombie!
27.06.2017 18:42:10: Не обработано: crombettheo [crombettheo] bled to death!
27.06.2017 18:42:20: Не обработано: Buxapp3 [Buxapp3] was crushed by a zombie!
27.06.2017 18:42:34: Не обработано: crombettheo [crombettheo] was mauled by a zombie!
27.06.2017 18:43:33: Не обработано: crombettheo [crombettheo] was mauled by a zombie!
27.06.2017 18:45:16: Не обработано: VehicleEvents >> Vehicle has been despawned
27.06.2017 18:48:46: Не обработано: crombettheo [crombettheo] was mauled by a zombie!
27.06.2017 18:49:13: Не обработано: Buxapp3 [Buxapp3] bled to death!
27.06.2017 18:50:37: Не обработано: Buxapp3 [Buxapp3] was mauled by a zombie!
27.06.2017 18:50:38: Не обработано: crombettheo [crombettheo] was mauled by a zombie!
27.06.2017 18:51:42: Не обработано: ninja moved x:-264.7359 y:54.73463(+16.05729) z:-499.7096 in the last second (0.457653)
27.06.2017 18:54:05: Не обработано: DatScout [DatScout] was mauled by a zombie!
27.06.2017 18:54:32: Не обработано: gulka.tupova moved x:886.7804 y:75.53596(+43.92432) z:-662.1454 in the last second (0.6022491)
27.06.2017 18:54:42: Не обработано: heroestore [heroestore] was mauled by a zombie!
27.06.2017 18:54:52: Не обработано: --GaJuKn-- [--GaJuKn--] was mauled by a zombie!
27.06.2017 18:55:13: Не обработано: RaNDY [?ZaЦeRkoVъ=PisosPro=RaNDY] was mauled by a zombie!
27.06.2017 18:56:08: Не обработано: ФАраон [Бананчик] was mauled by a zombie!
27.06.2017 18:56:09: Не обработано: --GaJuKn-- [--GaJuKn--] was mauled by a zombie!
27.06.2017 18:56:11: Не обработано: ФАраон moved x:-720.9009 y:59.51276(+20.96582) z:150.1289 in the last second (1.003479)
27.06.2017 18:56:32: Не обработано: crombettheo [crombettheo] was mauled by a zombie!
27.06.2017 18:56:34: Не обработано: crombettheo moved x:-720.9009 y:59.51276(+20.73631) z:150.1289 in the last second (1.003479)
27.06.2017 19:03:05: Не обработано: crombettheo [crombettheo] bled to death!
27.06.2017 19:04:27: Не обработано: crombettheo [crombettheo] killed themself.
27.06.2017 19:04:37: Не обработано: gulka.tupova moved x:889.3491 y:76.2285(+37.7518) z:-648.1187 in the last second (0.09986115)
27.06.2017 19:04:47: Не обработано: crombettheo [crombettheo] killed themself.
27.06.2017 19:07:56: Не обработано: PlayerInfoLib >> No expired player info records found for this batch.
27.06.2017 19:07:56: Сохранение сервера
27.06.2017 19:10:08: Не обработано: VehicleEvents >> Vehicle has been despawned
27.06.2017 19:11:01: Не обработано: REHDI2 [REHDI2] was mauled by a zombie!
27.06.2017 19:12:07: Не обработано: REHDI2 [REHDI2] is calling a vote to kick DED MOROZ [??s?e?G?oo?]
27.06.2017 19:12:10: Не обработано: egor_slavgorodskiy [egor_slavgorodskiy] was mauled by a zombie!
27.06.2017 19:12:22: Не обработано: Vote failed!
27.06.2017 19:14:01: Не обработано: REHDI2 [REHDI2] is calling a vote to kick DED MOROZ [??s?e?G?oo?]
27.06.2017 19:14:16: Не обработано: Vote failed!
27.06.2017 19:14:17: Не обработано: InvalidCastException: Cannot cast from source type to destination type. - SDG.Unturned.UseableMelee.askInteractMelee (CSteamID steamID)
27.06.2017 19:14:17: Не обработано: System.Reflection.MonoMethod.Invoke (System.Object obj, BindingFlags invokeAttr, System.Reflection.Binder binder, System.Object[] parameters, System.Globalization.CultureInfo culture)
27.06.2017 19:14:17: Не обработано: Rethrow as TargetInvocationException: Exception has been thrown by the target of an invocation.
27.06.2017 19:14:17: Не обработано: System.Reflection.MonoMethod.Invoke (System.Object obj, BindingFlags invokeAttr, System.Reflection.Binder binder, System.Object[] parameters, System.Globalization.CultureInfo culture)
27.06.2017 19:14:17: Не обработано: System.Reflection.MethodBase.Invoke (System.Object obj, System.Object[] parameters)
27.06.2017 19:14:17: Не обработано: SDG.Unturned.SteamChannel.receive (CSteamID steamID, System.Byte[] packet, Int32 offset, Int32 size)
27.06.2017 19:14:17: Не обработано: SDG.Unturned.Provider.receiveServer (CSteamID steamID, System.Byte[] packet, Int32 offset, Int32 size, Int32 channel)
27.06.2017 19:14:17: Не обработано: SDG.Unturned.Provider.listenServer (Int32 channel)
27.06.2017 19:14:17: Не обработано: SDG.Unturned.Provider.listen ()
27.06.2017 19:14:17: Не обработано: SDG.Unturned.Provider.Update ()
27.06.2017 19:15:01: Не обработано: InvalidCastException: Cannot cast from source type to destination type. - SDG.Unturned.UseableMelee.askInteractMelee (CSteamID steamID)
27.06.2017 19:15:01: Не обработано: System.Reflection.MonoMethod.Invoke (System.Object obj, BindingFlags invokeAttr, System.Reflection.Binder binder, System.Object[] parameters, System.Globalization.CultureInfo culture)
27.06.2017 19:15:01: Не обработано: Rethrow as TargetInvocationException: Exception has been thrown by the target of an invocation.
27.06.2017 19:15:01: Не обработано: System.Reflection.MonoMethod.Invoke (System.Object obj, BindingFlags invokeAttr, System.Reflection.Binder binder, System.Object[] parameters, System.Globalization.CultureInfo culture)
27.06.2017 19:15:01: Не обработано: System.Reflection.MethodBase.Invoke (System.Object obj, System.Object[] parameters)
27.06.2017 19:15:01: Не обработано: SDG.Unturned.SteamChannel.receive (CSteamID steamID, System.Byte[] packet, Int32 offset, Int32 size)
27.06.2017 19:15:01: Не обработано: SDG.Unturned.Provider.receiveServer (CSteamID steamID, System.Byte[] packet, Int32 offset, Int32 size, Int32 channel)
27.06.2017 19:15:01: Не обработано: SDG.Unturned.Provider.listenServer (Int32 channel)
27.06.2017 19:15:02: Не обработано: SDG.Unturned.Provider.listen ()
27.06.2017 19:15:02: Не обработано: SDG.Unturned.Provider.Update ()
27.06.2017 19:15:10: Не обработано: egor_slavgorodskiy [egor_slavgorodskiy] was mauled by a zombie!
27.06.2017 19:15:23: Не обработано: InvalidCastException: Cannot cast from source type to destination type. - SDG.Unturned.UseableMelee.askInteractMelee (CSteamID steamID)
27.06.2017 19:15:23: Не обработано: System.Reflection.MonoMethod.Invoke (System.Object obj, BindingFlags invokeAttr, System.Reflection.Binder binder, System.Object[] parameters, System.Globalization.CultureInfo culture)
27.06.2017 19:15:23: Не обработано: Rethrow as TargetInvocationException: Exception has been thrown by the target of an invocation.
27.06.2017 19:15:23: Не обработано: System.Reflection.MonoMethod.Invoke (System.Object obj, BindingFlags invokeAttr, System.Reflection.Binder binder, System.Object[] parameters, System.Globalization.CultureInfo culture)
27.06.2017 19:15:23: Не обработано: System.Reflection.MethodBase.Invoke (System.Object obj, System.Object[] parameters)
27.06.2017 19:15:23: Не обработано: SDG.Unturned.SteamChannel.receive (CSteamID steamID, System.Byte[] packet, Int32 offset, Int32 size)
27.06.2017 19:15:23: Не обработано: SDG.Unturned.Provider.receiveServer (CSteamID steamID, System.Byte[] packet, Int32 offset, Int32 size, Int32 channel)
27.06.2017 19:15:23: Не обработано: SDG.Unturned.Provider.listenServer (Int32 channel)
27.06.2017 19:15:23: Не обработано: SDG.Unturned.Provider.listen ()
27.06.2017 19:15:23: Не обработано: SDG.Unturned.Provider.Update ()
27.06.2017 19:15:25: Не обработано: InvalidCastException: Cannot cast from source type to destination type. - SDG.Unturned.UseableMelee.askInteractMelee (CSteamID steamID)
27.06.2017 19:15:25: Не обработано: System.Reflection.MonoMethod.Invoke (System.Object obj, BindingFlags invokeAttr, System.Reflection.Binder binder, System.Object[] parameters, System.Globalization.CultureInfo culture)
27.06.2017 19:15:25: Не обработано: Rethrow as TargetInvocationException: Exception has been thrown by the target of an invocation.
27.06.2017 19:15:25: Не обработано: System.Reflection.MonoMethod.Invoke (System.Object obj, BindingFlags invokeAttr, System.Reflection.Binder binder, System.Object[] parameters, System.Globalization.CultureInfo culture)
27.06.2017 19:15:25: Не обработано: System.Reflection.MethodBase.Invoke (System.Object obj, System.Object[] parameters)
27.06.2017 19:15:25: Не обработано: SDG.Unturned.SteamChannel.receive (CSteamID steamID, System.Byte[] packet, Int32 offset, Int32 size)
27.06.2017 19:15:25: Не обработано: SDG.Unturned.Provider.receiveServer (CSteamID steamID, System.Byte[] packet, Int32 offset, Int32 size, Int32 channel)
27.06.2017 19:15:25: Не обработано: SDG.Unturned.Provider.listenServer (Int32 channel)
27.06.2017 19:15:25: Не обработано: SDG.Unturned.Provider.listen ()
27.06.2017 19:15:25: Не обработано: SDG.Unturned.Provider.Update ()
27.06.2017 19:15:34: Не обработано: InvalidCastException: Cannot cast from source type to destination type. - SDG.Unturned.UseableMelee.askInteractMelee (CSteamID steamID)
27.06.2017 19:15:34: Не обработано: System.Reflection.MonoMethod.Invoke (System.Object obj, BindingFlags invokeAttr, System.Reflection.Binder binder, System.Object[] parameters, System.Globalization.CultureInfo culture)
27.06.2017 19:15:34: Не обработано: Rethrow as TargetInvocationException: Exception has been thrown by the target of an invocation.
27.06.2017 19:15:34: Не обработано: System.Reflection.MonoMethod.Invoke (System.Object obj, BindingFlags invokeAttr, System.Reflection.Binder binder, System.Object[] parameters, System.Globalization.CultureInfo culture)
27.06.2017 19:15:34: Не обработано: System.Reflection.MethodBase.Invoke (System.Object obj, System.Object[] parameters)
27.06.2017 19:15:34: Не обработано: SDG.Unturned.SteamChannel.receive (CSteamID steamID, System.Byte[] packet, Int32 offset, Int32 size)
27.06.2017 19:15:34: Не обработано: SDG.Unturned.Provider.receiveServer (CSteamID steamID, System.Byte[] packet, Int32 offset, Int32 size, Int32 channel)
27.06.2017 19:15:34: Не обработано: SDG.Unturned.Provider.listenServer (Int32 channel)
27.06.2017 19:15:34: Не обработано: SDG.Unturned.Provider.listen ()
27.06.2017 19:15:34: Не обработано: SDG.Unturned.Provider.Update ()
27.06.2017 19:15:37: Не обработано: InvalidCastException: Cannot cast from source type to destination type. - SDG.Unturned.UseableMelee.askInteractMelee (CSteamID steamID)
27.06.2017 19:15:37: Не обработано: System.Reflection.MonoMethod.Invoke (System.Object obj, BindingFlags invokeAttr, System.Reflection.Binder binder, System.Object[] parameters, System.Globalization.CultureInfo culture)
27.06.2017 19:15:37: Не обработано: Rethrow as TargetInvocationException: Exception has been thrown by the target of an invocation.
27.06.2017 19:15:37: Не обработано: System.Reflection.MonoMethod.Invoke (System.Object obj, BindingFlags invokeAttr, System.Reflection.Binder binder, System.Object[] parameters, System.Globalization.CultureInfo culture)
27.06.2017 19:15:37: Не обработано: System.Reflection.MethodBase.Invoke (System.Object obj, System.Object[] parameters)
27.06.2017 19:15:37: Не обработано: SDG.Unturned.SteamChannel.receive (CSteamID steamID, System.Byte[] packet, Int32 offset, Int32 size)
27.06.2017 19:15:37: Не обработано: SDG.Unturned.Provider.receiveServer (CSteamID steamID, System.Byte[] packet, Int32 offset, Int32 size, Int32 channel)
27.06.2017 19:15:37: Не обработано: SDG.Unturned.Provider.listenServer (Int32 channel)
27.06.2017 19:15:37: Не обработано: SDG.Unturned.Provider.listen ()
27.06.2017 19:15:37: Не обработано: SDG.Unturned.Provider.Update ()
27.06.2017 19:15:38: Не обработано: InvalidCastException: Cannot cast from source type to destination type. - SDG.Unturned.UseableMelee.askInteractMelee (CSteamID steamID)
27.06.2017 19:15:38: Не обработано: System.Reflection.MonoMethod.Invoke (System.Object obj, BindingFlags invokeAttr, System.Reflection.Binder binder, System.Object[] parameters, System.Globalization.CultureInfo culture)
27.06.2017 19:15:38: Не обработано: Rethrow as TargetInvocationException: Exception has been thrown by the target of an invocation.
27.06.2017 19:15:38: Не обработано: System.Reflection.MonoMethod.Invoke (System.Object obj, BindingFlags invokeAttr, System.Reflection.Binder binder, System.Object[] parameters, System.Globalization.CultureInfo culture)
27.06.2017 19:15:38: Не обработано: System.Reflection.MethodBase.Invoke (System.Object obj, System.Object[] parameters)
27.06.2017 19:15:38: Не обработано: SDG.Unturned.SteamChannel.receive (CSteamID steamID, System.Byte[] packet, Int32 offset, Int32 size)
27.06.2017 19:15:38: Не обработано: SDG.Unturned.Provider.receiveServer (CSteamID steamID, System.Byte[] packet, Int32 offset, Int32 size, Int32 channel)
27.06.2017 19:15:38: Не обработано: SDG.Unturned.Provider.listenServer (Int32 channel)
27.06.2017 19:15:38: Не обработано: SDG.Unturned.Provider.listen ()
27.06.2017 19:15:38: Не обработано: SDG.Unturned.Provider.Update ()
27.06.2017 19:15:41: Не обработано: InvalidCastException: Cannot cast from source type to destination type. - SDG.Unturned.UseableMelee.askInteractMelee (CSteamID steamID)
27.06.2017 19:15:41: Не обработано: System.Reflection.MonoMethod.Invoke (System.Object obj, BindingFlags invokeAttr, System.Reflection.Binder binder, System.Object[] parameters, System.Globalization.CultureInfo culture)
27.06.2017 19:15:41: Не обработано: Rethrow as TargetInvocationException: Exception has been thrown by the target of an invocation.
27.06.2017 19:15:41: Не обработано: System.Reflection.MonoMethod.Invoke (System.Object obj, BindingFlags invokeAttr, System.Reflection.Binder binder, System.Object[] parameters, System.Globalization.CultureInfo culture)
27.06.2017 19:15:41: Не обработано: System.Reflection.MethodBase.Invoke (System.Object obj, System.Object[] parameters)
27.06.2017 19:15:41: Не обработано: SDG.Unturned.SteamChannel.receive (CSteamID steamID, System.Byte[] packet, Int32 offset, Int32 size)
27.06.2017 19:15:41: Не обработано: SDG.Unturned.Provider.receiveServer (CSteamID steamID, System.Byte[] packet, Int32 offset, Int32 size, Int32 channel)
27.06.2017 19:15:41: Не обработано: SDG.Unturned.Provider.listenServer (Int32 channel)
27.06.2017 19:15:41: Не обработано: SDG.Unturned.Provider.listen ()
27.06.2017 19:15:41: Не обработано: SDG.Unturned.Provider.Update ()
27.06.2017 19:15:43: Не обработано: InvalidCastException: Cannot cast from source type to destination type. - SDG.Unturned.UseableMelee.askInteractMelee (CSteamID steamID)
27.06.2017 19:15:43: Не обработано: System.Reflection.MonoMethod.Invoke (System.Object obj, BindingFlags invokeAttr, System.Reflection.Binder binder, System.Object[] parameters, System.Globalization.CultureInfo culture)
27.06.2017 19:15:44: Не обработано: Rethrow as TargetInvocationException: Exception has been thrown by the target of an invocation.
27.06.2017 19:15:44: Не обработано: System.Reflection.MonoMethod.Invoke (System.Object obj, BindingFlags invokeAttr, System.Reflection.Binder binder, System.Object[] parameters, System.Globalization.CultureInfo culture)
27.06.2017 19:15:44: Не обработано: System.Reflection.MethodBase.Invoke (System.Object obj, System.Object[] parameters)
27.06.2017 19:15:44: Не обработано: SDG.Unturned.SteamChannel.receive (CSteamID steamID, System.Byte[] packet, Int32 offset, Int32 size)
27.06.2017 19:15:44: Не обработано: SDG.Unturned.Provider.receiveServer (CSteamID steamID, System.Byte[] packet, Int32 offset, Int32 size, Int32 channel)
27.06.2017 19:15:44: Не обработано: SDG.Unturned.Provider.listenServer (Int32 channel)
27.06.2017 19:15:44: Не обработано: SDG.Unturned.Provider.listen ()
27.06.2017 19:15:44: Не обработано: SDG.Unturned.Provider.Update ()
27.06.2017 19:15:46: Не обработано: InvalidCastException: Cannot cast from source type to destination type. - SDG.Unturned.UseableMelee.askInteractMelee (CSteamID steamID)
27.06.2017 19:15:46: Не обработано: System.Reflection.MonoMethod.Invoke (System.Object obj, BindingFlags invokeAttr, System.Reflection.Binder binder, System.Object[] parameters, System.Globalization.CultureInfo culture)
27.06.2017 19:15:46: Не обработано: Rethrow as TargetInvocationException: Exception has been thrown by the target of an invocation.
27.06.2017 19:15:46: Не обработано: System.Reflection.MonoMethod.Invoke (System.Object obj, BindingFlags invokeAttr, System.Reflection.Binder binder, System.Object[] parameters, System.Globalization.CultureInfo culture)
27.06.2017 19:15:46: Не обработано: System.Reflection.MethodBase.Invoke (System.Object obj, System.Object[] parameters)
27.06.2017 19:15:46: Не обработано: SDG.Unturned.SteamChannel.receive (CSteamID steamID, System.Byte[] packet, Int32 offset, Int32 size)
27.06.2017 19:15:46: Не обработано: SDG.Unturned.Provider.receiveServer (CSteamID steamID, System.Byte[] packet, Int32 offset, Int32 size, Int32 channel)
27.06.2017 19:15:46: Не обработано: SDG.Unturned.Provider.listenServer (Int32 channel)
27.06.2017 19:15:47: Не обработано: SDG.Unturned.Provider.listen ()
27.06.2017 19:15:47: Не обработано: SDG.Unturned.Provider.Update ()
27.06.2017 19:15:51: Не обработано: InvalidCastException: Cannot cast from source type to destination type. - SDG.Unturned.UseableMelee.askInteractMelee (CSteamID steamID)
27.06.2017 19:15:51: Не обработано: System.Reflection.MonoMethod.Invoke (System.Object obj, BindingFlags invokeAttr, System.Reflection.Binder binder, System.Object[] parameters, System.Globalization.CultureInfo culture)
27.06.2017 19:15:51: Не обработано: Rethrow as TargetInvocationException: Exception has been thrown by the target of an invocation.
27.06.2017 19:15:51: Не обработано: System.Reflection.MonoMethod.Invoke (System.Object obj, BindingFlags invokeAttr, System.Reflection.Binder binder, System.Object[] parameters, System.Globalization.CultureInfo culture)
27.06.2017 19:15:51: Не обработано: System.Reflection.MethodBase.Invoke (System.Object obj, System.Object[] parameters)
27.06.2017 19:15:51: Не обработано: SDG.Unturned.SteamChannel.receive (CSteamID steamID, System.Byte[] packet, Int32 offset, Int32 size)
27.06.2017 19:15:51: Не обработано: SDG.Unturned.Provider.receiveServer (CSteamID steamID, System.Byte[] packet, Int32 offset, Int32 size, Int32 channel)
27.06.2017 19:15:51: Не обработано: SDG.Unturned.Provider.listenServer (Int32 channel)
27.06.2017 19:15:51: Не обработано: SDG.Unturned.Provider.listen ()
27.06.2017 19:15:51: Не обработано: SDG.Unturned.Provider.Update ()
27.06.2017 19:16:12: Не обработано: InvalidCastException: Cannot cast from source type to destination type. - SDG.Unturned.UseableMelee.askInteractMelee (CSteamID steamID)
27.06.2017 19:16:12: Не обработано: System.Reflection.MonoMethod.Invoke (System.Object obj, BindingFlags invokeAttr, System.Reflection.Binder binder, System.Object[] parameters, System.Globalization.CultureInfo culture)
27.06.2017 19:16:12: Не обработано: Rethrow as TargetInvocationException: Exception has been thrown by the target of an invocation.
27.06.2017 19:16:12: Не обработано: System.Reflection.MonoMethod.Invoke (System.Object obj, BindingFlags invokeAttr, System.Reflection.Binder binder, System.Object[] parameters, System.Globalization.CultureInfo culture)
27.06.2017 19:16:12: Не обработано: System.Reflection.MethodBase.Invoke (System.Object obj, System.Object[] parameters)
27.06.2017 19:16:12: Не обработано: SDG.Unturned.SteamChannel.receive (CSteamID steamID, System.Byte[] packet, Int32 offset, Int32 size)
27.06.2017 19:16:12: Не обработано: SDG.Unturned.Provider.receiveServer (CSteamID steamID, System.Byte[] packet, Int32 offset, Int32 size, Int32 channel)
27.06.2017 19:16:12: Не обработано: SDG.Unturned.Provider.listenServer (Int32 channel)
27.06.2017 19:16:12: Не обработано: SDG.Unturned.Provider.listen ()
27.06.2017 19:16:12: Не обработано: SDG.Unturned.Provider.Update ()
27.06.2017 19:16:19: Не обработано: Артур Хузин [Zezic] bled to death!
27.06.2017 19:16:29: Не обработано: InvalidCastException: Cannot cast from source type to destination type. - SDG.Unturned.UseableMelee.askInteractMelee (CSteamID steamID)
27.06.2017 19:16:29: Не обработано: System.Reflection.MonoMethod.Invoke (System.Object obj, BindingFlags invokeAttr, System.Reflection.Binder binder, System.Object[] parameters, System.Globalization.CultureInfo culture)
27.06.2017 19:16:29: Не обработано: Rethrow as TargetInvocationException: Exception has been thrown by the target of an invocation.
27.06.2017 19:16:29: Не обработано: System.Reflection.MonoMethod.Invoke (System.Object obj, BindingFlags invokeAttr, System.Reflection.Binder binder, System.Object[] parameters, System.Globalization.CultureInfo culture)
27.06.2017 19:16:29: Не обработано: System.Reflection.MethodBase.Invoke (System.Object obj, System.Object[] parameters)
27.06.2017 19:16:29: Не обработано: SDG.Unturned.SteamChannel.receive (CSteamID steamID, System.Byte[] packet, Int32 offset, Int32 size)
27.06.2017 19:16:29: Не обработано: SDG.Unturned.Provider.receiveServer (CSteamID steamID, System.Byte[] packet, Int32 offset, Int32 size, Int32 channel)
27.06.2017 19:16:29: Не обработано: SDG.Unturned.Provider.listenServer (Int32 channel)
27.06.2017 19:16:29: Не обработано: SDG.Unturned.Provider.listen ()
27.06.2017 19:16:29: Не обработано: SDG.Unturned.Provider.Update ()
27.06.2017 19:16:31: Не обработано: InvalidCastException: Cannot cast from source type to destination type. - SDG.Unturned.UseableMelee.askInteractMelee (CSteamID steamID)
27.06.2017 19:16:31: Не обработано: System.Reflection.MonoMethod.Invoke (System.Object obj, BindingFlags invokeAttr, System.Reflection.Binder binder, System.Object[] parameters, System.Globalization.CultureInfo culture)
27.06.2017 19:16:31: Не обработано: Rethrow as TargetInvocationException: Exception has been thrown by the target of an invocation.
27.06.2017 19:16:31: Не обработано: System.Reflection.MonoMethod.Invoke (System.Object obj, BindingFlags invokeAttr, System.Reflection.Binder binder, System.Object[] parameters, System.Globalization.CultureInfo culture)
27.06.2017 19:16:31: Не обработано: System.Reflection.MethodBase.Invoke (System.Object obj, System.Object[] parameters)
27.06.2017 19:16:31: Не обработано: SDG.Unturned.SteamChannel.receive (CSteamID steamID, System.Byte[] packet, Int32 offset, Int32 size)
27.06.2017 19:16:31: Не обработано: SDG.Unturned.Provider.receiveServer (CSteamID steamID, System.Byte[] packet, Int32 offset, Int32 size, Int32 channel)
27.06.2017 19:16:31: Не обработано: SDG.Unturned.Provider.listenServer (Int32 channel)
27.06.2017 19:16:31: Не обработано: SDG.Unturned.Provider.listen ()
27.06.2017 19:16:31: Не обработано: SDG.Unturned.Provider.Update ()
27.06.2017 19:16:33: Не обработано: InvalidCastException: Cannot cast from source type to destination type. - SDG.Unturned.UseableMelee.askInteractMelee (CSteamID steamID)
27.06.2017 19:16:33: Не обработано: System.Reflection.MonoMethod.Invoke (System.Object obj, BindingFlags invokeAttr, System.Reflection.Binder binder, System.Object[] parameters, System.Globalization.CultureInfo culture)
27.06.2017 19:16:33: Не обработано: Rethrow as TargetInvocationException: Exception has been thrown by the target of an invocation.
27.06.2017 19:16:33: Не обработано: System.Reflection.MonoMethod.Invoke (System.Object obj, BindingFlags invokeAttr, System.Reflection.Binder binder, System.Object[] parameters, System.Globalization.CultureInfo culture)
27.06.2017 19:16:33: Не обработано: System.Reflection.MethodBase.Invoke (System.Object obj, System.Object[] parameters)
27.06.2017 19:16:33: Не обработано: SDG.Unturned.SteamChannel.receive (CSteamID steamID, System.Byte[] packet, Int32 offset, Int32 size)
27.06.2017 19:16:33: Не обработано: SDG.Unturned.Provider.receiveServer (CSteamID steamID, System.Byte[] packet, Int32 offset, Int32 size, Int32 channel)
27.06.2017 19:16:33: Не обработано: SDG.Unturned.Provider.listenServer (Int32 channel)
27.06.2017 19:16:33: Не обработано: SDG.Unturned.Provider.listen ()
27.06.2017 19:16:33: Не обработано: SDG.Unturned.Provider.Update ()
27.06.2017 19:16:35: Не обработано: InvalidCastException: Cannot cast from source type to destination type. - SDG.Unturned.UseableMelee.askInteractMelee (CSteamID steamID)
27.06.2017 19:16:35: Не обработано: System.Reflection.MonoMethod.Invoke (System.Object obj, BindingFlags invokeAttr, System.Reflection.Binder binder, System.Object[] parameters, System.Globalization.CultureInfo culture)
27.06.2017 19:16:35: Не обработано: Rethrow as TargetInvocationException: Exception has been thrown by the target of an invocation.
27.06.2017 19:16:35: Не обработано: System.Reflection.MonoMethod.Invoke (System.Object obj, BindingFlags invokeAttr, System.Reflection.Binder binder, System.Object[] parameters, System.Globalization.CultureInfo culture)
27.06.2017 19:16:35: Не обработано: System.Reflection.MethodBase.Invoke (System.Object obj, System.Object[] parameters)
27.06.2017 19:16:35: Не обработано: SDG.Unturned.SteamChannel.receive (CSteamID steamID, System.Byte[] packet, Int32 offset, Int32 size)
27.06.2017 19:16:35: Не обработано: SDG.Unturned.Provider.receiveServer (CSteamID steamID, System.Byte[] packet, Int32 offset, Int32 size, Int32 channel)
27.06.2017 19:16:35: Не обработано: SDG.Unturned.Provider.listenServer (Int32 channel)
27.06.2017 19:16:35: Не обработано: SDG.Unturned.Provider.listen ()
27.06.2017 19:16:35: Не обработано: SDG.Unturned.Provider.Update ()
27.06.2017 19:16:41: Не обработано: InvalidCastException: Cannot cast from source type to destination type. - SDG.Unturned.UseableMelee.askInteractMelee (CSteamID steamID)
27.06.2017 19:16:41: Не обработано: System.Reflection.MonoMethod.Invoke (System.Object obj, BindingFlags invokeAttr, System.Reflection.Binder binder, System.Object[] parameters, System.Globalization.CultureInfo culture)
27.06.2017 19:16:41: Не обработано: Rethrow as TargetInvocationException: Exception has been thrown by the target of an invocation.
27.06.2017 19:16:41: Не обработано: System.Reflection.MonoMethod.Invoke (System.Object obj, BindingFlags invokeAttr, System.Reflection.Binder binder, System.Object[] parameters, System.Globalization.CultureInfo culture)
27.06.2017 19:16:41: Не обработано: System.Reflection.MethodBase.Invoke (System.Object obj, System.Object[] parameters)
27.06.2017 19:16:41: Не обработано: SDG.Unturned.SteamChannel.receive (CSteamID steamID, System.Byte[] packet, Int32 offset, Int32 size)
27.06.2017 19:16:41: Не обработано: SDG.Unturned.Provider.receiveServer (CSteamID steamID, System.Byte[] packet, Int32 offset, Int32 size, Int32 channel)
27.06.2017 19:16:41: Не обработано: SDG.Unturned.Provider.listenServer (Int32 channel)
27.06.2017 19:16:41: Не обработано: SDG.Unturned.Provider.listen ()
27.06.2017 19:16:41: Не обработано: SDG.Unturned.Provider.Update ()
27.06.2017 19:17:08: Не обработано: InvalidCastException: Cannot cast from source type to destination type. - SDG.Unturned.UseableMelee.askInteractMelee (CSteamID steamID)
27.06.2017 19:17:08: Не обработано: System.Reflection.MonoMethod.Invoke (System.Object obj, BindingFlags invokeAttr, System.Reflection.Binder binder, System.Object[] parameters, System.Globalization.CultureInfo culture)
27.06.2017 19:17:08: Не обработано: Rethrow as TargetInvocationException: Exception has been thrown by the target of an invocation.
27.06.2017 19:17:08: Не обработано: System.Reflection.MonoMethod.Invoke (System.Object obj, BindingFlags invokeAttr, System.Reflection.Binder binder, System.Object[] parameters, System.Globalization.CultureInfo culture)
27.06.2017 19:17:08: Не обработано: System.Reflection.MethodBase.Invoke (System.Object obj, System.Object[] parameters)
27.06.2017 19:17:08: Не обработано: SDG.Unturned.SteamChannel.receive (CSteamID steamID, System.Byte[] packet, Int32 offset, Int32 size)
27.06.2017 19:17:08: Не обработано: SDG.Unturned.Provider.receiveServer (CSteamID steamID, System.Byte[] packet, Int32 offset, Int32 size, Int32 channel)
27.06.2017 19:17:08: Не обработано: SDG.Unturned.Provider.listenServer (Int32 channel)
27.06.2017 19:17:08: Не обработано: SDG.Unturned.Provider.listen ()
27.06.2017 19:17:08: Не обработано: SDG.Unturned.Provider.Update ()
27.06.2017 19:17:10: Не обработано: InvalidCastException: Cannot cast from source type to destination type. - SDG.Unturned.UseableMelee.askInteractMelee (CSteamID steamID)
27.06.2017 19:17:10: Не обработано: System.Reflection.MonoMethod.Invoke (System.Object obj, BindingFlags invokeAttr, System.Reflection.Binder binder, System.Object[] parameters, System.Globalization.CultureInfo culture)
27.06.2017 19:17:10: Не обработано: Rethrow as TargetInvocationException: Exception has been thrown by the target of an invocation.
27.06.2017 19:17:10: Не обработано: System.Reflection.MonoMethod.Invoke (System.Object obj, BindingFlags invokeAttr, System.Reflection.Binder binder, System.Object[] parameters, System.Globalization.CultureInfo culture)
27.06.2017 19:17:10: Не обработано: System.Reflection.MethodBase.Invoke (System.Object obj, System.Object[] parameters)
27.06.2017 19:17:10: Не обработано: SDG.Unturned.SteamChannel.receive (CSteamID steamID, System.Byte[] packet, Int32 offset, Int32 size)
27.06.2017 19:17:10: Не обработано: SDG.Unturned.Provider.receiveServer (CSteamID steamID, System.Byte[] packet, Int32 offset, Int32 size, Int32 channel)
27.06.2017 19:17:10: Не обработано: SDG.Unturned.Provider.listenServer (Int32 channel)
27.06.2017 19:17:10: Не обработано: SDG.Unturned.Provider.listen ()
27.06.2017 19:17:10: Не обработано: SDG.Unturned.Provider.Update ()
27.06.2017 19:17:12: Не обработано: InvalidCastException: Cannot cast from source type to destination type. - SDG.Unturned.UseableMelee.askInteractMelee (CSteamID steamID)
27.06.2017 19:17:12: Не обработано: System.Reflection.MonoMethod.Invoke (System.Object obj, BindingFlags invokeAttr, System.Reflection.Binder binder, System.Object[] parameters, System.Globalization.CultureInfo culture)
27.06.2017 19:17:12: Не обработано: Rethrow as TargetInvocationException: Exception has been thrown by the target of an invocation.
27.06.2017 19:17:12: Не обработано: System.Reflection.MonoMethod.Invoke (System.Object obj, BindingFlags invokeAttr, System.Reflection.Binder binder, System.Object[] parameters, System.Globalization.CultureInfo culture)
27.06.2017 19:17:12: Не обработано: System.Reflection.MethodBase.Invoke (System.Object obj, System.Object[] parameters)
27.06.2017 19:17:12: Не обработано: SDG.Unturned.SteamChannel.receive (CSteamID steamID, System.Byte[] packet, Int32 offset, Int32 size)
27.06.2017 19:17:12: Не обработано: SDG.Unturned.Provider.receiveServer (CSteamID steamID, System.Byte[] packet, Int32 offset, Int32 size, Int32 channel)
27.06.2017 19:17:12: Не обработано: SDG.Unturned.Provider.listenServer (Int32 channel)
27.06.2017 19:17:12: Не обработано: SDG.Unturned.Provider.listen ()
27.06.2017 19:17:12: Не обработано: SDG.Unturned.Provider.Update ()
27.06.2017 19:17:26: Не обработано: InvalidCastException: Cannot cast from source type to destination type. - SDG.Unturned.UseableMelee.askInteractMelee (CSteamID steamID)
27.06.2017 19:17:26: Не обработано: System.Reflection.MonoMethod.Invoke (System.Object obj, BindingFlags invokeAttr, System.Reflection.Binder binder, System.Object[] parameters, System.Globalization.CultureInfo culture)
27.06.2017 19:17:26: Не обработано: Rethrow as TargetInvocationException: Exception has been thrown by the target of an invocation.
27.06.2017 19:17:26: Не обработано: System.Reflection.MonoMethod.Invoke (System.Object obj, BindingFlags invokeAttr, System.Reflection.Binder binder, System.Object[] parameters, System.Globalization.CultureInfo culture)
27.06.2017 19:17:26: Не обработано: System.Reflection.MethodBase.Invoke (System.Object obj, System.Object[] parameters)
27.06.2017 19:17:26: Не обработано: SDG.Unturned.SteamChannel.receive (CSteamID steamID, System.Byte[] packet, Int32 offset, Int32 size)
27.06.2017 19:17:26: Не обработано: SDG.Unturned.Provider.receiveServer (CSteamID steamID, System.Byte[] packet, Int32 offset, Int32 size, Int32 channel)
27.06.2017 19:17:26: Не обработано: SDG.Unturned.Provider.listenServer (Int32 channel)
27.06.2017 19:17:26: Не обработано: SDG.Unturned.Provider.listen ()
27.06.2017 19:17:26: Не обработано: SDG.Unturned.Provider.Update ()
27.06.2017 19:17:44: Не обработано: egor_slavgorodskiy [egor_slavgorodskiy] burned to death!
27.06.2017 19:17:52: Не обработано: ninja moved x:-925.79 y:100.9981(+62.52077) z:-429.3169 in the last second (0.482254)
27.06.2017 19:19:46: Не обработано: elmirpir [Papka] was mauled by a zombie!
27.06.2017 19:20:38: Не обработано: egor_slavgorodskiy [egor_slavgorodskiy] bled to death!
27.06.2017 19:20:41: Не обработано: egor_slavgorodskiy moved x:-744.4502 y:58.56762(+21.0278) z:127.2084 in the last second (0.9748459)
27.06.2017 19:21:26: Не обработано: elmirpir [Papka] was mauled by a zombie!
27.06.2017 19:21:59: Не обработано: InvalidCastException: Cannot cast from source type to destination type. - SDG.Unturned.UseableMelee.askInteractMelee (CSteamID steamID)
27.06.2017 19:21:59: Не обработано: System.Reflection.MonoMethod.Invoke (System.Object obj, BindingFlags invokeAttr, System.Reflection.Binder binder, System.Object[] parameters, System.Globalization.CultureInfo culture)
27.06.2017 19:21:59: Не обработано: Rethrow as TargetInvocationException: Exception has been thrown by the target of an invocation.
27.06.2017 19:21:59: Не обработано: System.Reflection.MonoMethod.Invoke (System.Object obj, BindingFlags invokeAttr, System.Reflection.Binder binder, System.Object[] parameters, System.Globalization.CultureInfo culture)
27.06.2017 19:21:59: Не обработано: System.Reflection.MethodBase.Invoke (System.Object obj, System.Object[] parameters)
27.06.2017 19:21:59: Не обработано: SDG.Unturned.SteamChannel.receive (CSteamID steamID, System.Byte[] packet, Int32 offset, Int32 size)
27.06.2017 19:21:59: Не обработано: SDG.Unturned.Provider.receiveServer (CSteamID steamID, System.Byte[] packet, Int32 offset, Int32 size, Int32 channel)
27.06.2017 19:21:59: Не обработано: SDG.Unturned.Provider.listenServer (Int32 channel)
27.06.2017 19:21:59: Не обработано: SDG.Unturned.Provider.listen ()
27.06.2017 19:21:59: Не обработано: SDG.Unturned.Provider.Update ()
27.06.2017 19:22:01: Не обработано: InvalidCastException: Cannot cast from source type to destination type. - SDG.Unturned.UseableMelee.askInteractMelee (CSteamID steamID)
27.06.2017 19:22:01: Не обработано: System.Reflection.MonoMethod.Invoke (System.Object obj, BindingFlags invokeAttr, System.Reflection.Binder binder, System.Object[] parameters, System.Globalization.CultureInfo culture)
27.06.2017 19:22:01: Не обработано: Rethrow as TargetInvocationException: Exception has been thrown by the target of an invocation.
27.06.2017 19:22:01: Не обработано: System.Reflection.MonoMethod.Invoke (System.Object obj, BindingFlags invokeAttr, System.Reflection.Binder binder, System.Object[] parameters, System.Globalization.CultureInfo culture)
27.06.2017 19:22:01: Не обработано: System.Reflection.MethodBase.Invoke (System.Object obj, System.Object[] parameters)
27.06.2017 19:22:01: Не обработано: SDG.Unturned.SteamChannel.receive (CSteamID steamID, System.Byte[] packet, Int32 offset, Int32 size)
27.06.2017 19:22:01: Не обработано: SDG.Unturned.Provider.receiveServer (CSteamID steamID, System.Byte[] packet, Int32 offset, Int32 size, Int32 channel)
27.06.2017 19:22:01: Не обработано: SDG.Unturned.Provider.listenServer (Int32 channel)
27.06.2017 19:22:01: Не обработано: SDG.Unturned.Provider.listen ()
27.06.2017 19:22:01: Не обработано: SDG.Unturned.Provider.Update ()
27.06.2017 19:22:08: Не обработано: InvalidCastException: Cannot cast from source type to destination type. - SDG.Unturned.UseableMelee.askInteractMelee (CSteamID steamID)
27.06.2017 19:22:08: Не обработано: System.Reflection.MonoMethod.Invoke (System.Object obj, BindingFlags invokeAttr, System.Reflection.Binder binder, System.Object[] parameters, System.Globalization.CultureInfo culture)
27.06.2017 19:22:08: Не обработано: Rethrow as TargetInvocationException: Exception has been thrown by the target of an invocation.
27.06.2017 19:22:08: Не обработано: System.Reflection.MonoMethod.Invoke (System.Object obj, BindingFlags invokeAttr, System.Reflection.Binder binder, System.Object[] parameters, System.Globalization.CultureInfo culture)
27.06.2017 19:22:08: Не обработано: System.Reflection.MethodBase.Invoke (System.Object obj, System.Object[] parameters)
27.06.2017 19:22:08: Не обработано: SDG.Unturned.SteamChannel.receive (CSteamID steamID, System.Byte[] packet, Int32 offset, Int32 size)
27.06.2017 19:22:08: Не обработано: SDG.Unturned.Provider.receiveServer (CSteamID steamID, System.Byte[] packet, Int32 offset, Int32 size, Int32 channel)
27.06.2017 19:22:08: Не обработано: SDG.Unturned.Provider.listenServer (Int32 channel)
27.06.2017 19:22:08: Не обработано: SDG.Unturned.Provider.listen ()
27.06.2017 19:22:08: Не обработано: SDG.Unturned.Provider.Update ()
27.06.2017 19:22:10: Не обработано: InvalidCastException: Cannot cast from source type to destination type. - SDG.Unturned.UseableMelee.askInteractMelee (CSteamID steamID)
27.06.2017 19:22:10: Не обработано: System.Reflection.MonoMethod.Invoke (System.Object obj, BindingFlags invokeAttr, System.Reflection.Binder binder, System.Object[] parameters, System.Globalization.CultureInfo culture)
27.06.2017 19:22:10: Не обработано: Rethrow as TargetInvocationException: Exception has been thrown by the target of an invocation.
27.06.2017 19:22:10: Не обработано: System.Reflection.MonoMethod.Invoke (System.Object obj, BindingFlags invokeAttr, System.Reflection.Binder binder, System.Object[] parameters, System.Globalization.CultureInfo culture)
27.06.2017 19:22:10: Не обработано: System.Reflection.MethodBase.Invoke (System.Object obj, System.Object[] parameters)
27.06.2017 19:22:10: Не обработано: SDG.Unturned.SteamChannel.receive (CSteamID steamID, System.Byte[] packet, Int32 offset, Int32 size)
27.06.2017 19:22:10: Не обработано: SDG.Unturned.Provider.receiveServer (CSteamID steamID, System.Byte[] packet, Int32 offset, Int32 size, Int32 channel)
27.06.2017 19:22:10: Не обработано: SDG.Unturned.Provider.listenServer (Int32 channel)
27.06.2017 19:22:10: Не обработано: SDG.Unturned.Provider.listen ()
27.06.2017 19:22:10: Не обработано: SDG.Unturned.Provider.Update ()
27.06.2017 19:22:12: Не обработано: InvalidCastException: Cannot cast from source type to destination type. - SDG.Unturned.UseableMelee.askInteractMelee (CSteamID steamID)
27.06.2017 19:22:12: Не обработано: System.Reflection.MonoMethod.Invoke (System.Object obj, BindingFlags invokeAttr, System.Reflection.Binder binder, System.Object[] parameters, System.Globalization.CultureInfo culture)
27.06.2017 19:22:12: Не обработано: Rethrow as TargetInvocationException: Exception has been thrown by the target of an invocation.
27.06.2017 19:22:12: Не обработано: System.Reflection.MonoMethod.Invoke (System.Object obj, BindingFlags invokeAttr, System.Reflection.Binder binder, System.Object[] parameters, System.Globalization.CultureInfo culture)
27.06.2017 19:22:12: Не обработано: System.Reflection.MethodBase.Invoke (System.Object obj, System.Object[] parameters)
27.06.2017 19:22:12: Не обработано: SDG.Unturned.SteamChannel.receive (CSteamID steamID, System.Byte[] packet, Int32 offset, Int32 size)
27.06.2017 19:22:12: Не обработано: SDG.Unturned.Provider.receiveServer (CSteamID steamID, System.Byte[] packet, Int32 offset, Int32 size, Int32 channel)
27.06.2017 19:22:12: Не обработано: SDG.Unturned.Provider.listenServer (Int32 channel)
27.06.2017 19:22:12: Не обработано: SDG.Unturned.Provider.listen ()
27.06.2017 19:22:12: Не обработано: SDG.Unturned.Provider.Update ()
27.06.2017 19:22:15: Не обработано: InvalidCastException: Cannot cast from source type to destination type. - SDG.Unturned.UseableMelee.askInteractMelee (CSteamID steamID)
27.06.2017 19:22:15: Не обработано: System.Reflection.MonoMethod.Invoke (System.Object obj, BindingFlags invokeAttr, System.Reflection.Binder binder, System.Object[] parameters, System.Globalization.CultureInfo culture)
27.06.2017 19:22:15: Не обработано: Rethrow as TargetInvocationException: Exception has been thrown by the target of an invocation.
27.06.2017 19:22:15: Не обработано: System.Reflection.MonoMethod.Invoke (System.Object obj, BindingFlags invokeAttr, System.Reflection.Binder binder, System.Object[] parameters, System.Globalization.CultureInfo culture)
27.06.2017 19:22:15: Не обработано: System.Reflection.MethodBase.Invoke (System.Object obj, System.Object[] parameters)
27.06.2017 19:22:15: Не обработано: SDG.Unturned.SteamChannel.receive (CSteamID steamID, System.Byte[] packet, Int32 offset, Int32 size)
27.06.2017 19:22:15: Не обработано: SDG.Unturned.Provider.receiveServer (CSteamID steamID, System.Byte[] packet, Int32 offset, Int32 size, Int32 channel)
27.06.2017 19:22:15: Не обработано: SDG.Unturned.Provider.listenServer (Int32 channel)
27.06.2017 19:22:15: Не обработано: SDG.Unturned.Provider.listen ()
27.06.2017 19:22:15: Не обработано: SDG.Unturned.Provider.Update ()
27.06.2017 19:22:17: Не обработано: InvalidCastException: Cannot cast from source type to destination type. - SDG.Unturned.UseableMelee.askInteractMelee (CSteamID steamID)
27.06.2017 19:22:17: Не обработано: System.Reflection.MonoMethod.Invoke (System.Object obj, BindingFlags invokeAttr, System.Reflection.Binder binder, System.Object[] parameters, System.Globalization.CultureInfo culture)
27.06.2017 19:22:17: Не обработано: Rethrow as TargetInvocationException: Exception has been thrown by the target of an invocation.
27.06.2017 19:22:17: Не обработано: System.Reflection.MonoMethod.Invoke (System.Object obj, BindingFlags invokeAttr, System.Reflection.Binder binder, System.Object[] parameters, System.Globalization.CultureInfo culture)
27.06.2017 19:22:17: Не обработано: System.Reflection.MethodBase.Invoke (System.Object obj, System.Object[] parameters)
27.06.2017 19:22:17: Не обработано: SDG.Unturned.SteamChannel.receive (CSteamID steamID, System.Byte[] packet, Int32 offset, Int32 size)
27.06.2017 19:22:17: Не обработано: SDG.Unturned.Provider.receiveServer (CSteamID steamID, System.Byte[] packet, Int32 offset, Int32 size, Int32 channel)
27.06.2017 19:22:17: Не обработано: SDG.Unturned.Provider.listenServer (Int32 channel)
27.06.2017 19:22:17: Не обработано: SDG.Unturned.Provider.listen ()
27.06.2017 19:22:17: Не обработано: SDG.Unturned.Provider.Update ()
27.06.2017 19:22:19: Не обработано: InvalidCastException: Cannot cast from source type to destination type. - SDG.Unturned.UseableMelee.askInteractMelee (CSteamID steamID)
27.06.2017 19:22:19: Не обработано: System.Reflection.MonoMethod.Invoke (System.Object obj, BindingFlags invokeAttr, System.Reflection.Binder binder, System.Object[] parameters, System.Globalization.CultureInfo culture)
27.06.2017 19:22:19: Не обработано: Rethrow as TargetInvocationException: Exception has been thrown by the target of an invocation.
27.06.2017 19:22:19: Не обработано: System.Reflection.MonoMethod.Invoke (System.Object obj, BindingFlags invokeAttr, System.Reflection.Binder binder, System.Object[] parameters, System.Globalization.CultureInfo culture)
27.06.2017 19:22:19: Не обработано: System.Reflection.MethodBase.Invoke (System.Object obj, System.Object[] parameters)
27.06.2017 19:22:19: Не обработано: SDG.Unturned.SteamChannel.receive (CSteamID steamID, System.Byte[] packet, Int32 offset, Int32 size)
27.06.2017 19:22:19: Не обработано: SDG.Unturned.Provider.receiveServer (CSteamID steamID, System.Byte[] packet, Int32 offset, Int32 size, Int32 channel)
27.06.2017 19:22:19: Не обработано: SDG.Unturned.Provider.listenServer (Int32 channel)
27.06.2017 19:22:19: Не обработано: SDG.Unturned.Provider.listen ()
27.06.2017 19:22:19: Не обработано: SDG.Unturned.Provider.Update ()
27.06.2017 19:22:20: Не обработано: InvalidCastException: Cannot cast from source type to destination type. - SDG.Unturned.UseableMelee.askInteractMelee (CSteamID steamID)
27.06.2017 19:22:20: Не обработано: System.Reflection.MonoMethod.Invoke (System.Object obj, BindingFlags invokeAttr, System.Reflection.Binder binder, System.Object[] parameters, System.Globalization.CultureInfo culture)
27.06.2017 19:22:20: Не обработано: Rethrow as TargetInvocationException: Exception has been thrown by the target of an invocation.
27.06.2017 19:22:20: Не обработано: System.Reflection.MonoMethod.Invoke (System.Object obj, BindingFlags invokeAttr, System.Reflection.Binder binder, System.Object[] parameters, System.Globalization.CultureInfo culture)
27.06.2017 19:22:20: Не обработано: System.Reflection.MethodBase.Invoke (System.Object obj, System.Object[] parameters)
27.06.2017 19:22:20: Не обработано: SDG.Unturned.SteamChannel.receive (CSteamID steamID, System.Byte[] packet, Int32 offset, Int32 size)
27.06.2017 19:22:20: Не обработано: SDG.Unturned.Provider.receiveServer (CSteamID steamID, System.Byte[] packet, Int32 offset, Int32 size, Int32 channel)
27.06.2017 19:22:20: Не обработано: SDG.Unturned.Provider.listenServer (Int32 channel)
27.06.2017 19:22:20: Не обработано: SDG.Unturned.Provider.listen ()
27.06.2017 19:22:20: Не обработано: SDG.Unturned.Provider.Update ()
27.06.2017 19:22:24: Не обработано: InvalidCastException: Cannot cast from source type to destination type. - SDG.Unturned.UseableMelee.askInteractMelee (CSteamID steamID)
27.06.2017 19:22:24: Не обработано: System.Reflection.MonoMethod.Invoke (System.Object obj, BindingFlags invokeAttr, System.Reflection.Binder binder, System.Object[] parameters, System.Globalization.CultureInfo culture)
27.06.2017 19:22:24: Не обработано: Rethrow as TargetInvocationException: Exception has been thrown by the target of an invocation.
27.06.2017 19:22:24: Не обработано: System.Reflection.MonoMethod.Invoke (System.Object obj, BindingFlags invokeAttr, System.Reflection.Binder binder, System.Object[] parameters, System.Globalization.CultureInfo culture)
27.06.2017 19:22:24: Не обработано: System.Reflection.MethodBase.Invoke (System.Object obj, System.Object[] parameters)
27.06.2017 19:22:24: Не обработано: SDG.Unturned.SteamChannel.receive (CSteamID steamID, System.Byte[] packet, Int32 offset, Int32 size)
27.06.2017 19:22:24: Не обработано: SDG.Unturned.Provider.receiveServer (CSteamID steamID, System.Byte[] packet, Int32 offset, Int32 size, Int32 channel)
27.06.2017 19:22:24: Не обработано: SDG.Unturned.Provider.listenServer (Int32 channel)
27.06.2017 19:22:24: Не обработано: SDG.Unturned.Provider.listen ()
27.06.2017 19:22:24: Не обработано: SDG.Unturned.Provider.Update ()
27.06.2017 19:22:38: Не обработано: REHDI2 moved x:907.7402 y:71.52848(+32.85116) z:-653.9211 in the last second (0.1393204)
27.06.2017 19:22:39: Не обработано: gulka.tupova moved x:912.3932 y:73.05635(+34.37903) z:-665.0963 in the last second (0.1750031)
27.06.2017 19:31:06: Не обработано: mimiyollooooooo [mimiyollooooooo] bled to death!
27.06.2017 19:31:31: Не обработано: rafael.rod78 [rafael.rod78] was infected to death!
27.06.2017 19:31:44: Не обработано: egor_slavgorodskiy [egor_slavgorodskiy] bled to death!
27.06.2017 19:34:40: Не обработано: gulka.tupova moved x:889.3491 y:76.22864(+35.89521) z:-648.1187 in the last second (0.09999847)
27.06.2017 19:36:57: Не обработано: ninja moved x:506.805 y:84.85229(+26.49988) z:-880.6494 in the last second (0.8618393)
27.06.2017 19:37:56: Не обработано: PlayerInfoLib >> No expired player info records found for this batch.
27.06.2017 19:37:56: Сохранение сервера
27.06.2017 19:39:05: Не обработано: mimiyollooooooo [mimiyollooooooo] bled to death!
27.06.2017 19:39:24: Не обработано: heroestore [heroestore] dehydrated to death!
27.06.2017 19:39:58: Не обработано: REHDI2 moved x:891.7025 y:76.22864(+30.4982) z:-647.0951 in the last second (0.09999847)
27.06.2017 19:41:38: Не обработано: heroestore [heroestore] was mauled by a zombie!
27.06.2017 19:47:53: Не обработано: REHDI2 moved x:875.265 y:80.32821(+41.30836) z:-653.3539 in the last second (0.411644)
27.06.2017 19:47:59: Не обработано: fox [ya.dima dragon] was mauled by a zombie!
27.06.2017 19:50:30: Не обработано: moro05-83 [moro05-83] was mauled by a zombie!
27.06.2017 19:54:59: Не обработано: moro05-83 [moro05-83] was dissolved by a zombie!
27.06.2017 19:57:38: Не обработано: heroestore [heroestore] is calling a vote to kick mimiyollooooooo [mimiyollooooooo]
27.06.2017 19:57:46: Не обработано: Vote failed!
27.06.2017 19:58:23: Не обработано: osaronas [osaronas] killed themself.
27.06.2017 20:01:11: Не обработано: Silva [Silva] bled to death!
27.06.2017 20:01:13: Не обработано: mitin7373 [mitin7373] was infected to death!
27.06.2017 20:01:22: Не обработано: heroestore [heroestore] was mauled by a zombie!
27.06.2017 20:02:27: Не обработано: mimiyollooooooo [mimiyollooooooo] was mauled by a zombie!
27.06.2017 20:02:41: Не обработано: heroestore [heroestore] was mauled by a zombie!
27.06.2017 20:02:48: Не обработано: osaronas [osaronas] was mauled by a zombie!
27.06.2017 20:03:02: Не обработано: Nathchemin  [Nathchemin] was mauled by a zombie!
27.06.2017 20:05:39: Не обработано: heroestore [heroestore] was mauled by a zombie!
27.06.2017 20:06:56: Не обработано: moro05-83 [moro05-83] was mauled by a zombie!
27.06.2017 20:07:56: Не обработано: PlayerInfoLib >> No expired player info records found for this batch.
27.06.2017 20:07:56: Сохранение сервера
27.06.2017 20:08:00: Не обработано: Silva [Silva] bled to death!
27.06.2017 20:08:22: Не обработано: RealBlackJesus включен Godmode
27.06.2017 20:08:28: Не обработано: RealBlackJesus включена нивидимость
27.06.2017 20:08:37: Не обработано: Silva moved x:233.894 y:44.02761(+15.88269) z:-870.6471 in the last second (0.5999985)
27.06.2017 20:08:44: Не обработано: RealBlackJesus телепортирован к mitin7373
27.06.2017 20:08:58: Не обработано: RealBlackJesus телепортирован к Dancer
27.06.2017 20:09:14: Не обработано: RealBlackJesus телепортирован к ninja
27.06.2017 20:09:35: Не обработано: RealBlackJesus телепортирован к Silva
27.06.2017 20:09:43: Не обработано: mitin7373 [mitin7373] was infected to death!
27.06.2017 20:09:47: Не обработано: RealBlackJesus телепортирован к mirana
27.06.2017 20:10:06: Не обработано: ninja moved x:-926.1821 y:100.2571(+61.57975) z:-427.0125 in the last second (0.4381332)
27.06.2017 20:10:15: Не обработано: RealBlackJesus телепортирован к VODKA
27.06.2017 20:10:21: Не обработано: RealBlackJesus телепортирован к mirana
27.06.2017 20:10:31: Не обработано: Silva [Silva] was blown up by a vehicle!
27.06.2017 20:10:31: Не обработано: mirana [mirana010010] was blown up by a vehicle!
27.06.2017 20:10:31: Не обработано: mirana moved x:128.6007 y:93.9103(+55.43298) z:-943.0181 in the last second (25.16225)
27.06.2017 20:10:32: Не обработано: Silva moved x:125.2871 y:86.76519(+48.28787) z:-937.1865 in the last second (17.53069)
27.06.2017 20:10:42: Не обработано: gulka.tupova moved x:915.1281 y:74.88904(+36.41172) z:-651.9173 in the last second (0.1369629)
27.06.2017 20:10:46: Не обработано: RealBlackJesus телепортирован к gulka.tupova
27.06.2017 20:11:29: Не обработано: RealBlackJesus телепортирован к aramzic
27.06.2017 20:11:48: Не обработано: RealBlackJesus телепортирован к Dancer
27.06.2017 20:12:24: Не обработано: RealBlackJesus телепортирован к aramzic
27.06.2017 20:12:35: Не обработано: RealBlackJesus телепортирован к SeXyAlaDohkA
27.06.2017 20:13:02: Не обработано: RealBlackJesus телепортирован к moro05-83
27.06.2017 20:14:00: Не обработано: RealBlackJesus телепортирован к heroestore
27.06.2017 20:14:32: Не обработано: RealBlackJesus телепортирован к mimiyollooooooo
27.06.2017 20:14:58: Не обработано: RealBlackJesus телепортирован к ninja
27.06.2017 20:16:02: Не обработано: gulka.tupova [galka.tupova] starved to death!
27.06.2017 20:16:06: Не обработано: gulka.tupova moved x:889.3491 y:76.36656(+37.032) z:-648.1187 in the last second (0.2379227)
27.06.2017 20:16:08: Не обработано: Failed to convert raid into a number.
27.06.2017 20:16:25: Не обработано: moro05-83 [moro05-83] bled to death!
27.06.2017 20:16:43: Не обработано: RealBlackJesus телепортирован к Dancer
27.06.2017 20:17:25: Не обработано: RealBlackJesus телепортирован к aramzic
27.06.2017 20:17:42: Не обработано: RealBlackJesus телепортирован к korak
27.06.2017 20:18:15: Не обработано: Дал RealBlackJesus вещь 159:1
27.06.2017 20:19:02: Не обработано: Дал RealBlackJesus вещь 195:1
27.06.2017 20:19:42: Не обработано: Дал RealBlackJesus вещь 519:1
27.06.2017 20:20:34: Не обработано: Дал RealBlackJesus вещь 520:10
27.06.2017 20:20:44: Не обработано: RealBlackJesus телепортирован к gulka.tupova
27.06.2017 20:21:06: Не обработано: RealBlackJesus телепортирован к Dancer
27.06.2017 20:22:37: Не обработано: RealBlackJesus телепортирован к vanostalker2015
27.06.2017 20:24:08: Не обработано: RealBlackJesus телепортирован к xferrty
27.06.2017 20:24:29: Не обработано: RealBlackJesus телепортирован к Silva
27.06.2017 20:24:42: Не обработано: RealBlackJesus телепортирован к mimiyollooooooo
27.06.2017 20:25:36: Не обработано: Silva moved x:884.5132 y:80.95869(+53.1098) z:109.5121 in the last second (0.6012726)
27.06.2017 20:26:38: Не обработано: RealBlackJesus телепортирован к aramzic
27.06.2017 20:26:48: Не обработано: mimiyollooooooo [mimiyollooooooo] was mauled by a zombie!
27.06.2017 20:27:02: Не обработано: RealBlackJesus телепортирован к gulka.tupova
27.06.2017 20:27:30: Не обработано: Дал RealBlackJesus вещь 76:1
27.06.2017 20:27:39: Не обработано: mimiyollooooooo [mimiyollooooooo] was mauled by a zombie!
27.06.2017 20:28:51: Не обработано: mimiyollooooooo [mimiyollooooooo] bled to death!
27.06.2017 20:28:59: Не обработано: Дал RealBlackJesus вещь 253:1
27.06.2017 20:29:29: Не обработано: Дал RealBlackJesus вещь 15:5
27.06.2017 20:29:48: Не обработано: RealBlackJesus телепортирован к mirana
27.06.2017 20:29:55: Не обработано: Дал RealBlackJesus вещь 253:1
27.06.2017 20:30:11: Не обработано: Дал RealBlackJesus вещь 253:1
27.06.2017 20:32:01: Не обработано: Dancer moved x:954.1181 y:95.51244(+63.94231) z:241.5937 in the last second (0.7001801)
27.06.2017 20:33:17: Не обработано: Liza [Elizavetadombrovskaiy] was mauled by a zombie!
27.06.2017 20:35:40: Не обработано: RealBlackJesus нивидимость отключена
27.06.2017 20:35:40: Не обработано: RealBlackJesus moved x:898.3308 y:83.73666(+44.66431) z:107.3189 in the last second (0.1451035)
27.06.2017 20:35:55: Не обработано: RealBlackJesus телепортирован к Silva
27.06.2017 20:37:02: Не обработано: RealBlackJesus получил транспорт 51
27.06.2017 20:37:41: Не обработано: RealBlackJesus телепортирован к gulka.tupova
27.06.2017 20:37:42: Не обработано: RealBlackJesus moved x:894.5253 y:76.26656(+34.89581) z:-655.6644 in the last second (0.5999985)
27.06.2017 20:37:56: Не обработано: PlayerInfoLib >> No expired player info records found for this batch.
27.06.2017 20:37:56: Сохранение сервера
27.06.2017 20:38:00: Не обработано: Дал RealBlackJesus вещь 334:1
27.06.2017 20:38:10: Не обработано: RealBlackJesus телепортирован к Dancer
27.06.2017 20:40:39: Не обработано: An error occured while executing v [1800]: System.NullReferenceException: Object reference not set to an instance of an object
27.06.2017 20:40:39: Не обработано:   at Rocket.Unturned.Commands.CommandV.Execute (IRocketPlayer caller, System.String[] command) [0x00000] in <filename unknown>:0 
27.06.2017 20:40:39: Не обработано:   at Rocket.Core.Commands.RocketCommandManager+RegisteredRocketCommand.Execute (IRocketPlayer caller, System.String[] command) [0x00000] in <filename unknown>:0 
27.06.2017 20:40:39: Не обработано:   at Rocket.Core.Commands.RocketCommandManager.Execute (IRocketPlayer player, System.String command) [0x00000] in <filename unknown>:0 
27.06.2017 20:41:23: Не обработано: An error occured while executing v [1801]: System.NullReferenceException: Object reference not set to an instance of an object
27.06.2017 20:41:23: Не обработано:   at Rocket.Unturned.Commands.CommandV.Execute (IRocketPlayer caller, System.String[] command) [0x00000] in <filename unknown>:0 
27.06.2017 20:41:23: Не обработано:   at Rocket.Core.Commands.RocketCommandManager+RegisteredRocketCommand.Execute (IRocketPlayer caller, System.String[] command) [0x00000] in <filename unknown>:0 
27.06.2017 20:41:23: Не обработано:   at Rocket.Core.Commands.RocketCommandManager.Execute (IRocketPlayer player, System.String command) [0x00000] in <filename unknown>:0 
27.06.2017 20:41:31: Не обработано: Дал RealBlackJesus вещь 1801:1
27.06.2017 20:41:50: Не обработано: RealBlackJesus телепортирован к mirana
27.06.2017 20:42:10: Не обработано: RealBlackJesus получил транспорт 1
27.06.2017 20:42:45: Не обработано: Дал RealBlackJesus вещь 490:1
27.06.2017 20:43:14: Не обработано: RealBlackJesus телепортирован к xferrty
27.06.2017 20:43:25: Не обработано: RealBlackJesus получил транспорт 1
27.06.2017 20:44:04: Не обработано: RealBlackJesus телепортирован к ?????
27.06.2017 20:44:15: Не обработано: RealBlackJesus включена нивидимость
27.06.2017 20:44:32: Не обработано: RealBlackJesus телепортирован к Liza
27.06.2017 20:45:34: Не обработано: RealBlackJesus телепортирован к xferrty
27.06.2017 20:46:27: Не обработано: RealBlackJesus телепортирован к xferrty
27.06.2017 20:46:58: Не обработано: RealBlackJesus телепортирован к xferrty
27.06.2017 20:47:21: Не обработано: foxy20060 [ensign] was mauled by a zombie!
27.06.2017 20:47:24: Не обработано: ????? [?????] was mauled by a zombie!
27.06.2017 20:47:31: Не обработано: RealBlackJesus телепортирован к Liza
27.06.2017 20:47:46: Не обработано: Дал RealBlackJesus вещь 520:10
27.06.2017 20:47:54: Не обработано: Silva [Silva] killed themself.
27.06.2017 20:48:51: Не обработано: RealBlackJesus получил транспорт 1
27.06.2017 20:49:49: Не обработано: gulka.tupova moved x:884.0894 y:75.49402(+36.46425) z:-665.7876 in the last second (1)
27.06.2017 20:50:04: Не обработано: RealBlackJesus телепортирован к Кирилл Алексеивич
27.06.2017 20:51:55: Не обработано: heroestore [heroestore] dehydrated to death!
27.06.2017 20:55:41: Не обработано: Silva [Silva] was mauled by a zombie!
27.06.2017 20:57:15: Не обработано: Кирилл Алексеивич [Чёрный] was mauled by a zombie!
27.06.2017 20:57:20: Не обработано: Кирилл Алексеивич moved x:-720.9009 y:59.51276(+21.03543) z:150.1289 in the last second (1.003479)
27.06.2017 21:00:06: Не обработано: Кирилл Алексеивич [Чёрный] was mauled by a zombie!
27.06.2017 21:02:45: Не обработано: Silva [Silva] killed themself.
27.06.2017 21:03:05: Не обработано: Silva [Silva] killed themself.
27.06.2017 21:05:28: Не обработано: mirana [mirana010010] killed themself.
27.06.2017 21:07:42: Не обработано: Liza [Elizavetadombrovskaiy] was mauled by a zombie!
27.06.2017 21:07:56: Не обработано: PlayerInfoLib >> No expired player info records found for this batch.
27.06.2017 21:07:56: Сохранение сервера
27.06.2017 21:08:07: Не обработано: gulka.tupova moved x:889.3491 y:76.36656(+37.88993) z:-648.1187 in the last second (0.2379227)
27.06.2017 21:17:02: Не обработано: gulka.tupova [galka.tupova] is calling a vote to kick korak [korak]
27.06.2017 21:17:17: Не обработано: Vote failed!
27.06.2017 21:17:26: Не обработано: Silva [Silva] is calling a vote to kick korak [korak]
27.06.2017 21:17:41: Не обработано: Vote failed!
27.06.2017 21:17:47: Не обработано: mirana [mirana010010] is calling a vote to kick Xeum [Xeum]
27.06.2017 21:18:02: Не обработано: Vote failed!
27.06.2017 21:18:43: Не обработано: ReYDiE [ReYDiE] was mauled by a zombie!
27.06.2017 21:25:22: Не обработано: mirana [mirana010010] is calling a vote to kick korak [korak]
27.06.2017 21:25:37: Не обработано: Vote failed!
27.06.2017 21:37:56: Не обработано: PlayerInfoLib >> No expired player info records found for this batch.
27.06.2017 21:37:56: Не обработано: Silva [Silva] bled to death!
27.06.2017 21:37:56: Сохранение сервера
27.06.2017 21:40:50: Не обработано: mirana [mirana010010] killed themself.
27.06.2017 21:44:09: Не обработано: #KOX JESTEM NOWY [WINFORTUNE.COM kapitanKoxKox] was mauled by a zombie!
27.06.2017 21:58:40: Не обработано: Silva [Silva] was mauled by a zombie!
27.06.2017 22:02:07: Не обработано: SAS [izi] was mauled by a zombie!
27.06.2017 22:03:44: Не обработано: DJEban [MarkRoss] bled to death!
27.06.2017 22:07:56: Не обработано: PlayerInfoLib >> No expired player info records found for this batch.
27.06.2017 22:07:56: Сохранение сервера
27.06.2017 22:17:47: Не обработано: DJEban [MarkRoss] was dissolved by a zombie!
27.06.2017 22:20:16: Не обработано: VehicleEvents >> Vehicle has been despawned
27.06.2017 22:28:38: Не обработано: 12dfybkm123 [12dfybkm123] was mauled by a zombie!
27.06.2017 22:29:48: Не обработано: stas [fedoroff.olegfedorov33] was mauled by a zombie!
27.06.2017 22:32:51: Не обработано: 12dfybkm123 [12dfybkm123] bled to death!
27.06.2017 22:33:47: Не обработано: 12dfybkm123 [12dfybkm123] bled to death!
27.06.2017 22:37:03: Не обработано: Aze_Man [Ali] bled to death!
27.06.2017 22:37:46: Не обработано: 12dfybkm123 [12dfybkm123] bled to death!
27.06.2017 22:37:56: Не обработано: PlayerInfoLib >> No expired player info records found for this batch.
27.06.2017 22:37:56: Сохранение сервера
27.06.2017 22:38:40: Не обработано: Aze_Man [Ali] was mauled by a zombie!
27.06.2017 22:38:42: Не обработано: 12dfybkm123 [12dfybkm123] bled to death!
27.06.2017 22:42:02: Не обработано: stas [fedoroff.olegfedorov33] was mauled by a zombie!
27.06.2017 22:42:30: Не обработано: stas moved x:161.9894 y:38.47732(+18.8702) z:192.3009 in the last second (0.1000023)
27.06.2017 22:45:54: Не обработано: EMCIK [Sans] killed themself.
27.06.2017 22:46:02: Не обработано: vape007 [vape007] was mauled by a zombie!
27.06.2017 22:49:04: Не обработано: aramzic [лунтик БОСС] was mauled by a zombie!
27.06.2017 22:49:31: Не обработано: BearMark [BearMark] was mauled by a zombie!
27.06.2017 22:49:35: Не обработано: BearMark moved x:-585.6956 y:71.61745(+33.14013) z:120.8909 in the last second (0.7379227)
27.06.2017 22:58:50: Не обработано: BearMark [BearMark] was mauled by a zombie!
27.06.2017 22:58:59: Не обработано: BearMark [BearMark] killed themself.
27.06.2017 22:59:03: Не обработано: BearMark moved x:-585.6956 y:71.61745(+33.14013) z:120.8909 in the last second (0.7379227)
27.06.2017 23:00:43: Не обработано: BearMark [BearMark] was mauled by a zombie!
27.06.2017 23:00:46: Не обработано: BearMark moved x:-585.6956 y:71.61745(+33.14013) z:120.8909 in the last second (0.7379227)
27.06.2017 23:01:13: Не обработано: Vlad Golovan [_klade_] was mauled by a zombie!
27.06.2017 23:01:22: Не обработано: StenzelDenzel [StenzelDenzel] was mauled by a zombie!
27.06.2017 23:03:43: Не обработано: BearMark [BearMark] was mauled by a zombie!
27.06.2017 23:03:47: Не обработано: BearMark moved x:-585.6956 y:71.61745(+33.14013) z:120.8909 in the last second (0.7379227)
27.06.2017 23:03:53: Не обработано: 12dfybkm123 [12dfybkm123] was burned by a zombie!
27.06.2017 23:03:53: Не обработано: NullReferenceException - SDG.Unturned.UseableMelee.fire ()
27.06.2017 23:03:53: Не обработано: SDG.Unturned.UseableMelee.simulate (UInt32 simulation, Boolean inputSteady)
27.06.2017 23:03:53: Не обработано: SDG.Unturned.PlayerEquipment.simulate (UInt32 simulation, Boolean inputPrimary, Boolean inputSecondary, Boolean inputSteady)
27.06.2017 23:03:53: Не обработано: SDG.Unturned.PlayerInput.FixedUpdate ()
27.06.2017 23:07:21: Не обработано: Костя moved x:888.474 y:75.49338(+45.11004) z:-661.3817 in the last second (0.6381531)
27.06.2017 23:07:49: Не обработано: VehicleEvents >> Vehicle has been despawned
27.06.2017 23:07:56: Не обработано: PlayerInfoLib >> No expired player info records found for this batch.
27.06.2017 23:07:56: Сохранение сервера
27.06.2017 23:09:18: Не обработано: KlordFFox moved x:898.6671 y:89.06157(+50.58425) z:419.8359 in the last second (0.05000305)
27.06.2017 23:09:49: Не обработано: DJEban [MarkRoss] was mauled by a zombie!
27.06.2017 23:11:21: Не обработано: StenzelDenzel [StenzelDenzel] was mauled by a zombie!
27.06.2017 23:13:52: Не обработано: MAXGGX383 [MAXGGX383] killed themself.
27.06.2017 23:13:55: Не обработано: KlordFFox moved x:898.6671 y:89.06157(+18.68745) z:419.8359 in the last second (0.05000305)
27.06.2017 23:21:02: Не обработано: KlordFFox moved x:898.6671 y:89.06157(+46.53874) z:419.8359 in the last second (0.05000305)
27.06.2017 23:27:19: Не обработано: REHDI2 moved x:891.7025 y:76.22864(+37.75132) z:-647.0951 in the last second (0.09999847)
27.06.2017 23:29:36: Не обработано: Xeum moved x:876.0452 y:78.40099(+24.03038) z:-679.7026 in the last second (0.5999985)
27.06.2017 23:30:48: Не обработано: KlordFFox moved x:898.6671 y:89.06157(+50.58425) z:419.8359 in the last second (0.05000305)
27.06.2017 23:30:50: Не обработано: ginomauricce [ginomauricce] was mauled by a zombie!
27.06.2017 23:37:56: Не обработано: PlayerInfoLib >> No expired player info records found for this batch.
27.06.2017 23:37:56: Сохранение сервера
27.06.2017 23:38:24: Не обработано: PrivateMessages >> Sorry, you haven't received a message!
27.06.2017 23:39:25: Не обработано: Misha moved x:898.6849 y:92.91159(+49.68085) z:429.827 in the last second (0.5999985)
27.06.2017 23:42:11: Не обработано: Templiers [AGoni] was mauled by a zombie!
27.06.2017 23:44:09: Не обработано: _TagerYT_ включен Godmode
27.06.2017 23:45:28: Не обработано: KlordFFox moved x:898.6671 y:89.06157(+50.58425) z:419.8359 in the last second (0.05000305)
27.06.2017 23:46:41: Не обработано: Xeum [Xeum] was mauled by a zombie!
27.06.2017 23:52:34: Не обработано: Misha [Misha] was mauled by a zombie!
27.06.2017 23:55:21: Не обработано: Misha moved x:880.7396 y:88.66157(+58.77041) z:421.8054 in the last second (0.5999908)
27.06.2017 23:56:26: Не обработано: _TagerYT_ moved x:905.9305 y:89.06157(+64.8511) z:434.0214 in the last second (0.05000305)
27.06.2017 23:57:21: Не обработано: KlordFFox moved x:898.6671 y:89.06157(+48.88145) z:419.8359 in the last second (0.05000305)
28.06.2017 0:07:46: Не обработано: Vlad Golovan [_klade_] killed themself.
28.06.2017 0:07:56: Не обработано: PlayerInfoLib >> No expired player info records found for this batch.
28.06.2017 0:07:56: Сохранение сервера
28.06.2017 0:11:47: Не обработано: Vlad Golovan [_klade_] was mauled by a zombie!
28.06.2017 0:12:01: Не обработано: Vlad Golovan [_klade_] killed themself.
28.06.2017 0:12:11: Не обработано: Vlad Golovan [_klade_] killed themself.
28.06.2017 0:12:21: Не обработано: Vlad Golovan [_klade_] killed themself.
28.06.2017 0:14:45: Не обработано: francescomarialozzi [francescomarialozzi] was mauled by a zombie!
28.06.2017 0:30:14: Не обработано: Xeum [Xeum] bled to death!
28.06.2017 0:32:37: Не обработано: dennistyler292 [dennistyler292] was dissolved by a zombie!
28.06.2017 0:34:04: Не обработано: _TagerYT_ moved x:905.9305 y:89.06157(+50.58425) z:434.0214 in the last second (0.05000305)
28.06.2017 0:37:56: Не обработано: PlayerInfoLib >> No expired player info records found for this batch.
28.06.2017 0:37:56: Сохранение сервера
28.06.2017 0:40:43: Не обработано: Xeum moved x:-847.3694 y:83.32937(+45.20487) z:-949.0585 in the last second (0.6288071)
28.06.2017 0:41:24: Не обработано: francescomarialozzi moved x:612.6069 y:66.9126(+37.66558) z:309.4043 in the last second (0.2379227)
28.06.2017 0:45:45: Не обработано: dennistyler292 [dennistyler292] was mauled by a zombie!
28.06.2017 0:45:45: Не обработано: dennistyler292 moved x:-744.4502 y:58.56762(+20.0903) z:127.2084 in the last second (0.9748459)
28.06.2017 0:46:01: Не обработано: Xeum moved x:-816.6907 y:79.86059(+28.63086) z:-939.3679 in the last second (0.1553879)
28.06.2017 0:47:37: Не обработано: dennistyler292 [dennistyler292] bled to death!
28.06.2017 0:52:52: Не обработано: limonmaksimki [limonmaksimki] was burned by a zombie!
28.06.2017 0:52:52: Не обработано: NullReferenceException - SDG.Unturned.UseableMelee.fire ()
28.06.2017 0:52:52: Не обработано: SDG.Unturned.UseableMelee.simulate (UInt32 simulation, Boolean inputSteady)
28.06.2017 0:52:52: Не обработано: SDG.Unturned.PlayerEquipment.simulate (UInt32 simulation, Boolean inputPrimary, Boolean inputSecondary, Boolean inputSteady)
28.06.2017 0:52:52: Не обработано: SDG.Unturned.PlayerInput.FixedUpdate ()
28.06.2017 0:53:32: Не обработано: Drim3t [Drim3t] was mauled by a zombie!
28.06.2017 1:01:32: Не обработано: francescomarialozzi moved x:612.6069 y:66.9126(+28.33405) z:309.4043 in the last second (0.2379227)
28.06.2017 1:01:37: Не обработано: francescomarialozzi [francescomarialozzi] killed themself.
28.06.2017 1:02:42: Не обработано: francescomarialozzi moved x:612.6069 y:66.9126(+28.43528) z:309.4043 in the last second (0.2379227)
28.06.2017 1:06:07: Не обработано: francescomarialozzi moved x:612.6069 y:66.77467(+28.35986) z:309.4043 in the last second (0.09999847)
28.06.2017 1:07:56: Не обработано: PlayerInfoLib >> No expired player info records found for this batch.
28.06.2017 1:07:56: Сохранение сервера
28.06.2017 1:11:59: Не обработано: VehicleEvents >> Vehicle has been despawned
28.06.2017 1:12:34: Не обработано: williambarnes7 [williambarnes7] was mauled by a zombie!
28.06.2017 1:12:46: Не обработано: williambarnes7 [williambarnes7] killed themself.
28.06.2017 1:12:54: Не обработано: williambarnes7 [williambarnes7] killed themself.
28.06.2017 1:13:07: Не обработано: williambarnes7 [williambarnes7] killed themself.
28.06.2017 1:14:08: Не обработано: limonmaksimki moved x:-840.785 y:84.38894(+45.3166) z:-447.5125 in the last second (0.6004868)
28.06.2017 1:14:23: Не обработано: williambarnes7 [williambarnes7] killed themself.
28.06.2017 1:19:41: Не обработано: xXPrincce_DemonXx [TheMasked Murderer] was mauled by a zombie!
28.06.2017 1:21:22: Не обработано: williambarnes7 [williambarnes7] was crushed by a zombie!
28.06.2017 1:21:33: Не обработано: williambarnes7 [williambarnes7] killed themself.
28.06.2017 1:24:02: Не обработано: xXPrincce_DemonXx [TheMasked Murderer] was mauled by a zombie!
28.06.2017 1:24:09: Не обработано: xxFutureDeath [Light_Skinned_Friend] was mauled by a zombie!
28.06.2017 1:24:33: Не обработано: williambarnes7 [williambarnes7] killed themself.
28.06.2017 1:27:04: Не обработано: xXPrincce_DemonXx [TheMasked Murderer] bled to death!
28.06.2017 1:27:17: Не обработано: williambarnes7 [williambarnes7] was mauled by a zombie!
28.06.2017 1:27:25: Не обработано: williambarnes7 [williambarnes7] killed themself.
28.06.2017 1:27:32: Не обработано: xxFutureDeath [Light_Skinned_Friend] was mauled by a zombie!
28.06.2017 1:27:37: Не обработано: williambarnes7 [williambarnes7] killed themself.
28.06.2017 1:27:57: Не обработано: williambarnes7 [williambarnes7] killed themself.
28.06.2017 1:29:31: Не обработано: xXPrincce_DemonXx [TheMasked Murderer] was mauled by a zombie!
28.06.2017 1:30:37: Не обработано: xxFutureDeath [Light_Skinned_Friend] was mauled by a zombie!
28.06.2017 1:31:19: Не обработано: francescomarialozzi [francescomarialozzi] was mauled by a zombie!
28.06.2017 1:31:35: Не обработано: limonmaksimki [limonmaksimki] was infected to death!
28.06.2017 1:34:23: Не обработано: xxFutureDeath [Light_Skinned_Friend] bled to death!
28.06.2017 1:37:56: Не обработано: PlayerInfoLib >> No expired player info records found for this batch.
28.06.2017 1:37:56: Сохранение сервера
28.06.2017 1:45:29: Не обработано: xxFutureDeath [Light_Skinned_Friend] was mauled by a zombie!
28.06.2017 1:45:42: Не обработано: dalton.thatcher08 [dalton.thatcher08] killed themself.
28.06.2017 1:47:19: Не обработано: xXPrincce_DemonXx [TheMasked Murderer] was mauled by a zombie!
28.06.2017 1:47:22: Не обработано: xXPrincce_DemonXx moved x:-720.9009 y:59.51276(+21.17095) z:150.1289 in the last second (1.003479)
28.06.2017 1:47:32: Не обработано: xxFutureDeath [Light_Skinned_Friend] was mauled by a zombie!
28.06.2017 1:55:20: Не обработано: VehicleEvents >> Vehicle has been despawned
28.06.2017 2:07:56: Не обработано: PlayerInfoLib >> No expired player info records found for this batch.
28.06.2017 2:07:56: Сохранение сервера
28.06.2017 2:15:06: Не обработано: francescomarialozzi moved x:612.6069 y:66.9126(+18.81839) z:309.4043 in the last second (0.2379227)
28.06.2017 2:15:37: Не обработано: francescomarialozzi [francescomarialozzi] was infected to death!
28.06.2017 2:37:56: Не обработано: PlayerInfoLib >> No expired player info records found for this batch.
28.06.2017 2:37:56: Сохранение сервера
28.06.2017 2:38:08: Не обработано: runningtreeii [runningtreeii] killed themself.
28.06.2017 2:38:41: Не обработано: FaZe Goose [Dirty Dan] was mauled by a zombie!
28.06.2017 2:41:13: Не обработано: FaZe Goose [Dirty Dan] was mauled by a zombie!
28.06.2017 2:42:38: Не обработано: runningtreeii [runningtreeii] was mauled by a zombie!
28.06.2017 2:58:26: Не обработано: VehicleEvents >> Vehicle has been despawned
28.06.2017 3:07:56: Не обработано: PlayerInfoLib >> No expired player info records found for this batch.
28.06.2017 3:07:56: Сохранение сервера
28.06.2017 3:14:31: Не обработано: cathunter093 [cathunter093] bled to death!
28.06.2017 3:14:34: Не обработано: cathunter093 moved x:-720.9009 y:59.51276(+21.03544) z:150.1289 in the last second (1.003479)
28.06.2017 3:16:37: Не обработано: cathunter093 [cathunter093] was mauled by a zombie!
28.06.2017 3:17:44: Не обработано: francescomarialozzi [francescomarialozzi] dehydrated to death!
28.06.2017 3:18:46: Не обработано: cathunter093 [cathunter093] was mauled by a zombie!
28.06.2017 3:25:19: Не обработано: cathunter093 [cathunter093] was mauled by a zombie!
28.06.2017 3:25:25: Не обработано: cathunter093 moved x:-744.4502 y:58.56762(+19.81168) z:127.2084 in the last second (0.9748459)
28.06.2017 3:37:56: Не обработано: PlayerInfoLib >> No expired player info records found for this batch.
28.06.2017 3:37:56: Сохранение сервера
28.06.2017 4:04:10: Не обработано: Vlad Golovan [_klade_] dehydrated to death!
28.06.2017 4:07:56: Не обработано: PlayerInfoLib >> No expired player info records found for this batch.
28.06.2017 4:07:56: Сохранение сервера
28.06.2017 4:18:04: Не обработано: Каратель [Каратель] was mauled by a zombie!
28.06.2017 4:37:56: Не обработано: PlayerInfoLib >> No expired player info records found for this batch.
28.06.2017 4:37:56: Сохранение сервера
28.06.2017 4:45:19: Не обработано: limonmaksimki [limonmaksimki] was infected to death!
28.06.2017 4:45:27: Не обработано: limonmaksimki moved x:-720.9009 y:59.51276(+20.67033) z:150.1289 in the last second (1.003479)
28.06.2017 4:46:41: Не обработано: limonmaksimki moved x:-786.1394 y:95.73557(+24.62131) z:364.8681 in the last second (0.1231384)
28.06.2017 4:54:17: Не обработано: VehicleEvents >> Vehicle has been despawned
28.06.2017 4:57:19: Не обработано: limonmaksimki [limonmaksimki] was mauled by a zombie!
28.06.2017 5:03:19: Не обработано: limonmaksimki [limonmaksimki] was crushed by a zombie!
28.06.2017 5:07:56: Не обработано: PlayerInfoLib >> No expired player info records found for this batch.
28.06.2017 5:07:56: Сохранение сервера
28.06.2017 5:21:19: Не обработано: VehicleEvents >> Vehicle has been despawned
28.06.2017 5:23:28: Не обработано: limonmaksimki [limonmaksimki] was mauled by a zombie!
28.06.2017 5:29:04: Не обработано: limonmaksimki [limonmaksimki] suffocated to death!
28.06.2017 5:37:56: Не обработано: PlayerInfoLib >> No expired player info records found for this batch.
28.06.2017 5:37:56: Сохранение сервера
28.06.2017 5:39:07: Не обработано: limonmaksimki [limonmaksimki] bled to death!
28.06.2017 5:47:19: Не обработано: VehicleEvents >> Vehicle has been despawned
28.06.2017 6:07:56: Не обработано: PlayerInfoLib >> No expired player info records found for this batch.
28.06.2017 6:07:56: Сохранение сервера
28.06.2017 6:27:32: Не обработано: VehicleEvents >> Vehicle has been despawned
28.06.2017 6:37:56: Не обработано: PlayerInfoLib >> No expired player info records found for this batch.
28.06.2017 6:37:56: Сохранение сервера
28.06.2017 6:40:23: Не обработано: gulka.tupova moved x:889.3491 y:76.36656(+22.99596) z:-648.1187 in the last second (0.2379227)
28.06.2017 6:48:18: Не обработано: gulka.tupova moved x:889.3491 y:76.22864(+37.75132) z:-648.1187 in the last second (0.09999847)
28.06.2017 7:01:26: Не обработано: emdw2002 [emdw2002] was mauled by a zombie!
28.06.2017 7:02:35: Не обработано: gulka.tupova moved x:889.3491 y:76.22864(+22.85815) z:-648.1187 in the last second (0.09999847)
28.06.2017 7:03:31: Не обработано: emdw2002 [emdw2002] bled to death!
28.06.2017 7:07:56: Не обработано: PlayerInfoLib >> No expired player info records found for this batch.
28.06.2017 7:07:56: Сохранение сервера
28.06.2017 7:16:52: Не обработано: PlayerID: 76561198384667939 Name: galka.tupova Character: gulka.tupova Ping: 95
28.06.2017 7:23:25: Не обработано: gulka.tupova moved x:876.8918 y:78.80099(+40.32368) z:-683.737 in the last second (1)
28.06.2017 7:26:52: Не обработано: PlayerID: 76561198384667939 Name: galka.tupova Character: gulka.tupova Ping: 93
28.06.2017 7:28:50: Не обработано: gulka.tupova [galka.tupova] starved to death!
28.06.2017 7:28:57: Не обработано: gulka.tupova moved x:889.3491 y:76.22864(+37.75132) z:-648.1187 in the last second (0.09999847)
28.06.2017 7:37:56: Не обработано: PlayerInfoLib >> No expired player info records found for this batch.
28.06.2017 7:37:56: Сохранение сервера
28.06.2017 7:53:20: Не обработано: gulka.tupova [galka.tupova] killed themself.
28.06.2017 7:53:30: Не обработано: gulka.tupova moved x:890.0771 y:76.36656(+37.88189) z:-647.7714 in the last second (0.2379227)
28.06.2017 7:54:00: Не обработано: gulka.tupova [galka.tupova] killed themself.
28.06.2017 7:54:54: Не обработано: gulka.tupova moved x:890.0771 y:76.36656(+37.68923) z:-647.7714 in the last second (0.2379227)
28.06.2017 8:00:37: Не обработано: gulka.tupova [galka.tupova] killed themself.
28.06.2017 8:01:03: Не обработано: gulka.tupova moved x:890.0771 y:76.36656(+37.68106) z:-647.7714 in the last second (0.2379227)
28.06.2017 8:03:26: Не обработано: VehicleEvents >> Vehicle has been despawned
28.06.2017 8:07:56: Не обработано: PlayerInfoLib >> No expired player info records found for this batch.
28.06.2017 8:07:56: Сохранение сервера
28.06.2017 8:08:28: Не обработано: gulka.tupova moved x:890.0771 y:76.36656(+21.45815) z:-647.7714 in the last second (0.2379227)
28.06.2017 8:36:04: Не обработано: Reason: 9999 Duration: 31536000 Remaining: 31491646
28.06.2017 8:37:56: Не обработано: PlayerInfoLib >> No expired player info records found for this batch.
28.06.2017 8:37:56: Сохранение сервера
28.06.2017 8:38:39: Не обработано: gulka.tupova moved x:897.7876 y:71.99088(+32.78306) z:-704.9695 in the last second (1.85733)
28.06.2017 8:39:04: Не обработано: PlayerID: 76561198384667939 Name: galka.tupova Character: gulka.tupova Ping: 99
28.06.2017 8:41:08: Не обработано: 
28.06.2017 8:41:08: Не обработано: [unloading] Kits
28.06.2017 8:49:54: Не обработано: VehicleEvents >> Vehicle has been despawned
28.06.2017 8:52:59: Не обработано: gulka.tupova moved x:890.0771 y:76.36656(+37.88924) z:-647.7714 in the last second (0.2379227)
28.06.2017 8:58:51: Не обработано: чава михаил [LAIMIX] bled to death!
28.06.2017 8:59:33: Не обработано: чава михаил moved x:912.6266 y:78.40099(+39.92367) z:-667.913 in the last second (0.5999908)
28.06.2017 9:04:40: Не обработано: gulka.tupova moved x:890.0771 y:76.22864(+33.22216) z:-647.7714 in the last second (0.09999847)
28.06.2017 9:05:15: Не обработано: gulka.tupova [galka.tupova] bled to death!
28.06.2017 9:05:40: Не обработано: gulka.tupova moved x:890.0771 y:76.22864(+36.5414) z:-647.7714 in the last second (0.09999847)
28.06.2017 9:05:43: Не обработано: чава михаил [LAIMIX] was electrocuted by a zombie!
28.06.2017 9:06:35: Не обработано: чава михаил moved x:886.449 y:74.85239(+32.93379) z:-669.3142 in the last second (0.6026306)
28.06.2017 9:11:24: Не обработано: PlayerInfoLib >> No expired player info records found for this batch.
28.06.2017 9:11:24: Сохранение сервера
28.06.2017 9:13:36: Не обработано: gulka.tupova [galka.tupova] was mauled by a zombie!
28.06.2017 9:13:39: Не обработано: gulka.tupova moved x:890.0771 y:76.67821(+38.20089) z:-647.7714 in the last second (0.5495682)
28.06.2017 9:41:24: Не обработано: PlayerInfoLib >> No expired player info records found for this batch.
28.06.2017 9:41:24: Сохранение сервера
28.06.2017 9:44:47: Не обработано: bugratoraman55 [bugratoraman55] was mauled by a zombie!
28.06.2017 10:11:24: Не обработано: PlayerInfoLib >> No expired player info records found for this batch.
28.06.2017 10:11:24: Сохранение сервера
28.06.2017 10:41:24: Не обработано: PlayerInfoLib >> No expired player info records found for this batch.
28.06.2017 10:41:24: Сохранение сервера
28.06.2017 10:54:56: Не обработано: VehicleEvents >> Vehicle has been despawned
28.06.2017 11:04:11: Не обработано: Brodyaga moved x:829.2944 y:80.12885(+41.45149) z:-806.9425 in the last second (0.6290894)
28.06.2017 11:06:37: Не обработано: Alexandr [Alexandr380] was mauled by a zombie!
28.06.2017 11:06:39: Не обработано: Alexandr moved x:-720.9009 y:59.51276(+20.83538) z:150.1289 in the last second (1.003479)
28.06.2017 11:07:10: Не обработано: Alexandr [Alexandr380] was mauled by a zombie!
28.06.2017 11:11:24: Не обработано: PlayerInfoLib >> No expired player info records found for this batch.
28.06.2017 11:11:24: Сохранение сервера
28.06.2017 11:16:09: Не обработано: ларкапуся [DEDAxmeD] was mauled by a zombie!
28.06.2017 11:17:10: Не обработано: gulka.tupova moved x:890.0771 y:76.36656(+37.88924) z:-647.7714 in the last second (0.2379227)
28.06.2017 11:17:18: Не обработано: Brodyaga moved x:888.7538 y:75.50805(+36.91666) z:-659.92 in the last second (0.638176)
28.06.2017 11:22:05: Не обработано: gulka.tupova moved x:937.4108 y:111.26(+35.4934) z:-931.8992 in the last second (0.5999908)
28.06.2017 11:24:30: Не обработано: gulka.tupova moved x:939.2636 y:110.76(+34.53906) z:-929.5991 in the last second (0.09999084)
28.06.2017 11:28:37: Не обработано: Brodyaga moved x:723.2696 y:58.35466(+19.32597) z:-842.3073 in the last second (0.2262421)
28.06.2017 11:31:26: Не обработано: gulka.tupova moved x:890.0771 y:76.22864(+24.42572) z:-647.7714 in the last second (0.09999847)
28.06.2017 11:31:37: Не обработано: gulka.tupova [galka.tupova] killed themself.
28.06.2017 11:41:24: Не обработано: PlayerInfoLib >> No expired player info records found for this batch.
28.06.2017 11:41:24: Сохранение сервера
28.06.2017 11:43:14: Не обработано: КРАЗДНЫЙ ДИЛДУН [КРАЗДНЫЙ ДИЛДУН] bled to death!
28.06.2017 11:43:44: Не обработано: gulka.tupova moved x:884.962 y:75.44299(+30.09342) z:-664.5535 in the last second (0.8116455)
28.06.2017 11:49:19: Не обработано: Brodyaga moved x:887.9907 y:75.72501(+37.04249) z:-660.7334 in the last second (0.6020813)
28.06.2017 11:52:57: Не обработано: КРАЗДНЫЙ ДИЛДУН [КРАЗДНЫЙ ДИЛДУН] was mauled by a zombie!
28.06.2017 11:55:30: Не обработано: КРАЗДНЫЙ ДИЛДУН [КРАЗДНЫЙ ДИЛДУН] was mauled by a zombie!
28.06.2017 11:55:44: Не обработано: КРАЗДНЫЙ ДИЛДУН moved x:945.9782 y:111.3729(+72.73727) z:-935.8243 in the last second (0.6018295)
28.06.2017 11:58:51: Не обработано: КРАЗДНЫЙ ДИЛДУН [КРАЗДНЫЙ ДИЛДУН] bled to death!
28.06.2017 12:11:24: Не обработано: PlayerInfoLib >> No expired player info records found for this batch.
28.06.2017 12:11:24: Сохранение сервера
28.06.2017 12:12:34: Не обработано: RED moved x:932.9236 y:108.6793(+24.38642) z:-873.9811 in the last second (0.6021729)
28.06.2017 12:14:10: Не обработано: VehicleEvents >> Vehicle has been despawned
28.06.2017 12:41:24: Не обработано: PlayerInfoLib >> No expired player info records found for this batch.
28.06.2017 12:41:24: Сохранение сервера
28.06.2017 12:45:11: Не обработано: francescomarialozzi [francescomarialozzi] was mauled by a zombie!
28.06.2017 12:45:53: Не обработано: Egor [egorkataev] was blown up by a vehicle!
28.06.2017 12:48:31: Не обработано: Egor [egorkataev] was mauled by a zombie!
28.06.2017 12:49:48: Не обработано: VehicleEvents >> Vehicle has been despawned
28.06.2017 12:58:49: Не обработано: belka333 moved x:94.88343 y:71.41631(+45.28298) z:-628.7125 in the last second (0.6025848)
28.06.2017 13:08:13: Не обработано: shubin_05 [Я ЕСТЬ ГРУТ] was mauled by a zombie!
28.06.2017 13:11:24: Не обработано: PlayerInfoLib >> No expired player info records found for this batch.
28.06.2017 13:11:24: Сохранение сервера
28.06.2017 13:13:43: Не обработано: VehicleEvents >> Vehicle has been despawned
28.06.2017 13:18:31: Не обработано: 7_AleX_3 [7_AleX_3] was mauled by a zombie!
28.06.2017 13:18:40: Не обработано: 7_AleX_3 moved x:-707.3788 y:49.35922(+22.75091) z:-723.2307 in the last second (0.05000305)
28.06.2017 13:24:11: Не обработано: mimiyollooooooo [mimiyollooooooo] was mauled by a zombie!
28.06.2017 13:25:03: Не обработано: heroestore [heroestore] was electrocuted by a zombie!
28.06.2017 13:25:24: Не обработано: kakdela [kakdela] was electrocuted by a zombie!
28.06.2017 13:26:31: Не обработано: kakdela [kakdela] was mauled by a zombie!
28.06.2017 13:27:58: Не обработано: mimiyollooooooo [mimiyollooooooo] was electrocuted by a zombie!
28.06.2017 13:28:53: Не обработано: mimiyollooooooo [mimiyollooooooo] was mauled by a zombie!
28.06.2017 13:29:52: Не обработано: mimiyollooooooo [mimiyollooooooo] bled to death!
28.06.2017 13:30:10: Не обработано: Epic_men [pon4ic] was mauled by a zombie!
28.06.2017 13:30:11: Не обработано: ThatOneGuy... [MaciekU] was mauled by a zombie!
28.06.2017 13:32:22: Не обработано: aramzic [лунтик БОСС] was electrocuted by a zombie!
28.06.2017 13:32:33: Не обработано: IustinScuratoschi [Reaper Pachimari] was mauled by a zombie!
28.06.2017 13:33:13: Не обработано: BOT xSupreme [BOT xSupreme] was mauled by a zombie!
28.06.2017 13:33:17: Не обработано: BOT xSupreme moved x:-744.4502 y:58.56762(+20.0903) z:127.2084 in the last second (0.9748459)
28.06.2017 13:33:29: Не обработано: Epic_men [pon4ic] was mauled by a zombie!
28.06.2017 13:33:35: Не обработано: heroestore [heroestore] was electrocuted by a zombie!
28.06.2017 13:33:43: Не обработано: elmirpir [Papka] bled to death!
