08.08.2017 10:32:54: un был съеден зомби! 
08.08.2017 10:57:27: naruto.h2016 истёк кровью!
08.08.2017 11:39:07: Alex был съеден зомби! 
08.08.2017 11:43:25: Alex истёк кровью!
08.08.2017 12:03:55: chelekaterina был съеден зомби! 
08.08.2017 12:06:41: chelekaterina был убит плювальщиком!
08.08.2017 12:12:08: Бомж Василий истёк кровью!
08.08.2017 12:16:50: chelekaterina был убит взрывной волной от машины!
08.08.2017 12:29:48: OneTap был съеден зомби! 
08.08.2017 13:09:07: Danil_Boss истёк кровью!
08.08.2017 13:10:53: Mr_Jonik_YT был съеден зомби! 
08.08.2017 13:20:30: liampuo был съеден зомби! 
08.08.2017 13:51:17: liampuo был съеден зомби! 
08.08.2017 14:05:31: Danil_Boss совершил суецид!
08.08.2017 14:17:51: Jone Cape был съеден зомби! 
08.08.2017 14:18:04: Nyan Bread истёк кровью!
08.08.2017 14:19:21: KiberSportsmen был съеден зомби! 
08.08.2017 14:21:10: Nyan Bread был съеден зомби! 
08.08.2017 14:37:54: zaj.wanda был съеден зомби! 
08.08.2017 14:40:14: suomenaha был съеден зомби! 
08.08.2017 14:40:24: oskarb3101 был съеден зомби! 
08.08.2017 14:42:18: _LinDeX_ был съеден зомби! 
08.08.2017 14:44:03: zaj.wanda был съеден зомби! 
08.08.2017 14:44:50: kokosik был съеден зомби! 
08.08.2017 14:46:05: zaj.wanda совершил суецид!
08.08.2017 14:46:24: oskarb3101 был съеден зомби! 
08.08.2017 14:47:06: zaj.wanda совершил суецид!
08.08.2017 14:50:58: zaj.wanda был съеден зомби! 
08.08.2017 14:51:03: oskarb3101 был съеден зомби! 
08.08.2017 14:51:10: zaj.wanda совершил суецид!
08.08.2017 14:51:19: zaj.wanda совершил суецид!
08.08.2017 14:51:24: zaj.wanda совершил суецид!
08.08.2017 14:51:53: oskarb3101 совершил суецид!
08.08.2017 14:52:08: oskarb3101 совершил суецид!
08.08.2017 14:52:26: oskarb3101 совершил суецид!
08.08.2017 14:52:37: oskarb3101 совершил суецид!
08.08.2017 14:52:51: oskarb3101 совершил суецид!
08.08.2017 14:53:02: oskarb3101 совершил суецид!
08.08.2017 14:53:14: oskarb3101 совершил суецид!
08.08.2017 14:54:57: oskarb3101 истёк кровью!
08.08.2017 14:55:53: zaj.wanda был съеден зомби! 
08.08.2017 14:56:04: zaj.wanda совершил суецид!
08.08.2017 14:56:11: zaj.wanda совершил суецид!
08.08.2017 14:56:16: zaj.wanda совершил суецид!
08.08.2017 14:56:31: _LinDeX_ истёк кровью!
08.08.2017 15:05:02: zaj.wanda истёк кровью!
08.08.2017 15:07:58: oskarb3101 был убит камушком!
08.08.2017 15:08:47: oskarb3101 был съеден зомби! 
08.08.2017 15:10:17: oskarb3101 был съеден зомби! 
08.08.2017 15:11:12: GP9|3HbIi /\yu истёк кровью!
08.08.2017 15:11:24: oskarb3101 был съеден зомби! 
08.08.2017 15:11:36: zaj.wanda был съеден зомби! 
08.08.2017 15:12:09: Winner! был съеден зомби! 
08.08.2017 15:14:08: vovabamblbee истёк кровью!
08.08.2017 15:14:32: Winner! истёк кровью!
08.08.2017 15:15:50: zaj.wanda был съеден зомби! 
08.08.2017 15:16:55: zaj.wanda был съеден зомби! 
08.08.2017 15:17:25: C R ? Y  magicdrop.ru истёк кровью!
08.08.2017 15:18:10: zaj.wanda был съеден зомби! 
08.08.2017 15:19:19: Winner! совершил суецид!
08.08.2017 15:20:31: GP9|3HbIi /\yu совершил суецид!
08.08.2017 15:20:44: Winner! совершил суецид!
08.08.2017 15:20:46: zaj.wanda был съеден зомби! 
08.08.2017 15:21:52: denis.dudko.05 истёк кровью!
08.08.2017 15:23:19: zaj.wanda был съеден зомби! 
08.08.2017 15:28:54: _LinDeX_ был съеден зомби! 
08.08.2017 15:29:29: zaj.wanda был съеден зомби! 
08.08.2017 15:30:08: marexiol был съеден зомби! 
08.08.2017 15:30:34: zaj.wanda был съеден зомби! 
08.08.2017 15:36:07: ?????????? истёк кровью!
08.08.2017 15:37:06: Kidni был съеден зомби! 
08.08.2017 15:38:08: GP9|3HbIi /\yu был съеден зомби! 
08.08.2017 15:39:20: ?????????? истёк кровью!
08.08.2017 15:42:09: GP9|3HbIi /\yu был съеден зомби! 
08.08.2017 15:44:10: GP9|3HbIi /\yu был съеден зомби! 
08.08.2017 15:46:46: Mr_Jonik_YT был съеден зомби! 
08.08.2017 15:46:48: GP9|3HbIi /\yu был съеден зомби! 
08.08.2017 15:49:00: marexiol был съеден зомби! 
08.08.2017 15:51:06: ?????????? истёк кровью!
08.08.2017 15:55:35: Максим Селищев сгорел!
08.08.2017 15:57:55: Mr_Jonik_YT отравился!
08.08.2017 16:07:42: marexiol был убит взрывной волной от машины!
08.08.2017 16:20:27: Алексей.М был съеден зомби! 
08.08.2017 16:21:42: aleg20511 был съеден зомби! 
08.08.2017 16:29:57: TheSkreamFiend был съеден зомби! 
08.08.2017 16:30:36: aleg20511 истёк кровью!
08.08.2017 16:31:27: таджык был съеден зомби! 
08.08.2017 16:44:02: aleg20511 был съеден зомби! 
08.08.2017 16:46:44: aleg20511 совершил суецид!
08.08.2017 16:50:44: TheSkreamFiend был съеден зомби! 
08.08.2017 16:52:25: zwonov.artiom был съеден зомби! 
08.08.2017 16:52:48: aleg20511 был съеден зомби! 
08.08.2017 16:54:04: aleg20511 был съеден зомби! 
08.08.2017 16:55:11: мяско был съеден зомби! 
08.08.2017 16:55:20: aleg20511 совершил суецид!
08.08.2017 16:56:06: мяско died of holding his breath for too long!
08.08.2017 16:56:52: мяско died of holding his breath for too long!
08.08.2017 16:59:39: aleg20511 был съеден зомби! 
08.08.2017 17:00:04: aleg20511 совершил суецид!
08.08.2017 17:00:36: TheSkreamFiend совершил суецид!
08.08.2017 17:03:22: Mr_Jonik_YT был съеден зомби! 
08.08.2017 17:05:07: мяско был съеден зомби! 
08.08.2017 17:22:40: IFRIT был съеден зомби! 
08.08.2017 17:25:29: marexiol сгорел!
08.08.2017 17:28:41: IFRIT был съеден зомби! 
08.08.2017 17:40:24: IFRIT был съеден зомби! 
08.08.2017 17:42:59: IFRIT был съеден зомби! 
08.08.2017 17:44:33: IFRIT был съеден зомби! 
08.08.2017 17:49:38: Ghoster сгорел!
08.08.2017 17:56:10: ArtoriasITA был съеден зомби! 
08.08.2017 18:00:14: IFRIT был съеден зомби! 
08.08.2017 18:05:01: IFRIT был съеден зомби! 
08.08.2017 18:07:32: liampuo был съеден зомби! 
08.08.2017 18:09:35: nikita2000 совершил суецид!
08.08.2017 18:14:37: Mr.Grifry был съеден зомби! 
08.08.2017 18:14:40: nikita2000 был съеден зомби! 
08.08.2017 18:21:52: liampuo истёк кровью!
08.08.2017 18:28:57: LOL был съеден зомби! 
08.08.2017 18:29:52: IFRIT совершил суецид!
08.08.2017 18:31:38: Мурка :D совершил суецид!
08.08.2017 18:42:40: Bro_Dryg истёк кровью!
08.08.2017 18:50:25: Bro_Dryg отравился!
08.08.2017 18:55:09: Mr_Jonik_YT был съеден зомби! 
08.08.2017 18:56:06: Bro_Dryg истёк кровью!
08.08.2017 19:11:10: Winner! был съеден зомби! 
08.08.2017 19:11:40: GP9|3HbIi /\yu был съеден зомби! 
08.08.2017 19:11:55: Winner! был съеден зомби! 
08.08.2017 19:12:13: GP9|3HbIi /\yu истёк кровью!
08.08.2017 19:12:44: Гаджиев Таир истёк кровью!
08.08.2017 19:14:39: GP9|3HbIi /\yu был съеден зомби! 
08.08.2017 19:15:09: Winner! истёк кровью!
08.08.2017 19:17:15: Гаджиев Таир был съеден зомби! 
08.08.2017 19:26:16: Sarnavskiy.v был убит плювальщиком!
08.08.2017 19:27:11: Пипр утонул!
08.08.2017 19:32:21: снайпер был съеден зомби! 
08.08.2017 19:34:18: снайпер был съеден зомби! 
08.08.2017 19:34:30: Sarnavskiy.v был съеден зомби! 
08.08.2017 19:37:10: снайпер был съеден зомби! 
08.08.2017 19:39:28: снайпер истёк кровью!
08.08.2017 19:39:55: KaratelEz был съеден зомби! 
08.08.2017 19:40:59: снайпер был съеден зомби! 
08.08.2017 19:42:29: снайпер был съеден зомби! 
08.08.2017 19:44:09: снайпер был съеден зомби! 
08.08.2017 19:45:31: w1 ll 4lw3y5 l0v3 u истёк кровью!
08.08.2017 19:47:05: GP9|3HbIi /\yu совершил суецид!
08.08.2017 19:51:06: снайпер был съеден зомби! 
08.08.2017 19:53:29: снайпер был съеден зомби! 
08.08.2017 19:54:25: снайпер был съеден зомби! 
08.08.2017 20:03:34: thebestapp был съеден зомби! 
08.08.2017 20:17:58: HITLARE был съеден зомби! 
08.08.2017 20:19:15: nasrirayen истёк кровью!
08.08.2017 20:23:05: снайпер отравился!
08.08.2017 20:26:10: Lu1 был съеден зомби! 
08.08.2017 20:27:11: Lu1 совершил суецид!
08.08.2017 20:27:12: GP9|3HbIi /\yu истёк кровью!
08.08.2017 20:27:58: Winner! был съеден зомби! 
08.08.2017 20:28:00: Семечка был съеден зомби! 
08.08.2017 20:28:07: GP9|3HbIi /\yu был съеден зомби! 
08.08.2017 20:29:40: Lu1 был съеден зомби! 
08.08.2017 20:33:35: Winner! был съеден зомби! 
08.08.2017 20:39:35: Mr_Jonik_YT сгорел!
08.08.2017 20:40:22: poggocz был съеден зомби! 
08.08.2017 20:45:37: poggocz был съеден зомби! 
08.08.2017 20:59:11: снайпер был съеден зомби! 
08.08.2017 20:59:40: снайпер был съеден зомби! 
08.08.2017 21:10:29: daniilgladyn был съеден зомби! 
08.08.2017 21:17:42: daniilgladyn был съеден зомби! 
08.08.2017 21:19:57: daniilgladyn был съеден зомби! 
08.08.2017 21:21:26: daniilgladyn был съеден зомби! 
08.08.2017 22:49:43: TheNixY;3 был съеден зомби! 
08.08.2017 22:49:45: slyfox был съеден зомби! 
08.08.2017 22:52:51: TheNixY;3 истёк кровью!
08.08.2017 23:16:01: [FDF]paladindu965 был съеден зомби! 
08.08.2017 23:32:00: slyfox утонул!
08.08.2017 23:33:15: Merrky был съеден зомби! 
08.08.2017 23:44:57: Андрей Малишов был съеден зомби! 
08.08.2017 23:53:43: TheNixY;3 утонул!
08.08.2017 23:54:32: milushkin.andreyka был съеден зомби! 
08.08.2017 23:54:41: MaCbKuM истёк кровью!
08.08.2017 23:55:12: bibaev2004 был съеден зомби! 
08.08.2017 23:55:21: PoLoSaTuK_YT был съеден зомби! 
09.08.2017 0:01:39: TheNixY;3 истёк кровью!
09.08.2017 0:01:54: slyfox истёк кровью!
09.08.2017 0:04:44: milushkin.andreyka отравился!
09.08.2017 0:05:06: TheNixY;3 истёк кровью!
09.08.2017 0:06:36: slyfox был съеден зомби! 
09.08.2017 0:06:42: Андрей Малишов был съеден зомби! 
09.08.2017 0:06:43: bibaev2004 отравился!
09.08.2017 0:07:03: superondra2 был убит плювальщиком!
09.08.2017 0:09:15: stephenwolfs13 был съеден зомби! 
09.08.2017 0:11:21: PoLoSaTuK_YT был убит камушком!
09.08.2017 0:13:33: bibaev2004 истёк кровью!
09.08.2017 0:13:42: MaCbKuM был съеден зомби! 
09.08.2017 0:14:18: milushkin.andreyka истёк кровью!
09.08.2017 0:14:37: PoLoSaTuK_YT истёк кровью!
09.08.2017 0:16:16: bibaev2004 был съеден зомби! 
09.08.2017 0:20:39: superondra2 был съеден зомби! 
09.08.2017 0:26:59: superondra2 истёк кровью!
09.08.2017 0:34:54: PoLoSaTuK_YT был съеден зомби! 
09.08.2017 0:37:19: PoLoSaTuK_YT истёк кровью!
09.08.2017 0:45:23: MaCbKuM отравился!
09.08.2017 0:51:34: MaCbKuM был съеден зомби! 
09.08.2017 0:52:04: PoLoSaTuK_YT был съеден зомби! 
09.08.2017 0:52:04: bibaev2004 истёк кровью!
09.08.2017 2:17:02: _Kubiks4321_ был съеден зомби! 
09.08.2017 2:18:14: gabbomarkut совершил суецид!
09.08.2017 2:18:33: _Kubiks4321_ был съеден зомби! 
09.08.2017 2:19:55: gabbomarkut был съеден зомби! 
09.08.2017 2:20:24: _Kubiks4321_ был съеден зомби! 
09.08.2017 2:21:16: _Kubiks4321_ истёк кровью!
09.08.2017 2:41:18: Valera был съеден зомби! 
09.08.2017 2:50:53: gabbomarkut был съеден зомби! 
09.08.2017 2:52:47: piskareva26 истёк кровью!
09.08.2017 2:59:26: Trcrazyarda был съеден зомби! 
09.08.2017 3:09:51: Valera был съеден зомби! 
09.08.2017 3:12:01: Dreamer был съеден зомби! 
09.08.2017 3:36:21: Metallicom совершил суецид!
09.08.2017 3:36:49: Metallicom совершил суецид!
09.08.2017 3:36:53: Metallicom совершил суецид!
09.08.2017 3:40:20: Danil_Boss утонул!
09.08.2017 4:16:55: nachoilles был съеден зомби! 
09.08.2017 7:02:14: Mr.Buttons был съеден зомби! 
09.08.2017 7:36:06: daniilgladyn был съеден зомби! 
09.08.2017 7:43:14: maxvander19 совершил суецид!
09.08.2017 7:45:19: daniilgladyn был съеден зомби! 
09.08.2017 11:14:10: milushkin.andreyka был съеден зомби! 
09.08.2017 11:14:12: PoLoSaTuK_YT был съеден зомби! 
09.08.2017 11:16:51: PoLoSaTuK_YT был съеден зомби! 
09.08.2017 11:16:52: milushkin.andreyka был съеден зомби! 
09.08.2017 11:18:51: milushkin.andreyka истёк кровью!
09.08.2017 11:33:23: PoLoSaTuK_YT был съеден зомби! 
09.08.2017 11:35:00: milushkin.andreyka был съеден зомби! 
09.08.2017 11:35:23: PoLoSaTuK_YT был съеден зомби! 
09.08.2017 11:44:02: PoLoSaTuK_YT был съеден зомби! 
09.08.2017 12:06:26: PopkaShoo был съеден зомби! 
09.08.2017 12:08:49: PopkaShoo совершил суецид!
09.08.2017 12:09:54: PopkaShoo совершил суецид!
09.08.2017 12:10:06: PopkaShoo совершил суецид!
09.08.2017 12:10:13: PopkaShoo совершил суецид!
09.08.2017 12:10:19: PopkaShoo совершил суецид!
09.08.2017 12:10:24: PopkaShoo совершил суецид!
09.08.2017 12:29:43: Blacktim истёк кровью!
09.08.2017 12:51:07: liampuo истёк кровью!
09.08.2017 12:53:24: Nyan Bread был съеден зомби! 
09.08.2017 12:53:26: Jone Cape истёк кровью!
09.08.2017 13:07:55: denis.nagorniy380979883801 умер от голода!
09.08.2017 13:18:28: korobkov.vova.viv истёк кровью!
09.08.2017 13:24:10: Jone Cape был съеден зомби! 
09.08.2017 13:25:10: Jone Cape истёк кровью!
09.08.2017 13:26:19: prilub4encko был убит плювальщиком!
09.08.2017 13:26:35: prilub4encko совершил суецид!
09.08.2017 13:26:43: prilub4encko совершил суецид!
09.08.2017 13:26:49: prilub4encko совершил суецид!
09.08.2017 13:26:59: prilub4encko совершил суецид!
09.08.2017 13:27:14: prilub4encko совершил суецид!
09.08.2017 13:28:22: prilub4encko совершил суецид!
09.08.2017 13:28:32: prilub4encko совершил суецид!
09.08.2017 13:28:36: prilub4encko совершил суецид!
09.08.2017 13:29:14: prilub4encko совершил суецид!
09.08.2017 13:56:43: matiad был съеден зомби! 
09.08.2017 13:57:01: lavrik228 был съеден зомби! 
09.08.2017 13:59:23: B0P0H сгорел!
09.08.2017 14:04:10: Nyan Bread истёк кровью!
09.08.2017 14:15:14: matiad разбился насмерть!
09.08.2017 14:25:15: Стрелок был съеден зомби! 
09.08.2017 14:31:53: matiad истёк кровью!
09.08.2017 14:37:16: artem.kroxm истёк кровью!
09.08.2017 14:48:05: artem.kroxm был убит плювальщиком!
09.08.2017 14:56:25: artem.kroxm совершил суецид!
09.08.2017 14:56:38: artem.kroxm совершил суецид!
09.08.2017 14:56:43: artem.kroxm совершил суецид!
09.08.2017 14:56:50: artem.kroxm совершил суецид!
09.08.2017 14:59:24: Андрей Малишов был съеден зомби! 
09.08.2017 15:18:59: Стрелок был убит камушком!
09.08.2017 15:21:20: Стрелок был убит камушком!
09.08.2017 15:24:21: Danil_Boss был съеден зомби! 
09.08.2017 15:30:58: Danil_Boss был съеден зомби! 
09.08.2017 16:16:03: Javaplay был съеден зомби! 
09.08.2017 16:23:54: oskarb3101 был съеден зомби! 
09.08.2017 16:24:30: Javaplay был съеден зомби! 
09.08.2017 16:24:35: Гаджиев Таир был съеден зомби! 
09.08.2017 16:25:00: oskarb3101 был съеден зомби! 
09.08.2017 16:26:52: oskarb3101 был съеден зомби! 
09.08.2017 16:27:56: zaj.wanda died of holding his breath for too long!
09.08.2017 16:31:08: Javaplay истёк кровью!
09.08.2017 16:31:09: Гаджиев Таир был съеден зомби! 
09.08.2017 16:31:40: oskarb3101 был съеден зомби! 
09.08.2017 16:31:47: zaj.wanda был съеден зомби! 
09.08.2017 16:33:27: zaj.wanda был съеден зомби! 
09.08.2017 16:37:21: zaj.wanda совершил суецид!
09.08.2017 16:37:42: Сташевский Владислав отравился!
09.08.2017 16:39:42: Javaplay истёк кровью!
09.08.2017 16:40:34: xDDDDDDDDDDD caserandom.com был съеден зомби! 
09.08.2017 16:42:22: xDDDDDDDDDDD caserandom.com был съеден зомби! 
09.08.2017 16:44:04: Javaplay был съеден зомби! 
09.08.2017 16:44:05: ofironyefet был съеден зомби! 
09.08.2017 16:47:23: ofironyefet сгорел!
09.08.2017 16:47:29: Javaplay был съеден зомби! 
09.08.2017 16:48:21: xDDDDDDDDDDD caserandom.com был съеден зомби! 
09.08.2017 16:53:06: VANO_BRO был съеден зомби! 
09.08.2017 16:53:32: Zabludshiy был съеден зомби! 
09.08.2017 16:54:10: Опасный Ральф отравился!
09.08.2017 16:56:26: Пипр был убит взрывной волной от машины!
09.08.2017 16:56:42: Zabludshiy истёк кровью!
09.08.2017 16:56:51: MrJake был съеден зомби! 
09.08.2017 16:59:14: ПальчикВАнальчик был съеден зомби! 
09.08.2017 17:01:17: Zabludshiy был съеден зомби! 
09.08.2017 17:01:54: ofironyefet был съеден зомби! 
09.08.2017 17:07:21: Mr_Jonik_YT был съеден зомби! 
09.08.2017 17:09:17: xDDDDDDDDDDD caserandom.com истёк кровью!
09.08.2017 17:12:05: MrJake был съеден зомби! 
09.08.2017 17:15:04: Опасный Ральф был убит взрывной волной от машины!
09.08.2017 17:20:04: Опасный Ральф был убит взрывной волной от машины!
09.08.2017 17:20:04: MrJake был убит взрывной волной от машины!
09.08.2017 17:20:22: Максим Селищев разбился насмерть!
09.08.2017 17:20:26: eriklord2006 совершил суецид!
09.08.2017 17:24:06: Mr_Jonik_YT был убит взрывной волной от машины!
09.08.2017 17:34:23: luka.dgebu был съеден зомби! 
09.08.2017 17:53:04: Team был съеден зомби! 
09.08.2017 18:10:18: діма дмитров истёк кровью!
09.08.2017 18:14:39: zwonov.artiom был съеден зомби! 
09.08.2017 18:16:59: Danil_Boss был съеден зомби! 
09.08.2017 18:21:00: Danil_Boss был съеден зомби! 
09.08.2017 18:22:00: діма дмитров истёк кровью!
09.08.2017 18:25:24: kz18102002 истёк кровью!
09.08.2017 18:30:33: kz18102002 истёк кровью!
09.08.2017 18:33:42: kz18102002 был съеден зомби! 
09.08.2017 18:35:49: kz18102002 истёк кровью!
09.08.2017 18:37:26: kz18102002 был съеден зомби! 
09.08.2017 18:39:52: Mr_Jonik_YT сгорел!
09.08.2017 18:49:52: Ivan был съеден зомби! 
09.08.2017 18:50:06: Максим Селищев утонул!
09.08.2017 18:51:11: Ivan был съеден зомби! 
09.08.2017 19:05:51: Ivan был съеден зомби! 
09.08.2017 19:09:08: Ivan был съеден зомби! 
09.08.2017 19:10:33: Danil_Boss истёк кровью!
09.08.2017 19:12:43: Danil_Boss был съеден зомби! 
09.08.2017 19:17:28: Максим Селищев сгорел!
09.08.2017 19:18:36: Mr_Jonik_YT утонул!
09.08.2017 19:31:54: prilub4encko разбился насмерть!
09.08.2017 19:33:13: prilub4encko совершил суецид!
09.08.2017 19:34:42: Ivan был съеден зомби! 
09.08.2017 19:38:38: Mr_Jonik_YT отравился!
09.08.2017 19:39:19: Ivan был съеден зомби! 
09.08.2017 19:39:49: prilub4encko был съеден зомби! 
09.08.2017 19:44:48: Ivan был съеден зомби! 
09.08.2017 19:45:06: Ivan совершил суецид!
09.08.2017 19:45:16: Ivan совершил суецид!
09.08.2017 19:45:33: Ivan совершил суецид!
09.08.2017 19:45:40: Ivan совершил суецид!
09.08.2017 19:45:51: Ivan совершил суецид!
09.08.2017 19:57:27: Mr_Jonik_YT отравился!
09.08.2017 19:58:15: Максим Селищев сгорел!
09.08.2017 20:09:15: PoLoSaTuK_YT отравился!
09.08.2017 20:17:41: PoLoSaTuK_YT был съеден зомби! 
09.08.2017 20:19:43: geometrik был съеден зомби! 
09.08.2017 20:22:25: geometrik был съеден зомби! 
09.08.2017 20:22:30: bibaev2004 был съеден зомби! 
09.08.2017 20:24:11: bibaev2004 был съеден зомби! 
09.08.2017 20:25:01: bibaev2004 был съеден зомби! 
09.08.2017 20:25:53: ... истёк кровью!
09.08.2017 20:25:54: Mr_Jonik_YT отравился!
09.08.2017 20:30:55: geometrik был съеден зомби! 
09.08.2017 20:35:55: PoLoSaTuK_YT был убит плювальщиком!
09.08.2017 20:39:54: poggocz утонул!
09.08.2017 20:41:54: Губин Миша истёк кровью!
09.08.2017 20:46:30: Губин Миша был съеден зомби! 
09.08.2017 20:49:15: SWAT111100 был съеден зомби! 
09.08.2017 20:50:03: bibaev2004 истёк кровью!
09.08.2017 20:50:34: PoLoSaTuK_YT истёк кровью!
09.08.2017 20:50:44: geometrik истёк кровью!
09.08.2017 21:02:42: geometrik был съеден зомби! 
09.08.2017 21:05:36: Pyro был съеден зомби! 
09.08.2017 21:12:24: daniilgladyn был съеден зомби! 
09.08.2017 21:12:31: олд фаговна истёк кровью!
09.08.2017 21:40:32: azhfarulgaming был съеден зомби! 
09.08.2017 21:44:02: Artem был убит плювальщиком!
09.08.2017 21:45:20: SWAT111100 умер от голода!
09.08.2017 21:55:42: Андрей Малишов был съеден зомби! 
09.08.2017 21:59:09: SWAT111100 истёк кровью!
09.08.2017 22:03:12: unturnedvlad истёк кровью!
09.08.2017 22:09:28: toph90709 был съеден зомби! 
09.08.2017 22:11:50: ArtemRP был съеден зомби! 
09.08.2017 22:14:37: toph90709 был съеден зомби! 
09.08.2017 22:22:35: Андрей Малишов истёк кровью!
09.08.2017 22:30:47: Андрей Малишов был съеден зомби! 
09.08.2017 22:46:01: SWAT111100 был съеден зомби! 
09.08.2017 22:47:10: gianni2712 был съеден зомби! 
09.08.2017 22:49:18: SWAT111100 истёк кровью!
09.08.2017 22:50:34: Андрей был съеден зомби! 
09.08.2017 22:52:14: SWAT111100 был съеден зомби! 
09.08.2017 22:54:17: SWAT111100 истёк кровью!
09.08.2017 22:58:57: Пипр был убит взрывной волной от машины!
09.08.2017 23:02:43: SWAT111100 был съеден зомби! 
09.08.2017 23:03:29: gianni2712 был съеден зомби! 
09.08.2017 23:05:51: SWAT111100 истёк кровью!
09.08.2017 23:10:13: SWAT111100 был съеден зомби! 
09.08.2017 23:30:40: DeadShot был съеден зомби! 
09.08.2017 23:31:33: Radipss kappa"s отравился!
09.08.2017 23:32:27: Radipss kappa"s был съеден зомби! 
09.08.2017 23:35:41: Radipss kappa"s был съеден зомби! 
09.08.2017 23:35:57: klinsen был съеден зомби! 
09.08.2017 23:36:00: Radipss kappa"s совершил суецид!
09.08.2017 23:37:39: Radipss kappa"s был съеден зомби! 
09.08.2017 23:38:18: klinsen был съеден зомби! 
09.08.2017 23:43:23: Tinx был съеден зомби! 
09.08.2017 23:43:46: gianni2712 был съеден зомби! 
09.08.2017 23:47:05: dler221 был убит взрывной волной от машины!
09.08.2017 23:47:57: tyfik был съеден зомби! 
09.08.2017 23:48:06: Korry был съеден зомби! 
09.08.2017 23:48:11: gianni2712 был съеден зомби! 
09.08.2017 23:49:29: Radipss kappa"s истёк кровью!
09.08.2017 23:49:52: Radipss kappa"s совершил суецид!
09.08.2017 23:50:01: Radipss kappa"s совершил суецид!
09.08.2017 23:50:12: Korry истёк кровью!
09.08.2017 23:51:05: poggocz истёк кровью!
09.08.2017 23:55:16: Radipss kappa"s был съеден зомби! 
09.08.2017 23:55:23: Radipss kappa"s совершил суецид!
09.08.2017 23:55:30: Radipss kappa"s совершил суецид!
09.08.2017 23:56:08: Radipss kappa"s совершил суецид!
09.08.2017 23:57:39: dler221 разбился насмерть!
09.08.2017 23:59:28: Tinx истёк кровью!
09.08.2017 23:59:36: tyfik был съеден зомби! 
10.08.2017 0:12:15: dler221 был убит взрывной волной от машины!
10.08.2017 0:20:01: Опасный Ральф был убит взрывной волной от машины!
10.08.2017 0:25:16: Korry был съеден зомби! 
10.08.2017 0:25:21: poggocz был съеден зомби! 
10.08.2017 0:29:24: dler221 был убит взрывной волной от машины!
10.08.2017 0:32:13: dler221 died of holding his breath for too long!
10.08.2017 0:33:55: poggocz истёк кровью!
10.08.2017 0:35:33: gid был съеден зомби! 
10.08.2017 0:37:22: dler221 был убит взрывной волной от машины!
10.08.2017 0:38:25: Sarnavskiy.v был съеден зомби! 
10.08.2017 0:41:28: zwonov.artiom истёк кровью!
10.08.2017 0:41:28: gid был съеден зомби! 
10.08.2017 0:45:49: poggocz истёк кровью!
10.08.2017 0:46:46: zwonov.artiom истёк кровью!
10.08.2017 0:47:55: gid был съеден зомби! 
10.08.2017 0:48:07: poggocz был съеден зомби! 
10.08.2017 0:54:50: Jone Cape был съеден зомби! 
10.08.2017 1:26:56: dler221 истёк кровью!
10.08.2017 1:46:03: Андрей Малишов был съеден зомби! 
10.08.2017 1:52:28: slyfox был съеден зомби! 
10.08.2017 1:52:52: Опасный Ральф был убит взрывной волной от машины!
10.08.2017 2:16:00: slyfox был убит камушком!
10.08.2017 2:19:43: slyfox истёк кровью!
10.08.2017 2:20:43: TheNixY;3 был съеден зомби! 
10.08.2017 2:21:16: slyfox истёк кровью!
10.08.2017 3:54:17: slyfox был съеден зомби! 
10.08.2017 3:59:21: slyfox был съеден зомби! 
10.08.2017 4:26:36: slyfox истёк кровью!
10.08.2017 4:28:07: slyfox был съеден зомби! 
10.08.2017 4:38:31: TheNixY;3 утонул!
10.08.2017 5:30:54: TheNixY;3 утонул!
10.08.2017 5:35:24: OlivePrincess69 был съеден зомби! 
10.08.2017 5:36:12: Buzz истёк кровью!
10.08.2017 5:39:27: OlivePrincess69 был съеден зомби! 
10.08.2017 5:42:43: OlivePrincess69 был съеден зомби! 
10.08.2017 10:16:47: daniilgladyn истёк кровью!
10.08.2017 11:13:24: E|\/|E/\Я истёк кровью!
10.08.2017 11:50:10: Ivan был съеден зомби! 
10.08.2017 11:55:38: daniilgladyn был съеден зомби! 
10.08.2017 12:30:12: Javaplay отравился!
10.08.2017 12:37:39: Ivan утонул!
10.08.2017 12:43:13: Javaplay отравился!
10.08.2017 12:45:57: Javaplay истёк кровью!
10.08.2017 12:49:56: Котейка Чеширский(Cheshire_Cat) истёк кровью!
10.08.2017 12:55:33: Ivan истёк кровью!
10.08.2017 12:56:39: Димон Кабан был съеден зомби! 
10.08.2017 13:07:15: ИЛЬЯ КОТИК был съеден зомби! 
10.08.2017 13:18:34: gravite совершил суецид!
10.08.2017 13:22:23: KIRITO был съеден зомби! 
10.08.2017 13:37:49: vera-safronova-83 был съеден зомби! 
10.08.2017 13:40:20: [fulls^tm]Mopo3uJlka истёк кровью!
10.08.2017 13:40:29: Kirill panda истёк кровью!
10.08.2017 13:40:56: vera-safronova-83 был съеден зомби! 
10.08.2017 13:42:37: не я был съеден зомби! 
10.08.2017 13:42:59: Krasavchik разбился насмерть!
10.08.2017 13:43:15: Mr_Jonik_YT утонул!
10.08.2017 13:43:57: Grom был съеден зомби! 
10.08.2017 13:44:16: [fulls^tm]Mopo3uJlka был съеден зомби! 
10.08.2017 13:46:30: Jehtnux истёк кровью!
10.08.2017 13:47:07: vera-safronova-83 был съеден зомби! 
10.08.2017 13:47:15: Kirill panda был съеден зомби! 
10.08.2017 13:52:39: [fulls^tm]Mopo3uJlka был съеден зомби! 
10.08.2017 14:00:15: Mr_Jonik_YT был съеден зомби! 
10.08.2017 14:03:57: Mr_Jonik_YT был съеден зомби! 
10.08.2017 14:08:58: turboheide отравился!
10.08.2017 14:09:33: Kirill panda был съеден зомби! 
10.08.2017 14:11:11: vera-safronova-83 был съеден зомби! 
10.08.2017 14:13:03: vera-safronova-83 был съеден зомби! 
10.08.2017 14:13:09: HandyAndy42 сгорел!
10.08.2017 14:19:19: daniilgladyn был съеден зомби! 
10.08.2017 14:25:20: Rax! умер от голода!
10.08.2017 14:26:04: Kirill panda был съеден зомби! 
10.08.2017 14:28:57: E|\/|E/\Я совершил суецид!
10.08.2017 15:01:31: RangerZ был съеден зомби! 
10.08.2017 20:38:37: Ivan был съеден зомби! 
10.08.2017 20:54:13: Mr_Jonik_YT был убит плювальщиком!
10.08.2017 20:57:23: sss был съеден зомби! 
10.08.2017 21:03:08: [вольный сталкер]Сокол истёк кровью!
10.08.2017 21:05:37: Ivan был съеден зомби! 
10.08.2017 21:10:00: DaBoss был съеден зомби! 
10.08.2017 21:11:14: Nyan Bread был съеден зомби! 
10.08.2017 21:28:57: Sarnavskiy.v был съеден зомби! 
10.08.2017 21:38:18: Cockatiel был съеден зомби! 
10.08.2017 21:58:19: HandyAndy42 был съеден зомби! 
10.08.2017 22:02:28: HandyAndy42 истёк кровью!
10.08.2017 22:07:27: HandyAndy42 был съеден зомби! 
10.08.2017 22:10:30: HandyAndy42 был съеден зомби! 
10.08.2017 22:13:28: Егор_Фролов совершил суецид!
10.08.2017 22:13:43: mikl04 совершил суецид!
10.08.2017 22:15:04: mikl04 совершил суецид!
10.08.2017 22:17:31: HandyAndy42 истёк кровью!
10.08.2017 22:22:42: mikl04 был съеден зомби! 
10.08.2017 22:22:44: Егор_Фролов был съеден зомби! 
10.08.2017 22:23:25: Бомж Петя ОВОЩ истёк кровью!
10.08.2017 22:27:13: Егор_Фролов сгорел!
10.08.2017 22:27:52: mikl04 сгорел!
10.08.2017 22:28:23: Егор_Фролов сгорел!
10.08.2017 22:29:20: mikl04 сгорел!
10.08.2017 22:31:01: Егор_Фролов сгорел!
10.08.2017 22:32:06: mikl04 сгорел!
10.08.2017 22:32:41: Егор_Фролов сгорел!
10.08.2017 22:33:02: mikl04 сгорел!
10.08.2017 22:33:56: mikl04 был съеден зомби! 
10.08.2017 22:34:20: Егор_Фролов сгорел!
10.08.2017 22:34:45: mikl04 сгорел!
10.08.2017 22:36:29: Егор_Фролов сгорел!
10.08.2017 22:37:21: Егор_Фролов сгорел!
10.08.2017 22:37:32: mikl04 сгорел!
10.08.2017 22:40:06: ITSAPOLISHDUCK был съеден зомби! 
10.08.2017 22:43:58: Егор_Фролов совершил суецид!
10.08.2017 22:45:00: Егор_Фролов совершил суецид!
10.08.2017 22:45:20: Sarnavskiy.v совершил суецид!
10.08.2017 22:45:52: Егор_Фролов совершил суецид!
10.08.2017 22:47:50: Егор_Фролов совершил суецид!
10.08.2017 22:47:54: Sarnavskiy.v совершил суецид!
10.08.2017 22:48:24: mikl04 совершил суецид!
10.08.2017 22:48:53: Егор_Фролов совершил суецид!
10.08.2017 22:49:30: Егор_Фролов совершил суецид!
10.08.2017 22:49:47: Егор_Фролов совершил суецид!
10.08.2017 22:49:59: Егор_Фролов совершил суецид!
10.08.2017 22:50:12: mikl04 совершил суецид!
10.08.2017 22:50:31: Егор_Фролов совершил суецид!
10.08.2017 22:50:41: Егор_Фролов совершил суецид!
10.08.2017 22:50:52: Егор_Фролов совершил суецид!
10.08.2017 22:51:09: Егор_Фролов совершил суецид!
10.08.2017 22:51:25: Егор_Фролов совершил суецид!
10.08.2017 22:51:30: Егор_Фролов совершил суецид!
10.08.2017 22:51:46: Егор_Фролов совершил суецид!
10.08.2017 22:51:51: Егор_Фролов совершил суецид!
10.08.2017 22:52:02: Егор_Фролов совершил суецид!
10.08.2017 22:52:07: Егор_Фролов совершил суецид!
10.08.2017 22:52:15: Егор_Фролов совершил суецид!
10.08.2017 22:52:38: Егор_Фролов совершил суецид!
10.08.2017 22:52:47: Егор_Фролов совершил суецид!
10.08.2017 22:52:56: mikl04 совершил суецид!
10.08.2017 22:53:13: Егор_Фролов совершил суецид!
10.08.2017 22:53:36: Егор_Фролов совершил суецид!
10.08.2017 22:54:07: mikl04 совершил суецид!
10.08.2017 22:54:08: Егор_Фролов совершил суецид!
10.08.2017 23:10:04: iwan был съеден зомби! 
10.08.2017 23:10:42: dovlatyants.l был съеден зомби! 
10.08.2017 23:13:46: Пипр умер от голода!
10.08.2017 23:18:00: iwan был съеден зомби! 
10.08.2017 23:38:43: STAR_ был съеден зомби! 
11.08.2017 0:07:16: ErberkPVP был съеден зомби! 
11.08.2017 0:13:25: ErberkPVP был съеден зомби! 
11.08.2017 0:15:11: ErberkPVP был съеден зомби! 
11.08.2017 0:25:48: ErberkPVP сгорел!
11.08.2017 0:26:39: снайпер был съеден зомби! 
11.08.2017 0:30:51: Vaas3 совершил суецид!
11.08.2017 0:42:43: Pusik был съеден зомби! 
11.08.2017 0:46:57: Pusik был убит плювальщиком!
11.08.2017 0:47:01: Danil Babich был съеден зомби! 
11.08.2017 0:50:34: Pusik истёк кровью!
11.08.2017 0:52:05: Danil Babich был съеден зомби! 
11.08.2017 0:54:15: Pusik истёк кровью!
11.08.2017 0:58:15: Pusik был съеден зомби! 
11.08.2017 1:18:59: slyfox был съеден зомби! 
11.08.2017 2:14:51: TheNixY;3 был убит камушком!
11.08.2017 2:19:13: TheNixY;3 отравился!
11.08.2017 2:33:01: TheNixY;3 истёк кровью!
11.08.2017 2:35:41: TheNixY;3 был съеден зомби! 
11.08.2017 2:36:29: TheNixY;3 был съеден зомби! 
11.08.2017 3:22:27: ^_^ Raidon? TheNyasha #LOL был съеден зомби! 
11.08.2017 4:21:26: TheNixY;3 умер от голода!
11.08.2017 6:33:46: jbow6505 был съеден зомби! 
11.08.2017 8:05:00: TYPE_EN7 был съеден зомби! 
11.08.2017 8:07:51: TYPE_EN7 был съеден зомби! 
11.08.2017 8:08:37: TYPE_EN7 был съеден зомби! 
11.08.2017 9:42:50: Ike истёк кровью!
11.08.2017 10:23:03: Алекс Рейх отравился!
11.08.2017 10:23:05: василий  петрович отравился!
11.08.2017 10:27:19: Алекс Рейх совершил суецид!
11.08.2017 10:35:24: motya утонул!
11.08.2017 10:40:59: Bandit_Brodyaga был съеден зомби! 
11.08.2017 10:49:54: Bandit_Brodyaga был съеден зомби! 
11.08.2017 11:25:02: Bandit_Brodyaga был съеден зомби! 
11.08.2017 11:28:37: Андрей Малишов был съеден зомби! 
11.08.2017 11:37:51: Андрей Малишов был съеден зомби! 
11.08.2017 11:53:28: savin был съеден зомби! 
11.08.2017 11:53:32: Edgaras был съеден зомби! 
11.08.2017 12:16:16: Валентин Олексеевич совершил суецид!
11.08.2017 12:36:13: Егор_Копытов истёк кровью!
11.08.2017 12:36:15: Blackflame :D (Серёга) был съеден зомби! 
11.08.2017 12:41:14: chulkov-n был съеден зомби! 
11.08.2017 12:44:12: Ivan был съеден зомби! 
11.08.2017 12:47:52: Андрей Малишов был убит плювальщиком!
11.08.2017 12:48:25: bss333 был съеден зомби! 
11.08.2017 12:56:22: Пипр был съеден зомби! 
11.08.2017 12:57:45: Danila_Vos истёк кровью!
11.08.2017 13:02:22: MaCbKuM был съеден зомби! 
11.08.2017 13:11:55: bss333 был съеден зомби! 
11.08.2017 13:22:38: bss333 был съеден зомби! 
11.08.2017 13:25:19: goldsquash истёк кровью!
11.08.2017 13:32:25: goldsquash совершил суецид!
11.08.2017 13:38:23: Danil_Boss утонул!
11.08.2017 13:38:27: goldsquash истёк кровью!
11.08.2017 13:44:33: Danil_Boss истёк кровью!
11.08.2017 14:02:08: HD был съеден зомби! 
11.08.2017 14:03:03: HD был съеден зомби! 
11.08.2017 14:09:14: NAVS был съеден зомби! 
11.08.2017 14:10:44: Danil_Boss был съеден зомби! 
11.08.2017 14:11:15: Sans_super был съеден зомби! 
11.08.2017 14:12:49: Danil_Boss died of holding his breath for too long!
11.08.2017 14:29:27: Vol-Day был съеден зомби! 
11.08.2017 14:33:08: Никита Котяров был съеден зомби! 
11.08.2017 14:35:14: Danil_Boss был съеден зомби! 
11.08.2017 14:36:51: mgiro1 истёк кровью!
11.08.2017 14:39:15: Jone Cape был съеден зомби! 
11.08.2017 14:55:09: shaman был убит взрывной волной от машины!
11.08.2017 14:56:31: HandyAndy42 отравился!
11.08.2017 14:56:39: Alex был съеден зомби! 
11.08.2017 15:07:20: sashaigena был съеден зомби! 
11.08.2017 15:07:48: Plague Doctor был съеден зомби! 
11.08.2017 15:08:33: sashaigena был съеден зомби! 
11.08.2017 15:09:56: sashaigena был съеден зомби! 
11.08.2017 15:13:59: Ch-er-na-ya ko-sh-ka был съеден зомби! 
11.08.2017 15:15:14: Андрей Фирсов был убит плювальщиком!
11.08.2017 15:15:18: Ch-er-na-ya ko-sh-ka был съеден зомби! 
11.08.2017 15:27:56: Nyan Bread был съеден зомби! 
11.08.2017 15:28:40: Plague Doctor истёк кровью!
11.08.2017 15:29:58: GHOST_XD истёк кровью!
11.08.2017 15:30:20: nagibun888 был съеден зомби! 
11.08.2017 15:31:42: Jone Cape был съеден зомби! 
11.08.2017 15:32:39: Nyan Bread был съеден зомби! 
11.08.2017 15:33:18: ura.tankist был съеден зомби! 
11.08.2017 15:33:18: vadim был убит плювальщиком!
11.08.2017 15:33:18: Danil700 истёк кровью!
11.08.2017 15:51:41: bss333 истёк кровью!
11.08.2017 15:51:49: Андрей Малишов совершил суецид!
11.08.2017 16:03:07: Сергей совершил суецид!
11.08.2017 16:06:19: Андрей Малишов был съеден зомби! 
11.08.2017 16:08:59: Сергей совершил суецид!
11.08.2017 16:11:26: Danil_Boss был съеден зомби! 
11.08.2017 16:35:12: Hyper Beast был съеден зомби! 
11.08.2017 16:49:24: руслан был съеден зомби! 
11.08.2017 16:55:12: gavrora был съеден зомби! 
11.08.2017 16:55:25: Vegans1337 истёк кровью!
11.08.2017 17:05:20: руслан был съеден зомби! 
11.08.2017 17:11:43: maks.sagirov отравился!
11.08.2017 17:16:59: Krasavchik истёк кровью!
11.08.2017 17:17:21: Андрей Малишов был убит плювальщиком!
11.08.2017 17:18:10: dovlatyants.l истёк кровью!
11.08.2017 17:22:47: Андрей Малишов был съеден зомби! 
11.08.2017 17:26:25: руслан был съеден зомби! 
11.08.2017 17:26:33: eliasmercury2003 был съеден зомби! 
11.08.2017 17:34:07: berezovskii-2003 был съеден зомби! 
11.08.2017 17:39:14: DaNoNe был съеден зомби! 
11.08.2017 17:56:28: макс был съеден зомби! 
11.08.2017 18:00:21: mandhickory был съеден зомби! 
11.08.2017 18:03:28: mandhickory истёк кровью!
11.08.2017 18:17:59: Кеша истёк кровью!
11.08.2017 18:18:59: zarechnyy.07 совершил суецид!
11.08.2017 18:24:47: S.mickityuck был съеден зомби! 
11.08.2017 18:45:04: Sarnavskiy.v был съеден зомби! 
11.08.2017 18:46:02: S.mickityuck был съеден зомби! 
11.08.2017 18:50:26: BUCKU истёк кровью!
11.08.2017 19:11:36: DaNoNe истёк кровью!
11.08.2017 19:31:12: HandyAndy42 был съеден зомби! 
11.08.2017 19:33:12: HandyAndy42 был съеден зомби! 
11.08.2017 19:37:39: HandyAndy42 был съеден зомби! 
11.08.2017 19:40:15: HandyAndy42 был съеден зомби! 
11.08.2017 19:41:46: HandyAndy42 был съеден зомби! 
11.08.2017 19:57:58: dovlatyants.l был съеден зомби! 
11.08.2017 19:58:32: Алёша _Попов совершил суецид!
11.08.2017 20:01:13: Алёша _Попов сгорел!
11.08.2017 20:17:48: ToPsOn был съеден зомби! 
11.08.2017 20:24:11: alexsandr2403 был съеден зомби! 
11.08.2017 20:45:38: savin был съеден зомби! 
11.08.2017 20:47:54: alexsandr2403 истёк кровью!
11.08.2017 20:52:17: alexsandr2403 был съеден зомби! 
11.08.2017 20:53:40: protei был съеден зомби! 
11.08.2017 20:57:57: alexsandr2403 был съеден зомби! 
11.08.2017 21:02:01: BUCKU истёк кровью!
11.08.2017 21:05:19: KEK31 был съеден зомби! 
11.08.2017 21:06:49: alexsandr2403 истёк кровью!
11.08.2017 21:07:02: KEK31 был съеден зомби! 
11.08.2017 21:07:18: protei был съеден зомби! 
11.08.2017 21:07:40: KEK31 died of holding his breath for too long!
11.08.2017 21:13:50: KEK31 был съеден зомби! 
11.08.2017 21:14:25: lironick истёк кровью!
11.08.2017 21:14:45: HandyAndy42 был съеден зомби! 
11.08.2017 21:15:57: KEK31 был съеден зомби! 
11.08.2017 21:19:55: lironick истёк кровью!
11.08.2017 21:21:53: lironick был съеден зомби! 
11.08.2017 21:24:04: KEK31 был убит плювальщиком!
11.08.2017 21:25:24: KEK31 был съеден зомби! 
11.08.2017 21:48:58: Zweruga был убит камушком!
11.08.2017 22:07:35: Андрей Малишов был съеден зомби! 
11.08.2017 22:35:13: bbm_can был съеден зомби! 
11.08.2017 22:38:05: bbm_can был съеден зомби! 
11.08.2017 22:40:33: bbm_can совершил суецид!
11.08.2017 23:00:59: banan 2.0 был съеден зомби! 
11.08.2017 23:01:21: bbm_can был съеден зомби! 
11.08.2017 23:22:52:  Радиоктивный Бомжик Вася был съеден зомби! 
11.08.2017 23:25:23: bbm_can истёк кровью!
11.08.2017 23:27:37: bbm_can был съеден зомби! 
11.08.2017 23:28:31: pasnikanov был съеден зомби! 
11.08.2017 23:31:33: З_О_М_Б_И утонул!
11.08.2017 23:39:05: З_О_М_Б_И был съеден зомби! 
11.08.2017 23:39:07: pasnikanov был съеден зомби! 
11.08.2017 23:39:52: pasnikanov был съеден зомби! 
11.08.2017 23:46:57: pasnikanov был съеден зомби! 
11.08.2017 23:52:17: pasnikanov был съеден зомби! 
11.08.2017 23:56:46: pasnikanov истёк кровью!
12.08.2017 0:00:04: DaNoNe был съеден зомби! 
12.08.2017 0:03:33: bbm_can был съеден зомби! 
12.08.2017 0:14:12: bbm_can истёк кровью!
12.08.2017 0:14:33: З_О_М_Б_И был съеден зомби! 
12.08.2017 0:15:02: bbm_can был съеден зомби! 
12.08.2017 0:15:06: pasnikanov был съеден зомби! 
12.08.2017 0:18:34: диппер был съеден зомби! 
12.08.2017 0:18:50: minxauzen13 совершил суецид!
12.08.2017 0:20:50: Reason122 был съеден зомби! 
12.08.2017 0:22:06: bbm_can истёк кровью!
12.08.2017 0:22:21: Kira истёк кровью!
12.08.2017 0:23:43: bbm_can был съеден зомби! 
12.08.2017 0:24:19: диппер был съеден зомби! 
12.08.2017 0:33:33: диппер сгорел!
12.08.2017 0:53:16: minxauzen13 сгорел!
12.08.2017 1:11:50: jbow6505 был съеден зомби! 
12.08.2017 1:12:34: Aflean был съеден зомби! 
12.08.2017 1:15:34: minxauzen13 сгорел!
12.08.2017 2:26:58: Aflean был убит взрывной волной от машины!
12.08.2017 2:54:54: cloud+75 был съеден зомби! 
12.08.2017 9:43:46: ktlali совершил суецид!
12.08.2017 9:47:38: ktlali совершил суецид!
12.08.2017 9:47:55: ktlali совершил суецид!
12.08.2017 9:48:17: ktlali совершил суецид!
12.08.2017 9:48:34: ktlali совершил суецид!
12.08.2017 9:49:12: ktlali совершил суецид!
12.08.2017 11:33:00: minxauzen13 совершил суецид!
12.08.2017 11:44:35: lavrik228, HP: 100%, убит, minxauzen13, используя Augewehr !
12.08.2017 11:45:22: lavrik228, HP: 100%, убит, minxauzen13, используя Augewehr !
12.08.2017 11:46:11: Zweruga был убит плювальщиком!
12.08.2017 11:57:18: minxauzen13, убит в голову, lavrik228, HP: 100%, используя Ekho !
12.08.2017 12:02:14: Zweruga был убит взрывной волной от машины!
12.08.2017 12:04:14: minxauzen13 истёк кровью!
12.08.2017 12:33:35: minxauzen13 совершил суецид!
12.08.2017 12:47:56: drlloyd устал до смерти!
12.08.2017 13:13:20: З_О_М_Б_И был съеден зомби! 
12.08.2017 13:13:48: NAVS  was killed by splash damage!
12.08.2017 13:14:41: Десантник Стёпочкин, убит в голову, [      ], HP: 90%, используя Cobra !
12.08.2017 13:16:44: minxauzen13 совершил суецид!
12.08.2017 13:22:18: Zweruga истёк кровью!
12.08.2017 13:22:43: minxauzen13 совершил суецид!
12.08.2017 13:30:57: диппер был съеден зомби! 
12.08.2017 13:35:19: диппер истёк кровью!
12.08.2017 13:36:51: василий  петрович, HP: 28%, убит, Blackflame :D (Серёга), используя Empire !
12.08.2017 13:37:48: Паша Педик, HP: 84%, убит, диппер, используя Maschinengewehr !
12.08.2017 13:39:30: minxauzen13 истёк кровью!
12.08.2017 13:39:42: DkHook, убит в голову, Blackflame :D (Серёга), HP: 100%, используя Zubeknakov !
12.08.2017 13:40:31: диппер истёк кровью!
12.08.2017 13:41:54: Zweruga был съеден зомби! 
12.08.2017 13:42:21: Паша Педик has been blown up by a landmine!
12.08.2017 13:43:12: Паша Педик, убит в голову,  [ сталкер ]вова петров, HP: 94%, используя Maplestrike !
12.08.2017 13:51:03: minxauzen13 истёк кровью!
12.08.2017 13:51:04: Zweruga, убит в голову, Sarnavskiy.v, HP: 100%, используя Grizzly !
12.08.2017 13:53:37: minxauzen13 истёк кровью!
12.08.2017 13:53:43: Юрий Малков, убит в голову,  [ сталкер ]вова петров, HP: 94%, используя Maplestrike !
12.08.2017 13:54:35: pasnikanov был съеден зомби! 
12.08.2017 13:54:57: Ghoster был съеден зомби! 
12.08.2017 13:55:02: pasnikanov был съеден зомби! 
12.08.2017 13:57:56: pasnikanov был съеден зомби! 
12.08.2017 13:59:00: pasnikanov истёк кровью!
12.08.2017 13:59:05: З_О_М_Б_И истёк кровью!
12.08.2017 14:00:14: василий  петрович, убит в голову, Алексей Грачев, HP: 100%, используя Viper !
12.08.2017 14:00:17: Паша Педик, убит в голову, Алексей Грачев, HP: 100%, используя Viper !
12.08.2017 14:00:47: василий  петрович, убит в голову, Алексей Грачев, HP: 75%, используя Viper !
12.08.2017 14:01:20: василий  петрович, убит в голову, Алексей Грачев, HP: 100%, используя Viper !
12.08.2017 14:01:37: ШКУРА НА РАЙОНЕ был съеден зомби! 
12.08.2017 14:01:57:  [ сталкер ]вова петров, HP: 53%, убит, василий  петрович, используя Maplestrike !
12.08.2017 14:03:45: Ghoster истёк кровью!
12.08.2017 14:06:19: ШКУРА НА РАЙОНЕ был съеден зомби! 
12.08.2017 14:09:51: pasnikanov, убит в голову, Паша Педик, HP: 100%, используя Scalar !
12.08.2017 14:10:25: Ебанько, убит в голову, pasnikanov, HP: 82%, используя Saw !
12.08.2017 14:11:05: relax был съеден зомби! 
12.08.2017 14:12:25: relax, убит в голову, Blackflame :D (Серёга), HP: 82%, используя Augewehr !
12.08.2017 14:15:09: pasnikanov был съеден зомби! 
12.08.2017 14:15:35: Blackflame :D (Серёга), HP: 82%, убит, Паша Педик, используя Augewehr !
12.08.2017 14:15:38: василий  петрович, убит в голову, Алексей Грачев, HP: 100%, используя Sabertooth !
12.08.2017 14:17:15: pasnikanov был съеден зомби! 
12.08.2017 14:17:40: Sans_super, HP: 91%, убит, З_О_М_Б_И, используя Heartbreaker !
12.08.2017 14:18:34: Zweruga, убит в голову, З_О_М_Б_И, HP: 100%, используя Military Knife !
12.08.2017 14:41:00: Диз, убит в голову,  [ сталкер ]вова петров, HP: 34%, используя Maplestrike !
12.08.2017 14:44:53: Blackflame :D (Серёга), HP: 100%, убит, Диз, используя Augewehr !
12.08.2017 14:46:19: Диз, убит в голову, Blackflame :D (Серёга), HP: 92%, используя Augewehr !
12.08.2017 14:46:47: Алексей Грачев, HP: 100%, убит, serg_2233, используя Viper !
12.08.2017 14:47:28: Диз был съеден зомби! 
12.08.2017 14:48:48: serg_2233 был съеден зомби! 
12.08.2017 14:55:46: HandyAndy42, убит в голову, Sans_super, HP: 74%, используя Heartbreaker !
12.08.2017 14:56:04: Пенёк совершил суецид!
12.08.2017 15:21:25: Sans_super был убит взрывной волной от машины!
12.08.2017 15:28:16: Sans_super, HP: 100%, убит, З_О_М_Б_И, используя Heartbreaker !
12.08.2017 15:28:28: relax, HP: 89%, убит, pasnikanov, используя Cobra !
12.08.2017 15:43:18: Sans_super, убит в голову, BUCKU, HP: 65%, используя Fusilaut !
12.08.2017 15:46:56: Sans_super, HP: 25%, убит, BUCKU, используя Cobra !
12.08.2017 15:47:04:  Радиоктивный Бомжик Вася, HP: 16%, убит, Sans_super, используя Cobra !
12.08.2017 15:48:24: relax был убит плювальщиком!
12.08.2017 15:52:57: *-*?rodяga*-*, HP: 100%, убит, minxauzen13, используя Cobra !
12.08.2017 16:04:10: *-*?rodяga*-*, HP: 89%, убит, Blackflame :D (Серёга), используя Viper !
12.08.2017 16:04:56: *-*?rodяga*-*, HP: 74%, убит,  [ сталкер ]вова петров, используя Cobra !
12.08.2017 16:05:04: *-*?rodяga*-*, HP: 74%, убит, Пират, используя Cobra !
12.08.2017 16:11:27: никита ефимов, убит в голову, *-*?rodяga*-*, HP: 100%, используя Bulldog !
12.08.2017 16:15:21: никита ефимов истёк кровью!
12.08.2017 16:16:21: никита ефимов был съеден зомби! 
12.08.2017 16:18:11: никита ефимов был съеден зомби! 
12.08.2017 16:19:23: relax, убит в голову, *-*?rodяga*-*, HP: 100%, используя Bulldog !
12.08.2017 16:20:49: никита ефимов, убит в голову, *-*?rodяga*-*, HP: 100%, используя Augewehr !
12.08.2017 16:22:20: *-*?rodяga*-*, HP: 81%, убит, никита ефимов, используя Bulldog !
12.08.2017 16:23:53: relax, убит в голову, *-*?rodяga*-*, HP: 81%, используя Augewehr !
12.08.2017 16:25:09: никита ефимов, убит в голову, *-*?rodяga*-*, HP: 81%, используя Bulldog !
12.08.2017 16:27:54: relax совершил суецид!
12.08.2017 16:29:37: relax был съеден зомби! 
12.08.2017 16:34:23: *-*?rodяga*-*, HP: 68%, убит, relax, используя Empire !
12.08.2017 16:57:18: *-*?rodяga*-*, HP: 100%, убит, relax, используя Empire !
12.08.2017 16:58:33: lavrik228 истёк кровью!
12.08.2017 16:59:01: Коля черников, убит в голову, Sarnavskiy.v, HP: 100%, используя Ekho !
12.08.2017 17:04:49: Коля черников истёк кровью!
12.08.2017 17:06:22: tokarev  был съеден зомби! 
12.08.2017 17:08:16: relax истёк кровью!
12.08.2017 17:08:19: Коля черников устал до смерти!
12.08.2017 17:10:16: Коля черников был съеден зомби! 
12.08.2017 17:22:53: relax, убит в голову, Коля черников, HP: 86%, используя Ace !
12.08.2017 17:23:12: никита ефимов, HP: 71%, убит, Коля черников, используя Nightraider !
12.08.2017 17:25:51: никита ефимов, убит в голову, relax, HP: 75%, используя Bluntforce !
12.08.2017 17:31:16: Пипр, HP: 100%, убит, Коля черников, используя Matamorez !
12.08.2017 17:42:19: Пипр, HP: 98%, убит, relax, используя Scalar !
12.08.2017 18:02:06: timur был съеден зомби! 
12.08.2017 18:10:53: Blackflame :D (Серёга), HP: 90%, убит, Rocco, используя Calling Card !
12.08.2017 18:30:09: timur истёк кровью!
12.08.2017 18:35:45: Plague Doctor, HP: 100%, убит, timur, используя Shadowstalker !
12.08.2017 18:37:17: Пипр, HP: 100%, убит, Plague Doctor, используя Matamorez !
12.08.2017 18:37:35: вадим , убит в голову, Пипр, HP: 100%, используя Matamorez !
12.08.2017 18:38:21: Пипр, HP: 96%, убит, вадим , используя Scalar !
12.08.2017 18:48:29: timur убит в голову, Стрелок, HP: 6%!
12.08.2017 18:48:37: Стрелок истёк кровью!
12.08.2017 19:07:45: pasnikanov был съеден зомби! 
12.08.2017 19:08:15: Максим Селищев, убит в голову, Sarnavskiy.v, HP: 100%, используя Ekho !
12.08.2017 19:09:59: pasnikanov был съеден зомби! 
12.08.2017 19:10:38: GIVERMAX истёк кровью!
12.08.2017 19:23:38: З_О_М_Б_И истёк кровью!
12.08.2017 19:26:24: pasnikanov был съеден зомби! 
12.08.2017 20:02:34: minxauzen13 истёк кровью!
12.08.2017 20:04:20: minxauzen13 совершил суецид!
12.08.2017 20:09:45: relax был съеден зомби! 
12.08.2017 20:26:44: artem277863 был съеден зомби! 
12.08.2017 20:45:34: minxauzen13 совершил суецид!
12.08.2017 20:47:18: relax истёк кровью!
12.08.2017 20:52:10: relax, HP: 100%, был отравлен, NAVS, и умер! используя Military Knife
12.08.2017 20:57:58: Yaroslav_Pozdeev, убит в голову, relax, HP: 100%, используя Kryzkarek !
12.08.2017 20:58:44: NAVS убит в голову, Yaroslav_Pozdeev, HP: 100%!
12.08.2017 21:03:01: NAVS был съеден зомби! 
12.08.2017 21:27:24: pasnikanov был съеден зомби! 
12.08.2017 21:35:25: pasnikanov был съеден зомби! 
12.08.2017 21:36:57: pasnikanov истёк кровью!
12.08.2017 21:38:44: pasnikanov истёк кровью!
12.08.2017 23:08:04: shaman, убит в голову, Опасный Ральф, HP: 100%, используя Zweihander !
12.08.2017 23:10:33: shaman был убит взрывной волной от машины!
13.08.2017 0:02:11: З_О_М_Б_И был съеден зомби! 
13.08.2017 0:07:37: З_О_М_Б_И отравился!
13.08.2017 0:12:38: minxauzen13, убит в голову, З_О_М_Б_И, HP: 100%, используя Zubeknakov !
13.08.2017 0:42:20: minxauzen13 был съеден зомби! 
13.08.2017 0:45:50: minxauzen13 был съеден зомби! 
13.08.2017 7:14:30: NAVS был съеден зомби! 
13.08.2017 9:51:46: relax отравился!
13.08.2017 12:22:44: aleg20511, HP: 84%, убит, BUCKU, используя Heartbreaker !
13.08.2017 12:23:33: TheSkreamFiend был съеден зомби! 
13.08.2017 12:25:26: BUCKU, HP: 61%, убит, aleg20511, используя Bulldog !
13.08.2017 12:25:42: TheSkreamFiend, HP: 61%, убит, BUCKU, используя Maplestrike !
13.08.2017 12:36:31: Андрей Горобец был съеден зомби! 
13.08.2017 12:36:45: Андрей Горобец совершил суецид!
13.08.2017 12:40:08: relax был съеден зомби! 
13.08.2017 13:11:07: pin_yada22 был съеден зомби! 
13.08.2017 13:23:05: aleg20511 был съеден зомби! 
13.08.2017 13:24:26: aleg20511 был съеден зомби! 
13.08.2017 13:35:25: turkoyuncu3243 истёк кровью!
13.08.2017 13:36:40: turkoyuncu3243 был съеден зомби! 
13.08.2017 14:09:36: binwagon был съеден зомби! 
13.08.2017 14:18:05: zablotskaya111 совершил суецид!
13.08.2017 14:20:18: relax совершил суецид!
13.08.2017 14:28:04: сталкер-боров разбился насмерть!
13.08.2017 14:38:58: Паша Педик истёк кровью!
13.08.2017 14:39:07: Паша Педик совершил суецид!
13.08.2017 14:39:17: Паша Педик совершил суецид!
13.08.2017 14:39:24: Паша Педик совершил суецид!
13.08.2017 14:40:32: Паша Педик совершил суецид!
13.08.2017 14:40:40: Паша Педик совершил суецид!
13.08.2017 14:42:55: Nikita был съеден зомби! 
13.08.2017 14:54:39: ZalleZ был съеден зомби! 
13.08.2017 15:08:19: RUSSIA был съеден зомби! 
13.08.2017 15:17:39: Алёша _Попов был съеден зомби! 
13.08.2017 15:18:07: ПальчикВАнальчик был съеден зомби! 
13.08.2017 15:28:06: З_О_М_Б_И был съеден зомби! 
13.08.2017 15:52:05: токр был съеден зомби! 
13.08.2017 16:57:36: pasnikanov отравился!
13.08.2017 17:07:37: pasnikanov был убит плювальщиком!
13.08.2017 17:08:36: pasnikanov истёк кровью!
13.08.2017 17:36:30: Мама гейба был съеден зомби! 
13.08.2017 18:09:00: Хач Альфач был съеден зомби! 
13.08.2017 18:12:15: tomos.2000 истёк кровью!
13.08.2017 18:12:58: tomos.2000 был съеден зомби! 
13.08.2017 18:19:39: я мир  был съеден зомби! 
13.08.2017 18:24:06: василий  петрович был съеден зомби! 
13.08.2017 18:25:48: Андрей Малишов был съеден зомби! 
13.08.2017 19:07:45: KOT был съеден зомби! 
13.08.2017 19:10:06: меченый истёк кровью!
13.08.2017 19:11:24: DJEban истёк кровью!
13.08.2017 19:36:35: Pao был съеден зомби! 
13.08.2017 19:36:41: Паша Педик был съеден зомби! 
13.08.2017 19:38:09: Паша Педик истёк кровью!
13.08.2017 19:55:13: Leks истёк кровью!
13.08.2017 22:09:55: war lord был съеден зомби! 
13.08.2017 23:05:21: !BOOM!_CZ был съеден зомби! 
13.08.2017 23:26:09: bibaev2004 был съеден зомби! 
13.08.2017 23:28:23: Andey_Miyhkin истёк кровью!
13.08.2017 23:32:42: bibaev2004 истёк кровью!
13.08.2017 23:38:02: bibaev2004 истёк кровью!
13.08.2017 23:42:21: Geometrik истёк кровью!
13.08.2017 23:42:25: bibaev2004 истёк кровью!
13.08.2017 23:43:45: Shaitar совершил суецид!
13.08.2017 23:49:47: Deadshot был съеден зомби! 
13.08.2017 23:50:10: Shaitar был съеден зомби! 
13.08.2017 23:53:39: Shaitar был съеден зомби! 
14.08.2017 0:00:50: Geometrik был съеден зомби! 
14.08.2017 0:21:29: Kira истёк кровью!
14.08.2017 0:34:08: HaslaTV был съеден зомби! 
14.08.2017 0:35:11: HaslaTV был съеден зомби! 
14.08.2017 0:50:01: Pao был съеден зомби! 
14.08.2017 1:25:29: mYcha <3 был съеден зомби! 
14.08.2017 1:25:42: mYcha <3 совершил суецид!
14.08.2017 1:27:23: mYcha <3 совершил суецид!
14.08.2017 1:27:37: mYcha <3 совершил суецид!
14.08.2017 1:31:09: nik_vlasov_2018 был съеден зомби! 
14.08.2017 2:14:11: holholggbv был съеден зомби! 
14.08.2017 6:15:47: 0rang3tm истёк кровью!
14.08.2017 6:58:56: serg-al-78 сгорел!
14.08.2017 9:20:38: liholobova1986 истёк кровью!
14.08.2017 9:28:23: liholobova1986 был съеден зомби! 
14.08.2017 9:46:00: ??? был съеден зомби! 
