Не обработано: RocketRcon v2.4.8.0
RocketRcon v2.4.8.0

Client has executed command "players"

TimerTerminateCommand.Enabled with Players:
Players:
PlayerID: 76561198280617288 Name: Незнаю какой придумать Character: Пипр Ping: 39
PlayerID: 76561198297629847 Name: VeZuN4iK Character: DeN Ping: 46
PlayerID: 76561198293594446 Name: R_B_KOCMOCE Character: Lol-чик Ping: 78
PlayerID: 76561198123840535 Name: ?????? Character: top Ping: 164

TimerTerminateCommand.Enabled with Players:
[Area] Пипр [Незнаю какой придумать]: "Ты ище говорил играть не будешь"

END with Players:
Client has executed command "bans"

TimerTerminateCommand.Enabled with Bans:
Bans:
PlayerID: 76561198274427357
JudgeID: 0
Reason: you were vote kicked Duration: 180 Remaining: 4294287148

END with Bans:
Client has executed command "players"

TimerTerminateCommand.Enabled with Players:
Players:
PlayerID: 76561198280617288 Name: Незнаю какой придумать Character: Пипр Ping: 54
PlayerID: 76561198297629847 Name: VeZuN4iK Character: DeN Ping: 54
PlayerID: 76561198293594446 Name: R_B_KOCMOCE Character: Lol-чик Ping: 85
PlayerID: 76561198123840535 Name: ?????? Character: top Ping: 250

END with Players:
Client has executed command "bans"

TimerTerminateCommand.Enabled with Bans:
Bans:
PlayerID: 76561198274427357
JudgeID: 0
Reason: you were vote kicked Duration: 180 Remaining: 4294287130

END with Bans:
[World] top [??????]: "у меня комп фпс антёрнет макс 9"

[Area] Пипр [Незнаю какой придумать]: "Так иди лутайся"

[Area] Пипр [Незнаю какой придумать]: "у меня 16-39"

Client has executed command "players"

TimerTerminateCommand.Enabled with Players:
Players:
PlayerID: 76561198280617288 Name: Незнаю какой придумать Character: Пипр Ping: 54
PlayerID: 76561198297629847 Name: VeZuN4iK Character: DeN Ping: 39
PlayerID: 76561198293594446 Name: R_B_KOCMOCE Character: Lol-чик Ping: 109
PlayerID: 76561198123840535 Name: ?????? Character: top Ping: 242

END with Players:
Client has executed command "bans"

TimerTerminateCommand.Enabled with Bans:
Bans:
PlayerID: 76561198274427357
JudgeID: 0
Reason: you were vote kicked Duration: 180 Remaining: 4294287110

END with Bans:
Не обработано: MessageAnnouncer >> Broadcast: Если модератор ведёт себя неподобающе, пишите в группу или ЛС (vk.com/unturned_hgm, vk.com/hemulgm)
MessageAnnouncer >> Broadcast: Если модератор ведёт себя неподобающе, пишите в группу или ЛС (vk.com/unturned_hgm, vk.com/hemulgm)

Не обработано: MessageAnnouncer >> Если модератор ведёт себя неподобающе, пишите в группу или ЛС (vk.com/unturned_hgm, vk.com/hemulgm)
MessageAnnouncer >> Если модератор ведёт себя неподобающе, пишите в группу или ЛС (vk.com/unturned_hgm, vk.com/hemulgm)

[World] top [??????]: "ого"

[Area] Пипр [Незнаю какой придумать]: "На минималках"

