Не обработано: RocketRcon v2.4.8.0
RocketRcon v2.4.8.0

Client has executed command "players"

TimerTerminateCommand.Enabled with Players:
Players:
PlayerID: 76561198140053978 Name: 7_AleX_3 Character: 7_AleX_3 Ping: 54
PlayerID: 76561198176817369 Name: ?. Character: GlodiS Ping: 78
PlayerID: 76561198287257345 Name: TheHard27 Character: TheHard27 Ping: 183
PlayerID: 76561198130434614 Name: ZH3K4 Character: ZH3K4 Ping: 62
PlayerID: 76561198272573142 Name: Bloody СУП Character: СУП Ping: 50
PlayerID: 76561198351213164 Name: _АхМеД_ Character: Виндяй Вечеслав Ping: 78
PlayerID: 76561198300812301 Name: KiLeR00707 Character: KiLeR00707 Ping: 31
PlayerID: 76561198346009739 Name: СпЕкТоР Character: [Зам.Гл.Мафии]Николай Белый Ping: 39
PlayerID: 76561198314638573 Name: UDODMEN Character: udodmen Ping: 82
PlayerID: 76561198295801599 Name: Lo[x] Character: Lo[x] Ping: 54
PlayerID: 76561198262878051 Name: Kolder Character: Kolder Ping: 50

TimerTerminateCommand.Enabled with Players:
Client has executed command "bans"

END with Players:
TimerTerminateCommand.Enabled with Bans:
Bans:
PlayerID: 123123
JudgeID: 0
Reason: unspecified Duration: 31536000 Remaining: 31455812
PlayerID: 123
JudgeID: 0
Reason: durila Duration: 4000 Remaining: 4294891606
PlayerID: 76561198274427357
JudgeID: 0
Reason: you were vote kicked Duration: 180 Remaining: 4294919979

END with Bans:
[World] 7_AleX_3 [7_AleX_3]: "я знаю где он"

[World] 7_AleX_3 [7_AleX_3]: "и рядом с тобой"

Client has executed command "say "SPEKTOR""

[World] 7_AleX_3 [7_AleX_3]: "у тя её взорвалил"

Client has executed command "players"

TimerTerminateCommand.Enabled with Players:
Players:
PlayerID: 76561198140053978 Name: 7_AleX_3 Character: 7_AleX_3 Ping: 62
PlayerID: 76561198176817369 Name: ?. Character: GlodiS Ping: 105
PlayerID: 76561198287257345 Name: TheHard27 Character: TheHard27 Ping: 246
PlayerID: 76561198130434614 Name: ZH3K4 Character: ZH3K4 Ping: 58
PlayerID: 76561198272573142 Name: Bloody СУП Character: СУП Ping: 54
PlayerID: 76561198351213164 Name: _АхМеД_ Character: Виндяй Вечеслав Ping: 97
PlayerID: 76561198300812301 Name: KiLeR00707 Character: KiLeR00707 Ping: 27
PlayerID: 76561198346009739 Name: СпЕкТоР Character: [Зам.Гл.Мафии]Николай Белый Ping: 42
PlayerID: 76561198314638573 Name: UDODMEN Character: udodmen Ping: 82
PlayerID: 76561198295801599 Name: Lo[x] Character: Lo[x] Ping: 62
PlayerID: 76561198262878051 Name: Kolder Character: Kolder Ping: 54

END with Players:
Client has executed command "say "plis, napish""

Не обработано: MessageAnnouncer >> Broadcast: Используйте /report [ник], чтобы отправить жалобу на игрока
MessageAnnouncer >> Broadcast: Используйте /report [ник], чтобы отправить жалобу на игрока

Не обработано: MessageAnnouncer >> Используйте /report [ник], чтобы отправить жалобу на игрока
MessageAnnouncer >> Используйте /report [ник], чтобы отправить жалобу на игрока

Client has executed command "players"

TimerTerminateCommand.Enabled with Players:
Players:
PlayerID: 76561198140053978 Name: 7_AleX_3 Character: 7_AleX_3 Ping: 42
PlayerID: 76561198176817369 Name: ?. Character: GlodiS Ping: 70
PlayerID: 76561198287257345 Name: TheHard27 Character: TheHard27 Ping: 203
PlayerID: 76561198130434614 Name: ZH3K4 Character: ZH3K4 Ping: 58
PlayerID: 76561198272573142 Name: Bloody СУП Character: СУП Ping: 46
PlayerID: 76561198351213164 Name: _АхМеД_ Character: Виндяй Вечеслав Ping: 82
PlayerID: 76561198300812301 Name: KiLeR00707 Character: KiLeR00707 Ping: 46
PlayerID: 76561198346009739 Name: СпЕкТоР Character: [Зам.Гл.Мафии]Николай Белый Ping: 46
PlayerID: 76561198314638573 Name: UDODMEN Character: udodmen Ping: 74
PlayerID: 76561198295801599 Name: Lo[x] Character: Lo[x] Ping: 54
PlayerID: 76561198262878051 Name: Kolder Character: Kolder Ping: 46

TimerTerminateCommand.Enabled with Players:
[World] 7_AleX_3 [7_AleX_3]: "ладн одам свою успакоишся"

TimerTerminateCommand.Enabled with Players:
[World] [Зам.Гл.Мафии]Николай Белый [СпЕкТоР]: "куда ?"

END with Players:
Connecting: PlayerID: 76561198267726328 Name: TheLegend27 Character: Wolverine

[World] 7_AleX_3 [7_AleX_3]: "да не"

[World] [Зам.Гл.Мафии]Николай Белый [СпЕкТоР]: "что написать"

Client has executed command "say "vo vse, sps""

Client has executed command "players"

TimerTerminateCommand.Enabled with Players:
Players:
PlayerID: 76561198140053978 Name: 7_AleX_3 Character: 7_AleX_3 Ping: 50
PlayerID: 76561198176817369 Name: ?. Character: GlodiS Ping: 82
PlayerID: 76561198287257345 Name: TheHard27 Character: TheHard27 Ping: 210
PlayerID: 76561198130434614 Name: ZH3K4 Character: ZH3K4 Ping: 58
PlayerID: 76561198272573142 Name: Bloody СУП Character: СУП Ping: 54
PlayerID: 76561198351213164 Name: _АхМеД_ Character: Виндяй Вечеслав Ping: 93
PlayerID: 76561198300812301 Name: KiLeR00707 Character: KiLeR00707 Ping: 19
PlayerID: 76561198346009739 Name: СпЕкТоР Character: [Зам.Гл.Мафии]Николай Белый Ping: 35
PlayerID: 76561198314638573 Name: UDODMEN Character: udodmen Ping: 78
PlayerID: 76561198295801599 Name: Lo[x] Character: Lo[x] Ping: 58
PlayerID: 76561198262878051 Name: Kolder Character: Kolder Ping: 54
PlayerID: 76561198267726328 Name: TheLegend27 Character: Wolverine Ping: 179

END with Players:
Client has executed command "say "na te tachku""

[World] 7_AleX_3 [7_AleX_3]: "я не скажу секрет"

[World] [Зам.Гл.Мафии]Николай Белый [СпЕкТоР]: "ок"

Client has executed command "players"

TimerTerminateCommand.Enabled with Players:
Players:
PlayerID: 76561198140053978 Name: 7_AleX_3 Character: 7_AleX_3 Ping: 39
PlayerID: 76561198176817369 Name: ?. Character: GlodiS Ping: 58
PlayerID: 76561198287257345 Name: TheHard27 Character: TheHard27 Ping: 175
PlayerID: 76561198130434614 Name: ZH3K4 Character: ZH3K4 Ping: 54
PlayerID: 76561198272573142 Name: Bloody СУП Character: СУП Ping: 50
PlayerID: 76561198351213164 Name: _АхМеД_ Character: Виндяй Вечеслав Ping: 156
PlayerID: 76561198300812301 Name: KiLeR00707 Character: KiLeR00707 Ping: 42
PlayerID: 76561198346009739 Name: СпЕкТоР Character: [Зам.Гл.Мафии]Николай Белый Ping: 42
PlayerID: 76561198314638573 Name: UDODMEN Character: udodmen Ping: 70
PlayerID: 76561198295801599 Name: Lo[x] Character: Lo[x] Ping: 54
PlayerID: 76561198262878051 Name: Kolder Character: Kolder Ping: 50
PlayerID: 76561198267726328 Name: TheLegend27 Character: Wolverine Ping: 367

TimerTerminateCommand.Enabled with Players:
[World] 7_AleX_3 [7_AleX_3]: "а ты нет"

TimerTerminateCommand.Enabled with Players:
[World] СУП [Bloody СУП]: "/home"

END with Players:
[World] [Зам.Гл.Мафии]Николай Белый [СпЕкТоР]: "где она"

Client has executed command "v 76561198346009739 56"

Не обработано: This command can't be called from console
This command can't be called from console

Client has executed command "players"

TimerTerminateCommand.Enabled with Players:
Players:
PlayerID: 76561198140053978 Name: 7_AleX_3 Character: 7_AleX_3 Ping: 42
PlayerID: 76561198176817369 Name: ?. Character: GlodiS Ping: 70
PlayerID: 76561198287257345 Name: TheHard27 Character: TheHard27 Ping: 171
PlayerID: 76561198130434614 Name: ZH3K4 Character: ZH3K4 Ping: 66
PlayerID: 76561198272573142 Name: Bloody СУП Character: СУП Ping: 66
PlayerID: 76561198351213164 Name: _АхМеД_ Character: Виндяй Вечеслав Ping: 140
PlayerID: 76561198300812301 Name: KiLeR00707 Character: KiLeR00707 Ping: 27
PlayerID: 76561198346009739 Name: СпЕкТоР Character: [Зам.Гл.Мафии]Николай Белый Ping: 42
PlayerID: 76561198314638573 Name: UDODMEN Character: udodmen Ping: 82
PlayerID: 76561198295801599 Name: Lo[x] Character: Lo[x] Ping: 62
PlayerID: 76561198262878051 Name: Kolder Character: Kolder Ping: 46
PlayerID: 76561198267726328 Name: TheLegend27 Character: Wolverine Ping: 160

END with Players:
[World] 7_AleX_3 [7_AleX_3]: "у меня лучше отдам и успакойся"

[World] 7_AleX_3 [7_AleX_3]: "или буз ходи"

Client has executed command "vehicle 76561198346009739 56"

Не обработано: Successfully gave СпЕкТоР 56!
Successfully gave СпЕкТоР 56!

[World] [Зам.Гл.Мафии]Николай Белый [СпЕкТоР]: "ты крут !"

Client has executed command "players"

TimerTerminateCommand.Enabled with Players:
Players:
PlayerID: 76561198140053978 Name: 7_AleX_3 Character: 7_AleX_3 Ping: 39
PlayerID: 76561198176817369 Name: ?. Character: GlodiS Ping: 54
PlayerID: 76561198287257345 Name: TheHard27 Character: TheHard27 Ping: 164
PlayerID: 76561198130434614 Name: ZH3K4 Character: ZH3K4 Ping: 54
PlayerID: 76561198272573142 Name: Bloody СУП Character: СУП Ping: 50
PlayerID: 76561198351213164 Name: _АхМеД_ Character: Виндяй Вечеслав Ping: 109
PlayerID: 76561198300812301 Name: KiLeR00707 Character: KiLeR00707 Ping: 58
PlayerID: 76561198346009739 Name: СпЕкТоР Character: [Зам.Гл.Мафии]Николай Белый Ping: 31
PlayerID: 76561198314638573 Name: UDODMEN Character: udodmen Ping: 82
PlayerID: 76561198295801599 Name: Lo[x] Character: Lo[x] Ping: 62
PlayerID: 76561198262878051 Name: Kolder Character: Kolder Ping: 54
PlayerID: 76561198267726328 Name: TheLegend27 Character: Wolverine Ping: 132

END with Players:
[World] 7_AleX_3 [7_AleX_3]: "ищи"

[World] Kolder [Kolder]: "/home"

Client has executed command "players"

TimerTerminateCommand.Enabled with Players:
Players:
PlayerID: 76561198140053978 Name: 7_AleX_3 Character: 7_AleX_3 Ping: 42
PlayerID: 76561198176817369 Name: ?. Character: GlodiS Ping: 66
PlayerID: 76561198287257345 Name: TheHard27 Character: TheHard27 Ping: 187
PlayerID: 76561198130434614 Name: ZH3K4 Character: ZH3K4 Ping: 62
PlayerID: 76561198272573142 Name: Bloody СУП Character: СУП Ping: 62
PlayerID: 76561198351213164 Name: _АхМеД_ Character: Виндяй Вечеслав Ping: 160
PlayerID: 76561198300812301 Name: KiLeR00707 Character: KiLeR00707 Ping: 23
PlayerID: 76561198346009739 Name: СпЕкТоР Character: [Зам.Гл.Мафии]Николай Белый Ping: 70
PlayerID: 76561198314638573 Name: UDODMEN Character: udodmen Ping: 78
PlayerID: 76561198295801599 Name: Lo[x] Character: Lo[x] Ping: 62
PlayerID: 76561198262878051 Name: Kolder Character: Kolder Ping: 50
PlayerID: 76561198267726328 Name: TheLegend27 Character: Wolverine Ping: 230

END with Players:
Не обработано: MessageAnnouncer >> Broadcast: Наберите /rules (/r) для просмотра правил
MessageAnnouncer >> Broadcast: Наберите /rules (/r) для просмотра правил

Не обработано: MessageAnnouncer >> Наберите /rules (/r) для просмотра правил
MessageAnnouncer >> Наберите /rules (/r) для просмотра правил

[World] 7_AleX_3 [7_AleX_3]: "сам раз так"

[World] 7_AleX_3 [7_AleX_3]: "чего"

Client has executed command "players"

TimerTerminateCommand.Enabled with Players:
Players:
PlayerID: 76561198140053978 Name: 7_AleX_3 Character: 7_AleX_3 Ping: 46
PlayerID: 76561198176817369 Name: ?. Character: GlodiS Ping: 74
PlayerID: 76561198287257345 Name: TheHard27 Character: TheHard27 Ping: 250
PlayerID: 76561198130434614 Name: ZH3K4 Character: ZH3K4 Ping: 66
PlayerID: 76561198272573142 Name: Bloody СУП Character: СУП Ping: 50
PlayerID: 76561198351213164 Name: _АхМеД_ Character: Виндяй Вечеслав Ping: 164
PlayerID: 76561198300812301 Name: KiLeR00707 Character: KiLeR00707 Ping: 35
PlayerID: 76561198346009739 Name: СпЕкТоР Character: [Зам.Гл.Мафии]Николай Белый Ping: 46
PlayerID: 76561198314638573 Name: UDODMEN Character: udodmen Ping: 82
PlayerID: 76561198295801599 Name: Lo[x] Character: Lo[x] Ping: 62
PlayerID: 76561198262878051 Name: Kolder Character: Kolder Ping: 50
PlayerID: 76561198267726328 Name: TheLegend27 Character: Wolverine Ping: 230

END with Players:
[World] [Зам.Гл.Мафии]Николай Белый [СпЕкТоР]: "ты еще тут ?"

Client has executed command "say "da""

[World] [Зам.Гл.Мафии]Николай Белый [СпЕкТоР]: "а ты всем их даешь ?"

Client has executed command "say "net""

Client has executed command "players"

TimerTerminateCommand.Enabled with Players:
Players:
PlayerID: 76561198140053978 Name: 7_AleX_3 Character: 7_AleX_3 Ping: 46
PlayerID: 76561198176817369 Name: ?. Character: GlodiS Ping: 74
PlayerID: 76561198287257345 Name: TheHard27 Character: TheHard27 Ping: 195
PlayerID: 76561198130434614 Name: ZH3K4 Character: ZH3K4 Ping: 58
PlayerID: 76561198272573142 Name: Bloody СУП Character: СУП Ping: 54
PlayerID: 76561198351213164 Name: _АхМеД_ Character: Виндяй Вечеслав Ping: 136
PlayerID: 76561198300812301 Name: KiLeR00707 Character: KiLeR00707 Ping: 27
PlayerID: 76561198346009739 Name: СпЕкТоР Character: [Зам.Гл.Мафии]Николай Белый Ping: 31
PlayerID: 76561198314638573 Name: UDODMEN Character: udodmen Ping: 78
PlayerID: 76561198295801599 Name: Lo[x] Character: Lo[x] Ping: 58
PlayerID: 76561198262878051 Name: Kolder Character: Kolder Ping: 50
PlayerID: 76561198267726328 Name: TheLegend27 Character: Wolverine Ping: 207

END with Players:
Client has executed command "players"

TimerTerminateCommand.Enabled with Players:
Players:
PlayerID: 76561198140053978 Name: 7_AleX_3 Character: 7_AleX_3 Ping: 39
PlayerID: 76561198176817369 Name: ?. Character: GlodiS Ping: 66
PlayerID: 76561198287257345 Name: TheHard27 Character: TheHard27 Ping: 167
PlayerID: 76561198130434614 Name: ZH3K4 Character: ZH3K4 Ping: 54
PlayerID: 76561198272573142 Name: Bloody СУП Character: СУП Ping: 46
PlayerID: 76561198351213164 Name: _АхМеД_ Character: Виндяй Вечеслав Ping: 191
PlayerID: 76561198300812301 Name: KiLeR00707 Character: KiLeR00707 Ping: 42
PlayerID: 76561198346009739 Name: СпЕкТоР Character: [Зам.Гл.Мафии]Николай Белый Ping: 42
PlayerID: 76561198314638573 Name: UDODMEN Character: udodmen Ping: 74
PlayerID: 76561198295801599 Name: Lo[x] Character: Lo[x] Ping: 62
PlayerID: 76561198262878051 Name: Kolder Character: Kolder Ping: 54
PlayerID: 76561198267726328 Name: TheLegend27 Character: Wolverine Ping: 175

TimerTerminateCommand.Enabled with Players:
[World] 7_AleX_3 [7_AleX_3]: "/kit start"

END with Players:
[World] [Зам.Гл.Мафии]Николай Белый [СпЕкТоР]: "я избранный  ?"

Client has executed command "players"

TimerTerminateCommand.Enabled with Players:
Players:
PlayerID: 76561198140053978 Name: 7_AleX_3 Character: 7_AleX_3 Ping: 39
PlayerID: 76561198176817369 Name: ?. Character: GlodiS Ping: 66
PlayerID: 76561198287257345 Name: TheHard27 Character: TheHard27 Ping: 261
PlayerID: 76561198130434614 Name: ZH3K4 Character: ZH3K4 Ping: 62
PlayerID: 76561198272573142 Name: Bloody СУП Character: СУП Ping: 62
PlayerID: 76561198351213164 Name: _АхМеД_ Character: Виндяй Вечеслав Ping: 105
PlayerID: 76561198300812301 Name: KiLeR00707 Character: KiLeR00707 Ping: 58
PlayerID: 76561198346009739 Name: СпЕкТоР Character: [Зам.Гл.Мафии]Николай Белый Ping: 42
PlayerID: 76561198314638573 Name: UDODMEN Character: udodmen Ping: 85
PlayerID: 76561198295801599 Name: Lo[x] Character: Lo[x] Ping: 62
PlayerID: 76561198262878051 Name: Kolder Character: Kolder Ping: 54
PlayerID: 76561198267726328 Name: TheLegend27 Character: Wolverine Ping: 152

END with Players:
Client has executed command "say "tebe povezlo""

Client has executed command "players"

TimerTerminateCommand.Enabled with Players:
Players:
PlayerID: 76561198140053978 Name: 7_AleX_3 Character: 7_AleX_3 Ping: 39
PlayerID: 76561198176817369 Name: ?. Character: GlodiS Ping: 89
PlayerID: 76561198287257345 Name: TheHard27 Character: TheHard27 Ping: 199
PlayerID: 76561198130434614 Name: ZH3K4 Character: ZH3K4 Ping: 54
PlayerID: 76561198272573142 Name: Bloody СУП Character: СУП Ping: 54
PlayerID: 76561198351213164 Name: _АхМеД_ Character: Виндяй Вечеслав Ping: 105
PlayerID: 76561198300812301 Name: KiLeR00707 Character: KiLeR00707 Ping: 23
PlayerID: 76561198346009739 Name: СпЕкТоР Character: [Зам.Гл.Мафии]Николай Белый Ping: 42
PlayerID: 76561198314638573 Name: UDODMEN Character: udodmen Ping: 85
PlayerID: 76561198295801599 Name: Lo[x] Character: Lo[x] Ping: 66
PlayerID: 76561198262878051 Name: Kolder Character: Kolder Ping: 50
PlayerID: 76561198267726328 Name: TheLegend27 Character: Wolverine Ping: 238

END with Players:
[World] [Зам.Гл.Мафии]Николай Белый [СпЕкТоР]: "хех спасибо "БОГ СЕРВЕРА""

Client has executed command "players"

TimerTerminateCommand.Enabled with Players:
Players:
PlayerID: 76561198140053978 Name: 7_AleX_3 Character: 7_AleX_3 Ping: 35
PlayerID: 76561198176817369 Name: ?. Character: GlodiS Ping: 82
PlayerID: 76561198287257345 Name: TheHard27 Character: TheHard27 Ping: 199
PlayerID: 76561198130434614 Name: ZH3K4 Character: ZH3K4 Ping: 62
PlayerID: 76561198272573142 Name: Bloody СУП Character: СУП Ping: 54
PlayerID: 76561198351213164 Name: _АхМеД_ Character: Виндяй Вечеслав Ping: 78
PlayerID: 76561198300812301 Name: KiLeR00707 Character: KiLeR00707 Ping: 66
PlayerID: 76561198346009739 Name: СпЕкТоР Character: [Зам.Гл.Мафии]Николай Белый Ping: 35
PlayerID: 76561198314638573 Name: UDODMEN Character: udodmen Ping: 74
PlayerID: 76561198295801599 Name: Lo[x] Character: Lo[x] Ping: 58
PlayerID: 76561198262878051 Name: Kolder Character: Kolder Ping: 58
PlayerID: 76561198267726328 Name: TheLegend27 Character: Wolverine Ping: 238

TimerTerminateCommand.Enabled with Players:
Disconnecting: PlayerID: 76561198176817369 Name: ?. Character: GlodiS

Не обработано: MessageAnnouncer >> Broadcast: Добро пожаловать на HEMULGM.RU. Тут рады вам больше, чем на любом другом сервере!
TimerTerminateCommand.Enabled with Players:
MessageAnnouncer >> Broadcast: Добро пожаловать на HEMULGM.RU. Тут рады вам больше, чем на любом другом сервере!

Не обработано: MessageAnnouncer >> Добро пожаловать на HEMULGM.RU. Тут рады вам больше, чем на любом другом сервере!
TimerTerminateCommand.Enabled with Players:
MessageAnnouncer >> Добро пожаловать на HEMULGM.RU. Тут рады вам больше, чем на любом другом сервере!

TimerTerminateCommand.Enabled with Players:
[World] 7_AleX_3 [7_AleX_3]: "не найдёш"

END with Players:
Не обработано: VehicleEvents >> Broadcast: Брошенный автобус в Clearwater Campground! Найди его и он твой!
VehicleEvents >> Broadcast: Брошенный автобус в Clearwater Campground! Найди его и он твой!

Connecting: PlayerID: 76561198123072676 Name: Penguin Character: G2Games

[World] 7_AleX_3 [7_AleX_3]: "дай карту\"

Client has executed command "players"

TimerTerminateCommand.Enabled with Players:
Players:
PlayerID: 76561198140053978 Name: 7_AleX_3 Character: 7_AleX_3 Ping: 35
PlayerID: 76561198287257345 Name: TheHard27 Character: TheHard27 Ping: 195
PlayerID: 76561198130434614 Name: ZH3K4 Character: ZH3K4 Ping: 62
PlayerID: 76561198272573142 Name: Bloody СУП Character: СУП Ping: 50
PlayerID: 76561198351213164 Name: _АхМеД_ Character: Виндяй Вечеслав Ping: 152
PlayerID: 76561198300812301 Name: KiLeR00707 Character: KiLeR00707 Ping: 42
PlayerID: 76561198346009739 Name: СпЕкТоР Character: [Зам.Гл.Мафии]Николай Белый Ping: 62
PlayerID: 76561198314638573 Name: UDODMEN Character: udodmen Ping: 78
PlayerID: 76561198295801599 Name: Lo[x] Character: Lo[x] Ping: 62
PlayerID: 76561198262878051 Name: Kolder Character: Kolder Ping: 50
PlayerID: 76561198267726328 Name: TheLegend27 Character: Wolverine Ping: 218
PlayerID: 76561198123072676 Name: Penguin Character: G2Games Ping: 0

END with Players:
[World] 7_AleX_3 [7_AleX_3]: "что важного"

[World] 7_AleX_3 [7_AleX_3]: "в ней"

Client has executed command "players"

TimerTerminateCommand.Enabled with Players:
Players:
PlayerID: 76561198140053978 Name: 7_AleX_3 Character: 7_AleX_3 Ping: 35
PlayerID: 76561198287257345 Name: TheHard27 Character: TheHard27 Ping: 175
PlayerID: 76561198130434614 Name: ZH3K4 Character: ZH3K4 Ping: 62
PlayerID: 76561198272573142 Name: Bloody СУП Character: СУП Ping: 54
PlayerID: 76561198351213164 Name: _АхМеД_ Character: Виндяй Вечеслав Ping: 121
PlayerID: 76561198300812301 Name: KiLeR00707 Character: KiLeR00707 Ping: 46
PlayerID: 76561198346009739 Name: СпЕкТоР Character: [Зам.Гл.Мафии]Николай Белый Ping: 42
PlayerID: 76561198314638573 Name: UDODMEN Character: udodmen Ping: 85
PlayerID: 76561198295801599 Name: Lo[x] Character: Lo[x] Ping: 62
PlayerID: 76561198262878051 Name: Kolder Character: Kolder Ping: 50
PlayerID: 76561198267726328 Name: TheLegend27 Character: Wolverine Ping: 175
PlayerID: 76561198123072676 Name: Penguin Character: G2Games Ping: 31

END with Players:
[World] 7_AleX_3 [7_AleX_3]: "да"

Disconnecting: PlayerID: 76561198123072676 Name: Penguin Character: G2Games

Client has executed command "players"

TimerTerminateCommand.Enabled with Players:
Players:
PlayerID: 76561198140053978 Name: 7_AleX_3 Character: 7_AleX_3 Ping: 39
PlayerID: 76561198287257345 Name: TheHard27 Character: TheHard27 Ping: 183
PlayerID: 76561198130434614 Name: ZH3K4 Character: ZH3K4 Ping: 62
PlayerID: 76561198272573142 Name: Bloody СУП Character: СУП Ping: 50
PlayerID: 76561198351213164 Name: _АхМеД_ Character: Виндяй Вечеслав Ping: 113
PlayerID: 76561198300812301 Name: KiLeR00707 Character: KiLeR00707 Ping: 19
PlayerID: 76561198346009739 Name: СпЕкТоР Character: [Зам.Гл.Мафии]Николай Белый Ping: 39
PlayerID: 76561198314638573 Name: UDODMEN Character: udodmen Ping: 78
PlayerID: 76561198295801599 Name: Lo[x] Character: Lo[x] Ping: 62
PlayerID: 76561198262878051 Name: Kolder Character: Kolder Ping: 46
PlayerID: 76561198267726328 Name: TheLegend27 Character: Wolverine Ping: 164

END with Players:
[World] СУП [Bloody СУП]: "/home"

[World] 7_AleX_3 [7_AleX_3]: "давай дам"

[World] 7_AleX_3 [7_AleX_3]: "хватит уже"

Client has executed command "players"

TimerTerminateCommand.Enabled with Players:
Players:
PlayerID: 76561198140053978 Name: 7_AleX_3 Character: 7_AleX_3 Ping: 35
PlayerID: 76561198287257345 Name: TheHard27 Character: TheHard27 Ping: 183
PlayerID: 76561198130434614 Name: ZH3K4 Character: ZH3K4 Ping: 70
PlayerID: 76561198272573142 Name: Bloody СУП Character: СУП Ping: 50
PlayerID: 76561198351213164 Name: _АхМеД_ Character: Виндяй Вечеслав Ping: 144
PlayerID: 76561198300812301 Name: KiLeR00707 Character: KiLeR00707 Ping: 35
PlayerID: 76561198346009739 Name: СпЕкТоР Character: [Зам.Гл.Мафии]Николай Белый Ping: 54
PlayerID: 76561198314638573 Name: UDODMEN Character: udodmen Ping: 82
PlayerID: 76561198295801599 Name: Lo[x] Character: Lo[x] Ping: 62
PlayerID: 76561198262878051 Name: Kolder Character: Kolder Ping: 54
PlayerID: 76561198267726328 Name: TheLegend27 Character: Wolverine Ping: 101

END with Players:
Disconnecting: PlayerID: 76561198267726328 Name: TheLegend27 Character: Wolverine

[World] 7_AleX_3 [7_AleX_3]: "давай покажу супер"

