Не обработано: RocketRcon v2.4.8.0
RocketRcon v2.4.8.0

Client has executed command "players"

TimerTerminateCommand.Enabled with Players:
Players:
PlayerID: 76561198366549870 Name: Expert13372284200 Character: Expert1337 Ping: 152
PlayerID: 76561198140053978 Name: 7_AleX_3 Character: 7_AleX_3 Ping: 50
PlayerID: 76561198280617288 Name: Незнаю какой придумать Character: Пипр Ping: 54
PlayerID: 76561198263636845 Name: matic Character: matic Ping: 93
PlayerID: 76561198324142943 Name: GEEKBROS Character: ПОНЧЕК Ping: 74
PlayerID: 76561198349221593 Name: FyesteR Character: TheTod Ping: 136
PlayerID: 76561198368128006 Name: Aibek Character: 3o/loToN_Akym Ping: 101
PlayerID: 76561198361426439 Name: YouTube-kotik_killer Character: YouTube-kotik_killer Ping: 113

END with Players:
Client has executed command "bans"

TimerTerminateCommand.Enabled with Bans:
Bans:
PlayerID: 123123
JudgeID: 0
Reason: unspecified Duration: 31536000 Remaining: 30957742
PlayerID: 123
JudgeID: 0
Reason: durila Duration: 4000 Remaining: 4294393536
PlayerID: 76561198274427357
JudgeID: 0
Reason: you were vote kicked Duration: 180 Remaining: 4294421909

END with Bans:
[World] Expert1337 [Expert13372284200]: "/kit start"

[World] TheTod [FyesteR]: "/kit start"

Client has executed command "players"

TimerTerminateCommand.Enabled with Players:
Players:
PlayerID: 76561198366549870 Name: Expert13372284200 Character: Expert1337 Ping: 144
PlayerID: 76561198140053978 Name: 7_AleX_3 Character: 7_AleX_3 Ping: 42
PlayerID: 76561198280617288 Name: Незнаю какой придумать Character: Пипр Ping: 54
PlayerID: 76561198263636845 Name: matic Character: matic Ping: 89
PlayerID: 76561198324142943 Name: GEEKBROS Character: ПОНЧЕК Ping: 70
PlayerID: 76561198349221593 Name: FyesteR Character: TheTod Ping: 136
PlayerID: 76561198368128006 Name: Aibek Character: 3o/loToN_Akym Ping: 97
PlayerID: 76561198361426439 Name: YouTube-kotik_killer Character: YouTube-kotik_killer Ping: 125

TimerTerminateCommand.Enabled with Players:
[World] Пипр [Незнаю какой придумать]: "Хоть 3 машины оставили"

END with Players:
Client has executed command "bans"

TimerTerminateCommand.Enabled with Bans:
Bans:
PlayerID: 123123
JudgeID: 0
Reason: unspecified Duration: 31536000 Remaining: 30957722
PlayerID: 123
JudgeID: 0
Reason: durila Duration: 4000 Remaining: 4294393516
PlayerID: 76561198274427357
JudgeID: 0
Reason: you were vote kicked Duration: 180 Remaining: 4294421889

END with Bans:
[World] 7_AleX_3 [7_AleX_3]: "да"

Не обработано: DeathMessagesRemastered >> Broadcast: ПОНЧЕК has been mauled by a zombie! 
DeathMessagesRemastered >> Broadcast: ПОНЧЕК has been mauled by a zombie! 

Не обработано: ПОНЧЕК [GEEKBROS] was mauled by a zombie!
ПОНЧЕК [GEEKBROS] was mauled by a zombie!

[World] TheTod [FyesteR]: "cgfcb,j"

[World] Expert1337 [Expert13372284200]: "hgm1 ещё"

[World] Пипр [Незнаю какой придумать]: "Убери"

Client has executed command "players"

TimerTerminateCommand.Enabled with Players:
Players:
PlayerID: 76561198366549870 Name: Expert13372284200 Character: Expert1337 Ping: 148
PlayerID: 76561198140053978 Name: 7_AleX_3 Character: 7_AleX_3 Ping: 42
PlayerID: 76561198280617288 Name: Незнаю какой придумать Character: Пипр Ping: 50
PlayerID: 76561198263636845 Name: matic Character: matic Ping: 113
PlayerID: 76561198324142943 Name: GEEKBROS Character: ПОНЧЕК Ping: 66
PlayerID: 76561198349221593 Name: FyesteR Character: TheTod Ping: 136
PlayerID: 76561198368128006 Name: Aibek Character: 3o/loToN_Akym Ping: 97
PlayerID: 76561198361426439 Name: YouTube-kotik_killer Character: YouTube-kotik_killer Ping: 113

END with Players:
Client has executed command "bans"

TimerTerminateCommand.Enabled with Bans:
Bans:
PlayerID: 123123
JudgeID: 0
Reason: unspecified Duration: 31536000 Remaining: 30957702
PlayerID: 123
JudgeID: 0
Reason: durila Duration: 4000 Remaining: 4294393496
PlayerID: 76561198274427357
JudgeID: 0
Reason: you were vote kicked Duration: 180 Remaining: 4294421869

END with Bans:
[World] Пипр [Незнаю какой придумать]: "Свой автобус"

Disconnecting: PlayerID: 76561198324142943 Name: GEEKBROS Character: ПОНЧЕК

