Не обработано: RocketRcon v2.4.8.0
RocketRcon v2.4.8.0

Client has executed command "players"

TimerTerminateCommand.Enabled with Players:
Players:
PlayerID: 76561198366549870 Name: Expert13372284200 Character: Expert1337 Ping: 144
PlayerID: 76561198300812301 Name: KiLeR00707 Character: KiLeR00707 Ping: 42
PlayerID: 76561198345092267 Name: demid3450 Character: [гл террористов] демид журавлёв Ping: 125
PlayerID: 76561198200101595 Name: NEVALYASHA Character: NEVALYASHA Ping: 109
PlayerID: 76561198262994976 Name: XxX_ARMAЗ_XxX Character: shilyaev710 Ping: 70
PlayerID: 76561198303283372 Name: PeR4IK Character: данил Ping: 97
PlayerID: 76561198123840535 Name: ?????? Character: top Ping: 125

TimerTerminateCommand.Enabled with Players:
Client has executed command "bans"

TimerTerminateCommand.Enabled with Bans:
Bans:
PlayerID: 123123
JudgeID: 0
Reason: unspecified Duration: 31536000 Remaining: 31473450
PlayerID: 123
JudgeID: 0
Reason: durila Duration: 4000 Remaining: 4294909244
PlayerID: 76561198274427357
JudgeID: 0
Reason: you were vote kicked Duration: 180 Remaining: 4294937617

