Не обработано: RocketRcon v2.4.8.0
RocketRcon v2.4.8.0

Client has executed command "players"

TimerTerminateCommand.Enabled with Players:
Players:
PlayerID: 76561198157563744 Name: Jason Voorhees Character: Jason Voorhees Ping: 70
PlayerID: 76561198119414469 Name: Postman Pat Character: Postman Pat Ping: 62
PlayerID: 76561198391626023 Name: roman.sagitov.2017 Character: Roma Sagitow Ping: 39
PlayerID: 76561198295801599 Name: Lo[x] Character: Lo[x] Ping: 62
PlayerID: 76561198176817369 Name: ?. Character: GlodiS Ping: 62
PlayerID: 76561198280617288 Name: Незнаю какой придумать Character: Пипр Ping: 54
PlayerID: 76561198123982483 Name: Mr. Noizy Character: mslvn Ping: 54
PlayerID: 76561198354476455 Name: Unturned Character: данил лари Ping: 31
PlayerID: 76561198327628144 Name: Planeset 25 Character: Planeset 25 Ping: 31
PlayerID: 76561198140053978 Name: 7_AleX_3 Character: 7_AleX_3 Ping: 39
PlayerID: 76561198292543416 Name: Mr_GiladKing Character: GamerYT Ping: 54
PlayerID: 76561198358778621 Name: d.dalabaev Character: MRE Ping: 234

TimerTerminateCommand.Enabled with Players:
Client has executed command "bans"

END with Players:
TimerTerminateCommand.Enabled with Bans:
Bans:
PlayerID: 123123
JudgeID: 0
Reason: unspecified Duration: 31536000 Remaining: 31367847
PlayerID: 123
JudgeID: 0
Reason: durila Duration: 4000 Remaining: 4294803641
PlayerID: 76561198274427357
JudgeID: 0
Reason: you were vote kicked Duration: 180 Remaining: 4294832014

TimerTerminateCommand.Enabled with Bans:
[Area] 7_AleX_3 [7_AleX_3]: "ну"

TimerTerminateCommand.Enabled with Bans:
[World] mslvn [Mr. Noizy]: "/tpa planeset25"

END with Bans:
[Area] 7_AleX_3 [7_AleX_3]: "нажал"

[Area] Пипр [Незнаю какой придумать]: "Так остальны игроки не видят что ты пишешь"

[World] mslvn [Mr. Noizy]: "/tpa planeset 25"

[World] Planeset 25 [Planeset 25]: "/tpa accept"

Client has executed command "players"

TimerTerminateCommand.Enabled with Players:
Players:
PlayerID: 76561198157563744 Name: Jason Voorhees Character: Jason Voorhees Ping: 62
PlayerID: 76561198119414469 Name: Postman Pat Character: Postman Pat Ping: 70
PlayerID: 76561198391626023 Name: roman.sagitov.2017 Character: Roma Sagitow Ping: 46
PlayerID: 76561198295801599 Name: Lo[x] Character: Lo[x] Ping: 46
PlayerID: 76561198176817369 Name: ?. Character: GlodiS Ping: 85
PlayerID: 76561198280617288 Name: Незнаю какой придумать Character: Пипр Ping: 46
PlayerID: 76561198123982483 Name: Mr. Noizy Character: mslvn Ping: 62
PlayerID: 76561198354476455 Name: Unturned Character: данил лари Ping: 31
PlayerID: 76561198327628144 Name: Planeset 25 Character: Planeset 25 Ping: 23
PlayerID: 76561198140053978 Name: 7_AleX_3 Character: 7_AleX_3 Ping: 31
PlayerID: 76561198292543416 Name: Mr_GiladKing Character: GamerYT Ping: 54
PlayerID: 76561198358778621 Name: d.dalabaev Character: MRE Ping: 117

TimerTerminateCommand.Enabled with Players:
[Area] 7_AleX_3 [7_AleX_3]: "а ты"

END with Players:
