RocketRcon v2.4.8.0

Client has executed command "players"

Players:
PlayerID: 76561198366549870 Name: Expert13372284200 Character: Expert1337 Ping: 144
PlayerID: 76561198276760430 Name: dnjmack Character: puppminer Ping: 242
PlayerID: 76561198300812301 Name: KiLeR00707 Character: KiLeR00707 Ping: 15

TimerTerminateCommand.Enabled with Players:
Client has executed command "bans"

TimerTerminateCommand.Enabled with Players:
Bans:
PlayerID: 123123
JudgeID: 0
Reason: unspecified Duration: 31536000 Remaining: 31478688
PlayerID: 123
JudgeID: 0
Reason: durila Duration: 4000 Remaining: 4294914482
PlayerID: 76561198303283372
JudgeID: 0
Reason: za_reid Duration: 8000 Remaining: 4294934485
PlayerID: 76561198274427357
JudgeID: 0
Reason: you were vote kicked Duration: 180 Remaining: 4294942855

Connecting: PlayerID: 76561198154629193 Name: Fun gameroom Character: Fun gameroom

Client has executed command "players"

Players:
PlayerID: 76561198366549870 Name: Expert13372284200 Character: Expert1337 Ping: 140
PlayerID: 76561198276760430 Name: dnjmack Character: puppminer Ping: 250
PlayerID: 76561198300812301 Name: KiLeR00707 Character: KiLeR00707 Ping: 23
PlayerID: 76561198154629193 Name: Fun gameroom Character: Fun gameroom Ping: 82

TimerTerminateCommand.Enabled with Players:
END
[World] Expert1337 [Expert13372284200]: "го я к тебе подьеду"

Client has executed command "players"

Players:
PlayerID: 76561198366549870 Name: Expert13372284200 Character: Expert1337 Ping: 132
PlayerID: 76561198276760430 Name: dnjmack Character: puppminer Ping: 226
PlayerID: 76561198300812301 Name: KiLeR00707 Character: KiLeR00707 Ping: 27
PlayerID: 76561198154629193 Name: Fun gameroom Character: Fun gameroom Ping: 66

TimerTerminateCommand.Enabled with Players:
END
Disconnecting: PlayerID: 76561198154629193 Name: Fun gameroom Character: Fun gameroom

