Не обработано: RocketRcon v2.4.8.0
RocketRcon v2.4.8.0

Client has executed command "players"

TimerTerminateCommand.Enabled with Players:
Players:
PlayerID: 76561198309008539 Name: NOOO-SENPAI... Character: Сенпай Ping: 31
PlayerID: 76561198151655003 Name: HemulGM Character: HemulGM Ping: 23
PlayerID: 76561198297629847 Name: VeZuN4iK Character: DeN Ping: 54
PlayerID: 76561198147477828 Name: galbatsovmikail Character: galbatsovmikail Ping: 62
PlayerID: 76561198390219785 Name: emokacper110 Character: emokacper110 Ping: 148
PlayerID: 76561198366549870 Name: Expert13372284200 Character: Expert1337 Ping: 132
PlayerID: 76561198376416045 Name: xitrfaratez Character: xitrfaratez Ping: 85
PlayerID: 76561198341646391 Name: bazanova-t Character: Подрывник Ping: 23
PlayerID: 76561198363828451 Name: Ничоси Character: Кеша Ping: 234

Не обработано: Saving server
TimerTerminateCommand.Enabled with Players:
Saving server

TimerTerminateCommand.Enabled with Players:
Client has executed command "syaa "??????????????????? ???¤?¦§?©?""

Не обработано: PlayerInfoLib >> No expired player info records found for this batch.
TimerTerminateCommand.Enabled with Players:
PlayerInfoLib >> No expired player info records found for this batch.

END with Players:
Client has executed command "bans"

TimerTerminateCommand.Enabled with Bans:
Bans:
PlayerID: 76561198274427357
JudgeID: 0
Reason: you were vote kicked Duration: 180 Remaining: 4294311359

END with Bans:
[World] Подрывник [bazanova-t]: "Так военка"

