Не обработано: RocketRcon v2.4.8.0
RocketRcon v2.4.8.0

Client has executed command "players"

TimerTerminateCommand.Enabled with Players:
Players:
PlayerID: 76561198123840535 Name: ?????? Character: top Ping: 367
PlayerID: 76561198280617288 Name: Незнаю какой придумать Character: Пипр Ping: 58
PlayerID: 76561198152563082 Name: Drakon Character: [MODER]Stanat Ping: 136
PlayerID: 76561198351213164 Name: _АхМеД_ Character: Виндяй Вечеслав Ping: 152
PlayerID: 76561198346656228 Name: #Sanion# Character: Citrus Ping: 121
PlayerID: 76561198278800086 Name: >>??<< Character: Антон Беляев Ping: 35
PlayerID: 76561198324398740 Name: Анимешный Бурячок Character: АнимешныйБурячок Ping: 132
PlayerID: 76561198165822970 Name: Indigo Character: Indigo Ping: 42
PlayerID: 76561198368128006 Name: Aibek Character: Aibek [A.S.D] Ping: 97

END with Players:
Client has executed command "bans"

TimerTerminateCommand.Enabled with Bans:
Bans:
PlayerID: 123123
JudgeID: 0
Reason: unspecified Duration: 31536000 Remaining: 31004652
PlayerID: 123
JudgeID: 0
Reason: durila Duration: 4000 Remaining: 4294440446
PlayerID: 76561198274427357
JudgeID: 0
Reason: you were vote kicked Duration: 180 Remaining: 4294468819

END with Bans:
[World] Indigo [Indigo]: "/home"

Не обработано: Indigo moved x:588.9893 y:75.20834(+36.531) z:721.2278 in the last second (0.09999847)
Indigo moved x:588.9893 y:75.20834(+36.531) z:721.2278 in the last second (0.09999847)

[World] Пипр [Незнаю какой придумать]: "кудп"

[World] Пипр [Незнаю какой придумать]: "Куда?"

Client has executed command "players"

TimerTerminateCommand.Enabled with Players:
Players:
PlayerID: 76561198123840535 Name: ?????? Character: top Ping: 242
PlayerID: 76561198280617288 Name: Незнаю какой придумать Character: Пипр Ping: 50
PlayerID: 76561198152563082 Name: Drakon Character: [MODER]Stanat Ping: 140
PlayerID: 76561198351213164 Name: _АхМеД_ Character: Виндяй Вечеслав Ping: 250
PlayerID: 76561198346656228 Name: #Sanion# Character: Citrus Ping: 109
PlayerID: 76561198278800086 Name: >>??<< Character: Антон Беляев Ping: 42
PlayerID: 76561198324398740 Name: Анимешный Бурячок Character: АнимешныйБурячок Ping: 140
PlayerID: 76561198165822970 Name: Indigo Character: Indigo Ping: 46
PlayerID: 76561198368128006 Name: Aibek Character: Aibek [A.S.D] Ping: 101

END with Players:
Client has executed command "bans"

TimerTerminateCommand.Enabled with Bans:
Bans:
PlayerID: 123123
JudgeID: 0
Reason: unspecified Duration: 31536000 Remaining: 31004632
PlayerID: 123
JudgeID: 0
Reason: durila Duration: 4000 Remaining: 4294440426
PlayerID: 76561198274427357
JudgeID: 0
Reason: you were vote kicked Duration: 180 Remaining: 4294468799

TimerTerminateCommand.Enabled with Bans:
[World] [MODER]Stanat [Drakon]: "говорить научись"

END with Bans:
[World] [MODER]Stanat [Drakon]: "шкальник"

