22.06.2017 13:44:43: RobiShiAtatRobi был съеден зомби! 
22.06.2017 13:44:45: moneadavid31 был съеден зомби! 
22.06.2017 13:49:35: rudnik2004 был съеден зомби! 
22.06.2017 13:50:48: 7_AleX_3 был съеден зомби! 
22.06.2017 13:51:18: 7_AleX_3 был съеден зомби! 
22.06.2017 13:55:01: 7_AleX_3 был съеден зомби! 
22.06.2017 13:56:37: RobiShiAtatRobi истёк кровью!
22.06.2017 14:33:15: moneadavid31 разбился насмерть!
22.06.2017 14:33:19: mazaffuka истёк кровью!
22.06.2017 14:33:19: pavel был съеден зомби! 
22.06.2017 14:33:19: DaN был съеден зомби! 
22.06.2017 14:33:20: rudnik2004 истёк кровью!
22.06.2017 14:33:20: pavel был съеден зомби! 
22.06.2017 14:33:23: kohten был съеден зомби! 
22.06.2017 14:37:28: []Max[] был съеден зомби! 
22.06.2017 14:38:29: DaN был съеден зомби! 
22.06.2017 14:42:36: Chicken был съеден зомби! 
22.06.2017 14:51:39: артем истёк кровью!
22.06.2017 14:53:10: DaN истёк кровью!
22.06.2017 14:54:14: DaN был съеден зомби! 
22.06.2017 14:55:09: rudnik2004 был съеден зомби! 
22.06.2017 14:58:03: Chicken был съеден зомби! 
22.06.2017 15:16:09: luteragmail был съеден зомби! 
22.06.2017 15:20:57: luteragmail был съеден зомби! 
22.06.2017 15:21:37: TheKronosOfHell истёк кровью!
22.06.2017 15:21:47: luteragmail был съеден зомби! 
22.06.2017 15:22:21: артем был съеден зомби! 
22.06.2017 15:23:17: Lorex совершил суецид!
22.06.2017 15:24:16: артем был съеден зомби! 
22.06.2017 15:34:26: TheKronosOfHell разбился насмерть!
22.06.2017 15:36:17: TheKronosOfHell был съеден зомби! 
22.06.2017 15:42:47: TheKronosOfHell был убит камушком!
22.06.2017 15:43:47: cizix был съеден зомби! 
22.06.2017 16:00:12: pikozombie был съеден зомби! 
22.06.2017 16:01:27: Pozitiv истёк кровью!
22.06.2017 16:03:07: sultan1135 был убит плювальщиком!
22.06.2017 16:17:12: DaN истёк кровью!
22.06.2017 16:21:09: korak был убит камушком!
22.06.2017 16:22:13: DaN был съеден зомби! 
22.06.2017 16:49:27: кирилл семенов был съеден зомби! 
22.06.2017 16:51:00: кирилл семенов совершил суецид!
22.06.2017 16:52:44: rafael.rod78 был съеден зомби! 
22.06.2017 16:58:57: кирилл семенов истёк кровью!
22.06.2017 16:59:32: rafael.rod78 был съеден зомби! 
22.06.2017 17:00:39: rafael.rod78 истёк кровью!
22.06.2017 17:04:25: 7_AleX_3 был съеден зомби! 
22.06.2017 17:05:43: rafael.rod78 был съеден зомби! 
22.06.2017 17:06:36: rudnik2004 был съеден зомби! 
22.06.2017 17:09:26: rafael.rod78 истёк кровью!
22.06.2017 17:09:36: mazaffuka истёк кровью!
22.06.2017 17:10:29: rudnik2004 был съеден зомби! 
22.06.2017 17:10:54: DaN был съеден зомби! 
22.06.2017 17:11:08: Xeum был съеден зомби! 
22.06.2017 17:16:32: 7_AleX_3 сгорел!
22.06.2017 17:19:01: 7_AleX_3 был съеден зомби! 
22.06.2017 17:25:19: rudnik2004 был съеден зомби! 
22.06.2017 17:34:13: Booty66 истёк кровью!
22.06.2017 17:36:14: Booty66 был съеден зомби! 
22.06.2017 17:37:10: Pozitiv был убит взрывной волной от машины!
22.06.2017 17:37:10: 7_AleX_3 был убит взрывной волной от машины!
22.06.2017 17:43:12: Booty66 истёк кровью!
22.06.2017 17:46:36: Booty66 сгорел!
22.06.2017 17:52:53: kalabin.denis21015 был съеден зомби! 
22.06.2017 17:57:04: kalabin.denis21015 был съеден зомби! 
22.06.2017 17:58:13: kalabin.denis21015 был съеден зомби! 
22.06.2017 18:01:06: kalabin.denis21015 был съеден зомби! 
22.06.2017 18:14:46: Sadman был съеден зомби! 
22.06.2017 18:15:26: kalabin.denis21015 был съеден зомби! 
22.06.2017 18:17:39: Sadman был съеден зомби! 
22.06.2017 18:17:39: Squadiee17 истёк кровью!
22.06.2017 18:19:42: Sadman был съеден зомби! 
22.06.2017 18:20:18: kalabin.denis21015 был съеден зомби! 
22.06.2017 18:20:57: >XXXvicaXXX< был съеден зомби! 
22.06.2017 18:21:08: kalabin.denis21015 был съеден зомби! 
22.06.2017 18:21:42: TheBossIn2002 истёк кровью!
22.06.2017 18:22:03: CareFox был съеден зомби! 
22.06.2017 18:23:57: артем сгорел!
22.06.2017 18:24:11: BugraKozan был съеден зомби! 
22.06.2017 18:24:52: >XXXvicaXXX< истёк кровью!
22.06.2017 18:24:55: erengezer225 был съеден зомби! 
22.06.2017 18:25:17: Admin был съеден зомби! 
22.06.2017 18:25:56: TheBossIn2002 был съеден зомби! 
22.06.2017 18:27:33: >XXXvicaXXX< был съеден зомби! 
22.06.2017 18:28:45: KotBlogger совершил суецид!
22.06.2017 18:29:35: KotBlogger совершил суецид!
22.06.2017 18:29:43: KotBlogger совершил суецид!
22.06.2017 18:30:05: KotBlogger совершил суецид!
22.06.2017 18:31:57: Унфилинг Турок утонул!
22.06.2017 18:38:58: korak истёк кровью!
22.06.2017 18:49:12: vab99 был съеден зомби! 
22.06.2017 18:49:36: САНЯ был съеден зомби! 
22.06.2017 18:54:30: vab99 истёк кровью!
22.06.2017 19:02:47: vab99 истёк кровью!
22.06.2017 19:02:52: de_zt был съеден зомби! 
22.06.2017 19:04:51: vab99 истёк кровью!
22.06.2017 19:11:46: Xeum истёк кровью!
22.06.2017 19:11:59: Angel268149 истёк кровью!
22.06.2017 19:15:11: Angel268149 истёк кровью!
22.06.2017 19:22:19: vab99 совершил суецид!
22.06.2017 19:26:37: Razer был съеден зомби! 
22.06.2017 19:29:42: Dimas212_YT умер от голода!
22.06.2017 19:32:03: Dimas212_YT совершил суецид!
22.06.2017 19:35:08: САНЯ отравился!
22.06.2017 19:37:11: veraksa1409 был съеден зомби! 
22.06.2017 19:37:12: Angel268149 был съеден зомби! 
22.06.2017 19:37:26: Angel268149 совершил суецид!
22.06.2017 19:40:03: Dimas212_YT был съеден зомби! 
22.06.2017 19:40:12: Dimas212_YT совершил суецид!
22.06.2017 19:42:33: Marvin был съеден зомби! 
22.06.2017 19:43:48: LoneWolf был съеден зомби! 
22.06.2017 19:46:05: vab99 был убит плювальщиком!
22.06.2017 19:48:07: fanatka BKOHTAKTE истёк кровью!
22.06.2017 19:48:44: fanatka BKOHTAKTE совершил суецид!
22.06.2017 19:48:52: fanatka BKOHTAKTE совершил суецид!
22.06.2017 19:50:56: Егор Морозов был съеден зомби! 
22.06.2017 19:51:08: артём губан был съеден зомби! 
22.06.2017 19:51:49: Angel268149 был съеден зомби! 
22.06.2017 19:51:51: Dimas212_YT был съеден зомби! 
22.06.2017 19:52:20: Dimas212_YT был съеден зомби! 
22.06.2017 19:52:23: Skorpion.46rus был съеден зомби! 
22.06.2017 19:55:58: FargoMetov был съеден зомби! 
22.06.2017 19:57:00: артём губан был съеден зомби! 
22.06.2017 19:57:18: артём губан был съеден зомби! 
22.06.2017 19:57:45: Егор Морозов был съеден зомби! 
22.06.2017 19:57:48: Dimas212_YT был съеден зомби! 
22.06.2017 19:58:15: Angel268149 был съеден зомби! 
22.06.2017 19:59:29: Денис Луков был съеден зомби! 
22.06.2017 19:59:40: Razer совершил суецид!
22.06.2017 20:00:52: Денис Луков был съеден зомби! 
22.06.2017 20:00:54: Razer совершил суецид!
22.06.2017 20:02:34: Коршун Помидор истёк кровью!
22.06.2017 20:02:48: Денис Луков был съеден зомби! 
22.06.2017 20:05:19: игвин был съеден зомби! 
22.06.2017 20:06:06: Денис Луков был съеден зомби! 
22.06.2017 20:06:10: lor_indigo был съеден зомби! 
22.06.2017 20:06:52: Dimas212_YT совершил суецид!
22.06.2017 20:09:23: Angel268149 был съеден зомби! 
22.06.2017 20:10:44: Angel268149 был съеден зомби! 
22.06.2017 20:10:56: Angel268149 совершил суецид!
22.06.2017 20:11:04: vab99 был съеден зомби! 
22.06.2017 20:13:50: _TagerYT_ был съеден зомби! 
22.06.2017 20:14:03: vab99 совершил суецид!
22.06.2017 20:15:08: _TagerYT_ был убит плювальщиком!
22.06.2017 20:15:51: Angel268149 был съеден зомби! 
22.06.2017 20:16:25: vab99 был съеден зомби! 
22.06.2017 20:16:25: Angel268149 совершил суецид!
22.06.2017 20:17:18: _TagerYT_ был съеден зомби! 
22.06.2017 20:18:04: vab99 истёк кровью!
22.06.2017 20:18:13: _TagerYT_ истёк кровью!
22.06.2017 20:20:15: vab99 был съеден зомби! 
22.06.2017 20:21:09: Razer был съеден зомби! 
22.06.2017 20:21:28: _TagerYT_ был съеден зомби! 
22.06.2017 20:24:12: GELIS был съеден зомби! 
22.06.2017 20:26:07: ДошикИзРая был съеден зомби! 
22.06.2017 20:27:13: _TagerYT_ был съеден зомби! 
22.06.2017 20:27:34: kalabin.denis21015 был съеден зомби! 
22.06.2017 20:28:45: kalabin.denis21015 совершил суецид!
22.06.2017 20:28:53: kalabin.denis21015 совершил суецид!
22.06.2017 20:29:10: denis124 совершил суецид!
22.06.2017 20:29:22: denis124 совершил суецид!
22.06.2017 20:30:51: GELIS был съеден зомби! 
22.06.2017 20:32:08: артём губан был убит взрывной волной от машины!
22.06.2017 20:33:40: _TagerYT_ истёк кровью!
22.06.2017 20:34:12: Руслан Кремнев был съеден зомби! 
22.06.2017 20:36:24: _TagerYT_ был съеден зомби! 
22.06.2017 20:38:15: KlordFFox был съеден зомби! 
22.06.2017 20:39:14: Angel268149 был съеден зомби! 
22.06.2017 20:39:25: Angel268149 совершил суецид!
22.06.2017 20:39:36: Angel268149 совершил суецид!
22.06.2017 20:40:05: Angel268149 совершил суецид!
22.06.2017 20:40:21: Angel268149 совершил суецид!
22.06.2017 20:42:37: fishyunicorn был съеден зомби! 
22.06.2017 20:43:58: Angel268149 был съеден зомби! 
22.06.2017 20:44:00: Dimas212_YT утонул!
22.06.2017 20:46:32: Xeum был съеден зомби! 
22.06.2017 20:49:59: Руслан Кремнев истёк кровью!
22.06.2017 20:50:38: Няш:З был съеден зомби! 
22.06.2017 20:51:14: Руслан Кремнев был съеден зомби! 
22.06.2017 20:52:06: артём губан был съеден зомби! 
22.06.2017 20:53:23: Руслан Кремнев был съеден зомби! 
22.06.2017 20:53:26: артём губан был съеден зомби! 
22.06.2017 20:53:42: Razer совершил суецид!
22.06.2017 20:55:46: Руслан Кремнев был съеден зомби! 
22.06.2017 20:58:13: Руслан Кремнев был съеден зомби! 
22.06.2017 20:58:26: Егор Морозов истёк кровью!
22.06.2017 21:07:41: vab99 был убит плювальщиком!
22.06.2017 21:07:54: Vlad истёк кровью!
22.06.2017 21:09:41: fanatka BKOHTAKTE совершил суецид!
22.06.2017 21:10:46: Ниган был съеден зомби! 
22.06.2017 21:10:53: Vlad был съеден зомби! 
22.06.2017 21:11:38: fanatka BKOHTAKTE был съеден зомби! 
22.06.2017 21:13:07: Vlad был съеден зомби! 
22.06.2017 21:14:42: vab99 истёк кровью!
22.06.2017 21:16:11: vab99 совершил суецид!
22.06.2017 21:16:22: Razer был съеден зомби! 
22.06.2017 21:18:11: REHDI2 был съеден зомби! 
22.06.2017 21:18:24: vab99 был съеден зомби! 
22.06.2017 21:18:49: KlordFFox был съеден зомби! 
22.06.2017 21:19:37: KlordFFox был съеден зомби! 
22.06.2017 21:19:54: vab99 был съеден зомби! 
22.06.2017 21:21:07: _TagerYT_ был съеден зомби! 
22.06.2017 21:22:44: REHDI2 совершил суецид!
22.06.2017 21:22:56: vab99 истёк кровью!
22.06.2017 21:24:07: [KY] DENO  был съеден зомби! 
22.06.2017 21:30:31: _TagerYT_ был съеден зомби! 
22.06.2017 21:32:03: _TagerYT_ был съеден зомби! 
22.06.2017 21:47:27: AlphatronK был съеден зомби! 
22.06.2017 22:06:18: Vlad утонул!
22.06.2017 22:12:38: XJIE6 истёк кровью!
22.06.2017 22:15:40: Razer был съеден зомби! 
22.06.2017 22:27:45: fanatka BKOHTAKTE истёк кровью!
22.06.2017 22:27:50: mazaffuka был съеден зомби! 
22.06.2017 22:29:06: Ninja LOL был съеден зомби! 
22.06.2017 22:29:44: Jocie был съеден зомби! 
22.06.2017 23:02:32: Coppi_Official был съеден зомби! 
22.06.2017 23:14:59: Bshpirt был съеден зомби! 
22.06.2017 23:17:07: fitman истёк кровью!
22.06.2017 23:19:45: 123456rizvan был съеден зомби! 
22.06.2017 23:22:08: МЕДФЕТЬ был съеден зомби! 
22.06.2017 23:23:11: МЕДФЕТЬ был съеден зомби! 
22.06.2017 23:26:46: Bshpirt был съеден зомби! 
22.06.2017 23:37:49: Lenrox был съеден зомби! 
22.06.2017 23:39:07: SepuLtura был съеден зомби! 
22.06.2017 23:45:50: SepuLtura совершил суецид!
22.06.2017 23:50:54: Bshpirt истёк кровью!
22.06.2017 23:53:04: 123456rizvan был съеден зомби! 
22.06.2017 23:53:51: Lenrox истёк кровью!
22.06.2017 23:58:28: fitman отравился!
23.06.2017 0:08:10: Lenrox разбился насмерть!
23.06.2017 0:25:36: Pavel истёк кровью!
23.06.2017 1:10:37: Green_Shift был съеден зомби! 
23.06.2017 1:17:02: XpLoader был съеден зомби! 
23.06.2017 1:23:49: stingraymal3 был съеден зомби! 
23.06.2017 1:25:19: XpLoader был съеден зомби! 
23.06.2017 1:26:31: Green_Shift истёк кровью!
23.06.2017 1:27:04: stingraymal3 был съеден зомби! 
23.06.2017 1:29:45: Green_Shift был убит плювальщиком!
23.06.2017 1:34:02: Саша Иглов был убит взрывной волной от машины!
23.06.2017 1:35:59: korak был съеден зомби! 
23.06.2017 1:37:16: korak был съеден зомби! 
23.06.2017 1:39:15: Green_Shift был съеден зомби! 
23.06.2017 1:52:28: Green_Shift истёк кровью!
23.06.2017 1:52:34: stingraymal3 был съеден зомби! 
23.06.2017 2:08:01: .Mom Venus died of holding his breath for too long!
23.06.2017 3:04:06: korak был съеден зомби! 
23.06.2017 3:37:35: Pavel был съеден зомби! 
23.06.2017 3:38:20: Pavel был съеден зомби! 
23.06.2017 3:43:47: Alex.palincas истёк кровью!
23.06.2017 3:52:52: thesricpt был съеден зомби! 
23.06.2017 4:21:08: thehamburgergod разбился насмерть!
23.06.2017 4:23:00: Pavel был съеден зомби! 
23.06.2017 4:38:26: Pavel был съеден зомби! 
23.06.2017 4:39:04: Pavel совершил суецид!
23.06.2017 4:39:16: Pavel совершил суецид!
23.06.2017 4:39:23: Pavel совершил суецид!
23.06.2017 4:39:54: Pavel сгорел!
23.06.2017 4:44:01: Pavel совершил суецид!
23.06.2017 4:44:42: Pavel был съеден зомби! 
23.06.2017 4:45:00: Pavel совершил суецид!
23.06.2017 4:45:52: Pavel был съеден зомби! 
23.06.2017 4:46:25: Pavel сгорел!
23.06.2017 4:47:51: thehamburgergod был съеден зомби! 
23.06.2017 5:01:29: rylanestrada совершил суецид!
23.06.2017 6:11:33: DYDLO2 был съеден зомби! 
23.06.2017 6:12:18: DYDLO2 был съеден зомби! 
23.06.2017 8:29:27: Рунни мать твою! был съеден зомби! 
23.06.2017 8:30:12: кар был съеден зомби! 
23.06.2017 8:31:11: williambarnes7 отравился!
23.06.2017 8:32:30: williambarnes7 совершил суецид!
23.06.2017 8:32:39: williambarnes7 совершил суецид!
