Не обработано: RocketRcon v2.4.8.0
RocketRcon v2.4.8.0

Client has executed command "players"

TimerTerminateCommand.Enabled with Players:
Players:
PlayerID: 76561198345092267 Name: demid3450 Character: [гл террористов] демид журавлёв Ping: 148
PlayerID: 76561198262878051 Name: Kolder Character: Kolder Ping: 54

TimerTerminateCommand.Enabled with Players:
[World] [гл террористов] демид журавлёв [demid3450]: "/kit claim"

END with Players:
Client has executed command "bans"

TimerTerminateCommand.Enabled with Bans:
Bans:
PlayerID: 123123
JudgeID: 0
Reason: unspecified Duration: 31536000 Remaining: 30968538
PlayerID: 123
JudgeID: 0
Reason: durila Duration: 4000 Remaining: 4294404332
PlayerID: 76561198274427357
JudgeID: 0
Reason: you were vote kicked Duration: 180 Remaining: 4294432705

END with Bans:
Client has executed command "players"

TimerTerminateCommand.Enabled with Players:
Players:
PlayerID: 76561198345092267 Name: demid3450 Character: [гл террористов] демид журавлёв Ping: 117
PlayerID: 76561198262878051 Name: Kolder Character: Kolder Ping: 50

END with Players:
Client has executed command "bans"

TimerTerminateCommand.Enabled with Bans:
Bans:
PlayerID: 123123
JudgeID: 0
Reason: unspecified Duration: 31536000 Remaining: 30968519
PlayerID: 123
JudgeID: 0
Reason: durila Duration: 4000 Remaining: 4294404313
PlayerID: 76561198274427357
JudgeID: 0
Reason: you were vote kicked Duration: 180 Remaining: 4294432686

END with Bans:
