08.08.2017 13:25:09: Полное лечение 76561198380505660
08.08.2017 13:25:09: Полное лечение 76561198086326254
08.08.2017 13:25:09: Полное лечение 76561198245870076
08.08.2017 13:25:09: Полное лечение 76561198380411110
08.08.2017 13:25:09: Полное лечение 76561198310890097
08.08.2017 13:25:09: Полное лечение 76561198260476436
08.08.2017 13:25:09: Полное лечение 76561198367248021
08.08.2017 13:25:09: Полное лечение 76561198136007269
08.08.2017 15:25:56: Вызван массовый Airdrop (x10)
08.08.2017 15:25:56: Successfully set airdrop!
08.08.2017 15:25:56: Successfully set airdrop!
08.08.2017 15:25:56: Successfully set airdrop!
08.08.2017 15:25:57: Successfully set airdrop!
08.08.2017 15:25:57: Successfully set airdrop!
08.08.2017 15:25:57: Successfully set airdrop!
08.08.2017 15:25:57: Successfully set airdrop!
08.08.2017 15:25:57: Successfully set airdrop!
08.08.2017 15:25:57: Successfully set airdrop!
08.08.2017 15:25:57: Successfully set airdrop!
08.08.2017 16:26:50: Полное лечение 76561198325875722
08.08.2017 16:26:50: Полное лечение 76561198394735675
08.08.2017 16:26:50: Полное лечение 76561198341997660
08.08.2017 16:26:50: Полное лечение 76561198367248021
08.08.2017 16:26:50: Полное лечение 76561198396709364
08.08.2017 16:26:50: Полное лечение 76561198380411110
08.08.2017 16:26:50: Полное лечение 76561198243406784
08.08.2017 16:26:50: Полное лечение 76561198410085445
08.08.2017 16:26:50: Полное лечение 76561198342609144
08.08.2017 16:26:50: Полное лечение 76561198283301442
08.08.2017 16:26:50: Полное лечение 76561198336386227
08.08.2017 19:27:32: Полное лечение 76561198398512684
08.08.2017 19:27:32: Полное лечение 76561198367248021
08.08.2017 19:27:32: Полное лечение 76561198276694340
08.08.2017 19:27:32: Полное лечение 76561198310890097
08.08.2017 19:27:32: Полное лечение 76561198380411110
08.08.2017 19:27:32: Полное лечение 76561198039194517
08.08.2017 19:27:32: Полное лечение 76561198297416761
08.08.2017 19:27:32: Полное лечение 76561198409278704
08.08.2017 19:27:32: Полное лечение 76561198397012036
08.08.2017 20:27:42: Вызван массовый Airdrop (x10)
08.08.2017 20:27:42: Successfully set airdrop!
08.08.2017 20:27:42: Successfully set airdrop!
08.08.2017 20:27:42: Successfully set airdrop!
08.08.2017 20:27:43: Successfully set airdrop!
08.08.2017 20:27:43: Successfully set airdrop!
08.08.2017 20:27:43: Successfully set airdrop!
08.08.2017 20:27:43: Successfully set airdrop!
08.08.2017 20:27:43: Successfully set airdrop!
08.08.2017 20:27:43: Successfully set airdrop!
08.08.2017 20:27:43: Successfully set airdrop!
09.08.2017 3:00:08: Полное лечение 76561198320008473
09.08.2017 3:00:08: Полное лечение 76561198286836923
09.08.2017 3:00:08: Полное лечение 76561198271062323
09.08.2017 3:00:08: Полное лечение 76561198289286583
09.08.2017 3:00:08: Полное лечение 76561198263015049
09.08.2017 5:00:08: Вызван массовый Airdrop (x10)
09.08.2017 5:00:08: Successfully set airdrop!
09.08.2017 5:00:08: Successfully set airdrop!
09.08.2017 5:00:08: Successfully set airdrop!
09.08.2017 5:00:08: Successfully set airdrop!
09.08.2017 5:00:09: Successfully set airdrop!
09.08.2017 5:00:09: Successfully set airdrop!
09.08.2017 5:00:09: Successfully set airdrop!
09.08.2017 5:00:09: Successfully set airdrop!
09.08.2017 5:00:09: Successfully set airdrop!
09.08.2017 5:00:09: Successfully set airdrop!
09.08.2017 8:03:36: Successfully saved the game.
09.08.2017 8:03:45: Failed to find parameters in format [Text]/[R]/[G]/[B].
09.08.2017 8:05:17: Successfully saved the game.
09.08.2017 10:00:29: Вызван массовый Airdrop (x10)
09.08.2017 10:00:29: Successfully set airdrop!
09.08.2017 10:00:29: Successfully set airdrop!
09.08.2017 10:00:29: Successfully set airdrop!
09.08.2017 10:00:29: Successfully set airdrop!
09.08.2017 10:00:29: Successfully set airdrop!
09.08.2017 10:00:29: Successfully set airdrop!
09.08.2017 10:00:29: Successfully set airdrop!
09.08.2017 10:00:29: Successfully set airdrop!
09.08.2017 10:00:29: Successfully set airdrop!
09.08.2017 10:00:30: Successfully set airdrop!
09.08.2017 12:00:56: Полное лечение 76561198130270121
09.08.2017 12:00:56: Полное лечение 76561198410431399
09.08.2017 12:00:56: Полное лечение 76561198374404982
09.08.2017 12:00:56: Полное лечение 76561198174966691
09.08.2017 12:00:56: Полное лечение 76561198354245086
09.08.2017 15:02:13: Вызван массовый Airdrop (x10)
09.08.2017 15:02:13: Полное лечение 76561198276694340
09.08.2017 15:02:13: Полное лечение 76561198358291743
09.08.2017 15:02:13: Полное лечение 76561198260476436
09.08.2017 15:02:13: Полное лечение 76561198410431399
09.08.2017 15:02:13: Полное лечение 76561198361146653
09.08.2017 15:02:13: Полное лечение 76561198400821109
09.08.2017 15:02:13: Полное лечение 76561198380505660
09.08.2017 15:02:13: Полное лечение 76561198310890097
09.08.2017 15:02:13: Successfully set airdrop!
09.08.2017 15:02:13: Successfully set airdrop!
09.08.2017 15:02:13: Successfully set airdrop!
09.08.2017 15:02:13: Successfully set airdrop!
09.08.2017 15:02:13: Successfully set airdrop!
09.08.2017 15:02:13: Successfully set airdrop!
09.08.2017 15:02:13: Successfully set airdrop!
09.08.2017 15:02:13: Successfully set airdrop!
09.08.2017 15:02:13: Successfully set airdrop!
09.08.2017 15:02:14: Successfully set airdrop!
09.08.2017 16:30:35: Successfully gave Опасный Ральф 75 x1!
09.08.2017 16:32:39: Successfully gave Опасный Ральф 253 x1!
09.08.2017 16:34:04: Successfully gave Опасный Ральф 1503 x1!
09.08.2017 16:36:14: Successfully gave Опасный Ральф 1257 x1!
09.08.2017 16:36:57: Successfully gave Опасный Ральф 1281 x1!
09.08.2017 16:37:49: Successfully gave Опасный Ральф 1181 x1!
09.08.2017 16:39:17: Successfully gave Опасный Ральф 17 x1!
09.08.2017 16:42:20: Successfully gave Опасный Ральф 76 x1!
09.08.2017 16:44:10: Successfully gave Опасный Ральф 129 x1!
09.08.2017 16:46:31: Successfully gave Опасный Ральф 334 x1!
09.08.2017 16:47:02: Successfully gave Опасный Ральф 130 x1!
09.08.2017 16:50:00: Successfully gave Опасный Ральф 107 x1!
09.08.2017 16:50:44: Successfully gave Опасный Ральф 107 x1!
09.08.2017 16:51:18: Successfully gave Опасный Ральф 95 x1!
09.08.2017 16:52:44: Successfully gave Опасный Ральф 107 x1!
09.08.2017 16:57:28: Successfully gave Опасный Ральф 109 x1!
09.08.2017 18:02:59: Полное лечение 76561198398512684
09.08.2017 18:02:59: Полное лечение 76561198367248021
09.08.2017 18:02:59: Полное лечение 76561198276694340
09.08.2017 18:02:59: Полное лечение 76561198333869595
09.08.2017 18:02:59: Полное лечение 76561198405430857
09.08.2017 18:02:59: Полное лечение 76561198391182112
09.08.2017 18:02:59: Полное лечение 76561198380411110
09.08.2017 18:21:19: Successfully gave Опасный Ральф 1364 x1!
09.08.2017 18:23:54: Successfully gave Опасный Ральф 1475 x1!
09.08.2017 18:45:50: Successfully gave Опасный Ральф 458 x1!
09.08.2017 18:47:02: Successfully gave Опасный Ральф 1222 x1!
09.08.2017 18:48:18: Successfully gave Опасный Ральф 1222 x1!
09.08.2017 19:00:53: Successfully gave Опасный Ральф 1222 x1!
09.08.2017 19:02:52: Successfully gave Опасный Ральф 1466 x1!
09.08.2017 19:04:18: Successfully gave Опасный Ральф 1332 x1!
09.08.2017 19:05:14: Successfully gave Опасный Ральф 1279 x1!
09.08.2017 19:05:48: Successfully gave Опасный Ральф 1279 x1!
09.08.2017 19:06:21: Successfully gave Опасный Ральф 1279 x1!
09.08.2017 19:06:55: Successfully gave Опасный Ральф 1290 x1!
09.08.2017 19:07:27: Successfully gave Опасный Ральф 1256 x1!
09.08.2017 19:10:19: Successfully gave Опасный Ральф 1440 x1!
09.08.2017 19:22:06: Failed to find parameters in format [SteamID | Player]/[ItemID]/[Amount].
09.08.2017 19:25:57: Successfully gave Опасный Ральф 1475 x1!
09.08.2017 19:27:08: Successfully gave Опасный Ральф 277 x1!
09.08.2017 20:03:04: Вызван массовый Airdrop (x10)
09.08.2017 20:03:04: Successfully set airdrop!
09.08.2017 20:03:04: Successfully set airdrop!
09.08.2017 20:03:04: Successfully set airdrop!
09.08.2017 20:03:04: Successfully set airdrop!
09.08.2017 20:03:04: Successfully set airdrop!
09.08.2017 20:03:04: Successfully set airdrop!
09.08.2017 20:03:04: Successfully set airdrop!
09.08.2017 20:03:04: Successfully set airdrop!
09.08.2017 20:03:04: Successfully set airdrop!
09.08.2017 20:03:05: Successfully set airdrop!
09.08.2017 21:03:10: Полное лечение 76561198299464694
09.08.2017 21:03:10: Полное лечение 76561198380411110
09.08.2017 21:03:10: Полное лечение 76561198329094266
09.08.2017 21:03:10: Полное лечение 76561198276694340
09.08.2017 21:03:10: Полное лечение 76561198319169307
09.08.2017 21:03:10: Полное лечение 76561198367248021
09.08.2017 21:03:10: Полное лечение 76561198405430857
09.08.2017 21:03:10: Полное лечение 76561198093562780
09.08.2017 21:03:10: Полное лечение 76561198161789318
09.08.2017 21:03:10: Полное лечение 76561198245870076
09.08.2017 21:05:56: Successfully gave Опасный Ральф 1241 x1!
09.08.2017 21:06:35: Successfully gave Опасный Ральф 1393 x1!
09.08.2017 21:07:08: Successfully gave Опасный Ральф 1164 x1!
09.08.2017 21:08:59: Successfully gave Опасный Ральф 126 x1!
09.08.2017 21:09:39: Successfully gave Опасный Ральф 128 x1!
09.08.2017 21:10:21: Successfully gave Опасный Ральф 127 x1!
09.08.2017 21:11:24: Successfully gave Опасный Ральф 127 x1!
10.08.2017 0:10:59: Successfully gave Опасный Ральф 1103 x1!
10.08.2017 0:11:35: Successfully gave Опасный Ральф 1103 x1!
10.08.2017 0:25:19: Successfully gave Опасный Ральф 1507 x1!
10.08.2017 0:39:25: Successfully gave Опасный Ральф 76 x1!
10.08.2017 0:43:06: Successfully gave Опасный Ральф 361 x1!
10.08.2017 0:43:38: Successfully gave Опасный Ральф 365 x1!
10.08.2017 0:44:42: Successfully gave Опасный Ральф 386 x1!
10.08.2017 0:45:15: Successfully gave Опасный Ральф 386 x1!
10.08.2017 0:45:57: Successfully gave Опасный Ральф 1091 x1!
10.08.2017 0:47:06: Successfully gave Опасный Ральф 1131 x1!
10.08.2017 0:48:55: Successfully gave Опасный Ральф 1239 x1!
10.08.2017 0:49:53: Successfully gave Опасный Ральф 1249 x1!
10.08.2017 0:53:13: Successfully gave Опасный Ральф 1119 x1!
10.08.2017 0:54:34: Successfully gave Опасный Ральф 1113 x1!
10.08.2017 0:55:36: Successfully gave Опасный Ральф 1074 x1!
10.08.2017 0:56:17: Successfully gave Опасный Ральф 1074 x1!
10.08.2017 0:56:49: Successfully gave Опасный Ральф 1074 x1!
10.08.2017 0:57:41: Successfully gave Опасный Ральф 1074 x1!
10.08.2017 0:58:13: Successfully gave Опасный Ральф 1074 x1!
10.08.2017 0:58:44: Successfully gave Опасный Ральф 1297 x1!
10.08.2017 1:01:44: Successfully gave Опасный Ральф 1292 x1!
10.08.2017 1:02:15: Successfully gave Опасный Ральф 216 x1!
10.08.2017 1:07:49: Successfully gave Опасный Ральф 1466 x1!
10.08.2017 1:08:50: Successfully gave Опасный Ральф 1255 x1!
10.08.2017 1:09:22: Successfully gave Опасный Ральф 1230 x1!
10.08.2017 1:11:19: Successfully gave Опасный Ральф 458 x1!
10.08.2017 1:17:05: Successfully gave Опасный Ральф 1092 x1!
10.08.2017 1:21:04: Successfully gave Опасный Ральф 1222 x1!
10.08.2017 1:23:53: Successfully gave Опасный Ральф 1440 x1!
10.08.2017 3:00:01: Полное лечение 76561198090789344
10.08.2017 3:00:01: Полное лечение 76561198325837841
10.08.2017 5:00:01: Вызван массовый Airdrop (x10)
10.08.2017 5:00:01: Successfully set airdrop!
10.08.2017 5:00:02: Successfully set airdrop!
10.08.2017 5:00:02: Successfully set airdrop!
10.08.2017 5:00:02: Successfully set airdrop!
10.08.2017 5:00:02: Successfully set airdrop!
10.08.2017 5:00:02: Successfully set airdrop!
10.08.2017 5:00:02: Successfully set airdrop!
10.08.2017 5:00:02: Successfully set airdrop!
10.08.2017 5:00:02: Successfully set airdrop!
10.08.2017 5:00:02: Successfully set airdrop!
10.08.2017 9:50:23: Отправлена команда: perm
10.08.2017 9:50:39: Отправлена команда: permissions
10.08.2017 9:56:44: Отправлена команда: rocket reload
10.08.2017 9:57:18: Отправлена команда: loone
10.08.2017 9:58:04: Отправлена команда: p
10.08.2017 9:58:16: Отправлена команда: loone migrate
10.08.2017 10:00:05: Вызван массовый Airdrop (x10)
10.08.2017 10:00:05: Successfully set airdrop!
10.08.2017 10:00:06: Successfully set airdrop!
10.08.2017 10:00:06: Successfully set airdrop!
10.08.2017 10:00:06: Successfully set airdrop!
10.08.2017 10:00:06: Successfully set airdrop!
10.08.2017 10:00:06: Successfully set airdrop!
10.08.2017 10:00:06: Successfully set airdrop!
10.08.2017 10:00:06: Successfully set airdrop!
10.08.2017 10:00:06: Successfully set airdrop!
10.08.2017 10:00:06: Successfully set airdrop!
10.08.2017 10:23:14: Отправлена команда: /rocketpermission list members vip
10.08.2017 10:23:24: Отправлена команда: /rocketpermission list members moderators
10.08.2017 10:24:25: Отправлена команда: p add dan
10.08.2017 10:24:34: Отправлена команда: p add dan default
10.08.2017 10:24:51: Отправлена команда: p add 76561198392626164 moderators
10.08.2017 10:25:02: Отправлена команда: p remove 76561198392626164
10.08.2017 10:25:25: Отправлена команда: p remove 76561198392626164 moderators
10.08.2017 11:55:10: Отправлена команда: tpa
10.08.2017 11:55:10: Команда не может быть выполнена через консоль
10.08.2017 11:56:08: Отправлена команда: tpa
10.08.2017 11:56:08: Команда не может быть выполнена через консоль
10.08.2017 12:00:11: Полное лечение 76561198392626164
10.08.2017 12:00:11: Полное лечение 76561198411656696
10.08.2017 12:00:11: Полное лечение 76561198410431399
10.08.2017 12:00:11: Полное лечение 76561198292451354
10.08.2017 12:00:11: Полное лечение 76561198276694340
10.08.2017 12:00:11: Полное лечение 76561198410165705
10.08.2017 12:00:11: Полное лечение 76561198386138907
10.08.2017 12:07:06: Отправлена команда: /loone add default tpa 0
10.08.2017 12:07:35: Отправлена команда: loone remove default tpa
10.08.2017 12:07:45: Отправлена команда: /loone add default tpa 0
10.08.2017 12:08:14: Отправлена команда: loone remove default tpa
10.08.2017 12:08:32: Отправлена команда: /loone add default tpa 0
10.08.2017 12:08:35: Отправлена команда: /loone add default tpa.* 0
10.08.2017 15:01:10: Вызван массовый Airdrop (x10)
10.08.2017 15:01:10: Полное лечение 76561198007138771
10.08.2017 15:01:10: Полное лечение 76561198245870076
10.08.2017 15:01:10: Полное лечение 76561198216310680
10.08.2017 15:01:10: Полное лечение 76561198096287158
10.08.2017 15:01:10: Полное лечение 76561198398512684
10.08.2017 15:01:10: Полное лечение 76561198314140913
10.08.2017 15:01:10: Полное лечение 76561198328213785
10.08.2017 15:01:10: Полное лечение 76561198386138907
10.08.2017 15:01:10: Полное лечение 76561198408629405
10.08.2017 15:01:11: Полное лечение 76561198408646903
10.08.2017 15:01:11: Полное лечение 76561198220618620
10.08.2017 15:01:11: Полное лечение 76561198174176599
10.08.2017 15:01:11: Полное лечение 76561198410431399
10.08.2017 15:01:11: Successfully set airdrop!
10.08.2017 15:01:11: Successfully set airdrop!
10.08.2017 15:01:11: Successfully set airdrop!
10.08.2017 15:01:11: Successfully set airdrop!
10.08.2017 15:01:11: Successfully set airdrop!
10.08.2017 15:01:11: Successfully set airdrop!
10.08.2017 15:01:11: Successfully set airdrop!
10.08.2017 15:01:11: Successfully set airdrop!
10.08.2017 15:01:11: Successfully set airdrop!
10.08.2017 15:01:11: Successfully set airdrop!
10.08.2017 22:36:12: Полное лечение 76561198332083576
10.08.2017 22:36:12: Полное лечение 76561198352627786
10.08.2017 22:36:12: Полное лечение 76561198276694340
10.08.2017 22:36:12: Полное лечение 76561198406936736
10.08.2017 22:36:12: Полное лечение 76561198219177764
10.08.2017 22:36:12: Полное лечение 76561198160258950
10.08.2017 22:36:12: Полное лечение 76561198368700217
10.08.2017 22:36:12: Полное лечение 76561198274420231
10.08.2017 22:36:12: Полное лечение 76561198412211160
10.08.2017 22:36:12: Полное лечение 76561198310890097
10.08.2017 22:36:12: Полное лечение 76561198142199972
10.08.2017 22:36:12: Полное лечение 76561198334163819
11.08.2017 3:00:00: Полное лечение 76561198325837841
11.08.2017 3:00:00: Полное лечение 76561198090789344
11.08.2017 5:00:00: Вызван массовый Airdrop (x10)
11.08.2017 5:00:00: Successfully set airdrop!
11.08.2017 5:00:01: Successfully set airdrop!
11.08.2017 5:00:01: Successfully set airdrop!
11.08.2017 5:00:01: Successfully set airdrop!
11.08.2017 5:00:01: Successfully set airdrop!
11.08.2017 5:00:01: Successfully set airdrop!
11.08.2017 5:00:01: Successfully set airdrop!
11.08.2017 5:00:01: Successfully set airdrop!
11.08.2017 5:00:01: Successfully set airdrop!
11.08.2017 5:00:01: Successfully set airdrop!
11.08.2017 10:00:14: Вызван массовый Airdrop (x10)
11.08.2017 10:00:14: Successfully set airdrop!
11.08.2017 10:00:15: Successfully set airdrop!
11.08.2017 10:00:15: Successfully set airdrop!
11.08.2017 10:00:15: Successfully set airdrop!
11.08.2017 10:00:15: Successfully set airdrop!
11.08.2017 10:00:15: Successfully set airdrop!
11.08.2017 10:00:15: Successfully set airdrop!
11.08.2017 10:00:15: Successfully set airdrop!
11.08.2017 10:00:15: Successfully set airdrop!
11.08.2017 10:00:15: Successfully set airdrop!
11.08.2017 11:09:28: Отправлена команда: kit map
11.08.2017 11:09:28: Команда не может быть выполнена через консоль
11.08.2017 12:00:33: Полное лечение 76561198345609414
11.08.2017 12:00:33: Полное лечение 76561198398512684
11.08.2017 12:00:33: Полное лечение 76561198410431399
11.08.2017 12:00:33: Полное лечение 76561198375578430
11.08.2017 12:00:33: Полное лечение 76561198328489368
11.08.2017 12:00:33: Полное лечение 76561198080763088
11.08.2017 13:00:06: Вызван массовый Airdrop (x10)
11.08.2017 13:00:06: Successfully set airdrop!
11.08.2017 13:00:06: Successfully set airdrop!
11.08.2017 13:00:06: Successfully set airdrop!
11.08.2017 13:00:06: Successfully set airdrop!
11.08.2017 13:00:06: Successfully set airdrop!
11.08.2017 13:00:06: Successfully set airdrop!
11.08.2017 13:00:06: Successfully set airdrop!
11.08.2017 13:00:07: Successfully set airdrop!
11.08.2017 13:00:07: Successfully set airdrop!
11.08.2017 13:00:07: Successfully set airdrop!
11.08.2017 13:00:09: Вызван массовый Airdrop (x10)
11.08.2017 13:00:10: Successfully set airdrop!
11.08.2017 13:00:10: Successfully set airdrop!
11.08.2017 13:00:10: Successfully set airdrop!
11.08.2017 13:00:10: Successfully set airdrop!
11.08.2017 13:00:10: Successfully set airdrop!
11.08.2017 13:00:10: Successfully set airdrop!
11.08.2017 13:00:10: Successfully set airdrop!
11.08.2017 13:00:10: Successfully set airdrop!
11.08.2017 13:00:10: Successfully set airdrop!
11.08.2017 13:00:10: Successfully set airdrop!
11.08.2017 14:24:22: Successfully gave Опасный Ральф 50 x1!
11.08.2017 14:25:04: Successfully gave Опасный Ральф 132 x1!
11.08.2017 14:28:15: Successfully gave Опасный Ральф 253 x1!
11.08.2017 14:28:58: Successfully gave Опасный Ральф 253 x1!
11.08.2017 14:29:35: Successfully gave Опасный Ральф 253 x1!
11.08.2017 14:32:05: Successfully gave Опасный Ральф 354 x1!
11.08.2017 14:35:01: Successfully gave Опасный Ральф 455 x1!
11.08.2017 14:41:32: Successfully set time to day!
11.08.2017 14:42:54: Successfully gave Опасный Ральф 1353 x1!
11.08.2017 14:48:47: Successfully gave Опасный Ральф 253 x1!
11.08.2017 14:49:44: Successfully gave Опасный Ральф 1024 x1!
11.08.2017 14:50:35: Successfully gave Опасный Ральф 1026 x1!
11.08.2017 14:51:15: Successfully gave Опасный Ральф 1026 x1!
11.08.2017 14:52:08: Successfully gave Опасный Ральф 1008 x1!
11.08.2017 14:53:05: Successfully gave Опасный Ральф 1503 x1!
11.08.2017 15:03:43: Вызван массовый Airdrop (x10)
11.08.2017 15:03:43: Полное лечение 76561198345609414
11.08.2017 15:03:43: Полное лечение 76561198273083158
11.08.2017 15:03:43: Полное лечение 76561198219177764
11.08.2017 15:03:43: Полное лечение 76561198262878051
11.08.2017 15:03:43: Полное лечение 76561198292451354
11.08.2017 15:03:43: Полное лечение 76561198245870076
11.08.2017 15:03:43: Полное лечение 76561198160258950
11.08.2017 15:03:43: Полное лечение 76561198352627786
11.08.2017 15:03:43: Полное лечение 76561198405430857
11.08.2017 15:03:44: Полное лечение 76561198310890097
11.08.2017 15:03:44: Полное лечение 76561198368700217
11.08.2017 15:03:44: Полное лечение 76561198339140845
11.08.2017 15:03:44: Полное лечение 76561198216310680
11.08.2017 15:03:44: Полное лечение 76561198361146653
11.08.2017 15:03:44: Полное лечение 76561198136007269
11.08.2017 15:03:44: Полное лечение 76561198081461101
11.08.2017 15:03:44: Полное лечение 76561198276694340
11.08.2017 15:03:44: Полное лечение 76561198339501186
11.08.2017 15:03:44: Полное лечение 76561198142199972
11.08.2017 15:03:44: Полное лечение 76561198408139591
11.08.2017 15:03:44: Полное лечение 76561198298956106
11.08.2017 15:03:44: Полное лечение 76561198328213785
11.08.2017 15:03:44: Полное лечение 76561198332083576
11.08.2017 15:03:44: Полное лечение 76561198382749605
11.08.2017 15:03:44: Successfully set airdrop!
11.08.2017 15:03:44: Successfully set airdrop!
11.08.2017 15:03:44: Successfully set airdrop!
11.08.2017 15:03:44: Successfully set airdrop!
11.08.2017 15:03:44: Successfully set airdrop!
11.08.2017 15:03:44: Successfully set airdrop!
11.08.2017 15:03:44: Successfully set airdrop!
11.08.2017 15:03:44: Successfully set airdrop!
11.08.2017 15:03:44: Successfully set airdrop!
11.08.2017 15:03:45: Successfully set airdrop!
11.08.2017 15:13:54: Successfully gave Опасный Ральф 253 x1!
11.08.2017 15:17:25: Successfully gave Опасный Ральф 1353 x1!
11.08.2017 15:19:10: Failed to find parameters in format [SteamID | Player]/[ItemID]/[Amount].
11.08.2017 15:33:23: Вызван Airdrop
11.08.2017 15:33:23: Successfully set airdrop!
11.08.2017 15:33:24: Вызван Airdrop
11.08.2017 15:33:24: Successfully set airdrop!
11.08.2017 15:52:10: Вызван Airdrop
11.08.2017 15:52:10: Successfully set airdrop!
11.08.2017 15:55:56: Установлена/убрана пасмурная погода
11.08.2017 18:04:26: Полное лечение 76561198142199972
11.08.2017 18:04:26: Полное лечение 76561198391548085
11.08.2017 18:04:26: Полное лечение 76561198352627786
11.08.2017 18:04:26: Полное лечение 76561198298956106
11.08.2017 18:04:26: Полное лечение 76561198236654890
11.08.2017 18:04:26: Полное лечение 76561198219177764
11.08.2017 18:04:26: Полное лечение 76561198273083158
11.08.2017 18:04:26: Полное лечение 76561198216310680
11.08.2017 18:04:26: Полное лечение 76561198276694340
11.08.2017 18:04:26: Полное лечение 76561198310890097
11.08.2017 18:04:26: Полное лечение 76561198368700217
11.08.2017 18:04:26: Полное лечение 76561198298714292
11.08.2017 18:04:26: Полное лечение 76561198276400646
11.08.2017 20:04:28: Вызван массовый Airdrop (x10)
11.08.2017 20:04:28: Successfully set airdrop!
11.08.2017 20:04:28: Successfully set airdrop!
11.08.2017 20:04:29: Successfully set airdrop!
11.08.2017 20:04:29: Successfully set airdrop!
11.08.2017 20:04:29: Successfully set airdrop!
11.08.2017 20:04:29: Successfully set airdrop!
11.08.2017 20:04:29: Successfully set airdrop!
11.08.2017 20:04:29: Successfully set airdrop!
11.08.2017 20:04:29: Successfully set airdrop!
11.08.2017 20:04:29: Successfully set airdrop!
11.08.2017 21:04:28: Полное лечение 76561198273083158
11.08.2017 21:04:28: Полное лечение 76561198276694340
11.08.2017 21:04:28: Полное лечение 76561198259905904
11.08.2017 21:04:28: Полное лечение 76561198389758674
11.08.2017 21:04:28: Полное лечение 76561198160258950
11.08.2017 21:04:28: Полное лечение 76561198232036440
11.08.2017 21:04:28: Полное лечение 76561198332083576
11.08.2017 21:04:28: Полное лечение 76561198177926154
11.08.2017 21:04:28: Полное лечение 76561198391662158
11.08.2017 21:04:28: Полное лечение 76561198142199972
12.08.2017 3:59:59: Вызван массовый Airdrop (x10)
12.08.2017 3:59:59: Successfully set airdrop!
12.08.2017 3:59:59: Successfully set airdrop!
12.08.2017 4:00:00: Successfully set airdrop!
12.08.2017 4:00:00: Successfully set airdrop!
12.08.2017 4:00:00: Successfully set airdrop!
12.08.2017 4:00:00: Successfully set airdrop!
12.08.2017 4:00:00: Successfully set airdrop!
12.08.2017 4:00:00: Successfully set airdrop!
12.08.2017 4:00:00: Successfully set airdrop!
12.08.2017 4:00:00: Successfully set airdrop!
12.08.2017 7:59:59: Вызван массовый Airdrop (x10)
12.08.2017 7:59:59: Successfully set airdrop!
12.08.2017 7:59:59: Successfully set airdrop!
12.08.2017 7:59:59: Successfully set airdrop!
12.08.2017 8:00:00: Successfully set airdrop!
12.08.2017 8:00:00: Successfully set airdrop!
12.08.2017 8:00:00: Successfully set airdrop!
12.08.2017 8:00:00: Successfully set airdrop!
12.08.2017 8:00:00: Successfully set airdrop!
12.08.2017 8:00:00: Successfully set airdrop!
12.08.2017 8:00:00: Successfully set airdrop!
12.08.2017 9:58:17: Successfully saved the game.
12.08.2017 9:59:05: Successfully saved the game.
12.08.2017 12:00:08: Вызван массовый Airdrop (x10)
12.08.2017 12:00:08: Successfully set airdrop!
12.08.2017 12:00:08: Successfully set airdrop!
12.08.2017 12:00:08: Successfully set airdrop!
12.08.2017 12:00:09: Successfully set airdrop!
12.08.2017 12:00:09: Successfully set airdrop!
12.08.2017 12:00:09: Successfully set airdrop!
12.08.2017 12:00:09: Successfully set airdrop!
12.08.2017 12:00:09: Successfully set airdrop!
12.08.2017 12:00:09: Successfully set airdrop!
12.08.2017 12:00:09: Successfully set airdrop!
12.08.2017 16:00:28: Вызван массовый Airdrop (x10)
12.08.2017 16:00:28: Successfully set airdrop!
12.08.2017 16:00:28: Successfully set airdrop!
12.08.2017 16:00:28: Successfully set airdrop!
12.08.2017 16:00:29: Successfully set airdrop!
12.08.2017 16:00:29: Successfully set airdrop!
12.08.2017 16:00:29: Successfully set airdrop!
12.08.2017 16:00:29: Successfully set airdrop!
12.08.2017 16:00:29: Successfully set airdrop!
12.08.2017 16:00:29: Successfully set airdrop!
12.08.2017 16:00:29: Successfully set airdrop!
12.08.2017 20:00:39: Вызван массовый Airdrop (x10)
12.08.2017 20:00:39: Successfully set airdrop!
12.08.2017 20:00:39: Successfully set airdrop!
12.08.2017 20:00:39: Successfully set airdrop!
12.08.2017 20:00:40: Successfully set airdrop!
12.08.2017 20:00:40: Successfully set airdrop!
12.08.2017 20:00:40: Successfully set airdrop!
12.08.2017 20:00:40: Successfully set airdrop!
12.08.2017 20:00:40: Successfully set airdrop!
12.08.2017 20:00:40: Successfully set airdrop!
12.08.2017 20:00:40: Successfully set airdrop!
12.08.2017 23:06:11: Successfully gave Опасный Ральф 4 x1!
12.08.2017 23:06:42: Successfully gave Опасный Ральф 6 x1!
12.08.2017 23:07:18: Successfully gave Опасный Ральф 6 x1!
12.08.2017 23:07:48: Successfully gave Опасный Ральф 6 x1!
13.08.2017 5:00:11: Вызван массовый Airdrop (x10)
13.08.2017 5:00:11: Successfully set airdrop!
13.08.2017 5:00:11: Successfully set airdrop!
13.08.2017 5:00:11: Successfully set airdrop!
13.08.2017 5:00:11: Successfully set airdrop!
13.08.2017 5:00:11: Successfully set airdrop!
13.08.2017 5:00:12: Successfully set airdrop!
13.08.2017 5:00:12: Successfully set airdrop!
13.08.2017 5:00:12: Successfully set airdrop!
13.08.2017 5:00:12: Successfully set airdrop!
13.08.2017 5:00:12: Successfully set airdrop!
13.08.2017 10:00:12: Вызван массовый Airdrop (x10)
13.08.2017 10:00:12: Successfully set airdrop!
13.08.2017 10:00:12: Successfully set airdrop!
13.08.2017 10:00:12: Successfully set airdrop!
13.08.2017 10:00:12: Successfully set airdrop!
13.08.2017 10:00:12: Successfully set airdrop!
13.08.2017 10:00:13: Successfully set airdrop!
13.08.2017 10:00:13: Successfully set airdrop!
13.08.2017 10:00:13: Successfully set airdrop!
13.08.2017 10:00:13: Successfully set airdrop!
13.08.2017 10:00:13: Successfully set airdrop!
13.08.2017 12:00:17: Полное лечение 76561198332083576
13.08.2017 12:00:17: Полное лечение 76561198276694340
13.08.2017 12:29:10: Successfully saved the game.
13.08.2017 12:33:53: Вызван Airdrop
13.08.2017 12:33:53: Вызван Airdrop
13.08.2017 12:33:53: Successfully set airdrop!
13.08.2017 12:33:53: Вызван Airdrop
13.08.2017 12:33:53: Successfully set airdrop!
13.08.2017 12:33:53: Вызван Airdrop
13.08.2017 12:33:53: Successfully set airdrop!
13.08.2017 12:33:53: Successfully set airdrop!
13.08.2017 15:00:26: Вызван массовый Airdrop (x10)
13.08.2017 15:00:26: Полное лечение 76561198273083158
13.08.2017 15:00:26: Полное лечение 76561198393905405
13.08.2017 15:00:26: Полное лечение 76561198303767652
13.08.2017 15:00:26: Полное лечение 76561198339140845
13.08.2017 15:00:26: Полное лечение 76561198339501186
13.08.2017 15:00:26: Полное лечение 76561198361146653
13.08.2017 15:00:26: Полное лечение 76561198025528071
13.08.2017 15:00:26: Полное лечение 76561198368700217
13.08.2017 15:00:26: Полное лечение 76561198348464682
13.08.2017 15:00:26: Полное лечение 76561198352252137
13.08.2017 15:00:26: Полное лечение 76561198361326863
13.08.2017 15:00:26: Полное лечение 76561198390638457
13.08.2017 15:00:27: Полное лечение 76561198252432240
13.08.2017 15:00:27: Полное лечение 76561198080763088
13.08.2017 15:00:27: Полное лечение 76561198328489368
13.08.2017 15:00:27: Successfully set airdrop!
13.08.2017 15:00:27: Successfully set airdrop!
13.08.2017 15:00:27: Successfully set airdrop!
13.08.2017 15:00:27: Successfully set airdrop!
13.08.2017 15:00:27: Successfully set airdrop!
13.08.2017 15:00:27: Successfully set airdrop!
13.08.2017 15:00:27: Successfully set airdrop!
13.08.2017 15:00:27: Successfully set airdrop!
13.08.2017 15:00:27: Successfully set airdrop!
13.08.2017 15:00:27: Successfully set airdrop!
13.08.2017 18:00:45: Полное лечение 76561198026338074
13.08.2017 18:00:45: Полное лечение 76561198128258560
13.08.2017 18:00:45: Полное лечение 76561198061291604
13.08.2017 18:00:45: Полное лечение 76561198378783353
13.08.2017 18:00:45: Полное лечение 76561198328489368
13.08.2017 18:00:45: Полное лечение 76561198393905405
13.08.2017 18:00:45: Полное лечение 76561198329094266
13.08.2017 20:00:57: Вызван массовый Airdrop (x10)
13.08.2017 20:00:57: Successfully set airdrop!
13.08.2017 20:00:57: Successfully set airdrop!
13.08.2017 20:00:57: Successfully set airdrop!
13.08.2017 20:00:58: Successfully set airdrop!
13.08.2017 20:00:58: Successfully set airdrop!
13.08.2017 20:00:58: Successfully set airdrop!
13.08.2017 20:00:58: Successfully set airdrop!
13.08.2017 20:00:58: Successfully set airdrop!
13.08.2017 20:00:58: Successfully set airdrop!
13.08.2017 20:00:58: Successfully set airdrop!
13.08.2017 21:00:57: Полное лечение 76561198273083158
13.08.2017 21:00:57: Полное лечение 76561198219177764
13.08.2017 21:00:57: Полное лечение 76561198328489368
14.08.2017 5:00:00: Вызван массовый Airdrop (x10)
14.08.2017 5:00:00: Successfully set airdrop!
14.08.2017 5:00:00: Successfully set airdrop!
14.08.2017 5:00:00: Successfully set airdrop!
14.08.2017 5:00:01: Successfully set airdrop!
14.08.2017 5:00:01: Successfully set airdrop!
14.08.2017 5:00:01: Successfully set airdrop!
14.08.2017 5:00:01: Successfully set airdrop!
14.08.2017 5:00:01: Successfully set airdrop!
14.08.2017 5:00:01: Successfully set airdrop!
14.08.2017 5:00:01: Successfully set airdrop!
14.08.2017 6:00:02: Полное лечение 76561198297456229
14.08.2017 6:00:02: Полное лечение 76561198370069787
14.08.2017 9:00:08: Полное лечение 76561198297456229
14.08.2017 9:00:08: Полное лечение 76561198370069787
14.08.2017 10:00:13: Вызван массовый Airdrop (x10)
14.08.2017 10:00:13: Successfully set airdrop!
14.08.2017 10:00:13: Successfully set airdrop!
14.08.2017 10:00:13: Successfully set airdrop!
14.08.2017 10:00:14: Successfully set airdrop!
14.08.2017 10:00:14: Successfully set airdrop!
14.08.2017 10:00:14: Successfully set airdrop!
14.08.2017 10:00:14: Successfully set airdrop!
14.08.2017 10:00:14: Successfully set airdrop!
14.08.2017 10:00:14: Successfully set airdrop!
14.08.2017 10:00:14: Successfully set airdrop!
