19.06.2017 9:43:09: Отправлена команда: broadcast ш
19.06.2017 17:31:21: Вызван массовый Airdrop (x10)
19.06.2017 17:31:24: Полное лечение 76561198203921497
19.06.2017 17:31:24: Полное лечение 76561198317611584
19.06.2017 17:31:24: Полное лечение 76561198186140023
19.06.2017 17:31:24: Полное лечение 76561198254946433
19.06.2017 17:31:24: Полное лечение 76561198249891436
19.06.2017 17:31:24: Полное лечение 76561198392750097
19.06.2017 17:31:24: Полное лечение 76561198322027172
19.06.2017 17:31:24: Полное лечение 76561198296821721
19.06.2017 17:31:24: Полное лечение 76561198147477828
19.06.2017 17:31:24: Полное лечение 76561198388803679
19.06.2017 17:31:24: Полное лечение 76561198257298690
19.06.2017 17:31:24: Полное лечение 76561198262427209
19.06.2017 17:31:24: Полное лечение 76561198260367380
19.06.2017 17:31:24: Полное лечение 76561198272952180
19.06.2017 17:31:24: Полное лечение 76561198175574951
19.06.2017 17:31:24: Полное лечение 76561198208473765
19.06.2017 17:31:24: Полное лечение 76561198185803819
19.06.2017 17:31:24: Полное лечение 76561198105438066
19.06.2017 17:31:24: Полное лечение 76561198398076797
19.06.2017 17:31:24: Полное лечение 76561198355779274
19.06.2017 17:31:24: Полное лечение 76561198241361306
19.06.2017 17:31:31: Установлена/убрана пасмурная погода
19.06.2017 18:36:43: Отправлена команда: broatcast тест
19.06.2017 18:37:30: Отправлена команда: broadcast тест
