30.06.2017 17:28:11: DopiNg совершил суецид!
30.06.2017 17:28:58: PIG P.E.K.K.A был съеден зомби! 
30.06.2017 17:29:31: „ернота истЄк кровью!
30.06.2017 17:30:36: (o.W.n)spy died of holding his breath for too long!
30.06.2017 17:31:06: „ернота истЄк кровью!
30.06.2017 17:34:50: „ернота был съеден зомби! 
30.06.2017 17:37:26: danilkagreben007 был съеден зомби! 
30.06.2017 17:37:31: sasok228 был съеден зомби! 
30.06.2017 17:37:42: Mr_Potato был съеден зомби! 
30.06.2017 17:39:05: „ернота был съеден зомби! 
30.06.2017 17:39:33: egorikbur85 истЄк кровью!
30.06.2017 17:40:29: egorikbur85 совершил суецид!
30.06.2017 17:41:17: egorikbur85 был съеден зомби! 
30.06.2017 17:42:09: Richiz был съеден зомби! 
30.06.2017 17:42:30: Hikasi истЄк кровью!
30.06.2017 17:42:57: „ернота истЄк кровью!
30.06.2017 17:43:41: Hikasi был съеден зомби! 
30.06.2017 17:43:53: „ернота был съеден зомби! 
30.06.2017 17:44:10: egorikbur85 сгорел!
30.06.2017 17:44:18: Hikasi был съеден зомби! 
30.06.2017 17:44:27: sasok228 сгорел!
30.06.2017 17:46:19: egorikbur85 истЄк кровью!
30.06.2017 17:46:29: ћаксим илинов совершил суецид!
30.06.2017 17:46:39: sasok228 был съеден зомби! 
30.06.2017 17:46:47: GGWP истЄк кровью!
30.06.2017 17:47:27: fenix был съеден зомби! 
30.06.2017 17:47:37: „ернота истЄк кровью!
30.06.2017 17:47:44: sasok228 сгорел!
30.06.2017 17:47:59: Hikasi был съеден зомби! 
30.06.2017 17:48:09: egorikbur85 был съеден зомби! 
30.06.2017 17:48:18: Dima истЄк кровью!
30.06.2017 17:48:44: „ернота истЄк кровью!
30.06.2017 17:49:04: Bodya совершил суецид!
30.06.2017 17:49:50: egorikbur85 был съеден зомби! 
30.06.2017 17:49:55: sasok228 сгорел!
30.06.2017 17:50:00: Hikasi истЄк кровью!
30.06.2017 17:51:32: „ернота был убит плювальщиком!
30.06.2017 17:52:32: sasok228 был съеден зомби! 
30.06.2017 17:54:13: sasok228 был съеден зомби! 
30.06.2017 18:03:27: danilkagreben007 истЄк кровью!
30.06.2017 18:03:33: „ернота ударило током
30.06.2017 18:04:17: danilkagreben007 был съеден зомби! 
30.06.2017 18:05:10: danilkagreben007 был съеден зомби! 
30.06.2017 18:06:29: lukaszgodles был съеден зомби! 
30.06.2017 18:07:09: Sr.NieCzajnik истЄк кровью!
30.06.2017 18:12:49: Nobody истЄк кровью!
30.06.2017 18:13:05: DopiNg был убит плювальщиком!
30.06.2017 18:15:03: Nobody истЄк кровью!
30.06.2017 18:16:56: Nobody совершил суецид!
30.06.2017 18:21:59: dima_nam-2003 был съеден зомби! 
30.06.2017 18:22:02: linikita360 был съеден зомби! 
30.06.2017 18:22:34: dima_nam-2003 был съеден зомби! 
30.06.2017 18:24:15: dima_nam-2003 истЄк кровью!
30.06.2017 18:30:39: DopiNg был съеден зомби! 
30.06.2017 18:31:03: Nobody ударило током
30.06.2017 18:31:07: DopiNg был съеден зомби! 
30.06.2017 18:31:59: Nobody был съеден зомби! 
30.06.2017 18:41:06: mishanull был съеден зомби! 
30.06.2017 18:41:06: zaza321 был съеден зомби! 
30.06.2017 18:41:06: gulka.tupova был убит взрывной волной от машины!
30.06.2017 18:41:06: REHDI2 был убит взрывной волной от машины!
30.06.2017 18:41:41: zaza321 был съеден зомби! 
30.06.2017 18:42:44: mishanull был съеден зомби! 
30.06.2017 18:42:49: мен€ подставили был съеден зомби! 
30.06.2017 18:43:17: REHDI2 был съеден зомби! 
30.06.2017 18:43:52: мен€ подставили был съеден зомби! 
30.06.2017 18:45:19: mishanull был съеден зомби! 
30.06.2017 18:46:09: mishanull был съеден зомби! 
30.06.2017 18:46:12: мен€ подставили был съеден зомби! 
30.06.2017 18:47:03: mishanull истЄк кровью!
30.06.2017 18:47:13: Bodya совершил суецид!
30.06.2017 18:48:02: мен€ подставили был съеден зомби! 
30.06.2017 18:51:05: DopiNg совершил суецид!
30.06.2017 18:52:11: мен€ подставили был съеден зомби! 
30.06.2017 18:52:45: mishanull был съеден зомби! 
30.06.2017 18:55:43: Bodya был съеден зомби! 
30.06.2017 19:02:26: Bodya был съеден зомби! 
30.06.2017 19:02:52: ћакр был съеден зомби! 
30.06.2017 19:05:05: AiZeR был убит камушком!
30.06.2017 19:06:08: AiZeR был съеден зомби! 
30.06.2017 19:08:16: ћакр был съеден зомби! 
30.06.2017 19:09:52: Danil Obanin был съеден зомби! 
30.06.2017 19:32:01: ћакр был съеден зомби! 
30.06.2017 19:35:43: dragon[YT] был съеден зомби! 
30.06.2017 19:37:53: tyler был съеден зомби! 
30.06.2017 19:39:10: gulka.tupova утонул!
30.06.2017 19:42:59: tyler был съеден зомби! 
30.06.2017 19:43:44: Bshpirt истЄк кровью!
30.06.2017 19:46:42: Bshpirt был съеден зомби! 
30.06.2017 19:46:54: ћиша ударило током
30.06.2017 19:50:34: ћиша совершил суецид!
30.06.2017 19:57:05: OnlinePlayer1234 был съеден зомби! 
30.06.2017 19:57:29: vitalik.yurchenko.2005l был съеден зомби! 
30.06.2017 19:57:40: knyshov228 был съеден зомби! 
30.06.2017 19:59:49: knyshov228 был съеден зомби! 
30.06.2017 20:00:00: vitalik.yurchenko.2005l истЄк кровью!
30.06.2017 20:00:12: FOXSI был съеден зомби! 
30.06.2017 20:00:38: knyshov228 был съеден зомби! 
30.06.2017 20:01:46: knyshov228 сгорел!
30.06.2017 20:02:03: OnlinePlayer1234 был съеден зомби! 
30.06.2017 20:03:07: knyshov228 совершил суецид!
30.06.2017 20:04:30: ћиша ударило током
30.06.2017 20:11:08: vitalik.yurchenko.2005l был съеден зомби! 
30.06.2017 20:11:17: OnlinePlayer1234 был съеден зомби! 
30.06.2017 20:18:10: gulka.tupova утонул!
30.06.2017 20:21:05: ћиша был съеден зомби! 
30.06.2017 20:21:53: nedas был съеден зомби! 
30.06.2017 20:23:52: FOXSI истЄк кровью!
30.06.2017 20:24:05: ћиша был съеден зомби! 
30.06.2017 20:34:51: Newbie сгорел!
30.06.2017 20:48:28: фраер228 был съеден зомби! 
30.06.2017 20:48:53: фраер228 был съеден зомби! 
30.06.2017 20:50:58: фраер228 был съеден зомби! 
30.06.2017 21:06:11: korak был съеден зомби! 
30.06.2017 21:46:49: biven был съеден зомби! 
30.06.2017 22:11:17: ≈ноты_рул€т совершил суецид!
30.06.2017 22:27:49: FireTiger был убит взрывной волной от машины!
30.06.2017 22:29:12: biven был съеден зомби! 
30.06.2017 22:29:48: FireTiger истЄк кровью!
30.06.2017 22:30:39: ≈ноты_рул€т истЄк кровью!
30.06.2017 22:32:28: biven истЄк кровью!
30.06.2017 22:35:41: biven был съеден зомби! 
30.06.2017 22:40:06: biven был съеден зомби! 
30.06.2017 22:41:07: biven был съеден зомби! 
30.06.2017 22:42:57: FireTiger сгорел!
30.06.2017 22:47:10: ≈ноты_рул€т был убит взрывной волной от машины!
30.06.2017 22:47:10: FireTiger был убит взрывной волной от машины!
30.06.2017 22:48:10: FireTiger истЄк кровью!
30.06.2017 22:52:13: biven был съеден зомби! 
30.06.2017 22:52:41: ≈ноты_рул€т был съеден зомби! 
30.06.2017 22:53:02: FireTiger истЄк кровью!
30.06.2017 22:53:16: ≈ноты_рул€т был съеден зомби! 
30.06.2017 22:54:07: FireTiger истЄк кровью!
30.06.2017 23:04:14: Cyberziutek истЄк кровью!
30.06.2017 23:06:58: ≈ноты_рул€т истЄк кровью!
30.06.2017 23:19:56: Cyberziutek ударило током
01.07.2017 10:04:47:  ¬ жопу был съеден зомби! 
01.07.2017 10:31:59: 7_AleX_3 был съеден зомби! 
01.07.2017 10:33:21: 7_AleX_3 был съеден зомби! 
01.07.2017 10:49:10: Zlo был съеден зомби! 
01.07.2017 11:44:30: linikita360 был съеден зомби! 
01.07.2017 11:46:59: linikita360 истЄк кровью!
01.07.2017 11:47:10: dima_nam-2003 истЄк кровью!
01.07.2017 12:15:24: ѕипр истЄк кровью!
01.07.2017 12:16:54: jan.slama12 был съеден зомби! 
01.07.2017 12:19:47: jan.slama12 был съеден зомби! 
01.07.2017 12:21:02: []Max[] был съеден зомби! 
01.07.2017 12:21:41: jan.slama12 был съеден зомби! 
01.07.2017 12:26:42: []Max[] был съеден зомби! 
01.07.2017 12:26:53: kachna.03 был съеден зомби! 
01.07.2017 12:27:00: Shinobi был съеден зомби! 
01.07.2017 12:27:38: []Max[], убит в голову, Shinobi, HP: 100%, использу€ Military Knife !
01.07.2017 12:34:33: kachna.03 истЄк кровью!
01.07.2017 12:35:25: jan.slama12 был съеден зомби! 
01.07.2017 12:38:59: Mocny, HP: 38%, убит, Kappa, использу€ Vonya !
01.07.2017 12:39:00: Mocny был убит плювальщиком!
01.07.2017 12:40:40: Kappa убит в голову, Mocny, HP: 16%!
01.07.2017 12:42:34: Shinobi был съеден зомби! 
01.07.2017 12:44:06: Shinobi был убит плювальщиком!
01.07.2017 12:45:16: Shinobi был убит плювальщиком!
01.07.2017 12:46:15: Shinobi был съеден зомби! 
01.07.2017 13:13:31: kachna.03 утонул!
01.07.2017 13:13:41: jan.slama12 истЄк кровью!
01.07.2017 13:15:00: jan.slama12 был съеден зомби! 
01.07.2017 13:18:41: kachna.03 был съеден зомби! 
01.07.2017 13:25:09: jan.slama12 истЄк кровью!
01.07.2017 13:25:10: kachna.03 был съеден зомби! 
01.07.2017 13:30:18: mandhickory утонул!
01.07.2017 13:37:20: mandhickory, убит в голову, kachna.03, HP: 81%, использу€ Military Knife !
01.07.2017 13:42:20: mandhickory, убит в голову, kachna.03, HP: 81%, использу€ Military Knife !
01.07.2017 13:47:37: kachna.03, HP: 37%, убит, mandhickory, использу€ Empire !
01.07.2017 13:48:38: kachna.03 истЄк кровью!
01.07.2017 13:50:00: jan.slama12 истЄк кровью!
01.07.2017 14:16:40: Harli111 был съеден зомби! 
01.07.2017 14:20:04: Harli111 был съеден зомби! 
01.07.2017 14:32:16: Vanyk был съеден зомби! 
01.07.2017 14:41:41: O:FlyShot;P совершил суецид!
01.07.2017 14:51:58: Vanyk был съеден зомби! 
01.07.2017 14:55:38: O:FlyShot;P был съеден зомби! 
01.07.2017 15:00:36: dead player истЄк кровью!
01.07.2017 15:04:14: dead player был съеден зомби! 
01.07.2017 15:05:57: WTF13 был убит плювальщиком!
01.07.2017 15:06:03: zkalfeid был убит плювальщиком!
01.07.2017 15:15:21: O:FlyShot;P, HP: 100%, убит, Vanyk, использу€ Ace !
01.07.2017 15:23:01: Vanyk истЄк кровью!
01.07.2017 15:31:17: razor был съеден зомби! 
01.07.2017 15:31:49: mandhickory совершил суецид!
01.07.2017 15:33:40: Vanyk истЄк кровью!
01.07.2017 15:34:03: razor был съеден зомби! 
01.07.2017 15:34:27: razor совершил суецид!
01.07.2017 15:34:37: Vanyk, убит в голову, razor, HP: 100%, использу€ Flashlight !
01.07.2017 15:37:26: razor совершил суецид!
01.07.2017 15:38:00: O_o Onlian o_O был съеден зомби! 
01.07.2017 15:39:11: Vanyk истЄк кровью!
01.07.2017 15:44:21: ErenYrlmz, убит в голову, JusohTR, HP: 72%, использу€ Crowbar !
01.07.2017 15:46:22: Vanyk был съеден зомби! 
01.07.2017 15:47:01: ErenYrlmz был съеден зомби! 
01.07.2017 15:47:10: JusohTR был съеден зомби! 
01.07.2017 15:47:55: Vanyk был съеден зомби! 
01.07.2017 15:53:15: O_o Onlian o_O был съеден зомби! 
01.07.2017 16:00:26: Pozitiv был съеден зомби! 
01.07.2017 16:08:35: Vanyk был убит плювальщиком!
01.07.2017 16:11:26: []Max[] отравилс€!
01.07.2017 16:16:55: pablo был съеден зомби! 
01.07.2017 16:23:33: mandhickory утонул!
01.07.2017 16:23:34: GGrome истЄк кровью!
01.07.2017 16:24:27: pablo истЄк кровью!
01.07.2017 16:27:13: pablo истЄк кровью!
01.07.2017 16:35:26: GGrome был съеден зомби! 
01.07.2017 16:36:03: Pozitiv совершил суецид!
01.07.2017 16:37:21: pablo истЄк кровью!
01.07.2017 16:41:55: gulka.tupova был съеден зомби! 
01.07.2017 16:42:44: GGrome совершил суецид!
01.07.2017 16:43:17: Kekos был съеден зомби! 
01.07.2017 16:44:48: gulka.tupova был съеден зомби! 
01.07.2017 16:44:55: Kekos истЄк кровью!
01.07.2017 16:46:17: Pozitiv, убит в голову, GGrome, HP: 100%, использу€ Sabertooth !
01.07.2017 16:46:25: gulka.tupova был съеден зомби! 
01.07.2017 16:46:50: ћиша совершил суецид!
01.07.2017 16:48:13: gulka.tupova был съеден зомби! 
01.07.2017 16:49:05: GGrome, HP: 10%, убит, gulka.tupova, использу€ Sabertooth !
01.07.2017 16:51:20: limonmaksimki, убит в голову, GGrome, HP: 40%, использу€ Sabertooth !
01.07.2017 16:51:45: GGrome, HP: 40%, убит, limonmaksimki, использу€ Sabertooth !
01.07.2017 16:52:35: ћиша совершил суецид!
01.07.2017 16:56:32: limonmaksimki, убит в голову, GGrome, HP: 40%, использу€ Sabertooth !
01.07.2017 16:59:54: pablo устал до смерти!
01.07.2017 17:02:54: limonmaksimki истЄк кровью!
01.07.2017 17:02:56: pablo истЄк кровью!
01.07.2017 17:04:00: GGrome был съеден зомби! 
01.07.2017 17:04:30: FOXSI был съеден зомби! 
01.07.2017 17:06:02: GGrome был съеден зомби! 
01.07.2017 17:06:13: FOXSI, убит в голову, GGrome, HP: 100%, использу€ Military Knife !
01.07.2017 17:07:13: pablo был съеден зомби! 
01.07.2017 17:07:38: GGrome был съеден зомби! 
01.07.2017 17:25:01: Bshpirt сгорел!
01.07.2017 17:25:37: Bshpirt совершил суецид!
01.07.2017 17:26:12: Bshpirt был съеден зомби! 
01.07.2017 17:28:18: Bshpirt совершил суецид!
01.07.2017 17:30:00:  GTR2088 был съеден зомби! 
01.07.2017 17:30:54: Bshpirt совершил суецид!
01.07.2017 17:34:41: Bshpirt совершил суецид!
01.07.2017 17:40:14: торвей был съеден зомби! 
01.07.2017 17:41:14:  GTR2088 был съеден зомби! 
01.07.2017 17:41:59: торвей истЄк кровью!
01.07.2017 17:42:43:  GTR2088 совершил суецид!
01.07.2017 17:43:03:  GTR2088 совершил суецид!
01.07.2017 17:43:06: C.R.Y.S.I.S---(SK) был съеден зомби! 
01.07.2017 17:43:10:  GTR2088 совершил суецид!
01.07.2017 17:43:43: торвей был съеден зомби! 
01.07.2017 17:43:52: CRYSIS, HP: 54%, убит, Bshpirt, использу€ Zubeknakov !
01.07.2017 17:44:32:  GTR2088 был съеден зомби! 
01.07.2017 17:49:07: limonmaksimki истЄк кровью!
01.07.2017 17:49:22: Mle_1, убит в голову, limonmaksimki, HP: 100%, использу€ Military Knife !
01.07.2017 17:49:32:  GTR2088 был съеден зомби! 
01.07.2017 17:49:35: торвей был съеден зомби! 
01.07.2017 17:49:56:  GTR2088, убит в голову, торвей, HP: 66%, использу€ Crowbar !
01.07.2017 17:51:21: Bshpirt истЄк кровью!
01.07.2017 17:53:13: limonmaksimki истЄк кровью!
01.07.2017 17:54:57: ћиша совершил суецид!
01.07.2017 17:56:36: торвей был съеден зомби! 
01.07.2017 17:58:18: limonmaksimki был съеден зомби! 
01.07.2017 18:06:45: limonmaksimki был съеден зомби! 
01.07.2017 18:07:26: limonmaksimki истЄк кровью!
01.07.2017 18:08:06: limonmaksimki был съеден зомби! 
01.07.2017 18:12:09: limonmaksimki был съеден зомби! 
01.07.2017 18:12:22:  GTR2088 был съеден зомби! 
01.07.2017 18:13:10:  GTR2088 совершил суецид!
01.07.2017 18:13:18:  GTR2088 совершил суецид!
01.07.2017 18:13:25:  GTR2088 совершил суецид!
01.07.2017 18:13:38:  GTR2088 совершил суецид!
01.07.2017 18:13:51:  GTR2088 совершил суецид!
01.07.2017 18:13:58:  GTR2088 совершил суецид!
01.07.2017 18:14:33:  GTR2088 совершил суецид!
01.07.2017 18:14:39:  GTR2088 совершил суецид!
01.07.2017 18:15:09:  GTR2088 был съеден зомби! 
01.07.2017 18:15:27:  GTR2088 совершил суецид!
01.07.2017 18:16:03:  GTR2088 был съеден зомби! 
01.07.2017 18:16:53:  GTR2088 был съеден зомби! 
01.07.2017 18:18:36: limonmaksimki died of holding his breath for too long!
01.07.2017 18:41:15: biven был съеден зомби! 
01.07.2017 18:44:48: Stanat истЄк кровью!
01.07.2017 18:57:18: Stanat истЄк кровью!
01.07.2017 19:09:53: SashaShow совершил суецид!
01.07.2017 19:27:14: Leonkeanu1 был съеден зомби! 
01.07.2017 19:27:45: Leonkeanu1 был убит плювальщиком!
01.07.2017 19:32:48: Leonkeanu1 был съеден зомби! 
01.07.2017 19:33:15: smail был съеден зомби! 
01.07.2017 19:35:25: ShavaMaker истЄк кровью!
01.07.2017 19:35:38: Pigeon истЄк кровью!
01.07.2017 19:39:26: smail истЄк кровью!
01.07.2017 19:39:43: O:FlyShot;P был съеден зомби! 
01.07.2017 19:40:24: O:FlyShot;P совершил суецид!
01.07.2017 19:41:56: O:FlyShot;P истЄк кровью!
01.07.2017 19:42:07: O:FlyShot;P совершил суецид!
01.07.2017 19:42:13: O:FlyShot;P совершил суецид!
01.07.2017 19:42:18: O:FlyShot;P совершил суецид!
01.07.2017 19:42:22: O:FlyShot;P совершил суецид!
01.07.2017 19:42:28: O:FlyShot;P совершил суецид!
01.07.2017 19:42:34: O:FlyShot;P совершил суецид!
01.07.2017 19:42:48: O:FlyShot;P совершил суецид!
01.07.2017 19:43:03: O:FlyShot;P совершил суецид!
01.07.2017 19:43:45: dqwwasdas1 был съеден зомби! 
01.07.2017 19:44:20: dqwwasdas1 был съеден зомби! 
01.07.2017 19:44:41: smail был съеден зомби! 
01.07.2017 19:45:19: dqwwasdas1 был съеден зомби! 
01.07.2017 19:46:35: smail был убит плювальщиком!
01.07.2017 19:46:43: dqwwasdas1 был убит плювальщиком!
01.07.2017 19:48:13: smail был съеден зомби! 
01.07.2017 19:51:18: O:FlyShot;P, HP: 81%, убит, kac.kow86, использу€ Heartbreaker !
01.07.2017 19:57:39: pokoksv4 был съеден зомби! 
01.07.2017 19:57:41: kac.kow86 был съеден зомби! 
01.07.2017 19:58:12: ShavaMaker был съеден зомби! 
01.07.2017 20:02:43: kac.kow86 был съеден зомби! 
01.07.2017 20:02:49: pokoksv4 был съеден зомби! 
01.07.2017 20:03:27: kachna.03 истЄк кровью!
01.07.2017 20:04:19: jan.slama12 был съеден зомби! 
01.07.2017 20:04:47: jan.slama12 убит в голову, pokoksv4, HP: 22%!
01.07.2017 20:05:17: Pigeon совершил суецид!
01.07.2017 20:05:42: kachna.03 был съеден зомби! 
01.07.2017 20:05:44: leonplay231 был съеден зомби! 
01.07.2017 20:05:58: pokoksv4 был съеден зомби! 
01.07.2017 20:06:05: kachna.03, HP: 24%, был отравлен, leonplay231, и умер! использу€ Military Knife
01.07.2017 20:06:11: kac.kow86 был съеден зомби! 
01.07.2017 20:06:38: pokoksv4 был съеден зомби! 
01.07.2017 20:07:18: leonplay231 был съеден зомби! 
01.07.2017 20:08:24: jeff был съеден зомби! 
01.07.2017 20:09:20: jan.slama12 сгорел!
01.07.2017 20:09:42: jeff был съеден зомби! 
01.07.2017 20:10:36: kac.kow86 был съеден зомби! 
01.07.2017 20:10:38: pokoksv4 был съеден зомби! 
01.07.2017 20:11:06: jeff был съеден зомби! 
01.07.2017 20:12:03: kachna.03, убит в голову, kac.kow86, HP: 88%, использу€ Military Knife !
01.07.2017 20:12:11: jeff был убит плювальщиком!
01.07.2017 20:12:14: officier FaZe jhon истЄк кровью!
01.07.2017 20:14:12: pokoksv4 был съеден зомби! 
01.07.2017 20:14:18: kac.kow86 был съеден зомби! 
01.07.2017 20:19:37: kac.kow86 был съеден зомби! 
01.07.2017 20:19:41: pokoksv4 был съеден зомби! 
01.07.2017 20:20:33: pirtod совершил суецид!
01.07.2017 20:21:07: pirtod совершил суецид!
01.07.2017 20:24:53: pokoksv4 был съеден зомби! 
01.07.2017 20:26:41: pokoksv4 истЄк кровью!
01.07.2017 20:26:57: kac.kow86 был съеден зомби! 
01.07.2017 20:30:38: pokoksv4 был съеден зомби! 
01.07.2017 20:30:47: kac.kow86 был съеден зомби! 
01.07.2017 20:31:14: ShavaMaker совершил суецид!
01.07.2017 20:34:04: pokoksv4 был съеден зомби! 
01.07.2017 20:34:07: kac.kow86 был убит плювальщиком!
01.07.2017 20:34:30: ћиша совершил суецид!
01.07.2017 20:35:06: kac.kow86, убит в голову, ShavaMaker, HP: 34%, использу€ Empire !
01.07.2017 20:35:20: pokoksv4, убит в голову, Pigeon, HP: 76%, использу€ Calling Card !
01.07.2017 20:36:10: BOY был съеден зомби! 
01.07.2017 20:36:41: Pigeon был съеден зомби! 
01.07.2017 20:37:44: pokoksv4 был съеден зомби! 
01.07.2017 20:38:11: kac.kow86 истЄк кровью!
01.07.2017 20:39:56: BOY, убит в голову, Pigeon, HP: 100%, использу€ Calling Card !
01.07.2017 20:40:24: BOY был съеден зомби! 
01.07.2017 20:43:00: ShavaMaker был съеден зомби! 
01.07.2017 20:45:02: ShavaMaker был съеден зомби! 
01.07.2017 20:46:32: FOXSI был съеден зомби! 
01.07.2017 20:47:22: ShavaMaker был съеден зомби! 
01.07.2017 20:47:45: ShavaMaker совершил суецид!
01.07.2017 20:49:36: ShavaMaker истЄк кровью!
01.07.2017 21:57:52: demon34 был съеден зомби! 
01.07.2017 22:06:20: demon34 был съеден зомби! 
01.07.2017 22:19:44: Vlad Golovan был съеден зомби! 
01.07.2017 22:26:49: Stepan разбилс€ насмерть!
01.07.2017 22:51:44: CRYSIS истЄк кровью!
01.07.2017 22:54:21: Vlad Golovan истЄк кровью!
01.07.2017 22:55:07: Vlad Golovan совершил суецид!
01.07.2017 22:55:28: Vlad Golovan совершил суецид!
01.07.2017 22:57:08: Vlad Golovan был съеден зомби! 
01.07.2017 23:08:40: Vlad Golovan был съеден зомби! 
01.07.2017 23:13:05: Bambi был съеден зомби! 
01.07.2017 23:13:20: Bambi совершил суецид!
01.07.2017 23:35:49: limonmaksimki истЄк кровью!
01.07.2017 23:35:57: limonmaksimki совершил суецид!
01.07.2017 23:36:02: limonmaksimki совершил суецид!
01.07.2017 23:36:07: limonmaksimki совершил суецид!
01.07.2017 23:36:13: limonmaksimki совершил суецид!
01.07.2017 23:36:19: limonmaksimki совершил суецид!
01.07.2017 23:36:27: limonmaksimki совершил суецид!
01.07.2017 23:36:33: limonmaksimki совершил суецид!
02.07.2017 1:21:55: Osman Bey был убит плювальщиком!
02.07.2017 1:24:52: Osman Bey был съеден зомби! 
02.07.2017 2:13:29: FrancusQuark был съеден зомби! 
02.07.2017 8:54:03: williambarnes7 совершил суецид!
02.07.2017 8:54:09: williambarnes7 совершил суецид!
02.07.2017 8:55:38: williambarnes7 истЄк кровью!
02.07.2017 9:00:41: williambarnes7 был съеден зомби! 
02.07.2017 9:01:07: williambarnes7 совершил суецид!
02.07.2017 9:01:15: williambarnes7 совершил суецид!
02.07.2017 9:01:21: williambarnes7 совершил суецид!
02.07.2017 9:04:07: williambarnes7 истЄк кровью!
02.07.2017 9:06:03: williambarnes7 был съеден зомби! 
02.07.2017 9:06:10: williambarnes7 совершил суецид!
02.07.2017 9:06:19: williambarnes7 совершил суецид!
02.07.2017 9:08:27: williambarnes7 был убит плювальщиком!
02.07.2017 9:09:48: williambarnes7 совершил суецид!
02.07.2017 9:49:41: limonmaksimki был съеден зомби! 
02.07.2017 10:29:24: nastiona34rus был съеден зомби! 
02.07.2017 10:32:47: nastiona34rus был съеден зомби! 
02.07.2017 10:40:16: nastiona34rus был убит плювальщиком!
02.07.2017 11:32:56: ѕипр был съеден зомби! 
02.07.2017 11:34:13: ѕипр был съеден зомби! 
02.07.2017 11:40:18: arminpoiss87 был съеден зомби! 
02.07.2017 11:41:22: sz_72 был убит плювальщиком!
02.07.2017 11:49:31: limonmaksimki истЄк кровью!
02.07.2017 11:49:55: sz_72 истЄк кровью!
02.07.2017 11:50:36: O:FlyShot;P, HP: 81%, убит, limonmaksimki, использу€ Heartbreaker !
02.07.2017 12:36:47: Stanat был съеден зомби! 
02.07.2017 12:38:01: Stanat был убит плювальщиком!
02.07.2017 12:39:30: Stanat был съеден зомби! 
02.07.2017 13:31:34: Bshpirt истЄк кровью!
02.07.2017 13:40:37: mandhickory утонул!
02.07.2017 13:43:45: Korn был съеден зомби! 
02.07.2017 14:12:15: Pigeon совершил суецид!
02.07.2017 14:12:47: limonmaksimki разбилс€ насмерть!
02.07.2017 14:14:18: limonmaksimki был съеден зомби! 
02.07.2017 14:16:44: limonmaksimki истЄк кровью!
02.07.2017 14:16:53: limonmaksimki совершил суецид!
02.07.2017 14:17:06: mandhickory совершил суецид!
02.07.2017 14:17:45: DopiNg истЄк кровью!
02.07.2017 14:17:53: mandhickory совершил суецид!
02.07.2017 14:24:17: DopiNg был съеден зомби! 
02.07.2017 14:24:43: DopiNg был съеден зомби! 
02.07.2017 14:29:19: piter1337 был съеден зомби! 
02.07.2017 14:29:25: limonmaksimki был съеден зомби! 
02.07.2017 14:32:36: piter1337 истЄк кровью!
02.07.2017 14:38:35: stathisgiannakopulos совершил суецид!
02.07.2017 14:39:03: limonmaksimki был съеден зомби! 
02.07.2017 14:39:45: DopiNg был съеден зомби! 
02.07.2017 14:40:13: Pigeon был убит плювальщиком!
02.07.2017 14:41:34: Pigeon был убит плювальщиком!
02.07.2017 14:42:42: trufanat666 истЄк кровью!
02.07.2017 14:45:30: limonmaksimki был съеден зомби! 
02.07.2017 14:53:32: XxLemmeSmashxX420 был съеден зомби! 
02.07.2017 14:54:55: trufanat666 был съеден зомби! 
02.07.2017 14:56:34: DopiNg был убит плювальщиком!
02.07.2017 15:05:22: Pigeon был съеден зомби! 
02.07.2017 15:05:25: DopiNg был съеден зомби! 
02.07.2017 15:09:36: David_Skip был съеден зомби! 
02.07.2017 15:25:20: David_Skip сгорел!
02.07.2017 15:29:25: David_Skip был убит плювальщиком!
02.07.2017 15:34:44: David_Skip был съеден зомби! 
02.07.2017 15:41:04: David_Skip был съеден зомби! 
02.07.2017 15:55:44: Danil_Boss совершил суецид!
02.07.2017 16:13:37: Danil_Boss был съеден зомби! 
02.07.2017 16:15:26: Danil_Boss был съеден зомби! 
02.07.2017 16:18:06: Danil_Boss был съеден зомби! 
02.07.2017 16:18:29: dimasvv был съеден зомби! 
02.07.2017 16:22:32: Danil_Boss был съеден зомби! 
02.07.2017 16:23:40: Danil_Boss совершил суецид!
02.07.2017 16:24:43: Danil_Boss был съеден зомби! 
02.07.2017 16:25:33: Danil_Boss был съеден зомби! 
02.07.2017 16:27:49: Danil_Boss был съеден зомби! 
02.07.2017 16:29:10: Danil_Boss истЄк кровью!
02.07.2017 16:34:12: Danil_Boss совершил суецид!
02.07.2017 16:41:16: Hadamat был съеден зомби! 
02.07.2017 16:42:00: Danil_Boss истЄк кровью!
02.07.2017 16:42:02: Sans_super истЄк кровью!
02.07.2017 16:43:18: Danil_Boss совершил суецид!
02.07.2017 16:45:26: Danil_Boss был съеден зомби! 
02.07.2017 16:45:43: Danil_Boss совершил суецид!
02.07.2017 16:45:52: Danil_Boss совершил суецид!
02.07.2017 16:46:14: Hadamat был съеден зомби! 
02.07.2017 16:46:50: msnoob1228 совершил суецид!
02.07.2017 16:48:40: Sans_super был съеден зомби! 
02.07.2017 16:50:40: Danil_Boss совершил суецид!
02.07.2017 16:51:16: Hadamat был съеден зомби! 
02.07.2017 16:51:55: Danil_Boss был съеден зомби! 
02.07.2017 16:52:19: Danil_Boss был съеден зомби! 
02.07.2017 16:52:42: Sans_super совершил суецид!
02.07.2017 16:53:33: msnoob1228 был съеден зомби! 
02.07.2017 16:53:48: Danil_Boss был съеден зомби! 
02.07.2017 16:54:05: Sans_super истЄк кровью!
02.07.2017 16:56:24: Sans_super был съеден зомби! 
02.07.2017 16:57:01: Sans_super был съеден зомби! 
02.07.2017 16:57:48: msnoob1228 был съеден зомби! 
02.07.2017 16:58:41: Hadamat истЄк кровью!
02.07.2017 16:59:43: Sans_super истЄк кровью!
02.07.2017 16:59:45: msnoob1228 истЄк кровью!
02.07.2017 17:02:38: trufanat666 истЄк кровью!
