Не обработано: RocketRcon v2.4.8.0
RocketRcon v2.4.8.0

END with Players:
TimerTerminateCommand.Enabled with Bans:
Client has executed command "players"
Players:
PlayerID: 76561198157563744 Name: Jason Voorhees Character: Jason Voorhees Ping: 54
PlayerID: 76561198119414469 Name: Postman Pat Character: Postman Pat Ping: 70
PlayerID: 76561198391626023 Name: roman.sagitov.2017 Character: Roma Sagitow Ping: 46
PlayerID: 76561198295801599 Name: Lo[x] Character: Lo[x] Ping: 46
PlayerID: 76561198176817369 Name: ?. Character: GlodiS Ping: 70
PlayerID: 76561198263636845 Name: matic Character: matic Ping: 93
PlayerID: 76561198292543416 Name: Mr_GiladKing Character: GamerYT Ping: 70
PlayerID: 76561198371125723 Name: MrSan4oS Character: shakhnazarov2011 Ping: 101
PlayerID: 76561198280617288 Name: Незнаю какой придумать Character: Пипр Ping: 46
PlayerID: 76561198330586818 Name: pasha2005.lobachevt Character: malashelter Ping: 31
PlayerID: 76561198123982483 Name: Mr. Noizy Character: mslvn Ping: 39
PlayerID: 76561198354476455 Name: Unturned Character: данил лари Ping: 54
PlayerID: 76561198327628144 Name: Planeset 25 Character: Planeset 25 Ping: 23
Client has executed command "bans"
Bans:
PlayerID: 123123
JudgeID: 0
Reason: unspecified Duration: 31536000 Remaining: 31368686
PlayerID: 123
JudgeID: 0
Reason: durila Duration: 4000 Remaining: 4294804480
PlayerID: 76561198274427357
JudgeID: 0
Reason: you were vote kicked Duration: 180 Remaining: 4294832853

END with Bans:
[World] данил лари [Unturned]: "тп"

