Не обработано: RocketRcon v2.4.8.0
RocketRcon v2.4.8.0

Client has executed command "players"

TimerTerminateCommand.Enabled with Players:
Players:
PlayerID: 76561198152563082 Name: Drakon Character: [MODER]Stanat Ping: 42
PlayerID: 76561198367661777 Name: Andrei888 Character: zmushko2002 Ping: 105
PlayerID: 76561198393829004 Name: rubisbogdan Character: BodyaBich Ping: 164
PlayerID: 76561198322934559 Name: @& утка про  &@ Character: yesjop Ping: 70
PlayerID: 76561198328119181 Name: Fex Character: Fex Ping: 58
PlayerID: 76561198347057860 Name: PhantoM Character: ResonZ Ping: 58
PlayerID: 76561198147477828 Name: galbatsovmikail Character: galbatsovmikail Ping: 46
PlayerID: 76561198350260924 Name: Спартанец Character: дима Ping: 160
PlayerID: 76561198345092267 Name: demid3450 Character: [гл террористов] демид журавлёв Ping: 144
PlayerID: 76561198262878051 Name: Kolder Character: Kolder Ping: 54
PlayerID: 76561198323972058 Name: GALAXY`S PINGUIN Character: зомби Ping: 66
PlayerID: 76561198137518896 Name: fitman Character: fitman Ping: 27
PlayerID: 76561198369248070 Name: Ali Character: Ali Ping: 128
PlayerID: 76561198395164086 Name: vikafilha Character: vikafilha Ping: 152
PlayerID: 76561198368128006 Name: Aibek Character: 3o/loToN_Akym Ping: 101

END with Players:
Client has executed command "bans"

TimerTerminateCommand.Enabled with Bans:
Bans:
PlayerID: 76561198274427357
JudgeID: 0
Reason: you were vote kicked Duration: 180 Remaining: 4294411332

END with Bans:
[World] zmushko2002 [Andrei888]: "колдер мешает играть"

Не обработано: Vote failed!
Vote failed!

Client has executed command "players"

TimerTerminateCommand.Enabled with Players:
Players:
PlayerID: 76561198152563082 Name: Drakon Character: [MODER]Stanat Ping: 42
PlayerID: 76561198367661777 Name: Andrei888 Character: zmushko2002 Ping: 105
PlayerID: 76561198393829004 Name: rubisbogdan Character: BodyaBich Ping: 167
PlayerID: 76561198322934559 Name: @& утка про  &@ Character: yesjop Ping: 78
PlayerID: 76561198328119181 Name: Fex Character: Fex Ping: 46
PlayerID: 76561198347057860 Name: PhantoM Character: ResonZ Ping: 66
PlayerID: 76561198147477828 Name: galbatsovmikail Character: galbatsovmikail Ping: 46
PlayerID: 76561198350260924 Name: Спартанец Character: дима Ping: 148
PlayerID: 76561198345092267 Name: demid3450 Character: [гл террористов] демид журавлёв Ping: 117
PlayerID: 76561198262878051 Name: Kolder Character: Kolder Ping: 58
PlayerID: 76561198323972058 Name: GALAXY`S PINGUIN Character: зомби Ping: 66
PlayerID: 76561198137518896 Name: fitman Character: fitman Ping: 31
PlayerID: 76561198369248070 Name: Ali Character: Ali Ping: 125
PlayerID: 76561198395164086 Name: vikafilha Character: vikafilha Ping: 148
PlayerID: 76561198368128006 Name: Aibek Character: 3o/loToN_Akym Ping: 93

TimerTerminateCommand.Enabled with Players:
Client has executed command "say "Chem?""

END with Players:
Client has executed command "bans"

TimerTerminateCommand.Enabled with Bans:
Bans:
PlayerID: 76561198274427357
JudgeID: 0
Reason: you were vote kicked Duration: 180 Remaining: 4294411311

END with Bans:
[World] [MODER]Stanat [Drakon]: "в суботу"

[World] [MODER]Stanat [Drakon]: "тож"
[World] [MODER]Stanat [Drakon]: "нельзя"

[World] zmushko2002 [Andrei888]: "колдер может ты и админ"

[World] [MODER]Stanat [Drakon]: "рейдить"

Client has executed command "players"

TimerTerminateCommand.Enabled with Players:
Players:
PlayerID: 76561198152563082 Name: Drakon Character: [MODER]Stanat Ping: 50
PlayerID: 76561198367661777 Name: Andrei888 Character: zmushko2002 Ping: 101
PlayerID: 76561198393829004 Name: rubisbogdan Character: BodyaBich Ping: 125
PlayerID: 76561198322934559 Name: @& утка про  &@ Character: yesjop Ping: 78
PlayerID: 76561198328119181 Name: Fex Character: Fex Ping: 42
PlayerID: 76561198347057860 Name: PhantoM Character: ResonZ Ping: 62
PlayerID: 76561198147477828 Name: galbatsovmikail Character: galbatsovmikail Ping: 50
PlayerID: 76561198350260924 Name: Спартанец Character: дима Ping: 164
PlayerID: 76561198345092267 Name: demid3450 Character: [гл террористов] демид журавлёв Ping: 140
PlayerID: 76561198262878051 Name: Kolder Character: Kolder Ping: 42
PlayerID: 76561198323972058 Name: GALAXY`S PINGUIN Character: зомби Ping: 54
PlayerID: 76561198137518896 Name: fitman Character: fitman Ping: 31
PlayerID: 76561198369248070 Name: Ali Character: Ali Ping: 121
PlayerID: 76561198395164086 Name: vikafilha Character: vikafilha Ping: 136
PlayerID: 76561198368128006 Name: Aibek Character: 3o/loToN_Akym Ping: 97

TimerTerminateCommand.Enabled with Players:
Client has executed command "say "Ne schitaetsya""

END with Players:
Client has executed command "bans"

TimerTerminateCommand.Enabled with Bans:
Bans:
PlayerID: 76561198274427357
JudgeID: 0
Reason: you were vote kicked Duration: 180 Remaining: 4294411289

END with Bans:
[World] zmushko2002 [Andrei888]: "у тебя 1 педупреждение"

Client has executed command "say "Net ne admin""

[World] Ali [Ali]: "НО ТУТ РЕЙДЯТ НАС!"

[World] vikafilha [vikafilha]: "/home"

Не обработано: vikafilha moved x:603.2104 y:65.92196(+22.38353) z:584.0616 in the last second (0.09999847)
vikafilha moved x:603.2104 y:65.92196(+22.38353) z:584.0616 in the last second (0.09999847)

[World] [MODER]Stanat [Drakon]: "тут всех"

Client has executed command "players"

TimerTerminateCommand.Enabled with Players:
Players:
PlayerID: 76561198152563082 Name: Drakon Character: [MODER]Stanat Ping: 39
PlayerID: 76561198367661777 Name: Andrei888 Character: zmushko2002 Ping: 109
PlayerID: 76561198393829004 Name: rubisbogdan Character: BodyaBich Ping: 128
PlayerID: 76561198322934559 Name: @& утка про  &@ Character: yesjop Ping: 78
PlayerID: 76561198328119181 Name: Fex Character: Fex Ping: 50
PlayerID: 76561198347057860 Name: PhantoM Character: ResonZ Ping: 62
PlayerID: 76561198147477828 Name: galbatsovmikail Character: galbatsovmikail Ping: 46
PlayerID: 76561198350260924 Name: Спартанец Character: дима Ping: 160
PlayerID: 76561198345092267 Name: demid3450 Character: [гл террористов] демид журавлёв Ping: 128
PlayerID: 76561198262878051 Name: Kolder Character: Kolder Ping: 50
PlayerID: 76561198323972058 Name: GALAXY`S PINGUIN Character: зомби Ping: 54
PlayerID: 76561198137518896 Name: fitman Character: fitman Ping: 27
PlayerID: 76561198369248070 Name: Ali Character: Ali Ping: 125
PlayerID: 76561198395164086 Name: vikafilha Character: vikafilha Ping: 136
PlayerID: 76561198368128006 Name: Aibek Character: 3o/loToN_Akym Ping: 97

TimerTerminateCommand.Enabled with Players:
[World] zmushko2002 [Andrei888]: "а кто ты"

TimerTerminateCommand.Enabled with Players:
[World] [MODER]Stanat [Drakon]: "рейдят"

END with Players:
Client has executed command "bans"

TimerTerminateCommand.Enabled with Bans:
Bans:
PlayerID: 76561198274427357
JudgeID: 0
Reason: you were vote kicked Duration: 180 Remaining: 4294411264

END with Bans:
Client has executed command "say "Kolder ne admin""

Client has executed command "players"

TimerTerminateCommand.Enabled with Players:
Players:
PlayerID: 76561198152563082 Name: Drakon Character: [MODER]Stanat Ping: 39
PlayerID: 76561198367661777 Name: Andrei888 Character: zmushko2002 Ping: 121
PlayerID: 76561198393829004 Name: rubisbogdan Character: BodyaBich Ping: 144
PlayerID: 76561198322934559 Name: @& утка про  &@ Character: yesjop Ping: 78
PlayerID: 76561198328119181 Name: Fex Character: Fex Ping: 42
PlayerID: 76561198347057860 Name: PhantoM Character: ResonZ Ping: 42
PlayerID: 76561198147477828 Name: galbatsovmikail Character: galbatsovmikail Ping: 46
PlayerID: 76561198350260924 Name: Спартанец Character: дима Ping: 164
PlayerID: 76561198345092267 Name: demid3450 Character: [гл террористов] демид журавлёв Ping: 125
PlayerID: 76561198262878051 Name: Kolder Character: Kolder Ping: 50
PlayerID: 76561198323972058 Name: GALAXY`S PINGUIN Character: зомби Ping: 66
PlayerID: 76561198137518896 Name: fitman Character: fitman Ping: 31
PlayerID: 76561198369248070 Name: Ali Character: Ali Ping: 125
PlayerID: 76561198395164086 Name: vikafilha Character: vikafilha Ping: 167
PlayerID: 76561198368128006 Name: Aibek Character: 3o/loToN_Akym Ping: 97

END with Players:
Client has executed command "bans"

TimerTerminateCommand.Enabled with Bans:
Bans:
PlayerID: 76561198274427357
JudgeID: 0
Reason: you were vote kicked Duration: 180 Remaining: 4294411248

TimerTerminateCommand.Enabled with Bans:
Client has executed command "say "Ya - admin""

END with Bans:
[World] [MODER]Stanat [Drakon]: "лол"

Не обработано: MessageAnnouncer >> Broadcast: Используйте /report [ник], чтобы отправить жалобу на игрока
MessageAnnouncer >> Broadcast: Используйте /report [ник], чтобы отправить жалобу на игрока

Не обработано: MessageAnnouncer >> Используйте /report [ник], чтобы отправить жалобу на игрока
MessageAnnouncer >> Используйте /report [ник], чтобы отправить жалобу на игрока

Client has executed command "players"

TimerTerminateCommand.Enabled with Players:
Players:
PlayerID: 76561198152563082 Name: Drakon Character: [MODER]Stanat Ping: 39
PlayerID: 76561198367661777 Name: Andrei888 Character: zmushko2002 Ping: 117
PlayerID: 76561198393829004 Name: rubisbogdan Character: BodyaBich Ping: 113
PlayerID: 76561198322934559 Name: @& утка про  &@ Character: yesjop Ping: 89
PlayerID: 76561198328119181 Name: Fex Character: Fex Ping: 35
PlayerID: 76561198347057860 Name: PhantoM Character: ResonZ Ping: 46
PlayerID: 76561198147477828 Name: galbatsovmikail Character: galbatsovmikail Ping: 46
PlayerID: 76561198350260924 Name: Спартанец Character: дима Ping: 160
PlayerID: 76561198345092267 Name: demid3450 Character: [гл террористов] демид журавлёв Ping: 140
PlayerID: 76561198262878051 Name: Kolder Character: Kolder Ping: 54
PlayerID: 76561198323972058 Name: GALAXY`S PINGUIN Character: зомби Ping: 54
PlayerID: 76561198137518896 Name: fitman Character: fitman Ping: 35
PlayerID: 76561198369248070 Name: Ali Character: Ali Ping: 144
PlayerID: 76561198395164086 Name: vikafilha Character: vikafilha Ping: 191
PlayerID: 76561198368128006 Name: Aibek Character: 3o/loToN_Akym Ping: 101

END with Players:
Client has executed command "bans"

TimerTerminateCommand.Enabled with Bans:
Bans:
PlayerID: 76561198274427357
JudgeID: 0
Reason: you were vote kicked Duration: 180 Remaining: 4294411228

TimerTerminateCommand.Enabled with Bans:
[World] zmushko2002 [Andrei888]: "/kit help"

END with Bans:
Client has executed command "say "y/""

Connecting: PlayerID: 76561198366549870 Name: Expert13372284200 Character: Expert1337

Client has executed command "players"

TimerTerminateCommand.Enabled with Players:
Players:
PlayerID: 76561198152563082 Name: Drakon Character: [MODER]Stanat Ping: 39
PlayerID: 76561198367661777 Name: Andrei888 Character: zmushko2002 Ping: 101
PlayerID: 76561198393829004 Name: rubisbogdan Character: BodyaBich Ping: 121
PlayerID: 76561198322934559 Name: @& утка про  &@ Character: yesjop Ping: 109
PlayerID: 76561198328119181 Name: Fex Character: Fex Ping: 46
PlayerID: 76561198347057860 Name: PhantoM Character: ResonZ Ping: 42
PlayerID: 76561198147477828 Name: galbatsovmikail Character: galbatsovmikail Ping: 58
PlayerID: 76561198350260924 Name: Спартанец Character: дима Ping: 164
PlayerID: 76561198345092267 Name: demid3450 Character: [гл террористов] демид журавлёв Ping: 136
PlayerID: 76561198262878051 Name: Kolder Character: Kolder Ping: 62
PlayerID: 76561198323972058 Name: GALAXY`S PINGUIN Character: зомби Ping: 70
PlayerID: 76561198137518896 Name: fitman Character: fitman Ping: 39
PlayerID: 76561198369248070 Name: Ali Character: Ali Ping: 132
PlayerID: 76561198395164086 Name: vikafilha Character: vikafilha Ping: 250
PlayerID: 76561198368128006 Name: Aibek Character: 3o/loToN_Akym Ping: 101
PlayerID: 76561198366549870 Name: Expert13372284200 Character: Expert1337 Ping: 175

END with Players:
Client has executed command "bans"

TimerTerminateCommand.Enabled with Bans:
Bans:
PlayerID: 76561198274427357
JudgeID: 0
Reason: you were vote kicked Duration: 180 Remaining: 4294411206

END with Bans:
Connecting: PlayerID: 76561198300352362 Name: Nikituhaha Character: Тащер от бога

[World] [гл террористов] демид журавлёв [demid3450]: "господи shadowstalker mk2  у кого"

Client has executed command "players"

TimerTerminateCommand.Enabled with Players:
Players:
PlayerID: 76561198152563082 Name: Drakon Character: [MODER]Stanat Ping: 46
PlayerID: 76561198367661777 Name: Andrei888 Character: zmushko2002 Ping: 97
PlayerID: 76561198393829004 Name: rubisbogdan Character: BodyaBich Ping: 136
PlayerID: 76561198322934559 Name: @& утка про  &@ Character: yesjop Ping: 93
PlayerID: 76561198328119181 Name: Fex Character: Fex Ping: 195
PlayerID: 76561198347057860 Name: PhantoM Character: ResonZ Ping: 58
PlayerID: 76561198147477828 Name: galbatsovmikail Character: galbatsovmikail Ping: 54
PlayerID: 76561198350260924 Name: Спартанец Character: дима Ping: 156
PlayerID: 76561198345092267 Name: demid3450 Character: [гл террористов] демид журавлёв Ping: 136
PlayerID: 76561198262878051 Name: Kolder Character: Kolder Ping: 58
PlayerID: 76561198323972058 Name: GALAXY`S PINGUIN Character: зомби Ping: 70
PlayerID: 76561198137518896 Name: fitman Character: fitman Ping: 35
PlayerID: 76561198369248070 Name: Ali Character: Ali Ping: 125
PlayerID: 76561198395164086 Name: vikafilha Character: vikafilha Ping: 167
PlayerID: 76561198368128006 Name: Aibek Character: 3o/loToN_Akym Ping: 101
PlayerID: 76561198366549870 Name: Expert13372284200 Character: Expert1337 Ping: 144
PlayerID: 76561198300352362 Name: Nikituhaha Character: Тащер от бога Ping: 54

END with Players:
Client has executed command "bans"

TimerTerminateCommand.Enabled with Bans:
Bans:
PlayerID: 76561198274427357
JudgeID: 0
Reason: you were vote kicked Duration: 180 Remaining: 4294411188

END with Bans:
[World] [MODER]Stanat [Drakon]: "у меня"

[World] Expert1337 [Expert13372284200]: "ты кто"

Client has executed command "players"

TimerTerminateCommand.Enabled with Players:
Players:
PlayerID: 76561198152563082 Name: Drakon Character: [MODER]Stanat Ping: 39
PlayerID: 76561198367661777 Name: Andrei888 Character: zmushko2002 Ping: 113
PlayerID: 76561198393829004 Name: rubisbogdan Character: BodyaBich Ping: 144
PlayerID: 76561198322934559 Name: @& утка про  &@ Character: yesjop Ping: 156
PlayerID: 76561198328119181 Name: Fex Character: Fex Ping: 39
PlayerID: 76561198347057860 Name: PhantoM Character: ResonZ Ping: 39
PlayerID: 76561198147477828 Name: galbatsovmikail Character: galbatsovmikail Ping: 42
PlayerID: 76561198350260924 Name: Спартанец Character: дима Ping: 152
PlayerID: 76561198345092267 Name: demid3450 Character: [гл террористов] демид журавлёв Ping: 128
PlayerID: 76561198262878051 Name: Kolder Character: Kolder Ping: 50
PlayerID: 76561198323972058 Name: GALAXY`S PINGUIN Character: зомби Ping: 74
PlayerID: 76561198137518896 Name: fitman Character: fitman Ping: 35
PlayerID: 76561198369248070 Name: Ali Character: Ali Ping: 113
PlayerID: 76561198395164086 Name: vikafilha Character: vikafilha Ping: 140
PlayerID: 76561198368128006 Name: Aibek Character: 3o/loToN_Akym Ping: 97
PlayerID: 76561198366549870 Name: Expert13372284200 Character: Expert1337 Ping: 144
PlayerID: 76561198300352362 Name: Nikituhaha Character: Тащер от бога Ping: 39

END with Players:
Client has executed command "bans"

TimerTerminateCommand.Enabled with Bans:
Bans:
PlayerID: 76561198274427357
JudgeID: 0
Reason: you were vote kicked Duration: 180 Remaining: 4294411168

END with Bans:
[World] zmushko2002 [Andrei888]: "слабоват дом"

Не обработано: DeathMessagesRemastered >> Broadcast: Тащер от бога has died due to an explosion of a vehicle!
DeathMessagesRemastered >> Broadcast: Тащер от бога has died due to an explosion of a vehicle!

Не обработано: Тащер от бога [Nikituhaha] was blown up by a vehicle!
Тащер от бога [Nikituhaha] was blown up by a vehicle!

Client has executed command "players"

TimerTerminateCommand.Enabled with Players:
Players:
PlayerID: 76561198152563082 Name: Drakon Character: [MODER]Stanat Ping: 39
PlayerID: 76561198367661777 Name: Andrei888 Character: zmushko2002 Ping: 128
PlayerID: 76561198393829004 Name: rubisbogdan Character: BodyaBich Ping: 160
PlayerID: 76561198322934559 Name: @& утка про  &@ Character: yesjop Ping: 109
PlayerID: 76561198328119181 Name: Fex Character: Fex Ping: 54
PlayerID: 76561198347057860 Name: PhantoM Character: ResonZ Ping: 58
PlayerID: 76561198147477828 Name: galbatsovmikail Character: galbatsovmikail Ping: 66
PlayerID: 76561198350260924 Name: Спартанец Character: дима Ping: 167
PlayerID: 76561198345092267 Name: demid3450 Character: [гл террористов] демид журавлёв Ping: 128
PlayerID: 76561198262878051 Name: Kolder Character: Kolder Ping: 58
PlayerID: 76561198323972058 Name: GALAXY`S PINGUIN Character: зомби Ping: 62
PlayerID: 76561198137518896 Name: fitman Character: fitman Ping: 31
PlayerID: 76561198369248070 Name: Ali Character: Ali Ping: 121
PlayerID: 76561198395164086 Name: vikafilha Character: vikafilha Ping: 121
PlayerID: 76561198368128006 Name: Aibek Character: 3o/loToN_Akym Ping: 93
PlayerID: 76561198366549870 Name: Expert13372284200 Character: Expert1337 Ping: 152
PlayerID: 76561198300352362 Name: Nikituhaha Character: Тащер от бога Ping: 62

TimerTerminateCommand.Enabled with Players:
[World] galbatsovmikail [galbatsovmikail]: "друг"

END with Players:
Client has executed command "bans"

TimerTerminateCommand.Enabled with Bans:
Bans:
PlayerID: 76561198274427357
JudgeID: 0
Reason: you were vote kicked Duration: 180 Remaining: 4294411146

END with Bans:
[World] Expert1337 [Expert13372284200]: "чей"

Client has executed command "say "Expert1337, na tebya zhaluyutsya""

Disconnecting: PlayerID: 76561198300352362 Name: Nikituhaha Character: Тащер от бога

Client has executed command "players"

TimerTerminateCommand.Enabled with Players:
Players:
PlayerID: 76561198152563082 Name: Drakon Character: [MODER]Stanat Ping: 35
PlayerID: 76561198367661777 Name: Andrei888 Character: zmushko2002 Ping: 117
PlayerID: 76561198393829004 Name: rubisbogdan Character: BodyaBich Ping: 164
PlayerID: 76561198322934559 Name: @& утка про  &@ Character: yesjop Ping: 78
PlayerID: 76561198328119181 Name: Fex Character: Fex Ping: 54
PlayerID: 76561198347057860 Name: PhantoM Character: ResonZ Ping: 39
PlayerID: 76561198147477828 Name: galbatsovmikail Character: galbatsovmikail Ping: 50
PlayerID: 76561198350260924 Name: Спартанец Character: дима Ping: 156
PlayerID: 76561198345092267 Name: demid3450 Character: [гл террористов] демид журавлёв Ping: 125
PlayerID: 76561198262878051 Name: Kolder Character: Kolder Ping: 54
PlayerID: 76561198323972058 Name: GALAXY`S PINGUIN Character: зомби Ping: 78
PlayerID: 76561198137518896 Name: fitman Character: fitman Ping: 31
PlayerID: 76561198369248070 Name: Ali Character: Ali Ping: 113
PlayerID: 76561198395164086 Name: vikafilha Character: vikafilha Ping: 136
PlayerID: 76561198368128006 Name: Aibek Character: 3o/loToN_Akym Ping: 97
PlayerID: 76561198366549870 Name: Expert13372284200 Character: Expert1337 Ping: 132

END with Players:
Client has executed command "bans"

TimerTerminateCommand.Enabled with Bans:
Bans:
PlayerID: 76561198274427357
JudgeID: 0
Reason: you were vote kicked Duration: 180 Remaining: 4294411128

END with Bans:
[World] Expert1337 [Expert13372284200]: "почему"

[World] yesjop [@& утка про  &@]: "/kits"
[World] zmushko2002 [Andrei888]: "да все ваши дома слабые"

[World] [MODER]Stanat [Drakon]: "/i 1443 9"

Не обработано: Дал [MODER]Stanat вещь 1443:9
Дал [MODER]Stanat вещь 1443:9

[World] zmushko2002 [Andrei888]: "кроме 3"

Не обработано: MessageAnnouncer >> Broadcast: Наберите /rules (/r) для просмотра правил
MessageAnnouncer >> Broadcast: Наберите /rules (/r) для просмотра правил

Не обработано: MessageAnnouncer >> Наберите /rules (/r) для просмотра правил
MessageAnnouncer >> Наберите /rules (/r) для просмотра правил

Client has executed command "say "Mol reydish', meshaesh' igrat'""

Client has executed command "players"

TimerTerminateCommand.Enabled with Players:
Players:
PlayerID: 76561198152563082 Name: Drakon Character: [MODER]Stanat Ping: 42
PlayerID: 76561198367661777 Name: Andrei888 Character: zmushko2002 Ping: 117
PlayerID: 76561198393829004 Name: rubisbogdan Character: BodyaBich Ping: 117
PlayerID: 76561198322934559 Name: @& утка про  &@ Character: yesjop Ping: 78
PlayerID: 76561198328119181 Name: Fex Character: Fex Ping: 58
PlayerID: 76561198347057860 Name: PhantoM Character: ResonZ Ping: 42
PlayerID: 76561198147477828 Name: galbatsovmikail Character: galbatsovmikail Ping: 62
PlayerID: 76561198350260924 Name: Спартанец Character: дима Ping: 152
PlayerID: 76561198345092267 Name: demid3450 Character: [гл террористов] демид журавлёв Ping: 183
PlayerID: 76561198262878051 Name: Kolder Character: Kolder Ping: 54
PlayerID: 76561198323972058 Name: GALAXY`S PINGUIN Character: зомби Ping: 58
PlayerID: 76561198137518896 Name: fitman Character: fitman Ping: 31
PlayerID: 76561198369248070 Name: Ali Character: Ali Ping: 117
PlayerID: 76561198395164086 Name: vikafilha Character: vikafilha Ping: 140
PlayerID: 76561198368128006 Name: Aibek Character: 3o/loToN_Akym Ping: 89
PlayerID: 76561198366549870 Name: Expert13372284200 Character: Expert1337 Ping: 140

TimerTerminateCommand.Enabled with Players:
[World] galbatsovmikail [galbatsovmikail]: "твой"

END with Players:
Client has executed command "bans"

TimerTerminateCommand.Enabled with Bans:
Bans:
PlayerID: 76561198274427357
JudgeID: 0
Reason: you were vote kicked Duration: 180 Remaining: 4294411107

END with Bans:
[World] [гл террористов] демид журавлёв [demid3450]: "zmushko ты меня чтоли зарейдил"

Connecting: PlayerID: 76561198294590010 Name: Ragnar Character: R4GN4R
[World] [гл террористов] демид журавлёв [demid3450]: "на heritage valley"

[World] yesjop [@& утка про  &@]: "/kit hqm"

[World] Expert1337 [Expert13372284200]: "прими группу"

[World] yesjop [@& утка про  &@]: "/hqm"

Client has executed command "players"

TimerTerminateCommand.Enabled with Players:
Players:
PlayerID: 76561198152563082 Name: Drakon Character: [MODER]Stanat Ping: 35
PlayerID: 76561198367661777 Name: Andrei888 Character: zmushko2002 Ping: 97
PlayerID: 76561198393829004 Name: rubisbogdan Character: BodyaBich Ping: 148
PlayerID: 76561198322934559 Name: @& утка про  &@ Character: yesjop Ping: 78
PlayerID: 76561198328119181 Name: Fex Character: Fex Ping: 50
PlayerID: 76561198347057860 Name: PhantoM Character: ResonZ Ping: 42
PlayerID: 76561198147477828 Name: galbatsovmikail Character: galbatsovmikail Ping: 42
PlayerID: 76561198350260924 Name: Спартанец Character: дима Ping: 148
PlayerID: 76561198345092267 Name: demid3450 Character: [гл террористов] демид журавлёв Ping: 125
PlayerID: 76561198262878051 Name: Kolder Character: Kolder Ping: 46
PlayerID: 76561198323972058 Name: GALAXY`S PINGUIN Character: зомби Ping: 54
PlayerID: 76561198137518896 Name: fitman Character: fitman Ping: 31
PlayerID: 76561198369248070 Name: Ali Character: Ali Ping: 113
PlayerID: 76561198395164086 Name: vikafilha Character: vikafilha Ping: 132
PlayerID: 76561198368128006 Name: Aibek Character: 3o/loToN_Akym Ping: 97
PlayerID: 76561198366549870 Name: Expert13372284200 Character: Expert1337 Ping: 136
PlayerID: 76561198294590010 Name: Ragnar Character: R4GN4R Ping: 97

TimerTerminateCommand.Enabled with Players:
[World] zmushko2002 [Andrei888]: "бл сразу я чтоли?"

END with Players:
Client has executed command "bans"

TimerTerminateCommand.Enabled with Bans:
Bans:
PlayerID: 76561198274427357
JudgeID: 0
Reason: you were vote kicked Duration: 180 Remaining: 4294411085

TimerTerminateCommand.Enabled with Bans:
[World] fitman [fitman]: "/kit help"

END with Bans:
[World] Expert1337 [Expert13372284200]: "группу прими"

[World] yesjop [@& утка про  &@]: "/kits"

[World] zmushko2002 [Andrei888]: "не я вас рейдил меня рейданули самого"

[World] galbatsovmikail [galbatsovmikail]: "ак"

[World] galbatsovmikail [galbatsovmikail]: "как"

Client has executed command "players"

TimerTerminateCommand.Enabled with Players:
Players:
PlayerID: 76561198152563082 Name: Drakon Character: [MODER]Stanat Ping: 46
PlayerID: 76561198367661777 Name: Andrei888 Character: zmushko2002 Ping: 93
PlayerID: 76561198393829004 Name: rubisbogdan Character: BodyaBich Ping: 136
PlayerID: 76561198322934559 Name: @& утка про  &@ Character: yesjop Ping: 74
PlayerID: 76561198328119181 Name: Fex Character: Fex Ping: 58
PlayerID: 76561198347057860 Name: PhantoM Character: ResonZ Ping: 54
PlayerID: 76561198147477828 Name: galbatsovmikail Character: galbatsovmikail Ping: 62
PlayerID: 76561198350260924 Name: Спартанец Character: дима Ping: 179
PlayerID: 76561198345092267 Name: demid3450 Character: [гл террористов] демид журавлёв Ping: 128
PlayerID: 76561198262878051 Name: Kolder Character: Kolder Ping: 58
PlayerID: 76561198323972058 Name: GALAXY`S PINGUIN Character: зомби Ping: 58
PlayerID: 76561198137518896 Name: fitman Character: fitman Ping: 35
PlayerID: 76561198369248070 Name: Ali Character: Ali Ping: 132
PlayerID: 76561198395164086 Name: vikafilha Character: vikafilha Ping: 117
PlayerID: 76561198368128006 Name: Aibek Character: 3o/loToN_Akym Ping: 89
PlayerID: 76561198366549870 Name: Expert13372284200 Character: Expert1337 Ping: 132
PlayerID: 76561198294590010 Name: Ragnar Character: R4GN4R Ping: 62

TimerTerminateCommand.Enabled with Players:
[World] yesjop [@& утка про  &@]: "/kit claim"

END with Players:
Client has executed command "bans"

TimerTerminateCommand.Enabled with Bans:
Bans:
PlayerID: 76561198274427357
JudgeID: 0
Reason: you were vote kicked Duration: 180 Remaining: 4294411064

TimerTerminateCommand.Enabled with Bans:
[World] Expert1337 [Expert13372284200]: "заходиш в карты и там группы"

END with Bans:
Connecting: PlayerID: 76561198352324575 Name: [THT] Kara Yemen Character: [QE] Kara Yemen

TimerTerminateCommand.Enabled with Players:
Client has executed command "players"
Players:
PlayerID: 76561198152563082 Name: Drakon Character: [MODER]Stanat Ping: 39
PlayerID: 76561198367661777 Name: Andrei888 Character: zmushko2002 Ping: 97
PlayerID: 76561198393829004 Name: rubisbogdan Character: BodyaBich Ping: 128
PlayerID: 76561198322934559 Name: @& утка про  &@ Character: yesjop Ping: 82
PlayerID: 76561198328119181 Name: Fex Character: Fex Ping: 58
PlayerID: 76561198347057860 Name: PhantoM Character: ResonZ Ping: 46
PlayerID: 76561198147477828 Name: galbatsovmikail Character: galbatsovmikail Ping: 50
PlayerID: 76561198350260924 Name: Спартанец Character: дима Ping: 156
PlayerID: 76561198345092267 Name: demid3450 Character: [гл террористов] демид журавлёв Ping: 281
PlayerID: 76561198262878051 Name: Kolder Character: Kolder Ping: 46
PlayerID: 76561198323972058 Name: GALAXY`S PINGUIN Character: зомби Ping: 62
PlayerID: 76561198137518896 Name: fitman Character: fitman Ping: 31
PlayerID: 76561198369248070 Name: Ali Character: Ali Ping: 121
PlayerID: 76561198395164086 Name: vikafilha Character: vikafilha Ping: 199
PlayerID: 76561198368128006 Name: Aibek Character: 3o/loToN_Akym Ping: 89
PlayerID: 76561198366549870 Name: Expert13372284200 Character: Expert1337 Ping: 152
PlayerID: 76561198294590010 Name: Ragnar Character: R4GN4R Ping: 58
PlayerID: 76561198352324575 Name: [THT] Kara Yemen Character: [QE] Kara Yemen Ping: 132

END with Players:
Client has executed command "bans"

TimerTerminateCommand.Enabled with Bans:
Bans:
PlayerID: 76561198274427357
JudgeID: 0
Reason: you were vote kicked Duration: 180 Remaining: 4294411043

END with Bans:
[World] Kolder [Kolder]: "lol"

Connecting: PlayerID: 76561198307052705 Name: SLAYER Character: SLAYER

Disconnecting: PlayerID: 76561198368128006 Name: Aibek Character: 3o/loToN_Akym

Client has executed command "players"

TimerTerminateCommand.Enabled with Players:
Players:
PlayerID: 76561198152563082 Name: Drakon Character: [MODER]Stanat Ping: 50
PlayerID: 76561198367661777 Name: Andrei888 Character: zmushko2002 Ping: 101
PlayerID: 76561198393829004 Name: rubisbogdan Character: BodyaBich Ping: 140
PlayerID: 76561198322934559 Name: @& утка про  &@ Character: yesjop Ping: 93
PlayerID: 76561198328119181 Name: Fex Character: Fex Ping: 66
PlayerID: 76561198347057860 Name: PhantoM Character: ResonZ Ping: 46
PlayerID: 76561198147477828 Name: galbatsovmikail Character: galbatsovmikail Ping: 62
PlayerID: 76561198350260924 Name: Спартанец Character: дима Ping: 160
PlayerID: 76561198345092267 Name: demid3450 Character: [гл террористов] демид журавлёв Ping: 121
PlayerID: 76561198262878051 Name: Kolder Character: Kolder Ping: 50
PlayerID: 76561198323972058 Name: GALAXY`S PINGUIN Character: зомби Ping: 66
PlayerID: 76561198137518896 Name: fitman Character: fitman Ping: 35
PlayerID: 76561198369248070 Name: Ali Character: Ali Ping: 125
PlayerID: 76561198395164086 Name: vikafilha Character: vikafilha Ping: 144
PlayerID: 76561198366549870 Name: Expert13372284200 Character: Expert1337 Ping: 140
PlayerID: 76561198294590010 Name: Ragnar Character: R4GN4R Ping: 66
PlayerID: 76561198352324575 Name: [THT] Kara Yemen Character: [QE] Kara Yemen Ping: 132
PlayerID: 76561198307052705 Name: SLAYER Character: SLAYER Ping: 132

TimerTerminateCommand.Enabled with Players:
[World] [QE] Kara Yemen [[THT] Kara Yemen]: "/tpa a"

TimerTerminateCommand.Enabled with Players:
[World] [QE] Kara Yemen [[THT] Kara Yemen]: "/kits"

TimerTerminateCommand.Enabled with Players:
[World] yesjop [@& утка про  &@]: "/tpa vika"

TimerTerminateCommand.Enabled with Players:
[World] Expert1337 [Expert13372284200]: "всё теперь ложи спальник"

TimerTerminateCommand.Enabled with Players:
[World] [MODER]Stanat [Drakon]: "ребят"
[World] [MODER]Stanat [Drakon]: "выб"

TimerTerminateCommand.Enabled with Players:
[World] SLAYER [SLAYER]: "/tpa kara"

END with Players:
Client has executed command "bans"

TimerTerminateCommand.Enabled with Bans:
Bans:
PlayerID: 76561198274427357
JudgeID: 0
Reason: you were vote kicked Duration: 180 Remaining: 4294411014

TimerTerminateCommand.Enabled with Bans:
[World] [MODER]Stanat [Drakon]: "шли от сюда"

TimerTerminateCommand.Enabled with Bans:
[World] [QE] Kara Yemen [[THT] Kara Yemen]: "/tpa a"

Не обработано: SLAYER moved x:-711.8715 y:55.00643(+16.3291) z:136.5881 in the last second (0.6322861)
TimerTerminateCommand.Enabled with Bans:
SLAYER moved x:-711.8715 y:55.00643(+16.3291) z:136.5881 in the last second (0.6322861)

TimerTerminateCommand.Enabled with Bans:
[World] [QE] Kara Yemen [[THT] Kara Yemen]: "/kits"

TimerTerminateCommand.Enabled with Bans:
[World] [MODER]Stanat [Drakon]: "вас рейданут"

TimerTerminateCommand.Enabled with Bans:
[World] [MODER]Stanat [Drakon]: "с военки"

TimerTerminateCommand.Enabled with Bans:
[World] [QE] Kara Yemen [[THT] Kara Yemen]: "/kit start"

END with Bans:
Client has executed command "players"

TimerTerminateCommand.Enabled with Players:
Players:
PlayerID: 76561198152563082 Name: Drakon Character: [MODER]Stanat Ping: 42
PlayerID: 76561198367661777 Name: Andrei888 Character: zmushko2002 Ping: 97
PlayerID: 76561198393829004 Name: rubisbogdan Character: BodyaBich Ping: 167
PlayerID: 76561198322934559 Name: @& утка про  &@ Character: yesjop Ping: 70
PlayerID: 76561198328119181 Name: Fex Character: Fex Ping: 50
PlayerID: 76561198347057860 Name: PhantoM Character: ResonZ Ping: 39
PlayerID: 76561198147477828 Name: galbatsovmikail Character: galbatsovmikail Ping: 50
PlayerID: 76561198350260924 Name: Спартанец Character: дима Ping: 167
PlayerID: 76561198345092267 Name: demid3450 Character: [гл террористов] демид журавлёв Ping: 128
PlayerID: 76561198262878051 Name: Kolder Character: Kolder Ping: 46
PlayerID: 76561198323972058 Name: GALAXY`S PINGUIN Character: зомби Ping: 66
PlayerID: 76561198137518896 Name: fitman Character: fitman Ping: 35
PlayerID: 76561198369248070 Name: Ali Character: Ali Ping: 128
PlayerID: 76561198395164086 Name: vikafilha Character: vikafilha Ping: 148
PlayerID: 76561198366549870 Name: Expert13372284200 Character: Expert1337 Ping: 132
PlayerID: 76561198294590010 Name: Ragnar Character: R4GN4R Ping: 58
PlayerID: 76561198352324575 Name: [THT] Kara Yemen Character: [QE] Kara Yemen Ping: 171
PlayerID: 76561198307052705 Name: SLAYER Character: SLAYER Ping: 125

TimerTerminateCommand.Enabled with Players:
[World] Expert1337 [Expert13372284200]: "кого"

TimerTerminateCommand.Enabled with Players:
[World] [MODER]Stanat [Drakon]: "показать как?"

END with Players:
Client has executed command "bans"

TimerTerminateCommand.Enabled with Bans:
Bans:
PlayerID: 76561198274427357
JudgeID: 0
Reason: you were vote kicked Duration: 180 Remaining: 4294411000

TimerTerminateCommand.Enabled with Bans:
[World] Ali [Ali]: "это кому?"

TimerTerminateCommand.Enabled with Bans:
[World] [MODER]Stanat [Drakon]: "вот этот дам"

TimerTerminateCommand.Enabled with Bans:
[World] zmushko2002 [Andrei888]: "зомбами"

END with Bans:
[World] [гл террористов] демид журавлёв [demid3450]: "зомби зарейдят"

Не обработано: MessageAnnouncer >> Broadcast: Добро пожаловать на HEMULGM.RU. Тут рады вам больше, чем на любом другом сервере!
MessageAnnouncer >> Broadcast: Добро пожаловать на HEMULGM.RU. Тут рады вам больше, чем на любом другом сервере!

Не обработано: MessageAnnouncer >> Добро пожаловать на HEMULGM.RU. Тут рады вам больше, чем на любом другом сервере!
MessageAnnouncer >> Добро пожаловать на HEMULGM.RU. Тут рады вам больше, чем на любом другом сервере!

[World] [MODER]Stanat [Drakon]: "да"

[World] zmushko2002 [Andrei888]: "изи же"

[World] SLAYER [SLAYER]: "/tpa a"

Client has executed command "players"

TimerTerminateCommand.Enabled with Players:
Players:
PlayerID: 76561198152563082 Name: Drakon Character: [MODER]Stanat Ping: 62
PlayerID: 76561198367661777 Name: Andrei888 Character: zmushko2002 Ping: 121
PlayerID: 76561198393829004 Name: rubisbogdan Character: BodyaBich Ping: 156
PlayerID: 76561198322934559 Name: @& утка про  &@ Character: yesjop Ping: 125
PlayerID: 76561198328119181 Name: Fex Character: Fex Ping: 58
PlayerID: 76561198347057860 Name: PhantoM Character: ResonZ Ping: 74
PlayerID: 76561198147477828 Name: galbatsovmikail Character: galbatsovmikail Ping: 74
PlayerID: 76561198350260924 Name: Спартанец Character: дима Ping: 160
PlayerID: 76561198345092267 Name: demid3450 Character: [гл террористов] демид журавлёв Ping: 136
PlayerID: 76561198262878051 Name: Kolder Character: Kolder Ping: 78
PlayerID: 76561198323972058 Name: GALAXY`S PINGUIN Character: зомби Ping: 93
PlayerID: 76561198137518896 Name: fitman Character: fitman Ping: 31
PlayerID: 76561198369248070 Name: Ali Character: Ali Ping: 136
PlayerID: 76561198395164086 Name: vikafilha Character: vikafilha Ping: 128
PlayerID: 76561198366549870 Name: Expert13372284200 Character: Expert1337 Ping: 136
PlayerID: 76561198294590010 Name: Ragnar Character: R4GN4R Ping: 74
PlayerID: 76561198352324575 Name: [THT] Kara Yemen Character: [QE] Kara Yemen Ping: 140
PlayerID: 76561198307052705 Name: SLAYER Character: SLAYER Ping: 128

TimerTerminateCommand.Enabled with Players:
[World] [MODER]Stanat [Drakon]: "зомбами сломаю просто"

END with Players:
Client has executed command "bans"

TimerTerminateCommand.Enabled with Bans:
[World] [MODER]Stanat [Drakon]: "и вс"
Bans:
PlayerID: 76561198274427357
JudgeID: 0
Reason: you were vote kicked Duration: 180 Remaining: 4294410982

END with Bans:
[World] [MODER]Stanat [Drakon]: "или через верх"

Не обработано: DeathMessagesRemastered >> Broadcast: fitman has been mauled by a zombie! 
DeathMessagesRemastered >> Broadcast: fitman has been mauled by a zombie! 

Не обработано: fitman [fitman] was mauled by a zombie!
fitman [fitman] was mauled by a zombie!

[World] [MODER]Stanat [Drakon]: "заберутся"

[World] Expert1337 [Expert13372284200]: "а кто тебя тпнул"

Client has executed command "players"

TimerTerminateCommand.Enabled with Players:
Players:
PlayerID: 76561198152563082 Name: Drakon Character: [MODER]Stanat Ping: 54
PlayerID: 76561198367661777 Name: Andrei888 Character: zmushko2002 Ping: 89
PlayerID: 76561198393829004 Name: rubisbogdan Character: BodyaBich Ping: 144
PlayerID: 76561198322934559 Name: @& утка про  &@ Character: yesjop Ping: 89
PlayerID: 76561198328119181 Name: Fex Character: Fex Ping: 66
PlayerID: 76561198347057860 Name: PhantoM Character: ResonZ Ping: 50
PlayerID: 76561198147477828 Name: galbatsovmikail Character: galbatsovmikail Ping: 42
PlayerID: 76561198350260924 Name: Спартанец Character: дима Ping: 160
PlayerID: 76561198345092267 Name: demid3450 Character: [гл террористов] демид журавлёв Ping: 128
PlayerID: 76561198262878051 Name: Kolder Character: Kolder Ping: 54
PlayerID: 76561198323972058 Name: GALAXY`S PINGUIN Character: зомби Ping: 85
PlayerID: 76561198137518896 Name: fitman Character: fitman Ping: 27
PlayerID: 76561198369248070 Name: Ali Character: Ali Ping: 144
PlayerID: 76561198395164086 Name: vikafilha Character: vikafilha Ping: 136
PlayerID: 76561198366549870 Name: Expert13372284200 Character: Expert1337 Ping: 144
PlayerID: 76561198294590010 Name: Ragnar Character: R4GN4R Ping: 66
PlayerID: 76561198352324575 Name: [THT] Kara Yemen Character: [QE] Kara Yemen Ping: 136
PlayerID: 76561198307052705 Name: SLAYER Character: SLAYER Ping: 136

END with Players:
Client has executed command "bans"

TimerTerminateCommand.Enabled with Bans:
Bans:
PlayerID: 76561198274427357
JudgeID: 0
Reason: you were vote kicked Duration: 180 Remaining: 4294410963

END with Bans:
[World] [гл террористов] демид журавлёв [demid3450]: "привет пидор"

[World] zmushko2002 [Andrei888]: "лан я на хом"

Disconnecting: PlayerID: 76561198352324575 Name: [THT] Kara Yemen Character: [QE] Kara Yemen

[World] [гл террористов] демид журавлёв [demid3450]: "/home"

Не обработано: [гл террористов] демид журавлёв moved x:-824.8892 y:78.19715(+39.71983) z:-566.1694 in the last second (0.05000305)
[гл террористов] демид журавлёв moved x:-824.8892 y:78.19715(+39.71983) z:-566.1694 in the last second (0.05000305)

[World] galbatsovmikail [galbatsovmikail]: "друг"

Client has executed command "players"

TimerTerminateCommand.Enabled with Players:
Players:
PlayerID: 76561198152563082 Name: Drakon Character: [MODER]Stanat Ping: 35
PlayerID: 76561198367661777 Name: Andrei888 Character: zmushko2002 Ping: 101
PlayerID: 76561198393829004 Name: rubisbogdan Character: BodyaBich Ping: 128
PlayerID: 76561198322934559 Name: @& утка про  &@ Character: yesjop Ping: 85
PlayerID: 76561198328119181 Name: Fex Character: Fex Ping: 46
PlayerID: 76561198347057860 Name: PhantoM Character: ResonZ Ping: 50
PlayerID: 76561198147477828 Name: galbatsovmikail Character: galbatsovmikail Ping: 46
PlayerID: 76561198350260924 Name: Спартанец Character: дима Ping: 152
PlayerID: 76561198345092267 Name: demid3450 Character: [гл террористов] демид журавлёв Ping: 128
PlayerID: 76561198262878051 Name: Kolder Character: Kolder Ping: 50
PlayerID: 76561198323972058 Name: GALAXY`S PINGUIN Character: зомби Ping: 62
PlayerID: 76561198137518896 Name: fitman Character: fitman Ping: 27
PlayerID: 76561198369248070 Name: Ali Character: Ali Ping: 121
PlayerID: 76561198395164086 Name: vikafilha Character: vikafilha Ping: 117
PlayerID: 76561198366549870 Name: Expert13372284200 Character: Expert1337 Ping: 136
PlayerID: 76561198294590010 Name: Ragnar Character: R4GN4R Ping: 62
PlayerID: 76561198307052705 Name: SLAYER Character: SLAYER Ping: 140

TimerTerminateCommand.Enabled with Players:
[World] Expert1337 [Expert13372284200]: "ник"

END with Players:
Client has executed command "bans"

TimerTerminateCommand.Enabled with Bans:
Bans:
PlayerID: 76561198274427357
JudgeID: 0
Reason: you were vote kicked Duration: 180 Remaining: 4294410942

END with Bans:
Connecting: PlayerID: 76561198381173735 Name: ingener_spring Character: ingener_spring

Client has executed command "players"

TimerTerminateCommand.Enabled with Players:
Players:
PlayerID: 76561198152563082 Name: Drakon Character: [MODER]Stanat Ping: 35
PlayerID: 76561198367661777 Name: Andrei888 Character: zmushko2002 Ping: 125
PlayerID: 76561198393829004 Name: rubisbogdan Character: BodyaBich Ping: 74
PlayerID: 76561198322934559 Name: @& утка про  &@ Character: yesjop Ping: 128
PlayerID: 76561198328119181 Name: Fex Character: Fex Ping: 58
PlayerID: 76561198347057860 Name: PhantoM Character: ResonZ Ping: 42
PlayerID: 76561198147477828 Name: galbatsovmikail Character: galbatsovmikail Ping: 50
PlayerID: 76561198350260924 Name: Спартанец Character: дима Ping: 164
PlayerID: 76561198345092267 Name: demid3450 Character: [гл террористов] демид журавлёв Ping: 140
PlayerID: 76561198262878051 Name: Kolder Character: Kolder Ping: 46
PlayerID: 76561198323972058 Name: GALAXY`S PINGUIN Character: зомби Ping: 54
PlayerID: 76561198137518896 Name: fitman Character: fitman Ping: 31
PlayerID: 76561198369248070 Name: Ali Character: Ali Ping: 121
PlayerID: 76561198395164086 Name: vikafilha Character: vikafilha Ping: 207
PlayerID: 76561198366549870 Name: Expert13372284200 Character: Expert1337 Ping: 125
PlayerID: 76561198294590010 Name: Ragnar Character: R4GN4R Ping: 62
PlayerID: 76561198307052705 Name: SLAYER Character: SLAYER Ping: 121
PlayerID: 76561198381173735 Name: ingener_spring Character: ingener_spring Ping: 265

END with Players:
Client has executed command "bans"

TimerTerminateCommand.Enabled with Bans:
Bans:
PlayerID: 76561198274427357
JudgeID: 0
Reason: you were vote kicked Duration: 180 Remaining: 4294410923

TimerTerminateCommand.Enabled with Bans:
Disconnecting: PlayerID: 76561198307052705 Name: SLAYER Character: SLAYER

END with Bans:
[World] Ali [Ali]: "Я думал это дружелюбный сервер"

[World] Expert1337 [Expert13372284200]: "ку"

[World] galbatsovmikail [galbatsovmikail]: "чето spring"

[World] ingener_spring [ingener_spring]: "ку"

Client has executed command "players"

TimerTerminateCommand.Enabled with Players:
Players:
PlayerID: 76561198152563082 Name: Drakon Character: [MODER]Stanat Ping: 46
PlayerID: 76561198367661777 Name: Andrei888 Character: zmushko2002 Ping: 93
PlayerID: 76561198393829004 Name: rubisbogdan Character: BodyaBich Ping: 136
PlayerID: 76561198322934559 Name: @& утка про  &@ Character: yesjop Ping: 82
PlayerID: 76561198328119181 Name: Fex Character: Fex Ping: 66
PlayerID: 76561198347057860 Name: PhantoM Character: ResonZ Ping: 42
PlayerID: 76561198147477828 Name: galbatsovmikail Character: galbatsovmikail Ping: 50
PlayerID: 76561198350260924 Name: Спартанец Character: дима Ping: 160
PlayerID: 76561198345092267 Name: demid3450 Character: [гл террористов] демид журавлёв Ping: 125
PlayerID: 76561198262878051 Name: Kolder Character: Kolder Ping: 50
PlayerID: 76561198323972058 Name: GALAXY`S PINGUIN Character: зомби Ping: 70
PlayerID: 76561198137518896 Name: fitman Character: fitman Ping: 35
PlayerID: 76561198369248070 Name: Ali Character: Ali Ping: 132
PlayerID: 76561198395164086 Name: vikafilha Character: vikafilha Ping: 117
PlayerID: 76561198366549870 Name: Expert13372284200 Character: Expert1337 Ping: 128
PlayerID: 76561198294590010 Name: Ragnar Character: R4GN4R Ping: 74
PlayerID: 76561198381173735 Name: ingener_spring Character: ingener_spring Ping: 140

END with Players:
Client has executed command "bans"

TimerTerminateCommand.Enabled with Bans:
Bans:
PlayerID: 76561198274427357
JudgeID: 0
Reason: you were vote kicked Duration: 180 Remaining: 4294410903

TimerTerminateCommand.Enabled with Bans:
[World] Expert1337 [Expert13372284200]: "ок"

TimerTerminateCommand.Enabled with Bans:
Connecting: PlayerID: 76561198368128006 Name: Aibek Character: Aibek

END with Bans:
[World] zmushko2002 [Andrei888]: "дак он дружелюбный"

[World] galbatsovmikail [galbatsovmikail]: "re ,hj"

[World] galbatsovmikail [galbatsovmikail]: "ку бро"

Client has executed command "players"

TimerTerminateCommand.Enabled with Players:
Players:
PlayerID: 76561198152563082 Name: Drakon Character: [MODER]Stanat Ping: 42
PlayerID: 76561198367661777 Name: Andrei888 Character: zmushko2002 Ping: 136
PlayerID: 76561198393829004 Name: rubisbogdan Character: BodyaBich Ping: 109
PlayerID: 76561198322934559 Name: @& утка про  &@ Character: yesjop Ping: 113
PlayerID: 76561198328119181 Name: Fex Character: Fex Ping: 66
PlayerID: 76561198347057860 Name: PhantoM Character: ResonZ Ping: 50
PlayerID: 76561198147477828 Name: galbatsovmikail Character: galbatsovmikail Ping: 54
PlayerID: 76561198350260924 Name: Спартанец Character: дима Ping: 167
PlayerID: 76561198345092267 Name: demid3450 Character: [гл террористов] демид журавлёв Ping: 183
PlayerID: 76561198262878051 Name: Kolder Character: Kolder Ping: 46
PlayerID: 76561198323972058 Name: GALAXY`S PINGUIN Character: зомби Ping: 93
PlayerID: 76561198137518896 Name: fitman Character: fitman Ping: 35
PlayerID: 76561198369248070 Name: Ali Character: Ali Ping: 136
PlayerID: 76561198395164086 Name: vikafilha Character: vikafilha Ping: 136
PlayerID: 76561198366549870 Name: Expert13372284200 Character: Expert1337 Ping: 136
PlayerID: 76561198294590010 Name: Ragnar Character: R4GN4R Ping: 70
PlayerID: 76561198381173735 Name: ingener_spring Character: ingener_spring Ping: 175
PlayerID: 76561198368128006 Name: Aibek Character: Aibek Ping: 125

END with Players:
Client has executed command "bans"

TimerTerminateCommand.Enabled with Bans:
Bans:
PlayerID: 76561198274427357
JudgeID: 0
Reason: you were vote kicked Duration: 180 Remaining: 4294410883

END with Bans:
