Не обработано: RocketRcon v2.4.8.0
RocketRcon v2.4.8.0

Client has executed command "players"

TimerTerminateCommand.Enabled with Players:
Players:
PlayerID: 76561198329269141 Name: Iliyas Character: Iliyas Ping: 99
PlayerID: 76561198130825409 Name: ya.maksim51 Character: ya.maksim51 Ping: 66
PlayerID: 76561198340683253 Name: mitin7373 Character: mitin7373 Ping: 124
PlayerID: 76561198278360341 Name: AcademeG Character: AcademeG Ping: 72
PlayerID: 76561198232631228 Name: alex115 Character: Charles o"brien Ping: 157
PlayerID: 76561198268161521 Name: DOMIK Character: Listiger_wolf2 Ping: 52
PlayerID: 76561198391815543 Name: dinorendulic03 Character: dinorendulic03 Ping: 124
PlayerID: 76561198326929390 Name: kuki Character: soliclukas Ping: 99
PlayerID: 76561198391968721 Name: knybdxn Character: knybdxn Ping: 336

END with Players:
Client has executed command "bans"

TimerTerminateCommand.Enabled with Bans:
Bans:
PlayerID: 76561198274427357
JudgeID: 0
Reason: you were vote kicked Duration: 180 Remaining: 4294117155

END with Bans:
Не обработано: MessageAnnouncer >> Broadcast: Наберите /kit claim, чтобы получить Claim Flag
MessageAnnouncer >> Broadcast: Наберите /kit claim, чтобы получить Claim Flag

Не обработано: MessageAnnouncer >> Наберите /kit claim, чтобы получить Claim Flag
MessageAnnouncer >> Наберите /kit claim, чтобы получить Claim Flag

Disconnecting: PlayerID: 76561198391968721 Name: knybdxn Character: knybdxn

Client has executed command "players"

TimerTerminateCommand.Enabled with Players:
Players:
PlayerID: 76561198329269141 Name: Iliyas Character: Iliyas Ping: 95
PlayerID: 76561198130825409 Name: ya.maksim51 Character: ya.maksim51 Ping: 144
PlayerID: 76561198340683253 Name: mitin7373 Character: mitin7373 Ping: 221
PlayerID: 76561198278360341 Name: AcademeG Character: AcademeG Ping: 81
PlayerID: 76561198232631228 Name: alex115 Character: Charles o"brien Ping: 154
PlayerID: 76561198268161521 Name: DOMIK Character: Listiger_wolf2 Ping: 53
PlayerID: 76561198391815543 Name: dinorendulic03 Character: dinorendulic03 Ping: 163
PlayerID: 76561198326929390 Name: kuki Character: soliclukas Ping: 107

END with Players:
Client has executed command "bans"

TimerTerminateCommand.Enabled with Bans:
Bans:
PlayerID: 76561198274427357
JudgeID: 0
Reason: you were vote kicked Duration: 180 Remaining: 4294117135

TimerTerminateCommand.Enabled with Bans:
Disconnecting: PlayerID: 76561198130825409 Name: ya.maksim51 Character: ya.maksim51

END with Bans:
[World] dinorendulic03 [dinorendulic03]: "kit claim"

Не обработано: DeathMessagesRemastered >> Broadcast: Charles o"brien has been mauled by a zombie! 
DeathMessagesRemastered >> Broadcast: Charles o"brien has been mauled by a zombie! 

Не обработано: Charles o"brien [alex115] was mauled by a zombie!
Charles o"brien [alex115] was mauled by a zombie!

Client has executed command "players"

TimerTerminateCommand.Enabled with Players:
Players:
PlayerID: 76561198329269141 Name: Iliyas Character: Iliyas Ping: 102
PlayerID: 76561198340683253 Name: mitin7373 Character: mitin7373 Ping: 112
PlayerID: 76561198278360341 Name: AcademeG Character: AcademeG Ping: 103
PlayerID: 76561198232631228 Name: alex115 Character: Charles o"brien Ping: 224
PlayerID: 76561198268161521 Name: DOMIK Character: Listiger_wolf2 Ping: 49
PlayerID: 76561198391815543 Name: dinorendulic03 Character: dinorendulic03 Ping: 162
PlayerID: 76561198326929390 Name: kuki Character: soliclukas Ping: 153

TimerTerminateCommand.Enabled with Players:
[World] soliclukas [kuki]: "/kit claim"

END with Players:
Client has executed command "bans"

TimerTerminateCommand.Enabled with Bans:
Bans:
PlayerID: 76561198274427357
JudgeID: 0
Reason: you were vote kicked Duration: 180 Remaining: 4294117114

END with Bans:
[World] dinorendulic03 [dinorendulic03]: "/kit claim"

[World] soliclukas [kuki]: "/kits"

Client has executed command "players"

TimerTerminateCommand.Enabled with Players:
Players:
PlayerID: 76561198329269141 Name: Iliyas Character: Iliyas Ping: 100
PlayerID: 76561198340683253 Name: mitin7373 Character: mitin7373 Ping: 87
PlayerID: 76561198278360341 Name: AcademeG Character: AcademeG Ping: 85
PlayerID: 76561198232631228 Name: alex115 Character: Charles o"brien Ping: 154
PlayerID: 76561198268161521 Name: DOMIK Character: Listiger_wolf2 Ping: 59
PlayerID: 76561198391815543 Name: dinorendulic03 Character: dinorendulic03 Ping: 144
PlayerID: 76561198326929390 Name: kuki Character: soliclukas Ping: 98

END with Players:
Client has executed command "bans"

TimerTerminateCommand.Enabled with Bans:
Bans:
PlayerID: 76561198274427357
JudgeID: 0
Reason: you were vote kicked Duration: 180 Remaining: 4294117095

END with Bans:
