19.07.2017 14:44:17: fx בכ סתוהום חמלבט! 
19.07.2017 15:10:53: evil killer בכ סתוהום חמלבט! 
19.07.2017 15:12:01: misha2005 טסע¸ך ךנמג‏!
19.07.2017 15:18:13: kannez_ בכ סתוהום חמלבט! 
19.07.2017 15:21:40: kannez_ טסע¸ך ךנמג‏!
19.07.2017 15:26:41: kannez_ טסע¸ך ךנמג‏!
19.07.2017 15:27:14: kannez_ בכ סתוהום חמלבט! 
19.07.2017 15:29:57: lapopopopopo1 בכ סתוהום חמלבט! 
19.07.2017 15:31:48: kannez_ בכ סתוהום חמלבט! 
19.07.2017 15:37:58: ּףנחטם מעמג טסע¸ך ךנמג‏!
19.07.2017 15:38:04: kannez_ בכ סתוהום חמלבט! 
19.07.2017 15:38:50: VSS^7'^4'^1' בכ סתוהום חמלבט! 
19.07.2017 15:40:45: Kizaru בכ סתוהום חמלבט! 
19.07.2017 15:42:19: KirilllE טסע¸ך ךנמג‏!
19.07.2017 15:42:32: Kizaru בכ סתוהום חמלבט! 
19.07.2017 16:06:24: k.kirillselin died of holding his breath for too long!
19.07.2017 16:11:57: ityjfg טסע¸ך ךנמג‏!
19.07.2017 16:16:13: ityjfg טסע¸ך ךנמג‏!
19.07.2017 16:17:13: ityjfg בכ סתוהום חמלבט! 
19.07.2017 16:46:55: Owl בכ סתוהום חמלבט! 
19.07.2017 16:47:06: Zybra בכ סתוהום חמלבט! 
19.07.2017 16:47:29: mulhamgalaxys טסע¸ך ךנמג‏!
19.07.2017 16:48:57: mulhamgalaxys טסע¸ך ךנמג‏!
19.07.2017 16:56:24: הוה ס עאןמנמל בכ סתוהום חמלבט! 
19.07.2017 16:59:10: הוה ס עאןמנמל בכ סתוהום חמלבט! 
19.07.2017 17:00:39: הוה ס עאןמנמל בכ סתוהום חמלבט! 
19.07.2017 17:21:27: kac.kow86 סמגונרטכ סףוצטה!
19.07.2017 17:26:47: kac.kow86 בכ סתוהום חמלבט! 
19.07.2017 17:30:57: Owl בכ סתוהום חמלבט! 
19.07.2017 17:43:14: Nolic בכ סתוהום חמלבט! 
19.07.2017 17:44:27: Nolic טסע¸ך ךנמג‏!
19.07.2017 17:45:59: ?Nervous? בכ סתוהום חמלבט! 
