Не обработано: RocketRcon v2.4.8.0
RocketRcon v2.4.8.0

TimerTerminateCommand.Enabled with Players:
Client has executed command "players"
Players:
PlayerID: 76561198165822970 Name: Indigo Character: Indigo Ping: 31
PlayerID: 76561198114070067 Name: Маг1стрЙ0да- Character: Samurai Ping: 39
PlayerID: 76561198305732269 Name: Owl Character: Owl Ping: 62
PlayerID: 76561198177412437 Name: korak Character: korak Ping: 125
PlayerID: 76561198293594446 Name: R_B_KOCMOCE Character: Lol-чик Ping: 109
PlayerID: 76561198392992149 Name: ivan.evdokimov.07 Character: ivan.evdokimov.07 Ping: 70
PlayerID: 76561198239840530 Name: BeToC Character: BeToC Ping: 85
PlayerID: 76561198366549870 Name: Expert13372284200 Character: [MODER]Expert1337 Ping: 140
PlayerID: 76561198280617288 Name: Незнаю какой придумать Character: Пипр Ping: 46
PlayerID: 76561198268966439 Name: Кама пуля Character: Кама Пуля Ping: 39
PlayerID: 76561198152466685 Name: Blaster006 Character: Blaster006 Ping: 62
PlayerID: 76561198364637089 Name: sin_orange_ Character: sin_orange_ Ping: 375
[World] [MODER]Expert1337 [Expert13372284200]: "ок"

Не обработано: [MODER]Expert1337 moved x:926.52 y:85.33029(+24.97121) z:512.7805 in the last second (0.09999847)
TimerTerminateCommand.Enabled with Players:
[World] [MODER]Expert1337 [Expert13372284200]: "/home"
[MODER]Expert1337 moved x:926.52 y:85.33029(+24.97121) z:512.7805 in the last second (0.09999847)

END with Players:
Client has executed command "bans"

TimerTerminateCommand.Enabled with Bans:
Bans:
PlayerID: 76561198274427357
JudgeID: 0
Reason: you were vote kicked Duration: 180 Remaining: 4294218759

END with Bans:
