[10/6/2017 3:37:25 PM] [Info] [registered] /admins (Rocket.Unturned.Commands.UnturnedCommands/admins)
[10/6/2017 3:37:25 PM] [Info] [registered] /airdrop (Rocket.Unturned.Commands.UnturnedCommands/airdrop)
[10/6/2017 3:37:25 PM] [Info] [registered] /ban (Rocket.Unturned.Commands.UnturnedCommands/ban)
[10/6/2017 3:37:25 PM] [Info] [registered] /bans (Rocket.Unturned.Commands.UnturnedCommands/bans)
[10/6/2017 3:37:25 PM] [Info] [registered] /bind (Rocket.Unturned.Commands.UnturnedCommands/bind)
[10/6/2017 3:37:25 PM] [Info] [registered] /chatrate (Rocket.Unturned.Commands.UnturnedCommands/chatrate)
[10/6/2017 3:37:25 PM] [Info] [registered] /cheats (Rocket.Unturned.Commands.UnturnedCommands/cheats)
[10/6/2017 3:37:25 PM] [Info] [registered] /cycle (Rocket.Unturned.Commands.UnturnedCommands/cycle)
[10/6/2017 3:37:25 PM] [Info] [registered] /day (Rocket.Unturned.Commands.UnturnedCommands/day)
[10/6/2017 3:37:25 PM] [Info] [registered] /debug (Rocket.Unturned.Commands.UnturnedCommands/debug)
[10/6/2017 3:37:25 PM] [Info] [registered] /experience (Rocket.Unturned.Commands.UnturnedCommands/experience)
[10/6/2017 3:37:25 PM] [Info] [registered] /filter (Rocket.Unturned.Commands.UnturnedCommands/filter)
[10/6/2017 3:37:25 PM] [Info] [registered] /flag (Rocket.Unturned.Commands.UnturnedCommands/flag)
[10/6/2017 3:37:25 PM] [Info] [registered] /gamemode (Rocket.Unturned.Commands.UnturnedCommands/gamemode)
[10/6/2017 3:37:25 PM] [Info] [registered] /give (Rocket.Unturned.Commands.UnturnedCommands/give)
[10/6/2017 3:37:25 PM] [Info] [registered] /gold (Rocket.Unturned.Commands.UnturnedCommands/gold)
[10/6/2017 3:37:25 PM] [Info] [registered] /hide_admins (Rocket.Unturned.Commands.UnturnedCommands/hide_admins)
[10/6/2017 3:37:25 PM] [Info] [registered] /kick (Rocket.Unturned.Commands.UnturnedCommands/kick)
[10/6/2017 3:37:25 PM] [Info] [registered] /kill (Rocket.Unturned.Commands.UnturnedCommands/kill)
[10/6/2017 3:37:25 PM] [Info] [registered] /loadout (Rocket.Unturned.Commands.UnturnedCommands/loadout)
[10/6/2017 3:37:25 PM] [Info] [registered] /log (Rocket.Unturned.Commands.UnturnedCommands/log)
[10/6/2017 3:37:25 PM] [Info] [registered] /map (Rocket.Unturned.Commands.UnturnedCommands/map)
[10/6/2017 3:37:25 PM] [Info] [registered] /maxplayers (Rocket.Unturned.Commands.UnturnedCommands/maxplayers)
[10/6/2017 3:37:25 PM] [Info] [registered] /mode (Rocket.Unturned.Commands.UnturnedCommands/mode)
[10/6/2017 3:37:25 PM] [Info] [registered] /modules (Rocket.Unturned.Commands.UnturnedCommands/modules)
[10/6/2017 3:37:25 PM] [Info] [registered] /name (Rocket.Unturned.Commands.UnturnedCommands/name)
[10/6/2017 3:37:25 PM] [Info] [registered] /night (Rocket.Unturned.Commands.UnturnedCommands/night)
[10/6/2017 3:37:25 PM] [Info] [registered] /owner (Rocket.Unturned.Commands.UnturnedCommands/owner)
[10/6/2017 3:37:25 PM] [Info] [registered] /password (Rocket.Unturned.Commands.UnturnedCommands/password)
[10/6/2017 3:37:25 PM] [Info] [registered] /permit (Rocket.Unturned.Commands.UnturnedCommands/permit)
[10/6/2017 3:37:25 PM] [Info] [registered] /permits (Rocket.Unturned.Commands.UnturnedCommands/permits)
[10/6/2017 3:37:25 PM] [Info] [registered] /perspective (Rocket.Unturned.Commands.UnturnedCommands/perspective)
[10/6/2017 3:37:25 PM] [Info] [registered] /players (Rocket.Unturned.Commands.UnturnedCommands/players)
[10/6/2017 3:37:25 PM] [Info] [registered] /port (Rocket.Unturned.Commands.UnturnedCommands/port)
[10/6/2017 3:37:25 PM] [Info] [registered] /pve (Rocket.Unturned.Commands.UnturnedCommands/pve)
[10/6/2017 3:37:25 PM] [Info] [registered] /quest (Rocket.Unturned.Commands.UnturnedCommands/quest)
[10/6/2017 3:37:25 PM] [Info] [registered] /queue_size (Rocket.Unturned.Commands.UnturnedCommands/queue_size)
[10/6/2017 3:37:25 PM] [Info] [registered] /reputation (Rocket.Unturned.Commands.UnturnedCommands/reputation)
[10/6/2017 3:37:25 PM] [Info] [registered] /resetconfig (Rocket.Unturned.Commands.UnturnedCommands/resetconfig)
[10/6/2017 3:37:25 PM] [Info] [registered] /save (Rocket.Unturned.Commands.UnturnedCommands/save)
[10/6/2017 3:37:25 PM] [Info] [registered] /say (Rocket.Unturned.Commands.UnturnedCommands/say)
[10/6/2017 3:37:25 PM] [Info] [registered] /shutdown (Rocket.Unturned.Commands.UnturnedCommands/shutdown)
[10/6/2017 3:37:25 PM] [Info] [registered] /slay (Rocket.Unturned.Commands.UnturnedCommands/slay)
[10/6/2017 3:37:25 PM] [Info] [registered] /spy (Rocket.Unturned.Commands.UnturnedCommands/spy)
[10/6/2017 3:37:25 PM] [Info] [registered] /sync (Rocket.Unturned.Commands.UnturnedCommands/sync)
[10/6/2017 3:37:25 PM] [Info] [registered] /teleport (Rocket.Unturned.Commands.UnturnedCommands/teleport)
[10/6/2017 3:37:25 PM] [Info] [registered] /time (Rocket.Unturned.Commands.UnturnedCommands/time)
[10/6/2017 3:37:25 PM] [Info] [registered] /timeout (Rocket.Unturned.Commands.UnturnedCommands/timeout)
[10/6/2017 3:37:25 PM] [Info] [registered] /unban (Rocket.Unturned.Commands.UnturnedCommands/unban)
[10/6/2017 3:37:25 PM] [Info] [registered] /unpermit (Rocket.Unturned.Commands.UnturnedCommands/unpermit)
[10/6/2017 3:37:25 PM] [Info] [registered] /vehicle (Rocket.Unturned.Commands.UnturnedCommands/vehicle)
[10/6/2017 3:37:25 PM] [Info] [registered] /votify (Rocket.Unturned.Commands.UnturnedCommands/votify)
[10/6/2017 3:37:25 PM] [Info] [registered] /weather (Rocket.Unturned.Commands.UnturnedCommands/weather)
[10/6/2017 3:37:25 PM] [Info] [registered] /welcome (Rocket.Unturned.Commands.UnturnedCommands/welcome)
[10/6/2017 3:37:25 PM] [Info] [registered] /whitelisted (Rocket.Unturned.Commands.UnturnedCommands/whitelisted)
[10/6/2017 3:37:25 PM] [Info] [registered] /more (Rocket.Unturned.Commands.CommandMore/more)
[10/6/2017 3:37:25 PM] [Info] [registered] /admin (Rocket.Unturned.Commands.CommandAdmin/admin)
[10/6/2017 3:37:25 PM] [Info] [registered] /broadcast (Rocket.Unturned.Commands.CommandBroadcast/broadcast)
[10/6/2017 3:37:25 PM] [Info] [registered] /compass (Rocket.Unturned.Commands.CommandCompass/compass)
[10/6/2017 3:37:25 PM] [Info] [registered] /effect (Rocket.Unturned.Commands.CommandEffect/effect)
[10/6/2017 3:37:25 PM] [Info] [registered] /exit (Rocket.Unturned.Commands.CommandExit/exit)
[10/6/2017 3:37:25 PM] [Info] [registered] /god (Rocket.Unturned.Commands.CommandGod/god)
[10/6/2017 3:37:25 PM] [Info] [registered] /heal (Rocket.Unturned.Commands.CommandHeal/heal)
[10/6/2017 3:37:25 PM] [Info] [registered] /help (Rocket.Unturned.Commands.CommandHelp/help)
[10/6/2017 3:37:25 PM] [Info] [registered] /home (Rocket.Unturned.Commands.CommandHome/home)
[10/6/2017 3:37:25 PM] [Info] [registered] /i (Rocket.Unturned.Commands.CommandI/i)
[10/6/2017 3:37:25 PM] [Info] [registered] /item (Rocket.Unturned.Commands.CommandI/item)
[10/6/2017 3:37:25 PM] [Info] [registered] /investigate (Rocket.Unturned.Commands.CommandInvestigate/investigate)
[10/6/2017 3:37:25 PM] [Info] [registered] /p (Rocket.Unturned.Commands.CommandP/p)
[10/6/2017 3:37:25 PM] [Info] [registered] /permissions (Rocket.Unturned.Commands.CommandP/permissions)
[10/6/2017 3:37:25 PM] [Info] [registered] /rocket (Rocket.Unturned.Commands.CommandRocket/rocket)
[10/6/2017 3:37:25 PM] [Info] [registered] /tp (Rocket.Unturned.Commands.CommandTp/tp)
[10/6/2017 3:37:25 PM] [Info] [registered] /tphere (Rocket.Unturned.Commands.CommandTphere/tphere)
[10/6/2017 3:37:25 PM] [Info] [registered] /unadmin (Rocket.Unturned.Commands.CommandUnadmin/unadmin)
[10/6/2017 3:37:25 PM] [Info] [registered] /v (Rocket.Unturned.Commands.CommandV/v)
[10/6/2017 3:37:25 PM] [Info] [registered] /vanish (Rocket.Unturned.Commands.CommandVanish/vanish)
[10/6/2017 3:37:25 PM] [Info] This server will automatically save every 1800 seconds
[10/6/2017 3:37:26 PM] [Info] Steam servers ready!
[10/6/2017 3:37:26 PM] [Info] Workshop install folder: D:\unturned/Servers/Russia_HGM/Workshop/Steam
[10/6/2017 3:37:26 PM] [Info] Downloading 0 workshop items...
[10/6/2017 3:37:26 PM] [Info] General: Survival
[10/6/2017 3:37:28 PM] [Info] Loading level: 8%
[10/6/2017 3:37:29 PM] [Info] Loading level: 16%
[10/6/2017 3:37:30 PM] [Info] Loading level: 25%
[10/6/2017 3:37:30 PM] [Info] Loading level: 33%
[10/6/2017 3:37:30 PM] [Info] Loading level: 41%
[10/6/2017 3:37:30 PM] [Info] Loading level: 50%
[10/6/2017 3:37:30 PM] [Info] Loading level: 58%
[10/6/2017 3:37:30 PM] [Info] Loading level: 66%
[10/6/2017 3:37:30 PM] [Info] Loading level: 75%
[10/6/2017 3:37:30 PM] [Info] Loading level: 83%
[10/6/2017 3:37:30 PM] [Info] Loading level: 91%
[10/6/2017 3:37:30 PM] [Info] Loading level: 100%
[10/6/2017 3:38:36 PM] [Info] This command can't be called from console
